[0mGET /api/website/image/banner?type=0 [32m200[0m 192.340 ms - 523[0m
[0mGET /api/website/popular/category-list [32m200[0m 170.038 ms - 8161[0m
[0mGET /api/website/collection/list [32m200[0m 167.668 ms - 4602[0m
[0mGET /api/website/category/list [32m200[0m 184.037 ms - 30069[0m
[0mGET /api/website/flash-sale [32m200[0m 85.566 ms - 3203[0m
[0mGET /api/website/product/home-kitchen [32m200[0m 263.606 ms - 15246[0m
[0mGET /api/website/product/women-fashion [32m200[0m 263.077 ms - 7718[0m
[0mGET /api/website/product/men-fashion [32m200[0m 84.773 ms - 6402[0m
[0mGET /api/website/product?type=makeup [32m200[0m 90.542 ms - 3194[0m
[0mGET /api/website/product?type=shampoo [32m200[0m 89.073 ms - 6949[0m
[0mGET /api/website/product/new-arrival [32m200[0m 100.279 ms - 68077[0m
[0mGET /api/website/category/list [36m304[0m 104.031 ms - -[0m
[0mGET /api/website/catalog/category/search?queryString=shampoo [32m200[0m 112.463 ms - 1852[0m
[0mGET /api/website/catalog/product/search?filter_category=shampoo [32m200[0m 154.646 ms - 16246[0m
[0mGET /api/website/category/list [36m304[0m 66.817 ms - -[0m
[0mGET /api/website/category/list [36m304[0m 38.342 ms - -[0m
[0mGET /api/website/image/banner?type=0 [36m304[0m 47.208 ms - -[0m
[0mGET /api/website/collection/list [36m304[0m 35.167 ms - -[0m
[0mGET /api/website/popular/category-list [36m304[0m 43.076 ms - -[0m
[0mGET /api/website/flash-sale [36m304[0m 28.332 ms - -[0m
[0mGET /api/website/product/home-kitchen [36m304[0m 74.316 ms - -[0m
[0mGET /api/website/product/women-fashion [36m304[0m 76.314 ms - -[0m
[0mGET /api/website/product?type=makeup [36m304[0m 85.973 ms - -[0m
[0mGET /api/website/product/men-fashion [36m304[0m 68.188 ms - -[0m
[0mGET /api/website/product/new-arrival [36m304[0m 81.025 ms - -[0m
[0mGET /api/website/product?type=shampoo [36m304[0m 124.240 ms - -[0m
[0mGET /api/website/image/banner?type=0 [36m304[0m 31.402 ms - -[0m
[0mGET /api/website/popular/category-list [36m304[0m 35.276 ms - -[0m
[0mGET /api/website/collection/list [36m304[0m 33.805 ms - -[0m
[0mGET /api/website/category/list [36m304[0m 39.265 ms - -[0m
[0mGET /api/website/flash-sale [36m304[0m 25.387 ms - -[0m
[0mGET /api/website/product/women-fashion [36m304[0m 65.843 ms - -[0m
[0mGET /api/website/product/home-kitchen [36m304[0m 66.584 ms - -[0m
[0mGET /api/website/product/new-arrival [36m304[0m 44.652 ms - -[0m
[0mGET /api/website/product?type=makeup [36m304[0m 79.899 ms - -[0m
[0mGET /api/website/product/men-fashion [36m304[0m 72.242 ms - -[0m
[0mGET /api/website/product?type=shampoo [36m304[0m 75.633 ms - -[0m
[0mGET /api/website/image/banner?type=0 [32m200[0m 25.872 ms - 302[0m
[0mGET /api/website/popular/category-list [32m200[0m 43.718 ms - 8175[0m
[0mGET /api/website/collection/list [32m200[0m 42.834 ms - 4575[0m
[0mGET /api/website/category/list [32m200[0m 49.393 ms - 30055[0m
[0mGET /api/website/product/women-fashion [32m200[0m 76.400 ms - 7718[0m
[0mGET /api/website/product/home-kitchen [32m200[0m 84.894 ms - 15246[0m
[0mGET /api/website/product?type=makeup [32m200[0m 70.514 ms - 3194[0m
[0mGET /api/website/product/men-fashion [32m200[0m 37.154 ms - 6402[0m
[0mGET /api/website/flash-sale [32m200[0m 39.233 ms - 2276[0m
[0mGET /api/website/product?type=shampoo [32m200[0m 40.427 ms - 6949[0m
[0mGET /api/website/product/new-arrival [32m200[0m 21.389 ms - 68077[0m
[0mOPTIONS /api/customer/forget-password [32m204[0m 3.393 ms - 0[0m
[0mPOST /api/customer/forget-password [33m404[0m 68.175 ms - 33[0m
[0mOPTIONS /api/customer/forget-password [32m204[0m 1.107 ms - 0[0m
[0mPOST /api/customer/forget-password [33m404[0m 7.077 ms - 33[0m
[0mOPTIONS /api/customer/forget-password [32m204[0m 10.954 ms - 0[0m
[0mPOST /api/customer/forget-password [32m200[0m 33.442 ms - 101[0m
[0mOPTIONS /api/customer/reset-password [32m204[0m 1.518 ms - 0[0m
[0mPOST /api/customer/reset-password [32m200[0m 287.108 ms - 56[0m
[0mGET /api/website/image/banner?type=0 [36m304[0m 12.937 ms - -[0m
[0mGET /api/website/popular/category-list [36m304[0m 30.403 ms - -[0m
[0mGET /api/website/collection/list [36m304[0m 62.055 ms - -[0m
[0mGET /api/website/flash-sale [36m304[0m 55.271 ms - -[0m
[0mGET /api/website/product/women-fashion [36m304[0m 132.871 ms - -[0m
[0mGET /api/website/product/home-kitchen [36m304[0m 134.071 ms - -[0m
[0mGET /api/website/product/new-arrival [36m304[0m 91.526 ms - -[0m
[0mGET /api/website/product/men-fashion [36m304[0m 99.089 ms - -[0m
[0mGET /api/website/product?type=makeup [36m304[0m 158.138 ms - -[0m
[0mGET /api/website/product?type=shampoo [36m304[0m 137.226 ms - -[0m
[0mOPTIONS /api/customer/rootLogin [32m204[0m 0.774 ms - 0[0m
[0mPOST /api/customer/rootLogin [32m200[0m 254.097 ms - 229[0m
[0mOPTIONS /api/customer/getUserByEmailId [32m204[0m 0.307 ms - 0[0m
[0mGET /api/customer/getUserByEmailId [32m200[0m 15.436 ms - 196[0m
[0mOPTIONS /api/customer/getUserByEmailId [32m204[0m 3.337 ms - 0[0m
[0mOPTIONS /api/customer/getUserByEmailId [32m204[0m 0.415 ms - 0[0m
[0mGET /api/website/image/banner?type=0 [36m304[0m 43.307 ms - -[0m
[0mGET /api/website/category/list [36m304[0m 73.847 ms - -[0m
[0mGET /api/website/collection/list [36m304[0m 69.926 ms - -[0m
[0mGET /api/website/popular/category-list [36m304[0m 72.272 ms - -[0m
[0mGET /api/website/flash-sale [36m304[0m 53.365 ms - -[0m
[0mGET /api/website/product/women-fashion [36m304[0m 132.695 ms - -[0m
[0mGET /api/website/product/home-kitchen [36m304[0m 139.661 ms - -[0m
[0mGET /api/website/product/men-fashion [36m304[0m 59.367 ms - -[0m
[0mGET /api/website/product?type=makeup [36m304[0m 129.402 ms - -[0m
[0mGET /api/website/product?type=shampoo [36m304[0m 105.229 ms - -[0m
[0mGET /api/website/product/new-arrival [36m304[0m 113.720 ms - -[0m
[0mGET /api/customer/getUserByEmailId [36m304[0m 105.037 ms - -[0m
[0mGET /api/customer/getUserByEmailId [36m304[0m 3.346 ms - -[0m
[0mOPTIONS /api/customer/rootLogin [32m204[0m 0.910 ms - 0[0m
[0mPOST /api/customer/rootLogin [32m200[0m 279.594 ms - 229[0m
[0mOPTIONS /api/customer/getUserByEmailId [32m204[0m 0.289 ms - 0[0m
[0mGET /api/customer/getUserByEmailId [36m304[0m 10.437 ms - -[0m
[0mOPTIONS /api/customer/getUserByEmailId [32m204[0m 2.011 ms - 0[0m
[0mOPTIONS /api/customer/getUserByEmailId [32m204[0m 0.505 ms - 0[0m
[0mGET /api/website/image/banner?type=0 [36m304[0m 29.885 ms - -[0m
[0mGET /api/website/collection/list [36m304[0m 48.589 ms - -[0m
[0mGET /api/website/popular/category-list [36m304[0m 57.403 ms - -[0m
[0mGET /api/website/category/list [36m304[0m 76.621 ms - -[0m
[0mGET /api/website/product/home-kitchen [36m304[0m 82.756 ms - -[0m
[0mGET /api/website/flash-sale [36m304[0m 28.568 ms - -[0m
[0mGET /api/website/product/women-fashion [36m304[0m 88.115 ms - -[0m
[0mGET /api/website/product/new-arrival [36m304[0m 37.632 ms - -[0m
[0mGET /api/customer/getUserByEmailId [33m403[0m 23.811 ms - 36[0m
[0mGET /api/website/product?type=shampoo [36m304[0m 123.217 ms - -[0m
[0mGET /api/website/product/men-fashion [36m304[0m 57.764 ms - -[0m
[0mGET /api/customer/getUserByEmailId [33m403[0m 15.407 ms - 36[0m
[0mGET /api/website/product?type=makeup [36m304[0m 62.099 ms - -[0m
[0mGET /api/website/image/banner?type=0 [36m304[0m 23.983 ms - -[0m
[0mGET /api/website/collection/list [36m304[0m 45.038 ms - -[0m
[0mGET /api/website/popular/category-list [36m304[0m 46.228 ms - -[0m
[0mGET /api/website/category/list [36m304[0m 57.463 ms - -[0m
[0mGET /api/website/flash-sale [36m304[0m 19.994 ms - -[0m
[0mGET /api/website/product/home-kitchen [36m304[0m 74.576 ms - -[0m
[0mGET /api/website/product?type=makeup [36m304[0m 77.226 ms - -[0m
[0mGET /api/website/product/women-fashion [36m304[0m 44.657 ms - -[0m
[0mGET /api/website/product/new-arrival [36m304[0m 30.417 ms - -[0m
[0mGET /api/website/product/men-fashion [36m304[0m 53.786 ms - -[0m
[0mGET /api/website/product?type=shampoo [36m304[0m 55.210 ms - -[0m
[0mOPTIONS /api/customer/rootLogin [32m204[0m 0.733 ms - 0[0m
[0mPOST /api/customer/rootLogin [31m500[0m 6.148 ms - 34[0m
[0mOPTIONS /api/customer/forget-password [32m204[0m 0.646 ms - 0[0m
[0mPOST /api/customer/forget-password [33m404[0m 47.676 ms - 33[0m
[0mOPTIONS /api/customer/register [32m204[0m 0.528 ms - 0[0m
[0mPOST /api/customer/register [31m500[0m 248.986 ms - 34[0m
[0mOPTIONS /api/customer/register [32m204[0m 6.076 ms - 0[0m
[0mPOST /api/customer/register [31m500[0m 276.100 ms - 34[0m
[0mOPTIONS /api/customer/register [32m204[0m 2.182 ms - 0[0m
[0mPOST /api/customer/register [31m500[0m 2068.317 ms - 34[0m
[0mOPTIONS /api/customer/register [32m204[0m 5.621 ms - 0[0m
[0mPOST /api/customer/register [33m409[0m 276.457 ms - 59[0m
[0mOPTIONS /api/customer/register [32m204[0m 0.964 ms - 0[0m
[0mPOST /api/customer/register [33m409[0m 248.889 ms - 59[0m
[0mOPTIONS /api/customer/register [32m204[0m 0.970 ms - 0[0m
[0mPOST /api/customer/register [31m500[0m 1949.705 ms - 34[0m
[0mOPTIONS /api/customer/register [32m204[0m 5.339 ms - 0[0m
[0mPOST /api/customer/register [31m500[0m 1997.202 ms - 34[0m
[0mOPTIONS /api/customer/register [32m204[0m 6.129 ms - 0[0m
[0mPOST /api/customer/register [31m500[0m 2165.185 ms - 34[0m
[0mOPTIONS /api/customer/forget-password [32m204[0m 5.499 ms - 0[0m
[0mPOST /api/customer/forget-password [32m200[0m 26.457 ms - 101[0m
[0mOPTIONS /api/customer/reset-password [32m204[0m 1.453 ms - 0[0m
[0mPOST /api/customer/reset-password [32m200[0m 277.435 ms - 56[0m
[0mGET /api/website/image/banner?type=0 [36m304[0m 14.685 ms - -[0m
[0mGET /api/website/popular/category-list [36m304[0m 32.970 ms - -[0m
[0mGET /api/website/collection/list [36m304[0m 33.599 ms - -[0m
[0mGET /api/website/flash-sale [36m304[0m 36.864 ms - -[0m
[0mGET /api/website/product/new-arrival [36m304[0m 134.443 ms - -[0m
[0mGET /api/website/product/women-fashion [36m304[0m 186.614 ms - -[0m
[0mGET /api/website/product/home-kitchen [36m304[0m 187.500 ms - -[0m
[0mGET /api/website/product?type=makeup [36m304[0m 186.216 ms - -[0m
[0mGET /api/website/product/men-fashion [36m304[0m 145.053 ms - -[0m
[0mGET /api/website/product?type=shampoo [36m304[0m 159.403 ms - -[0m
[0mOPTIONS /api/customer/register [32m204[0m 3.076 ms - 0[0m
[0mPOST /api/customer/register [31m500[0m 1995.899 ms - 34[0m
[0mOPTIONS /api/customer/register [32m204[0m 6.602 ms - 0[0m
[0mPOST /api/customer/register [31m500[0m 1998.292 ms - 34[0m
[0mOPTIONS /api/customer/register [32m204[0m 7.540 ms - 0[0m
[0mPOST /api/customer/register [31m500[0m 1942.859 ms - 34[0m
[0mOPTIONS /api/customer/register [32m204[0m 1.105 ms - 0[0m
[0mPOST /api/customer/register [31m500[0m 1857.793 ms - 34[0m
[0mOPTIONS /api/customer/register [32m204[0m 2.292 ms - 0[0m
[0mPOST /api/customer/register [31m500[0m 2008.595 ms - 34[0m
[0mOPTIONS /api/customer/register [32m204[0m 6.711 ms - 0[0m
[0mPOST /api/customer/register [33m409[0m 278.881 ms - 59[0m
[0mOPTIONS /api/customer/register [32m204[0m 5.085 ms - 0[0m
[0mPOST /api/customer/register [32m200[0m 5034.801 ms - 56[0m
