[0mOPTIONS /api/auth/seller/profile-details [32m204[0m 1.260 ms - 0[0m
[0mOPTIONS /api/category/admin/main-list [32m204[0m 0.274 ms - 0[0m
[0mOPTIONS /api/seller/processor-list [32m204[0m 0.182 ms - 0[0m
[0mOPTIONS /api/seller/brand/list [32m204[0m 0.632 ms - 0[0m
[0mOPTIONS /api/product/color/list [32m204[0m 0.345 ms - 0[0m
[0mGET /api/auth/seller/profile-details [36m304[0m 20.266 ms - -[0m
[0mGET /api/seller/brand/list [36m304[0m 16.894 ms - -[0m
[0mGET /api/category/admin/main-list [36m304[0m 18.937 ms - -[0m
[0mGET /api/seller/processor-list [36m304[0m 18.056 ms - -[0m
[0mGET /api/product/color/list [36m304[0m 19.907 ms - -[0m
[0mOPTIONS /api/auth/seller/profile-details [32m204[0m 0.455 ms - 0[0m
[0mGET /api/auth/seller/profile-details [36m304[0m 2.773 ms - -[0m
[0mOPTIONS /api/category/admin/main-list [32m204[0m 1.004 ms - 0[0m
[0mOPTIONS /api/seller/processor-list [32m204[0m 0.262 ms - 0[0m
[0mOPTIONS /api/seller/brand/list [32m204[0m 0.249 ms - 0[0m
[0mOPTIONS /api/product/color/list [32m204[0m 0.131 ms - 0[0m
[0mGET /api/category/admin/main-list [36m304[0m 5.467 ms - -[0m
[0mGET /api/seller/processor-list [36m304[0m 5.352 ms - -[0m
[0mGET /api/product/color/list [36m304[0m 3.755 ms - -[0m
[0mGET /api/seller/brand/list [36m304[0m 8.270 ms - -[0m
[0mOPTIONS /api/auth/seller/profile-details [32m204[0m 1.411 ms - 0[0m
[0mOPTIONS /api/category/admin/main-list [32m204[0m 0.265 ms - 0[0m
[0mOPTIONS /api/seller/processor-list [32m204[0m 0.423 ms - 0[0m
[0mOPTIONS /api/seller/brand/list [32m204[0m 0.180 ms - 0[0m
[0mOPTIONS /api/product/color/list [32m204[0m 0.128 ms - 0[0m
[0mGET /api/auth/seller/profile-details [36m304[0m 26.570 ms - -[0m
[0mGET /api/category/admin/main-list [36m304[0m 17.451 ms - -[0m
[0mGET /api/product/color/list [36m304[0m 18.938 ms - -[0m
[0mGET /api/seller/processor-list [36m304[0m 21.874 ms - -[0m
[0mGET /api/seller/brand/list [36m304[0m 18.843 ms - -[0m
[0mOPTIONS /api/auth/seller/profile-details [32m204[0m 0.321 ms - 0[0m
[0mGET /api/auth/seller/profile-details [32m200[0m 3.838 ms - 150[0m
[0mOPTIONS /api/category/admin/main-list [32m204[0m 0.548 ms - 0[0m
[0mOPTIONS /api/seller/processor-list [32m204[0m 0.465 ms - 0[0m
[0mOPTIONS /api/seller/brand/list [32m204[0m 0.170 ms - 0[0m
[0mOPTIONS /api/product/color/list [32m204[0m 0.218 ms - 0[0m
[0mGET /api/category/admin/main-list [32m200[0m 7.142 ms - 1372[0m
[0mGET /api/seller/processor-list [32m200[0m 8.703 ms - 529[0m
[0mGET /api/seller/brand/list [32m200[0m 8.866 ms - 1694[0m
[0mGET /api/product/color/list [32m200[0m 6.902 ms - 1238[0m
[0mOPTIONS /api/auth/seller/profile-details [32m204[0m 1.155 ms - 0[0m
[0mOPTIONS /api/category/admin/main-list [32m204[0m 2.356 ms - 0[0m
[0mOPTIONS /api/seller/processor-list [32m204[0m 0.145 ms - 0[0m
[0mOPTIONS /api/seller/brand/list [32m204[0m 0.233 ms - 0[0m
[0mOPTIONS /api/product/color/list [32m204[0m 0.257 ms - 0[0m
[0mGET /api/auth/seller/profile-details [36m304[0m 20.305 ms - -[0m
[0mGET /api/seller/processor-list [36m304[0m 15.037 ms - -[0m
[0mGET /api/category/admin/main-list [36m304[0m 16.983 ms - -[0m
[0mGET /api/product/color/list [36m304[0m 15.693 ms - -[0m
[0mGET /api/seller/brand/list [36m304[0m 15.516 ms - -[0m
[0mOPTIONS /api/auth/seller/profile-details [32m204[0m 0.941 ms - 0[0m
[0mOPTIONS /api/category/admin/main-list [32m204[0m 0.252 ms - 0[0m
[0mOPTIONS /api/seller/brand/list [32m204[0m 0.698 ms - 0[0m
[0mOPTIONS /api/seller/processor-list [32m204[0m 0.126 ms - 0[0m
[0mOPTIONS /api/product/color/list [32m204[0m 0.157 ms - 0[0m
[0mGET /api/auth/seller/profile-details [36m304[0m 15.517 ms - -[0m
[0mGET /api/category/admin/main-list [36m304[0m 13.549 ms - -[0m
[0mGET /api/seller/brand/list [36m304[0m 12.146 ms - -[0m
[0mGET /api/seller/processor-list [36m304[0m 12.419 ms - -[0m
[0mGET /api/product/color/list [36m304[0m 11.826 ms - -[0m
[0mOPTIONS /api/auth/seller/profile-details [32m204[0m 1.581 ms - 0[0m
[0mOPTIONS /api/category/admin/main-list [32m204[0m 0.540 ms - 0[0m
[0mOPTIONS /api/seller/brand/list [32m204[0m 0.217 ms - 0[0m
[0mOPTIONS /api/seller/processor-list [32m204[0m 0.948 ms - 0[0m
[0mOPTIONS /api/product/color/list [32m204[0m 0.614 ms - 0[0m
[0mGET /api/auth/seller/profile-details [36m304[0m 27.356 ms - -[0m
[0mGET /api/seller/processor-list [36m304[0m 17.114 ms - -[0m
[0mGET /api/seller/brand/list [36m304[0m 18.316 ms - -[0m
[0mGET /api/category/admin/main-list [36m304[0m 17.604 ms - -[0m
[0mGET /api/product/color/list [36m304[0m 21.669 ms - -[0m
[0mOPTIONS /api/auth/seller/profile-details [32m204[0m 1.011 ms - 0[0m
[0mOPTIONS /api/category/admin/main-list [32m204[0m 0.303 ms - 0[0m
[0mOPTIONS /api/seller/processor-list [32m204[0m 0.157 ms - 0[0m
[0mGET /api/auth/seller/profile-details [36m304[0m 10.712 ms - -[0m
[0mOPTIONS /api/seller/brand/list [32m204[0m 0.169 ms - 0[0m
[0mOPTIONS /api/product/color/list [32m204[0m 0.312 ms - 0[0m
[0mGET /api/category/admin/main-list [36m304[0m 15.662 ms - -[0m
[0mGET /api/seller/processor-list [36m304[0m 15.193 ms - -[0m
[0mGET /api/seller/brand/list [36m304[0m 12.634 ms - -[0m
[0mGET /api/product/color/list [36m304[0m 12.467 ms - -[0m
[0mOPTIONS /api/auth/seller/profile-details [32m204[0m 0.979 ms - 0[0m
[0mOPTIONS /api/category/admin/main-list [32m204[0m 0.310 ms - 0[0m
[0mOPTIONS /api/seller/processor-list [32m204[0m 0.155 ms - 0[0m
[0mOPTIONS /api/seller/brand/list [32m204[0m 0.219 ms - 0[0m
[0mOPTIONS /api/product/color/list [32m204[0m 2.516 ms - 0[0m
[0mGET /api/auth/seller/profile-details [36m304[0m 17.110 ms - -[0m
[0mGET /api/seller/brand/list [36m304[0m 10.240 ms - -[0m
[0mGET /api/category/admin/main-list [36m304[0m 11.500 ms - -[0m
[0mGET /api/seller/processor-list [36m304[0m 10.330 ms - -[0m
[0mGET /api/product/color/list [36m304[0m 13.266 ms - -[0m
[0mOPTIONS /api/auth/seller/profile-details [32m204[0m 1.066 ms - 0[0m
[0mGET /api/auth/seller/profile-details [32m200[0m 8.580 ms - 150[0m
[0mOPTIONS /api/seller/processor-list [32m204[0m 0.255 ms - 0[0m
[0mOPTIONS /api/category/admin/main-list [32m204[0m 0.168 ms - 0[0m
[0mOPTIONS /api/seller/brand/list [32m204[0m 0.355 ms - 0[0m
[0mOPTIONS /api/product/color/list [32m204[0m 2.874 ms - 0[0m
[0mGET /api/seller/processor-list [32m200[0m 26.453 ms - 529[0m
[0mGET /api/seller/brand/list [32m200[0m 21.152 ms - 1694[0m
[0mGET /api/category/admin/main-list [32m200[0m 21.798 ms - 1372[0m
[0mGET /api/product/color/list [32m200[0m 17.153 ms - 1238[0m
[0mOPTIONS /api/auth/seller/profile-details [32m204[0m 2.447 ms - 0[0m
[0mOPTIONS /api/category/admin/main-list [32m204[0m 1.386 ms - 0[0m
[0mOPTIONS /api/seller/brand/list [32m204[0m 0.228 ms - 0[0m
[0mOPTIONS /api/seller/processor-list [32m204[0m 0.563 ms - 0[0m
[0mOPTIONS /api/product/color/list [32m204[0m 0.177 ms - 0[0m
[0mGET /api/auth/seller/profile-details [32m200[0m 23.360 ms - 150[0m
[0mGET /api/category/admin/main-list [32m200[0m 19.147 ms - 1372[0m
[0mGET /api/seller/brand/list [32m200[0m 17.307 ms - 1694[0m
[0mGET /api/product/color/list [32m200[0m 16.602 ms - 1238[0m
[0mGET /api/seller/processor-list [32m200[0m 17.877 ms - 529[0m
[0mOPTIONS /api/auth/seller/profile-details [32m204[0m 1.210 ms - 0[0m
[0mOPTIONS /api/category/admin/main-list [32m204[0m 0.290 ms - 0[0m
[0mOPTIONS /api/seller/processor-list [32m204[0m 0.142 ms - 0[0m
[0mOPTIONS /api/seller/brand/list [32m204[0m 0.122 ms - 0[0m
[0mOPTIONS /api/product/color/list [32m204[0m 0.152 ms - 0[0m
[0mGET /api/auth/seller/profile-details [36m304[0m 10.284 ms - -[0m
[0mGET /api/seller/processor-list [36m304[0m 11.016 ms - -[0m
[0mGET /api/category/admin/main-list [36m304[0m 12.972 ms - -[0m
[0mGET /api/product/color/list [36m304[0m 10.550 ms - -[0m
[0mGET /api/seller/brand/list [36m304[0m 12.318 ms - -[0m
[0mOPTIONS /api/auth/seller/profile-details [32m204[0m 4.892 ms - 0[0m
[0mOPTIONS /api/category/admin/main-list [32m204[0m 0.234 ms - 0[0m
[0mOPTIONS /api/seller/processor-list [32m204[0m 0.125 ms - 0[0m
[0mOPTIONS /api/seller/brand/list [32m204[0m 0.108 ms - 0[0m
[0mOPTIONS /api/product/color/list [32m204[0m 0.416 ms - 0[0m
[0mGET /api/auth/seller/profile-details [36m304[0m 13.720 ms - -[0m
[0mGET /api/seller/processor-list [36m304[0m 13.104 ms - -[0m
[0mGET /api/seller/brand/list [36m304[0m 12.026 ms - -[0m
[0mGET /api/category/admin/main-list [36m304[0m 14.240 ms - -[0m
[0mGET /api/product/color/list [36m304[0m 12.250 ms - -[0m
[0mOPTIONS /api/auth/seller/profile-details [32m204[0m 1.507 ms - 0[0m
[0mOPTIONS /api/category/admin/main-list [32m204[0m 0.359 ms - 0[0m
[0mOPTIONS /api/seller/processor-list [32m204[0m 0.598 ms - 0[0m
[0mOPTIONS /api/seller/brand/list [32m204[0m 0.259 ms - 0[0m
[0mOPTIONS /api/product/color/list [32m204[0m 0.666 ms - 0[0m
[0mGET /api/auth/seller/profile-details [36m304[0m 10.502 ms - -[0m
[0mGET /api/category/admin/main-list [36m304[0m 7.855 ms - -[0m
[0mGET /api/seller/processor-list [36m304[0m 9.011 ms - -[0m
[0mGET /api/product/color/list [36m304[0m 12.986 ms - -[0m
[0mGET /api/seller/brand/list [36m304[0m 12.730 ms - -[0m
[0mOPTIONS /api/auth/seller/profile-details [32m204[0m 4.335 ms - 0[0m
[0mOPTIONS /api/category/admin/main-list [32m204[0m 0.333 ms - 0[0m
[0mOPTIONS /api/seller/processor-list [32m204[0m 0.335 ms - 0[0m
[0mOPTIONS /api/seller/brand/list [32m204[0m 0.261 ms - 0[0m
[0mOPTIONS /api/product/color/list [32m204[0m 0.234 ms - 0[0m
[0mGET /api/auth/seller/profile-details [36m304[0m 16.301 ms - -[0m
[0mGET /api/category/admin/main-list [36m304[0m 10.108 ms - -[0m
[0mGET /api/seller/processor-list [36m304[0m 11.470 ms - -[0m
[0mGET /api/seller/brand/list [36m304[0m 8.688 ms - -[0m
[0mGET /api/product/color/list [36m304[0m 8.851 ms - -[0m
[0mOPTIONS /api/auth/seller/profile-details [32m204[0m 0.978 ms - 0[0m
[0mOPTIONS /api/category/admin/main-list [32m204[0m 0.324 ms - 0[0m
[0mOPTIONS /api/seller/processor-list [32m204[0m 0.242 ms - 0[0m
[0mOPTIONS /api/seller/brand/list [32m204[0m 0.469 ms - 0[0m
[0mOPTIONS /api/product/color/list [32m204[0m 0.155 ms - 0[0m
[0mGET /api/auth/seller/profile-details [36m304[0m 13.848 ms - -[0m
[0mGET /api/category/admin/main-list [36m304[0m 11.954 ms - -[0m
[0mGET /api/seller/processor-list [36m304[0m 6.939 ms - -[0m
[0mGET /api/seller/brand/list [36m304[0m 6.405 ms - -[0m
[0mGET /api/product/color/list [36m304[0m 6.761 ms - -[0m
[0mOPTIONS /api/auth/seller/profile-details [32m204[0m 0.906 ms - 0[0m
[0mOPTIONS /api/category/admin/main-list [32m204[0m 0.394 ms - 0[0m
[0mOPTIONS /api/seller/processor-list [32m204[0m 0.764 ms - 0[0m
[0mOPTIONS /api/seller/brand/list [32m204[0m 0.153 ms - 0[0m
[0mGET /api/auth/seller/profile-details [36m304[0m 8.990 ms - -[0m
[0mOPTIONS /api/product/color/list [32m204[0m 0.164 ms - 0[0m
[0mGET /api/category/admin/main-list [36m304[0m 8.371 ms - -[0m
[0mGET /api/seller/processor-list [36m304[0m 7.870 ms - -[0m
[0mGET /api/seller/brand/list [36m304[0m 6.933 ms - -[0m
[0mGET /api/product/color/list [36m304[0m 11.545 ms - -[0m
[0mOPTIONS /api/auth/seller/profile-details [32m204[0m 0.902 ms - 0[0m
[0mOPTIONS /api/category/admin/main-list [32m204[0m 0.430 ms - 0[0m
[0mOPTIONS /api/seller/processor-list [32m204[0m 0.217 ms - 0[0m
[0mOPTIONS /api/seller/brand/list [32m204[0m 0.244 ms - 0[0m
[0mOPTIONS /api/product/color/list [32m204[0m 0.288 ms - 0[0m
[0mGET /api/auth/seller/profile-details [36m304[0m 12.926 ms - -[0m
[0mGET /api/category/admin/main-list [36m304[0m 9.836 ms - -[0m
[0mGET /api/seller/processor-list [36m304[0m 8.821 ms - -[0m
[0mGET /api/seller/brand/list [36m304[0m 8.233 ms - -[0m
[0mGET /api/product/color/list [36m304[0m 8.768 ms - -[0m
[0mOPTIONS /api/auth/seller/profile-details [32m204[0m 1.094 ms - 0[0m
[0mOPTIONS /api/category/admin/main-list [32m204[0m 0.249 ms - 0[0m
[0mOPTIONS /api/seller/processor-list [32m204[0m 0.142 ms - 0[0m
[0mOPTIONS /api/seller/brand/list [32m204[0m 0.323 ms - 0[0m
[0mOPTIONS /api/product/color/list [32m204[0m 0.192 ms - 0[0m
[0mGET /api/auth/seller/profile-details [36m304[0m 13.201 ms - -[0m
[0mGET /api/seller/brand/list [36m304[0m 11.102 ms - -[0m
[0mGET /api/category/admin/main-list [36m304[0m 10.592 ms - -[0m
[0mGET /api/seller/processor-list [36m304[0m 13.415 ms - -[0m
[0mGET /api/product/color/list [36m304[0m 10.118 ms - -[0m
[0mOPTIONS /api/auth/seller/profile-details [32m204[0m 4.702 ms - 0[0m
[0mOPTIONS /api/category/admin/main-list [32m204[0m 0.256 ms - 0[0m
[0mOPTIONS /api/seller/processor-list [32m204[0m 0.425 ms - 0[0m
[0mOPTIONS /api/seller/brand/list [32m204[0m 0.174 ms - 0[0m
[0mOPTIONS /api/product/color/list [32m204[0m 0.194 ms - 0[0m
[0mGET /api/auth/seller/profile-details [36m304[0m 14.340 ms - -[0m
[0mGET /api/seller/brand/list [36m304[0m 12.565 ms - -[0m
[0mGET /api/seller/processor-list [36m304[0m 13.489 ms - -[0m
[0mGET /api/category/admin/main-list [36m304[0m 13.078 ms - -[0m
[0mGET /api/product/color/list [36m304[0m 8.591 ms - -[0m
[0mOPTIONS /api/auth/seller/profile-details [32m204[0m 0.297 ms - 0[0m
[0mGET /api/auth/seller/profile-details [36m304[0m 2.220 ms - -[0m
[0mOPTIONS /api/category/admin/main-list [32m204[0m 0.234 ms - 0[0m
[0mOPTIONS /api/seller/processor-list [32m204[0m 0.162 ms - 0[0m
[0mOPTIONS /api/seller/brand/list [32m204[0m 0.152 ms - 0[0m
[0mOPTIONS /api/product/color/list [32m204[0m 0.144 ms - 0[0m
[0mGET /api/seller/brand/list [36m304[0m 3.722 ms - -[0m
[0mGET /api/category/admin/main-list [36m304[0m 5.022 ms - -[0m
[0mGET /api/seller/processor-list [36m304[0m 4.686 ms - -[0m
[0mGET /api/product/color/list [36m304[0m 4.411 ms - -[0m
[0mOPTIONS /api/auth/seller/profile-details [32m204[0m 7.561 ms - 0[0m
[0mOPTIONS /api/category/admin/main-list [32m204[0m 0.269 ms - 0[0m
[0mOPTIONS /api/seller/brand/list [32m204[0m 0.214 ms - 0[0m
[0mOPTIONS /api/seller/processor-list [32m204[0m 1.063 ms - 0[0m
[0mOPTIONS /api/product/color/list [32m204[0m 0.148 ms - 0[0m
[0mGET /api/auth/seller/profile-details [36m304[0m 8.654 ms - -[0m
[0mGET /api/category/admin/main-list [36m304[0m 6.838 ms - -[0m
[0mGET /api/seller/brand/list [36m304[0m 10.335 ms - -[0m
[0mGET /api/product/color/list [36m304[0m 10.068 ms - -[0m
[0mGET /api/seller/processor-list [36m304[0m 11.033 ms - -[0m
[0mOPTIONS /api/auth/seller/profile-details [32m204[0m 1.343 ms - 0[0m
[0mOPTIONS /api/category/admin/main-list [32m204[0m 2.296 ms - 0[0m
[0mOPTIONS /api/seller/processor-list [32m204[0m 0.242 ms - 0[0m
[0mOPTIONS /api/seller/brand/list [32m204[0m 0.182 ms - 0[0m
[0mOPTIONS /api/product/color/list [32m204[0m 0.145 ms - 0[0m
[0mGET /api/auth/seller/profile-details [36m304[0m 30.361 ms - -[0m
[0mGET /api/category/admin/main-list [36m304[0m 22.709 ms - -[0m
[0mGET /api/seller/processor-list [36m304[0m 20.957 ms - -[0m
[0mGET /api/product/color/list [36m304[0m 13.054 ms - -[0m
[0mGET /api/seller/brand/list [36m304[0m 16.683 ms - -[0m
[0mOPTIONS /api/category/getAllSubCategory?categoryId=5 [32m204[0m 0.300 ms - 0[0m
[0mGET /api/category/getAllSubCategory?categoryId=5 [36m304[0m 7.855 ms - -[0m
[0mOPTIONS /api/category/getAllSubChildCategory?subcategoryId=3 [32m204[0m 0.539 ms - 0[0m
[0mGET /api/category/getAllSubChildCategory?subcategoryId=3 [36m304[0m 3.245 ms - -[0m
[0mOPTIONS /api/auth/seller/profile-details [32m204[0m 0.979 ms - 0[0m
[0mOPTIONS /api/category/admin/main-list [32m204[0m 0.262 ms - 0[0m
[0mOPTIONS /api/product/color/list [32m204[0m 0.158 ms - 0[0m
[0mOPTIONS /api/seller/processor-list [32m204[0m 0.176 ms - 0[0m
[0mOPTIONS /api/seller/brand/list [32m204[0m 0.132 ms - 0[0m
[0mGET /api/auth/seller/profile-details [36m304[0m 12.442 ms - -[0m
[0mGET /api/category/admin/main-list [36m304[0m 10.525 ms - -[0m
[0mGET /api/seller/brand/list [36m304[0m 9.179 ms - -[0m
[0mGET /api/product/color/list [36m304[0m 9.112 ms - -[0m
[0mGET /api/seller/processor-list [36m304[0m 9.917 ms - -[0m
[0mOPTIONS /api/auth/seller/profile-details [32m204[0m 8.094 ms - 0[0m
[0mOPTIONS /api/category/admin/main-list [32m204[0m 0.205 ms - 0[0m
[0mOPTIONS /api/seller/processor-list [32m204[0m 0.119 ms - 0[0m
[0mOPTIONS /api/seller/brand/list [32m204[0m 0.112 ms - 0[0m
[0mOPTIONS /api/product/color/list [32m204[0m 0.101 ms - 0[0m
[0mGET /api/auth/seller/profile-details [36m304[0m 11.746 ms - -[0m
[0mGET /api/category/admin/main-list [36m304[0m 9.538 ms - -[0m
[0mGET /api/seller/brand/list [36m304[0m 9.564 ms - -[0m
[0mGET /api/product/color/list [36m304[0m 9.265 ms - -[0m
[0mGET /api/seller/processor-list [36m304[0m 9.931 ms - -[0m
[0mOPTIONS /api/auth/seller/profile-details [32m204[0m 0.248 ms - 0[0m
[0mGET /api/auth/seller/profile-details [36m304[0m 1.850 ms - -[0m
[0mOPTIONS /api/category/admin/main-list [32m204[0m 0.361 ms - 0[0m
[0mOPTIONS /api/seller/processor-list [32m204[0m 0.319 ms - 0[0m
[0mOPTIONS /api/seller/brand/list [32m204[0m 0.146 ms - 0[0m
[0mOPTIONS /api/product/color/list [32m204[0m 0.169 ms - 0[0m
[0mGET /api/category/admin/main-list [36m304[0m 5.636 ms - -[0m
[0mGET /api/seller/brand/list [36m304[0m 4.769 ms - -[0m
[0mGET /api/seller/processor-list [36m304[0m 4.770 ms - -[0m
[0mGET /api/product/color/list [36m304[0m 5.040 ms - -[0m
[0mGET /api/auth/seller/profile-details [36m304[0m 3.451 ms - -[0m
[0mGET /api/category/admin/main-list [36m304[0m 3.286 ms - -[0m
[0mGET /api/seller/processor-list [36m304[0m 3.136 ms - -[0m
[0mGET /api/seller/brand/list [36m304[0m 2.948 ms - -[0m
[0mGET /api/product/color/list [36m304[0m 3.152 ms - -[0m
[0mOPTIONS /api/auth/seller/profile-details [32m204[0m 1.211 ms - 0[0m
[0mOPTIONS /api/category/admin/main-list [32m204[0m 0.236 ms - 0[0m
[0mOPTIONS /api/seller/processor-list [32m204[0m 0.163 ms - 0[0m
[0mOPTIONS /api/seller/brand/list [32m204[0m 0.118 ms - 0[0m
[0mOPTIONS /api/product/color/list [32m204[0m 0.222 ms - 0[0m
[0mGET /api/auth/seller/profile-details [36m304[0m 15.654 ms - -[0m
[0mGET /api/seller/processor-list [36m304[0m 10.769 ms - -[0m
[0mGET /api/category/admin/main-list [36m304[0m 12.446 ms - -[0m
[0mGET /api/product/color/list [36m304[0m 10.745 ms - -[0m
[0mGET /api/seller/brand/list [36m304[0m 11.893 ms - -[0m
[0mOPTIONS /api/category/getAllSubCategory?categoryId=5 [32m204[0m 6.404 ms - 0[0m
[0mGET /api/category/getAllSubCategory?categoryId=5 [36m304[0m 59.374 ms - -[0m
[0mOPTIONS /api/category/getAllSubChildCategory?subcategoryId=3 [32m204[0m 0.441 ms - 0[0m
[0mGET /api/category/getAllSubChildCategory?subcategoryId=3 [36m304[0m 2.719 ms - -[0m
[0mOPTIONS /api/seller/product/create [32m204[0m 3.472 ms - 0[0m
[0mPOST /api/seller/product/create [32m200[0m 155.656 ms - 71[0m
[0mOPTIONS /api/auth/seller/profile-details [32m204[0m 0.418 ms - 0[0m
[0mGET /api/auth/seller/profile-details [36m304[0m 3.753 ms - -[0m
[0mOPTIONS /api/auth/seller/profile-details [32m204[0m 1.819 ms - 0[0m
[0mGET /api/auth/seller/profile-details [36m304[0m 10.293 ms - -[0m
[0mOPTIONS /api/category/admin/main-list [32m204[0m 0.358 ms - 0[0m
[0mOPTIONS /api/seller/processor-list [32m204[0m 0.208 ms - 0[0m
[0mOPTIONS /api/seller/brand/list [32m204[0m 0.274 ms - 0[0m
[0mOPTIONS /api/product/color/list [32m204[0m 0.247 ms - 0[0m
[0mOPTIONS /api/seller/product/list [32m204[0m 0.265 ms - 0[0m
[0mPOST /api/seller/product/list [32m200[0m 27.186 ms - 7535[0m
[0mOPTIONS /api/auth/seller/profile-details [32m204[0m 0.262 ms - 0[0m
[0mOPTIONS /api/seller/product/list [32m204[0m 0.339 ms - 0[0m
[0mGET /api/auth/seller/profile-details [32m200[0m 8.078 ms - 150[0m
[0mPOST /api/seller/product/list [32m200[0m 12.028 ms - 7535[0m
[0mOPTIONS /api/auth/seller/profile-details [32m204[0m 0.506 ms - 0[0m
[0mGET /api/auth/seller/profile-details [36m304[0m 5.313 ms - -[0m
[0mOPTIONS /api/category/admin/main-list [32m204[0m 0.365 ms - 0[0m
[0mOPTIONS /api/seller/processor-list [32m204[0m 0.133 ms - 0[0m
[0mOPTIONS /api/seller/brand/list [32m204[0m 0.420 ms - 0[0m
[0mOPTIONS /api/product/color/list [32m204[0m 0.170 ms - 0[0m
[0mGET /api/category/admin/main-list [36m304[0m 8.113 ms - -[0m
[0mGET /api/seller/processor-list [36m304[0m 7.988 ms - -[0m
[0mGET /api/product/color/list [36m304[0m 9.102 ms - -[0m
[0mGET /api/seller/brand/list [36m304[0m 9.657 ms - -[0m
[0mOPTIONS /api/category/getAllSubCategory?categoryId=10 [32m204[0m 0.331 ms - 0[0m
[0mGET /api/category/getAllSubCategory?categoryId=10 [36m304[0m 2.517 ms - -[0m
[0mOPTIONS /api/category/getAllSubChildCategory?subcategoryId=11 [32m204[0m 0.402 ms - 0[0m
[0mGET /api/category/getAllSubChildCategory?subcategoryId=11 [36m304[0m 1.963 ms - -[0m
[0mOPTIONS /api/category/getAllSubCategory?categoryId=5 [32m204[0m 1.460 ms - 0[0m
[0mGET /api/category/getAllSubCategory?categoryId=5 [36m304[0m 11.263 ms - -[0m
[0mOPTIONS /api/category/getAllSubChildCategory?subcategoryId=3 [32m204[0m 0.383 ms - 0[0m
[0mGET /api/category/getAllSubChildCategory?subcategoryId=3 [36m304[0m 2.048 ms - -[0m
[0mGET /api/category/getAllSubChildCategory?subcategoryId=3 [36m304[0m 2.201 ms - -[0m
[0mOPTIONS /api/auth/seller/profile-details [32m204[0m 3.397 ms - 0[0m
[0mOPTIONS /api/category/admin/main-list [32m204[0m 0.288 ms - 0[0m
[0mOPTIONS /api/seller/processor-list [32m204[0m 0.126 ms - 0[0m
[0mOPTIONS /api/seller/brand/list [32m204[0m 0.153 ms - 0[0m
[0mOPTIONS /api/product/color/list [32m204[0m 0.170 ms - 0[0m
[0mGET /api/seller/processor-list [36m304[0m 33.468 ms - -[0m
[0mGET /api/auth/seller/profile-details [36m304[0m 50.467 ms - -[0m
[0mGET /api/category/admin/main-list [36m304[0m 36.382 ms - -[0m
[0mGET /api/product/color/list [36m304[0m 34.666 ms - -[0m
[0mGET /api/seller/brand/list [36m304[0m 34.103 ms - -[0m
[0mOPTIONS /api/category/getAllSubCategory?categoryId=10 [32m204[0m 0.459 ms - 0[0m
[0mGET /api/category/getAllSubCategory?categoryId=10 [36m304[0m 6.331 ms - -[0m
[0mOPTIONS /api/category/getAllSubChildCategory?subcategoryId=11 [32m204[0m 0.358 ms - 0[0m
[0mGET /api/category/getAllSubChildCategory?subcategoryId=11 [36m304[0m 1.882 ms - -[0m
[0mOPTIONS /api/seller/product/create [32m204[0m 19.480 ms - 0[0m
[0mPOST /api/seller/product/create [31m500[0m 108.924 ms - 2142[0m
[0mPOST /api/seller/product/create [31m500[0m 9.507 ms - 36[0m
[0mPOST /api/seller/product/create [31m500[0m 96.079 ms - 2145[0m
[0mPOST /api/seller/product/create [31m500[0m 82.833 ms - 2145[0m
[0mPOST /api/seller/product/create [31m500[0m 76.787 ms - 2409[0m
[0mPOST /api/seller/product/create [31m500[0m 71.796 ms - 2391[0m
[0mPOST /api/seller/product/create [31m500[0m 69.177 ms - 2391[0m
[0mPOST /api/seller/product/create [31m500[0m 86.943 ms - 2391[0m
[0mPOST /api/seller/product/create [31m500[0m 29.106 ms - 2421[0m
[0mPOST /api/seller/product/create [31m500[0m 12.653 ms - 2511[0m
[0mOPTIONS /api/auth/seller/profile-details [32m204[0m 3.162 ms - 0[0m
[0mOPTIONS /api/category/admin/main-list [32m204[0m 0.301 ms - 0[0m
[0mOPTIONS /api/seller/processor-list [32m204[0m 0.211 ms - 0[0m
[0mOPTIONS /api/seller/brand/list [32m204[0m 0.538 ms - 0[0m
[0mOPTIONS /api/product/color/list [32m204[0m 0.633 ms - 0[0m
[0mGET /api/auth/seller/profile-details [36m304[0m 25.790 ms - -[0m
[0mGET /api/category/admin/main-list [36m304[0m 23.583 ms - -[0m
[0mGET /api/seller/processor-list [36m304[0m 21.874 ms - -[0m
[0mGET /api/product/color/list [36m304[0m 20.988 ms - -[0m
[0mGET /api/seller/brand/list [36m304[0m 21.994 ms - -[0m
[0mOPTIONS /api/category/getAllSubCategory?categoryId=10 [32m204[0m 10.527 ms - 0[0m
[0mGET /api/category/getAllSubCategory?categoryId=10 [36m304[0m 62.359 ms - -[0m
[0mOPTIONS /api/category/getAllSubChildCategory?subcategoryId=11 [32m204[0m 0.663 ms - 0[0m
[0mGET /api/category/getAllSubChildCategory?subcategoryId=11 [36m304[0m 6.156 ms - -[0m
[0mOPTIONS /api/seller/product/create [32m204[0m 0.730 ms - 0[0m
[0mPOST /api/seller/product/create [31m500[0m 123.701 ms - 2588[0m
[0mPOST /api/seller/product/create [32m200[0m 41.107 ms - 71[0m
[0mPOST /api/seller/product/create [31m500[0m 65.378 ms - 2475[0m
[0mPOST /api/seller/product/create [32m200[0m 61.813 ms - 71[0m
[0mOPTIONS /api/auth/seller/profile-details [32m204[0m 1.320 ms - 0[0m
[0mOPTIONS /api/category/admin/main-list [32m204[0m 0.589 ms - 0[0m
[0mOPTIONS /api/seller/processor-list [32m204[0m 0.479 ms - 0[0m
[0mOPTIONS /api/seller/brand/list [32m204[0m 0.375 ms - 0[0m
[0mOPTIONS /api/product/color/list [32m204[0m 1.583 ms - 0[0m
[0mGET /api/auth/seller/profile-details [36m304[0m 19.955 ms - -[0m
[0mGET /api/category/admin/main-list [36m304[0m 18.883 ms - -[0m
[0mGET /api/seller/processor-list [36m304[0m 22.799 ms - -[0m
[0mGET /api/seller/brand/list [36m304[0m 19.314 ms - -[0m
[0mGET /api/product/color/list [36m304[0m 21.872 ms - -[0m
[0mOPTIONS /api/auth/seller/profile-details [32m204[0m 5.527 ms - 0[0m
[0mOPTIONS /api/category/admin/main-list [32m204[0m 1.304 ms - 0[0m
[0mOPTIONS /api/seller/processor-list [32m204[0m 0.268 ms - 0[0m
[0mOPTIONS /api/seller/brand/list [32m204[0m 0.174 ms - 0[0m
[0mOPTIONS /api/product/color/list [32m204[0m 0.222 ms - 0[0m
[0mGET /api/seller/processor-list [32m200[0m 31.152 ms - 529[0m
[0mGET /api/auth/seller/profile-details [32m200[0m 39.879 ms - 150[0m
[0mGET /api/category/admin/main-list [32m200[0m 35.260 ms - 1372[0m
[0mGET /api/product/color/list [32m200[0m 37.652 ms - 1238[0m
[0mGET /api/seller/brand/list [32m200[0m 40.761 ms - 1830[0m
[0mOPTIONS /api/auth/seller/profile-details [32m204[0m 1.464 ms - 0[0m
[0mOPTIONS /api/category/admin/main-list [32m204[0m 0.360 ms - 0[0m
[0mOPTIONS /api/seller/processor-list [32m204[0m 0.461 ms - 0[0m
[0mOPTIONS /api/seller/brand/list [32m204[0m 0.335 ms - 0[0m
[0mOPTIONS /api/product/color/list [32m204[0m 0.290 ms - 0[0m
[0mGET /api/auth/seller/profile-details [32m200[0m 25.899 ms - 150[0m
[0mGET /api/category/admin/main-list [32m200[0m 17.909 ms - 1372[0m
[0mGET /api/seller/processor-list [32m200[0m 16.875 ms - 529[0m
[0mGET /api/product/color/list [32m200[0m 17.218 ms - 1238[0m
[0mGET /api/seller/brand/list [32m200[0m 19.180 ms - 1830[0m
[0mOPTIONS /api/category/getAllSubCategory?categoryId=10 [32m204[0m 0.512 ms - 0[0m
[0mGET /api/category/getAllSubCategory?categoryId=10 [36m304[0m 17.532 ms - -[0m
[0mOPTIONS /api/category/getAllSubChildCategory?subcategoryId=11 [32m204[0m 1.424 ms - 0[0m
[0mGET /api/category/getAllSubChildCategory?subcategoryId=11 [36m304[0m 4.045 ms - -[0m
[0mOPTIONS /api/seller/product/create [32m204[0m 1.309 ms - 0[0m
[0mPOST /api/seller/product/create [32m200[0m 51.277 ms - 71[0m
[0mOPTIONS /api/auth/seller/profile-details [32m204[0m 0.545 ms - 0[0m
[0mOPTIONS /api/seller/product/list [32m204[0m 0.254 ms - 0[0m
[0mGET /api/auth/seller/profile-details [36m304[0m 10.353 ms - -[0m
[0mPOST /api/seller/product/list [32m200[0m 23.731 ms - 12200[0m
[0mOPTIONS /api/category/admin/main-list [32m204[0m 0.336 ms - 0[0m
[0mOPTIONS /api/seller/brand/list [32m204[0m 0.262 ms - 0[0m
[0mOPTIONS /api/product/color/list [32m204[0m 0.129 ms - 0[0m
[0mGET /api/category/admin/main-list [36m304[0m 5.836 ms - -[0m
[0mGET /api/product/color/list [36m304[0m 5.363 ms - -[0m
[0mGET /api/seller/brand/list [36m304[0m 8.027 ms - -[0m
[0mOPTIONS /api/seller/product/list-by-id [32m204[0m 0.245 ms - 0[0m
[0mPOST /api/seller/product/list-by-id [32m200[0m 6.160 ms - 147[0m
[0mOPTIONS /api/auth/seller/profile-details [32m204[0m 0.264 ms - 0[0m
[0mGET /api/auth/seller/profile-details [32m200[0m 3.841 ms - 150[0m
[0mOPTIONS /api/category/admin/main-list [32m204[0m 0.838 ms - 0[0m
[0mOPTIONS /api/seller/brand/list [32m204[0m 0.168 ms - 0[0m
[0mOPTIONS /api/product/color/list [32m204[0m 0.545 ms - 0[0m
[0mGET /api/seller/brand/list [32m200[0m 8.603 ms - 1830[0m
[0mGET /api/category/admin/main-list [32m200[0m 10.450 ms - 1372[0m
[0mGET /api/product/color/list [32m200[0m 9.447 ms - 1238[0m
[0mOPTIONS /api/seller/product/list-by-id [32m204[0m 0.336 ms - 0[0m
[0mPOST /api/seller/product/list-by-id [32m200[0m 4.898 ms - 147[0m
[0mOPTIONS /api/seller/product/list [32m204[0m 0.295 ms - 0[0m
[0mPOST /api/seller/product/list [32m200[0m 16.414 ms - 12200[0m
[0mOPTIONS /api/auth/seller/profile-details [32m204[0m 1.216 ms - 0[0m
[0mOPTIONS /api/seller/product/list [32m204[0m 0.211 ms - 0[0m
[0mGET /api/auth/seller/profile-details [36m304[0m 40.367 ms - -[0m
[0mPOST /api/seller/product/list [32m200[0m 53.070 ms - 12200[0m
[0mOPTIONS /api/auth/seller/profile-details [32m204[0m 2.756 ms - 0[0m
[0mOPTIONS /api/seller/product/list [32m204[0m 0.887 ms - 0[0m
[0mGET /api/auth/seller/profile-details [36m304[0m 31.532 ms - -[0m
[0mPOST /api/seller/product/list [32m200[0m 32.209 ms - 12200[0m
[0mOPTIONS /api/auth/seller/profile-details [32m204[0m 2.368 ms - 0[0m
[0mOPTIONS /api/seller/product/list [32m204[0m 0.478 ms - 0[0m
[0mGET /api/auth/seller/profile-details [36m304[0m 35.428 ms - -[0m
[0mPOST /api/seller/product/list [32m200[0m 44.058 ms - 12200[0m
[0mOPTIONS /api/auth/seller/profile-details [32m204[0m 1.094 ms - 0[0m
[0mOPTIONS /api/seller/product/list [32m204[0m 0.260 ms - 0[0m
[0mPOST /api/seller/product/list [32m200[0m 34.303 ms - 12200[0m
[0mGET /api/auth/seller/profile-details [36m304[0m 26.088 ms - -[0m
[0mOPTIONS /api/category/admin/main-list [32m204[0m 1.098 ms - 0[0m
[0mOPTIONS /api/seller/processor-list [32m204[0m 0.234 ms - 0[0m
[0mOPTIONS /api/seller/brand/list [32m204[0m 0.193 ms - 0[0m
[0mOPTIONS /api/product/color/list [32m204[0m 0.122 ms - 0[0m
[0mGET /api/category/admin/main-list [36m304[0m 11.279 ms - -[0m
[0mGET /api/seller/brand/list [36m304[0m 9.618 ms - -[0m
[0mGET /api/seller/processor-list [36m304[0m 8.939 ms - -[0m
[0mGET /api/product/color/list [36m304[0m 11.797 ms - -[0m
[0mOPTIONS /api/seller/product/list-by-id [32m204[0m 0.331 ms - 0[0m
[0mPOST /api/seller/product/list-by-id [32m200[0m 7.517 ms - 147[0m
[0mOPTIONS /api/auth/seller/profile-details [32m204[0m 1.337 ms - 0[0m
[0mOPTIONS /api/category/admin/main-list [32m204[0m 1.448 ms - 0[0m
[0mOPTIONS /api/seller/processor-list [32m204[0m 1.201 ms - 0[0m
[0mOPTIONS /api/seller/brand/list [32m204[0m 0.129 ms - 0[0m
[0mOPTIONS /api/product/color/list [32m204[0m 0.720 ms - 0[0m
[0mGET /api/auth/seller/profile-details [36m304[0m 18.230 ms - -[0m
[0mGET /api/category/admin/main-list [36m304[0m 10.522 ms - -[0m
[0mGET /api/seller/processor-list [36m304[0m 9.909 ms - -[0m
[0mGET /api/seller/brand/list [36m304[0m 14.184 ms - -[0m
[0mGET /api/product/color/list [36m304[0m 15.997 ms - -[0m
[0mOPTIONS /api/seller/product/list-by-id [32m204[0m 0.977 ms - 0[0m
[0mPOST /api/seller/product/list-by-id [32m200[0m 4.813 ms - 147[0m
[0mOPTIONS /api/auth/seller/profile-details [32m204[0m 1.063 ms - 0[0m
[0mOPTIONS /api/category/admin/main-list [32m204[0m 5.520 ms - 0[0m
[0mOPTIONS /api/seller/processor-list [32m204[0m 0.185 ms - 0[0m
[0mOPTIONS /api/seller/brand/list [32m204[0m 0.114 ms - 0[0m
[0mOPTIONS /api/product/color/list [32m204[0m 0.287 ms - 0[0m
[0mGET /api/auth/seller/profile-details [36m304[0m 15.931 ms - -[0m
[0mGET /api/category/admin/main-list [36m304[0m 9.087 ms - -[0m
[0mGET /api/seller/processor-list [36m304[0m 11.930 ms - -[0m
[0mOPTIONS /api/seller/product/list-by-id [32m204[0m 0.232 ms - 0[0m
[0mGET /api/seller/brand/list [36m304[0m 15.248 ms - -[0m
[0mGET /api/product/color/list [36m304[0m 18.373 ms - -[0m
[0mPOST /api/seller/product/list-by-id [32m200[0m 5.267 ms - 147[0m
[0mOPTIONS /api/auth/seller/profile-details [32m204[0m 0.881 ms - 0[0m
[0mOPTIONS /api/category/admin/main-list [32m204[0m 0.268 ms - 0[0m
[0mOPTIONS /api/seller/processor-list [32m204[0m 0.214 ms - 0[0m
[0mOPTIONS /api/seller/brand/list [32m204[0m 0.150 ms - 0[0m
[0mGET /api/auth/seller/profile-details [36m304[0m 11.598 ms - -[0m
[0mOPTIONS /api/product/color/list [32m204[0m 0.395 ms - 0[0m
[0mGET /api/category/admin/main-list [36m304[0m 15.942 ms - -[0m
[0mGET /api/seller/brand/list [36m304[0m 19.965 ms - -[0m
[0mGET /api/product/color/list [36m304[0m 20.789 ms - -[0m
[0mOPTIONS /api/seller/product/list-by-id [32m204[0m 0.372 ms - 0[0m
[0mGET /api/seller/processor-list [36m304[0m 23.145 ms - -[0m
[0mPOST /api/seller/product/list-by-id [32m200[0m 9.595 ms - 147[0m
[0mOPTIONS /api/auth/seller/profile-details [32m204[0m 1.108 ms - 0[0m
[0mOPTIONS /api/category/admin/main-list [32m204[0m 0.356 ms - 0[0m
[0mOPTIONS /api/seller/processor-list [32m204[0m 1.198 ms - 0[0m
[0mOPTIONS /api/seller/brand/list [32m204[0m 0.178 ms - 0[0m
[0mOPTIONS /api/product/color/list [32m204[0m 0.237 ms - 0[0m
[0mGET /api/auth/seller/profile-details [36m304[0m 17.191 ms - -[0m
[0mGET /api/category/admin/main-list [36m304[0m 11.896 ms - -[0m
[0mGET /api/seller/processor-list [36m304[0m 11.736 ms - -[0m
[0mGET /api/seller/brand/list [36m304[0m 10.070 ms - -[0m
[0mGET /api/product/color/list [36m304[0m 10.086 ms - -[0m
[0mOPTIONS /api/seller/product/list-by-id [32m204[0m 0.263 ms - 0[0m
[0mPOST /api/seller/product/list-by-id [32m200[0m 5.538 ms - 147[0m
[0mOPTIONS /api/auth/seller/profile-details [32m204[0m 1.300 ms - 0[0m
[0mOPTIONS /api/category/admin/main-list [32m204[0m 2.724 ms - 0[0m
[0mOPTIONS /api/seller/processor-list [32m204[0m 0.159 ms - 0[0m
[0mOPTIONS /api/seller/brand/list [32m204[0m 0.302 ms - 0[0m
[0mOPTIONS /api/product/color/list [32m204[0m 0.376 ms - 0[0m
[0mGET /api/auth/seller/profile-details [36m304[0m 14.599 ms - -[0m
[0mGET /api/category/admin/main-list [36m304[0m 10.351 ms - -[0m
[0mGET /api/seller/brand/list [36m304[0m 8.626 ms - -[0m
[0mGET /api/seller/processor-list [36m304[0m 11.600 ms - -[0m
[0mGET /api/product/color/list [36m304[0m 9.312 ms - -[0m
[0mOPTIONS /api/seller/product/list-by-id [32m204[0m 0.459 ms - 0[0m
[0mPOST /api/seller/product/list-by-id [32m200[0m 6.310 ms - 147[0m
[0mGET /api/auth/seller/profile-details [36m304[0m 10.187 ms - -[0m
[0mGET /api/category/admin/main-list [36m304[0m 6.605 ms - -[0m
[0mGET /api/seller/processor-list [36m304[0m 6.595 ms - -[0m
[0mGET /api/seller/brand/list [36m304[0m 8.008 ms - -[0m
[0mGET /api/product/color/list [36m304[0m 7.980 ms - -[0m
[0mPOST /api/seller/product/list-by-id [32m200[0m 4.175 ms - 147[0m
[0mOPTIONS /api/seller/product/update [32m204[0m 0.362 ms - 0[0m
[0mPUT /api/seller/product/update [32m200[0m 27.114 ms - 70[0m
[0mOPTIONS /api/auth/seller/profile-details [32m204[0m 1.167 ms - 0[0m
[0mOPTIONS /api/category/admin/main-list [32m204[0m 0.330 ms - 0[0m
[0mOPTIONS /api/seller/processor-list [32m204[0m 0.433 ms - 0[0m
[0mOPTIONS /api/seller/brand/list [32m204[0m 0.141 ms - 0[0m
[0mOPTIONS /api/product/color/list [32m204[0m 0.112 ms - 0[0m
[0mGET /api/auth/seller/profile-details [36m304[0m 9.467 ms - -[0m
[0mGET /api/category/admin/main-list [36m304[0m 13.412 ms - -[0m
[0mGET /api/seller/processor-list [36m304[0m 13.043 ms - -[0m
[0mGET /api/seller/brand/list [36m304[0m 11.682 ms - -[0m
[0mGET /api/product/color/list [36m304[0m 12.929 ms - -[0m
[0mOPTIONS /api/seller/product/list-by-id [32m204[0m 0.226 ms - 0[0m
[0mPOST /api/seller/product/list-by-id [32m200[0m 4.142 ms - 147[0m
[0mOPTIONS /api/auth/seller/profile-details [32m204[0m 0.932 ms - 0[0m
[0mOPTIONS /api/category/admin/main-list [32m204[0m 0.283 ms - 0[0m
[0mOPTIONS /api/seller/processor-list [32m204[0m 0.300 ms - 0[0m
[0mOPTIONS /api/seller/brand/list [32m204[0m 0.315 ms - 0[0m
[0mOPTIONS /api/product/color/list [32m204[0m 0.178 ms - 0[0m
[0mGET /api/auth/seller/profile-details [32m200[0m 18.713 ms - 150[0m
[0mGET /api/category/admin/main-list [32m200[0m 16.250 ms - 1372[0m
[0mGET /api/seller/processor-list [32m200[0m 16.852 ms - 529[0m
[0mGET /api/product/color/list [32m200[0m 11.209 ms - 1238[0m
[0mGET /api/seller/brand/list [32m200[0m 13.045 ms - 1830[0m
[0mOPTIONS /api/seller/product/list-by-id [32m204[0m 0.413 ms - 0[0m
[0mPOST /api/seller/product/list-by-id [32m200[0m 6.513 ms - 147[0m
[0mOPTIONS /api/seller/product/update [32m204[0m 0.391 ms - 0[0m
[0mPUT /api/seller/product/update [32m200[0m 14.872 ms - 70[0m
[0mOPTIONS /api/auth/seller/profile-details [32m204[0m 2.209 ms - 0[0m
[0mOPTIONS /api/category/admin/main-list [32m204[0m 0.389 ms - 0[0m
[0mOPTIONS /api/seller/processor-list [32m204[0m 0.142 ms - 0[0m
[0mOPTIONS /api/seller/brand/list [32m204[0m 0.148 ms - 0[0m
[0mOPTIONS /api/product/color/list [32m204[0m 0.105 ms - 0[0m
[0mOPTIONS /api/seller/product/list-by-id [32m204[0m 0.325 ms - 0[0m
[0mGET /api/auth/seller/profile-details [36m304[0m 125.149 ms - -[0m
[0mGET /api/category/admin/main-list [36m304[0m 86.345 ms - -[0m
[0mGET /api/seller/processor-list [36m304[0m 68.786 ms - -[0m
[0mGET /api/seller/brand/list [36m304[0m 70.080 ms - -[0m
[0mGET /api/product/color/list [36m304[0m 48.245 ms - -[0m
[0mPOST /api/seller/product/list-by-id [32m200[0m 31.155 ms - 147[0m
[0mOPTIONS /api/auth/seller/profile-details [32m204[0m 3.971 ms - 0[0m
[0mOPTIONS /api/category/admin/main-list [32m204[0m 0.258 ms - 0[0m
[0mOPTIONS /api/seller/processor-list [32m204[0m 0.294 ms - 0[0m
[0mOPTIONS /api/seller/brand/list [32m204[0m 1.685 ms - 0[0m
[0mOPTIONS /api/product/color/list [32m204[0m 0.204 ms - 0[0m
[0mGET /api/auth/seller/profile-details [36m304[0m 12.344 ms - -[0m
[0mGET /api/category/admin/main-list [36m304[0m 16.228 ms - -[0m
[0mGET /api/seller/processor-list [36m304[0m 16.441 ms - -[0m
[0mGET /api/product/color/list [36m304[0m 12.337 ms - -[0m
[0mGET /api/seller/brand/list [36m304[0m 14.120 ms - -[0m
[0mOPTIONS /api/seller/product/list-by-id [32m204[0m 0.242 ms - 0[0m
[0mPOST /api/seller/product/list-by-id [32m200[0m 3.894 ms - 147[0m
[0mOPTIONS /api/seller/product/list [32m204[0m 1.545 ms - 0[0m
[0mPOST /api/seller/product/list [32m200[0m 26.025 ms - 12200[0m
[0mOPTIONS /api/auth/seller/profile-details [32m204[0m 0.322 ms - 0[0m
[0mOPTIONS /api/seller/product/list [32m204[0m 0.417 ms - 0[0m
[0mGET /api/auth/seller/profile-details [32m200[0m 4.299 ms - 150[0m
[0mPOST /api/seller/product/list [32m200[0m 10.040 ms - 12200[0m
[0mOPTIONS /api/category/admin/main-list [32m204[0m 0.422 ms - 0[0m
[0mOPTIONS /api/seller/processor-list [32m204[0m 0.284 ms - 0[0m
[0mOPTIONS /api/seller/brand/list [32m204[0m 0.587 ms - 0[0m
[0mOPTIONS /api/product/color/list [32m204[0m 0.282 ms - 0[0m
[0mGET /api/category/admin/main-list [36m304[0m 7.682 ms - -[0m
[0mGET /api/seller/processor-list [36m304[0m 5.275 ms - -[0m
[0mGET /api/product/color/list [36m304[0m 5.976 ms - -[0m
[0mGET /api/seller/brand/list [36m304[0m 6.495 ms - -[0m
[0mOPTIONS /api/seller/product/list-by-id [32m204[0m 0.273 ms - 0[0m
[0mPOST /api/seller/product/list-by-id [32m200[0m 3.837 ms - 147[0m
[0mOPTIONS /api/seller/product/update [32m204[0m 1.123 ms - 0[0m
[0mPUT /api/seller/product/update [32m200[0m 18.626 ms - 70[0m
[0mOPTIONS /api/auth/seller/profile-details [32m204[0m 1.161 ms - 0[0m
[0mOPTIONS /api/category/admin/main-list [32m204[0m 4.988 ms - 0[0m
[0mOPTIONS /api/seller/processor-list [32m204[0m 0.737 ms - 0[0m
[0mOPTIONS /api/seller/brand/list [32m204[0m 0.232 ms - 0[0m
[0mOPTIONS /api/product/color/list [32m204[0m 0.192 ms - 0[0m
[0mGET /api/auth/seller/profile-details [36m304[0m 24.269 ms - -[0m
[0mOPTIONS /api/seller/product/list-by-id [32m204[0m 0.286 ms - 0[0m
[0mGET /api/category/admin/main-list [36m304[0m 31.153 ms - -[0m
[0mGET /api/seller/brand/list [36m304[0m 27.666 ms - -[0m
[0mGET /api/product/color/list [36m304[0m 25.836 ms - -[0m
[0mGET /api/seller/processor-list [36m304[0m 31.087 ms - -[0m
[0mPOST /api/seller/product/list-by-id [32m200[0m 11.916 ms - 147[0m
[0mOPTIONS /api/seller/product/list [32m204[0m 9.750 ms - 0[0m
[0mPOST /api/seller/product/list [32m200[0m 73.444 ms - 12370[0m
[0mOPTIONS /api/product/varients-delete?id=10 [32m204[0m 0.748 ms - 0[0m
[0mDELETE /api/product/varients-delete?id=10 [32m200[0m 24.125 ms - 46[0m
[0mOPTIONS /api/auth/seller/profile-details [32m204[0m 0.440 ms - 0[0m
[0mOPTIONS /api/seller/product/list [32m204[0m 0.327 ms - 0[0m
[0mPOST /api/seller/product/list [32m200[0m 14.970 ms - 11375[0m
[0mGET /api/auth/seller/profile-details [36m304[0m 7.171 ms - -[0m
[0mOPTIONS /api/product/main-delete?id=22 [32m204[0m 0.605 ms - 0[0m
[0mDELETE /api/product/main-delete?id=22 [32m200[0m 11.949 ms - 46[0m
[0mGET /api/auth/seller/profile-details [36m304[0m 7.718 ms - -[0m
[0mPOST /api/seller/product/list [32m200[0m 11.725 ms - 10898[0m
[0mOPTIONS /api/auth/seller/profile-details [32m204[0m 0.325 ms - 0[0m
[0mGET /api/auth/seller/profile-details [36m304[0m 3.532 ms - -[0m
[0mOPTIONS /api/category/admin/main-list [32m204[0m 0.347 ms - 0[0m
[0mOPTIONS /api/seller/processor-list [32m204[0m 0.359 ms - 0[0m
[0mOPTIONS /api/seller/brand/list [32m204[0m 0.211 ms - 0[0m
[0mOPTIONS /api/product/color/list [32m204[0m 0.166 ms - 0[0m
[0mGET /api/category/admin/main-list [36m304[0m 12.382 ms - -[0m
[0mGET /api/seller/processor-list [36m304[0m 10.314 ms - -[0m
[0mGET /api/seller/brand/list [36m304[0m 12.374 ms - -[0m
[0mGET /api/product/color/list [36m304[0m 11.232 ms - -[0m
[0mOPTIONS /api/category/getAllSubCategory?categoryId=5 [32m204[0m 0.505 ms - 0[0m
[0mGET /api/category/getAllSubCategory?categoryId=5 [36m304[0m 4.158 ms - -[0m
[0mOPTIONS /api/category/getAllSubChildCategory?subcategoryId=3 [32m204[0m 0.396 ms - 0[0m
[0mGET /api/category/getAllSubChildCategory?subcategoryId=3 [36m304[0m 3.392 ms - -[0m
[0mOPTIONS /api/category/getAllSubCategory?categoryId=10 [32m204[0m 0.685 ms - 0[0m
[0mGET /api/category/getAllSubCategory?categoryId=10 [36m304[0m 2.614 ms - -[0m
[0mOPTIONS /api/category/getAllSubChildCategory?subcategoryId=11 [32m204[0m 0.305 ms - 0[0m
[0mGET /api/category/getAllSubChildCategory?subcategoryId=11 [36m304[0m 2.386 ms - -[0m
[0mOPTIONS /api/seller/product/create [32m204[0m 0.735 ms - 0[0m
[0mPOST /api/seller/product/create [32m200[0m 29.861 ms - 71[0m
[0mOPTIONS /api/auth/seller/profile-details [32m204[0m 0.237 ms - 0[0m
[0mOPTIONS /api/seller/product/list [32m204[0m 0.184 ms - 0[0m
[0mGET /api/auth/seller/profile-details [36m304[0m 6.859 ms - -[0m
[0mPOST /api/seller/product/list [32m200[0m 14.065 ms - 12338[0m
[0mOPTIONS /api/category/admin/main-list [32m204[0m 1.687 ms - 0[0m
[0mOPTIONS /api/seller/processor-list [32m204[0m 0.198 ms - 0[0m
[0mOPTIONS /api/seller/brand/list [32m204[0m 0.118 ms - 0[0m
[0mOPTIONS /api/product/color/list [32m204[0m 0.107 ms - 0[0m
[0mGET /api/category/admin/main-list [36m304[0m 7.375 ms - -[0m
[0mGET /api/seller/processor-list [36m304[0m 7.961 ms - -[0m
[0mGET /api/seller/brand/list [36m304[0m 7.734 ms - -[0m
[0mOPTIONS /api/seller/product/list-by-id [32m204[0m 0.195 ms - 0[0m
[0mGET /api/product/color/list [36m304[0m 9.520 ms - -[0m
[0mPOST /api/seller/product/list-by-id [32m200[0m 3.527 ms - 140[0m
[0mOPTIONS /api/seller/product/list [32m204[0m 2.094 ms - 0[0m
[0mPOST /api/seller/product/list [32m200[0m 23.504 ms - 12338[0m
[0mOPTIONS /api/auth/seller/profile-details [32m204[0m 1.837 ms - 0[0m
[0mOPTIONS /api/seller/product/list [32m204[0m 0.991 ms - 0[0m
[0mGET /api/auth/seller/profile-details [32m200[0m 47.082 ms - 150[0m
[0mPOST /api/seller/product/list [32m200[0m 60.516 ms - 12471[0m
[0mOPTIONS /api/category/admin/main-list [32m204[0m 0.546 ms - 0[0m
[0mOPTIONS /api/seller/processor-list [32m204[0m 0.318 ms - 0[0m
[0mOPTIONS /api/seller/brand/list [32m204[0m 0.192 ms - 0[0m
[0mOPTIONS /api/product/color/list [32m204[0m 0.176 ms - 0[0m
[0mGET /api/category/admin/main-list [36m304[0m 14.162 ms - -[0m
[0mGET /api/seller/processor-list [36m304[0m 12.054 ms - -[0m
[0mGET /api/product/color/list [36m304[0m 13.645 ms - -[0m
[0mGET /api/seller/brand/list [36m304[0m 12.631 ms - -[0m
[0mOPTIONS /api/seller/product/list-by-id [32m204[0m 0.252 ms - 0[0m
[0mPOST /api/seller/product/list-by-id [32m200[0m 4.565 ms - 140[0m
[0mOPTIONS /api/seller/product/update [32m204[0m 3.128 ms - 0[0m
[0mPUT /api/seller/product/update [32m200[0m 46.161 ms - 70[0m
[0mOPTIONS /api/auth/seller/profile-details [32m204[0m 9.071 ms - 0[0m
[0mOPTIONS /api/category/admin/main-list [32m204[0m 0.556 ms - 0[0m
[0mOPTIONS /api/seller/processor-list [32m204[0m 0.209 ms - 0[0m
[0mOPTIONS /api/seller/brand/list [32m204[0m 0.405 ms - 0[0m
[0mOPTIONS /api/product/color/list [32m204[0m 0.369 ms - 0[0m
[0mOPTIONS /api/seller/product/list-by-id [32m204[0m 0.553 ms - 0[0m
[0mGET /api/auth/seller/profile-details [36m304[0m 92.358 ms - -[0m
[0mGET /api/category/admin/main-list [36m304[0m 97.897 ms - -[0m
[0mGET /api/product/color/list [36m304[0m 96.750 ms - -[0m
[0mGET /api/seller/brand/list [36m304[0m 101.264 ms - -[0m
[0mPOST /api/seller/product/list-by-id [32m200[0m 91.312 ms - 140[0m
[0mGET /api/seller/processor-list [36m304[0m 105.641 ms - -[0m
[0mOPTIONS /api/seller/product/list [32m204[0m 2.381 ms - 0[0m
[0mPOST /api/seller/product/list [32m200[0m 20.990 ms - 12470[0m
[0mGET /api/seller/processor-list [36m304[0m 7.635 ms - -[0m
[0mGET /api/seller/brand/list [36m304[0m 7.083 ms - -[0m
[0mGET /api/product/color/list [36m304[0m 7.734 ms - -[0m
[0mGET /api/category/admin/main-list [36m304[0m 12.754 ms - -[0m
[0mPOST /api/seller/product/list-by-id [32m200[0m 4.204 ms - 140[0m
[0mOPTIONS /api/seller/product/update [32m204[0m 0.480 ms - 0[0m
[0mPUT /api/seller/product/update [32m200[0m 27.911 ms - 70[0m
[0mOPTIONS /api/auth/seller/profile-details [32m204[0m 0.617 ms - 0[0m
[0mOPTIONS /api/seller/product/list [32m204[0m 0.207 ms - 0[0m
[0mGET /api/auth/seller/profile-details [36m304[0m 7.108 ms - -[0m
[0mPOST /api/seller/product/list [32m200[0m 14.070 ms - 12470[0m
[0mOPTIONS /api/category/admin/main-list [32m204[0m 0.322 ms - 0[0m
[0mOPTIONS /api/seller/processor-list [32m204[0m 0.276 ms - 0[0m
[0mOPTIONS /api/seller/brand/list [32m204[0m 0.359 ms - 0[0m
[0mOPTIONS /api/product/color/list [32m204[0m 0.158 ms - 0[0m
[0mGET /api/category/admin/main-list [36m304[0m 7.486 ms - -[0m
[0mGET /api/seller/brand/list [36m304[0m 6.297 ms - -[0m
[0mGET /api/seller/processor-list [36m304[0m 6.101 ms - -[0m
[0mGET /api/product/color/list [36m304[0m 5.839 ms - -[0m
[0mOPTIONS /api/seller/product/list-by-id [32m204[0m 0.705 ms - 0[0m
[0mPOST /api/seller/product/list-by-id [32m200[0m 2.701 ms - 140[0m
[0mOPTIONS /api/seller/product/update [32m204[0m 0.558 ms - 0[0m
[0mPUT /api/seller/product/update [32m200[0m 13.484 ms - 70[0m
[0mOPTIONS /api/auth/seller/profile-details [32m204[0m 0.401 ms - 0[0m
[0mOPTIONS /api/seller/product/list [32m204[0m 0.173 ms - 0[0m
[0mGET /api/auth/seller/profile-details [36m304[0m 9.532 ms - -[0m
[0mPOST /api/seller/product/list [32m200[0m 15.454 ms - 12470[0m
[0mOPTIONS /api/category/admin/main-list [32m204[0m 0.529 ms - 0[0m
[0mOPTIONS /api/seller/processor-list [32m204[0m 0.143 ms - 0[0m
[0mOPTIONS /api/seller/brand/list [32m204[0m 0.129 ms - 0[0m
[0mOPTIONS /api/product/color/list [32m204[0m 0.174 ms - 0[0m
[0mGET /api/category/admin/main-list [36m304[0m 5.523 ms - -[0m
[0mGET /api/seller/brand/list [36m304[0m 4.769 ms - -[0m
[0mGET /api/seller/processor-list [36m304[0m 5.455 ms - -[0m
[0mGET /api/product/color/list [36m304[0m 4.616 ms - -[0m
[0mOPTIONS /api/seller/product/list-by-id [32m204[0m 0.257 ms - 0[0m
[0mPOST /api/seller/product/list-by-id [32m200[0m 3.471 ms - 140[0m
[0mOPTIONS /api/seller/product/update [32m204[0m 0.306 ms - 0[0m
[0mPUT /api/seller/product/update [32m200[0m 10.579 ms - 70[0m
[0mOPTIONS /api/auth/seller/profile-details [32m204[0m 0.241 ms - 0[0m
[0mOPTIONS /api/seller/product/list [32m204[0m 0.136 ms - 0[0m
[0mGET /api/auth/seller/profile-details [36m304[0m 3.667 ms - -[0m
[0mPOST /api/seller/product/list [32m200[0m 9.018 ms - 12470[0m
[0mOPTIONS /api/category/admin/main-list [32m204[0m 0.266 ms - 0[0m
[0mOPTIONS /api/seller/processor-list [32m204[0m 0.150 ms - 0[0m
[0mOPTIONS /api/seller/brand/list [32m204[0m 0.136 ms - 0[0m
[0mOPTIONS /api/product/color/list [32m204[0m 0.135 ms - 0[0m
[0mGET /api/category/admin/main-list [36m304[0m 5.401 ms - -[0m
[0mGET /api/seller/processor-list [36m304[0m 3.863 ms - -[0m
[0mGET /api/seller/brand/list [36m304[0m 5.480 ms - -[0m
[0mGET /api/product/color/list [36m304[0m 5.165 ms - -[0m
[0mOPTIONS /api/seller/product/list-by-id [32m204[0m 0.241 ms - 0[0m
[0mPOST /api/seller/product/list-by-id [32m200[0m 3.395 ms - 140[0m
[0mOPTIONS /api/auth/seller/profile-details [32m204[0m 2.527 ms - 0[0m
[0mOPTIONS /api/category/admin/main-list [32m204[0m 0.286 ms - 0[0m
[0mOPTIONS /api/seller/processor-list [32m204[0m 0.190 ms - 0[0m
[0mOPTIONS /api/seller/brand/list [32m204[0m 0.162 ms - 0[0m
[0mOPTIONS /api/product/color/list [32m204[0m 0.659 ms - 0[0m
[0mGET /api/seller/processor-list [36m304[0m 8.421 ms - -[0m
[0mGET /api/category/admin/main-list [36m304[0m 9.915 ms - -[0m
[0mGET /api/auth/seller/profile-details [36m304[0m 23.162 ms - -[0m
[0mGET /api/seller/brand/list [36m304[0m 11.263 ms - -[0m
[0mGET /api/product/color/list [36m304[0m 10.891 ms - -[0m
[0mOPTIONS /api/seller/product/list-by-id [32m204[0m 0.262 ms - 0[0m
[0mPOST /api/seller/product/list-by-id [32m200[0m 5.784 ms - 140[0m
[0mOPTIONS /api/auth/seller/profile-details [32m204[0m 3.317 ms - 0[0m
[0mOPTIONS /api/category/admin/main-list [32m204[0m 0.263 ms - 0[0m
[0mOPTIONS /api/seller/processor-list [32m204[0m 0.840 ms - 0[0m
[0mOPTIONS /api/seller/brand/list [32m204[0m 0.294 ms - 0[0m
[0mOPTIONS /api/product/color/list [32m204[0m 0.175 ms - 0[0m
[0mGET /api/auth/seller/profile-details [32m200[0m 19.505 ms - 150[0m
[0mOPTIONS /api/seller/product/list-by-id [32m204[0m 0.865 ms - 0[0m
[0mGET /api/seller/brand/list [32m200[0m 33.984 ms - 1830[0m
[0mGET /api/category/admin/main-list [32m200[0m 39.553 ms - 1372[0m
[0mGET /api/seller/processor-list [32m200[0m 35.186 ms - 529[0m
[0mGET /api/product/color/list [32m200[0m 36.724 ms - 1238[0m
[0mPOST /api/seller/product/list-by-id [32m200[0m 19.639 ms - 140[0m
[0mOPTIONS /api/auth/seller/profile-details [32m204[0m 0.841 ms - 0[0m
[0mOPTIONS /api/category/admin/main-list [32m204[0m 0.276 ms - 0[0m
[0mOPTIONS /api/seller/processor-list [32m204[0m 0.280 ms - 0[0m
[0mOPTIONS /api/seller/brand/list [32m204[0m 0.316 ms - 0[0m
[0mOPTIONS /api/product/color/list [32m204[0m 0.186 ms - 0[0m
[0mGET /api/auth/seller/profile-details [36m304[0m 11.490 ms - -[0m
[0mGET /api/category/admin/main-list [36m304[0m 12.311 ms - -[0m
[0mGET /api/seller/processor-list [36m304[0m 9.156 ms - -[0m
[0mGET /api/seller/brand/list [36m304[0m 7.840 ms - -[0m
[0mGET /api/product/color/list [36m304[0m 7.152 ms - -[0m
[0mOPTIONS /api/seller/product/list-by-id [32m204[0m 0.256 ms - 0[0m
[0mPOST /api/seller/product/list-by-id [32m200[0m 4.195 ms - 140[0m
[0mOPTIONS /api/auth/seller/profile-details [32m204[0m 5.380 ms - 0[0m
[0mOPTIONS /api/category/admin/main-list [32m204[0m 0.345 ms - 0[0m
[0mOPTIONS /api/seller/processor-list [32m204[0m 0.169 ms - 0[0m
[0mOPTIONS /api/seller/brand/list [32m204[0m 0.194 ms - 0[0m
[0mOPTIONS /api/product/color/list [32m204[0m 0.300 ms - 0[0m
[0mGET /api/auth/seller/profile-details [36m304[0m 15.271 ms - -[0m
[0mGET /api/category/admin/main-list [36m304[0m 11.282 ms - -[0m
[0mGET /api/seller/processor-list [36m304[0m 9.450 ms - -[0m
[0mGET /api/product/color/list [36m304[0m 8.879 ms - -[0m
[0mGET /api/seller/brand/list [36m304[0m 11.120 ms - -[0m
[0mOPTIONS /api/seller/product/list-by-id [32m204[0m 0.273 ms - 0[0m
[0mPOST /api/seller/product/list-by-id [32m200[0m 4.865 ms - 140[0m
[0mOPTIONS /api/order/notifications [32m204[0m 1.256 ms - 0[0m
[0mOPTIONS /api/order/list [32m204[0m 0.498 ms - 0[0m
[0mOPTIONS /api/order/count [32m204[0m 0.311 ms - 0[0m
[0mGET /api/order/count [36m304[0m 30.660 ms - -[0m
[0mGET /api/order/notifications [36m304[0m 62.083 ms - -[0m
[0mPOST /api/order/list [32m200[0m 61.626 ms - 79[0m
[0mOPTIONS /api/order/notifications [32m204[0m 0.914 ms - 0[0m
[0mOPTIONS /api/order/list [32m204[0m 0.173 ms - 0[0m
[0mOPTIONS /api/order/count [32m204[0m 0.121 ms - 0[0m
[0mGET /api/order/count [36m304[0m 7.987 ms - -[0m
[0mGET /api/order/notifications [36m304[0m 10.524 ms - -[0m
[0mPOST /api/order/list [32m200[0m 18.106 ms - 79[0m
[0mOPTIONS /api/order/notifications [32m204[0m 0.233 ms - 0[0m
[0mOPTIONS /api/product/brand-list [32m204[0m 0.242 ms - 0[0m
[0mPOST /api/product/brand-list [32m200[0m 5.971 ms - 1834[0m
[0mGET /api/order/notifications [36m304[0m 6.158 ms - -[0m
[0mOPTIONS /api/auth/rootLogin [32m204[0m 0.277 ms - 0[0m
[0mPOST /api/auth/rootLogin [31m500[0m 249.504 ms - 54[0m
[0mOPTIONS /api/auth/rootLogin [32m204[0m 0.237 ms - 0[0m
[0mPOST /api/auth/rootLogin [32m200[0m 234.853 ms - 211[0m
[0mOPTIONS /api/order/notifications [32m204[0m 0.271 ms - 0[0m
[0mOPTIONS /api/order/list [32m204[0m 0.123 ms - 0[0m
[0mOPTIONS /api/order/count [32m204[0m 0.100 ms - 0[0m
[0mGET /api/order/count [32m200[0m 4.764 ms - 26[0m
[0mGET /api/order/notifications [32m200[0m 6.559 ms - 36[0m
[0mPOST /api/order/list [32m200[0m 6.429 ms - 79[0m
[0mOPTIONS /api/order/notifications [32m204[0m 5.426 ms - 0[0m
[0mOPTIONS /api/product/brand-list [32m204[0m 0.230 ms - 0[0m
[0mPOST /api/product/brand-list [32m200[0m 16.180 ms - 1834[0m
[0mGET /api/order/notifications [36m304[0m 19.995 ms - -[0m
[0mOPTIONS /api/order/notifications [32m204[0m 0.247 ms - 0[0m
[0mOPTIONS /api/product/processor-list [32m204[0m 0.113 ms - 0[0m
[0mGET /api/order/notifications [36m304[0m 5.157 ms - -[0m
[0mPOST /api/product/processor-list [32m200[0m 7.955 ms - 533[0m
[0mOPTIONS /api/order/notifications [32m204[0m 1.645 ms - 0[0m
[0mOPTIONS /api/product/brand-list [32m204[0m 0.265 ms - 0[0m
[0mPOST /api/product/brand-list [32m200[0m 7.566 ms - 1834[0m
[0mGET /api/order/notifications [36m304[0m 15.529 ms - -[0m
[0mGET /api/order/notifications [36m304[0m 3.421 ms - -[0m
[0mOPTIONS /api/order/notifications [32m204[0m 1.296 ms - 0[0m
[0mGET /api/order/notifications [36m304[0m 13.762 ms - -[0m
[0mOPTIONS /api/order/notifications [32m204[0m 1.261 ms - 0[0m
[0mGET /api/order/notifications [36m304[0m 15.559 ms - -[0m
[0mOPTIONS /api/order/notifications [32m204[0m 2.044 ms - 0[0m
[0mOPTIONS /api/product/brand-list [32m204[0m 0.462 ms - 0[0m
[0mPOST /api/product/brand-list [32m200[0m 17.481 ms - 1834[0m
[0mOPTIONS /api/product/brand-update [32m204[0m 1.482 ms - 0[0m
[0mPOST /api/product/brand-update [32m200[0m 1674.703 ms - 64[0m
[0mOPTIONS /api/order/notifications [32m204[0m 0.467 ms - 0[0m
[0mOPTIONS /api/product/brand-list [32m204[0m 0.273 ms - 0[0m
[0mPOST /api/product/brand-list [32m200[0m 20.700 ms - 1944[0m
[0mGET /api/order/notifications [36m304[0m 21.656 ms - -[0m
[0mOPTIONS /api/order/notifications [32m204[0m 0.970 ms - 0[0m
[0mOPTIONS /api/product/brand-list [32m204[0m 0.383 ms - 0[0m
[0mPOST /api/product/brand-list [32m200[0m 17.840 ms - 1944[0m
[0mGET /api/order/notifications [32m200[0m 15.430 ms - 36[0m
[0mOPTIONS /api/order/notifications [32m204[0m 1.331 ms - 0[0m
[0mOPTIONS /api/product/brand-list [32m204[0m 0.614 ms - 0[0m
[0mGET /api/order/notifications [36m304[0m 17.778 ms - -[0m
[0mPOST /api/product/brand-list [32m200[0m 17.551 ms - 1944[0m
[0mOPTIONS /api/order/notifications [32m204[0m 1.795 ms - 0[0m
[0mOPTIONS /api/product/brand-list [32m204[0m 0.962 ms - 0[0m
[0mPOST /api/product/brand-list [32m200[0m 15.037 ms - 1944[0m
[0mGET /api/order/notifications [36m304[0m 22.380 ms - -[0m
[0mOPTIONS /api/order/notifications [32m204[0m 2.346 ms - 0[0m
[0mOPTIONS /api/product/brand-list [32m204[0m 3.090 ms - 0[0m
[0mGET /api/order/notifications [36m304[0m 27.032 ms - -[0m
[0mPOST /api/product/brand-list [32m200[0m 21.703 ms - 1944[0m
[0mOPTIONS /api/order/notifications [32m204[0m 0.982 ms - 0[0m
[0mOPTIONS /api/product/brand-list [32m204[0m 0.797 ms - 0[0m
[0mPOST /api/product/brand-list [32m200[0m 14.287 ms - 1944[0m
[0mGET /api/order/notifications [36m304[0m 18.849 ms - -[0m
[0mOPTIONS /api/order/notifications [32m204[0m 1.072 ms - 0[0m
[0mOPTIONS /api/product/brand-list [32m204[0m 0.375 ms - 0[0m
[0mPOST /api/product/brand-list [32m200[0m 24.286 ms - 1944[0m
[0mGET /api/order/notifications [36m304[0m 20.026 ms - -[0m
[0mOPTIONS /api/order/notifications [32m204[0m 1.282 ms - 0[0m
[0mOPTIONS /api/product/brand-list [32m204[0m 0.256 ms - 0[0m
[0mPOST /api/product/brand-list [32m200[0m 32.489 ms - 1944[0m
[0mGET /api/order/notifications [36m304[0m 28.364 ms - -[0m
[0mOPTIONS /api/order/notifications [32m204[0m 6.834 ms - 0[0m
[0mOPTIONS /api/product/brand-list [32m204[0m 0.376 ms - 0[0m
[0mPOST /api/product/brand-list [32m200[0m 31.853 ms - 1944[0m
[0mGET /api/order/notifications [36m304[0m 27.751 ms - -[0m
[0mOPTIONS /api/order/notifications [32m204[0m 1.214 ms - 0[0m
[0mOPTIONS /api/product/brand-list [32m204[0m 0.193 ms - 0[0m
[0mPOST /api/product/brand-list [32m200[0m 18.116 ms - 1944[0m
[0mGET /api/order/notifications [32m200[0m 13.186 ms - 36[0m
[0mOPTIONS /api/order/notifications [32m204[0m 1.327 ms - 0[0m
[0mOPTIONS /api/product/brand-list [32m204[0m 0.212 ms - 0[0m
[0mPOST /api/product/brand-list [32m200[0m 15.831 ms - 1944[0m
[0mGET /api/order/notifications [36m304[0m 12.268 ms - -[0m
[0mOPTIONS /api/order/notifications [32m204[0m 1.731 ms - 0[0m
[0mOPTIONS /api/order/list [32m204[0m 0.239 ms - 0[0m
[0mOPTIONS /api/order/count [32m204[0m 0.371 ms - 0[0m
[0mGET /api/order/count [36m304[0m 87.438 ms - -[0m
[0mGET /api/order/notifications [36m304[0m 99.634 ms - -[0m
[0mPOST /api/order/list [32m200[0m 98.044 ms - 79[0m
[0mOPTIONS /api/order/notifications [32m204[0m 0.424 ms - 0[0m
[0mOPTIONS /api/product/processor-list [32m204[0m 0.134 ms - 0[0m
[0mPOST /api/product/processor-list [32m200[0m 11.980 ms - 533[0m
[0mGET /api/order/notifications [36m304[0m 11.174 ms - -[0m
[0mOPTIONS /api/product/brand-list [32m204[0m 0.247 ms - 0[0m
[0mPOST /api/product/brand-list [32m200[0m 10.816 ms - 1944[0m
[0mGET /api/order/notifications [36m304[0m 14.032 ms - -[0m
[0mOPTIONS /api/order/notifications [32m204[0m 1.298 ms - 0[0m
[0mOPTIONS /api/product/brand-list [32m204[0m 0.175 ms - 0[0m
[0mPOST /api/product/brand-list [32m200[0m 29.018 ms - 1944[0m
[0mGET /api/order/notifications [36m304[0m 19.023 ms - -[0m
[0mOPTIONS /api/auth/rootLogin [32m204[0m 3.791 ms - 0[0m
[0mPOST /api/auth/rootLogin [32m200[0m 275.637 ms - 211[0m
[0mOPTIONS /api/order/notifications [32m204[0m 1.142 ms - 0[0m
[0mOPTIONS /api/order/list [32m204[0m 0.224 ms - 0[0m
[0mOPTIONS /api/order/count [32m204[0m 0.240 ms - 0[0m
[0mGET /api/order/count [36m304[0m 25.631 ms - -[0m
[0mGET /api/order/notifications [36m304[0m 58.015 ms - -[0m
[0mPOST /api/order/list [32m200[0m 62.902 ms - 79[0m
[0mOPTIONS /api/product/admin/banner-list [32m204[0m 0.460 ms - 0[0m
[0mGET /api/order/notifications [36m304[0m 13.125 ms - -[0m
[0mGET /api/product/admin/banner-list [36m304[0m 45.538 ms - -[0m
[0mOPTIONS /api/product/banner-delete [32m204[0m 0.554 ms - 0[0m
[0mPOST /api/product/banner-delete [32m200[0m 41.979 ms - 65[0m
[0mOPTIONS /api/order/notifications [32m204[0m 0.436 ms - 0[0m
[0mGET /api/product/admin/banner-list [32m200[0m 8.147 ms - 26[0m
[0mGET /api/order/notifications [36m304[0m 8.796 ms - -[0m
[0mOPTIONS /api/product/banner-upload [32m204[0m 0.692 ms - 0[0m
[0mPOST /api/product/banner-upload [32m200[0m 2056.872 ms - 57[0m
[0mOPTIONS /api/order/notifications [32m204[0m 0.252 ms - 0[0m
[0mOPTIONS /api/product/admin/banner-list [32m204[0m 0.187 ms - 0[0m
[0mGET /api/product/admin/banner-list [32m200[0m 6.035 ms - 236[0m
[0mGET /api/order/notifications [36m304[0m 8.184 ms - -[0m
[0mOPTIONS /api/product/banner-status [32m204[0m 0.811 ms - 0[0m
[0mPOST /api/product/banner-status [32m200[0m 13.168 ms - 53[0m
[0mOPTIONS /api/product/banner-delete [32m204[0m 0.521 ms - 0[0m
[0mPOST /api/product/banner-delete [32m200[0m 10.036 ms - 65[0m
[0mOPTIONS /api/order/notifications [32m204[0m 0.370 ms - 0[0m
[0mOPTIONS /api/product/admin/banner-list [32m204[0m 0.204 ms - 0[0m
[0mGET /api/product/admin/banner-list [32m200[0m 4.540 ms - 26[0m
[0mGET /api/order/notifications [36m304[0m 7.043 ms - -[0m
[0mOPTIONS /api/product/banner-upload [32m204[0m 0.462 ms - 0[0m
[0mPOST /api/product/banner-upload [31m500[0m 1957.283 ms - 3342[0m
[0mOPTIONS /api/order/notifications [32m204[0m 1.619 ms - 0[0m
[0mOPTIONS /api/product/admin/banner-list [32m204[0m 0.378 ms - 0[0m
[0mGET /api/order/notifications [36m304[0m 34.541 ms - -[0m
[0mGET /api/product/admin/banner-list [36m304[0m 31.000 ms - -[0m
[0mOPTIONS /api/product/banner-upload [32m204[0m 3.838 ms - 0[0m
[0mPOST /api/product/banner-upload [31m500[0m 57.830 ms - 3342[0m
[0mOPTIONS /api/order/notifications [32m204[0m 2.709 ms - 0[0m
[0mOPTIONS /api/product/admin/banner-list [32m204[0m 0.424 ms - 0[0m
[0mGET /api/product/admin/banner-list [32m200[0m 28.916 ms - 26[0m
[0mGET /api/order/notifications [32m200[0m 39.333 ms - 36[0m
[0mOPTIONS /api/product/banner-upload [32m204[0m 0.651 ms - 0[0m
[0mPOST /api/product/banner-upload [32m200[0m 4751.216 ms - 57[0m
[0mOPTIONS /api/order/notifications [32m204[0m 0.419 ms - 0[0m
[0mOPTIONS /api/product/admin/banner-list [32m204[0m 0.202 ms - 0[0m
[0mGET /api/order/notifications [36m304[0m 6.237 ms - -[0m
[0mGET /api/product/admin/banner-list [32m200[0m 5.505 ms - 236[0m
[0mOPTIONS /api/product/banner-upload [32m204[0m 1.474 ms - 0[0m
[0mPOST /api/product/banner-upload [31m500[0m 2914.085 ms - 3342[0m
[0mOPTIONS /api/order/notifications [32m204[0m 2.851 ms - 0[0m
[0mOPTIONS /api/product/admin/banner-list [32m204[0m 0.977 ms - 0[0m
[0mGET /api/product/admin/banner-list [32m200[0m 14.845 ms - 236[0m
[0mGET /api/order/notifications [32m200[0m 31.428 ms - 36[0m
[0mOPTIONS /api/product/banner-delete [32m204[0m 0.708 ms - 0[0m
[0mPOST /api/product/banner-delete [32m200[0m 37.721 ms - 65[0m
[0mOPTIONS /api/order/notifications [32m204[0m 0.552 ms - 0[0m
[0mOPTIONS /api/product/admin/banner-list [32m204[0m 0.455 ms - 0[0m
[0mGET /api/product/admin/banner-list [32m200[0m 5.644 ms - 26[0m
[0mGET /api/order/notifications [36m304[0m 9.248 ms - -[0m
[0mOPTIONS /api/product/banner-upload [32m204[0m 1.008 ms - 0[0m
[0mPOST /api/product/banner-upload [31m500[0m 2989.591 ms - 3342[0m
