[0mGET /api/website/category/list [32m200[0m 33.165 ms - 1659[0m
[0mGET /api/website/catalog/category/search?queryString=mobile-phone [32m200[0m 49.253 ms - 1262[0m
[0mGET /api/website/catalog/product/search?filter_category=mobile-phone [32m200[0m 54.816 ms - 4809[0m
[0mGET /api/website/category/list [32m200[0m 3.690 ms - 1659[0m
[0mGET /api/website/category/list [32m200[0m 34.188 ms - 1659[0m
[0mGET /api/website/catalog/category/search?queryString=mobile-phone [32m200[0m 48.423 ms - 1262[0m
[0mGET /api/website/catalog/product/search?filter_category=mobile-phone [32m200[0m 62.285 ms - 4809[0m
[0mGET /api/website/category/list [36m304[0m 4.834 ms - -[0m
[0mGET /api/website/category/list [32m200[0m 38.504 ms - 1659[0m
[0mGET /api/website/catalog/category/search?queryString=mobile-phone [32m200[0m 44.847 ms - 1454[0m
[0mGET /api/website/catalog/product/search?filter_category=mobile-phone [32m200[0m 56.848 ms - 4809[0m
[0mGET /api/website/category/list [36m304[0m 3.559 ms - -[0m
[0mGET /api/website/catalog/product/search?filter_category=mobile-phone&filter_memory=&page=1 [31m500[0m 14.331 ms - 3343[0m
[0mGET /api/website/category/list [32m200[0m 13.252 ms - 1659[0m
[0mGET /api/website/catalog/category/search?queryString=mobile-phone [32m200[0m 23.046 ms - 1454[0m
[0mGET /api/website/catalog/product/search?filter_category=mobile-phone [32m200[0m 28.909 ms - 4809[0m
[0mGET /api/website/category/list [32m200[0m 3.395 ms - 1659[0m
[0mGET /api/website/catalog/product/search?filter_category=mobile-phone [36m304[0m 34.860 ms - -[0m
[0mGET /api/website/catalog/product/search?filter_category=mobile-phone [36m304[0m 28.236 ms - -[0m
[0mGET /api/website/category/list [32m200[0m 31.400 ms - 1659[0m
[0mGET /api/website/catalog/category/search?queryString=mobile-phone [32m200[0m 43.298 ms - 1670[0m
[0mGET /api/website/catalog/product/search?filter_category=mobile-phone [32m200[0m 50.630 ms - 4809[0m
[0mGET /api/website/category/list [32m200[0m 4.998 ms - 1659[0m
[0mGET /api/website/catalog/product/search?filter_category=mobile-phone [32m200[0m 30.080 ms - 4809[0m
[0mGET /api/website/catalog/product/search?filter_category=mobile-phone [32m200[0m 28.297 ms - 4809[0m
[0mGET /api/website/catalog/product/search?filter_category=mobile-phone&filter_ram=12GB&page=1 [32m200[0m 34.091 ms - 4809[0m
[0mGET /api/website/catalog/product/search?filter_category=mobile-phone&page=1 [36m304[0m 28.454 ms - -[0m
[0mGET /api/website/category/list [32m200[0m 54.696 ms - 1659[0m
[0mGET /api/website/catalog/category/search?queryString=mobile-phone [32m200[0m 69.796 ms - 1740[0m
[0mGET /api/website/catalog/product/search?filter_category=mobile-phone [32m200[0m 73.322 ms - 4809[0m
[0mGET /api/website/category/list [36m304[0m 4.728 ms - -[0m
[0mGET /api/website/category/list [32m200[0m 46.718 ms - 1659[0m
[0mGET /api/website/catalog/category/search?queryString=mobile-phone [32m200[0m 70.904 ms - 1740[0m
[0mGET /api/website/catalog/product/search?filter_category=mobile-phone [32m200[0m 85.815 ms - 4809[0m
[0mGET /api/website/category/list [36m304[0m 3.903 ms - -[0m
[0mGET /api/website/category/list [32m200[0m 29.904 ms - 1659[0m
[0mGET /api/website/catalog/category/search?queryString=mobile-phone [32m200[0m 48.736 ms - 1740[0m
[0mGET /api/website/catalog/product/search?filter_category=mobile-phone [32m200[0m 54.828 ms - 4809[0m
[0mGET /api/website/category/list [36m304[0m 5.383 ms - -[0m
[0mGET /api/website/category/list [32m200[0m 31.634 ms - 1659[0m
[0mGET /api/website/catalog/category/search?queryString=mobile-phone [32m200[0m 33.724 ms - 1740[0m
[0mGET /api/website/catalog/product/search?filter_category=mobile-phone [32m200[0m 42.681 ms - 4809[0m
[0mGET /api/website/category/list [32m200[0m 3.398 ms - 1659[0m
[0mGET /api/website/category/list [32m200[0m 40.107 ms - 1659[0m
[0mGET /api/website/catalog/category/search?queryString=mobile-phone [32m200[0m 35.834 ms - 1740[0m
[0mGET /api/website/catalog/product/search?filter_category=mobile-phone [32m200[0m 44.454 ms - 4809[0m
[0mGET /api/website/category/list [36m304[0m 4.125 ms - -[0m
[0mGET /api/website/catalog/product/search?filter_category=mobile-phone [36m304[0m 34.584 ms - -[0m
[0mGET /api/website/category/list [32m200[0m 38.558 ms - 1659[0m
[0mGET /api/website/catalog/category/search?queryString=mobile-phone [32m200[0m 40.167 ms - 1740[0m
[0mGET /api/website/catalog/product/search?filter_category=mobile-phone [32m200[0m 46.934 ms - 4809[0m
[0mGET /api/website/category/list [36m304[0m 5.524 ms - -[0m
[0mGET /api/website/category/list [32m200[0m 38.404 ms - 1659[0m
[0mGET /api/website/catalog/category/search?queryString=mobile-phone [32m200[0m 49.335 ms - 1740[0m
[0mGET /api/website/catalog/product/search?filter_category=mobile-phone [32m200[0m 55.485 ms - 4809[0m
[0mGET /api/website/category/list [32m200[0m 3.701 ms - 1659[0m
[0mGET /api/website/category/list [32m200[0m 26.069 ms - 1659[0m
[0mGET /api/website/catalog/category/search?queryString=mobile-phone [32m200[0m 36.435 ms - 1740[0m
[0mGET /api/website/catalog/product/search?filter_category=mobile-phone [32m200[0m 42.868 ms - 4809[0m
[0mGET /api/website/category/list [32m200[0m 3.787 ms - 1659[0m
[0mGET /api/website/category/list [32m200[0m 27.552 ms - 1659[0m
[0mGET /api/website/catalog/category/search?queryString=mobile-phone [32m200[0m 37.491 ms - 1740[0m
[0mGET /api/website/catalog/product/search?filter_category=mobile-phone [32m200[0m 43.930 ms - 4809[0m
[0mGET /api/website/category/list [32m200[0m 3.390 ms - 1659[0m
[0mGET /api/website/category/list [32m200[0m 25.688 ms - 1659[0m
[0mGET /api/website/catalog/category/search?queryString=mobile-phone [32m200[0m 35.171 ms - 1740[0m
[0mGET /api/website/catalog/product/search?filter_category=mobile-phone [32m200[0m 45.822 ms - 4809[0m
[0mGET /api/website/category/list [32m200[0m 4.397 ms - 1659[0m
[0mGET /api/website/category/list [32m200[0m 15.090 ms - 1659[0m
[0mGET /api/website/catalog/category/search?queryString=mobile-phone [32m200[0m 24.635 ms - 1740[0m
[0mGET /api/website/catalog/product/search?filter_category=mobile-phone [32m200[0m 31.292 ms - 4809[0m
[0mGET /api/website/category/list [32m200[0m 3.062 ms - 1659[0m
[0mGET /api/website/category/list [32m200[0m 38.297 ms - 1659[0m
[0mGET /api/website/catalog/category/search?queryString=mobile-phone [32m200[0m 51.368 ms - 1740[0m
[0mGET /api/website/catalog/product/search?filter_category=mobile-phone [32m200[0m 62.768 ms - 4809[0m
[0mGET /api/website/category/list [32m200[0m 3.283 ms - 1659[0m
[0mGET /api/website/category/list [32m200[0m 29.559 ms - 1659[0m
[0mGET /api/website/catalog/category/search?queryString=mobile-phone [32m200[0m 40.399 ms - 1740[0m
[0mGET /api/website/catalog/product/search?filter_category=mobile-phone [32m200[0m 47.612 ms - 4809[0m
[0mGET /api/website/category/list [32m200[0m 3.270 ms - 1659[0m
[0mGET /api/website/category/list [32m200[0m 19.721 ms - 1659[0m
[0mGET /api/website/catalog/category/search?queryString=mobile-phone [32m200[0m 38.638 ms - 1740[0m
[0mGET /api/website/catalog/product/search?filter_category=mobile-phone [32m200[0m 44.118 ms - 4809[0m
[0mGET /api/website/category/list [32m200[0m 4.405 ms - 1659[0m
[0mGET /api/website/category/list [32m200[0m 39.149 ms - 1659[0m
[0mGET /api/website/category/list [32m200[0m 35.753 ms - 1659[0m
[0mGET /api/website/catalog/category/search?queryString=mobile-phone [32m200[0m 44.727 ms - 1740[0m
[0mGET /api/website/catalog/product/search?filter_category=mobile-phone [32m200[0m 48.851 ms - 4809[0m
[0mGET /api/website/category/list [36m304[0m 4.830 ms - -[0m
[0mGET /api/website/category/list [32m200[0m 32.691 ms - 1659[0m
[0mGET /api/website/catalog/category/search?queryString=mobile-phone [32m200[0m 47.136 ms - 1740[0m
[0mGET /api/website/catalog/product/search?filter_category=mobile-phone [32m200[0m 53.083 ms - 4809[0m
[0mGET /api/website/category/list [32m200[0m 5.176 ms - 1659[0m
[0mGET /api/website/category/list [0m-[0m - ms - -[0m
[0mGET /api/website/catalog/product/search?filter_category=mobile-phone [0m-[0m - ms - -[0m
[0mGET /api/website/catalog/category/search?queryString=mobile-phone [0m-[0m - ms - -[0m
[0mGET /api/website/category/list [32m200[0m 13.263 ms - 1659[0m
[0mGET /api/website/catalog/category/search?queryString=mobile-phone [32m200[0m 26.002 ms - 1820[0m
[0mGET /api/website/catalog/product/search?filter_category=mobile-phone [32m200[0m 31.802 ms - 4809[0m
[0mGET /api/website/category/list [32m200[0m 3.416 ms - 1659[0m
[0mGET /api/website/category/list [32m200[0m 33.553 ms - 1659[0m
[0mGET /api/website/catalog/category/search?queryString=mobile-phone [32m200[0m 39.888 ms - 2452[0m
[0mGET /api/website/catalog/product/search?filter_category=mobile-phone [32m200[0m 49.647 ms - 4809[0m
[0mGET /api/website/category/list [32m200[0m 3.587 ms - 1659[0m
[0mGET /api/website/category/list [32m200[0m 42.325 ms - 1659[0m
[0mGET /api/website/catalog/category/search?queryString=mobile-phone [32m200[0m 41.099 ms - 2460[0m
[0mGET /api/website/catalog/product/search?filter_category=mobile-phone [32m200[0m 52.020 ms - 4809[0m
[0mGET /api/website/category/list [36m304[0m 5.237 ms - -[0m
[0mGET /api/website/catalog/product/search?filter_category=mobile-phone [36m304[0m 33.174 ms - -[0m
[0mGET /api/website/catalog/product/search?filter_category=mobile-phone [36m304[0m 17.091 ms - -[0m
[0mGET /api/website/catalog/product/search?filter_category=mobile-phone [36m304[0m 29.560 ms - -[0m
[0mGET /api/website/catalog/product/search?filter_category=mobile-phone [36m304[0m 21.947 ms - -[0m
[0mGET /api/website/catalog/product/search?filter_category=mobile-phone [36m304[0m 28.638 ms - -[0m
[0mGET /api/website/catalog/product/search?filter_category=mobile-phone [36m304[0m 22.760 ms - -[0m
[0mGET /api/website/catalog/product/search?filter_category=mobile-phone&filter_sim_count=&page=1 [31m500[0m 19.434 ms - 3343[0m
[0mGET /api/website/category/list [32m200[0m 15.288 ms - 1659[0m
[0mGET /api/website/catalog/category/search?queryString=mobile-phone [32m200[0m 28.773 ms - 2460[0m
[0mGET /api/website/catalog/product/search?filter_category=mobile-phone [32m200[0m 35.657 ms - 4809[0m
[0mGET /api/website/category/list [32m200[0m 3.300 ms - 1659[0m
[0mGET /api/website/category/list [32m200[0m 49.073 ms - 1659[0m
[0mGET /api/website/catalog/category/search?queryString=mobile-phone [32m200[0m 47.546 ms - 2460[0m
[0mGET /api/website/catalog/product/search?filter_category=mobile-phone [32m200[0m 60.990 ms - 4809[0m
[0mGET /api/website/category/list [36m304[0m 3.953 ms - -[0m
[0mGET /api/website/category/list [36m304[0m 20.472 ms - -[0m
[0mGET /api/website/image/banner?type=2 [36m304[0m 19.245 ms - -[0m
[0mGET /api/website/image/banner?type=0 [36m304[0m 21.391 ms - -[0m
[0mGET /api/website/image/banner?type=3 [36m304[0m 14.962 ms - -[0m
[0mGET /api/website/image/banner?type=4 [36m304[0m 21.694 ms - -[0m
[0mGET /api/website/popular/category-list [36m304[0m 23.130 ms - -[0m
[0mGET /api/website/brand-list [36m304[0m 19.004 ms - -[0m
[0mGET /api/website/flash-sale [36m304[0m 25.384 ms - -[0m
[0mGET /api/website/product/new-arrival [36m304[0m 25.080 ms - -[0m
[0mGET /api/website/catalog/product/search?filter_category=mobile-phone [36m304[0m 37.163 ms - -[0m
[0mGET /api/website/image/banner?type=0 [32m200[0m 15.618 ms - 264[0m
[0mGET /api/website/image/banner?type=2 [32m200[0m 13.570 ms - 270[0m
[0mGET /api/website/image/banner?type=3 [32m200[0m 12.078 ms - 260[0m
[0mGET /api/website/image/banner?type=4 [32m200[0m 11.855 ms - 152[0m
[0mGET /api/website/category/list [32m200[0m 15.373 ms - 1659[0m
[0mGET /api/website/category/list [32m200[0m 13.992 ms - 1659[0m
[0mGET /api/website/popular/category-list [32m200[0m 7.930 ms - 406[0m
[0mGET /api/website/brand-list [32m200[0m 6.552 ms - 850[0m
[0mGET /api/website/flash-sale [32m200[0m 11.275 ms - 49[0m
[0mGET /api/website/product/new-arrival [32m200[0m 11.915 ms - 6037[0m
[0mGET /api/website/catalog/product/search?filter_category=mobile-phone [32m200[0m 20.381 ms - 4809[0m
[0mGET /api/website/autosuggest/search?limit=5&query=a [32m200[0m 31.070 ms - 883[0m
[0mGET /api/website/autosuggest/search?limit=5&query=a%5B [32m200[0m 13.744 ms - 49[0m
[0mGET /api/website/autosuggest/search?limit=5&query=a%5B%5B [32m200[0m 12.075 ms - 49[0m
[0mGET /api/website/autosuggest/search?limit=5&query=a%5B [36m304[0m 14.754 ms - -[0m
[0mGET /api/website/autosuggest/search?limit=5&query=a [36m304[0m 16.584 ms - -[0m
[0mGET /api/website/autosuggest/search?limit=5&query=ap [32m200[0m 18.883 ms - 785[0m
[0mGET /api/website/autosuggest/search?limit=5&query=app [32m200[0m 21.707 ms - 785[0m
[0mGET /api/website/autosuggest/search?limit=5&query=appl [32m200[0m 20.333 ms - 785[0m
[0mGET /api/website/autosuggest/search?limit=5&query=apple [32m200[0m 14.781 ms - 785[0m
[0mGET /api/website/catalog/category/search?queryString=apple [32m200[0m 34.340 ms - 1238[0m
[0mGET /api/website/catalog/product/search?filter_category=apple%20 [32m200[0m 37.829 ms - 62[0m
[0mGET /api/website/category/list [36m304[0m 7.295 ms - -[0m
[0mGET /api/website/category/list [32m200[0m 25.588 ms - 1659[0m
[0mGET /api/website/catalog/category/search?queryString=apple [32m200[0m 34.622 ms - 1238[0m
[0mGET /api/website/catalog/product/search?filter_category=apple [32m200[0m 37.122 ms - 62[0m
[0mGET /api/website/category/list [32m200[0m 3.486 ms - 1659[0m
[0mGET /api/website/image/banner?type=0 [36m304[0m 24.569 ms - -[0m
[0mGET /api/website/category/list [36m304[0m 22.832 ms - -[0m
[0mGET /api/website/image/banner?type=2 [36m304[0m 16.698 ms - -[0m
[0mGET /api/website/image/banner?type=3 [36m304[0m 14.669 ms - -[0m
[0mGET /api/website/image/banner?type=4 [36m304[0m 13.844 ms - -[0m
[0mGET /api/website/popular/category-list [36m304[0m 25.848 ms - -[0m
[0mGET /api/website/brand-list [36m304[0m 16.151 ms - -[0m
[0mGET /api/website/flash-sale [36m304[0m 15.362 ms - -[0m
[0mGET /api/website/product/new-arrival [36m304[0m 30.249 ms - -[0m
[0mGET /api/website/catalog/product/search?filter_category=mobile-phone [36m304[0m 39.204 ms - -[0m
[0mGET /api/website/image/banner?type=0 [32m200[0m 15.485 ms - 264[0m
[0mGET /api/website/image/banner?type=3 [32m200[0m 13.101 ms - 260[0m
[0mGET /api/website/image/banner?type=2 [32m200[0m 14.168 ms - 270[0m
[0mGET /api/website/image/banner?type=4 [32m200[0m 12.665 ms - 152[0m
[0mGET /api/website/category/list [32m200[0m 15.050 ms - 1659[0m
[0mGET /api/website/category/list [32m200[0m 19.212 ms - 1659[0m
[0mGET /api/website/popular/category-list [32m200[0m 10.771 ms - 406[0m
[0mGET /api/website/brand-list [32m200[0m 7.710 ms - 850[0m
[0mGET /api/website/flash-sale [32m200[0m 6.788 ms - 49[0m
[0mGET /api/website/product/new-arrival [32m200[0m 14.132 ms - 6037[0m
[0mGET /api/website/catalog/product/search?filter_category=mobile-phone [32m200[0m 30.536 ms - 4809[0m
[0mGET /api/website/autosuggest/search?limit=5&query=sa [32m200[0m 20.366 ms - 268[0m
[0mGET /api/website/autosuggest/search?limit=5&query=sam [32m200[0m 12.470 ms - 268[0m
[0mGET /api/website/catalog/category/search?queryString=samsung [32m200[0m 26.080 ms - 1238[0m
[0mGET /api/website/catalog/product/search?filter_category=samsung%20 [32m200[0m 36.507 ms - 1313[0m
[0mGET /api/website/category/list [36m304[0m 5.851 ms - -[0m
[0mGET /api/website/category/list [32m200[0m 26.936 ms - 1659[0m
[0mGET /api/website/catalog/category/search?queryString=samsung [32m200[0m 33.205 ms - 1238[0m
[0mGET /api/website/catalog/product/search?filter_category=samsung [32m200[0m 40.835 ms - 1313[0m
[0mGET /api/website/category/list [32m200[0m 4.307 ms - 1659[0m
[0mGET /api/website/category/list [36m304[0m 16.923 ms - -[0m
[0mGET /api/website/catalog/category/search?queryString=mobile-phone [36m304[0m 51.914 ms - -[0m
[0mGET /api/website/catalog/product/search?filter_category=mobile-phone [36m304[0m 58.756 ms - -[0m
[0mGET /api/website/category/list [36m304[0m 7.627 ms - -[0m
[0mGET /api/website/category/list [36m304[0m 15.599 ms - -[0m
[0mGET /api/website/catalog/category/search?queryString=electronics [32m200[0m 32.545 ms - 1415[0m
[0mGET /api/website/catalog/product/search?filter_category=electronics [36m304[0m 37.538 ms - -[0m
[0mGET /api/website/category/list [36m304[0m 2.817 ms - -[0m
[0mGET /api/website/category/list [36m304[0m 8.875 ms - -[0m
[0mGET /api/website/catalog/category/search?queryString=null [32m200[0m 19.270 ms - 62[0m
[0mGET /api/website/catalog/product/search?filter_category=null [32m200[0m 21.624 ms - 62[0m
[0mGET /api/website/category/list [36m304[0m 4.699 ms - -[0m
[0mGET /api/website/autosuggest/search?limit=5&query=i [32m200[0m 36.742 ms - 3728[0m
[0mGET /api/website/autosuggest/search?limit=5&query=ip [32m200[0m 19.776 ms - 3528[0m
[0mGET /api/website/autosuggest/search?limit=5&query=iph [32m200[0m 16.435 ms - 3011[0m
[0mGET /api/website/autosuggest/search?limit=5&query=ipho [32m200[0m 19.468 ms - 3011[0m
[0mGET /api/website/autosuggest/search?limit=5&query=iphone [32m200[0m 20.739 ms - 3011[0m
[0mGET /api/website/catalog/category/search?queryString=iphone%2013 [32m200[0m 14.468 ms - 62[0m
[0mGET /api/website/catalog/product/search?filter_category=iphone%2013%20 [32m200[0m 23.558 ms - 499[0m
[0mGET /api/website/catalog/product/search?filter_category=iphone%2013%20 [36m304[0m 10.312 ms - -[0m
[0mGET /api/website/category/list [36m304[0m 3.596 ms - -[0m
[0mGET /api/website/image/banner?type=0 [36m304[0m 13.000 ms - -[0m
[0mGET /api/website/image/banner?type=2 [36m304[0m 12.656 ms - -[0m
[0mGET /api/website/category/list [36m304[0m 15.979 ms - -[0m
[0mGET /api/website/image/banner?type=4 [36m304[0m 23.652 ms - -[0m
[0mGET /api/website/image/banner?type=3 [36m304[0m 24.495 ms - -[0m
[0mGET /api/website/popular/category-list [36m304[0m 26.127 ms - -[0m
[0mGET /api/website/brand-list [36m304[0m 24.040 ms - -[0m
[0mGET /api/website/product/new-arrival [36m304[0m 22.959 ms - -[0m
[0mGET /api/website/flash-sale [36m304[0m 20.471 ms - -[0m
[0mGET /api/website/catalog/product/search?filter_category=mobile-phone [36m304[0m 29.376 ms - -[0m
[0mGET /api/website/image/banner?type=0 [32m200[0m 19.936 ms - 264[0m
[0mGET /api/website/category/list [32m200[0m 24.843 ms - 1659[0m
[0mGET /api/website/image/banner?type=2 [32m200[0m 25.704 ms - 270[0m
[0mGET /api/website/image/banner?type=3 [32m200[0m 30.642 ms - 260[0m
[0mGET /api/website/image/banner?type=4 [32m200[0m 25.539 ms - 152[0m
[0mGET /api/website/category/list [32m200[0m 26.365 ms - 1659[0m
[0mGET /api/website/popular/category-list [32m200[0m 16.937 ms - 406[0m
[0mGET /api/website/brand-list [32m200[0m 20.880 ms - 850[0m
[0mGET /api/website/flash-sale [32m200[0m 22.011 ms - 49[0m
[0mGET /api/website/product/new-arrival [32m200[0m 28.408 ms - 6037[0m
[0mGET /api/website/catalog/product/search?filter_category=mobile-phone [32m200[0m 44.319 ms - 4809[0m
[0mGET /api/website/catalog/category/search?queryString=mobile-phone [32m200[0m 34.422 ms - 2460[0m
[0mGET /api/website/catalog/product/search?filter_category=mobile-phone [32m200[0m 47.680 ms - 4809[0m
[0mGET /api/website/category/list [32m200[0m 5.073 ms - 1659[0m
[0mGET /api/website/image/banner?type=0 [36m304[0m 11.844 ms - -[0m
[0mGET /api/website/category/list [36m304[0m 16.284 ms - -[0m
[0mGET /api/website/image/banner?type=3 [36m304[0m 13.883 ms - -[0m
[0mGET /api/website/image/banner?type=2 [36m304[0m 15.751 ms - -[0m
[0mGET /api/website/image/banner?type=4 [36m304[0m 13.633 ms - -[0m
[0mGET /api/website/popular/category-list [36m304[0m 15.524 ms - -[0m
[0mGET /api/website/brand-list [36m304[0m 13.477 ms - -[0m
[0mGET /api/website/flash-sale [36m304[0m 13.055 ms - -[0m
[0mGET /api/website/product/new-arrival [36m304[0m 14.546 ms - -[0m
[0mGET /api/website/catalog/product/search?filter_category=mobile-phone [36m304[0m 32.811 ms - -[0m
[0mGET /api/website/autosuggest/search?limit=5&query=s [32m200[0m 20.472 ms - 352[0m
[0mGET /api/website/autosuggest/search?limit=5&query=sm [32m200[0m 12.856 ms - 132[0m
[0mGET /api/website/autosuggest/search?limit=5&query=sma [32m200[0m 16.905 ms - 132[0m
[0mGET /api/website/autosuggest/search?limit=5&query=smar [32m200[0m 15.135 ms - 132[0m
[0mGET /api/website/autosuggest/search?limit=5&query=smart [32m200[0m 14.152 ms - 132[0m
[0mGET /api/website/catalog/category/search?queryString=smart [32m200[0m 23.235 ms - 62[0m
[0mGET /api/website/catalog/product/search?filter_category=smart%20 [32m200[0m 23.289 ms - 62[0m
[0mGET /api/website/category/list [36m304[0m 11.242 ms - -[0m
[0mGET /api/website/catalog/category/search?queryString=smart [36m304[0m 17.855 ms - -[0m
[0mGET /api/website/catalog/product/search?filter_category=smart [32m200[0m 24.199 ms - 62[0m
[0mGET /api/website/category/list [36m304[0m 4.648 ms - -[0m
[0mGET /api/website/autosuggest/search?limit=5&query=s [36m304[0m 15.985 ms - -[0m
[0mGET /api/website/autosuggest/search?limit=5&query=sa [36m304[0m 13.861 ms - -[0m
[0mGET /api/website/autosuggest/search?limit=5&query=sam [36m304[0m 12.762 ms - -[0m
[0mGET /api/website/autosuggest/search?limit=5&query=sa [36m304[0m 14.011 ms - -[0m
[0mGET /api/website/autosuggest/search?limit=5&query=s [36m304[0m 15.743 ms - -[0m
[0mGET /api/website/autosuggest/search?limit=5&query=sma [36m304[0m 13.559 ms - -[0m
[0mGET /api/website/autosuggest/search?limit=5&query=smar [36m304[0m 12.058 ms - -[0m
[0mGET /api/website/autosuggest/search?limit=5&query=smart [36m304[0m 14.769 ms - -[0m
[0mGET /api/website/autosuggest/search?limit=5&query=smart%20 [32m200[0m 8.465 ms - 132[0m
[0mGET /api/website/autosuggest/search?limit=5&query=smart%20ph [32m200[0m 12.389 ms - 90[0m
[0mGET /api/website/autosuggest/search?limit=5&query=smart%20pho [32m200[0m 11.710 ms - 90[0m
[0mGET /api/website/autosuggest/search?limit=5&query=smart%20phone [32m200[0m 12.888 ms - 90[0m
[0mGET /api/website/catalog/category/search?queryString=smart%20phone [32m200[0m 9.248 ms - 62[0m
[0mGET /api/website/catalog/product/search?filter_category=smart%20phone%20 [32m200[0m 26.152 ms - 4671[0m
[0mGET /api/website/catalog/product/search?filter_category=smart%20phone%20 [36m304[0m 19.438 ms - -[0m
[0mGET /api/website/category/list [36m304[0m 11.120 ms - -[0m
[0mGET /api/website/catalog/category/search?queryString=smart%20phone [36m304[0m 18.835 ms - -[0m
[0mGET /api/website/catalog/product/search?filter_category=smart%20phone [32m200[0m 28.718 ms - 4671[0m
[0mGET /api/website/category/list [36m304[0m 4.964 ms - -[0m
[0mGET /api/website/catalog/product/search?filter_category=smart%20phone [36m304[0m 20.783 ms - -[0m
[0mGET /api/website/image/banner?type=0 [36m304[0m 13.478 ms - -[0m
[0mGET /api/website/category/list [36m304[0m 16.429 ms - -[0m
[0mGET /api/website/image/banner?type=2 [36m304[0m 17.716 ms - -[0m
[0mGET /api/website/image/banner?type=3 [36m304[0m 13.973 ms - -[0m
[0mGET /api/website/image/banner?type=4 [36m304[0m 21.355 ms - -[0m
[0mGET /api/website/popular/category-list [36m304[0m 22.636 ms - -[0m
[0mGET /api/website/brand-list [36m304[0m 15.403 ms - -[0m
[0mGET /api/website/flash-sale [36m304[0m 14.439 ms - -[0m
[0mGET /api/website/product/new-arrival [36m304[0m 16.544 ms - -[0m
[0mGET /api/website/catalog/product/search?filter_category=mobile-phone [36m304[0m 23.803 ms - -[0m
[0mGET /api/website/autosuggest/search?limit=5&query=i [36m304[0m 59.310 ms - -[0m
[0mGET /api/website/autosuggest/search?limit=5&query=iph [36m304[0m 22.100 ms - -[0m
[0mGET /api/website/autosuggest/search?limit=5&query=ipho [36m304[0m 29.291 ms - -[0m
[0mGET /api/website/autosuggest/search?limit=5&query=iphone [36m304[0m 31.660 ms - -[0m
[0mGET /api/website/category/list [32m200[0m 40.878 ms - 1659[0m
[0mGET /api/website/catalog/category/search?queryString=iphone [32m200[0m 52.446 ms - 2250[0m
[0mGET /api/website/catalog/product/search?filter_category=iphone [32m200[0m 58.512 ms - 3220[0m
[0mGET /api/website/category/list [36m304[0m 5.002 ms - -[0m
[0mGET /api/website/autosuggest/search?limit=5&query=a [36m304[0m 30.671 ms - -[0m
[0mGET /api/website/autosuggest/search?limit=5&query=ap [36m304[0m 24.506 ms - -[0m
[0mGET /api/website/autosuggest/search?limit=5&query=app [36m304[0m 22.806 ms - -[0m
[0mGET /api/website/autosuggest/search?limit=5&query=apple [36m304[0m 24.143 ms - -[0m
[0mGET /api/website/catalog/category/search?queryString=apple [36m304[0m 27.910 ms - -[0m
[0mGET /api/website/catalog/product/search?filter_category=apple%20 [36m304[0m 31.884 ms - -[0m
[0mGET /api/website/catalog/product/search?filter_category=apple%20 [36m304[0m 18.196 ms - -[0m
[0mGET /api/website/category/list [36m304[0m 13.859 ms - -[0m
[0mGET /api/website/catalog/category/search?queryString=apple [36m304[0m 30.121 ms - -[0m
[0mGET /api/website/catalog/product/search?filter_category=apple [36m304[0m 32.258 ms - -[0m
[0mGET /api/website/category/list [36m304[0m 6.395 ms - -[0m
[0mGET /api/website/category/list [32m200[0m 29.345 ms - 1659[0m
[0mGET /api/website/catalog/category/search?queryString=apple [32m200[0m 31.555 ms - 1238[0m
[0mGET /api/website/catalog/product/search?filter_category=apple [32m200[0m 34.784 ms - 62[0m
[0mGET /api/website/category/list [32m200[0m 7.169 ms - 1659[0m
[0mGET /api/website/category/list [36m304[0m 35.184 ms - -[0m
[0mGET /api/website/category/list [36m304[0m 17.760 ms - -[0m
[0mGET /api/website/category/list [36m304[0m 55.839 ms - -[0m
[0mGET /api/website/category/list [32m200[0m 19.312 ms - 1659[0m
[0mGET /api/website/catalog/category/search?queryString=apple [32m200[0m 29.033 ms - 1238[0m
[0mGET /api/website/catalog/product/search?filter_category=apple [32m200[0m 46.967 ms - 62[0m
[0mGET /api/website/category/list [32m200[0m 6.205 ms - 1659[0m
[0mGET /api/website/category/list [36m304[0m 25.712 ms - -[0m
[0mGET /api/website/category/list [32m200[0m 16.076 ms - 1659[0m
[0mGET /api/website/catalog/category/search?queryString=apple [32m200[0m 43.036 ms - 1238[0m
[0mGET /api/website/catalog/product/search?filter_category=apple [32m200[0m 42.196 ms - 62[0m
[0mGET /api/website/category/list [32m200[0m 8.406 ms - 1659[0m
[0mGET /api/website/image/banner?type=2 [36m304[0m 17.578 ms - -[0m
[0mGET /api/website/image/banner?type=0 [36m304[0m 20.718 ms - -[0m
[0mGET /api/website/category/list [36m304[0m 26.113 ms - -[0m
[0mGET /api/website/image/banner?type=3 [36m304[0m 15.616 ms - -[0m
[0mGET /api/website/image/banner?type=4 [36m304[0m 11.780 ms - -[0m
[0mGET /api/website/popular/category-list [36m304[0m 26.924 ms - -[0m
[0mGET /api/website/brand-list [36m304[0m 35.043 ms - -[0m
[0mGET /api/website/flash-sale [36m304[0m 33.650 ms - -[0m
[0mGET /api/website/product/new-arrival [36m304[0m 31.743 ms - -[0m
[0mGET /api/website/catalog/product/search?filter_category=mobile-phone [36m304[0m 39.712 ms - -[0m
[0mOPTIONS /api/auth/seller/login [32m204[0m 10.840 ms - 0[0m
[0mPOST /api/auth/seller/login [32m200[0m 261.880 ms - 212[0m
[0mOPTIONS /api/auth/seller/profile-details [32m204[0m 0.399 ms - 0[0m
[0mOPTIONS /api/seller/dasbhoard/list [32m204[0m 0.195 ms - 0[0m
[0mGET /api/auth/seller/profile-details [32m200[0m 14.340 ms - 154[0m
[0mGET /api/seller/dasbhoard/list [32m200[0m 24.959 ms - 273[0m
[0mOPTIONS /api/seller/product/list [32m204[0m 0.919 ms - 0[0m
[0mGET /api/auth/seller/profile-details [36m304[0m 18.515 ms - -[0m
[0mPOST /api/seller/product/list [32m200[0m 30.449 ms - 1529[0m
[0mOPTIONS /api/auth/seller/login [32m204[0m 1.578 ms - 0[0m
[0mPOST /api/auth/seller/login [32m200[0m 237.168 ms - 212[0m
[0mOPTIONS /api/auth/seller/profile-details [32m204[0m 0.294 ms - 0[0m
[0mOPTIONS /api/seller/dasbhoard/list [32m204[0m 0.307 ms - 0[0m
[0mGET /api/auth/seller/profile-details [32m200[0m 5.437 ms - 148[0m
[0mGET /api/seller/dasbhoard/list [32m200[0m 5.994 ms - 482[0m
[0mOPTIONS /api/seller/product/list [32m204[0m 0.187 ms - 0[0m
[0mGET /api/auth/seller/profile-details [36m304[0m 6.931 ms - -[0m
[0mPOST /api/seller/product/list [32m200[0m 23.363 ms - 50223[0m
[0mOPTIONS /api/category/admin/main-list [32m204[0m 0.240 ms - 0[0m
[0mOPTIONS /api/seller/processor-list [32m204[0m 0.208 ms - 0[0m
[0mOPTIONS /api/seller/brand/list [32m204[0m 0.145 ms - 0[0m
[0mOPTIONS /api/product/color/list [32m204[0m 0.116 ms - 0[0m
[0mGET /api/category/admin/main-list [32m200[0m 6.414 ms - 1915[0m
[0mGET /api/seller/brand/list [32m200[0m 8.139 ms - 2241[0m
[0mGET /api/product/color/list [32m200[0m 8.376 ms - 2712[0m
[0mGET /api/seller/processor-list [32m200[0m 9.722 ms - 49[0m
[0mGET /api/seller/processor-list [36m304[0m 8.041 ms - -[0m
[0mGET /api/seller/brand/list [36m304[0m 7.878 ms - -[0m
[0mGET /api/product/color/list [36m304[0m 10.144 ms - -[0m
[0mGET /api/seller/processor-list [36m304[0m 3.180 ms - -[0m
[0mGET /api/seller/brand/list [36m304[0m 7.751 ms - -[0m
[0mGET /api/product/color/list [36m304[0m 7.658 ms - -[0m
[0mGET /api/seller/processor-list [36m304[0m 3.156 ms - -[0m
[0mGET /api/seller/brand/list [36m304[0m 3.247 ms - -[0m
[0mGET /api/product/color/list [36m304[0m 3.102 ms - -[0m
[0mGET /api/seller/processor-list [36m304[0m 4.257 ms - -[0m
[0mGET /api/seller/brand/list [36m304[0m 4.711 ms - -[0m
[0mGET /api/product/color/list [36m304[0m 5.139 ms - -[0m
[0mGET /api/seller/processor-list [36m304[0m 4.039 ms - -[0m
[0mGET /api/product/color/list [36m304[0m 3.259 ms - -[0m
[0mGET /api/seller/brand/list [36m304[0m 4.358 ms - -[0m
[0mGET /api/seller/processor-list [36m304[0m 2.739 ms - -[0m
[0mGET /api/product/color/list [36m304[0m 2.688 ms - -[0m
[0mGET /api/seller/brand/list [36m304[0m 3.235 ms - -[0m
[0mGET /api/seller/processor-list [36m304[0m 3.646 ms - -[0m
[0mGET /api/seller/brand/list [36m304[0m 4.460 ms - -[0m
[0mGET /api/product/color/list [36m304[0m 4.592 ms - -[0m
[0mOPTIONS /api/seller/product/list-by-id [32m204[0m 0.251 ms - 0[0m
[0mPOST /api/seller/product/list-by-id [32m200[0m 6.587 ms - 3963[0m
[0mOPTIONS /api/seller/product/update [32m204[0m 0.905 ms - 0[0m
[0mPUT /api/seller/product/update [32m200[0m 38.518 ms - 70[0m
[0mOPTIONS /api/auth/seller/profile-details [32m204[0m 0.273 ms - 0[0m
[0mOPTIONS /api/seller/product/list [32m204[0m 0.146 ms - 0[0m
[0mGET /api/auth/seller/profile-details [36m304[0m 4.908 ms - -[0m
[0mPOST /api/seller/product/list [32m200[0m 18.850 ms - 50270[0m
[0mOPTIONS /api/category/admin/main-list [32m204[0m 0.256 ms - 0[0m
[0mOPTIONS /api/seller/processor-list [32m204[0m 0.202 ms - 0[0m
[0mOPTIONS /api/seller/brand/list [32m204[0m 0.168 ms - 0[0m
[0mOPTIONS /api/product/color/list [32m204[0m 0.732 ms - 0[0m
[0mGET /api/category/admin/main-list [36m304[0m 5.782 ms - -[0m
[0mGET /api/seller/brand/list [36m304[0m 4.814 ms - -[0m
[0mGET /api/seller/processor-list [36m304[0m 5.425 ms - -[0m
[0mGET /api/product/color/list [36m304[0m 5.379 ms - -[0m
[0mGET /api/seller/processor-list [36m304[0m 3.542 ms - -[0m
[0mGET /api/seller/brand/list [36m304[0m 3.447 ms - -[0m
[0mGET /api/product/color/list [36m304[0m 3.319 ms - -[0m
[0mOPTIONS /api/seller/product/list-by-id [32m204[0m 0.239 ms - 0[0m
[0mPOST /api/seller/product/list-by-id [32m200[0m 3.857 ms - 340[0m
[0mOPTIONS /api/seller/product/update [32m204[0m 0.389 ms - 0[0m
[0mPUT /api/seller/product/update [32m200[0m 22.621 ms - 70[0m
[0mOPTIONS /api/auth/seller/profile-details [32m204[0m 0.381 ms - 0[0m
[0mOPTIONS /api/seller/product/list [32m204[0m 0.178 ms - 0[0m
[0mGET /api/auth/seller/profile-details [36m304[0m 14.895 ms - -[0m
[0mPOST /api/seller/product/list [32m200[0m 33.882 ms - 50318[0m
[0mOPTIONS /api/category/admin/main-list [32m204[0m 0.289 ms - 0[0m
[0mOPTIONS /api/seller/processor-list [32m204[0m 0.355 ms - 0[0m
[0mOPTIONS /api/seller/brand/list [32m204[0m 0.157 ms - 0[0m
[0mOPTIONS /api/product/color/list [32m204[0m 0.162 ms - 0[0m
[0mGET /api/category/admin/main-list [36m304[0m 5.805 ms - -[0m
[0mGET /api/seller/processor-list [36m304[0m 4.722 ms - -[0m
[0mGET /api/product/color/list [36m304[0m 4.663 ms - -[0m
[0mGET /api/seller/brand/list [36m304[0m 4.574 ms - -[0m
[0mOPTIONS /api/seller/product/list-by-id [32m204[0m 0.223 ms - 0[0m
[0mPOST /api/seller/product/list-by-id [32m200[0m 2.803 ms - 273[0m
[0mOPTIONS /api/seller/product/update [32m204[0m 0.779 ms - 0[0m
[0mPUT /api/seller/product/update [32m200[0m 17.479 ms - 70[0m
[0mOPTIONS /api/auth/seller/profile-details [32m204[0m 0.321 ms - 0[0m
[0mOPTIONS /api/seller/product/list [32m204[0m 0.131 ms - 0[0m
[0mGET /api/auth/seller/profile-details [36m304[0m 14.557 ms - -[0m
[0mPOST /api/seller/product/list [32m200[0m 17.988 ms - 50398[0m
[0mOPTIONS /api/category/admin/main-list [32m204[0m 0.724 ms - 0[0m
[0mOPTIONS /api/seller/processor-list [32m204[0m 0.209 ms - 0[0m
[0mOPTIONS /api/product/color/list [32m204[0m 0.189 ms - 0[0m
[0mOPTIONS /api/seller/brand/list [32m204[0m 0.135 ms - 0[0m
[0mGET /api/seller/processor-list [36m304[0m 3.547 ms - -[0m
[0mGET /api/category/admin/main-list [36m304[0m 4.423 ms - -[0m
[0mGET /api/seller/brand/list [36m304[0m 4.879 ms - -[0m
[0mGET /api/product/color/list [36m304[0m 4.991 ms - -[0m
[0mOPTIONS /api/seller/product/list-by-id [32m204[0m 0.259 ms - 0[0m
[0mPOST /api/seller/product/list-by-id [32m200[0m 3.036 ms - 545[0m
[0mOPTIONS /api/seller/product/update [32m204[0m 0.392 ms - 0[0m
[0mPUT /api/seller/product/update [32m200[0m 13.422 ms - 70[0m
[0mOPTIONS /api/auth/seller/profile-details [32m204[0m 0.247 ms - 0[0m
[0mOPTIONS /api/seller/product/list [32m204[0m 0.128 ms - 0[0m
[0mGET /api/auth/seller/profile-details [36m304[0m 16.834 ms - -[0m
[0mPOST /api/seller/product/list [32m200[0m 19.307 ms - 50481[0m
[0mGET /api/website/image/banner?type=0 [32m200[0m 17.535 ms - 264[0m
[0mGET /api/website/category/list [32m200[0m 22.981 ms - 1659[0m
[0mGET /api/website/image/banner?type=2 [32m200[0m 20.210 ms - 270[0m
[0mGET /api/website/image/banner?type=4 [32m200[0m 18.009 ms - 152[0m
[0mGET /api/website/image/banner?type=3 [32m200[0m 18.431 ms - 260[0m
[0mGET /api/website/popular/category-list [32m200[0m 22.742 ms - 406[0m
[0mGET /api/website/brand-list [32m200[0m 12.962 ms - 850[0m
[0mGET /api/website/category/list [36m304[0m 29.411 ms - -[0m
[0mGET /api/website/product/new-arrival [32m200[0m 33.914 ms - 6037[0m
[0mGET /api/website/flash-sale [32m200[0m 44.436 ms - 49[0m
[0mGET /api/website/catalog/product/search?filter_category=mobile-phone [32m200[0m 60.053 ms - 4809[0m
[0mGET /api/website/autosuggest/search?limit=5&query=s [32m200[0m 10.402 ms - 352[0m
[0mGET /api/website/autosuggest/search?limit=5&query=sm [32m200[0m 7.832 ms - 132[0m
[0mGET /api/website/autosuggest/search?limit=5&query=sma [32m200[0m 6.791 ms - 132[0m
[0mGET /api/website/autosuggest/search?limit=5&query=smar [32m200[0m 6.834 ms - 132[0m
[0mGET /api/website/catalog/category/search?queryString=Smart%20Phone [32m200[0m 9.283 ms - 62[0m
[0mGET /api/website/catalog/product/search?filter_category=Smart%20Phone%20 [32m200[0m 16.727 ms - 4671[0m
[0mGET /api/website/category/list [36m304[0m 2.853 ms - -[0m
[0mGET /api/website/image/banner?type=0 [36m304[0m 7.421 ms - -[0m
[0mGET /api/website/image/banner?type=3 [36m304[0m 6.320 ms - -[0m
[0mGET /api/website/image/banner?type=2 [36m304[0m 6.986 ms - -[0m
[0mGET /api/website/category/list [36m304[0m 9.396 ms - -[0m
[0mGET /api/website/image/banner?type=4 [36m304[0m 11.761 ms - -[0m
[0mGET /api/website/popular/category-list [36m304[0m 14.639 ms - -[0m
[0mGET /api/website/brand-list [36m304[0m 15.475 ms - -[0m
[0mGET /api/website/flash-sale [36m304[0m 10.467 ms - -[0m
[0mGET /api/website/product/new-arrival [36m304[0m 14.002 ms - -[0m
[0mGET /api/website/catalog/product/search?filter_category=mobile-phone [36m304[0m 22.208 ms - -[0m
[0mGET /api/website/autosuggest/search?limit=5&query=sm [36m304[0m 17.686 ms - -[0m
[0mGET /api/website/autosuggest/search?limit=5&query=sma [36m304[0m 5.147 ms - -[0m
[0mGET /api/website/autosuggest/search?limit=5&query=smar [36m304[0m 7.276 ms - -[0m
[0mGET /api/website/autosuggest/search?limit=5&query=smart [32m200[0m 7.332 ms - 132[0m
[0mGET /api/website/catalog/category/search?queryString=Smart%20Phone [36m304[0m 11.872 ms - -[0m
[0mGET /api/website/catalog/product/search?filter_category=Smart%20Phone%20 [36m304[0m 23.564 ms - -[0m
[0mGET /api/website/category/list [36m304[0m 3.269 ms - -[0m
[0mGET /api/website/autosuggest/search?limit=5&query=i [32m200[0m 12.600 ms - 3728[0m
[0mGET /api/website/autosuggest/search?limit=5&query=ip [32m200[0m 13.742 ms - 3528[0m
[0mGET /api/website/autosuggest/search?limit=5&query=iph [32m200[0m 8.593 ms - 3011[0m
[0mGET /api/website/autosuggest/search?limit=5&query=ipho [32m200[0m 6.687 ms - 3011[0m
[0mGET /api/website/autosuggest/search?limit=5&query=iphone [32m200[0m 7.455 ms - 3011[0m
[0mGET /api/website/catalog/category/search?queryString=iphone [32m200[0m 22.862 ms - 2544[0m
[0mGET /api/website/catalog/product/search?filter_category=iphone%20 [0m-[0m - ms - -[0m
[0mGET /api/website/category/list [36m304[0m 3.661 ms - -[0m
[0mGET /api/website/catalog/category/search?queryString=iphone [32m200[0m 15.475 ms - 2544[0m
[0mGET /api/website/catalog/product/search?filter_category=iphone [32m200[0m 24.364 ms - 3220[0m
[0mGET /api/website/category/list [36m304[0m 2.414 ms - -[0m
[0mGET /api/website/category/list [36m304[0m 11.515 ms - -[0m
[0mGET /api/website/catalog/category/search?queryString=iphone [36m304[0m 20.977 ms - -[0m
[0mGET /api/website/catalog/product/search?filter_category=iphone [36m304[0m 29.035 ms - -[0m
[0mGET /api/website/category/list [36m304[0m 4.037 ms - -[0m
[0mGET /api/website/catalog/product/search?filter_category=iphone [32m200[0m 16.178 ms - 3220[0m
[0mGET /api/website/catalog/category/search?queryString=iphone [32m200[0m 18.667 ms - 2544[0m
[0mGET /api/website/catalog/category/search?queryString=iphone [32m200[0m 36.458 ms - 2544[0m
[0mGET /api/website/catalog/category/search?queryString=iphone [32m200[0m 37.998 ms - 2544[0m
[0mGET /api/website/catalog/category/search?queryString=iphone [32m200[0m 56.299 ms - 2544[0m
[0mGET /api/website/catalog/category/search?queryString=iphone [32m200[0m 61.627 ms - 2544[0m
[0mGET /api/website/catalog/category/search?queryString=iphone [32m200[0m 39.923 ms - 2657[0m
[0mGET /api/website/catalog/category/search?queryString=iphone [32m200[0m 44.771 ms - 2901[0m
[0mGET /api/website/category/list [32m200[0m 8.341 ms - 1659[0m
[0mGET /api/website/catalog/category/search?queryString=iphone [32m200[0m 27.614 ms - 2901[0m
[0mGET /api/website/catalog/product/search?filter_category=iphone [32m200[0m 38.430 ms - 3220[0m
[0mGET /api/website/category/list [32m200[0m 5.012 ms - 1659[0m
[0mGET /api/website/autosuggest/search?limit=5&query=s [36m304[0m 11.693 ms - -[0m
[0mGET /api/website/autosuggest/search?limit=5&query=sma [36m304[0m 7.249 ms - -[0m
[0mGET /api/website/autosuggest/search?limit=5&query=smar [36m304[0m 7.720 ms - -[0m
[0mGET /api/website/catalog/category/search?queryString=Smart%20Phone [36m304[0m 12.708 ms - -[0m
[0mGET /api/website/catalog/product/search?filter_category=Smart%20Phone%20 [36m304[0m 21.532 ms - -[0m
[0mGET /api/website/catalog/product/search?filter_category=Smart%20Phone%20 [36m304[0m 15.455 ms - -[0m
[0mGET /api/website/category/list [36m304[0m 4.127 ms - -[0m
[0mGET /api/website/category/list [36m304[0m 4.131 ms - -[0m
[0mGET /api/website/catalog/category/search?queryString=Smart%20Phone [36m304[0m 7.081 ms - -[0m
[0mGET /api/website/catalog/product/search?filter_category=Smart%20Phone [32m200[0m 17.116 ms - 4671[0m
[0mGET /api/website/category/list [36m304[0m 2.991 ms - -[0m
[0mGET /api/website/category/list [32m200[0m 24.714 ms - 1659[0m
[0mGET /api/website/catalog/category/search?queryString=Smart%20Phone [32m200[0m 45.034 ms - 2901[0m
[0mGET /api/website/catalog/product/search?filter_category=Smart%20Phone [32m200[0m 58.171 ms - 4671[0m
[0mGET /api/website/category/list [32m200[0m 4.067 ms - 1659[0m
[0mGET /api/website/catalog/product/search?filter_category=Smart%20Phone [36m304[0m 15.662 ms - -[0m
[0mGET /api/website/catalog/product/search?filter_category=Smart%20Phone [36m304[0m 17.079 ms - -[0m
[0mGET /api/website/image/banner?type=0 [36m304[0m 13.080 ms - -[0m
[0mGET /api/website/image/banner?type=2 [36m304[0m 16.792 ms - -[0m
[0mGET /api/website/category/list [36m304[0m 18.826 ms - -[0m
[0mGET /api/website/image/banner?type=4 [36m304[0m 13.852 ms - -[0m
[0mGET /api/website/image/banner?type=3 [36m304[0m 16.005 ms - -[0m
[0mGET /api/website/brand-list [36m304[0m 23.000 ms - -[0m
[0mGET /api/website/popular/category-list [36m304[0m 30.862 ms - -[0m
[0mGET /api/website/flash-sale [36m304[0m 32.183 ms - -[0m
[0mGET /api/website/product/new-arrival [36m304[0m 33.089 ms - -[0m
[0mGET /api/website/catalog/product/search?filter_category=mobile-phone [36m304[0m 34.337 ms - -[0m
[0mGET /api/website/autosuggest/search?limit=5&query=m [32m200[0m 11.839 ms - 347[0m
[0mGET /api/website/autosuggest/search?limit=5&query=mo [32m200[0m 9.199 ms - 281[0m
[0mGET /api/website/autosuggest/search?limit=5&query=mobi [32m200[0m 8.606 ms - 281[0m
[0mGET /api/website/autosuggest/search?limit=5&query=mobil [32m200[0m 6.544 ms - 281[0m
[0mGET /api/website/autosuggest/search?limit=5&query=mobile [32m200[0m 6.832 ms - 281[0m
[0mGET /api/website/catalog/product/search?filter_category=mobile%20 [0m-[0m - ms - -[0m
[0mGET /api/website/catalog/category/search?queryString=mobile [32m200[0m 25.499 ms - 3111[0m
[0mGET /api/website/category/list [36m304[0m 3.371 ms - -[0m
[0mGET /api/website/catalog/category/search?queryString=mobile [32m200[0m 15.639 ms - 3111[0m
[0mGET /api/website/catalog/product/search?filter_category=mobile [32m200[0m 19.215 ms - 535[0m
[0mGET /api/website/category/list [36m304[0m 3.608 ms - -[0m
[0mGET /api/website/catalog/product/search?filter_category=mobile [36m304[0m 12.812 ms - -[0m
[0mGET /api/website/catalog/product/search?filter_category=mobile [36m304[0m 8.091 ms - -[0m
[0mGET /api/website/image/banner?type=0 [36m304[0m 6.680 ms - -[0m
[0mGET /api/website/image/banner?type=2 [36m304[0m 8.484 ms - -[0m
[0mGET /api/website/category/list [36m304[0m 10.350 ms - -[0m
[0mGET /api/website/image/banner?type=3 [36m304[0m 10.795 ms - -[0m
[0mGET /api/website/image/banner?type=4 [36m304[0m 10.128 ms - -[0m
[0mGET /api/website/popular/category-list [36m304[0m 13.507 ms - -[0m
[0mGET /api/website/brand-list [36m304[0m 10.871 ms - -[0m
[0mGET /api/website/flash-sale [36m304[0m 10.403 ms - -[0m
[0mGET /api/website/product/new-arrival [36m304[0m 15.035 ms - -[0m
[0mGET /api/website/catalog/product/search?filter_category=mobile-phone [36m304[0m 22.175 ms - -[0m
[0mGET /api/website/catalog/product/search?filter_category=mobile [36m304[0m 9.608 ms - -[0m
[0mOPTIONS /api/customer/getUserByEmailId [32m204[0m 2.131 ms - 0[0m
[0mOPTIONS /api/customer/getUserByEmailId [32m204[0m 0.528 ms - 0[0m
[0mOPTIONS /api/customer/getUserByEmailId [32m204[0m 3.261 ms - 0[0m
[0mGET /api/website/brand-list [32m200[0m 25.299 ms - 850[0m
[0mGET /api/website/image/banner?type=0 [32m200[0m 44.358 ms - 264[0m
[0mGET /api/website/image/banner?type=4 [36m304[0m 38.890 ms - -[0m
[0mGET /api/website/image/banner?type=3 [36m304[0m 42.535 ms - -[0m
[0mGET /api/website/image/banner?type=2 [36m304[0m 43.907 ms - -[0m
[0mGET /api/website/category/list [32m200[0m 56.943 ms - 1659[0m
[0mGET /api/website/popular/category-list [32m200[0m 24.391 ms - 406[0m
[0mGET /api/website/category/list [36m304[0m 15.436 ms - -[0m
[0mGET /api/website/flash-sale [32m200[0m 25.714 ms - 49[0m
[0mGET /api/website/product/new-arrival [32m200[0m 41.353 ms - 6037[0m
[0mGET /api/customer/getUserByEmailId [33m403[0m 38.953 ms - 36[0m
[0mGET /api/website/catalog/product/search?filter_category=mobile-phone [32m200[0m 41.292 ms - 4809[0m
[0mGET /api/customer/getUserByEmailId [33m403[0m 1.366 ms - 36[0m
[0mGET /api/customer/getUserByEmailId [33m403[0m 1.009 ms - 36[0m
[0mGET /api/website/product/detail?productId=22&slug=iphone-7-plus-with-facetime-matt-black-128gb-4g-lte-renewed [32m200[0m 63.552 ms - 3048[0m
[0mGET /api/website/relatedProduct?productId=22&slug=iphone-7-plus-with-facetime-matt-black-128gb-4g-lte-renewed [32m200[0m 54.854 ms - 4320[0m
[0mGET /api/website/category/list [36m304[0m 23.346 ms - -[0m
[0mGET /api/website/product/detail?productId=22&slug=iphone-7-plus-with-facetime-matt-black-128gb-4g-lte-renewed [36m304[0m 42.874 ms - -[0m
[0mGET /api/website/relatedProduct?productId=22&slug=iphone-7-plus-with-facetime-matt-black-128gb-4g-lte-renewed [36m304[0m 41.746 ms - -[0m
[0mGET /api/website/product/detail?productId=22&slug=iphone-7-plus-with-facetime-matt-black-128gb-4g-lte-renewed [32m200[0m 39.287 ms - 3048[0m
[0mOPTIONS /api/auth/seller/login [32m204[0m 6.735 ms - 0[0m
[0mPOST /api/auth/seller/login [32m200[0m 263.548 ms - 212[0m
[0mOPTIONS /api/auth/seller/profile-details [32m204[0m 1.153 ms - 0[0m
[0mOPTIONS /api/seller/dasbhoard/list [32m204[0m 0.234 ms - 0[0m
[0mGET /api/auth/seller/profile-details [32m200[0m 12.696 ms - 150[0m
[0mGET /api/seller/dasbhoard/list [36m304[0m 18.378 ms - -[0m
[0mOPTIONS /api/seller/product/list [32m204[0m 0.178 ms - 0[0m
[0mGET /api/auth/seller/profile-details [36m304[0m 5.789 ms - -[0m
[0mPOST /api/seller/product/list [32m200[0m 54.926 ms - 50481[0m
[0mOPTIONS /api/auth/seller/profile-details [32m204[0m 0.398 ms - 0[0m
[0mGET /api/auth/seller/profile-details [36m304[0m 3.231 ms - -[0m
[0mOPTIONS /api/category/admin/main-list [32m204[0m 0.328 ms - 0[0m
[0mOPTIONS /api/seller/processor-list [32m204[0m 0.290 ms - 0[0m
[0mOPTIONS /api/seller/brand/list [32m204[0m 0.970 ms - 0[0m
[0mOPTIONS /api/product/color/list [32m204[0m 0.166 ms - 0[0m
[0mGET /api/category/admin/main-list [36m304[0m 10.290 ms - -[0m
[0mGET /api/seller/brand/list [36m304[0m 9.505 ms - -[0m
[0mGET /api/seller/processor-list [36m304[0m 11.494 ms - -[0m
[0mGET /api/product/color/list [36m304[0m 10.024 ms - -[0m
[0mOPTIONS /api/auth/seller/profile-details [32m204[0m 7.181 ms - 0[0m
[0mOPTIONS /api/category/admin/main-list [32m204[0m 0.395 ms - 0[0m
[0mOPTIONS /api/seller/processor-list [32m204[0m 0.181 ms - 0[0m
[0mOPTIONS /api/seller/brand/list [32m204[0m 0.132 ms - 0[0m
[0mOPTIONS /api/product/color/list [32m204[0m 0.132 ms - 0[0m
[0mGET /api/auth/seller/profile-details [36m304[0m 24.317 ms - -[0m
[0mGET /api/category/admin/main-list [36m304[0m 20.632 ms - -[0m
[0mGET /api/seller/brand/list [36m304[0m 20.415 ms - -[0m
[0mGET /api/seller/processor-list [36m304[0m 21.014 ms - -[0m
[0mGET /api/product/color/list [36m304[0m 17.021 ms - -[0m
[0mOPTIONS /api/auth/seller/profile-details [32m204[0m 1.077 ms - 0[0m
[0mOPTIONS /api/category/admin/main-list [32m204[0m 0.341 ms - 0[0m
[0mOPTIONS /api/seller/processor-list [32m204[0m 0.160 ms - 0[0m
[0mOPTIONS /api/seller/brand/list [32m204[0m 0.203 ms - 0[0m
[0mOPTIONS /api/product/color/list [32m204[0m 0.202 ms - 0[0m
[0mGET /api/auth/seller/profile-details [36m304[0m 17.988 ms - -[0m
[0mGET /api/seller/processor-list [36m304[0m 7.731 ms - -[0m
[0mGET /api/category/admin/main-list [36m304[0m 9.733 ms - -[0m
[0mGET /api/seller/brand/list [36m304[0m 8.427 ms - -[0m
[0mGET /api/product/color/list [36m304[0m 9.691 ms - -[0m
[0mOPTIONS /api/auth/seller/profile-details [32m204[0m 0.932 ms - 0[0m
[0mOPTIONS /api/category/admin/main-list [32m204[0m 0.300 ms - 0[0m
[0mOPTIONS /api/seller/brand/list [32m204[0m 0.191 ms - 0[0m
[0mOPTIONS /api/seller/processor-list [32m204[0m 0.322 ms - 0[0m
[0mOPTIONS /api/product/color/list [32m204[0m 0.211 ms - 0[0m
[0mGET /api/auth/seller/profile-details [36m304[0m 15.086 ms - -[0m
[0mGET /api/category/admin/main-list [36m304[0m 15.133 ms - -[0m
[0mGET /api/seller/brand/list [36m304[0m 14.382 ms - -[0m
[0mGET /api/seller/processor-list [36m304[0m 14.102 ms - -[0m
[0mGET /api/product/color/list [36m304[0m 14.892 ms - -[0m
[0mOPTIONS /api/auth/seller/profile-details [32m204[0m 0.237 ms - 0[0m
[0mOPTIONS /api/seller/product/list [32m204[0m 0.137 ms - 0[0m
[0mPOST /api/seller/product/list [32m200[0m 22.226 ms - 50481[0m
[0mOPTIONS /api/category/admin/main-list [32m204[0m 0.475 ms - 0[0m
[0mOPTIONS /api/seller/processor-list [32m204[0m 0.178 ms - 0[0m
[0mOPTIONS /api/seller/brand/list [32m204[0m 0.142 ms - 0[0m
[0mOPTIONS /api/product/color/list [32m204[0m 0.179 ms - 0[0m
[0mGET /api/seller/processor-list [36m304[0m 5.893 ms - -[0m
[0mGET /api/category/admin/main-list [36m304[0m 6.959 ms - -[0m
[0mGET /api/seller/brand/list [36m304[0m 8.720 ms - -[0m
[0mGET /api/product/color/list [36m304[0m 8.113 ms - -[0m
[0mGET /api/seller/brand/list [36m304[0m 2.869 ms - -[0m
[0mGET /api/seller/processor-list [36m304[0m 4.245 ms - -[0m
[0mGET /api/product/color/list [36m304[0m 3.899 ms - -[0m
[0mGET /api/seller/processor-list [36m304[0m 6.526 ms - -[0m
[0mGET /api/product/color/list [36m304[0m 8.057 ms - -[0m
[0mGET /api/seller/brand/list [36m304[0m 9.491 ms - -[0m
[0mGET /api/seller/processor-list [36m304[0m 5.814 ms - -[0m
[0mGET /api/seller/brand/list [36m304[0m 5.769 ms - -[0m
[0mGET /api/product/color/list [36m304[0m 5.502 ms - -[0m
[0mGET /api/seller/brand/list [36m304[0m 3.530 ms - -[0m
[0mGET /api/seller/processor-list [36m304[0m 5.499 ms - -[0m
[0mGET /api/product/color/list [36m304[0m 2.181 ms - -[0m
[0mGET /api/seller/processor-list [36m304[0m 5.167 ms - -[0m
[0mGET /api/seller/brand/list [36m304[0m 7.684 ms - -[0m
[0mGET /api/product/color/list [36m304[0m 7.504 ms - -[0m
[0mGET /api/seller/processor-list [36m304[0m 15.297 ms - -[0m
[0mGET /api/product/color/list [36m304[0m 12.000 ms - -[0m
[0mGET /api/seller/brand/list [36m304[0m 12.867 ms - -[0m
[0mOPTIONS /api/seller/product/list-by-id [32m204[0m 0.264 ms - 0[0m
[0mGET /api/seller/processor-list [36m304[0m 12.792 ms - -[0m
[0mGET /api/product/color/list [36m304[0m 22.031 ms - -[0m
[0mGET /api/seller/brand/list [36m304[0m 21.751 ms - -[0m
[0mPOST /api/seller/product/list-by-id [32m200[0m 23.128 ms - 3963[0m
[0mOPTIONS /api/auth/seller/profile-details [32m204[0m 1.131 ms - 0[0m
[0mGET /api/auth/seller/profile-details [36m304[0m 10.667 ms - -[0m
[0mOPTIONS /api/category/admin/main-list [32m204[0m 0.320 ms - 0[0m
[0mOPTIONS /api/seller/processor-list [32m204[0m 0.214 ms - 0[0m
[0mOPTIONS /api/seller/brand/list [32m204[0m 0.139 ms - 0[0m
[0mOPTIONS /api/product/color/list [32m204[0m 0.263 ms - 0[0m
[0mGET /api/category/admin/main-list [36m304[0m 6.916 ms - -[0m
[0mGET /api/seller/processor-list [36m304[0m 6.491 ms - -[0m
[0mGET /api/seller/brand/list [36m304[0m 6.368 ms - -[0m
[0mGET /api/product/color/list [36m304[0m 9.354 ms - -[0m
[0mGET /api/seller/processor-list [36m304[0m 2.705 ms - -[0m
[0mGET /api/seller/brand/list [36m304[0m 3.361 ms - -[0m
[0mGET /api/product/color/list [36m304[0m 3.732 ms - -[0m
[0mGET /api/seller/processor-list [36m304[0m 3.093 ms - -[0m
[0mGET /api/seller/brand/list [36m304[0m 3.462 ms - -[0m
[0mGET /api/product/color/list [36m304[0m 3.099 ms - -[0m
[0mGET /api/seller/processor-list [36m304[0m 2.365 ms - -[0m
[0mGET /api/seller/brand/list [36m304[0m 3.034 ms - -[0m
[0mGET /api/product/color/list [36m304[0m 2.967 ms - -[0m
[0mGET /api/seller/processor-list [36m304[0m 3.171 ms - -[0m
[0mGET /api/seller/brand/list [36m304[0m 4.524 ms - -[0m
[0mGET /api/product/color/list [36m304[0m 4.774 ms - -[0m
[0mGET /api/seller/processor-list [36m304[0m 15.861 ms - -[0m
[0mGET /api/seller/brand/list [36m304[0m 18.996 ms - -[0m
[0mGET /api/product/color/list [36m304[0m 25.017 ms - -[0m
[0mGET /api/seller/processor-list [36m304[0m 19.142 ms - -[0m
[0mGET /api/seller/brand/list [36m304[0m 16.321 ms - -[0m
[0mGET /api/product/color/list [36m304[0m 14.862 ms - -[0m
[0mGET /api/seller/processor-list [36m304[0m 6.485 ms - -[0m
[0mGET /api/product/color/list [36m304[0m 6.095 ms - -[0m
[0mGET /api/seller/brand/list [36m304[0m 7.114 ms - -[0m
[0mOPTIONS /api/seller/product/list-by-id [32m204[0m 0.365 ms - 0[0m
[0mPOST /api/seller/product/list-by-id [32m200[0m 5.338 ms - 3963[0m
[0mOPTIONS /api/seller/product/update [32m204[0m 4.133 ms - 0[0m
[0mPUT /api/seller/product/update [32m200[0m 57.832 ms - 70[0m
[0mOPTIONS /api/auth/seller/profile-details [32m204[0m 0.267 ms - 0[0m
[0mOPTIONS /api/seller/product/list [32m204[0m 0.180 ms - 0[0m
[0mPOST /api/seller/product/list [32m200[0m 29.085 ms - 50425[0m
[0mGET /api/auth/seller/profile-details [36m304[0m 28.463 ms - -[0m
[0mOPTIONS /api/category/admin/main-list [32m204[0m 0.438 ms - 0[0m
[0mOPTIONS /api/seller/processor-list [32m204[0m 0.263 ms - 0[0m
[0mOPTIONS /api/product/color/list [32m204[0m 0.271 ms - 0[0m
[0mOPTIONS /api/seller/brand/list [32m204[0m 0.281 ms - 0[0m
[0mGET /api/category/admin/main-list [36m304[0m 8.428 ms - -[0m
[0mGET /api/seller/brand/list [36m304[0m 7.658 ms - -[0m
[0mGET /api/product/color/list [36m304[0m 9.126 ms - -[0m
[0mGET /api/seller/processor-list [36m304[0m 8.683 ms - -[0m
[0mGET /api/seller/brand/list [36m304[0m 15.679 ms - -[0m
[0mGET /api/seller/processor-list [36m304[0m 16.745 ms - -[0m
[0mGET /api/product/color/list [36m304[0m 17.552 ms - -[0m
[0mGET /api/seller/processor-list [36m304[0m 3.144 ms - -[0m
[0mGET /api/product/color/list [36m304[0m 3.135 ms - -[0m
[0mGET /api/seller/brand/list [36m304[0m 6.607 ms - -[0m
[0mGET /api/seller/processor-list [36m304[0m 9.363 ms - -[0m
[0mGET /api/product/color/list [36m304[0m 4.029 ms - -[0m
[0mGET /api/seller/brand/list [36m304[0m 5.170 ms - -[0m
[0mGET /api/seller/processor-list [36m304[0m 3.127 ms - -[0m
[0mGET /api/seller/brand/list [36m304[0m 4.055 ms - -[0m
[0mGET /api/product/color/list [36m304[0m 4.305 ms - -[0m
[0mGET /api/seller/processor-list [36m304[0m 3.308 ms - -[0m
[0mGET /api/seller/brand/list [36m304[0m 3.741 ms - -[0m
[0mGET /api/product/color/list [36m304[0m 3.541 ms - -[0m
[0mGET /api/seller/processor-list [36m304[0m 3.353 ms - -[0m
[0mGET /api/product/color/list [36m304[0m 3.515 ms - -[0m
[0mGET /api/seller/brand/list [36m304[0m 4.250 ms - -[0m
[0mGET /api/seller/processor-list [36m304[0m 3.538 ms - -[0m
[0mGET /api/seller/brand/list [36m304[0m 3.710 ms - -[0m
[0mGET /api/product/color/list [36m304[0m 3.586 ms - -[0m
[0mOPTIONS /api/seller/product/list-by-id [32m204[0m 0.227 ms - 0[0m
[0mPOST /api/seller/product/list-by-id [32m200[0m 6.466 ms - 3963[0m
[0mOPTIONS /api/seller/product/list [32m204[0m 0.279 ms - 0[0m
[0mPOST /api/seller/product/list [32m200[0m 16.445 ms - 50425[0m
[0mOPTIONS /api/category/admin/main-list [32m204[0m 0.372 ms - 0[0m
[0mOPTIONS /api/seller/processor-list [32m204[0m 0.222 ms - 0[0m
[0mOPTIONS /api/seller/brand/list [32m204[0m 0.159 ms - 0[0m
[0mOPTIONS /api/product/color/list [32m204[0m 0.184 ms - 0[0m
[0mGET /api/category/admin/main-list [36m304[0m 5.690 ms - -[0m
[0mGET /api/seller/processor-list [36m304[0m 4.747 ms - -[0m
[0mGET /api/seller/brand/list [36m304[0m 6.043 ms - -[0m
[0mGET /api/product/color/list [36m304[0m 5.925 ms - -[0m
[0mOPTIONS /api/seller/product/list-by-id [32m204[0m 0.282 ms - 0[0m
[0mGET /api/seller/processor-list [36m304[0m 11.926 ms - -[0m
[0mGET /api/seller/brand/list [36m304[0m 10.862 ms - -[0m
[0mGET /api/product/color/list [36m304[0m 11.183 ms - -[0m
[0mPOST /api/seller/product/list-by-id [32m200[0m 5.806 ms - 340[0m
[0mOPTIONS /api/seller/product/update [32m204[0m 0.409 ms - 0[0m
[0mPUT /api/seller/product/update [32m200[0m 11.049 ms - 70[0m
[0mOPTIONS /api/auth/seller/profile-details [32m204[0m 0.356 ms - 0[0m
[0mOPTIONS /api/seller/product/list [32m204[0m 0.165 ms - 0[0m
[0mGET /api/auth/seller/profile-details [36m304[0m 10.566 ms - -[0m
[0mPOST /api/seller/product/list [32m200[0m 22.837 ms - 50418[0m
[0mOPTIONS /api/category/admin/main-list [32m204[0m 0.976 ms - 0[0m
[0mOPTIONS /api/seller/processor-list [32m204[0m 0.195 ms - 0[0m
[0mOPTIONS /api/seller/brand/list [32m204[0m 0.129 ms - 0[0m
[0mOPTIONS /api/product/color/list [32m204[0m 0.115 ms - 0[0m
[0mGET /api/category/admin/main-list [36m304[0m 4.034 ms - -[0m
[0mGET /api/seller/processor-list [36m304[0m 4.647 ms - -[0m
[0mGET /api/seller/brand/list [36m304[0m 4.480 ms - -[0m
[0mGET /api/product/color/list [36m304[0m 4.389 ms - -[0m
[0mOPTIONS /api/seller/product/list-by-id [32m204[0m 0.251 ms - 0[0m
[0mPOST /api/seller/product/list-by-id [32m200[0m 2.599 ms - 273[0m
[0mOPTIONS /api/seller/product/update [32m204[0m 0.452 ms - 0[0m
[0mPUT /api/seller/product/update [32m200[0m 14.015 ms - 70[0m
[0mOPTIONS /api/auth/seller/profile-details [32m204[0m 0.302 ms - 0[0m
[0mOPTIONS /api/seller/product/list [32m204[0m 0.139 ms - 0[0m
[0mGET /api/auth/seller/profile-details [36m304[0m 6.479 ms - -[0m
[0mPOST /api/seller/product/list [32m200[0m 26.371 ms - 50414[0m
[0mOPTIONS /api/category/admin/main-list [32m204[0m 0.386 ms - 0[0m
[0mOPTIONS /api/seller/processor-list [32m204[0m 0.132 ms - 0[0m
[0mOPTIONS /api/seller/brand/list [32m204[0m 0.158 ms - 0[0m
[0mOPTIONS /api/product/color/list [32m204[0m 0.124 ms - 0[0m
[0mGET /api/category/admin/main-list [36m304[0m 8.051 ms - -[0m
[0mGET /api/seller/processor-list [36m304[0m 7.586 ms - -[0m
[0mGET /api/product/color/list [36m304[0m 7.426 ms - -[0m
[0mGET /api/seller/brand/list [36m304[0m 7.284 ms - -[0m
[0mOPTIONS /api/seller/product/list-by-id [32m204[0m 2.604 ms - 0[0m
[0mPOST /api/seller/product/list-by-id [32m200[0m 3.291 ms - 545[0m
[0mOPTIONS /api/seller/product/update [32m204[0m 0.323 ms - 0[0m
[0mPUT /api/seller/product/update [32m200[0m 11.503 ms - 70[0m
[0mOPTIONS /api/auth/seller/profile-details [32m204[0m 0.372 ms - 0[0m
[0mOPTIONS /api/seller/product/list [32m204[0m 0.135 ms - 0[0m
[0mGET /api/auth/seller/profile-details [36m304[0m 4.909 ms - -[0m
[0mPOST /api/seller/product/list [32m200[0m 16.620 ms - 50410[0m
[0mOPTIONS /api/customer/getUserByEmailId [32m204[0m 0.344 ms - 0[0m
[0mGET /api/website/category/list [36m304[0m 32.765 ms - -[0m
[0mOPTIONS /api/customer/getUserByEmailId [32m204[0m 0.204 ms - 0[0m
[0mOPTIONS /api/customer/getUserByEmailId [32m204[0m 0.225 ms - 0[0m
[0mGET /api/website/image/banner?type=2 [36m304[0m 29.546 ms - -[0m
[0mGET /api/website/image/banner?type=0 [36m304[0m 26.179 ms - -[0m
[0mGET /api/website/image/banner?type=3 [36m304[0m 40.161 ms - -[0m
[0mGET /api/website/image/banner?type=4 [36m304[0m 38.209 ms - -[0m
[0mGET /api/website/popular/category-list [36m304[0m 22.457 ms - -[0m
[0mGET /api/website/brand-list [36m304[0m 16.617 ms - -[0m
[0mGET /api/website/flash-sale [36m304[0m 26.112 ms - -[0m
[0mGET /api/website/product/new-arrival [36m304[0m 33.657 ms - -[0m
[0mGET /api/customer/getUserByEmailId [33m403[0m 17.301 ms - 36[0m
[0mGET /api/website/category/list [36m304[0m 7.118 ms - -[0m
[0mGET /api/customer/getUserByEmailId [33m403[0m 2.730 ms - 36[0m
[0mGET /api/customer/getUserByEmailId [33m403[0m 1.775 ms - 36[0m
[0mGET /api/website/catalog/product/search?filter_category=mobile-phone [36m304[0m 38.572 ms - -[0m
[0mGET /api/website/product/detail?productId=22&slug=iphone-7-plus-with-facetime-matt-black-128gb-4g-lte-renewed [36m304[0m 64.383 ms - -[0m
[0mGET /api/website/relatedProduct?productId=22&slug=iphone-7-plus-with-facetime-matt-black-128gb-4g-lte-renewed [36m304[0m 62.842 ms - -[0m
[0mGET /api/website/product/detail?productId=22&slug=iphone-7-plus-with-facetime-matt-black-128gb-4g-lte-renewed [32m200[0m 48.679 ms - 3048[0m
[0mGET /api/website/product/detail?productId=26&slug=iphone-7-plus-with-facetime-silver-256-gb-4g-lte-renewed [32m200[0m 80.699 ms - 2456[0m
[0mGET /api/website/relatedProduct?productId=26&slug=iphone-7-plus-with-facetime-silver-256-gb-4g-lte-renewed [32m200[0m 53.469 ms - 4145[0m
[0mGET /api/website/product/detail?productId=27&slug=iphone-7-plus-with-facetime-gold-256-gb-4g-lte-renewed [32m200[0m 39.784 ms - 2452[0m
[0mGET /api/website/relatedProduct?productId=27&slug=iphone-7-plus-with-facetime-gold-256-gb-4g-lte-renewed [32m200[0m 36.534 ms - 4145[0m
[0mGET /api/website/product/detail?productId=28&slug=iphone-7-plus-with-facetime-rose-gold-256-gb-4g-lte-renewed [32m200[0m 37.141 ms - 2374[0m
[0mGET /api/website/relatedProduct?productId=28&slug=iphone-7-plus-with-facetime-rose-gold-256-gb-4g-lte-renewed [32m200[0m 32.937 ms - 4145[0m
[0mGET /api/website/product/detail?productId=25&slug=iphone-7-plus-with-facetime-matt-black-256-gb-4g-lte-renewed [32m200[0m 30.952 ms - 2466[0m
[0mGET /api/website/relatedProduct?productId=25&slug=iphone-7-plus-with-facetime-matt-black-256-gb-4g-lte-renewed [32m200[0m 29.757 ms - 4145[0m
[0mGET /api/website/relatedProduct?productId=26&slug=iphone-7-plus-with-facetime-silver-256-gb-4g-lte-renewed [36m304[0m 27.334 ms - -[0m
[0mGET /api/website/product/detail?productId=26&slug=iphone-7-plus-with-facetime-silver-256-gb-4g-lte-renewed [36m304[0m 31.359 ms - -[0m
[0mGET /api/website/relatedProduct?productId=27&slug=iphone-7-plus-with-facetime-gold-256-gb-4g-lte-renewed [36m304[0m 25.253 ms - -[0m
[0mGET /api/website/product/detail?productId=27&slug=iphone-7-plus-with-facetime-gold-256-gb-4g-lte-renewed [36m304[0m 30.961 ms - -[0m
[0mGET /api/website/product/detail?productId=28&slug=iphone-7-plus-with-facetime-rose-gold-256-gb-4g-lte-renewed [36m304[0m 33.362 ms - -[0m
[0mGET /api/website/relatedProduct?productId=28&slug=iphone-7-plus-with-facetime-rose-gold-256-gb-4g-lte-renewed [36m304[0m 31.525 ms - -[0m
[0mGET /api/website/relatedProduct?productId=25&slug=iphone-7-plus-with-facetime-matt-black-256-gb-4g-lte-renewed [36m304[0m 23.657 ms - -[0m
[0mGET /api/website/product/detail?productId=25&slug=iphone-7-plus-with-facetime-matt-black-256-gb-4g-lte-renewed [36m304[0m 31.834 ms - -[0m
[0mGET /api/website/image/banner?type=0 [36m304[0m 20.243 ms - -[0m
[0mGET /api/website/category/list [36m304[0m 21.454 ms - -[0m
[0mGET /api/website/image/banner?type=2 [36m304[0m 19.655 ms - -[0m
[0mGET /api/website/image/banner?type=3 [36m304[0m 22.654 ms - -[0m
[0mGET /api/website/image/banner?type=4 [36m304[0m 34.713 ms - -[0m
[0mGET /api/website/popular/category-list [36m304[0m 34.733 ms - -[0m
[0mGET /api/website/brand-list [36m304[0m 27.761 ms - -[0m
[0mGET /api/website/flash-sale [36m304[0m 35.340 ms - -[0m
[0mGET /api/website/product/new-arrival [36m304[0m 32.365 ms - -[0m
[0mGET /api/website/catalog/product/search?filter_category=mobile-phone [36m304[0m 48.281 ms - -[0m
[0mGET /api/website/relatedProduct?productId=22&slug=iphone-7-plus-with-facetime-matt-black-128gb-4g-lte-renewed [36m304[0m 56.046 ms - -[0m
[0mGET /api/website/product/detail?productId=22&slug=iphone-7-plus-with-facetime-matt-black-128gb-4g-lte-renewed [36m304[0m 59.616 ms - -[0m
[0mGET /api/website/product/detail?productId=26&slug=iphone-7-plus-with-facetime-silver-256-gb-4g-lte-renewed [36m304[0m 68.310 ms - -[0m
[0mGET /api/website/relatedProduct?productId=26&slug=iphone-7-plus-with-facetime-silver-256-gb-4g-lte-renewed [36m304[0m 58.893 ms - -[0m
[0mGET /api/website/image/banner?type=0 [36m304[0m 13.182 ms - -[0m
[0mGET /api/website/category/list [36m304[0m 15.368 ms - -[0m
[0mGET /api/website/image/banner?type=2 [36m304[0m 18.482 ms - -[0m
[0mGET /api/website/image/banner?type=3 [36m304[0m 18.998 ms - -[0m
[0mGET /api/website/image/banner?type=4 [36m304[0m 25.278 ms - -[0m
[0mGET /api/website/popular/category-list [36m304[0m 24.071 ms - -[0m
[0mGET /api/website/brand-list [36m304[0m 20.867 ms - -[0m
[0mGET /api/website/flash-sale [36m304[0m 24.498 ms - -[0m
[0mGET /api/website/product/new-arrival [36m304[0m 19.945 ms - -[0m
[0mGET /api/website/catalog/product/search?filter_category=mobile-phone [36m304[0m 30.309 ms - -[0m
[0mGET /api/website/product/detail?productId=22&slug=iphone-7-plus-with-facetime-matt-black-128gb-4g-lte-renewed [36m304[0m 87.283 ms - -[0m
[0mGET /api/website/relatedProduct?productId=22&slug=iphone-7-plus-with-facetime-matt-black-128gb-4g-lte-renewed [36m304[0m 84.909 ms - -[0m
[0mGET /api/website/category/list [32m200[0m 18.988 ms - 1659[0m
[0mGET /api/website/product/detail?productId=22&slug=iphone-7-plus-with-facetime-matt-black-128gb-4g-lte-renewed [32m200[0m 42.920 ms - 3048[0m
[0mGET /api/website/relatedProduct?productId=22&slug=iphone-7-plus-with-facetime-matt-black-128gb-4g-lte-renewed [32m200[0m 38.427 ms - 4320[0m
[0mGET /api/website/product/detail?productId=22&slug=iphone-7-plus-with-facetime-matt-black-128gb-4g-lte-renewed [32m200[0m 49.814 ms - 3048[0m
