[0mGET /api/website/image/banner?type=0 [32m200[0m 136.294 ms - 523[0m
[0mGET /api/website/collection/list [32m200[0m 133.948 ms - 4602[0m
[0mGET /api/website/popular/category-list [32m200[0m 145.461 ms - 8161[0m
[0mGET /api/website/category/list [32m200[0m 153.684 ms - 30069[0m
[0mGET /api/website/flash-sale [32m200[0m 6.901 ms - 49[0m
[0mGET /api/website/product/women-fashion [32m200[0m 239.823 ms - 7718[0m
[0mGET /api/website/product/home-kitchen [32m200[0m 246.399 ms - 15246[0m
[0mGET /api/website/product/men-fashion [32m200[0m 100.358 ms - 6402[0m
[0mGET /api/website/product?type=makeup [32m200[0m 119.675 ms - 3194[0m
[0mGET /api/website/product/new-arrival [32m200[0m 257.495 ms - 68077[0m
[0mGET /api/website/product?type=shampoo [32m200[0m 268.413 ms - 6949[0m
[0mGET /api/website/image/banner?type=0 [36m304[0m 4.760 ms - -[0m
[0mGET /api/website/popular/category-list [36m304[0m 37.898 ms - -[0m
[0mGET /api/website/collection/list [36m304[0m 45.317 ms - -[0m
[0mGET /api/website/category/list [36m304[0m 55.822 ms - -[0m
[0mGET /api/website/flash-sale [36m304[0m 11.082 ms - -[0m
[0mGET /api/website/product/women-fashion [36m304[0m 93.872 ms - -[0m
[0mGET /api/website/product?type=makeup [36m304[0m 89.231 ms - -[0m
[0mGET /api/website/product/men-fashion [36m304[0m 42.835 ms - -[0m
[0mGET /api/website/product/home-kitchen [36m304[0m 92.820 ms - -[0m
[0mGET /api/website/product?type=shampoo [36m304[0m 47.724 ms - -[0m
[0mGET /api/website/product/new-arrival [36m304[0m 62.621 ms - -[0m
[0mGET /api/website/image/banner?type=0 [32m200[0m 26.818 ms - 523[0m
[0mGET /api/website/collection/list [32m200[0m 62.566 ms - 4602[0m
[0mGET /api/website/popular/category-list [32m200[0m 65.033 ms - 8161[0m
[0mGET /api/website/category/list [32m200[0m 69.305 ms - 30069[0m
[0mGET /api/website/flash-sale [32m200[0m 10.914 ms - 49[0m
[0mGET /api/website/product/home-kitchen [32m200[0m 109.039 ms - 15246[0m
[0mGET /api/website/product/women-fashion [32m200[0m 108.682 ms - 7718[0m
[0mGET /api/website/product?type=makeup [32m200[0m 65.072 ms - 3194[0m
[0mGET /api/website/product?type=shampoo [32m200[0m 48.886 ms - 6949[0m
[0mGET /api/website/product/men-fashion [32m200[0m 45.648 ms - 6402[0m
[0mGET /api/website/product/new-arrival [32m200[0m 125.297 ms - 68077[0m
[0mGET /api/website/image/banner?type=0 [32m200[0m 24.395 ms - 523[0m
[0mGET /api/website/popular/category-list [32m200[0m 65.960 ms - 8161[0m
[0mGET /api/website/collection/list [32m200[0m 65.606 ms - 4602[0m
[0mGET /api/website/category/list [32m200[0m 70.541 ms - 30069[0m
[0mGET /api/website/flash-sale [32m200[0m 4.720 ms - 49[0m
[0mGET /api/website/product/women-fashion [32m200[0m 96.950 ms - 7718[0m
[0mGET /api/website/product/home-kitchen [32m200[0m 98.624 ms - 15246[0m
[0mGET /api/website/product?type=shampoo [32m200[0m 115.636 ms - 6949[0m
[0mGET /api/website/product/men-fashion [32m200[0m 59.945 ms - 6402[0m
[0mGET /api/website/product/new-arrival [32m200[0m 56.624 ms - 68077[0m
[0mGET /api/website/product?type=makeup [32m200[0m 73.531 ms - 3194[0m
[0mGET /api/website/image/banner?type=0 [32m200[0m 13.496 ms - 523[0m
[0mGET /api/website/category/list [32m200[0m 33.357 ms - 30069[0m
[0mGET /api/website/collection/list [32m200[0m 34.982 ms - 4602[0m
[0mGET /api/website/popular/category-list [32m200[0m 39.429 ms - 8161[0m
[0mGET /api/website/flash-sale [32m200[0m 9.051 ms - 49[0m
[0mGET /api/website/product/home-kitchen [32m200[0m 91.028 ms - 15246[0m
[0mGET /api/website/product?type=makeup [32m200[0m 85.653 ms - 3194[0m
[0mGET /api/website/product?type=shampoo [32m200[0m 57.759 ms - 6949[0m
[0mGET /api/website/product/new-arrival [32m200[0m 44.628 ms - 68077[0m
[0mGET /api/website/product/women-fashion [32m200[0m 92.983 ms - 7718[0m
[0mGET /api/website/product/men-fashion [32m200[0m 49.440 ms - 6402[0m
[0mOPTIONS /api/auth/seller/login [32m204[0m 6.359 ms - 0[0m
[0mPOST /api/auth/seller/login [32m200[0m 335.113 ms - 214[0m
[0mOPTIONS /api/auth/seller/profile-details [32m204[0m 0.361 ms - 0[0m
[0mOPTIONS /api/seller/dasbhoard/list [32m204[0m 0.193 ms - 0[0m
[0mGET /api/auth/seller/profile-details [32m200[0m 8.040 ms - 189[0m
[0mGET /api/seller/dasbhoard/list [32m200[0m 160.398 ms - 20987[0m
[0mOPTIONS /api/auth/seller/profile-details [32m204[0m 4.273 ms - 0[0m
[0mOPTIONS /api/seller/dasbhoard/list [32m204[0m 0.469 ms - 0[0m
[0mGET /api/auth/seller/profile-details [36m304[0m 63.237 ms - -[0m
[0mGET /api/seller/dasbhoard/list [36m304[0m 164.354 ms - -[0m
[0mOPTIONS /api/auth/seller/profile-details [32m204[0m 0.374 ms - 0[0m
[0mOPTIONS /api/seller/dasbhoard/list [32m204[0m 0.251 ms - 0[0m
[0mGET /api/auth/seller/profile-details [32m200[0m 6.149 ms - 189[0m
[0mGET /api/seller/dasbhoard/list [32m200[0m 85.418 ms - 20987[0m
[0mOPTIONS /api/auth/seller/profile-details [32m204[0m 1.133 ms - 0[0m
[0mOPTIONS /api/seller/dasbhoard/list [32m204[0m 0.267 ms - 0[0m
[0mGET /api/auth/seller/profile-details [32m200[0m 10.152 ms - 189[0m
[0mGET /api/seller/dasbhoard/list [32m200[0m 114.285 ms - 20987[0m
[0mOPTIONS /api/auth/seller/profile-details [32m204[0m 1.785 ms - 0[0m
[0mOPTIONS /api/seller/dasbhoard/list [32m204[0m 0.517 ms - 0[0m
[0mGET /api/auth/seller/profile-details [32m200[0m 9.758 ms - 189[0m
[0mGET /api/seller/dasbhoard/list [32m200[0m 109.281 ms - 20987[0m
[0mOPTIONS /api/auth/seller/profile-details [32m204[0m 1.594 ms - 0[0m
[0mOPTIONS /api/seller/dasbhoard/list [32m204[0m 0.272 ms - 0[0m
[0mGET /api/auth/seller/profile-details [36m304[0m 15.339 ms - -[0m
[0mGET /api/seller/dasbhoard/list [36m304[0m 141.017 ms - -[0m
[0mOPTIONS /api/auth/seller/profile-details [32m204[0m 1.498 ms - 0[0m
[0mOPTIONS /api/seller/dasbhoard/list [32m204[0m 0.312 ms - 0[0m
[0mGET /api/auth/seller/profile-details [36m304[0m 15.385 ms - -[0m
[0mGET /api/seller/dasbhoard/list [36m304[0m 146.219 ms - -[0m
[0mOPTIONS /api/auth/seller/profile-details [32m204[0m 1.261 ms - 0[0m
[0mOPTIONS /api/seller/dasbhoard/list [32m204[0m 0.508 ms - 0[0m
[0mGET /api/auth/seller/profile-details [36m304[0m 51.385 ms - -[0m
[0mGET /api/seller/dasbhoard/list [36m304[0m 190.597 ms - -[0m
[0mOPTIONS /api/auth/seller/profile-details [32m204[0m 1.294 ms - 0[0m
[0mOPTIONS /api/seller/coupon/list [32m204[0m 0.155 ms - 0[0m
[0mGET /api/auth/seller/profile-details [36m304[0m 7.599 ms - -[0m
[0mGET /api/seller/coupon/list [32m200[0m 33.790 ms - 352[0m
[0mOPTIONS /api/auth/seller/profile-details [32m204[0m 0.770 ms - 0[0m
[0mOPTIONS /api/seller/dasbhoard/list [32m204[0m 0.232 ms - 0[0m
[0mGET /api/auth/seller/profile-details [36m304[0m 9.447 ms - -[0m
[0mGET /api/seller/dasbhoard/list [36m304[0m 123.688 ms - -[0m
[0mOPTIONS /api/auth/seller/profile-details [32m204[0m 5.256 ms - 0[0m
[0mOPTIONS /api/seller/dasbhoard/list [32m204[0m 0.577 ms - 0[0m
[0mGET /api/auth/seller/profile-details [36m304[0m 15.849 ms - -[0m
[0mGET /api/seller/dasbhoard/list [36m304[0m 125.414 ms - -[0m
[0mOPTIONS /api/auth/seller/profile-details [32m204[0m 2.329 ms - 0[0m
[0mOPTIONS /api/seller/dasbhoard/list [32m204[0m 0.509 ms - 0[0m
[0mGET /api/auth/seller/profile-details [32m200[0m 28.951 ms - 189[0m
[0mGET /api/seller/dasbhoard/list [32m200[0m 144.399 ms - 49[0m
[0mOPTIONS /api/auth/seller/profile-details [32m204[0m 4.345 ms - 0[0m
[0mOPTIONS /api/seller/dasbhoard/list [32m204[0m 0.438 ms - 0[0m
[0mGET /api/seller/dasbhoard/list [31m500[0m 69.757 ms - 3172[0m
[0mGET /api/auth/seller/profile-details [32m200[0m 96.711 ms - 189[0m
[0mOPTIONS /api/auth/seller/profile-details [32m204[0m 3.739 ms - 0[0m
[0mOPTIONS /api/seller/dasbhoard/list [32m204[0m 0.534 ms - 0[0m
[0mGET /api/seller/dasbhoard/list [31m500[0m 62.851 ms - 3172[0m
[0mGET /api/auth/seller/profile-details [32m200[0m 77.420 ms - 189[0m
[0mOPTIONS /api/auth/seller/profile-details [32m204[0m 2.688 ms - 0[0m
[0mOPTIONS /api/seller/dasbhoard/list [32m204[0m 0.373 ms - 0[0m
[0mGET /api/seller/dasbhoard/list [31m500[0m 83.985 ms - 3172[0m
[0mGET /api/auth/seller/profile-details [32m200[0m 97.925 ms - 189[0m
[0mOPTIONS /api/auth/seller/profile-details [32m204[0m 2.341 ms - 0[0m
[0mOPTIONS /api/seller/dasbhoard/list [32m204[0m 0.659 ms - 0[0m
[0mGET /api/seller/dasbhoard/list [31m500[0m 63.166 ms - 3172[0m
[0mGET /api/auth/seller/profile-details [32m200[0m 71.227 ms - 189[0m
[0mOPTIONS /api/auth/seller/profile-details [32m204[0m 1.938 ms - 0[0m
[0mOPTIONS /api/seller/dasbhoard/list [32m204[0m 0.414 ms - 0[0m
[0mGET /api/seller/dasbhoard/list [31m500[0m 46.046 ms - 3172[0m
[0mGET /api/auth/seller/profile-details [32m200[0m 54.375 ms - 189[0m
[0mOPTIONS /api/auth/seller/profile-details [32m204[0m 2.132 ms - 0[0m
[0mOPTIONS /api/seller/dasbhoard/list [32m204[0m 0.348 ms - 0[0m
[0mGET /api/auth/seller/profile-details [32m200[0m 24.074 ms - 189[0m
[0mGET /api/seller/dasbhoard/list [31m500[0m 72.475 ms - 3163[0m
[0mOPTIONS /api/auth/seller/profile-details [32m204[0m 1.217 ms - 0[0m
[0mOPTIONS /api/seller/dasbhoard/list [32m204[0m 0.302 ms - 0[0m
[0mGET /api/auth/seller/profile-details [32m200[0m 8.683 ms - 189[0m
[0mGET /api/seller/dasbhoard/list [31m500[0m 8.789 ms - 3163[0m
[0mOPTIONS /api/auth/seller/profile-details [32m204[0m 3.935 ms - 0[0m
[0mOPTIONS /api/seller/dasbhoard/list [32m204[0m 0.315 ms - 0[0m
[0mGET /api/seller/dasbhoard/list [31m500[0m 70.137 ms - 3172[0m
[0mGET /api/auth/seller/profile-details [32m200[0m 85.752 ms - 189[0m
[0mOPTIONS /api/auth/seller/profile-details [32m204[0m 2.144 ms - 0[0m
[0mOPTIONS /api/seller/dasbhoard/list [32m204[0m 0.475 ms - 0[0m
[0mGET /api/auth/seller/profile-details [32m200[0m 19.675 ms - 189[0m
[0mGET /api/seller/dasbhoard/list [32m200[0m 31.608 ms - 3906[0m
[0mOPTIONS /api/auth/seller/profile-details [32m204[0m 2.233 ms - 0[0m
[0mOPTIONS /api/seller/dasbhoard/list [32m204[0m 0.450 ms - 0[0m
[0mGET /api/auth/seller/profile-details [32m200[0m 18.034 ms - 189[0m
[0mGET /api/seller/dasbhoard/list [32m200[0m 37.438 ms - 20668[0m
[0mOPTIONS /api/auth/seller/profile-details [32m204[0m 3.300 ms - 0[0m
[0mOPTIONS /api/seller/dasbhoard/list [32m204[0m 0.463 ms - 0[0m
[0mGET /api/auth/seller/profile-details [32m200[0m 34.032 ms - 189[0m
[0mGET /api/seller/dasbhoard/list [32m200[0m 58.229 ms - 20668[0m
[0mOPTIONS /api/auth/seller/profile-details [32m204[0m 2.991 ms - 0[0m
[0mOPTIONS /api/seller/dasbhoard/list [32m204[0m 0.567 ms - 0[0m
[0mGET /api/auth/seller/profile-details [32m200[0m 36.311 ms - 189[0m
[0mGET /api/seller/dasbhoard/list [31m500[0m 90.867 ms - 3163[0m
[0mOPTIONS /api/auth/seller/profile-details [32m204[0m 0.823 ms - 0[0m
[0mOPTIONS /api/seller/dasbhoard/list [32m204[0m 0.348 ms - 0[0m
[0mGET /api/auth/seller/profile-details [32m200[0m 10.068 ms - 189[0m
[0mGET /api/seller/dasbhoard/list [31m500[0m 20.549 ms - 3163[0m
[0mOPTIONS /api/auth/seller/profile-details [32m204[0m 2.591 ms - 0[0m
[0mOPTIONS /api/seller/dasbhoard/list [32m204[0m 0.474 ms - 0[0m
[0mGET /api/auth/seller/profile-details [32m200[0m 17.270 ms - 189[0m
[0mGET /api/seller/dasbhoard/list [32m200[0m 27.361 ms - 1934[0m
[0mOPTIONS /api/auth/seller/profile-details [32m204[0m 2.684 ms - 0[0m
[0mOPTIONS /api/seller/dasbhoard/list [32m204[0m 1.123 ms - 0[0m
[0mGET /api/auth/seller/profile-details [32m200[0m 26.861 ms - 189[0m
[0mGET /api/seller/dasbhoard/list [32m200[0m 42.714 ms - 20668[0m
[0mOPTIONS /api/auth/seller/profile-details [32m204[0m 1.983 ms - 0[0m
[0mOPTIONS /api/seller/dasbhoard/list [32m204[0m 0.669 ms - 0[0m
[0mGET /api/auth/seller/profile-details [32m200[0m 25.439 ms - 189[0m
[0mGET /api/seller/dasbhoard/list [32m200[0m 43.714 ms - 1934[0m
[0mOPTIONS /api/auth/seller/profile-details [32m204[0m 3.771 ms - 0[0m
[0mOPTIONS /api/seller/dasbhoard/list [32m204[0m 1.230 ms - 0[0m
[0mGET /api/auth/seller/profile-details [32m200[0m 64.488 ms - 189[0m
[0mGET /api/seller/dasbhoard/list [32m200[0m 45.579 ms - 1934[0m
[0mOPTIONS /api/auth/seller/profile-details [32m204[0m 2.459 ms - 0[0m
[0mOPTIONS /api/seller/dasbhoard/list [32m204[0m 0.487 ms - 0[0m
[0mGET /api/auth/seller/profile-details [32m200[0m 20.038 ms - 189[0m
[0mGET /api/seller/dasbhoard/list [32m200[0m 30.173 ms - 20668[0m
[0mOPTIONS /api/auth/seller/profile-details [32m204[0m 40.586 ms - 0[0m
[0mOPTIONS /api/seller/dasbhoard/list [32m204[0m 0.642 ms - 0[0m
[0mGET /api/auth/seller/profile-details [36m304[0m 60.043 ms - -[0m
[0mGET /api/seller/dasbhoard/list [36m304[0m 63.722 ms - -[0m
[0mOPTIONS /api/seller/brand/list [32m204[0m 0.884 ms - 0[0m
[0mOPTIONS /api/product/color/list [32m204[0m 0.310 ms - 0[0m
[0mGET /api/product/color/list [32m200[0m 53.453 ms - 74085[0m
[0mGET /api/seller/brand/list [32m200[0m 60.632 ms - 87410[0m
[0mOPTIONS /api/seller/dasbhoard/list [32m204[0m 1.112 ms - 0[0m
[0mGET /api/seller/dasbhoard/list [36m304[0m 21.787 ms - -[0m
[0mOPTIONS /api/auth/seller/profile-details [32m204[0m 2.659 ms - 0[0m
[0mOPTIONS /api/seller/product/list [32m204[0m 0.331 ms - 0[0m
[0mGET /api/auth/seller/profile-details [36m304[0m 16.117 ms - -[0m
[0mPOST /api/seller/product/list [32m200[0m 71.715 ms - 40599[0m
[0mOPTIONS /api/seller/brand/list [32m204[0m 0.317 ms - 0[0m
[0mOPTIONS /api/product/color/list [32m204[0m 0.192 ms - 0[0m
[0mGET /api/seller/brand/list [36m304[0m 26.465 ms - -[0m
[0mGET /api/product/color/list [36m304[0m 28.444 ms - -[0m
[0mOPTIONS /api/seller/product/list-by-id [32m204[0m 0.286 ms - 0[0m
[0mPOST /api/seller/product/list-by-id [32m200[0m 47.308 ms - 161[0m
[0mOPTIONS /api/auth/seller/profile-details [32m204[0m 0.259 ms - 0[0m
[0mOPTIONS /api/seller/dasbhoard/list [32m204[0m 0.161 ms - 0[0m
[0mGET /api/auth/seller/profile-details [36m304[0m 3.600 ms - -[0m
[0mGET /api/seller/dasbhoard/list [36m304[0m 12.787 ms - -[0m
[0mOPTIONS /api/auth/seller/profile-details [32m204[0m 13.988 ms - 0[0m
[0mOPTIONS /api/seller/coupon/list [32m204[0m 0.323 ms - 0[0m
[0mGET /api/auth/seller/profile-details [36m304[0m 67.264 ms - -[0m
[0mGET /api/seller/coupon/list [36m304[0m 55.108 ms - -[0m
[0mOPTIONS /api/seller/product/list [32m204[0m 0.244 ms - 0[0m
[0mGET /api/auth/seller/profile-details [36m304[0m 9.830 ms - -[0m
[0mPOST /api/seller/product/list [32m200[0m 37.426 ms - 40599[0m
[0mOPTIONS /api/seller/dasbhoard/list [32m204[0m 0.263 ms - 0[0m
[0mGET /api/auth/seller/profile-details [36m304[0m 4.494 ms - -[0m
[0mGET /api/seller/dasbhoard/list [36m304[0m 15.374 ms - -[0m
[0mOPTIONS /api/auth/seller/profile-details [32m204[0m 3.027 ms - 0[0m
[0mOPTIONS /api/seller/dasbhoard/list [32m204[0m 0.329 ms - 0[0m
[0mGET /api/auth/seller/profile-details [36m304[0m 74.474 ms - -[0m
[0mGET /api/seller/dasbhoard/list [36m304[0m 73.684 ms - -[0m
[0mOPTIONS /api/auth/seller/profile-details [32m204[0m 2.616 ms - 0[0m
[0mOPTIONS /api/seller/product/list [32m204[0m 0.278 ms - 0[0m
[0mGET /api/auth/seller/profile-details [36m304[0m 42.752 ms - -[0m
[0mPOST /api/seller/product/list [32m200[0m 52.720 ms - 40599[0m
[0mOPTIONS /api/auth/seller/profile-details [32m204[0m 1.338 ms - 0[0m
[0mOPTIONS /api/seller/product/list [32m204[0m 0.516 ms - 0[0m
[0mGET /api/auth/seller/profile-details [36m304[0m 14.289 ms - -[0m
[0mPOST /api/seller/product/list [32m200[0m 36.092 ms - 40599[0m
[0mOPTIONS /api/auth/seller/profile-details [32m204[0m 1.105 ms - 0[0m
[0mOPTIONS /api/seller/product/list [32m204[0m 0.321 ms - 0[0m
[0mGET /api/auth/seller/profile-details [36m304[0m 27.120 ms - -[0m
[0mPOST /api/seller/product/list [32m200[0m 56.473 ms - 40599[0m
[0mOPTIONS /api/auth/seller/profile-details [32m204[0m 2.370 ms - 0[0m
[0mOPTIONS /api/seller/product/list [32m204[0m 0.566 ms - 0[0m
[0mGET /api/auth/seller/profile-details [36m304[0m 24.705 ms - -[0m
[0mPOST /api/seller/product/list [32m200[0m 45.459 ms - 40599[0m
[0mGET /api/auth/seller/profile-details [36m304[0m 25.246 ms - -[0m
[0mPOST /api/seller/product/list [32m200[0m 43.639 ms - 40599[0m
[0mOPTIONS /api/auth/seller/profile-details [32m204[0m 1.392 ms - 0[0m
[0mOPTIONS /api/seller/product/list [32m204[0m 0.284 ms - 0[0m
[0mGET /api/auth/seller/profile-details [36m304[0m 35.530 ms - -[0m
[0mPOST /api/seller/product/list [32m200[0m 59.726 ms - 40599[0m
[0mOPTIONS /api/auth/seller/profile-details [32m204[0m 1.332 ms - 0[0m
[0mOPTIONS /api/seller/product/list [32m204[0m 0.417 ms - 0[0m
[0mGET /api/auth/seller/profile-details [36m304[0m 17.823 ms - -[0m
[0mPOST /api/seller/product/list [32m200[0m 49.548 ms - 40599[0m
[0mGET /api/auth/seller/profile-details [36m304[0m 2.780 ms - -[0m
[0mOPTIONS /api/seller/brand/list [32m204[0m 0.292 ms - 0[0m
[0mOPTIONS /api/product/color/list [32m204[0m 0.136 ms - 0[0m
[0mGET /api/seller/brand/list [32m200[0m 24.962 ms - 87410[0m
[0mGET /api/product/color/list [32m200[0m 27.204 ms - 74085[0m
[0mOPTIONS /api/vendor/shop-detail [32m204[0m 0.230 ms - 0[0m
[0mGET /api/auth/seller/profile-details [36m304[0m 6.964 ms - -[0m
[0mGET /api/vendor/shop-detail [32m200[0m 23.642 ms - 446[0m
[0mOPTIONS /api/auth/seller/profile-details [32m204[0m 0.217 ms - 0[0m
[0mOPTIONS /api/seller/coupon/list [32m204[0m 0.179 ms - 0[0m
[0mGET /api/auth/seller/profile-details [36m304[0m 2.564 ms - -[0m
[0mGET /api/seller/coupon/list [36m304[0m 3.488 ms - -[0m
[0mGET /api/auth/seller/profile-details [36m304[0m 1.829 ms - -[0m
[0mOPTIONS /api/seller/product/getAllList [32m204[0m 0.208 ms - 0[0m
[0mGET /api/seller/product/getAllList [32m200[0m 24.234 ms - 65696[0m
[0mOPTIONS /api/auth/seller/profile-details [32m204[0m 1.128 ms - 0[0m
[0mOPTIONS /api/vendor/shop-detail [32m204[0m 0.181 ms - 0[0m
[0mGET /api/auth/seller/profile-details [36m304[0m 6.693 ms - -[0m
[0mGET /api/vendor/shop-detail [36m304[0m 5.811 ms - -[0m
[0mOPTIONS /api/auth/seller/profile-details [32m204[0m 0.231 ms - 0[0m
[0mOPTIONS /api/seller/coupon/list [32m204[0m 0.177 ms - 0[0m
[0mGET /api/auth/seller/profile-details [36m304[0m 3.722 ms - -[0m
[0mGET /api/seller/coupon/list [36m304[0m 3.840 ms - -[0m
[0mGET /api/auth/seller/profile-details [36m304[0m 2.253 ms - -[0m
[0mOPTIONS /api/seller/product/getAllList [32m204[0m 0.242 ms - 0[0m
[0mGET /api/seller/product/getAllList [36m304[0m 22.852 ms - -[0m
[0mOPTIONS /api/auth/seller/profile-details [32m204[0m 3.230 ms - 0[0m
[0mOPTIONS /api/seller/product/list [32m204[0m 0.298 ms - 0[0m
[0mGET /api/auth/seller/profile-details [36m304[0m 58.997 ms - -[0m
[0mPOST /api/seller/product/list [32m200[0m 77.710 ms - 40599[0m
[0mGET /api/auth/seller/profile-details [36m304[0m 1.810 ms - -[0m
[0mOPTIONS /api/seller/product/getAllList [32m204[0m 0.244 ms - 0[0m
[0mGET /api/seller/product/getAllList [36m304[0m 23.913 ms - -[0m
[0mOPTIONS /api/auth/seller/profile-details [32m204[0m 1.236 ms - 0[0m
[0mGET /api/auth/seller/profile-details [36m304[0m 18.773 ms - -[0m
[0mOPTIONS /api/seller/product/getAllList [32m204[0m 0.464 ms - 0[0m
[0mGET /api/seller/product/getAllList [36m304[0m 45.499 ms - -[0m
[0mOPTIONS /api/auth/seller/profile-details [32m204[0m 1.067 ms - 0[0m
[0mOPTIONS /api/seller/product/getAllList [32m204[0m 0.179 ms - 0[0m
[0mGET /api/auth/seller/profile-details [36m304[0m 17.045 ms - -[0m
[0mGET /api/seller/product/getAllList [36m304[0m 47.460 ms - -[0m
[0mOPTIONS /api/auth/seller/profile-details [32m204[0m 3.576 ms - 0[0m
[0mOPTIONS /api/seller/product/getAllList [32m204[0m 1.567 ms - 0[0m
[0mGET /api/auth/seller/profile-details [36m304[0m 11.534 ms - -[0m
[0mGET /api/seller/product/getAllList [36m304[0m 30.485 ms - -[0m
[0mOPTIONS /api/auth/seller/profile-details [32m204[0m 2.116 ms - 0[0m
[0mOPTIONS /api/seller/product/getAllList [32m204[0m 0.164 ms - 0[0m
[0mGET /api/auth/seller/profile-details [36m304[0m 27.347 ms - -[0m
[0mGET /api/seller/product/getAllList [36m304[0m 53.409 ms - -[0m
[0mOPTIONS /api/auth/seller/profile-details [32m204[0m 1.312 ms - 0[0m
[0mOPTIONS /api/seller/product/getAllList [32m204[0m 0.177 ms - 0[0m
[0mGET /api/auth/seller/profile-details [36m304[0m 13.969 ms - -[0m
[0mGET /api/seller/product/getAllList [36m304[0m 56.245 ms - -[0m
[0mOPTIONS /api/auth/seller/profile-details [32m204[0m 0.849 ms - 0[0m
[0mOPTIONS /api/seller/product/getAllList [32m204[0m 0.172 ms - 0[0m
[0mGET /api/auth/seller/profile-details [36m304[0m 14.459 ms - -[0m
[0mGET /api/seller/product/getAllList [36m304[0m 34.069 ms - -[0m
[0mOPTIONS /api/auth/seller/profile-details [32m204[0m 1.254 ms - 0[0m
[0mOPTIONS /api/seller/product/getAllList [32m204[0m 0.331 ms - 0[0m
[0mGET /api/auth/seller/profile-details [36m304[0m 33.983 ms - -[0m
[0mGET /api/seller/product/getAllList [36m304[0m 105.603 ms - -[0m
[0mOPTIONS /api/auth/seller/profile-details [32m204[0m 7.230 ms - 0[0m
[0mOPTIONS /api/seller/product/getAllList [32m204[0m 0.231 ms - 0[0m
[0mGET /api/auth/seller/profile-details [36m304[0m 23.536 ms - -[0m
[0mGET /api/seller/product/getAllList [36m304[0m 48.033 ms - -[0m
[0mOPTIONS /api/auth/seller/profile-details [32m204[0m 5.943 ms - 0[0m
[0mOPTIONS /api/seller/child-category [32m204[0m 0.338 ms - 0[0m
[0mGET /api/auth/seller/profile-details [36m304[0m 58.648 ms - -[0m
[0mGET /api/seller/child-category [32m200[0m 52.831 ms - 17843[0m
[0mOPTIONS /api/auth/seller/profile-details [32m204[0m 1.601 ms - 0[0m
[0mOPTIONS /api/seller/child-category [32m204[0m 0.527 ms - 0[0m
[0mGET /api/auth/seller/profile-details [36m304[0m 17.909 ms - -[0m
[0mGET /api/seller/child-category [36m304[0m 36.919 ms - -[0m
[0mOPTIONS /api/auth/seller/profile-details [32m204[0m 5.849 ms - 0[0m
[0mOPTIONS /api/seller/child-category [32m204[0m 0.397 ms - 0[0m
[0mGET /api/auth/seller/profile-details [32m200[0m 86.154 ms - 189[0m
[0mGET /api/seller/child-category [32m200[0m 98.620 ms - 17843[0m
[0mOPTIONS /api/auth/seller/profile-details [32m204[0m 2.268 ms - 0[0m
[0mOPTIONS /api/seller/child-category [32m204[0m 0.601 ms - 0[0m
[0mGET /api/auth/seller/profile-details [32m200[0m 16.197 ms - 189[0m
[0mGET /api/seller/child-category [32m200[0m 28.705 ms - 17843[0m
[0mOPTIONS /api/auth/seller/profile-details [32m204[0m 4.980 ms - 0[0m
[0mOPTIONS /api/seller/child-category [32m204[0m 0.391 ms - 0[0m
[0mGET /api/seller/child-category [36m304[0m 54.970 ms - -[0m
[0mGET /api/auth/seller/profile-details [36m304[0m 67.390 ms - -[0m
[0mOPTIONS /api/auth/seller/profile-details [32m204[0m 1.267 ms - 0[0m
[0mOPTIONS /api/seller/child-category [32m204[0m 0.393 ms - 0[0m
[0mGET /api/auth/seller/profile-details [36m304[0m 14.450 ms - -[0m
[0mGET /api/seller/child-category [36m304[0m 17.011 ms - -[0m
[0mOPTIONS /api/auth/seller/profile-details [32m204[0m 2.701 ms - 0[0m
[0mOPTIONS /api/seller/child-category [32m204[0m 0.450 ms - 0[0m
[0mGET /api/auth/seller/profile-details [36m304[0m 13.565 ms - -[0m
[0mGET /api/seller/child-category [36m304[0m 34.419 ms - -[0m
[0mOPTIONS /api/auth/seller/profile-details [32m204[0m 1.489 ms - 0[0m
[0mOPTIONS /api/seller/child-category [32m204[0m 0.448 ms - 0[0m
[0mGET /api/auth/seller/profile-details [36m304[0m 13.305 ms - -[0m
[0mGET /api/seller/child-category [36m304[0m 16.372 ms - -[0m
[0mGET /api/auth/seller/profile-details [36m304[0m 11.666 ms - -[0m
[0mGET /api/seller/child-category [36m304[0m 13.601 ms - -[0m
[0mOPTIONS /api/auth/seller/profile-details [32m204[0m 2.408 ms - 0[0m
[0mOPTIONS /api/seller/child-category [32m204[0m 0.337 ms - 0[0m
[0mGET /api/auth/seller/profile-details [32m200[0m 16.522 ms - 189[0m
[0mGET /api/seller/child-category [32m200[0m 22.564 ms - 17843[0m
[0mOPTIONS /api/seller/product/update-by-category [32m204[0m 0.511 ms - 0[0m
[0mPUT /api/seller/product/update-by-category [0m-[0m - ms - -[0m
[0mOPTIONS /api/auth/seller/profile-details [32m204[0m 1.492 ms - 0[0m
[0mOPTIONS /api/seller/product/list [32m204[0m 0.708 ms - 0[0m
[0mPOST /api/seller/product/list [32m200[0m 86.752 ms - 40599[0m
[0mOPTIONS /api/seller/product/getAllList [32m204[0m 0.738 ms - 0[0m
[0mOPTIONS /api/auth/seller/profile-details [32m204[0m 0.541 ms - 0[0m
[0mOPTIONS /api/seller/product/list [32m204[0m 0.576 ms - 0[0m
[0mGET /api/auth/seller/profile-details [36m304[0m 12.080 ms - -[0m
[0mPOST /api/seller/product/list [32m200[0m 54.359 ms - 40599[0m
[0mGET /api/auth/seller/profile-details [36m304[0m 2.710 ms - -[0m
[0mOPTIONS /api/seller/child-category [32m204[0m 0.289 ms - 0[0m
[0mGET /api/seller/child-category [36m304[0m 9.655 ms - -[0m
[0mOPTIONS /api/seller/product/update-by-category [32m204[0m 8.658 ms - 0[0m
[0mPUT /api/seller/product/update-by-category [0m-[0m - ms - -[0m
[0mPUT /api/seller/product/update-by-category [31m500[0m 26.450 ms - 36[0m
[0mPUT /api/seller/product/update-by-category [31m500[0m 30.742 ms - 3172[0m
[0mPUT /api/seller/product/update-by-category [31m500[0m 4.053 ms - 3172[0m
[0mOPTIONS /api/seller/product/update-by-category [32m204[0m 2.988 ms - 0[0m
[0mPUT /api/seller/product/update-by-category [31m500[0m 35.244 ms - 34[0m
[0mOPTIONS /api/seller/product/update-by-category [32m204[0m 4.441 ms - 0[0m
[0mPUT /api/seller/product/update-by-category [32m200[0m 54.322 ms - 49[0m
[0mOPTIONS /api/seller/product/update-by-category [32m204[0m 3.755 ms - 0[0m
[0mPUT /api/seller/product/update-by-category [32m200[0m 38.781 ms - 709[0m
[0mOPTIONS /api/seller/product/update-by-category [32m204[0m 3.365 ms - 0[0m
[0mPUT /api/seller/product/update-by-category [32m200[0m 32.895 ms - 49[0m
[0mOPTIONS /api/seller/product/update-by-category [32m204[0m 7.115 ms - 0[0m
[0mPUT /api/seller/product/update-by-category [32m200[0m 37.051 ms - 49[0m
[0mOPTIONS /api/seller/product/update-by-category [32m204[0m 10.262 ms - 0[0m
[0mPUT /api/seller/product/update-by-category [32m200[0m 39.216 ms - 49[0m
[0mOPTIONS /api/auth/seller/profile-details [32m204[0m 1.646 ms - 0[0m
[0mOPTIONS /api/seller/child-category [32m204[0m 0.399 ms - 0[0m
[0mGET /api/auth/seller/profile-details [36m304[0m 16.412 ms - -[0m
[0mGET /api/seller/child-category [36m304[0m 46.432 ms - -[0m
[0mOPTIONS /api/auth/seller/profile-details [32m204[0m 0.457 ms - 0[0m
[0mOPTIONS /api/seller/dasbhoard/list [32m204[0m 0.851 ms - 0[0m
[0mGET /api/auth/seller/profile-details [36m304[0m 9.056 ms - -[0m
[0mGET /api/seller/dasbhoard/list [36m304[0m 19.184 ms - -[0m
[0mOPTIONS /api/seller/product/update-by-category [32m204[0m 1.552 ms - 0[0m
[0mPUT /api/seller/product/update-by-category [32m200[0m 42.121 ms - 7947[0m
[0mOPTIONS /api/seller/product/update-by-category [32m204[0m 7.701 ms - 0[0m
[0mPUT /api/seller/product/update-by-category [32m200[0m 32.665 ms - 952[0m
[0mOPTIONS /api/seller/product/update-by-category [32m204[0m 5.892 ms - 0[0m
[0mPUT /api/seller/product/update-by-category [32m200[0m 47.202 ms - 64[0m
[0mOPTIONS /api/seller/product/update-by-category [32m204[0m 5.323 ms - 0[0m
[0mPUT /api/seller/product/update-by-category [32m200[0m 36.515 ms - 64[0m
[0mOPTIONS /api/seller/product/update-by-category [32m204[0m 4.520 ms - 0[0m
[0mPUT /api/seller/product/update-by-category [32m200[0m 34.169 ms - 64[0m
[0mOPTIONS /api/seller/product/update-by-category [32m204[0m 4.716 ms - 0[0m
[0mPUT /api/seller/product/update-by-category [32m200[0m 34.609 ms - 64[0m
[0mOPTIONS /api/seller/product/update-by-category [32m204[0m 5.304 ms - 0[0m
[0mPUT /api/seller/product/update-by-category [32m200[0m 37.215 ms - 64[0m
[0mOPTIONS /api/seller/product/update-by-category [32m204[0m 2.610 ms - 0[0m
[0mPUT /api/seller/product/update-by-category [32m200[0m 64.192 ms - 64[0m
[0mOPTIONS /api/seller/product/update-by-category [32m204[0m 2.687 ms - 0[0m
[0mPUT /api/seller/product/update-by-category [32m200[0m 26.100 ms - 64[0m
[0mOPTIONS /api/seller/product/update-by-category [32m204[0m 4.890 ms - 0[0m
[0mPUT /api/seller/product/update-by-category [32m200[0m 41.282 ms - 64[0m
[0mOPTIONS /api/seller/product/update-by-category [32m204[0m 4.531 ms - 0[0m
[0mPUT /api/seller/product/update-by-category [32m200[0m 32.312 ms - 64[0m
[0mOPTIONS /api/seller/product/update-by-category [32m204[0m 4.191 ms - 0[0m
[0mPUT /api/seller/product/update-by-category [32m200[0m 32.124 ms - 64[0m
[0mOPTIONS /api/seller/product/update-by-category [32m204[0m 5.259 ms - 0[0m
[0mPUT /api/seller/product/update-by-category [32m200[0m 38.469 ms - 64[0m
[0mOPTIONS /api/seller/product/update-by-category [32m204[0m 3.259 ms - 0[0m
[0mPUT /api/seller/product/update-by-category [32m200[0m 28.919 ms - 64[0m
[0mOPTIONS /api/seller/product/update-by-category [32m204[0m 3.680 ms - 0[0m
[0mPUT /api/seller/product/update-by-category [32m200[0m 50.715 ms - 64[0m
[0mOPTIONS /api/auth/seller/profile-details [32m204[0m 1.810 ms - 0[0m
[0mOPTIONS /api/seller/dasbhoard/list [32m204[0m 0.606 ms - 0[0m
[0mGET /api/auth/seller/profile-details [36m304[0m 13.623 ms - -[0m
[0mGET /api/seller/dasbhoard/list [36m304[0m 31.686 ms - -[0m
[0mOPTIONS /api/seller/product/list [32m204[0m 0.459 ms - 0[0m
[0mGET /api/auth/seller/profile-details [36m304[0m 10.239 ms - -[0m
[0mPOST /api/seller/product/list [32m200[0m 57.147 ms - 40599[0m
[0mOPTIONS /api/seller/brand/list [32m204[0m 0.467 ms - 0[0m
[0mOPTIONS /api/product/color/list [32m204[0m 0.264 ms - 0[0m
[0mGET /api/seller/brand/list [32m200[0m 29.513 ms - 87410[0m
[0mGET /api/product/color/list [32m200[0m 30.364 ms - 74085[0m
[0mOPTIONS /api/seller/product/list-by-id [32m204[0m 0.312 ms - 0[0m
[0mPOST /api/seller/product/list-by-id [32m200[0m 49.505 ms - 161[0m
[0mOPTIONS /api/seller/product/update [32m204[0m 1.639 ms - 0[0m
[0mPUT /api/seller/product/update [32m200[0m 41.950 ms - 70[0m
[0mOPTIONS /api/seller/product/update-by-category [32m204[0m 3.021 ms - 0[0m
[0mPUT /api/seller/product/update-by-category [32m200[0m 23.234 ms - 64[0m
[0mOPTIONS /api/seller/product/update-by-category [32m204[0m 4.244 ms - 0[0m
[0mPUT /api/seller/product/update-by-category [32m200[0m 33.483 ms - 64[0m
[0mOPTIONS /api/seller/brand/list [32m204[0m 21.887 ms - 0[0m
[0mOPTIONS /api/product/color/list [32m204[0m 0.336 ms - 0[0m
[0mGET /api/product/color/list [36m304[0m 74.694 ms - -[0m
[0mGET /api/seller/brand/list [36m304[0m 100.365 ms - -[0m
[0mOPTIONS /api/seller/product/update [32m204[0m 0.573 ms - 0[0m
[0mPUT /api/seller/product/update [32m200[0m 70.313 ms - 70[0m
[0mOPTIONS /api/customer/getUserByEmailId [32m204[0m 8.382 ms - 0[0m
[0mOPTIONS /api/customer/getUserByEmailId [32m204[0m 1.231 ms - 0[0m
[0mGET /api/website/popular/category-list [32m200[0m 120.258 ms - 8161[0m
[0mGET /api/website/collection/list [32m200[0m 162.859 ms - 4602[0m
[0mGET /api/website/image/banner?type=0 [32m200[0m 241.595 ms - 523[0m
[0mGET /api/website/category/list [32m200[0m 242.841 ms - 30069[0m
[0mGET /api/website/product/home-kitchen [32m200[0m 208.919 ms - 15246[0m
[0mGET /api/website/product/women-fashion [32m200[0m 203.418 ms - 7718[0m
[0mGET /api/website/product?type=makeup [32m200[0m 113.115 ms - 3194[0m
[0mGET /api/website/product?type=shampoo [32m200[0m 40.136 ms - 6949[0m
[0mGET /api/website/flash-sale [32m200[0m 59.841 ms - 49[0m
[0mGET /api/website/product/new-arrival [32m200[0m 61.872 ms - 68077[0m
[0mGET /api/customer/getUserByEmailId [33m403[0m 58.875 ms - 36[0m
[0mGET /api/website/product/men-fashion [32m200[0m 64.512 ms - 6402[0m
[0mGET /api/customer/getUserByEmailId [33m403[0m 3.226 ms - 36[0m
[0mGET /api/website/autosuggest/search?limit=5&query=Colgate%20Strong%20Teeth%2C%2046g [32m200[0m 43.809 ms - 226[0m
[0mGET /api/website/catalog/category/search?queryString=colgate-strong-teeth-46g [32m200[0m 13.962 ms - 62[0m
[0mGET /api/website/catalog/product/search?filter_category=colgate-strong-teeth-46g%20 [32m200[0m 86.364 ms - 499[0m
[0mGET /api/website/category/list [36m304[0m 51.008 ms - -[0m
[0mGET /api/website/catalog/category/search?queryString=colgate-strong-teeth-46g [36m304[0m 56.288 ms - -[0m
[0mGET /api/website/catalog/product/search?filter_category=colgate-strong-teeth-46g [32m200[0m 128.624 ms - 499[0m
[0mGET /api/website/category/list [36m304[0m 43.827 ms - -[0m
[0mGET /api/website/catalog/category/search?queryString=colgate-strong-teeth-46g [36m304[0m 47.062 ms - -[0m
[0mGET /api/website/catalog/product/search?filter_category=colgate-strong-teeth-46g [36m304[0m 92.776 ms - -[0m
[0mOPTIONS /api/auth/seller/login [32m204[0m 3.097 ms - 0[0m
[0mPOST /api/auth/seller/login [32m200[0m 301.620 ms - 214[0m
[0mOPTIONS /api/auth/seller/profile-details [32m204[0m 0.284 ms - 0[0m
[0mOPTIONS /api/seller/dasbhoard/list [32m204[0m 0.158 ms - 0[0m
[0mGET /api/auth/seller/profile-details [36m304[0m 9.777 ms - -[0m
[0mGET /api/seller/dasbhoard/list [36m304[0m 42.359 ms - -[0m
[0mOPTIONS /api/seller/product/list [32m204[0m 0.210 ms - 0[0m
[0mGET /api/auth/seller/profile-details [36m304[0m 4.500 ms - -[0m
[0mPOST /api/seller/product/list [32m200[0m 27.302 ms - 41190[0m
[0mGET /api/auth/seller/profile-details [36m304[0m 5.020 ms - -[0m
[0mOPTIONS /api/seller/child-category [32m204[0m 0.312 ms - 0[0m
[0mGET /api/seller/child-category [36m304[0m 11.257 ms - -[0m
[0mOPTIONS /api/seller/product/update-by-category [32m204[0m 0.572 ms - 0[0m
[0mPUT /api/seller/product/update-by-category [32m200[0m 23.099 ms - 64[0m
[0mGET /api/website/category/list [32m200[0m 34.181 ms - 30069[0m
[0mGET /api/website/catalog/category/search?queryString=colgate-strong-teeth-46g [32m200[0m 35.026 ms - 62[0m
[0mGET /api/website/catalog/product/search?filter_category=colgate-strong-teeth-46g [32m200[0m 92.891 ms - 499[0m
[0mOPTIONS /api/seller/product/update-by-category [32m204[0m 8.623 ms - 0[0m
[0mPUT /api/seller/product/update-by-category [32m200[0m 46.714 ms - 64[0m
[0mOPTIONS /api/seller/product/update-by-category [32m204[0m 4.321 ms - 0[0m
[0mPUT /api/seller/product/update-by-category [32m200[0m 45.589 ms - 64[0m
[0mOPTIONS /api/seller/product/update-by-category [32m204[0m 4.134 ms - 0[0m
[0mPUT /api/seller/product/update-by-category [32m200[0m 39.400 ms - 64[0m
[0mOPTIONS /api/seller/product/update-by-category [32m204[0m 7.057 ms - 0[0m
[0mPUT /api/seller/product/update-by-category [32m200[0m 33.274 ms - 64[0m
[0mOPTIONS /api/seller/product/update-by-category [32m204[0m 4.361 ms - 0[0m
[0mPUT /api/seller/product/update-by-category [32m200[0m 33.229 ms - 64[0m
[0mOPTIONS /api/seller/product/update-by-category [32m204[0m 3.873 ms - 0[0m
[0mPUT /api/seller/product/update-by-category [32m200[0m 34.457 ms - 64[0m
[0mOPTIONS /api/seller/product/update-by-category [32m204[0m 2.821 ms - 0[0m
[0mPUT /api/seller/product/update-by-category [32m200[0m 32.781 ms - 64[0m
[0mGET /api/website/category/list [36m304[0m 44.933 ms - -[0m
[0mGET /api/website/catalog/category/search?queryString=colgate-strong-teeth-46g [36m304[0m 48.518 ms - -[0m
[0mGET /api/website/catalog/product/search?filter_category=colgate-strong-teeth-46g [36m304[0m 102.130 ms - -[0m
[0mGET /api/website/category/list [32m200[0m 28.817 ms - 30069[0m
[0mGET /api/website/catalog/category/search?queryString=colgate-strong-teeth-46g [32m200[0m 33.146 ms - 62[0m
[0mGET /api/website/catalog/product/search?filter_category=colgate-strong-teeth-46g [32m200[0m 80.327 ms - 499[0m
[0mOPTIONS /api/auth/seller/profile-details [32m204[0m 5.585 ms - 0[0m
[0mOPTIONS /api/seller/child-category [32m204[0m 0.435 ms - 0[0m
[0mGET /api/auth/seller/profile-details [32m200[0m 27.532 ms - 189[0m
[0mGET /api/seller/child-category [32m200[0m 27.925 ms - 17843[0m
[0mOPTIONS /api/seller/product/update-by-category [32m204[0m 0.906 ms - 0[0m
[0mPUT /api/seller/product/update-by-category [32m200[0m 28.228 ms - 64[0m
[0mGET /api/website/relatedProduct?productId=5119&slug=colgate-strong-teeth [32m200[0m 80.044 ms - 3891[0m
[0mGET /api/website/product/detail?productId=5119&slug=colgate-strong-teeth [32m200[0m 110.884 ms - 1734[0m
[0mOPTIONS /api/seller/product/update-by-category [32m204[0m 2.975 ms - 0[0m
[0mPUT /api/seller/product/update-by-category [32m200[0m 50.469 ms - 64[0m
[0mGET /api/website/autosuggest/search?limit=5&query=to [32m200[0m 50.080 ms - 2073[0m
[0mGET /api/website/autosuggest/search?limit=5&query=too [32m200[0m 15.914 ms - 148[0m
[0mGET /api/website/catalog/category/search?queryString=toothpaste [32m200[0m 56.890 ms - 923[0m
[0mGET /api/website/catalog/product/search?filter_category=toothpaste%20 [32m200[0m 89.757 ms - 6235[0m
[0mGET /api/website/relatedProduct?productId=5139&slug=closeup-everfress-anti-germ-red-gel-fresh-breath-toothpaste-150g [32m200[0m 73.934 ms - 3891[0m
[0mGET /api/website/product/detail?productId=5139&slug=closeup-everfress-anti-germ-red-gel-fresh-breath-toothpaste-150g [32m200[0m 76.844 ms - 4916[0m
[0mGET /api/website/category/list [36m304[0m 45.276 ms - -[0m
[0mGET /api/website/catalog/category/search?queryString=Nk%20shopping%20Mall [32m200[0m 48.563 ms - 62[0m
[0mGET /api/website/catalog/product/search?filter_category=Nk%20shopping%20Mall [32m200[0m 108.755 ms - 15358[0m
[0mGET /api/website/category/list [36m304[0m 27.233 ms - -[0m
[0mGET /api/website/product/detail?productId=5139&slug=closeup-everfress-anti-germ-red-gel-fresh-breath-toothpaste-150g [36m304[0m 79.038 ms - -[0m
[0mGET /api/website/relatedProduct?productId=5139&slug=closeup-everfress-anti-germ-red-gel-fresh-breath-toothpaste-150g [36m304[0m 80.854 ms - -[0m
[0mOPTIONS /api/seller/product/update-by-category [32m204[0m 1.042 ms - 0[0m
[0mPUT /api/seller/product/update-by-category [32m200[0m 17.117 ms - 64[0m
[0mGET /api/website/category/list [36m304[0m 42.043 ms - -[0m
[0mGET /api/website/product/detail?productId=5139&slug=closeup-everfress-anti-germ-red-gel-fresh-breath-toothpaste-150g [36m304[0m 93.589 ms - -[0m
[0mGET /api/website/relatedProduct?productId=5139&slug=closeup-everfress-anti-germ-red-gel-fresh-breath-toothpaste-150g [36m304[0m 90.735 ms - -[0m
[0mGET /api/website/category/list [36m304[0m 17.401 ms - -[0m
[0mGET /api/website/product/detail?productId=5139&slug=closeup-everfress-anti-germ-red-gel-fresh-breath-toothpaste-150g [36m304[0m 62.266 ms - -[0m
[0mGET /api/website/relatedProduct?productId=5139&slug=closeup-everfress-anti-germ-red-gel-fresh-breath-toothpaste-150g [36m304[0m 64.442 ms - -[0m
[0mGET /api/website/category/list [32m200[0m 18.852 ms - 30069[0m
[0mGET /api/website/relatedProduct?productId=5139&slug=closeup-everfress-anti-germ-red-gel-fresh-breath-toothpaste-150g [32m200[0m 65.576 ms - 3891[0m
[0mGET /api/website/product/detail?productId=5139&slug=closeup-everfress-anti-germ-red-gel-fresh-breath-toothpaste-150g [32m200[0m 68.291 ms - 4916[0m
[0mOPTIONS /api/seller/product/update-by-category [32m204[0m 4.117 ms - 0[0m
[0mPUT /api/seller/product/update-by-category [32m200[0m 29.867 ms - 64[0m
[0mOPTIONS /api/seller/product/update-by-category [32m204[0m 6.607 ms - 0[0m
[0mPUT /api/seller/product/update-by-category [32m200[0m 46.560 ms - 64[0m
[0mOPTIONS /api/seller/product/update-by-category [32m204[0m 3.493 ms - 0[0m
[0mPUT /api/seller/product/update-by-category [32m200[0m 29.537 ms - 64[0m
[0mGET /api/website/category/list [36m304[0m 56.998 ms - -[0m
[0mGET /api/website/product/detail?productId=5139&slug=closeup-everfress-anti-germ-red-gel-fresh-breath-toothpaste-150g [32m200[0m 95.174 ms - 4916[0m
[0mGET /api/website/relatedProduct?productId=5139&slug=closeup-everfress-anti-germ-red-gel-fresh-breath-toothpaste-150g [32m200[0m 146.590 ms - 3891[0m
[0mOPTIONS /api/seller/product/update-by-category [32m204[0m 0.684 ms - 0[0m
[0mPUT /api/seller/product/update-by-category [32m200[0m 11.961 ms - 64[0m
[0mGET /api/website/category/list [32m200[0m 32.419 ms - 30069[0m
[0mGET /api/website/product/detail?productId=5139&slug=closeup-everfress-anti-germ-red-gel-fresh-breath-toothpaste-150g [32m200[0m 76.213 ms - 4918[0m
[0mGET /api/website/relatedProduct?productId=5139&slug=closeup-everfress-anti-germ-red-gel-fresh-breath-toothpaste-150g [32m200[0m 74.856 ms - 3913[0m
[0mGET /api/website/autosuggest/search?limit=5&query=t [32m200[0m 38.849 ms - 8189[0m
[0mGET /api/website/autosuggest/search?limit=5&query=to [36m304[0m 21.112 ms - -[0m
[0mGET /api/website/autosuggest/search?limit=5&query=too [36m304[0m 18.012 ms - -[0m
[0mGET /api/website/catalog/category/search?queryString=toothpaste [36m304[0m 55.190 ms - -[0m
[0mGET /api/website/catalog/product/search?filter_category=toothpaste%20 [32m200[0m 84.956 ms - 6257[0m
[0mGET /api/website/catalog/product/search?filter_category=toothpaste%20 [36m304[0m 78.083 ms - -[0m
[0mGET /api/website/catalog/product/search?filter_category=toothpaste%20 [36m304[0m 68.552 ms - -[0m
[0mGET /api/website/product/detail?productId=5139&slug=closeup-everfress-anti-germ-red-gel-fresh-breath-toothpaste-150g [36m304[0m 73.217 ms - -[0m
[0mGET /api/website/relatedProduct?productId=5139&slug=closeup-everfress-anti-germ-red-gel-fresh-breath-toothpaste-150g [36m304[0m 72.753 ms - -[0m
[0mOPTIONS /api/auth/seller/profile-details [32m204[0m 2.825 ms - 0[0m
[0mOPTIONS /api/seller/product/list [32m204[0m 1.595 ms - 0[0m
[0mPOST /api/seller/product/list [32m200[0m 85.201 ms - 41190[0m
[0mOPTIONS /api/auth/seller/profile-details [32m204[0m 0.258 ms - 0[0m
[0mOPTIONS /api/seller/dasbhoard/list [32m204[0m 0.189 ms - 0[0m
[0mGET /api/auth/seller/profile-details [36m304[0m 4.100 ms - -[0m
[0mGET /api/seller/dasbhoard/list [36m304[0m 13.043 ms - -[0m
[0mGET /api/website/image/banner?type=0 [32m200[0m 13.916 ms - 523[0m
[0mGET /api/website/popular/category-list [32m200[0m 40.416 ms - 8161[0m
[0mGET /api/website/category/list [32m200[0m 47.488 ms - 30069[0m
[0mGET /api/website/collection/list [32m200[0m 48.106 ms - 4602[0m
[0mGET /api/website/flash-sale [32m200[0m 10.974 ms - 49[0m
[0mGET /api/website/product/home-kitchen [32m200[0m 127.165 ms - 15246[0m
[0mGET /api/website/product/women-fashion [32m200[0m 125.659 ms - 7718[0m
[0mGET /api/website/product/new-arrival [32m200[0m 109.380 ms - 68077[0m
[0mGET /api/website/product/men-fashion [32m200[0m 120.298 ms - 6402[0m
[0mGET /api/website/product?type=makeup [32m200[0m 146.524 ms - 3194[0m
[0mGET /api/website/product?type=shampoo [32m200[0m 128.205 ms - 6949[0m
[0mGET /api/website/autosuggest/search?limit=5&query=Incense%20Sticks [32m200[0m 15.849 ms - 95[0m
[0mGET /api/website/catalog/category/search?queryString=Incense%20Sticks [32m200[0m 22.974 ms - 793[0m
[0mGET /api/website/catalog/product/search?filter_category=Incense%20Sticks%20 [32m200[0m 54.140 ms - 5026[0m
[0mGET /api/website/catalog/product/search?filter_category=Incense%20Sticks%20 [36m304[0m 77.319 ms - -[0m
[0mGET /api/website/catalog/product/search?filter_category=Incense%20Sticks%20 [36m304[0m 98.145 ms - -[0m
[0mOPTIONS /api/auth/seller/profile-details [32m204[0m 0.651 ms - 0[0m
[0mOPTIONS /api/seller/product/list [32m204[0m 0.291 ms - 0[0m
[0mGET /api/auth/seller/profile-details [36m304[0m 5.514 ms - -[0m
[0mPOST /api/seller/product/list [32m200[0m 33.275 ms - 41190[0m
[0mGET /api/auth/seller/profile-details [36m304[0m 5.227 ms - -[0m
[0mOPTIONS /api/seller/child-category [32m204[0m 0.231 ms - 0[0m
[0mGET /api/seller/child-category [36m304[0m 5.354 ms - -[0m
[0mOPTIONS /api/seller/product/update-by-category [32m204[0m 0.421 ms - 0[0m
[0mPUT /api/seller/product/update-by-category [32m200[0m 6.727 ms - 64[0m
[0mGET /api/website/category/list [32m200[0m 23.401 ms - 30069[0m
[0mGET /api/website/catalog/category/search?queryString=Incense%20Sticks [32m200[0m 39.379 ms - 793[0m
[0mGET /api/website/catalog/product/search?filter_category=Incense%20Sticks [32m200[0m 71.926 ms - 5048[0m
[0mGET /api/website/catalog/product/search?filter_category=Incense%20Sticks [36m304[0m 85.708 ms - -[0m
[0mOPTIONS /api/auth/seller/profile-details [32m204[0m 1.507 ms - 0[0m
[0mOPTIONS /api/seller/child-category [32m204[0m 0.276 ms - 0[0m
[0mGET /api/auth/seller/profile-details [36m304[0m 13.906 ms - -[0m
[0mGET /api/seller/child-category [36m304[0m 15.795 ms - -[0m
[0mOPTIONS /api/auth/seller/profile-details [32m204[0m 1.241 ms - 0[0m
[0mGET /api/auth/seller/profile-details [36m304[0m 10.298 ms - -[0m
[0mOPTIONS /api/seller/child-category [32m204[0m 0.269 ms - 0[0m
[0mGET /api/seller/child-category [36m304[0m 6.496 ms - -[0m
[0mOPTIONS /api/auth/seller/profile-details [32m204[0m 1.078 ms - 0[0m
[0mGET /api/auth/seller/profile-details [36m304[0m 11.491 ms - -[0m
[0mOPTIONS /api/seller/child-category [32m204[0m 0.234 ms - 0[0m
[0mGET /api/seller/child-category [36m304[0m 7.630 ms - -[0m
[0mGET /api/auth/seller/profile-details [36m304[0m 4.041 ms - -[0m
[0mGET /api/seller/child-category [36m304[0m 7.367 ms - -[0m
[0mOPTIONS /api/auth/seller/profile-details [32m204[0m 3.759 ms - 0[0m
[0mOPTIONS /api/seller/product/list [32m204[0m 0.228 ms - 0[0m
[0mGET /api/auth/seller/profile-details [36m304[0m 89.726 ms - -[0m
[0mPOST /api/seller/product/list [32m200[0m 90.499 ms - 41190[0m
[0mGET /api/auth/seller/profile-details [36m304[0m 4.548 ms - -[0m
[0mOPTIONS /api/seller/brand/list [32m204[0m 0.564 ms - 0[0m
[0mOPTIONS /api/product/color/list [32m204[0m 0.139 ms - 0[0m
[0mGET /api/seller/brand/list [36m304[0m 22.543 ms - -[0m
[0mGET /api/product/color/list [36m304[0m 23.929 ms - -[0m
[0mOPTIONS /api/category/search/allcombine [32m204[0m 0.378 ms - 0[0m
[0mPOST /api/category/search/allcombine [32m200[0m 5.337 ms - 464[0m
[0mPOST /api/category/search/allcombine [32m200[0m 4.907 ms - 49[0m
[0mPOST /api/category/search/allcombine [32m200[0m 3.454 ms - 49[0m
[0mPOST /api/category/search/allcombine [32m200[0m 3.453 ms - 49[0m
[0mPOST /api/category/search/allcombine [32m200[0m 3.273 ms - 49[0m
[0mPOST /api/category/search/allcombine [32m200[0m 5.296 ms - 49[0m
[0mPOST /api/category/search/allcombine [32m200[0m 5.126 ms - 49[0m
[0mPOST /api/category/search/allcombine [32m200[0m 4.550 ms - 49[0m
[0mPOST /api/category/search/allcombine [32m200[0m 5.359 ms - 49[0m
[0mPOST /api/category/search/allcombine [32m200[0m 4.700 ms - 49[0m
[0mPOST /api/category/search/allcombine [32m200[0m 2.577 ms - 49[0m
[0mPOST /api/category/search/allcombine [32m200[0m 3.109 ms - 49[0m
[0mPOST /api/category/search/allcombine [32m200[0m 2.297 ms - 464[0m
[0mOPTIONS /api/category/search/allcombine [32m204[0m 0.515 ms - 0[0m
[0mPOST /api/category/search/allcombine [32m200[0m 3.875 ms - 223[0m
[0mPOST /api/category/search/allcombine [32m200[0m 3.424 ms - 1505[0m
[0mPOST /api/category/search/allcombine [32m200[0m 3.390 ms - 223[0m
[0mPOST /api/category/search/allcombine [32m200[0m 3.029 ms - 464[0m
[0mPOST /api/category/search/allcombine [32m200[0m 2.320 ms - 49[0m
[0mPOST /api/category/search/allcombine [32m200[0m 2.969 ms - 49[0m
[0mPOST /api/category/search/allcombine [32m200[0m 2.382 ms - 49[0m
[0mPOST /api/category/search/allcombine [32m200[0m 3.383 ms - 464[0m
[0mOPTIONS /api/category/search/allcombine [32m204[0m 0.351 ms - 0[0m
[0mPOST /api/category/search/allcombine [32m200[0m 3.049 ms - 223[0m
[0mPOST /api/category/search/allcombine [32m200[0m 2.615 ms - 223[0m
[0mPOST /api/category/search/allcombine [32m200[0m 4.946 ms - 1505[0m
[0mPOST /api/category/search/allcombine [32m200[0m 2.655 ms - 223[0m
[0mOPTIONS /api/category/search/allcombine [32m204[0m 0.502 ms - 0[0m
[0mPOST /api/category/search/allcombine [32m200[0m 3.053 ms - 223[0m
[0mPOST /api/category/search/allcombine [32m200[0m 3.701 ms - 1505[0m
[0mOPTIONS /api/category/search/allcombine [32m204[0m 0.509 ms - 0[0m
[0mPOST /api/category/search/allcombine [32m200[0m 3.701 ms - 223[0m
[0mPOST /api/category/search/allcombine [32m200[0m 3.095 ms - 49[0m
[0mPOST /api/category/search/allcombine [32m200[0m 3.109 ms - 49[0m
[0mPOST /api/category/search/allcombine [32m200[0m 2.618 ms - 49[0m
[0mPOST /api/category/search/allcombine [32m200[0m 2.697 ms - 49[0m
[0mPOST /api/category/search/allcombine [32m200[0m 3.332 ms - 49[0m
[0mPOST /api/category/search/allcombine [32m200[0m 2.715 ms - 49[0m
[0mPOST /api/category/search/allcombine [32m200[0m 2.834 ms - 49[0m
[0mPOST /api/category/search/allcombine [32m200[0m 2.399 ms - 49[0m
[0mPOST /api/category/search/allcombine [32m200[0m 3.033 ms - 49[0m
[0mOPTIONS /api/category/search/allcombine [32m204[0m 0.340 ms - 0[0m
[0mPOST /api/category/search/allcombine [32m200[0m 2.173 ms - 49[0m
[0mPOST /api/category/search/allcombine [32m200[0m 3.679 ms - 49[0m
[0mOPTIONS /api/auth/seller/profile-details [32m204[0m 0.218 ms - 0[0m
[0mGET /api/auth/seller/profile-details [32m200[0m 2.953 ms - 189[0m
[0mOPTIONS /api/seller/brand/list [32m204[0m 0.238 ms - 0[0m
[0mOPTIONS /api/product/color/list [32m204[0m 0.205 ms - 0[0m
[0mGET /api/seller/brand/list [32m200[0m 32.214 ms - 87410[0m
[0mGET /api/product/color/list [32m200[0m 72.893 ms - 74085[0m
[0mOPTIONS /api/category/search/allcombine [32m204[0m 1.651 ms - 0[0m
[0mPOST /api/category/search/allcombine [32m200[0m 7.546 ms - 49[0m
[0mPOST /api/category/search/allcombine [32m200[0m 2.539 ms - 49[0m
[0mOPTIONS /api/category/search/allcombine [32m204[0m 0.495 ms - 0[0m
[0mPOST /api/category/search/allcombine [32m200[0m 3.949 ms - 49[0m
[0mPOST /api/category/search/allcombine [32m200[0m 3.251 ms - 49[0m
[0mPOST /api/category/search/allcombine [32m200[0m 3.274 ms - 49[0m
[0mOPTIONS /api/category/search/allcombine [32m204[0m 0.564 ms - 0[0m
[0mPOST /api/category/search/allcombine [32m200[0m 2.858 ms - 49[0m
[0mPOST /api/category/search/allcombine [32m200[0m 3.863 ms - 49[0m
[0mPOST /api/category/search/allcombine [32m200[0m 2.634 ms - 49[0m
[0mPOST /api/category/search/allcombine [32m200[0m 2.678 ms - 49[0m
[0mPOST /api/category/search/allcombine [32m200[0m 4.305 ms - 49[0m
[0mOPTIONS /api/auth/seller/profile-details [32m204[0m 0.268 ms - 0[0m
[0mGET /api/auth/seller/profile-details [32m200[0m 4.899 ms - 189[0m
[0mOPTIONS /api/seller/brand/list [32m204[0m 0.249 ms - 0[0m
[0mOPTIONS /api/product/color/list [32m204[0m 0.141 ms - 0[0m
[0mGET /api/seller/brand/list [32m200[0m 30.478 ms - 87410[0m
[0mGET /api/product/color/list [32m200[0m 35.829 ms - 74085[0m
[0mOPTIONS /api/category/search/allcombine [32m204[0m 0.428 ms - 0[0m
[0mPOST /api/category/search/allcombine [32m200[0m 2.806 ms - 49[0m
[0mPOST /api/category/search/allcombine [32m200[0m 2.662 ms - 49[0m
[0mOPTIONS /api/category/search/allcombine [32m204[0m 0.484 ms - 0[0m
[0mPOST /api/category/search/allcombine [32m200[0m 3.857 ms - 223[0m
[0mOPTIONS /api/category/search/allcombine [32m204[0m 1.829 ms - 0[0m
[0mPOST /api/category/search/allcombine [32m200[0m 8.452 ms - 432[0m
[0mPOST /api/category/search/allcombine [32m200[0m 3.149 ms - 49[0m
[0mPOST /api/category/search/allcombine [32m200[0m 3.999 ms - 432[0m
[0mOPTIONS /api/auth/seller/profile-details [32m204[0m 4.113 ms - 0[0m
[0mOPTIONS /api/product/color/list [32m204[0m 0.394 ms - 0[0m
[0mOPTIONS /api/seller/brand/list [32m204[0m 0.174 ms - 0[0m
[0mGET /api/auth/seller/profile-details [36m304[0m 22.072 ms - -[0m
[0mGET /api/seller/brand/list [36m304[0m 47.889 ms - -[0m
[0mGET /api/product/color/list [36m304[0m 52.844 ms - -[0m
[0mOPTIONS /api/category/search/allcombine [32m204[0m 1.128 ms - 0[0m
[0mPOST /api/category/search/allcombine [32m200[0m 24.880 ms - 1346[0m
[0mPOST /api/category/search/allcombine [32m200[0m 6.864 ms - 1346[0m
[0mPOST /api/category/search/allcombine [32m200[0m 4.235 ms - 49[0m
[0mPOST /api/category/search/allcombine [32m200[0m 3.280 ms - 49[0m
[0mPOST /api/category/search/allcombine [32m200[0m 3.871 ms - 49[0m
[0mPOST /api/category/search/allcombine [32m200[0m 5.259 ms - 1346[0m
[0mPOST /api/category/search/allcombine [32m200[0m 6.007 ms - 1346[0m
[0mOPTIONS /api/category/search/allcombine [32m204[0m 0.369 ms - 0[0m
[0mPOST /api/category/search/allcombine [32m200[0m 6.551 ms - 3918[0m
[0mPOST /api/category/search/allcombine [32m200[0m 4.255 ms - 1003[0m
[0mPOST /api/category/search/allcombine [32m200[0m 5.586 ms - 456[0m
[0mOPTIONS /api/category/search/allcombine [32m204[0m 0.383 ms - 0[0m
[0mPOST /api/category/search/allcombine [32m200[0m 4.265 ms - 456[0m
[0mPOST /api/category/search/allcombine [32m200[0m 4.073 ms - 456[0m
[0mPOST /api/category/search/allcombine [32m200[0m 5.041 ms - 1003[0m
[0mPOST /api/category/search/allcombine [32m200[0m 5.830 ms - 3918[0m
[0mPOST /api/category/search/allcombine [32m200[0m 5.054 ms - 3918[0m
[0mPOST /api/category/search/allcombine [32m200[0m 4.955 ms - 1003[0m
[0mOPTIONS /api/category/search/allcombine [32m204[0m 0.406 ms - 0[0m
[0mPOST /api/category/search/allcombine [32m200[0m 4.095 ms - 456[0m
[0mPOST /api/category/search/allcombine [32m200[0m 4.435 ms - 456[0m
[0mOPTIONS /api/category/search/allcombine [32m204[0m 0.380 ms - 0[0m
[0mPOST /api/category/search/allcombine [32m200[0m 3.756 ms - 456[0m
[0mPOST /api/category/search/allcombine [32m200[0m 3.896 ms - 1003[0m
[0mPOST /api/category/search/allcombine [32m200[0m 4.836 ms - 3918[0m
[0mPOST /api/category/search/allcombine [32m200[0m 23.907 ms - 4115[0m
[0mPOST /api/category/search/allcombine [32m200[0m 4.727 ms - 2435[0m
[0mOPTIONS /api/category/search/allcombine [32m204[0m 0.364 ms - 0[0m
[0mPOST /api/category/search/allcombine [32m200[0m 3.394 ms - 49[0m
[0mPOST /api/category/search/allcombine [32m200[0m 4.700 ms - 2435[0m
[0mPOST /api/category/search/allcombine [32m200[0m 7.259 ms - 4115[0m
[0mPOST /api/category/search/allcombine [32m200[0m 6.035 ms - 7888[0m
[0mPOST /api/category/search/allcombine [32m200[0m 2.958 ms - 588[0m
[0mPOST /api/category/search/allcombine [32m200[0m 3.778 ms - 391[0m
[0mPOST /api/category/search/allcombine [32m200[0m 3.264 ms - 49[0m
[0mPOST /api/category/search/allcombine [32m200[0m 3.135 ms - 391[0m
[0mPOST /api/category/search/allcombine [32m200[0m 5.025 ms - 588[0m
[0mPOST /api/category/search/allcombine [32m200[0m 5.608 ms - 7888[0m
[0mOPTIONS /api/auth/seller/profile-details [32m204[0m 3.634 ms - 0[0m
[0mOPTIONS /api/seller/brand/list [32m204[0m 0.409 ms - 0[0m
[0mOPTIONS /api/product/color/list [32m204[0m 0.185 ms - 0[0m
[0mGET /api/auth/seller/profile-details [36m304[0m 37.004 ms - -[0m
[0mGET /api/seller/brand/list [36m304[0m 68.339 ms - -[0m
[0mGET /api/product/color/list [36m304[0m 75.959 ms - -[0m
[0mOPTIONS /api/auth/seller/profile-details [32m204[0m 2.733 ms - 0[0m
[0mOPTIONS /api/seller/brand/list [32m204[0m 0.596 ms - 0[0m
[0mOPTIONS /api/product/color/list [32m204[0m 0.498 ms - 0[0m
[0mGET /api/auth/seller/profile-details [36m304[0m 16.110 ms - -[0m
[0mGET /api/seller/brand/list [36m304[0m 58.871 ms - -[0m
[0mGET /api/product/color/list [36m304[0m 62.020 ms - -[0m
[0mOPTIONS /api/auth/seller/profile-details [32m204[0m 1.543 ms - 0[0m
[0mOPTIONS /api/seller/brand/list [32m204[0m 1.486 ms - 0[0m
[0mOPTIONS /api/product/color/list [32m204[0m 0.176 ms - 0[0m
[0mGET /api/seller/brand/list [36m304[0m 31.640 ms - -[0m
[0mGET /api/product/color/list [36m304[0m 31.340 ms - -[0m
[0mGET /api/auth/seller/profile-details [36m304[0m 45.109 ms - -[0m
[0mOPTIONS /api/auth/seller/profile-details [32m204[0m 1.206 ms - 0[0m
[0mOPTIONS /api/seller/brand/list [32m204[0m 0.295 ms - 0[0m
[0mOPTIONS /api/product/color/list [32m204[0m 0.377 ms - 0[0m
[0mGET /api/auth/seller/profile-details [36m304[0m 18.913 ms - -[0m
[0mGET /api/seller/brand/list [36m304[0m 26.599 ms - -[0m
[0mGET /api/product/color/list [36m304[0m 53.809 ms - -[0m
[0mGET /api/auth/seller/profile-details [36m304[0m 3.968 ms - -[0m
[0mGET /api/seller/brand/list [36m304[0m 49.919 ms - -[0m
[0mGET /api/product/color/list [36m304[0m 81.649 ms - -[0m
[0mOPTIONS /api/auth/seller/profile-details [32m204[0m 1.140 ms - 0[0m
[0mOPTIONS /api/seller/brand/list [32m204[0m 0.308 ms - 0[0m
[0mOPTIONS /api/product/color/list [32m204[0m 0.554 ms - 0[0m
[0mGET /api/auth/seller/profile-details [32m200[0m 12.194 ms - 189[0m
[0mGET /api/seller/brand/list [32m200[0m 27.794 ms - 87410[0m
[0mGET /api/product/color/list [32m200[0m 31.713 ms - 74085[0m
[0mOPTIONS /api/category/search/allcombine [32m204[0m 0.497 ms - 0[0m
[0mPOST /api/category/search/allcombine [32m200[0m 29.920 ms - 2373[0m
[0mPOST /api/category/search/allcombine [32m200[0m 9.745 ms - 4848[0m
[0mPOST /api/category/search/allcombine [32m200[0m 4.140 ms - 49[0m
[0mPOST /api/category/search/allcombine [32m200[0m 2.838 ms - 49[0m
[0mPOST /api/category/search/allcombine [32m200[0m 3.531 ms - 49[0m
[0mPOST /api/category/search/allcombine [32m200[0m 3.044 ms - 49[0m
[0mPOST /api/category/search/allcombine [32m200[0m 3.736 ms - 49[0m
[0mPOST /api/category/search/allcombine [32m200[0m 3.839 ms - 49[0m
[0mPOST /api/category/search/allcombine [32m200[0m 4.817 ms - 49[0m
[0mPOST /api/category/search/allcombine [32m200[0m 5.277 ms - 4848[0m
[0mPOST /api/category/search/allcombine [32m200[0m 8.478 ms - 6117[0m
[0mPOST /api/category/search/allcombine [32m200[0m 4.442 ms - 665[0m
[0mOPTIONS /api/auth/seller/profile-details [32m204[0m 1.154 ms - 0[0m
[0mOPTIONS /api/seller/brand/list [32m204[0m 0.355 ms - 0[0m
[0mOPTIONS /api/product/color/list [32m204[0m 0.232 ms - 0[0m
[0mGET /api/auth/seller/profile-details [32m200[0m 14.695 ms - 189[0m
[0mGET /api/product/color/list [32m200[0m 34.668 ms - 74085[0m
[0mGET /api/seller/brand/list [32m200[0m 37.758 ms - 87410[0m
[0mOPTIONS /api/category/search/allcombine [32m204[0m 0.885 ms - 0[0m
[0mPOST /api/category/search/allcombine [32m200[0m 6.094 ms - 6117[0m
[0mPOST /api/category/search/allcombine [32m200[0m 3.524 ms - 665[0m
[0mOPTIONS /api/category/search/allcombine [32m204[0m 0.388 ms - 0[0m
[0mPOST /api/category/search/allcombine [32m200[0m 6.542 ms - 6117[0m
[0mPOST /api/category/search/allcombine [32m200[0m 7.083 ms - 4848[0m
[0mPOST /api/category/search/allcombine [32m200[0m 3.264 ms - 49[0m
[0mPOST /api/category/search/allcombine [32m200[0m 3.554 ms - 49[0m
[0mPOST /api/category/search/allcombine [32m200[0m 1.977 ms - 49[0m
[0mPOST /api/category/search/allcombine [32m200[0m 2.388 ms - 49[0m
[0mPOST /api/category/search/allcombine [32m200[0m 4.185 ms - 49[0m
[0mPOST /api/category/search/allcombine [32m200[0m 3.954 ms - 49[0m
[0mPOST /api/category/search/allcombine [32m200[0m 2.543 ms - 49[0m
[0mPOST /api/category/search/allcombine [32m200[0m 3.024 ms - 49[0m
[0mPOST /api/category/search/allcombine [32m200[0m 3.282 ms - 49[0m
[0mPOST /api/category/search/allcombine [32m200[0m 4.535 ms - 49[0m
[0mPOST /api/category/search/allcombine [32m200[0m 2.054 ms - 49[0m
[0mPOST /api/category/search/allcombine [32m200[0m 3.182 ms - 49[0m
[0mPOST /api/category/search/allcombine [32m200[0m 2.175 ms - 49[0m
[0mPOST /api/category/search/allcombine [32m200[0m 2.930 ms - 49[0m
[0mPOST /api/category/search/allcombine [32m200[0m 2.452 ms - 49[0m
[0mPOST /api/category/search/allcombine [32m200[0m 2.579 ms - 49[0m
[0mPOST /api/category/search/allcombine [32m200[0m 2.112 ms - 49[0m
[0mPOST /api/category/search/allcombine [32m200[0m 5.186 ms - 49[0m
[0mPOST /api/category/search/allcombine [32m200[0m 3.799 ms - 49[0m
[0mPOST /api/category/search/allcombine [32m200[0m 3.300 ms - 49[0m
[0mPOST /api/category/search/allcombine [32m200[0m 2.791 ms - 49[0m
[0mPOST /api/category/search/allcombine [32m200[0m 3.146 ms - 49[0m
[0mPOST /api/category/search/allcombine [32m200[0m 2.396 ms - 49[0m
[0mPOST /api/category/search/allcombine [32m200[0m 2.887 ms - 49[0m
[0mPOST /api/category/search/allcombine [32m200[0m 3.399 ms - 49[0m
[0mPOST /api/category/search/allcombine [32m200[0m 4.027 ms - 49[0m
[0mPOST /api/category/search/allcombine [32m200[0m 3.156 ms - 49[0m
[0mPOST /api/category/search/allcombine [32m200[0m 2.533 ms - 49[0m
[0mPOST /api/category/search/allcombine [32m200[0m 3.052 ms - 49[0m
[0mOPTIONS /api/category/search/allcombine [32m204[0m 0.379 ms - 0[0m
[0mPOST /api/category/search/allcombine [32m200[0m 2.133 ms - 49[0m
[0mPOST /api/category/search/allcombine [32m200[0m 5.425 ms - 4848[0m
[0mOPTIONS /api/auth/seller/profile-details [32m204[0m 3.816 ms - 0[0m
[0mOPTIONS /api/seller/brand/list [32m204[0m 0.362 ms - 0[0m
[0mOPTIONS /api/product/color/list [32m204[0m 1.290 ms - 0[0m
[0mGET /api/auth/seller/profile-details [36m304[0m 16.278 ms - -[0m
[0mGET /api/seller/brand/list [36m304[0m 33.819 ms - -[0m
[0mGET /api/product/color/list [36m304[0m 49.200 ms - -[0m
[0mOPTIONS /api/auth/seller/profile-details [32m204[0m 1.162 ms - 0[0m
[0mGET /api/auth/seller/profile-details [32m200[0m 3.800 ms - 189[0m
[0mOPTIONS /api/seller/brand/list [32m204[0m 0.222 ms - 0[0m
[0mOPTIONS /api/product/color/list [32m204[0m 0.135 ms - 0[0m
[0mGET /api/seller/brand/list [32m200[0m 34.550 ms - 87410[0m
[0mGET /api/product/color/list [32m200[0m 57.119 ms - 74085[0m
[0mOPTIONS /api/auth/seller/profile-details [32m204[0m 1.700 ms - 0[0m
[0mOPTIONS /api/seller/brand/list [32m204[0m 4.474 ms - 0[0m
[0mOPTIONS /api/product/color/list [32m204[0m 0.172 ms - 0[0m
[0mGET /api/auth/seller/profile-details [36m304[0m 16.584 ms - -[0m
[0mGET /api/seller/brand/list [36m304[0m 19.131 ms - -[0m
[0mGET /api/product/color/list [36m304[0m 28.381 ms - -[0m
[0mOPTIONS /api/category/search/allcombine [32m204[0m 0.376 ms - 0[0m
[0mPOST /api/category/search/allcombine [32m200[0m 7.560 ms - 4848[0m
[0mPOST /api/category/search/allcombine [32m200[0m 2.758 ms - 49[0m
[0mPOST /api/category/search/allcombine [32m200[0m 2.090 ms - 49[0m
[0mPOST /api/category/search/allcombine [32m200[0m 3.254 ms - 49[0m
[0mPOST /api/category/search/allcombine [32m200[0m 4.015 ms - 49[0m
[0mPOST /api/category/search/allcombine [32m200[0m 2.372 ms - 49[0m
[0mPOST /api/category/search/allcombine [32m200[0m 2.327 ms - 49[0m
[0mPOST /api/category/search/allcombine [32m200[0m 2.216 ms - 49[0m
[0mPOST /api/category/search/allcombine [32m200[0m 2.826 ms - 49[0m
[0mPOST /api/category/search/allcombine [32m200[0m 3.553 ms - 49[0m
[0mPOST /api/category/search/allcombine [32m200[0m 3.052 ms - 49[0m
[0mPOST /api/category/search/allcombine [32m200[0m 3.256 ms - 49[0m
[0mPOST /api/category/search/allcombine [32m200[0m 5.185 ms - 4848[0m
[0mOPTIONS /api/auth/seller/profile-details [32m204[0m 0.387 ms - 0[0m
[0mGET /api/auth/seller/profile-details [36m304[0m 5.174 ms - -[0m
[0mOPTIONS /api/seller/brand/list [32m204[0m 0.278 ms - 0[0m
[0mOPTIONS /api/product/color/list [32m204[0m 0.321 ms - 0[0m
[0mGET /api/seller/brand/list [36m304[0m 18.970 ms - -[0m
[0mGET /api/product/color/list [36m304[0m 25.870 ms - -[0m
[0mOPTIONS /api/category/search/allcombine [32m204[0m 0.371 ms - 0[0m
[0mPOST /api/category/search/allcombine [32m200[0m 6.618 ms - 6117[0m
[0mPOST /api/category/search/allcombine [32m200[0m 2.492 ms - 665[0m
