[0mOPTIONS /api/auth/seller/login [32m204[0m 7.141 ms - 0[0m
[0mPOST /api/auth/seller/login [31m500[0m 57.055 ms - 34[0m
[0mOPTIONS /api/auth/seller/login [32m204[0m 0.646 ms - 0[0m
[0mPOST /api/auth/seller/login [31m500[0m 7.507 ms - 34[0m
[0mOPTIONS /api/auth/seller/login [32m204[0m 2.209 ms - 0[0m
[0mPOST /api/auth/seller/login [32m200[0m 252.998 ms - 212[0m
[0mOPTIONS /api/auth/seller/profile-details [32m204[0m 0.546 ms - 0[0m
[0mOPTIONS /api/seller/dasbhoard/list [32m204[0m 0.190 ms - 0[0m
[0mGET /api/auth/seller/profile-details [32m200[0m 10.317 ms - 155[0m
[0mGET /api/seller/dasbhoard/list [32m200[0m 14.316 ms - 59[0m
[0mOPTIONS /api/seller/product/list [32m204[0m 0.303 ms - 0[0m
[0mGET /api/auth/seller/profile-details [36m304[0m 12.705 ms - -[0m
[0mPOST /api/seller/product/list [32m200[0m 18.392 ms - 88[0m
[0mGET /api/auth/seller/profile-details [36m304[0m 2.871 ms - -[0m
[0mOPTIONS /api/category/admin/main-list [32m204[0m 0.573 ms - 0[0m
[0mOPTIONS /api/seller/brand/list [32m204[0m 0.273 ms - 0[0m
[0mOPTIONS /api/product/color/list [32m204[0m 0.219 ms - 0[0m
[0mGET /api/seller/brand/list [32m200[0m 9.972 ms - 1694[0m
[0mGET /api/category/admin/main-list [32m200[0m 10.296 ms - 1372[0m
[0mGET /api/product/color/list [32m200[0m 8.489 ms - 1238[0m
[0mOPTIONS /api/auth/seller/profile-details [32m204[0m 3.163 ms - 0[0m
[0mOPTIONS /api/seller/product/list [32m204[0m 0.252 ms - 0[0m
[0mPOST /api/seller/product/list [32m200[0m 20.149 ms - 88[0m
[0mOPTIONS /api/auth/seller/profile-details [32m204[0m 5.490 ms - 0[0m
[0mOPTIONS /api/seller/product/list [32m204[0m 0.274 ms - 0[0m
[0mGET /api/auth/seller/profile-details [36m304[0m 18.776 ms - -[0m
[0mPOST /api/seller/product/list [32m200[0m 22.461 ms - 88[0m
[0mOPTIONS /api/auth/seller/profile-details [32m204[0m 1.357 ms - 0[0m
[0mOPTIONS /api/seller/product/list [32m204[0m 0.222 ms - 0[0m
[0mGET /api/auth/seller/profile-details [36m304[0m 10.746 ms - -[0m
[0mPOST /api/seller/product/list [32m200[0m 24.919 ms - 88[0m
[0mOPTIONS /api/auth/seller/profile-details [32m204[0m 1.193 ms - 0[0m
[0mOPTIONS /api/seller/product/list [32m204[0m 0.488 ms - 0[0m
[0mGET /api/auth/seller/profile-details [36m304[0m 30.143 ms - -[0m
[0mPOST /api/seller/product/list [32m200[0m 40.008 ms - 88[0m
[0mOPTIONS /api/auth/seller/profile-details [32m204[0m 0.550 ms - 0[0m
[0mOPTIONS /api/category/admin/main-list [32m204[0m 0.609 ms - 0[0m
[0mOPTIONS /api/seller/brand/list [32m204[0m 0.165 ms - 0[0m
[0mOPTIONS /api/product/color/list [32m204[0m 0.116 ms - 0[0m
[0mGET /api/auth/seller/profile-details [36m304[0m 7.015 ms - -[0m
[0mGET /api/category/admin/main-list [36m304[0m 7.182 ms - -[0m
[0mGET /api/seller/brand/list [36m304[0m 5.695 ms - -[0m
[0mGET /api/product/color/list [36m304[0m 7.099 ms - -[0m
[0mOPTIONS /api/auth/seller/profile-details [32m204[0m 1.194 ms - 0[0m
[0mGET /api/auth/seller/profile-details [36m304[0m 12.102 ms - -[0m
[0mOPTIONS /api/category/admin/main-list [32m204[0m 4.369 ms - 0[0m
[0mOPTIONS /api/seller/brand/list [32m204[0m 0.402 ms - 0[0m
[0mOPTIONS /api/product/color/list [32m204[0m 0.279 ms - 0[0m
[0mGET /api/category/admin/main-list [36m304[0m 28.662 ms - -[0m
[0mGET /api/seller/brand/list [36m304[0m 34.172 ms - -[0m
[0mGET /api/product/color/list [36m304[0m 22.483 ms - -[0m
[0mOPTIONS /api/auth/seller/profile-details [32m204[0m 1.028 ms - 0[0m
[0mOPTIONS /api/category/admin/main-list [32m204[0m 0.234 ms - 0[0m
[0mOPTIONS /api/seller/brand/list [32m204[0m 0.172 ms - 0[0m
[0mOPTIONS /api/product/color/list [32m204[0m 0.141 ms - 0[0m
[0mGET /api/auth/seller/profile-details [36m304[0m 14.592 ms - -[0m
[0mGET /api/seller/brand/list [36m304[0m 10.765 ms - -[0m
[0mGET /api/category/admin/main-list [36m304[0m 12.707 ms - -[0m
[0mGET /api/product/color/list [36m304[0m 11.162 ms - -[0m
[0mOPTIONS /api/auth/seller/profile-details [32m204[0m 1.286 ms - 0[0m
[0mOPTIONS /api/category/admin/main-list [32m204[0m 0.232 ms - 0[0m
[0mOPTIONS /api/seller/brand/list [32m204[0m 0.126 ms - 0[0m
[0mOPTIONS /api/product/color/list [32m204[0m 0.112 ms - 0[0m
[0mGET /api/auth/seller/profile-details [36m304[0m 18.148 ms - -[0m
[0mGET /api/category/admin/main-list [36m304[0m 13.204 ms - -[0m
[0mGET /api/seller/brand/list [36m304[0m 14.383 ms - -[0m
[0mGET /api/product/color/list [36m304[0m 14.037 ms - -[0m
[0mOPTIONS /api/auth/seller/profile-details [32m204[0m 4.404 ms - 0[0m
[0mOPTIONS /api/category/admin/main-list [32m204[0m 0.499 ms - 0[0m
[0mOPTIONS /api/seller/brand/list [32m204[0m 0.239 ms - 0[0m
[0mOPTIONS /api/product/color/list [32m204[0m 0.558 ms - 0[0m
[0mGET /api/auth/seller/profile-details [36m304[0m 19.533 ms - -[0m
[0mGET /api/seller/brand/list [36m304[0m 15.425 ms - -[0m
[0mGET /api/category/admin/main-list [36m304[0m 20.137 ms - -[0m
[0mGET /api/product/color/list [36m304[0m 13.126 ms - -[0m
[0mOPTIONS /api/auth/seller/profile-details [32m204[0m 1.045 ms - 0[0m
[0mGET /api/auth/seller/profile-details [36m304[0m 7.886 ms - -[0m
[0mOPTIONS /api/category/admin/main-list [32m204[0m 0.249 ms - 0[0m
[0mOPTIONS /api/seller/brand/list [32m204[0m 0.179 ms - 0[0m
[0mOPTIONS /api/product/color/list [32m204[0m 0.164 ms - 0[0m
[0mGET /api/category/admin/main-list [36m304[0m 11.761 ms - -[0m
[0mGET /api/seller/brand/list [36m304[0m 12.771 ms - -[0m
[0mGET /api/product/color/list [36m304[0m 12.305 ms - -[0m
[0mGET /api/auth/seller/profile-details [36m304[0m 19.188 ms - -[0m
[0mGET /api/category/admin/main-list [36m304[0m 17.286 ms - -[0m
[0mGET /api/seller/brand/list [36m304[0m 18.120 ms - -[0m
[0mGET /api/product/color/list [36m304[0m 25.715 ms - -[0m
[0mOPTIONS /api/auth/seller/profile-details [32m204[0m 1.754 ms - 0[0m
[0mGET /api/auth/seller/profile-details [36m304[0m 7.642 ms - -[0m
[0mOPTIONS /api/category/admin/main-list [32m204[0m 0.251 ms - 0[0m
[0mOPTIONS /api/seller/brand/list [32m204[0m 0.348 ms - 0[0m
[0mOPTIONS /api/product/color/list [32m204[0m 0.148 ms - 0[0m
[0mGET /api/category/admin/main-list [36m304[0m 10.789 ms - -[0m
[0mGET /api/product/color/list [36m304[0m 13.851 ms - -[0m
[0mGET /api/seller/brand/list [36m304[0m 14.070 ms - -[0m
[0mOPTIONS /api/auth/seller/profile-details [32m204[0m 0.985 ms - 0[0m
[0mOPTIONS /api/category/admin/main-list [32m204[0m 0.260 ms - 0[0m
[0mOPTIONS /api/seller/brand/list [32m204[0m 0.340 ms - 0[0m
[0mOPTIONS /api/product/color/list [32m204[0m 0.288 ms - 0[0m
[0mGET /api/auth/seller/profile-details [36m304[0m 19.220 ms - -[0m
[0mGET /api/category/admin/main-list [36m304[0m 16.989 ms - -[0m
[0mGET /api/seller/brand/list [36m304[0m 17.540 ms - -[0m
[0mGET /api/product/color/list [36m304[0m 16.654 ms - -[0m
[0mOPTIONS /api/auth/seller/profile-details [32m204[0m 3.560 ms - 0[0m
[0mOPTIONS /api/seller/dasbhoard/list [32m204[0m 0.307 ms - 0[0m
[0mGET /api/auth/seller/profile-details [36m304[0m 40.148 ms - -[0m
[0mGET /api/seller/dasbhoard/list [36m304[0m 35.292 ms - -[0m
[0mOPTIONS /api/seller/product/list [32m204[0m 0.183 ms - 0[0m
[0mGET /api/auth/seller/profile-details [36m304[0m 20.271 ms - -[0m
[0mPOST /api/seller/product/list [32m200[0m 25.816 ms - 88[0m
[0mGET /api/auth/seller/profile-details [36m304[0m 3.612 ms - -[0m
[0mOPTIONS /api/category/admin/main-list [32m204[0m 0.352 ms - 0[0m
[0mOPTIONS /api/product/color/list [32m204[0m 0.479 ms - 0[0m
[0mOPTIONS /api/seller/brand/list [32m204[0m 0.338 ms - 0[0m
[0mGET /api/category/admin/main-list [36m304[0m 7.722 ms - -[0m
[0mGET /api/seller/brand/list [36m304[0m 8.567 ms - -[0m
[0mGET /api/product/color/list [36m304[0m 8.058 ms - -[0m
[0mOPTIONS /api/category/getAllSubCategory?categoryId=5 [32m204[0m 1.456 ms - 0[0m
[0mGET /api/category/getAllSubCategory?categoryId=5 [32m200[0m 17.554 ms - 258[0m
[0mOPTIONS /api/category/getAllSubCategory?categoryId=10 [32m204[0m 0.548 ms - 0[0m
[0mGET /api/category/getAllSubCategory?categoryId=10 [32m200[0m 3.926 ms - 258[0m
[0mOPTIONS /api/category/getAllSubChildCategory?subcategoryId=11 [32m204[0m 0.833 ms - 0[0m
[0mGET /api/category/getAllSubChildCategory?subcategoryId=11 [32m200[0m 6.575 ms - 612[0m
[0mOPTIONS /api/auth/seller/profile-details [32m204[0m 0.775 ms - 0[0m
[0mOPTIONS /api/category/admin/main-list [32m204[0m 0.311 ms - 0[0m
[0mOPTIONS /api/seller/brand/list [32m204[0m 0.261 ms - 0[0m
[0mOPTIONS /api/product/color/list [32m204[0m 0.206 ms - 0[0m
[0mGET /api/auth/seller/profile-details [36m304[0m 11.154 ms - -[0m
[0mGET /api/category/admin/main-list [36m304[0m 11.347 ms - -[0m
[0mGET /api/product/color/list [36m304[0m 7.118 ms - -[0m
[0mGET /api/seller/brand/list [36m304[0m 8.821 ms - -[0m
[0mOPTIONS /api/category/getAllSubCategory?categoryId=10 [32m204[0m 0.385 ms - 0[0m
[0mGET /api/category/getAllSubCategory?categoryId=10 [36m304[0m 4.771 ms - -[0m
[0mOPTIONS /api/category/getAllSubChildCategory?subcategoryId=11 [32m204[0m 0.490 ms - 0[0m
[0mGET /api/category/getAllSubChildCategory?subcategoryId=11 [36m304[0m 4.635 ms - -[0m
[0mGET /api/category/getAllSubChildCategory?subcategoryId=11 [36m304[0m 2.636 ms - -[0m
[0mOPTIONS /api/auth/seller/profile-details [32m204[0m 0.932 ms - 0[0m
[0mOPTIONS /api/category/admin/main-list [32m204[0m 0.256 ms - 0[0m
[0mOPTIONS /api/seller/brand/list [32m204[0m 0.191 ms - 0[0m
[0mOPTIONS /api/product/color/list [32m204[0m 0.208 ms - 0[0m
[0mGET /api/auth/seller/profile-details [36m304[0m 15.121 ms - -[0m
[0mGET /api/seller/brand/list [36m304[0m 10.851 ms - -[0m
[0mGET /api/category/admin/main-list [36m304[0m 15.952 ms - -[0m
[0mGET /api/product/color/list [36m304[0m 10.337 ms - -[0m
[0mOPTIONS /api/auth/seller/profile-details [32m204[0m 1.266 ms - 0[0m
[0mOPTIONS /api/category/admin/main-list [32m204[0m 0.275 ms - 0[0m
[0mOPTIONS /api/seller/brand/list [32m204[0m 0.183 ms - 0[0m
[0mOPTIONS /api/product/color/list [32m204[0m 0.241 ms - 0[0m
[0mGET /api/auth/seller/profile-details [36m304[0m 22.874 ms - -[0m
[0mGET /api/category/admin/main-list [36m304[0m 26.782 ms - -[0m
[0mGET /api/seller/brand/list [36m304[0m 21.244 ms - -[0m
[0mGET /api/product/color/list [36m304[0m 22.004 ms - -[0m
[0mOPTIONS /api/auth/seller/profile-details [32m204[0m 1.387 ms - 0[0m
[0mOPTIONS /api/category/admin/main-list [32m204[0m 0.271 ms - 0[0m
[0mOPTIONS /api/seller/brand/list [32m204[0m 0.184 ms - 0[0m
[0mOPTIONS /api/product/color/list [32m204[0m 0.144 ms - 0[0m
[0mGET /api/auth/seller/profile-details [36m304[0m 23.704 ms - -[0m
[0mGET /api/product/color/list [36m304[0m 13.747 ms - -[0m
[0mGET /api/seller/brand/list [36m304[0m 12.260 ms - -[0m
[0mGET /api/category/admin/main-list [36m304[0m 12.956 ms - -[0m
[0mOPTIONS /api/category/getAllSubCategory?categoryId=10 [32m204[0m 0.371 ms - 0[0m
[0mGET /api/category/getAllSubCategory?categoryId=10 [36m304[0m 3.557 ms - -[0m
[0mOPTIONS /api/category/getAllSubChildCategory?subcategoryId=11 [32m204[0m 0.441 ms - 0[0m
[0mGET /api/category/getAllSubChildCategory?subcategoryId=11 [36m304[0m 2.792 ms - -[0m
[0mOPTIONS /api/auth/seller/profile-details [32m204[0m 0.258 ms - 0[0m
[0mGET /api/auth/seller/profile-details [32m200[0m 2.287 ms - 155[0m
[0mOPTIONS /api/category/admin/main-list [32m204[0m 0.701 ms - 0[0m
[0mOPTIONS /api/seller/brand/list [32m204[0m 0.284 ms - 0[0m
[0mOPTIONS /api/product/color/list [32m204[0m 0.157 ms - 0[0m
[0mGET /api/category/admin/main-list [32m200[0m 7.450 ms - 1372[0m
[0mGET /api/seller/brand/list [32m200[0m 6.500 ms - 1694[0m
[0mGET /api/product/color/list [32m200[0m 7.334 ms - 1238[0m
[0mOPTIONS /api/auth/seller/profile-details [32m204[0m 1.112 ms - 0[0m
[0mOPTIONS /api/category/admin/main-list [32m204[0m 0.158 ms - 0[0m
[0mOPTIONS /api/seller/brand/list [32m204[0m 0.179 ms - 0[0m
[0mOPTIONS /api/product/color/list [32m204[0m 0.118 ms - 0[0m
[0mGET /api/auth/seller/profile-details [36m304[0m 22.824 ms - -[0m
[0mGET /api/category/admin/main-list [36m304[0m 23.585 ms - -[0m
[0mGET /api/product/color/list [36m304[0m 26.951 ms - -[0m
[0mGET /api/seller/brand/list [36m304[0m 32.730 ms - -[0m
[0mOPTIONS /api/auth/seller/profile-details [32m204[0m 1.746 ms - 0[0m
[0mOPTIONS /api/category/admin/main-list [32m204[0m 0.250 ms - 0[0m
[0mOPTIONS /api/seller/brand/list [32m204[0m 0.137 ms - 0[0m
[0mOPTIONS /api/product/color/list [32m204[0m 0.231 ms - 0[0m
[0mGET /api/auth/seller/profile-details [36m304[0m 20.024 ms - -[0m
[0mGET /api/category/admin/main-list [36m304[0m 14.309 ms - -[0m
[0mGET /api/seller/brand/list [36m304[0m 10.049 ms - -[0m
[0mGET /api/product/color/list [36m304[0m 14.519 ms - -[0m
[0mOPTIONS /api/category/getAllSubCategory?categoryId=5 [32m204[0m 0.376 ms - 0[0m
[0mGET /api/category/getAllSubCategory?categoryId=5 [36m304[0m 3.627 ms - -[0m
[0mOPTIONS /api/category/getAllSubChildCategory?subcategoryId=3 [32m204[0m 0.429 ms - 0[0m
[0mGET /api/category/getAllSubChildCategory?subcategoryId=3 [32m200[0m 3.166 ms - 1161[0m
[0mOPTIONS /api/category/getAllSubCategory?categoryId=10 [32m204[0m 1.186 ms - 0[0m
[0mGET /api/category/getAllSubCategory?categoryId=10 [36m304[0m 9.101 ms - -[0m
[0mOPTIONS /api/category/getAllSubChildCategory?subcategoryId=11 [32m204[0m 0.452 ms - 0[0m
[0mGET /api/category/getAllSubChildCategory?subcategoryId=11 [36m304[0m 3.599 ms - -[0m
[0mOPTIONS /api/auth/seller/profile-details [32m204[0m 1.011 ms - 0[0m
[0mOPTIONS /api/category/admin/main-list [32m204[0m 0.571 ms - 0[0m
[0mOPTIONS /api/seller/brand/list [32m204[0m 3.167 ms - 0[0m
[0mOPTIONS /api/product/color/list [32m204[0m 0.264 ms - 0[0m
[0mGET /api/auth/seller/profile-details [36m304[0m 15.560 ms - -[0m
[0mGET /api/category/admin/main-list [36m304[0m 8.348 ms - -[0m
[0mGET /api/seller/brand/list [36m304[0m 8.153 ms - -[0m
[0mGET /api/product/color/list [36m304[0m 7.126 ms - -[0m
[0mOPTIONS /api/auth/seller/profile-details [32m204[0m 1.524 ms - 0[0m
[0mOPTIONS /api/category/admin/main-list [32m204[0m 0.949 ms - 0[0m
[0mOPTIONS /api/seller/brand/list [32m204[0m 4.059 ms - 0[0m
[0mOPTIONS /api/product/color/list [32m204[0m 0.694 ms - 0[0m
[0mGET /api/auth/seller/profile-details [36m304[0m 18.893 ms - -[0m
[0mGET /api/category/admin/main-list [36m304[0m 15.501 ms - -[0m
[0mGET /api/seller/brand/list [36m304[0m 27.600 ms - -[0m
[0mGET /api/product/color/list [36m304[0m 25.744 ms - -[0m
[0mOPTIONS /api/auth/seller/profile-details [32m204[0m 1.647 ms - 0[0m
[0mOPTIONS /api/category/admin/main-list [32m204[0m 0.269 ms - 0[0m
[0mOPTIONS /api/seller/brand/list [32m204[0m 0.163 ms - 0[0m
[0mOPTIONS /api/product/color/list [32m204[0m 0.516 ms - 0[0m
[0mGET /api/auth/seller/profile-details [36m304[0m 16.015 ms - -[0m
[0mGET /api/category/admin/main-list [36m304[0m 11.574 ms - -[0m
[0mGET /api/seller/brand/list [36m304[0m 14.005 ms - -[0m
[0mGET /api/product/color/list [36m304[0m 14.515 ms - -[0m
[0mOPTIONS /api/auth/seller/profile-details [32m204[0m 0.868 ms - 0[0m
[0mOPTIONS /api/seller/dasbhoard/list [32m204[0m 0.186 ms - 0[0m
[0mGET /api/auth/seller/profile-details [36m304[0m 8.173 ms - -[0m
[0mGET /api/seller/dasbhoard/list [36m304[0m 9.806 ms - -[0m
[0mOPTIONS /api/auth/rootLogin [32m204[0m 12.155 ms - 0[0m
[0mPOST /api/auth/rootLogin [32m200[0m 271.219 ms - 211[0m
[0mOPTIONS /api/order/notifications [32m204[0m 0.556 ms - 0[0m
[0mOPTIONS /api/order/list [32m204[0m 0.322 ms - 0[0m
[0mOPTIONS /api/order/count [32m204[0m 0.314 ms - 0[0m
[0mGET /api/order/count [32m200[0m 44.836 ms - 26[0m
[0mGET /api/order/notifications [32m200[0m 55.749 ms - 36[0m
[0mPOST /api/order/list [32m200[0m 51.045 ms - 79[0m
[0mOPTIONS /api/order/notifications [32m204[0m 1.708 ms - 0[0m
[0mOPTIONS /api/order/list [32m204[0m 0.776 ms - 0[0m
[0mOPTIONS /api/order/count [32m204[0m 0.427 ms - 0[0m
[0mGET /api/order/count [36m304[0m 15.193 ms - -[0m
[0mGET /api/order/notifications [36m304[0m 28.601 ms - -[0m
[0mPOST /api/order/list [32m200[0m 25.012 ms - 79[0m
[0mOPTIONS /api/order/notifications [32m204[0m 1.040 ms - 0[0m
[0mOPTIONS /api/product/color/list [32m204[0m 0.329 ms - 0[0m
[0mGET /api/order/notifications [36m304[0m 15.588 ms - -[0m
[0mPOST /api/product/color/list [32m200[0m 20.878 ms - 1228[0m
[0mGET /api/order/notifications [36m304[0m 5.439 ms - -[0m
[0mOPTIONS /api/order/notifications [32m204[0m 1.428 ms - 0[0m
[0mOPTIONS /api/product/color/list [32m204[0m 0.881 ms - 0[0m
[0mGET /api/order/notifications [36m304[0m 64.851 ms - -[0m
[0mPOST /api/product/color/list [32m200[0m 85.098 ms - 1228[0m
[0mOPTIONS /api/order/notifications [32m204[0m 1.075 ms - 0[0m
[0mOPTIONS /api/product/color/list [32m204[0m 0.421 ms - 0[0m
[0mGET /api/order/notifications [36m304[0m 21.625 ms - -[0m
[0mPOST /api/product/color/list [32m200[0m 17.347 ms - 1228[0m
[0mOPTIONS /api/order/notifications [32m204[0m 1.445 ms - 0[0m
[0mOPTIONS /api/product/color/list [32m204[0m 0.300 ms - 0[0m
[0mPOST /api/product/color/list [32m200[0m 35.243 ms - 1228[0m
[0mGET /api/order/notifications [36m304[0m 35.712 ms - -[0m
[0mOPTIONS /api/order/notifications [32m204[0m 1.385 ms - 0[0m
[0mOPTIONS /api/product/color/list [32m204[0m 0.346 ms - 0[0m
[0mPOST /api/product/color/list [32m200[0m 29.545 ms - 1228[0m
[0mGET /api/order/notifications [36m304[0m 11.061 ms - -[0m
[0mOPTIONS /api/order/notifications [32m204[0m 7.125 ms - 0[0m
[0mOPTIONS /api/product/color/list [32m204[0m 0.325 ms - 0[0m
[0mGET /api/order/notifications [36m304[0m 21.787 ms - -[0m
[0mPOST /api/product/color/list [32m200[0m 26.786 ms - 1228[0m
[0mOPTIONS /api/order/notifications [32m204[0m 0.835 ms - 0[0m
[0mOPTIONS /api/product/color/list [32m204[0m 0.589 ms - 0[0m
[0mGET /api/order/notifications [36m304[0m 16.958 ms - -[0m
[0mPOST /api/product/color/list [32m200[0m 22.783 ms - 1228[0m
[0mOPTIONS /api/order/notifications [32m204[0m 1.147 ms - 0[0m
[0mOPTIONS /api/product/color/list [32m204[0m 0.412 ms - 0[0m
[0mGET /api/order/notifications [36m304[0m 16.846 ms - -[0m
[0mPOST /api/product/color/list [32m200[0m 14.716 ms - 1228[0m
[0mOPTIONS /api/order/notifications [32m204[0m 1.389 ms - 0[0m
[0mOPTIONS /api/product/color/list [32m204[0m 3.152 ms - 0[0m
[0mGET /api/order/notifications [36m304[0m 14.354 ms - -[0m
[0mPOST /api/product/color/list [32m200[0m 20.221 ms - 1228[0m
[0mOPTIONS /api/order/notifications [32m204[0m 1.631 ms - 0[0m
[0mOPTIONS /api/product/color/list [32m204[0m 0.567 ms - 0[0m
[0mPOST /api/product/color/list [32m200[0m 18.048 ms - 1228[0m
[0mGET /api/order/notifications [36m304[0m 11.496 ms - -[0m
[0mOPTIONS /api/order/notifications [32m204[0m 5.662 ms - 0[0m
[0mOPTIONS /api/product/color/list [32m204[0m 0.269 ms - 0[0m
[0mPOST /api/product/color/list [32m200[0m 21.311 ms - 1228[0m
[0mGET /api/order/notifications [36m304[0m 17.255 ms - -[0m
[0mOPTIONS /api/order/notifications [32m204[0m 2.225 ms - 0[0m
[0mOPTIONS /api/product/color/list [32m204[0m 0.301 ms - 0[0m
[0mGET /api/order/notifications [36m304[0m 13.671 ms - -[0m
[0mPOST /api/product/color/list [32m200[0m 18.968 ms - 1228[0m
[0mOPTIONS /api/order/notifications [32m204[0m 1.063 ms - 0[0m
[0mOPTIONS /api/product/color/list [32m204[0m 0.489 ms - 0[0m
[0mGET /api/order/notifications [36m304[0m 13.347 ms - -[0m
[0mPOST /api/product/color/list [32m200[0m 17.474 ms - 1228[0m
[0mOPTIONS /api/order/notifications [32m204[0m 1.984 ms - 0[0m
[0mGET /api/order/notifications [36m304[0m 27.616 ms - -[0m
[0mOPTIONS /api/product/processor-create [32m204[0m 0.466 ms - 0[0m
[0mPOST /api/product/processor-create [31m500[0m 16.788 ms - 34[0m
[0mOPTIONS /api/order/notifications [32m204[0m 6.000 ms - 0[0m
[0mGET /api/order/notifications [36m304[0m 15.096 ms - -[0m
[0mOPTIONS /api/product/processor-create [32m204[0m 0.539 ms - 0[0m
[0mOPTIONS /api/product/processor-create [32m204[0m 3.283 ms - 0[0m
[0mOPTIONS /api/product/processor-create [32m204[0m 2.381 ms - 0[0m
[0mPOST /api/product/processor-create [32m200[0m 27.832 ms - 59[0m
[0mOPTIONS /api/order/notifications [32m204[0m 0.905 ms - 0[0m
[0mGET /api/order/notifications [36m304[0m 13.055 ms - -[0m
[0mOPTIONS /api/order/notifications [32m204[0m 1.308 ms - 0[0m
[0mOPTIONS /api/product/color/list [32m204[0m 0.717 ms - 0[0m
[0mGET /api/order/notifications [36m304[0m 24.748 ms - -[0m
[0mPOST /api/product/color/list [32m200[0m 24.153 ms - 1228[0m
[0mOPTIONS /api/order/notifications [32m204[0m 2.148 ms - 0[0m
[0mOPTIONS /api/product/color/list [32m204[0m 0.373 ms - 0[0m
[0mGET /api/order/notifications [36m304[0m 24.030 ms - -[0m
[0mPOST /api/product/color/list [32m200[0m 16.241 ms - 1228[0m
[0mOPTIONS /api/order/notifications [32m204[0m 8.191 ms - 0[0m
[0mOPTIONS /api/product/color/list [32m204[0m 0.323 ms - 0[0m
[0mGET /api/order/notifications [36m304[0m 25.955 ms - -[0m
[0mPOST /api/product/color/list [32m200[0m 39.821 ms - 1228[0m
[0mOPTIONS /api/order/notifications [32m204[0m 1.332 ms - 0[0m
[0mOPTIONS /api/product/color/list [32m204[0m 0.429 ms - 0[0m
[0mPOST /api/product/color/list [32m200[0m 16.897 ms - 1228[0m
[0mGET /api/order/notifications [36m304[0m 13.563 ms - -[0m
[0mOPTIONS /api/order/notifications [32m204[0m 0.991 ms - 0[0m
[0mGET /api/order/notifications [36m304[0m 15.529 ms - -[0m
[0mOPTIONS /api/order/notifications [32m204[0m 1.911 ms - 0[0m
[0mOPTIONS / [32m204[0m 0.564 ms - 0[0m
[0mPOST / [33m404[0m 8.413 ms - 28[0m
[0mGET /api/order/notifications [36m304[0m 20.589 ms - -[0m
[0mOPTIONS /api/order/notifications [32m204[0m 1.123 ms - 0[0m
[0mOPTIONS /api/product/processor-list [32m204[0m 0.297 ms - 0[0m
[0mPOST /api/product/processor-list [33m404[0m 1.999 ms - 28[0m
[0mGET /api/order/notifications [36m304[0m 27.565 ms - -[0m
[0mOPTIONS /api/order/notifications [32m204[0m 3.454 ms - 0[0m
[0mOPTIONS /api/product/processor-list [32m204[0m 0.610 ms - 0[0m
[0mPOST /api/product/processor-list [32m200[0m 33.329 ms - 222[0m
[0mGET /api/order/notifications [32m200[0m 20.495 ms - 36[0m
[0mOPTIONS /api/order/notifications [32m204[0m 2.983 ms - 0[0m
[0mOPTIONS /api/order/notifications [32m204[0m 0.525 ms - 0[0m
[0mOPTIONS /api/product/color/list [32m204[0m 0.375 ms - 0[0m
[0mGET /api/order/notifications [36m304[0m 16.699 ms - -[0m
[0mPOST /api/product/color/list [32m200[0m 33.926 ms - 1228[0m
[0mOPTIONS /api/order/notifications [32m204[0m 2.789 ms - 0[0m
[0mOPTIONS /api/product/processor-list [32m204[0m 0.349 ms - 0[0m
[0mGET /api/order/notifications [36m304[0m 31.910 ms - -[0m
[0mPOST /api/product/processor-list [32m200[0m 30.213 ms - 1228[0m
[0mOPTIONS /api/order/notifications [32m204[0m 2.814 ms - 0[0m
[0mOPTIONS /api/product/processor-list [32m204[0m 0.501 ms - 0[0m
[0mPOST /api/product/processor-list [32m200[0m 31.489 ms - 212[0m
[0mGET /api/order/notifications [32m200[0m 16.878 ms - 36[0m
[0mOPTIONS /api/order/notifications [32m204[0m 8.264 ms - 0[0m
[0mOPTIONS /api/product/processor-list [32m204[0m 0.783 ms - 0[0m
[0mGET /api/order/notifications [36m304[0m 53.012 ms - -[0m
[0mPOST /api/product/processor-list [32m200[0m 49.535 ms - 212[0m
[0mOPTIONS /api/order/notifications [32m204[0m 5.372 ms - 0[0m
[0mOPTIONS /api/product/processor-list [32m204[0m 0.539 ms - 0[0m
[0mPOST /api/product/processor-list [32m200[0m 18.310 ms - 212[0m
[0mGET /api/order/notifications [36m304[0m 29.039 ms - -[0m
[0mOPTIONS /api/order/notifications [32m204[0m 1.183 ms - 0[0m
[0mOPTIONS /api/product/processor-list [32m204[0m 5.321 ms - 0[0m
[0mGET /api/order/notifications [36m304[0m 18.683 ms - -[0m
[0mPOST /api/product/processor-list [32m200[0m 15.839 ms - 212[0m
[0mOPTIONS /api/product/processor-delete?id=1 [32m204[0m 0.267 ms - 0[0m
[0mDELETE /api/product/processor-delete?id=1 [32m200[0m 26.327 ms - 61[0m
[0mPOST /api/product/processor-list [32m200[0m 6.340 ms - 44[0m
[0mOPTIONS /api/order/notifications [32m204[0m 0.877 ms - 0[0m
[0mOPTIONS /api/product/processor-list [32m204[0m 6.500 ms - 0[0m
[0mGET /api/order/notifications [32m200[0m 20.644 ms - 36[0m
[0mPOST /api/product/processor-list [32m200[0m 16.913 ms - 53[0m
[0mOPTIONS /api/order/notifications [32m204[0m 2.636 ms - 0[0m
[0mOPTIONS /api/product/processor-list [32m204[0m 5.457 ms - 0[0m
[0mGET /api/order/notifications [36m304[0m 52.831 ms - -[0m
[0mPOST /api/product/processor-list [32m200[0m 55.079 ms - 53[0m
[0mGET /api/order/notifications [36m304[0m 4.655 ms - -[0m
[0mOPTIONS /api/product/processor-create [32m204[0m 0.538 ms - 0[0m
[0mPOST /api/product/processor-create [32m200[0m 20.686 ms - 59[0m
[0mOPTIONS /api/order/notifications [32m204[0m 0.413 ms - 0[0m
[0mOPTIONS /api/product/processor-list [32m204[0m 0.152 ms - 0[0m
[0mGET /api/order/notifications [36m304[0m 6.375 ms - -[0m
[0mPOST /api/product/processor-list [32m200[0m 11.938 ms - 212[0m
[0mOPTIONS /api/product/processor-delete?id=2 [32m204[0m 0.361 ms - 0[0m
[0mDELETE /api/product/processor-delete?id=2 [32m200[0m 6.666 ms - 61[0m
[0mGET /api/order/notifications [36m304[0m 4.807 ms - -[0m
[0mPOST /api/product/processor-list [32m200[0m 6.231 ms - 53[0m
[0mOPTIONS /api/order/notifications [32m204[0m 1.172 ms - 0[0m
[0mOPTIONS /api/product/admin/banner-list [32m204[0m 0.195 ms - 0[0m
[0mGET /api/product/admin/banner-list [32m200[0m 34.131 ms - 233[0m
[0mGET /api/order/notifications [36m304[0m 6.412 ms - -[0m
[0mOPTIONS /api/order/notifications [32m204[0m 2.355 ms - 0[0m
[0mOPTIONS /api/product/admin/banner-list [32m204[0m 3.341 ms - 0[0m
[0mGET /api/order/notifications [36m304[0m 22.712 ms - -[0m
[0mGET /api/product/admin/banner-list [36m304[0m 20.664 ms - -[0m
[0mOPTIONS /api/order/notifications [32m204[0m 1.363 ms - 0[0m
[0mOPTIONS /api/product/admin/banner-list [32m204[0m 0.523 ms - 0[0m
[0mGET /api/product/admin/banner-list [36m304[0m 26.691 ms - -[0m
[0mGET /api/order/notifications [36m304[0m 29.753 ms - -[0m
[0mOPTIONS /api/order/notifications [32m204[0m 0.948 ms - 0[0m
[0mOPTIONS /api/product/admin/banner-list [32m204[0m 0.182 ms - 0[0m
[0mGET /api/order/notifications [36m304[0m 21.951 ms - -[0m
[0mGET /api/product/admin/banner-list [36m304[0m 20.203 ms - -[0m
[0mOPTIONS /api/auth/seller/login [32m204[0m 1.452 ms - 0[0m
[0mPOST /api/auth/seller/login [32m200[0m 286.228 ms - 212[0m
[0mOPTIONS /api/auth/seller/profile-details [32m204[0m 0.247 ms - 0[0m
[0mOPTIONS /api/seller/dasbhoard/list [32m204[0m 0.140 ms - 0[0m
[0mGET /api/auth/seller/profile-details [32m200[0m 9.202 ms - 150[0m
[0mGET /api/seller/dasbhoard/list [32m200[0m 18.878 ms - 481[0m
[0mOPTIONS /api/seller/product/list [32m204[0m 0.152 ms - 0[0m
[0mGET /api/auth/seller/profile-details [36m304[0m 4.328 ms - -[0m
[0mPOST /api/seller/product/list [32m200[0m 19.510 ms - 6200[0m
[0mOPTIONS /api/auth/seller/profile-details [32m204[0m 1.808 ms - 0[0m
[0mOPTIONS /api/category/admin/main-list [32m204[0m 0.246 ms - 0[0m
[0mOPTIONS /api/seller/brand/list [32m204[0m 0.127 ms - 0[0m
[0mOPTIONS /api/product/color/list [32m204[0m 0.111 ms - 0[0m
[0mGET /api/auth/seller/profile-details [36m304[0m 15.879 ms - -[0m
[0mGET /api/product/color/list [32m200[0m 10.618 ms - 1238[0m
[0mGET /api/category/admin/main-list [36m304[0m 10.663 ms - -[0m
[0mGET /api/seller/brand/list [36m304[0m 10.617 ms - -[0m
[0mOPTIONS /api/category/getAllSubCategory?categoryId=10 [32m204[0m 0.375 ms - 0[0m
[0mGET /api/category/getAllSubCategory?categoryId=10 [36m304[0m 6.113 ms - -[0m
[0mOPTIONS /api/category/getAllSubChildCategory?subcategoryId=11 [32m204[0m 0.322 ms - 0[0m
[0mGET /api/category/getAllSubChildCategory?subcategoryId=11 [36m304[0m 3.693 ms - -[0m
[0mOPTIONS /api/auth/seller/profile-details [32m204[0m 0.952 ms - 0[0m
[0mGET /api/auth/seller/profile-details [36m304[0m 11.580 ms - -[0m
[0mOPTIONS /api/category/admin/main-list [32m204[0m 0.313 ms - 0[0m
[0mOPTIONS /api/seller/brand/list [32m204[0m 0.274 ms - 0[0m
[0mOPTIONS /api/product/color/list [32m204[0m 0.139 ms - 0[0m
[0mGET /api/category/admin/main-list [36m304[0m 6.835 ms - -[0m
[0mGET /api/seller/brand/list [36m304[0m 7.001 ms - -[0m
[0mGET /api/product/color/list [36m304[0m 6.781 ms - -[0m
[0mOPTIONS /api/auth/seller/profile-details [32m204[0m 0.267 ms - 0[0m
[0mGET /api/auth/seller/profile-details [36m304[0m 10.995 ms - -[0m
[0mOPTIONS /api/category/admin/main-list [32m204[0m 0.317 ms - 0[0m
[0mOPTIONS /api/seller/brand/list [32m204[0m 0.239 ms - 0[0m
[0mOPTIONS /api/product/color/list [32m204[0m 0.151 ms - 0[0m
[0mGET /api/category/admin/main-list [36m304[0m 4.890 ms - -[0m
[0mGET /api/seller/brand/list [36m304[0m 7.016 ms - -[0m
[0mGET /api/product/color/list [36m304[0m 7.939 ms - -[0m
[0mOPTIONS /api/auth/seller/profile-details [32m204[0m 2.177 ms - 0[0m
[0mGET /api/auth/seller/profile-details [36m304[0m 5.079 ms - -[0m
[0mOPTIONS /api/category/admin/main-list [32m204[0m 0.231 ms - 0[0m
[0mOPTIONS /api/seller/brand/list [32m204[0m 0.196 ms - 0[0m
[0mOPTIONS /api/product/color/list [32m204[0m 0.132 ms - 0[0m
[0mGET /api/category/admin/main-list [36m304[0m 8.549 ms - -[0m
[0mGET /api/seller/brand/list [36m304[0m 9.222 ms - -[0m
[0mGET /api/product/color/list [36m304[0m 9.921 ms - -[0m
[0mOPTIONS /api/auth/seller/profile-details [32m204[0m 1.103 ms - 0[0m
[0mGET /api/auth/seller/profile-details [36m304[0m 7.894 ms - -[0m
[0mOPTIONS /api/category/admin/main-list [32m204[0m 0.192 ms - 0[0m
[0mOPTIONS /api/seller/brand/list [32m204[0m 0.226 ms - 0[0m
[0mOPTIONS /api/product/color/list [32m204[0m 0.218 ms - 0[0m
[0mGET /api/category/admin/main-list [36m304[0m 8.230 ms - -[0m
[0mGET /api/seller/brand/list [36m304[0m 7.521 ms - -[0m
[0mGET /api/product/color/list [36m304[0m 6.303 ms - -[0m
[0mOPTIONS /api/auth/seller/profile-details [32m204[0m 4.113 ms - 0[0m
[0mOPTIONS /api/category/admin/main-list [32m204[0m 0.393 ms - 0[0m
[0mOPTIONS /api/seller/brand/list [32m204[0m 0.132 ms - 0[0m
[0mOPTIONS /api/product/color/list [32m204[0m 0.161 ms - 0[0m
[0mGET /api/auth/seller/profile-details [36m304[0m 10.517 ms - -[0m
[0mGET /api/category/admin/main-list [36m304[0m 7.477 ms - -[0m
[0mGET /api/product/color/list [36m304[0m 6.624 ms - -[0m
[0mGET /api/seller/brand/list [36m304[0m 13.231 ms - -[0m
[0mOPTIONS /api/auth/seller/profile-details [32m204[0m 2.513 ms - 0[0m
[0mOPTIONS /api/category/admin/main-list [32m204[0m 0.316 ms - 0[0m
[0mOPTIONS / [32m204[0m 0.166 ms - 0[0m
[0mOPTIONS /api/seller/brand/list [32m204[0m 0.141 ms - 0[0m
[0mOPTIONS /api/product/color/list [32m204[0m 0.322 ms - 0[0m
[0mGET / [33m404[0m 10.498 ms - 3274[0m
[0mGET /api/auth/seller/profile-details [36m304[0m 37.050 ms - -[0m
[0mGET /api/category/admin/main-list [36m304[0m 25.421 ms - -[0m
[0mGET /api/seller/brand/list [36m304[0m 26.742 ms - -[0m
[0mGET /api/product/color/list [36m304[0m 27.487 ms - -[0m
[0mOPTIONS /api/auth/seller/profile-details [32m204[0m 5.193 ms - 0[0m
[0mOPTIONS /api/seller/brand/list [32m204[0m 0.603 ms - 0[0m
[0mOPTIONS /api/category/admin/main-list [32m204[0m 0.179 ms - 0[0m
[0mOPTIONS /api/seller/processor-list [32m204[0m 0.157 ms - 0[0m
[0mOPTIONS /api/product/color/list [32m204[0m 0.440 ms - 0[0m
[0mGET /api/auth/seller/profile-details [36m304[0m 31.629 ms - -[0m
[0mGET /api/seller/processor-list [32m200[0m 22.300 ms - 49[0m
[0mGET /api/seller/brand/list [36m304[0m 24.113 ms - -[0m
[0mGET /api/category/admin/main-list [36m304[0m 25.938 ms - -[0m
[0mGET /api/product/color/list [36m304[0m 24.295 ms - -[0m
[0mOPTIONS /api/auth/seller/profile-details [32m204[0m 0.346 ms - 0[0m
[0mOPTIONS /api/category/admin/main-list [32m204[0m 0.273 ms - 0[0m
[0mOPTIONS /api/product/color/list [32m204[0m 4.863 ms - 0[0m
[0mOPTIONS /api/seller/processor-list [32m204[0m 0.342 ms - 0[0m
[0mOPTIONS /api/seller/brand/list [32m204[0m 0.153 ms - 0[0m
[0mGET /api/auth/seller/profile-details [32m200[0m 10.867 ms - 150[0m
[0mGET /api/category/admin/main-list [32m200[0m 10.997 ms - 1372[0m
[0mGET /api/seller/processor-list [32m200[0m 8.078 ms - 49[0m
[0mGET /api/seller/brand/list [32m200[0m 7.606 ms - 1694[0m
[0mGET /api/product/color/list [32m200[0m 7.530 ms - 1238[0m
[0mOPTIONS /api/auth/seller/profile-details [32m204[0m 1.184 ms - 0[0m
[0mOPTIONS /api/category/admin/main-list [32m204[0m 0.375 ms - 0[0m
[0mOPTIONS /api/seller/processor-list [32m204[0m 0.137 ms - 0[0m
[0mOPTIONS /api/seller/brand/list [32m204[0m 0.258 ms - 0[0m
[0mOPTIONS /api/product/color/list [32m204[0m 0.204 ms - 0[0m
[0mGET /api/auth/seller/profile-details [32m200[0m 15.794 ms - 150[0m
[0mGET /api/category/admin/main-list [32m200[0m 11.330 ms - 1372[0m
[0mGET /api/seller/processor-list [32m200[0m 11.414 ms - 49[0m
[0mGET /api/seller/brand/list [32m200[0m 11.921 ms - 1694[0m
[0mGET /api/product/color/list [32m200[0m 10.832 ms - 1238[0m
[0mOPTIONS /api/order/notifications [32m204[0m 1.116 ms - 0[0m
[0mOPTIONS /api/order/list [32m204[0m 0.213 ms - 0[0m
[0mOPTIONS /api/order/count [32m204[0m 0.125 ms - 0[0m
[0mGET /api/order/count [36m304[0m 64.793 ms - -[0m
[0mGET /api/order/notifications [36m304[0m 71.032 ms - -[0m
[0mPOST /api/order/list [32m200[0m 96.038 ms - 79[0m
[0mOPTIONS /api/order/notifications [32m204[0m 0.239 ms - 0[0m
[0mOPTIONS /api/product/processor-list [32m204[0m 0.131 ms - 0[0m
[0mGET /api/order/notifications [36m304[0m 4.958 ms - -[0m
[0mPOST /api/product/processor-list [32m200[0m 6.915 ms - 53[0m
[0mGET /api/order/notifications [36m304[0m 7.392 ms - -[0m
[0mOPTIONS /api/product/processor-create [32m204[0m 0.217 ms - 0[0m
[0mPOST /api/product/processor-create [32m200[0m 12.924 ms - 59[0m
[0mOPTIONS /api/order/notifications [32m204[0m 0.311 ms - 0[0m
[0mOPTIONS /api/product/processor-list [32m204[0m 0.150 ms - 0[0m
[0mGET /api/order/notifications [36m304[0m 8.790 ms - -[0m
[0mPOST /api/product/processor-list [32m200[0m 10.368 ms - 212[0m
[0mGET /api/order/notifications [36m304[0m 5.194 ms - -[0m
[0mOPTIONS /api/product/processor-create [32m204[0m 0.448 ms - 0[0m
[0mPOST /api/product/processor-create [32m200[0m 6.890 ms - 59[0m
[0mOPTIONS /api/order/notifications [32m204[0m 0.256 ms - 0[0m
[0mOPTIONS /api/product/processor-list [32m204[0m 0.160 ms - 0[0m
[0mGET /api/order/notifications [36m304[0m 4.996 ms - -[0m
[0mPOST /api/product/processor-list [32m200[0m 4.922 ms - 373[0m
[0mGET /api/order/notifications [36m304[0m 4.093 ms - -[0m
[0mOPTIONS /api/product/processor-create [32m204[0m 0.223 ms - 0[0m
[0mPOST /api/product/processor-create [32m200[0m 3.798 ms - 59[0m
[0mOPTIONS /api/order/notifications [32m204[0m 0.297 ms - 0[0m
[0mOPTIONS /api/product/processor-list [32m204[0m 0.142 ms - 0[0m
[0mGET /api/order/notifications [36m304[0m 4.130 ms - -[0m
[0mPOST /api/product/processor-list [32m200[0m 5.904 ms - 533[0m
[0mOPTIONS /api/auth/seller/profile-details [32m204[0m 1.929 ms - 0[0m
[0mOPTIONS /api/category/admin/main-list [32m204[0m 0.280 ms - 0[0m
[0mOPTIONS /api/seller/processor-list [32m204[0m 0.197 ms - 0[0m
[0mOPTIONS /api/seller/brand/list [32m204[0m 0.150 ms - 0[0m
[0mOPTIONS /api/product/color/list [32m204[0m 0.420 ms - 0[0m
[0mGET /api/auth/seller/profile-details [32m200[0m 29.549 ms - 150[0m
[0mGET /api/category/admin/main-list [32m200[0m 17.807 ms - 1372[0m
[0mGET /api/product/color/list [32m200[0m 20.441 ms - 1238[0m
[0mGET /api/seller/brand/list [32m200[0m 19.600 ms - 1694[0m
[0mGET /api/seller/processor-list [32m200[0m 21.335 ms - 529[0m
[0mOPTIONS /api/auth/seller/profile-details [32m204[0m 0.450 ms - 0[0m
[0mGET /api/auth/seller/profile-details [36m304[0m 4.602 ms - -[0m
[0mOPTIONS /api/category/admin/main-list [32m204[0m 0.270 ms - 0[0m
[0mOPTIONS /api/seller/processor-list [32m204[0m 0.273 ms - 0[0m
[0mOPTIONS /api/seller/brand/list [32m204[0m 0.215 ms - 0[0m
[0mOPTIONS /api/product/color/list [32m204[0m 0.184 ms - 0[0m
[0mGET /api/category/admin/main-list [36m304[0m 17.712 ms - -[0m
[0mGET /api/seller/processor-list [36m304[0m 16.563 ms - -[0m
[0mGET /api/seller/brand/list [36m304[0m 17.258 ms - -[0m
[0mGET /api/product/color/list [36m304[0m 19.664 ms - -[0m
[0mOPTIONS /api/order/notifications [32m204[0m 2.849 ms - 0[0m
[0mOPTIONS /api/order/list [32m204[0m 0.309 ms - 0[0m
[0mOPTIONS /api/order/count [32m204[0m 0.201 ms - 0[0m
[0mGET /api/order/count [36m304[0m 60.562 ms - -[0m
[0mGET /api/order/notifications [36m304[0m 120.159 ms - -[0m
[0mPOST /api/order/list [32m200[0m 111.255 ms - 79[0m
[0mOPTIONS /api/order/notifications [32m204[0m 0.375 ms - 0[0m
[0mOPTIONS /api/category/admin/main-list [32m204[0m 0.276 ms - 0[0m
[0mOPTIONS /api/category/super-list [32m204[0m 0.289 ms - 0[0m
[0mGET /api/order/notifications [36m304[0m 7.900 ms - -[0m
[0mGET /api/category/admin/main-list [36m304[0m 9.486 ms - -[0m
[0mGET /api/category/super-list [32m200[0m 9.219 ms - 265[0m
[0mGET /api/category/admin/main-list [36m304[0m 5.526 ms - -[0m
[0mGET /api/category/admin/main-list [36m304[0m 3.071 ms - -[0m
[0mOPTIONS /api/order/notifications [32m204[0m 0.287 ms - 0[0m
[0mOPTIONS /api/category/admin/main-list [32m204[0m 0.365 ms - 0[0m
[0mOPTIONS /api/category/super-list [32m204[0m 0.169 ms - 0[0m
[0mGET /api/category/admin/main-list [36m304[0m 9.028 ms - -[0m
[0mGET /api/order/notifications [36m304[0m 9.804 ms - -[0m
[0mGET /api/category/super-list [36m304[0m 9.671 ms - -[0m
[0mGET /api/category/admin/main-list [36m304[0m 3.281 ms - -[0m
[0mGET /api/category/admin/main-list [36m304[0m 4.714 ms - -[0m
[0mGET /api/category/admin/main-list [36m304[0m 3.186 ms - -[0m
[0mGET /api/order/notifications [36m304[0m 4.371 ms - -[0m
[0mOPTIONS /api/auth/seller/profile-details [32m204[0m 1.260 ms - 0[0m
[0mOPTIONS /api/seller/dasbhoard/list [32m204[0m 0.250 ms - 0[0m
[0mGET /api/auth/seller/profile-details [36m304[0m 22.736 ms - -[0m
[0mGET /api/seller/dasbhoard/list [36m304[0m 40.309 ms - -[0m
[0mOPTIONS /api/auth/seller/profile-details [32m204[0m 0.781 ms - 0[0m
[0mOPTIONS /api/seller/product/list [32m204[0m 0.163 ms - 0[0m
[0mGET /api/auth/seller/profile-details [36m304[0m 13.729 ms - -[0m
[0mPOST /api/seller/product/list [32m200[0m 31.312 ms - 6200[0m
[0mGET /api/auth/seller/profile-details [36m304[0m 2.063 ms - -[0m
[0mOPTIONS /api/category/admin/main-list [32m204[0m 0.340 ms - 0[0m
[0mOPTIONS /api/seller/processor-list [32m204[0m 0.201 ms - 0[0m
[0mOPTIONS /api/seller/brand/list [32m204[0m 0.142 ms - 0[0m
[0mOPTIONS /api/product/color/list [32m204[0m 0.148 ms - 0[0m
[0mGET /api/category/admin/main-list [36m304[0m 6.758 ms - -[0m
[0mGET /api/seller/brand/list [36m304[0m 5.537 ms - -[0m
[0mGET /api/seller/processor-list [36m304[0m 7.371 ms - -[0m
[0mGET /api/product/color/list [36m304[0m 6.338 ms - -[0m
[0mOPTIONS /api/category/getAllSubCategory?categoryId=10 [32m204[0m 1.258 ms - 0[0m
[0mGET /api/category/getAllSubCategory?categoryId=10 [36m304[0m 8.184 ms - -[0m
[0mOPTIONS /api/category/getAllSubChildCategory?subcategoryId=11 [32m204[0m 1.221 ms - 0[0m
[0mGET /api/category/getAllSubChildCategory?subcategoryId=11 [36m304[0m 3.639 ms - -[0m
[0mOPTIONS /api/auth/seller/profile-details [32m204[0m 3.535 ms - 0[0m
[0mOPTIONS /api/category/admin/main-list [32m204[0m 0.357 ms - 0[0m
[0mOPTIONS /api/seller/processor-list [32m204[0m 0.337 ms - 0[0m
[0mOPTIONS /api/seller/brand/list [32m204[0m 0.348 ms - 0[0m
[0mOPTIONS /api/product/color/list [32m204[0m 0.140 ms - 0[0m
[0mGET /api/seller/processor-list [32m200[0m 49.144 ms - 529[0m
[0mGET /api/auth/seller/profile-details [32m200[0m 59.209 ms - 150[0m
[0mGET /api/category/admin/main-list [32m200[0m 52.590 ms - 1372[0m
[0mGET /api/seller/brand/list [32m200[0m 59.393 ms - 1694[0m
[0mGET /api/product/color/list [32m200[0m 55.528 ms - 1238[0m
[0mOPTIONS /api/auth/seller/profile-details [32m204[0m 0.933 ms - 0[0m
[0mOPTIONS /api/category/admin/main-list [32m204[0m 0.240 ms - 0[0m
[0mOPTIONS /api/seller/processor-list [32m204[0m 0.134 ms - 0[0m
[0mOPTIONS /api/seller/brand/list [32m204[0m 0.168 ms - 0[0m
[0mOPTIONS /api/product/color/list [32m204[0m 0.130 ms - 0[0m
[0mGET /api/category/admin/main-list [36m304[0m 12.841 ms - -[0m
[0mGET /api/auth/seller/profile-details [36m304[0m 21.795 ms - -[0m
[0mGET /api/seller/brand/list [36m304[0m 12.779 ms - -[0m
[0mGET /api/seller/processor-list [36m304[0m 13.080 ms - -[0m
[0mGET /api/product/color/list [36m304[0m 13.993 ms - -[0m
