[0mOPTIONS /api/customer/getUserByEmailId [32m204[0m 1.438 ms - 0[0m
[0mOPTIONS /api/customer/getUserByEmailId [32m204[0m 0.674 ms - 0[0m
[0mOPTIONS /api/customer/getUserByEmailId [32m204[0m 0.256 ms - 0[0m
[0mGET /api/website/image/banner?type=0 [36m304[0m 67.170 ms - -[0m
[0mGET /api/website/popular/category-list [36m304[0m 67.280 ms - -[0m
[0mGET /api/website/collection/list [36m304[0m 116.394 ms - -[0m
[0mGET /api/website/category/list [36m304[0m 122.110 ms - -[0m
[0mGET /api/website/flash-sale [32m200[0m 15.987 ms - 1987[0m
[0mGET /api/website/product/women-fashion [36m304[0m 179.506 ms - -[0m
[0mGET /api/website/product/home-kitchen [36m304[0m 185.536 ms - -[0m
[0mGET /api/website/product?type=shampoo [36m304[0m 146.084 ms - -[0m
[0mGET /api/website/product?type=makeup [36m304[0m 154.928 ms - -[0m
[0mGET /api/website/product/men-fashion [36m304[0m 84.229 ms - -[0m
[0mGET /api/website/product/new-arrival [32m200[0m 115.897 ms - 18628[0m
[0mGET /api/customer/getUserByEmailId [36m304[0m 56.483 ms - -[0m
[0mGET /api/customer/getUserByEmailId [36m304[0m 10.479 ms - -[0m
[0mGET /api/customer/getUserByEmailId [36m304[0m 3.696 ms - -[0m
[0mGET /api/website/autosuggest/search?limit=5&query=p [32m200[0m 89.766 ms - 26908[0m
[0mGET /api/website/autosuggest/search?limit=5&query=pri [32m200[0m 32.403 ms - 375[0m
[0mGET /api/website/autosuggest/search?limit=5&query=prin [32m200[0m 38.553 ms - 375[0m
[0mGET /api/website/autosuggest/search?limit=5&query=pri [36m304[0m 62.428 ms - -[0m
[0mGET /api/website/autosuggest/search?limit=5&query=printt [32m200[0m 100.829 ms - 49[0m
[0mGET /api/website/autosuggest/search?limit=5&query=print [32m200[0m 43.461 ms - 263[0m
[0mOPTIONS /api/customer/getUserByEmailId [32m204[0m 2.603 ms - 0[0m
[0mOPTIONS /api/customer/getUserByEmailId [32m204[0m 0.267 ms - 0[0m
[0mOPTIONS /api/customer/getUserByEmailId [32m204[0m 0.158 ms - 0[0m
[0mGET /api/website/image/banner?type=0 [32m200[0m 39.760 ms - 737[0m
[0mGET /api/website/collection/list [32m200[0m 61.586 ms - 1951[0m
[0mGET /api/website/category/list [32m200[0m 66.744 ms - 24539[0m
[0mGET /api/website/popular/category-list [32m200[0m 60.312 ms - 8175[0m
[0mGET /api/website/flash-sale [32m200[0m 12.402 ms - 1987[0m
[0mGET /api/website/product/women-fashion [32m200[0m 107.647 ms - 7587[0m
[0mGET /api/website/product/home-kitchen [32m200[0m 113.350 ms - 15174[0m
[0mGET /api/website/product/men-fashion [32m200[0m 47.429 ms - 6402[0m
[0mGET /api/website/product?type=makeup [32m200[0m 98.862 ms - 3194[0m
[0mGET /api/website/product?type=shampoo [32m200[0m 71.989 ms - 6949[0m
[0mGET /api/website/product/new-arrival [32m200[0m 59.072 ms - 18628[0m
[0mGET /api/customer/getUserByEmailId [32m200[0m 26.378 ms - 175[0m
[0mGET /api/customer/getUserByEmailId [32m200[0m 28.538 ms - 175[0m
[0mGET /api/customer/getUserByEmailId [32m200[0m 27.396 ms - 175[0m
[0mOPTIONS /api/customer/getUserByEmailId [32m204[0m 1.484 ms - 0[0m
[0mOPTIONS /api/customer/getUserByEmailId [32m204[0m 0.479 ms - 0[0m
[0mOPTIONS /api/customer/getUserByEmailId [32m204[0m 0.196 ms - 0[0m
[0mGET /api/website/image/banner?type=0 [32m200[0m 33.576 ms - 737[0m
[0mGET /api/website/collection/list [32m200[0m 33.311 ms - 1951[0m
[0mGET /api/website/popular/category-list [32m200[0m 70.031 ms - 8175[0m
[0mGET /api/website/category/list [32m200[0m 78.021 ms - 24539[0m
[0mGET /api/website/flash-sale [32m200[0m 57.872 ms - 1987[0m
[0mGET /api/website/product/women-fashion [32m200[0m 127.961 ms - 7587[0m
[0mGET /api/website/product/home-kitchen [32m200[0m 129.647 ms - 15174[0m
[0mGET /api/website/product/new-arrival [32m200[0m 59.559 ms - 18628[0m
[0mGET /api/website/product/men-fashion [32m200[0m 114.370 ms - 6402[0m
[0mGET /api/website/product?type=makeup [32m200[0m 119.338 ms - 3194[0m
[0mGET /api/customer/getUserByEmailId [32m200[0m 13.497 ms - 175[0m
[0mGET /api/customer/getUserByEmailId [32m200[0m 11.954 ms - 175[0m
[0mGET /api/customer/getUserByEmailId [32m200[0m 10.708 ms - 175[0m
[0mGET /api/website/product?type=shampoo [32m200[0m 27.850 ms - 6949[0m
[0mGET /api/website/autosuggest/search?limit=5&query=a [32m200[0m 51.350 ms - 19577[0m
[0mGET /api/website/autosuggest/search?limit=5&query=p [32m200[0m 76.165 ms - 26796[0m
[0mGET /api/website/autosuggest/search?limit=5&query=pri [32m200[0m 30.548 ms - 263[0m
[0mGET /api/website/autosuggest/search?limit=5&query=prin [32m200[0m 24.228 ms - 263[0m
[0mOPTIONS /api/customer/getUserByEmailId [32m204[0m 0.804 ms - 0[0m
[0mOPTIONS /api/customer/getUserByEmailId [32m204[0m 0.342 ms - 0[0m
[0mOPTIONS /api/customer/getUserByEmailId [32m204[0m 0.313 ms - 0[0m
[0mGET /api/website/image/banner?type=0 [32m200[0m 17.531 ms - 737[0m
[0mGET /api/website/category/list [32m200[0m 39.149 ms - 24539[0m
[0mGET /api/website/collection/list [32m200[0m 37.956 ms - 1951[0m
[0mGET /api/website/popular/category-list [32m200[0m 43.245 ms - 8175[0m
[0mGET /api/website/flash-sale [32m200[0m 15.172 ms - 1987[0m
[0mGET /api/website/product/home-kitchen [32m200[0m 114.383 ms - 15174[0m
[0mGET /api/website/product/women-fashion [32m200[0m 112.381 ms - 7587[0m
[0mGET /api/website/product?type=makeup [32m200[0m 98.503 ms - 3194[0m
[0mGET /api/website/product/new-arrival [32m200[0m 58.128 ms - 18628[0m
[0mGET /api/website/product?type=shampoo [32m200[0m 81.471 ms - 6949[0m
[0mGET /api/website/product/men-fashion [32m200[0m 67.409 ms - 6402[0m
[0mGET /api/customer/getUserByEmailId [32m200[0m 6.883 ms - 175[0m
[0mGET /api/customer/getUserByEmailId [32m200[0m 7.934 ms - 175[0m
[0mGET /api/customer/getUserByEmailId [32m200[0m 10.078 ms - 175[0m
[0mGET /api/website/autosuggest/search?limit=5&query=productId [32m200[0m 40.325 ms - 49[0m
[0mOPTIONS /api/customer/getUserByEmailId [32m204[0m 0.478 ms - 0[0m
[0mOPTIONS /api/customer/getUserByEmailId [32m204[0m 0.424 ms - 0[0m
[0mOPTIONS /api/customer/getUserByEmailId [32m204[0m 0.320 ms - 0[0m
[0mGET /api/website/image/banner?type=0 [36m304[0m 9.321 ms - -[0m
[0mGET /api/website/collection/list [36m304[0m 52.636 ms - -[0m
[0mGET /api/website/category/list [36m304[0m 54.811 ms - -[0m
[0mGET /api/website/popular/category-list [36m304[0m 58.717 ms - -[0m
[0mGET /api/customer/getUserByEmailId [36m304[0m 67.257 ms - -[0m
[0mGET /api/website/flash-sale [36m304[0m 16.623 ms - -[0m
[0mGET /api/website/product/women-fashion [36m304[0m 93.433 ms - -[0m
[0mGET /api/website/product/home-kitchen [36m304[0m 100.769 ms - -[0m
[0mGET /api/website/product?type=shampoo [36m304[0m 54.357 ms - -[0m
[0mGET /api/website/product?type=makeup [36m304[0m 55.013 ms - -[0m
[0mGET /api/website/product/new-arrival [36m304[0m 46.887 ms - -[0m
[0mGET /api/website/product/men-fashion [36m304[0m 49.084 ms - -[0m
[0mGET /api/customer/getUserByEmailId [36m304[0m 13.925 ms - -[0m
[0mGET /api/customer/getUserByEmailId [36m304[0m 2.569 ms - -[0m
[0mGET /api/website/autosuggest/search?limit=5&query=p [36m304[0m 50.317 ms - -[0m
[0mGET /api/website/autosuggest/search?limit=5&query=pri [36m304[0m 33.339 ms - -[0m
[0mGET /api/website/autosuggest/search?limit=5&query=prin [36m304[0m 27.673 ms - -[0m
[0mOPTIONS /api/customer/getUserByEmailId [32m204[0m 2.389 ms - 0[0m
[0mOPTIONS /api/customer/getUserByEmailId [32m204[0m 0.350 ms - 0[0m
[0mOPTIONS /api/customer/getUserByEmailId [32m204[0m 0.593 ms - 0[0m
[0mGET /api/website/image/banner?type=0 [32m200[0m 41.572 ms - 737[0m
[0mGET /api/website/category/list [32m200[0m 55.882 ms - 24539[0m
[0mGET /api/website/popular/category-list [32m200[0m 63.291 ms - 8175[0m
[0mGET /api/website/collection/list [32m200[0m 56.589 ms - 1951[0m
[0mGET /api/website/flash-sale [32m200[0m 22.911 ms - 1987[0m
[0mGET /api/website/product/men-fashion [32m200[0m 57.353 ms - 6402[0m
[0mGET /api/website/product/home-kitchen [32m200[0m 144.573 ms - 15174[0m
[0mGET /api/website/product?type=makeup [32m200[0m 119.079 ms - 3194[0m
[0mGET /api/website/product/women-fashion [32m200[0m 140.582 ms - 7587[0m
[0mGET /api/website/product?type=shampoo [32m200[0m 97.333 ms - 6949[0m
[0mGET /api/website/product/new-arrival [32m200[0m 72.041 ms - 18628[0m
[0mGET /api/customer/getUserByEmailId [32m200[0m 17.467 ms - 175[0m
[0mGET /api/customer/getUserByEmailId [32m200[0m 10.630 ms - 175[0m
[0mGET /api/customer/getUserByEmailId [32m200[0m 11.673 ms - 175[0m
[0mGET /api/website/autosuggest/search?limit=5&query=p [32m200[0m 60.451 ms - 26796[0m
[0mGET /api/website/autosuggest/search?limit=5&query=pr [32m200[0m 23.794 ms - 2191[0m
[0mGET /api/website/autosuggest/search?limit=5&query=pri [32m200[0m 21.029 ms - 263[0m
[0mGET /api/website/autosuggest/search?limit=5&query=prin [32m200[0m 21.858 ms - 263[0m
[0mOPTIONS /api/customer/getUserByEmailId [32m204[0m 0.884 ms - 0[0m
[0mOPTIONS /api/customer/getUserByEmailId [32m204[0m 0.213 ms - 0[0m
[0mOPTIONS /api/customer/getUserByEmailId [32m204[0m 0.152 ms - 0[0m
[0mGET /api/website/image/banner?type=0 [32m200[0m 24.160 ms - 737[0m
[0mGET /api/website/category/list [32m200[0m 46.061 ms - 24539[0m
[0mGET /api/website/collection/list [32m200[0m 50.935 ms - 1951[0m
[0mGET /api/website/popular/category-list [32m200[0m 60.770 ms - 8175[0m
[0mGET /api/website/flash-sale [32m200[0m 13.445 ms - 1987[0m
[0mGET /api/website/product/home-kitchen [32m200[0m 121.129 ms - 15174[0m
[0mGET /api/website/product?type=makeup [32m200[0m 112.277 ms - 3194[0m
[0mGET /api/website/product/women-fashion [32m200[0m 120.853 ms - 7587[0m
[0mGET /api/website/product/men-fashion [32m200[0m 62.381 ms - 6402[0m
[0mGET /api/website/product?type=shampoo [32m200[0m 75.721 ms - 6949[0m
[0mGET /api/website/product/new-arrival [32m200[0m 69.576 ms - 18628[0m
[0mGET /api/customer/getUserByEmailId [32m200[0m 21.466 ms - 175[0m
[0mGET /api/customer/getUserByEmailId [32m200[0m 8.121 ms - 175[0m
[0mGET /api/customer/getUserByEmailId [32m200[0m 9.235 ms - 175[0m
[0mGET /api/website/autosuggest/search?limit=5&query=p [32m200[0m 103.198 ms - 26868[0m
[0mGET /api/website/autosuggest/search?limit=5&query=pr [32m200[0m 49.452 ms - 2279[0m
[0mGET /api/website/autosuggest/search?limit=5&query=pri [32m200[0m 40.012 ms - 351[0m
[0mGET /api/website/autosuggest/search?limit=5&query=prin [32m200[0m 32.507 ms - 351[0m
[0mGET /api/website/autosuggest/search?limit=5&query=print [32m200[0m 74.061 ms - 255[0m
[0mGET /api/website/autosuggest/search?limit=5&query=prin [32m200[0m 65.000 ms - 375[0m
[0mGET /api/website/autosuggest/search?limit=5&query=print [32m200[0m 68.410 ms - 263[0m
[0mOPTIONS /api/customer/getUserByEmailId [32m204[0m 0.506 ms - 0[0m
[0mOPTIONS /api/customer/getUserByEmailId [32m204[0m 0.180 ms - 0[0m
[0mOPTIONS /api/customer/getUserByEmailId [32m204[0m 0.535 ms - 0[0m
[0mGET /api/website/image/banner?type=0 [32m200[0m 34.141 ms - 737[0m
[0mGET /api/website/category/list [32m200[0m 69.855 ms - 24539[0m
[0mGET /api/website/collection/list [32m200[0m 87.045 ms - 1951[0m
[0mGET /api/website/popular/category-list [32m200[0m 77.234 ms - 8175[0m
[0mGET /api/website/flash-sale [32m200[0m 13.434 ms - 1987[0m
[0mGET /api/website/product/women-fashion [32m200[0m 152.531 ms - 7587[0m
[0mGET /api/website/product/home-kitchen [32m200[0m 84.014 ms - 15174[0m
[0mGET /api/website/product?type=makeup [32m200[0m 162.791 ms - 3194[0m
[0mGET /api/website/product/men-fashion [32m200[0m 73.706 ms - 6402[0m
[0mGET /api/website/product?type=shampoo [32m200[0m 110.100 ms - 6949[0m
[0mGET /api/website/product/new-arrival [32m200[0m 81.829 ms - 18628[0m
[0mGET /api/customer/getUserByEmailId [32m200[0m 55.817 ms - 175[0m
[0mGET /api/customer/getUserByEmailId [32m200[0m 62.175 ms - 175[0m
[0mGET /api/customer/getUserByEmailId [32m200[0m 57.440 ms - 175[0m
[0mGET /api/website/autosuggest/search?limit=5&query=p [32m200[0m 72.122 ms - 26796[0m
[0mGET /api/website/autosuggest/search?limit=5&query=pri [32m200[0m 31.803 ms - 263[0m
[0mGET /api/website/autosuggest/search?limit=5&query=prin [32m200[0m 26.361 ms - 263[0m
[0mGET /api/website/autosuggest/search?limit=5&query=print [32m200[0m 23.450 ms - 263[0m
[0mOPTIONS /api/customer/getUserByEmailId [32m204[0m 1.115 ms - 0[0m
[0mOPTIONS /api/customer/getUserByEmailId [32m204[0m 0.458 ms - 0[0m
[0mOPTIONS /api/customer/getUserByEmailId [32m204[0m 0.195 ms - 0[0m
[0mGET /api/website/image/banner?type=0 [32m200[0m 34.002 ms - 737[0m
[0mGET /api/website/category/list [32m200[0m 51.144 ms - 24539[0m
[0mGET /api/website/collection/list [32m200[0m 50.184 ms - 1951[0m
[0mGET /api/website/popular/category-list [32m200[0m 59.044 ms - 8175[0m
[0mGET /api/website/flash-sale [32m200[0m 13.470 ms - 1987[0m
[0mGET /api/website/product/home-kitchen [32m200[0m 98.141 ms - 15174[0m
[0mGET /api/website/product/women-fashion [32m200[0m 98.154 ms - 7587[0m
[0mGET /api/website/product/men-fashion [32m200[0m 52.951 ms - 6402[0m
[0mGET /api/website/product?type=makeup [32m200[0m 63.476 ms - 3194[0m
[0mGET /api/website/product?type=shampoo [32m200[0m 86.632 ms - 6949[0m
[0mGET /api/website/product/new-arrival [32m200[0m 57.779 ms - 18628[0m
[0mGET /api/customer/getUserByEmailId [32m200[0m 24.916 ms - 175[0m
[0mGET /api/customer/getUserByEmailId [32m200[0m 23.825 ms - 175[0m
[0mGET /api/customer/getUserByEmailId [32m200[0m 4.763 ms - 175[0m
[0mOPTIONS /api/customer/getUserByEmailId [32m204[0m 1.216 ms - 0[0m
[0mOPTIONS /api/customer/getUserByEmailId [32m204[0m 0.203 ms - 0[0m
[0mOPTIONS /api/customer/getUserByEmailId [32m204[0m 0.204 ms - 0[0m
[0mGET /api/website/image/banner?type=0 [32m200[0m 25.461 ms - 737[0m
[0mGET /api/website/category/list [32m200[0m 51.355 ms - 24539[0m
[0mGET /api/website/collection/list [32m200[0m 51.787 ms - 1951[0m
[0mGET /api/website/popular/category-list [32m200[0m 53.848 ms - 8175[0m
[0mGET /api/website/flash-sale [32m200[0m 27.463 ms - 1987[0m
[0mGET /api/website/product/women-fashion [32m200[0m 94.878 ms - 7587[0m
[0mGET /api/website/product/home-kitchen [32m200[0m 112.274 ms - 15174[0m
[0mGET /api/website/product/new-arrival [32m200[0m 57.073 ms - 18628[0m
[0mGET /api/website/product?type=shampoo [32m200[0m 124.018 ms - 6949[0m
[0mGET /api/website/product?type=makeup [32m200[0m 67.457 ms - 3194[0m
[0mGET /api/customer/getUserByEmailId [32m200[0m 10.532 ms - 175[0m
[0mGET /api/customer/getUserByEmailId [32m200[0m 6.308 ms - 175[0m
[0mGET /api/customer/getUserByEmailId [32m200[0m 5.673 ms - 175[0m
[0mGET /api/website/product/men-fashion [32m200[0m 63.157 ms - 6402[0m
[0mGET /api/website/autosuggest/search?limit=5&query=p [32m200[0m 48.378 ms - 26772[0m
[0mGET /api/website/autosuggest/search?limit=5&query=pri [32m200[0m 27.235 ms - 255[0m
[0mGET /api/website/autosuggest/search?limit=5&query=prin [32m200[0m 22.812 ms - 255[0m
[0mGET /api/website/autosuggest/search?limit=5&query=print [32m200[0m 24.228 ms - 255[0m
[0mGET /api/website/catalog/category/search?queryString=Printed%20Cloth [32m200[0m 25.555 ms - 62[0m
[0mGET /api/website/catalog/product/search?filter_category=Printed%20Cloth%20 [32m200[0m 106.666 ms - 1776[0m
[0mGET /api/website/image/banner?type=0 [32m200[0m 43.375 ms - 737[0m
[0mGET /api/website/collection/list [32m200[0m 61.473 ms - 1951[0m
[0mGET /api/website/category/list [32m200[0m 68.576 ms - 24539[0m
[0mGET /api/website/popular/category-list [32m200[0m 68.551 ms - 8175[0m
[0mGET /api/website/flash-sale [32m200[0m 70.243 ms - 1987[0m
[0mGET /api/website/product/home-kitchen [32m200[0m 142.562 ms - 15174[0m
[0mGET /api/website/product/women-fashion [32m200[0m 141.615 ms - 7587[0m
[0mGET /api/website/product/men-fashion [32m200[0m 73.348 ms - 6402[0m
[0mGET /api/website/product?type=shampoo [32m200[0m 77.433 ms - 6949[0m
[0mGET /api/website/product?type=makeup [32m200[0m 88.472 ms - 3194[0m
[0mGET /api/website/product/new-arrival [32m200[0m 35.299 ms - 18628[0m
[0mGET /api/website/image/banner?type=0 [32m200[0m 27.236 ms - 737[0m
[0mGET /api/website/category/list [32m200[0m 56.029 ms - 24539[0m
[0mGET /api/website/collection/list [32m200[0m 63.295 ms - 1951[0m
[0mGET /api/website/popular/category-list [32m200[0m 70.040 ms - 8175[0m
[0mGET /api/website/flash-sale [32m200[0m 14.859 ms - 1987[0m
[0mGET /api/website/product/men-fashion [32m200[0m 71.709 ms - 6402[0m
[0mGET /api/website/product?type=makeup [32m200[0m 128.072 ms - 3194[0m
[0mGET /api/website/product/women-fashion [32m200[0m 142.093 ms - 7587[0m
[0mGET /api/website/product/home-kitchen [32m200[0m 144.195 ms - 15174[0m
[0mGET /api/website/product?type=shampoo [32m200[0m 89.150 ms - 6949[0m
[0mGET /api/website/product/new-arrival [32m200[0m 75.641 ms - 18628[0m
[0mGET /api/website/image/banner?type=0 [32m200[0m 20.931 ms - 737[0m
[0mGET /api/website/collection/list [32m200[0m 33.271 ms - 1951[0m
[0mGET /api/website/popular/category-list [32m200[0m 35.098 ms - 8175[0m
[0mGET /api/website/category/list [32m200[0m 40.263 ms - 24539[0m
[0mGET /api/website/product/home-kitchen [32m200[0m 83.938 ms - 15174[0m
[0mGET /api/website/product/women-fashion [32m200[0m 83.193 ms - 7587[0m
[0mGET /api/website/product?type=makeup [32m200[0m 81.715 ms - 3194[0m
[0mGET /api/website/flash-sale [32m200[0m 99.392 ms - 1987[0m
[0mGET /api/website/product/new-arrival [32m200[0m 122.473 ms - 18628[0m
[0mGET /api/website/product?type=shampoo [32m200[0m 137.326 ms - 6949[0m
[0mGET /api/website/product/men-fashion [32m200[0m 56.390 ms - 6402[0m
[0mGET /api/website/image/banner?type=0 [32m200[0m 98.431 ms - 737[0m
[0mGET /api/website/collection/list [32m200[0m 74.009 ms - 1951[0m
[0mGET /api/website/category/list [32m200[0m 89.077 ms - 24539[0m
[0mGET /api/website/popular/category-list [32m200[0m 87.304 ms - 8175[0m
[0mGET /api/website/flash-sale [32m200[0m 11.982 ms - 1987[0m
[0mGET /api/website/product/women-fashion [32m200[0m 136.674 ms - 7587[0m
[0mGET /api/website/product/home-kitchen [32m200[0m 145.915 ms - 15174[0m
[0mGET /api/website/product/men-fashion [32m200[0m 59.639 ms - 6402[0m
[0mGET /api/website/product?type=makeup [32m200[0m 72.168 ms - 3194[0m
[0mGET /api/website/product?type=shampoo [32m200[0m 72.378 ms - 6949[0m
[0mGET /api/website/product/new-arrival [32m200[0m 69.181 ms - 18628[0m
[0mGET /api/website/image/banner?type=0 [32m200[0m 16.373 ms - 737[0m
[0mGET /api/website/category/list [32m200[0m 49.895 ms - 24539[0m
[0mGET /api/website/popular/category-list [32m200[0m 49.111 ms - 8175[0m
[0mGET /api/website/collection/list [32m200[0m 45.467 ms - 1951[0m
[0mGET /api/website/flash-sale [32m200[0m 25.451 ms - 1987[0m
[0mGET /api/website/product/women-fashion [32m200[0m 120.094 ms - 7587[0m
[0mGET /api/website/product/home-kitchen [32m200[0m 119.973 ms - 15174[0m
[0mGET /api/website/product/men-fashion [32m200[0m 123.922 ms - 6402[0m
[0mGET /api/website/product/new-arrival [32m200[0m 108.341 ms - 18628[0m
[0mGET /api/website/product?type=makeup [32m200[0m 142.517 ms - 3194[0m
[0mGET /api/website/product?type=shampoo [32m200[0m 140.919 ms - 6949[0m
[0mGET /api/website/image/banner?type=0 [32m200[0m 21.378 ms - 737[0m
[0mGET /api/website/category/list [32m200[0m 48.625 ms - 24539[0m
[0mGET /api/website/popular/category-list [32m200[0m 55.239 ms - 8175[0m
[0mGET /api/website/collection/list [32m200[0m 56.477 ms - 1951[0m
[0mGET /api/website/product/new-arrival [32m200[0m 56.751 ms - 18628[0m
[0mGET /api/website/product/home-kitchen [32m200[0m 122.705 ms - 15174[0m
[0mGET /api/website/product/men-fashion [32m200[0m 61.464 ms - 6402[0m
[0mGET /api/website/product/women-fashion [32m200[0m 122.437 ms - 7587[0m
[0mGET /api/website/product?type=shampoo [32m200[0m 71.704 ms - 6949[0m
[0mGET /api/website/product?type=makeup [32m200[0m 83.627 ms - 3194[0m
[0mGET /api/website/flash-sale [32m200[0m 17.061 ms - 1987[0m
[0mGET /api/website/relatedProduct?productId=6690&slug=yasuda-farrata-fan-ys-ff20 [32m200[0m 93.444 ms - 2179[0m
[0mGET /api/website/product/detail?productId=6690&slug=yasuda-farrata-fan-ys-ff20 [32m200[0m 106.857 ms - 2329[0m
[0mGET /api/website/image/banner?type=0 [36m304[0m 12.856 ms - -[0m
[0mGET /api/website/popular/category-list [36m304[0m 26.440 ms - -[0m
[0mGET /api/website/collection/list [36m304[0m 28.448 ms - -[0m
[0mGET /api/website/flash-sale [36m304[0m 9.806 ms - -[0m
[0mGET /api/website/product/women-fashion [36m304[0m 81.564 ms - -[0m
[0mGET /api/website/product/home-kitchen [36m304[0m 82.620 ms - -[0m
[0mGET /api/website/product/new-arrival [36m304[0m 46.289 ms - -[0m
[0mGET /api/website/product?type=makeup [36m304[0m 81.743 ms - -[0m
[0mGET /api/website/product?type=shampoo [36m304[0m 70.828 ms - -[0m
[0mGET /api/website/product/men-fashion [36m304[0m 55.377 ms - -[0m
[0mGET /api/website/image/banner?type=0 [32m200[0m 16.280 ms - 737[0m
[0mGET /api/website/popular/category-list [32m200[0m 35.726 ms - 8175[0m
[0mGET /api/website/collection/list [32m200[0m 41.202 ms - 1951[0m
[0mGET /api/website/category/list [32m200[0m 48.798 ms - 24539[0m
[0mGET /api/website/flash-sale [32m200[0m 25.769 ms - 1987[0m
[0mGET /api/website/product/women-fashion [32m200[0m 110.304 ms - 7587[0m
[0mGET /api/website/product/home-kitchen [32m200[0m 111.032 ms - 15174[0m
[0mGET /api/website/product/new-arrival [32m200[0m 74.823 ms - 18628[0m
[0mGET /api/website/product?type=makeup [32m200[0m 108.348 ms - 3194[0m
[0mGET /api/website/product?type=shampoo [32m200[0m 86.771 ms - 6949[0m
[0mGET /api/website/product/men-fashion [32m200[0m 43.532 ms - 6402[0m
[0mGET /api/website/image/banner?type=0 [32m200[0m 44.512 ms - 737[0m
[0mGET /api/website/category/list [32m200[0m 83.020 ms - 24539[0m
[0mGET /api/website/popular/category-list [32m200[0m 97.365 ms - 8175[0m
[0mGET /api/website/collection/list [32m200[0m 98.002 ms - 1951[0m
[0mGET /api/website/flash-sale [32m200[0m 26.542 ms - 1987[0m
[0mGET /api/website/product/home-kitchen [32m200[0m 137.913 ms - 15174[0m
[0mGET /api/website/product?type=shampoo [32m200[0m 104.204 ms - 6949[0m
[0mGET /api/website/product/new-arrival [32m200[0m 75.343 ms - 18628[0m
[0mGET /api/website/product?type=makeup [32m200[0m 188.346 ms - 3194[0m
[0mGET /api/website/product/women-fashion [32m200[0m 88.337 ms - 7587[0m
[0mGET /api/website/product/men-fashion [32m200[0m 89.813 ms - 6402[0m
[0mGET /api/website/image/banner?type=0 [32m200[0m 20.737 ms - 737[0m
[0mGET /api/website/category/list [32m200[0m 44.648 ms - 24539[0m
[0mGET /api/website/popular/category-list [32m200[0m 54.944 ms - 8175[0m
[0mGET /api/website/collection/list [32m200[0m 61.225 ms - 1951[0m
[0mGET /api/website/flash-sale [32m200[0m 14.207 ms - 1987[0m
[0mGET /api/website/product/women-fashion [32m200[0m 105.039 ms - 7587[0m
[0mGET /api/website/product/home-kitchen [32m200[0m 105.920 ms - 15174[0m
[0mGET /api/website/product?type=makeup [32m200[0m 74.240 ms - 3194[0m
[0mGET /api/website/product?type=shampoo [32m200[0m 82.845 ms - 6949[0m
[0mGET /api/website/product/men-fashion [32m200[0m 68.950 ms - 6402[0m
[0mGET /api/website/product/new-arrival [32m200[0m 60.279 ms - 18628[0m
[0mOPTIONS /api/auth/rootLogin [32m204[0m 3.245 ms - 0[0m
[0mPOST /api/auth/rootLogin [31m500[0m 263.485 ms - 54[0m
[0mOPTIONS /api/auth/rootLogin [32m204[0m 0.493 ms - 0[0m
[0mPOST /api/auth/rootLogin [32m200[0m 236.167 ms - 211[0m
[0mOPTIONS /api/order/notifications [32m204[0m 0.343 ms - 0[0m
[0mOPTIONS /api/order/list [32m204[0m 0.339 ms - 0[0m
[0mOPTIONS /api/order/count [32m204[0m 0.148 ms - 0[0m
[0mGET /api/order/count [32m200[0m 17.376 ms - 196[0m
[0mGET /api/order/notifications [32m200[0m 43.415 ms - 36[0m
[0mPOST /api/order/list [32m200[0m 43.227 ms - 9128[0m
[0mOPTIONS /api/order/notifications [32m204[0m 0.421 ms - 0[0m
[0mOPTIONS /api/collection/flash-sale-list [32m204[0m 0.212 ms - 0[0m
[0mGET /api/collection/flash-sale-list [32m200[0m 8.039 ms - 1186[0m
[0mGET /api/order/notifications [36m304[0m 18.588 ms - -[0m
[0mOPTIONS /api/product/getAllList [32m204[0m 0.285 ms - 0[0m
[0mOPTIONS /api/product/getAllList [32m204[0m 0.144 ms - 0[0m
[0mOPTIONS /api/product/getAllList [32m204[0m 0.148 ms - 0[0m
[0mGET /api/product/getAllList [32m200[0m 213.187 ms - 372923[0m
[0mGET /api/product/getAllList [36m304[0m 128.108 ms - -[0m
[0mGET /api/product/getAllList [36m304[0m 118.992 ms - -[0m
[0mOPTIONS /api/collection/flash-sale-update [32m204[0m 0.645 ms - 0[0m
[0mPUT /api/collection/flash-sale-update [32m200[0m 27.645 ms - 69[0m
[0mOPTIONS /api/order/notifications [32m204[0m 0.272 ms - 0[0m
[0mOPTIONS /api/collection/flash-sale-list [32m204[0m 0.159 ms - 0[0m
[0mGET /api/collection/flash-sale-list [32m200[0m 11.338 ms - 1485[0m
[0mGET /api/order/notifications [36m304[0m 23.735 ms - -[0m
[0mOPTIONS /api/product/getAllList [32m204[0m 0.399 ms - 0[0m
[0mOPTIONS /api/product/getAllList [32m204[0m 0.205 ms - 0[0m
[0mOPTIONS /api/product/getAllList [32m204[0m 0.149 ms - 0[0m
[0mGET /api/product/getAllList [36m304[0m 189.724 ms - -[0m
[0mGET /api/product/getAllList [36m304[0m 128.236 ms - -[0m
[0mGET /api/product/getAllList [36m304[0m 99.826 ms - -[0m
[0mGET /api/website/image/banner?type=0 [32m200[0m 52.877 ms - 737[0m
[0mGET /api/website/category/list [32m200[0m 71.284 ms - 24539[0m
[0mGET /api/website/popular/category-list [32m200[0m 73.642 ms - 8175[0m
[0mGET /api/website/collection/list [32m200[0m 73.873 ms - 1951[0m
[0mGET /api/website/flash-sale [32m200[0m 17.736 ms - 2741[0m
[0mGET /api/website/product/women-fashion [32m200[0m 98.813 ms - 7587[0m
[0mGET /api/website/product/home-kitchen [32m200[0m 101.292 ms - 15174[0m
[0mGET /api/website/product?type=makeup [32m200[0m 102.099 ms - 3194[0m
[0mGET /api/website/product/new-arrival [32m200[0m 57.765 ms - 18628[0m
[0mGET /api/website/product/men-fashion [32m200[0m 72.802 ms - 6402[0m
[0mGET /api/website/product?type=shampoo [32m200[0m 81.956 ms - 6949[0m
[0mOPTIONS /api/customer/getUserByEmailId [32m204[0m 2.252 ms - 0[0m
[0mOPTIONS /api/customer/getUserByEmailId [32m204[0m 0.353 ms - 0[0m
[0mOPTIONS /api/customer/getUserByEmailId [32m204[0m 0.825 ms - 0[0m
[0mGET /api/website/image/banner?type=0 [36m304[0m 58.546 ms - -[0m
[0mGET /api/website/category/list [36m304[0m 93.542 ms - -[0m
[0mGET /api/website/popular/category-list [36m304[0m 102.533 ms - -[0m
[0mGET /api/website/collection/list [36m304[0m 92.559 ms - -[0m
[0mGET /api/website/flash-sale [32m200[0m 29.561 ms - 2741[0m
[0mGET /api/website/product/women-fashion [36m304[0m 162.151 ms - -[0m
[0mGET /api/website/product/home-kitchen [36m304[0m 168.794 ms - -[0m
[0mGET /api/website/product/new-arrival [36m304[0m 76.441 ms - -[0m
[0mGET /api/customer/getUserByEmailId [33m403[0m 42.837 ms - 36[0m
[0mGET /api/website/product?type=shampoo [36m304[0m 149.117 ms - -[0m
[0mGET /api/website/product?type=makeup [36m304[0m 166.919 ms - -[0m
[0mGET /api/website/product/men-fashion [36m304[0m 77.780 ms - -[0m
[0mGET /api/customer/getUserByEmailId [33m403[0m 4.652 ms - 36[0m
[0mGET /api/customer/getUserByEmailId [33m403[0m 1.236 ms - 36[0m
[0mGET /api/website/catalog/category/search?queryString=women [32m200[0m 192.971 ms - 6657[0m
[0mGET /api/website/catalog/product/search?filter_category=women [32m200[0m 241.386 ms - 18439[0m
[0mGET /api/website/image/banner?type=0 [36m304[0m 16.736 ms - -[0m
[0mGET /api/website/popular/category-list [36m304[0m 23.609 ms - -[0m
[0mGET /api/website/collection/list [36m304[0m 23.294 ms - -[0m
[0mGET /api/website/flash-sale [36m304[0m 9.647 ms - -[0m
[0mGET /api/website/product/home-kitchen [36m304[0m 48.940 ms - -[0m
[0mGET /api/website/product/women-fashion [36m304[0m 57.690 ms - -[0m
[0mGET /api/website/product/new-arrival [36m304[0m 36.484 ms - -[0m
[0mGET /api/website/product?type=makeup [36m304[0m 63.219 ms - -[0m
[0mGET /api/website/product/men-fashion [36m304[0m 51.328 ms - -[0m
[0mGET /api/website/product?type=shampoo [36m304[0m 72.328 ms - -[0m
[0mGET /api/website/category/list [36m304[0m 115.043 ms - -[0m
[0mGET /api/website/category/list [36m304[0m 65.234 ms - -[0m
[0mGET /api/website/category/list [32m200[0m 51.414 ms - 24539[0m
[0mGET /api/website/category/list [32m200[0m 81.015 ms - 24539[0m
[0mGET /api/website/category/list [32m200[0m 40.696 ms - 24539[0m
[0mGET /api/website/flash-sale [36m304[0m 133.566 ms - -[0m
[0mGET /api/website/category/list [36m304[0m 177.816 ms - -[0m
[0mGET /api/website/flash-sale [32m200[0m 31.505 ms - 2741[0m
[0mGET /api/website/category/list [32m200[0m 61.760 ms - 24539[0m
[0mGET /api/website/flash-sale [36m304[0m 24.160 ms - -[0m
[0mGET /api/website/flash-sale [36m304[0m 26.251 ms - -[0m
[0mGET /api/website/category/list [32m200[0m 50.021 ms - 24539[0m
[0mGET /api/website/flash-sale [32m200[0m 43.342 ms - 2741[0m
[0mGET /api/website/flash-sale [36m304[0m 20.356 ms - -[0m
[0mGET /api/website/flash-sale [32m200[0m 101.002 ms - 2741[0m
[0mGET /api/website/category/list [32m200[0m 123.462 ms - 24539[0m
[0mGET /api/website/flash-sale [36m304[0m 19.326 ms - -[0m
[0mGET /api/website/category/list [36m304[0m 46.601 ms - -[0m
[0mGET /api/website/flash-sale [36m304[0m 36.932 ms - -[0m
[0mGET /api/website/flash-sale [36m304[0m 18.343 ms - -[0m
[0mGET /api/website/category/list [36m304[0m 54.943 ms - -[0m
[0mGET /api/website/flash-sale [32m200[0m 18.871 ms - 2741[0m
[0mGET /api/website/category/list [32m200[0m 30.122 ms - 24539[0m
[0mGET /api/website/flash-sale [36m304[0m 62.009 ms - -[0m
[0mGET /api/website/category/list [36m304[0m 79.595 ms - -[0m
[0mGET /api/website/category/list [36m304[0m 52.631 ms - -[0m
[0mGET /api/website/flash-sale [36m304[0m 55.317 ms - -[0m
[0mGET /api/website/category/list [36m304[0m 41.385 ms - -[0m
[0mGET /api/website/flash-sale [36m304[0m 44.052 ms - -[0m
[0mGET /api/website/category/list [32m200[0m 50.314 ms - 24539[0m
[0mGET /api/website/flash-sale [32m200[0m 40.164 ms - 2741[0m
[0mGET /api/website/category/list [36m304[0m 38.490 ms - -[0m
[0mGET /api/website/flash-sale [36m304[0m 35.931 ms - -[0m
[0mGET /api/website/category/list [32m200[0m 26.480 ms - 24539[0m
[0mGET /api/website/flash-sale [32m200[0m 25.790 ms - 2741[0m
[0mGET /api/website/category/list [32m200[0m 39.248 ms - 24539[0m
[0mGET /api/website/flash-sale [32m200[0m 30.862 ms - 2741[0m
[0mGET /api/website/category/list [32m200[0m 39.211 ms - 24539[0m
[0mGET /api/website/flash-sale [32m200[0m 42.961 ms - 2741[0m
[0mGET /api/website/category/list [36m304[0m 36.547 ms - -[0m
[0mGET /api/website/flash-sale [36m304[0m 31.086 ms - -[0m
[0mGET /api/website/category/list [32m200[0m 74.131 ms - 24539[0m
[0mGET /api/website/flash-sale [32m200[0m 72.794 ms - 2741[0m
[0mGET /api/website/flash-sale [32m200[0m 117.973 ms - 2741[0m
[0mGET /api/website/category/list [32m200[0m 143.979 ms - 24539[0m
[0mGET /api/website/category/list [32m200[0m 45.300 ms - 24539[0m
[0mGET /api/website/flash-sale [32m200[0m 48.366 ms - 2741[0m
[0mGET /api/website/category/list [32m200[0m 121.284 ms - 24539[0m
[0mGET /api/website/flash-sale [32m200[0m 124.731 ms - 2741[0m
[0mGET /api/website/flash-sale [32m200[0m 68.596 ms - 2741[0m
[0mGET /api/website/category/list [32m200[0m 87.802 ms - 24539[0m
[0mGET /api/website/category/list [32m200[0m 95.918 ms - 24539[0m
[0mGET /api/website/flash-sale [32m200[0m 92.986 ms - 2741[0m
[0mGET /api/website/category/list [32m200[0m 125.567 ms - 24539[0m
[0mGET /api/website/flash-sale [32m200[0m 122.860 ms - 2741[0m
[0mGET /api/website/category/list [32m200[0m 143.010 ms - 24539[0m
[0mGET /api/website/flash-sale [32m200[0m 114.238 ms - 2741[0m
[0mGET /api/website/category/list [32m200[0m 99.429 ms - 24539[0m
[0mGET /api/website/flash-sale [32m200[0m 93.864 ms - 2741[0m
[0mGET /api/website/category/list [32m200[0m 88.561 ms - 24539[0m
[0mGET /api/website/flash-sale [32m200[0m 87.659 ms - 2741[0m
[0mGET /api/website/category/list [32m200[0m 87.889 ms - 24539[0m
[0mGET /api/website/flash-sale [32m200[0m 86.104 ms - 2741[0m
[0mGET /api/website/category/list [32m200[0m 44.304 ms - 24539[0m
[0mGET /api/website/flash-sale [32m200[0m 38.323 ms - 2741[0m
[0mGET /api/website/category/list [32m200[0m 32.563 ms - 24539[0m
[0mGET /api/website/flash-sale [32m200[0m 27.669 ms - 2741[0m
[0mGET /api/website/category/list [32m200[0m 51.982 ms - 24539[0m
[0mGET /api/website/flash-sale [32m200[0m 48.225 ms - 2741[0m
[0mGET /api/website/flash-sale [32m200[0m 40.576 ms - 2741[0m
[0mGET /api/website/category/list [32m200[0m 49.145 ms - 24539[0m
[0mGET /api/website/category/list [32m200[0m 115.853 ms - 24539[0m
[0mGET /api/website/flash-sale [32m200[0m 121.046 ms - 2741[0m
[0mGET /api/website/category/list [36m304[0m 55.978 ms - -[0m
[0mGET /api/website/flash-sale [36m304[0m 60.944 ms - -[0m
[0mGET /api/website/category/list [32m200[0m 123.749 ms - 24539[0m
[0mGET /api/website/flash-sale [32m200[0m 116.229 ms - 2741[0m
[0mGET /api/website/category/list [32m200[0m 110.233 ms - 24539[0m
[0mGET /api/website/flash-sale [32m200[0m 110.966 ms - 2741[0m
[0mGET /api/website/category/list [32m200[0m 22.758 ms - 24539[0m
[0mGET /api/website/flash-sale [32m200[0m 20.875 ms - 2741[0m
[0mGET /api/website/category/list [36m304[0m 34.133 ms - -[0m
[0mGET /api/website/flash-sale [36m304[0m 31.779 ms - -[0m
[0mGET /api/website/category/list [32m200[0m 49.616 ms - 24539[0m
[0mGET /api/website/flash-sale [32m200[0m 52.273 ms - 2741[0m
[0mGET /api/website/category/list [32m200[0m 104.295 ms - 24539[0m
[0mGET /api/website/flash-sale [32m200[0m 97.637 ms - 2741[0m
[0mGET /api/website/category/list [36m304[0m 35.084 ms - -[0m
[0mGET /api/website/flash-sale [36m304[0m 37.038 ms - -[0m
[0mGET /api/website/category/list [36m304[0m 82.373 ms - -[0m
[0mGET /api/website/image/banner?type=0 [36m304[0m 70.318 ms - -[0m
[0mGET /api/website/popular/category-list [36m304[0m 84.361 ms - -[0m
[0mGET /api/website/flash-sale [36m304[0m 15.847 ms - -[0m
[0mGET /api/website/collection/list [36m304[0m 90.054 ms - -[0m
[0mGET /api/website/product/women-fashion [36m304[0m 229.335 ms - -[0m
[0mGET /api/website/product/home-kitchen [36m304[0m 237.430 ms - -[0m
[0mGET /api/website/product/new-arrival [36m304[0m 159.464 ms - -[0m
[0mGET /api/website/product?type=makeup [36m304[0m 199.762 ms - -[0m
[0mGET /api/website/product/men-fashion [36m304[0m 167.836 ms - -[0m
[0mGET /api/website/product?type=shampoo [36m304[0m 184.671 ms - -[0m
[0mGET /api/website/category/list [32m200[0m 75.434 ms - 24539[0m
[0mGET /api/website/flash-sale [32m200[0m 69.826 ms - 2741[0m
[0mGET /api/website/flash-sale [32m200[0m 64.005 ms - 2758[0m
[0mGET /api/website/category/list [36m304[0m 95.133 ms - -[0m
[0mGET /api/website/flash-sale [36m304[0m 23.361 ms - -[0m
[0mGET /api/website/category/list [32m200[0m 112.688 ms - 24539[0m
[0mGET /api/website/flash-sale [32m200[0m 109.112 ms - 2758[0m
[0mGET /api/website/image/banner?type=0 [36m304[0m 28.141 ms - -[0m
[0mGET /api/website/popular/category-list [36m304[0m 36.385 ms - -[0m
[0mGET /api/website/collection/list [36m304[0m 42.311 ms - -[0m
[0mGET /api/website/flash-sale [36m304[0m 10.189 ms - -[0m
[0mGET /api/website/product/women-fashion [36m304[0m 123.861 ms - -[0m
[0mGET /api/website/product/men-fashion [36m304[0m 84.332 ms - -[0m
[0mGET /api/website/product/new-arrival [36m304[0m 80.652 ms - -[0m
[0mGET /api/website/product/home-kitchen [36m304[0m 130.891 ms - -[0m
[0mGET /api/website/product?type=makeup [36m304[0m 126.640 ms - -[0m
[0mGET /api/website/product?type=shampoo [36m304[0m 103.016 ms - -[0m
[0mGET /api/website/flash-sale [36m304[0m 35.143 ms - -[0m
[0mGET /api/website/product/women-fashion [36m304[0m 80.465 ms - -[0m
[0mGET /api/website/product/men-fashion [36m304[0m 69.971 ms - -[0m
[0mGET /api/website/product/home-kitchen [36m304[0m 74.913 ms - -[0m
[0mGET /api/website/product?type=makeup [36m304[0m 72.986 ms - -[0m
[0mGET /api/website/product?type=shampoo [36m304[0m 92.004 ms - -[0m
[0mGET /api/website/product/new-arrival [36m304[0m 55.439 ms - -[0m
[0mGET /api/website/flash-sale [36m304[0m 14.703 ms - -[0m
[0mGET /api/website/product/new-arrival [36m304[0m 47.402 ms - -[0m
[0mGET /api/website/product/women-fashion [36m304[0m 50.164 ms - -[0m
[0mGET /api/website/product/home-kitchen [36m304[0m 58.619 ms - -[0m
[0mGET /api/website/product?type=shampoo [36m304[0m 71.134 ms - -[0m
[0mGET /api/website/product/men-fashion [36m304[0m 54.412 ms - -[0m
[0mGET /api/website/product?type=makeup [36m304[0m 72.688 ms - -[0m
[0mGET /api/website/image/banner?type=0 [32m200[0m 22.587 ms - 737[0m
[0mGET /api/website/collection/list [32m200[0m 45.232 ms - 1951[0m
[0mGET /api/website/popular/category-list [32m200[0m 48.398 ms - 8175[0m
[0mGET /api/website/category/list [32m200[0m 57.760 ms - 24539[0m
[0mGET /api/website/flash-sale [32m200[0m 8.850 ms - 2758[0m
[0mGET /api/website/product/home-kitchen [32m200[0m 92.953 ms - 15174[0m
[0mGET /api/website/product/women-fashion [32m200[0m 92.299 ms - 7587[0m
[0mGET /api/website/product?type=makeup [32m200[0m 65.427 ms - 3194[0m
[0mGET /api/website/product?type=shampoo [32m200[0m 39.618 ms - 6949[0m
[0mGET /api/website/product/men-fashion [32m200[0m 39.035 ms - 6402[0m
[0mGET /api/website/product/new-arrival [32m200[0m 38.187 ms - 18628[0m
[0mGET /api/website/image/banner?type=0 [32m200[0m 50.548 ms - 737[0m
[0mGET /api/website/category/list [32m200[0m 86.484 ms - 24539[0m
[0mGET /api/website/popular/category-list [32m200[0m 93.615 ms - 8175[0m
[0mGET /api/website/collection/list [32m200[0m 97.194 ms - 1951[0m
[0mGET /api/website/flash-sale [32m200[0m 12.854 ms - 2758[0m
[0mGET /api/website/product/women-fashion [32m200[0m 160.809 ms - 7587[0m
[0mGET /api/website/product/home-kitchen [32m200[0m 162.273 ms - 15174[0m
[0mGET /api/website/product/men-fashion [32m200[0m 92.514 ms - 6402[0m
[0mGET /api/website/product?type=makeup [32m200[0m 80.907 ms - 3194[0m
[0mGET /api/website/product?type=shampoo [32m200[0m 74.872 ms - 6949[0m
[0mGET /api/website/product/new-arrival [32m200[0m 66.203 ms - 18628[0m
[0mGET /api/website/catalog/category/search?queryString=women [36m304[0m 192.416 ms - -[0m
[0mGET /api/website/catalog/product/search?filter_category=women [36m304[0m 265.060 ms - -[0m
[0mGET /api/website/image/banner?type=0 [36m304[0m 22.745 ms - -[0m
[0mGET /api/website/popular/category-list [36m304[0m 22.655 ms - -[0m
[0mGET /api/website/collection/list [36m304[0m 22.981 ms - -[0m
[0mGET /api/website/flash-sale [36m304[0m 15.597 ms - -[0m
[0mGET /api/website/product/home-kitchen [36m304[0m 62.140 ms - -[0m
[0mGET /api/website/product/women-fashion [36m304[0m 63.266 ms - -[0m
[0mGET /api/website/product/men-fashion [36m304[0m 44.994 ms - -[0m
[0mGET /api/website/product?type=makeup [36m304[0m 71.557 ms - -[0m
[0mGET /api/website/product/new-arrival [36m304[0m 33.099 ms - -[0m
[0mGET /api/website/product?type=shampoo [36m304[0m 68.801 ms - -[0m
[0mGET /api/website/image/banner?type=0 [32m200[0m 24.547 ms - 737[0m
[0mGET /api/website/category/list [32m200[0m 41.835 ms - 24539[0m
[0mGET /api/website/popular/category-list [32m200[0m 48.422 ms - 8175[0m
[0mGET /api/website/collection/list [32m200[0m 51.713 ms - 1951[0m
[0mGET /api/website/flash-sale [32m200[0m 13.076 ms - 2758[0m
[0mGET /api/website/product/women-fashion [32m200[0m 98.547 ms - 7587[0m
[0mGET /api/website/product/home-kitchen [32m200[0m 99.347 ms - 15174[0m
[0mGET /api/website/product?type=makeup [32m200[0m 66.434 ms - 3194[0m
[0mGET /api/website/product?type=shampoo [32m200[0m 56.676 ms - 6949[0m
[0mGET /api/website/product/men-fashion [32m200[0m 101.623 ms - 6402[0m
[0mGET /api/website/product/new-arrival [32m200[0m 70.911 ms - 18628[0m
[0mGET /api/website/image/banner?type=0 [32m200[0m 16.190 ms - 737[0m
[0mGET /api/website/category/list [32m200[0m 29.460 ms - 24539[0m
[0mGET /api/website/collection/list [32m200[0m 35.183 ms - 1951[0m
[0mGET /api/website/popular/category-list [32m200[0m 39.257 ms - 8175[0m
[0mGET /api/website/flash-sale [32m200[0m 11.067 ms - 2758[0m
[0mGET /api/website/product/home-kitchen [32m200[0m 84.720 ms - 15174[0m
[0mGET /api/website/product/women-fashion [32m200[0m 84.709 ms - 7587[0m
[0mGET /api/website/product?type=makeup [32m200[0m 79.362 ms - 3194[0m
[0mGET /api/website/product/men-fashion [32m200[0m 43.531 ms - 6402[0m
[0mGET /api/website/product/new-arrival [32m200[0m 43.169 ms - 18628[0m
[0mGET /api/website/product?type=shampoo [32m200[0m 65.613 ms - 6949[0m
[0mGET /api/website/image/banner?type=0 [32m200[0m 22.529 ms - 737[0m
[0mGET /api/website/category/list [32m200[0m 54.220 ms - 24539[0m
[0mGET /api/website/popular/category-list [32m200[0m 59.132 ms - 8175[0m
[0mGET /api/website/collection/list [32m200[0m 59.195 ms - 1951[0m
[0mGET /api/website/product/women-fashion [32m200[0m 78.690 ms - 7587[0m
[0mGET /api/website/product/home-kitchen [32m200[0m 166.664 ms - 15174[0m
[0mGET /api/website/product?type=shampoo [32m200[0m 104.372 ms - 6949[0m
[0mGET /api/website/product/men-fashion [32m200[0m 166.442 ms - 6402[0m
[0mGET /api/website/product?type=makeup [32m200[0m 110.968 ms - 3194[0m
[0mGET /api/website/product/new-arrival [32m200[0m 105.547 ms - 18628[0m
[0mGET /api/website/flash-sale [32m200[0m 10.049 ms - 2758[0m
[0mGET /api/website/flash-sale [32m200[0m 9.269 ms - 2758[0m
[0mGET /api/website/image/banner?type=0 [32m200[0m 27.088 ms - 737[0m
[0mGET /api/website/category/list [32m200[0m 41.355 ms - 24539[0m
[0mGET /api/website/popular/category-list [32m200[0m 48.294 ms - 8175[0m
[0mGET /api/website/collection/list [32m200[0m 48.313 ms - 1951[0m
[0mGET /api/website/flash-sale [32m200[0m 8.032 ms - 2758[0m
[0mGET /api/website/product/home-kitchen [32m200[0m 104.850 ms - 15174[0m
[0mGET /api/website/product/women-fashion [32m200[0m 104.392 ms - 7587[0m
[0mGET /api/website/product/men-fashion [32m200[0m 55.475 ms - 6402[0m
[0mGET /api/website/product/new-arrival [32m200[0m 49.977 ms - 18628[0m
[0mGET /api/website/product?type=shampoo [32m200[0m 65.632 ms - 6949[0m
[0mGET /api/website/product?type=makeup [32m200[0m 99.790 ms - 3194[0m
[0mGET /api/website/image/banner?type=0 [36m304[0m 21.838 ms - -[0m
[0mGET /api/website/category/list [36m304[0m 38.981 ms - -[0m
[0mGET /api/website/popular/category-list [36m304[0m 45.561 ms - -[0m
[0mGET /api/website/collection/list [36m304[0m 45.493 ms - -[0m
[0mGET /api/website/flash-sale [36m304[0m 12.261 ms - -[0m
[0mGET /api/website/product/women-fashion [36m304[0m 103.485 ms - -[0m
[0mGET /api/website/product/home-kitchen [36m304[0m 104.774 ms - -[0m
[0mGET /api/website/product/new-arrival [36m304[0m 47.144 ms - -[0m
[0mGET /api/website/product?type=makeup [36m304[0m 94.610 ms - -[0m
[0mGET /api/website/product?type=shampoo [36m304[0m 66.044 ms - -[0m
[0mGET /api/website/product/men-fashion [36m304[0m 57.941 ms - -[0m
[0mGET /api/website/image/banner?type=0 [36m304[0m 17.575 ms - -[0m
[0mGET /api/website/collection/list [36m304[0m 39.133 ms - -[0m
[0mGET /api/website/popular/category-list [36m304[0m 40.789 ms - -[0m
[0mGET /api/website/category/list [36m304[0m 44.367 ms - -[0m
[0mGET /api/website/flash-sale [36m304[0m 7.276 ms - -[0m
[0mGET /api/website/product/home-kitchen [36m304[0m 73.954 ms - -[0m
[0mGET /api/website/product/new-arrival [36m304[0m 32.660 ms - -[0m
[0mGET /api/website/product/women-fashion [36m304[0m 37.820 ms - -[0m
[0mGET /api/website/product?type=makeup [36m304[0m 75.470 ms - -[0m
[0mGET /api/website/product?type=shampoo [36m304[0m 49.081 ms - -[0m
[0mGET /api/website/product/men-fashion [36m304[0m 36.113 ms - -[0m
[0mGET /api/website/image/banner?type=0 [36m304[0m 15.069 ms - -[0m
[0mGET /api/website/category/list [36m304[0m 30.095 ms - -[0m
[0mGET /api/website/collection/list [36m304[0m 32.804 ms - -[0m
[0mGET /api/website/popular/category-list [36m304[0m 34.204 ms - -[0m
[0mGET /api/website/flash-sale [36m304[0m 6.393 ms - -[0m
[0mGET /api/website/product?type=makeup [36m304[0m 39.630 ms - -[0m
[0mGET /api/website/product/women-fashion [36m304[0m 61.009 ms - -[0m
[0mGET /api/website/product/home-kitchen [36m304[0m 78.124 ms - -[0m
[0mGET /api/website/product?type=shampoo [36m304[0m 46.927 ms - -[0m
[0mGET /api/website/product/men-fashion [36m304[0m 68.214 ms - -[0m
[0mGET /api/website/product/new-arrival [36m304[0m 65.919 ms - -[0m
[0mGET /api/website/image/banner?type=0 [36m304[0m 8.834 ms - -[0m
[0mGET /api/website/collection/list [36m304[0m 24.713 ms - -[0m
[0mGET /api/website/category/list [36m304[0m 28.835 ms - -[0m
[0mGET /api/website/popular/category-list [36m304[0m 28.459 ms - -[0m
[0mGET /api/website/flash-sale [36m304[0m 5.538 ms - -[0m
[0mGET /api/website/product/home-kitchen [36m304[0m 69.839 ms - -[0m
[0mGET /api/website/product/women-fashion [36m304[0m 50.745 ms - -[0m
[0mGET /api/website/product?type=makeup [36m304[0m 69.539 ms - -[0m
[0mGET /api/website/product/new-arrival [36m304[0m 35.448 ms - -[0m
[0mGET /api/website/product/men-fashion [36m304[0m 41.192 ms - -[0m
[0mGET /api/website/product?type=shampoo [36m304[0m 43.746 ms - -[0m
[0mOPTIONS /api/auth/rootLogin [32m204[0m 2.284 ms - 0[0m
[0mPOST /api/auth/rootLogin [32m200[0m 293.284 ms - 211[0m
[0mOPTIONS /api/order/notifications [32m204[0m 0.285 ms - 0[0m
[0mOPTIONS /api/order/list [32m204[0m 0.168 ms - 0[0m
[0mOPTIONS /api/order/count [32m204[0m 0.125 ms - 0[0m
[0mGET /api/order/count [36m304[0m 11.333 ms - -[0m
[0mGET /api/order/notifications [36m304[0m 36.322 ms - -[0m
[0mPOST /api/order/list [32m200[0m 35.387 ms - 9128[0m
[0mOPTIONS /api/collection/flash-sale-list [32m204[0m 1.028 ms - 0[0m
[0mGET /api/collection/flash-sale-list [36m304[0m 6.299 ms - -[0m
[0mGET /api/order/notifications [36m304[0m 16.313 ms - -[0m
[0mOPTIONS /api/product/getAllList [32m204[0m 0.298 ms - 0[0m
[0mOPTIONS /api/product/getAllList [32m204[0m 0.172 ms - 0[0m
[0mOPTIONS /api/product/getAllList [32m204[0m 0.113 ms - 0[0m
[0mGET /api/product/getAllList [32m200[0m 214.466 ms - 372923[0m
[0mGET /api/product/getAllList [36m304[0m 131.685 ms - -[0m
[0mGET /api/product/getAllList [36m304[0m 99.291 ms - -[0m
[0mOPTIONS /api/collection/flash-sale-update [32m204[0m 5.685 ms - 0[0m
[0mPUT /api/collection/flash-sale-update [32m200[0m 18991.837 ms - 69[0m
[0mOPTIONS /api/order/notifications [32m204[0m 1.137 ms - 0[0m
[0mOPTIONS /api/collection/flash-sale-list [32m204[0m 0.504 ms - 0[0m
[0mGET /api/collection/flash-sale-list [32m200[0m 15.078 ms - 1583[0m
[0mGET /api/order/notifications [36m304[0m 36.021 ms - -[0m
[0mOPTIONS /api/product/getAllList [32m204[0m 0.731 ms - 0[0m
[0mOPTIONS /api/product/getAllList [32m204[0m 0.235 ms - 0[0m
[0mOPTIONS /api/product/getAllList [32m204[0m 0.307 ms - 0[0m
[0mGET /api/product/getAllList [36m304[0m 316.460 ms - -[0m
[0mGET /api/product/getAllList [36m304[0m 135.617 ms - -[0m
[0mGET /api/product/getAllList [36m304[0m 123.372 ms - -[0m
[0mOPTIONS /api/collection/flash-sale-delete?id=50 [32m204[0m 3.849 ms - 0[0m
[0mDELETE /api/collection/flash-sale-delete?id=50 [32m200[0m 16.757 ms - 61[0m
[0mOPTIONS /api/collection/flash-sale-list [32m204[0m 0.349 ms - 0[0m
[0mGET /api/collection/flash-sale-list [32m200[0m 14.703 ms - 1487[0m
[0mOPTIONS /api/collection/flash-sale-update [32m204[0m 8.670 ms - 0[0m
[0mPUT /api/collection/flash-sale-update [31m500[0m 4069.124 ms - 35[0m
[0mOPTIONS /api/order/notifications [32m204[0m 14.034 ms - 0[0m
[0mOPTIONS /api/collection/flash-sale-list [32m204[0m 0.841 ms - 0[0m
[0mGET /api/collection/flash-sale-list [32m200[0m 57.698 ms - 1541[0m
[0mGET /api/order/notifications [36m304[0m 80.821 ms - -[0m
[0mOPTIONS /api/product/getAllList [32m204[0m 0.395 ms - 0[0m
[0mOPTIONS /api/product/getAllList [32m204[0m 0.177 ms - 0[0m
[0mOPTIONS /api/product/getAllList [32m204[0m 0.351 ms - 0[0m
[0mGET /api/product/getAllList [36m304[0m 313.663 ms - -[0m
[0mGET /api/product/getAllList [36m304[0m 143.269 ms - -[0m
[0mGET /api/product/getAllList [36m304[0m 124.979 ms - -[0m
[0mOPTIONS /api/customer/getUserByEmailId [32m204[0m 10.002 ms - 0[0m
[0mOPTIONS /api/customer/getUserByEmailId [32m204[0m 1.133 ms - 0[0m
[0mOPTIONS /api/customer/getUserByEmailId [32m204[0m 0.387 ms - 0[0m
[0mGET /api/website/image/banner?type=0 [36m304[0m 128.328 ms - -[0m
[0mGET /api/website/category/list [36m304[0m 194.437 ms - -[0m
[0mGET /api/website/popular/category-list [36m304[0m 201.200 ms - -[0m
[0mGET /api/website/collection/list [36m304[0m 150.929 ms - -[0m
[0mGET /api/website/flash-sale [32m200[0m 29.745 ms - 2819[0m
[0mGET /api/website/product/home-kitchen [36m304[0m 271.375 ms - -[0m
[0mGET /api/website/product/women-fashion [36m304[0m 269.619 ms - -[0m
[0mGET /api/website/product/men-fashion [36m304[0m 141.812 ms - -[0m
[0mGET /api/website/product?type=makeup [36m304[0m 208.040 ms - -[0m
[0mGET /api/website/product?type=shampoo [36m304[0m 189.851 ms - -[0m
[0mGET /api/website/product/new-arrival [36m304[0m 133.266 ms - -[0m
[0mGET /api/customer/getUserByEmailId [33m403[0m 20.300 ms - 36[0m
[0mGET /api/customer/getUserByEmailId [33m403[0m 2.421 ms - 36[0m
[0mGET /api/customer/getUserByEmailId [33m403[0m 2.120 ms - 36[0m
[0mGET /api/website/flash-sale [36m304[0m 8.879 ms - -[0m
[0mGET /api/website/flash-sale [36m304[0m 33.967 ms - -[0m
[0mGET /api/website/category/list [36m304[0m 50.122 ms - -[0m
[0mOPTIONS /api/auth/rootLogin [32m204[0m 5.710 ms - 0[0m
[0mPOST /api/auth/rootLogin [32m200[0m 265.080 ms - 211[0m
[0mOPTIONS /api/order/notifications [32m204[0m 0.392 ms - 0[0m
[0mOPTIONS /api/order/list [32m204[0m 0.192 ms - 0[0m
[0mOPTIONS /api/order/count [32m204[0m 0.191 ms - 0[0m
[0mGET /api/order/count [36m304[0m 42.611 ms - -[0m
[0mPOST /api/order/list [32m200[0m 78.442 ms - 9128[0m
[0mGET /api/order/notifications [36m304[0m 75.959 ms - -[0m
[0mOPTIONS /api/collection/flash-sale-list [32m204[0m 1.128 ms - 0[0m
[0mGET /api/collection/flash-sale-list [36m304[0m 6.184 ms - -[0m
[0mGET /api/order/notifications [36m304[0m 19.514 ms - -[0m
[0mOPTIONS /api/product/getAllList [32m204[0m 0.356 ms - 0[0m
[0mOPTIONS /api/product/getAllList [32m204[0m 0.468 ms - 0[0m
[0mOPTIONS /api/product/getAllList [32m204[0m 0.266 ms - 0[0m
[0mGET /api/product/getAllList [36m304[0m 297.282 ms - -[0m
[0mGET /api/product/getAllList [36m304[0m 151.293 ms - -[0m
[0mGET /api/product/getAllList [36m304[0m 127.766 ms - -[0m
[0mOPTIONS /api/order/notifications [32m204[0m 2.472 ms - 0[0m
[0mOPTIONS /api/collection/flash-sale-list [32m204[0m 3.428 ms - 0[0m
[0mGET /api/collection/flash-sale-list [36m304[0m 30.385 ms - -[0m
[0mGET /api/order/notifications [36m304[0m 48.413 ms - -[0m
[0mOPTIONS /api/product/getAllList [32m204[0m 0.869 ms - 0[0m
[0mOPTIONS /api/product/getAllList [32m204[0m 2.168 ms - 0[0m
[0mOPTIONS /api/product/getAllList [32m204[0m 0.162 ms - 0[0m
[0mGET /api/product/getAllList [36m304[0m 272.792 ms - -[0m
[0mGET /api/product/getAllList [36m304[0m 154.610 ms - -[0m
[0mGET /api/product/getAllList [36m304[0m 122.933 ms - -[0m
[0mOPTIONS /api/order/notifications [32m204[0m 1.322 ms - 0[0m
[0mOPTIONS /api/collection/flash-sale-list [32m204[0m 0.273 ms - 0[0m
[0mGET /api/collection/flash-sale-list [36m304[0m 22.969 ms - -[0m
[0mGET /api/order/notifications [36m304[0m 38.775 ms - -[0m
[0mOPTIONS /api/product/getAllList [32m204[0m 0.336 ms - 0[0m
[0mOPTIONS /api/product/getAllList [32m204[0m 0.176 ms - 0[0m
[0mOPTIONS /api/product/getAllList [32m204[0m 0.182 ms - 0[0m
[0mGET /api/product/getAllList [36m304[0m 232.483 ms - -[0m
[0mGET /api/product/getAllList [36m304[0m 154.311 ms - -[0m
[0mGET /api/product/getAllList [36m304[0m 104.946 ms - -[0m
[0mOPTIONS /api/collection/flash-sale-update [32m204[0m 5.661 ms - 0[0m
[0mPUT /api/collection/flash-sale-update [32m200[0m 7847.783 ms - 69[0m
[0mOPTIONS /api/order/notifications [32m204[0m 0.395 ms - 0[0m
[0mOPTIONS /api/collection/flash-sale-list [32m204[0m 0.234 ms - 0[0m
[0mGET /api/collection/flash-sale-list [32m200[0m 19.755 ms - 1638[0m
[0mGET /api/order/notifications [36m304[0m 35.778 ms - -[0m
[0mOPTIONS /api/product/getAllList [32m204[0m 1.592 ms - 0[0m
[0mOPTIONS /api/product/getAllList [32m204[0m 0.682 ms - 0[0m
[0mOPTIONS /api/product/getAllList [32m204[0m 0.326 ms - 0[0m
[0mGET /api/product/getAllList [36m304[0m 307.258 ms - -[0m
[0mGET /api/product/getAllList [36m304[0m 152.739 ms - -[0m
[0mGET /api/product/getAllList [36m304[0m 154.694 ms - -[0m
[0mOPTIONS /api/order/notifications [32m204[0m 2.694 ms - 0[0m
[0mOPTIONS /api/collection/flash-sale-list [32m204[0m 3.740 ms - 0[0m
[0mGET /api/collection/flash-sale-list [36m304[0m 21.879 ms - -[0m
[0mGET /api/order/notifications [36m304[0m 38.735 ms - -[0m
[0mOPTIONS /api/product/getAllList [32m204[0m 0.275 ms - 0[0m
[0mOPTIONS /api/product/getAllList [32m204[0m 1.685 ms - 0[0m
[0mGET /api/product/getAllList [36m304[0m 336.628 ms - -[0m
[0mGET /api/product/getAllList [36m304[0m 174.018 ms - -[0m
[0mGET /api/product/getAllList [36m304[0m 154.223 ms - -[0m
[0mOPTIONS /api/order/notifications [32m204[0m 2.720 ms - 0[0m
[0mOPTIONS /api/collection/flash-sale-list [32m204[0m 0.569 ms - 0[0m
[0mGET /api/collection/flash-sale-list [36m304[0m 25.478 ms - -[0m
[0mGET /api/order/notifications [36m304[0m 49.262 ms - -[0m
[0mOPTIONS /api/product/getAllList [32m204[0m 0.312 ms - 0[0m
[0mOPTIONS /api/product/getAllList [32m204[0m 0.298 ms - 0[0m
[0mOPTIONS /api/product/getAllList [32m204[0m 1.327 ms - 0[0m
[0mGET /api/product/getAllList [36m304[0m 347.940 ms - -[0m
[0mGET /api/product/getAllList [36m304[0m 194.133 ms - -[0m
[0mGET /api/product/getAllList [36m304[0m 109.190 ms - -[0m
[0mOPTIONS /api/collection/flash-sale-update [32m204[0m 1.109 ms - 0[0m
[0mPUT /api/collection/flash-sale-update [32m200[0m 38.095 ms - 69[0m
[0mOPTIONS /api/order/notifications [32m204[0m 0.319 ms - 0[0m
[0mOPTIONS /api/collection/flash-sale-list [32m204[0m 0.264 ms - 0[0m
[0mGET /api/collection/flash-sale-list [32m200[0m 7.964 ms - 1751[0m
[0mGET /api/order/notifications [36m304[0m 29.788 ms - -[0m
[0mOPTIONS /api/product/getAllList [32m204[0m 0.303 ms - 0[0m
[0mOPTIONS /api/product/getAllList [32m204[0m 0.220 ms - 0[0m
[0mOPTIONS /api/product/getAllList [32m204[0m 0.580 ms - 0[0m
[0mGET /api/product/getAllList [36m304[0m 213.781 ms - -[0m
[0mGET /api/product/getAllList [36m304[0m 182.347 ms - -[0m
[0mGET /api/product/getAllList [36m304[0m 108.315 ms - -[0m
[0mOPTIONS /api/collection/flash-sale-update [32m204[0m 0.572 ms - 0[0m
[0mPUT /api/collection/flash-sale-update [32m200[0m 4145.377 ms - 69[0m
[0mOPTIONS /api/order/notifications [32m204[0m 0.333 ms - 0[0m
[0mOPTIONS /api/collection/flash-sale-list [32m204[0m 0.159 ms - 0[0m
[0mGET /api/collection/flash-sale-list [36m304[0m 6.563 ms - -[0m
[0mGET /api/order/notifications [36m304[0m 19.298 ms - -[0m
[0mOPTIONS /api/product/getAllList [32m204[0m 0.284 ms - 0[0m
[0mOPTIONS /api/product/getAllList [32m204[0m 0.139 ms - 0[0m
[0mOPTIONS /api/product/getAllList [32m204[0m 0.180 ms - 0[0m
[0mGET /api/product/getAllList [36m304[0m 189.518 ms - -[0m
[0mGET /api/product/getAllList [36m304[0m 139.361 ms - -[0m
[0mGET /api/product/getAllList [36m304[0m 131.875 ms - -[0m
[0mPOST /api/customer/rootlogin [32m200[0m 318.962 ms - 232[0m
[0mPOST /api/customer/rootlogin [33m400[0m 4.491 ms - 265[0m
[0mPOST /api/customer/rootlogin [31m500[0m 6.362 ms - 45[0m
[0mPOST /api/auth/rootlogin [33m400[0m 28.608 ms - 231[0m
[0mPOST /api/auth/rootlogin [32m200[0m 315.557 ms - 211[0m
[0mGET /api/website/category/list [32m200[0m 6.854 ms - 102[0m
[0mGET /api/website/image/banner?type=0 [32m200[0m 32.887 ms - 153[0m
[0mGET /api/website/image/banner?type=0 [32m200[0m 30.241 ms - 153[0m
[0mGET /api/website/category/list [32m200[0m 2.191 ms - 102[0m
[0mGET /api/website/image/banner?type=0 [32m200[0m 24.576 ms - 153[0m
[0mGET /api/website/image/banner?type=0 [32m200[0m 22.145 ms - 153[0m
[0mGET /api/website/category/list [32m200[0m 2.311 ms - 102[0m
[0mGET /api/website/image/banner?type=0 [32m200[0m 31.379 ms - 153[0m
[0mGET /api/website/popular/category-list [32m200[0m 30.883 ms - 49[0m
[0mGET /api/website/image/banner?type=0 [32m200[0m 35.977 ms - 153[0m
[0mGET /api/website/flash-sale [32m200[0m 29.673 ms - 49[0m
[0mGET /api/website/product/new-arrival [32m200[0m 33.372 ms - 384[0m
[0mGET /api/website/image/banner?type=0 [32m200[0m 66.543 ms - 153[0m
[0mGET /api/website/image/banner?type=0 [32m200[0m 53.957 ms - 153[0m
[0mGET /api/website/popular/category-list [32m200[0m 59.714 ms - 49[0m
[0mGET /api/website/flash-sale [32m200[0m 61.275 ms - 49[0m
[0mGET /api/website/category/list [32m200[0m 68.033 ms - 1260[0m
[0mGET /api/website/product/new-arrival [32m200[0m 65.098 ms - 384[0m
[0mGET /api/website/image/banner?type=0 [32m200[0m 50.416 ms - 153[0m
[0mGET /api/website/image/banner?type=0 [32m200[0m 42.299 ms - 153[0m
[0mGET /api/website/category/list [32m200[0m 48.697 ms - 1260[0m
[0mGET /api/website/popular/category-list [32m200[0m 47.403 ms - 49[0m
[0mGET /api/website/flash-sale [32m200[0m 53.826 ms - 49[0m
[0mGET /api/website/product/new-arrival [32m200[0m 54.201 ms - 384[0m
[0mGET /api/website/category/list [36m304[0m 12.691 ms - -[0m
[0mGET /api/website/category/list [36m304[0m 24.258 ms - -[0m
[0mGET /api/website/image/banner?type=0 [32m200[0m 36.601 ms - 153[0m
[0mGET /api/website/image/banner?type=0 [32m200[0m 28.265 ms - 153[0m
[0mGET /api/website/popular/category-list [32m200[0m 24.075 ms - 49[0m
[0mGET /api/website/category/list [32m200[0m 33.133 ms - 1260[0m
[0mGET /api/website/flash-sale [32m200[0m 29.259 ms - 49[0m
[0mGET /api/website/product/new-arrival [32m200[0m 25.157 ms - 384[0m
[0mGET /api/website/image/banner?type=0 [36m304[0m 44.859 ms - -[0m
[0mGET /api/website/flash-sale [36m304[0m 30.793 ms - -[0m
[0mGET /api/website/popular/category-list [36m304[0m 33.296 ms - -[0m
[0mGET /api/website/category/list [36m304[0m 43.073 ms - -[0m
[0mGET /api/website/product/new-arrival [36m304[0m 35.083 ms - -[0m
[0mGET /api/website/image/banner?type=0 [36m304[0m 8.057 ms - -[0m
[0mGET /api/website/image/banner?type=0 [32m200[0m 63.095 ms - 153[0m
[0mGET /api/website/flash-sale [32m200[0m 42.497 ms - 49[0m
[0mGET /api/website/popular/category-list [32m200[0m 47.436 ms - 49[0m
[0mGET /api/website/image/banner?type=0 [32m200[0m 50.301 ms - 153[0m
[0mGET /api/website/category/list [32m200[0m 54.640 ms - 1260[0m
[0mGET /api/website/product/new-arrival [32m200[0m 48.719 ms - 384[0m
[0mGET /api/website/image/banner?type=0 [32m200[0m 56.585 ms - 153[0m
[0mGET /api/website/image/banner?type=0 [32m200[0m 54.142 ms - 153[0m
[0mGET /api/website/popular/category-list [32m200[0m 52.171 ms - 49[0m
[0mGET /api/website/flash-sale [32m200[0m 51.265 ms - 49[0m
[0mGET /api/website/product/new-arrival [32m200[0m 46.486 ms - 384[0m
[0mGET /api/website/category/list [32m200[0m 65.980 ms - 1260[0m
[0mGET /api/website/image/banner?type=0 [32m200[0m 28.323 ms - 153[0m
[0mGET /api/website/image/banner?type=0 [32m200[0m 21.145 ms - 153[0m
[0mGET /api/website/popular/category-list [32m200[0m 24.291 ms - 49[0m
[0mGET /api/website/flash-sale [32m200[0m 25.043 ms - 49[0m
[0mGET /api/website/product/new-arrival [32m200[0m 28.935 ms - 384[0m
[0mGET /api/website/category/list [32m200[0m 30.940 ms - 1260[0m
[0mGET /api/website/image/banner?type=0 [32m200[0m 18.704 ms - 153[0m
[0mGET /api/website/image/banner?type=0 [32m200[0m 15.409 ms - 153[0m
[0mGET /api/website/popular/category-list [32m200[0m 17.647 ms - 49[0m
[0mGET /api/website/flash-sale [32m200[0m 14.938 ms - 49[0m
[0mGET /api/website/category/list [32m200[0m 19.237 ms - 1260[0m
[0mGET /api/website/product/new-arrival [32m200[0m 16.808 ms - 384[0m
[0mGET /api/website/image/banner?type=0 [32m200[0m 25.786 ms - 153[0m
[0mGET /api/website/image/banner?type=0 [32m200[0m 23.511 ms - 153[0m
[0mGET /api/website/popular/category-list [32m200[0m 22.449 ms - 49[0m
[0mGET /api/website/flash-sale [32m200[0m 28.868 ms - 49[0m
[0mGET /api/website/category/list [32m200[0m 32.909 ms - 1260[0m
[0mGET /api/website/product/new-arrival [32m200[0m 29.824 ms - 384[0m
[0mGET /api/website/image/banner?type=0 [32m200[0m 23.999 ms - 153[0m
[0mGET /api/website/image/banner?type=0 [32m200[0m 23.062 ms - 153[0m
[0mGET /api/website/popular/category-list [32m200[0m 27.548 ms - 49[0m
[0mGET /api/website/category/list [32m200[0m 29.960 ms - 1260[0m
[0mGET /api/website/flash-sale [32m200[0m 29.014 ms - 49[0m
[0mGET /api/website/product/new-arrival [32m200[0m 30.518 ms - 384[0m
[0mGET /api/website/image/banner?type=0 [36m304[0m 44.151 ms - -[0m
[0mGET /api/website/category/list [36m304[0m 51.896 ms - -[0m
[0mGET /api/website/popular/category-list [36m304[0m 49.610 ms - -[0m
[0mGET /api/website/flash-sale [36m304[0m 49.194 ms - -[0m
[0mGET /api/website/image/banner?type=0 [36m304[0m 13.380 ms - -[0m
[0mGET /api/website/product/new-arrival [36m304[0m 54.136 ms - -[0m
[0mGET /api/website/image/banner?type=0 [32m200[0m 10.336 ms - 153[0m
[0mGET /api/website/image/banner?type=0 [32m200[0m 8.429 ms - 153[0m
[0mGET /api/website/flash-sale [32m200[0m 6.929 ms - 49[0m
[0mGET /api/website/category/list [32m200[0m 8.160 ms - 1260[0m
[0mGET /api/website/popular/category-list [32m200[0m 7.840 ms - 49[0m
[0mGET /api/website/product/new-arrival [32m200[0m 8.686 ms - 384[0m
[0mGET /api/website/image/banner?type=0 [32m200[0m 34.325 ms - 153[0m
[0mGET /api/website/flash-sale [32m200[0m 44.192 ms - 49[0m
[0mGET /api/website/category/list [32m200[0m 56.531 ms - 1260[0m
[0mGET /api/website/product/new-arrival [32m200[0m 51.681 ms - 384[0m
[0mGET /api/website/popular/category-list [32m200[0m 56.474 ms - 49[0m
[0mGET /api/website/image/banner?type=0 [36m304[0m 12.077 ms - -[0m
