[0mGET /api/website/popular/category-list [32m200[0m 28.320 ms - 406[0m
[0mGET /api/website/category/list [36m304[0m 54.912 ms - -[0m
[0mGET /api/website/image/banner?type=2 [32m200[0m 40.841 ms - 270[0m
[0mGET /api/website/image/banner?type=0 [32m200[0m 51.231 ms - 264[0m
[0mGET /api/website/image/banner?type=3 [32m200[0m 40.276 ms - 260[0m
[0mGET /api/website/image/banner?type=4 [32m200[0m 39.998 ms - 152[0m
[0mGET /api/website/brand-list [32m200[0m 28.061 ms - 850[0m
[0mGET /api/website/flash-sale [32m200[0m 26.695 ms - 49[0m
[0mGET /api/website/category/list [36m304[0m 15.975 ms - -[0m
[0mGET /api/website/product/new-arrival [32m200[0m 43.683 ms - 6037[0m
[0mGET /api/website/catalog/product/search?filter_category=mobile-phone [32m200[0m 70.651 ms - 4809[0m
[0mGET /api/website/product/detail?productId=15&slug=iphone-14-pro-physical-dual-sim-256gb-deep-purple-5g-with-facetime [32m200[0m 65.240 ms - 1822[0m
[0mGET /api/website/relatedProduct?productId=15&slug=iphone-14-pro-physical-dual-sim-256gb-deep-purple-5g-with-facetime [32m200[0m 63.630 ms - 4320[0m
[0mGET /api/website/product/detail?productId=15&slug=iphone-14-pro-physical-dual-sim-256gb-deep-purple-5g-with-facetime [36m304[0m 48.839 ms - -[0m
[0mGET /api/website/relatedProduct?productId=15&slug=iphone-14-pro-physical-dual-sim-256gb-deep-purple-5g-with-facetime [36m304[0m 51.913 ms - -[0m
[0mGET /api/website/category/list [32m200[0m 12.706 ms - 1659[0m
[0mGET /api/website/product/detail?productId=15&slug=iphone-14-pro-physical-dual-sim-256gb-deep-purple-5g-with-facetime [32m200[0m 30.883 ms - 1822[0m
[0mGET /api/website/relatedProduct?productId=15&slug=iphone-14-pro-physical-dual-sim-256gb-deep-purple-5g-with-facetime [32m200[0m 28.980 ms - 4320[0m
[0mGET /api/website/product/detail?productId=15&slug=iphone-14-pro-physical-dual-sim-256gb-deep-purple-5g-with-facetime [36m304[0m 15.140 ms - -[0m
[0mGET /api/website/relatedProduct?productId=15&slug=iphone-14-pro-physical-dual-sim-256gb-deep-purple-5g-with-facetime [36m304[0m 12.868 ms - -[0m
[0mGET /api/website/product/detail?productId=15&slug=iphone-14-pro-physical-dual-sim-256gb-deep-purple-5g-with-facetime [36m304[0m 11.914 ms - -[0m
[0mGET /api/website/relatedProduct?productId=15&slug=iphone-14-pro-physical-dual-sim-256gb-deep-purple-5g-with-facetime [36m304[0m 15.537 ms - -[0m
[0mGET /api/website/product/detail?productId=15&slug=iphone-14-pro-physical-dual-sim-256gb-deep-purple-5g-with-facetime [36m304[0m 29.459 ms - -[0m
[0mGET /api/website/relatedProduct?productId=15&slug=iphone-14-pro-physical-dual-sim-256gb-deep-purple-5g-with-facetime [36m304[0m 23.262 ms - -[0m
[0mGET /api/website/product/detail?productId=15&slug=iphone-14-pro-physical-dual-sim-256gb-deep-purple-5g-with-facetime [36m304[0m 9.358 ms - -[0m
[0mGET /api/website/relatedProduct?productId=15&slug=iphone-14-pro-physical-dual-sim-256gb-deep-purple-5g-with-facetime [36m304[0m 10.939 ms - -[0m
[0mGET /api/website/product/detail?productId=15&slug=iphone-14-pro-physical-dual-sim-256gb-deep-purple-5g-with-facetime [36m304[0m 21.857 ms - -[0m
[0mGET /api/website/relatedProduct?productId=15&slug=iphone-14-pro-physical-dual-sim-256gb-deep-purple-5g-with-facetime [36m304[0m 20.590 ms - -[0m
[0mGET /api/website/product/detail?productId=15&slug=iphone-14-pro-physical-dual-sim-256gb-deep-purple-5g-with-facetime [36m304[0m 13.643 ms - -[0m
[0mGET /api/website/relatedProduct?productId=15&slug=iphone-14-pro-physical-dual-sim-256gb-deep-purple-5g-with-facetime [36m304[0m 12.326 ms - -[0m
[0mGET /api/website/product/detail?productId=15&slug=iphone-14-pro-physical-dual-sim-256gb-deep-purple-5g-with-facetime [36m304[0m 13.939 ms - -[0m
[0mGET /api/website/relatedProduct?productId=15&slug=iphone-14-pro-physical-dual-sim-256gb-deep-purple-5g-with-facetime [36m304[0m 12.977 ms - -[0m
[0mGET /api/website/product/detail?productId=15&slug=iphone-14-pro-physical-dual-sim-256gb-deep-purple-5g-with-facetime [36m304[0m 59.658 ms - -[0m
[0mGET /api/website/relatedProduct?productId=15&slug=iphone-14-pro-physical-dual-sim-256gb-deep-purple-5g-with-facetime [36m304[0m 58.911 ms - -[0m
[0mGET /api/website/product/detail?productId=15&slug=iphone-14-pro-physical-dual-sim-256gb-deep-purple-5g-with-facetime [36m304[0m 26.590 ms - -[0m
[0mGET /api/website/relatedProduct?productId=15&slug=iphone-14-pro-physical-dual-sim-256gb-deep-purple-5g-with-facetime [36m304[0m 21.553 ms - -[0m
[0mGET /api/website/category/list [32m200[0m 25.071 ms - 1659[0m
[0mGET /api/website/product/detail?productId=15&slug=iphone-14-pro-physical-dual-sim-256gb-deep-purple-5g-with-facetime [32m200[0m 53.749 ms - 1822[0m
[0mGET /api/website/relatedProduct?productId=15&slug=iphone-14-pro-physical-dual-sim-256gb-deep-purple-5g-with-facetime [32m200[0m 48.919 ms - 4320[0m
[0mGET /api/website/category/list [32m200[0m 54.225 ms - 1659[0m
[0mGET /api/website/product/detail?productId=15&slug=iphone-14-pro-physical-dual-sim-256gb-deep-purple-5g-with-facetime [32m200[0m 65.320 ms - 1822[0m
[0mGET /api/website/relatedProduct?productId=15&slug=iphone-14-pro-physical-dual-sim-256gb-deep-purple-5g-with-facetime [32m200[0m 59.365 ms - 4320[0m
[0mGET /api/website/category/list [32m200[0m 11.946 ms - 1659[0m
[0mGET /api/website/product/detail?productId=15&slug=iphone-14-pro-physical-dual-sim-256gb-deep-purple-5g-with-facetime [32m200[0m 21.096 ms - 1822[0m
[0mGET /api/website/relatedProduct?productId=15&slug=iphone-14-pro-physical-dual-sim-256gb-deep-purple-5g-with-facetime [32m200[0m 21.852 ms - 4320[0m
[0mGET /api/website/category/list [32m200[0m 15.463 ms - 1659[0m
[0mGET /api/website/product/detail?productId=15&slug=iphone-14-pro-physical-dual-sim-256gb-deep-purple-5g-with-facetime [32m200[0m 28.122 ms - 1822[0m
[0mGET /api/website/relatedProduct?productId=15&slug=iphone-14-pro-physical-dual-sim-256gb-deep-purple-5g-with-facetime [32m200[0m 22.695 ms - 4320[0m
[0mGET /api/website/category/list [32m200[0m 11.354 ms - 1659[0m
[0mGET /api/website/product/detail?productId=15&slug=iphone-14-pro-physical-dual-sim-256gb-deep-purple-5g-with-facetime [32m200[0m 21.074 ms - 1822[0m
[0mGET /api/website/relatedProduct?productId=15&slug=iphone-14-pro-physical-dual-sim-256gb-deep-purple-5g-with-facetime [32m200[0m 23.140 ms - 4320[0m
[0mGET /api/website/category/list [36m304[0m 17.739 ms - -[0m
[0mGET /api/website/product/detail?productId=15&slug=iphone-14-pro-physical-dual-sim-256gb-deep-purple-5g-with-facetime [36m304[0m 35.430 ms - -[0m
[0mGET /api/website/relatedProduct?productId=15&slug=iphone-14-pro-physical-dual-sim-256gb-deep-purple-5g-with-facetime [36m304[0m 31.606 ms - -[0m
[0mGET /api/website/image/banner?type=0 [36m304[0m 21.800 ms - -[0m
[0mGET /api/website/category/list [36m304[0m 31.623 ms - -[0m
[0mGET /api/website/popular/category-list [36m304[0m 38.421 ms - -[0m
[0mGET /api/website/image/banner?type=3 [36m304[0m 41.111 ms - -[0m
[0mGET /api/website/image/banner?type=2 [36m304[0m 44.753 ms - -[0m
[0mGET /api/website/image/banner?type=4 [36m304[0m 39.986 ms - -[0m
[0mGET /api/website/brand-list [36m304[0m 33.581 ms - -[0m
[0mGET /api/website/flash-sale [36m304[0m 20.019 ms - -[0m
[0mGET /api/website/product/new-arrival [36m304[0m 22.840 ms - -[0m
[0mGET /api/website/catalog/product/search?filter_category=mobile-phone [36m304[0m 40.835 ms - -[0m
[0mGET /api/website/category/list [36m304[0m 19.689 ms - -[0m
[0mGET /api/website/catalog/category/search?queryString=electronics [32m200[0m 52.961 ms - 508[0m
[0mGET /api/website/catalog/product/search?filter_category=electronics [32m200[0m 54.102 ms - 62[0m
[0mGET /api/website/image/banner?type=0 [36m304[0m 8.307 ms - -[0m
[0mGET /api/website/image/banner?type=2 [36m304[0m 11.471 ms - -[0m
[0mGET /api/website/category/list [36m304[0m 16.128 ms - -[0m
[0mGET /api/website/image/banner?type=4 [36m304[0m 18.440 ms - -[0m
[0mGET /api/website/image/banner?type=3 [36m304[0m 19.315 ms - -[0m
[0mGET /api/website/popular/category-list [36m304[0m 21.167 ms - -[0m
[0mGET /api/website/brand-list [36m304[0m 18.471 ms - -[0m
[0mGET /api/website/flash-sale [36m304[0m 13.290 ms - -[0m
[0mGET /api/website/product/new-arrival [36m304[0m 17.958 ms - -[0m
[0mGET /api/website/catalog/product/search?filter_category=mobile-phone [36m304[0m 19.984 ms - -[0m
[0mGET /api/website/category/list [36m304[0m 7.491 ms - -[0m
[0mGET /api/website/catalog/category/search?queryString=mobile-phone [32m200[0m 27.908 ms - 848[0m
[0mGET /api/website/catalog/product/search?filter_category=mobile-phone [36m304[0m 31.944 ms - -[0m
[0mGET /api/website/catalog/product/search?filter_brand=samsung&filter_category=mobile-phone&page=1 [32m200[0m 19.993 ms - 936[0m
[0mGET /api/website/product/detail?productId=8&slug=galaxy-a03-core-dual-sim-onyx-2gb-ram-32gb-lte-middle-east-version [32m200[0m 16.185 ms - 2292[0m
[0mGET /api/website/relatedProduct?productId=8&slug=galaxy-a03-core-dual-sim-onyx-2gb-ram-32gb-lte-middle-east-version [32m200[0m 21.118 ms - 4320[0m
[0mGET /api/website/catalog/category/search?queryString=mobile-phone [36m304[0m 22.874 ms - -[0m
[0mGET /api/website/catalog/product/search?filter_brand=samsung&filter_category=mobile-phone [32m200[0m 29.798 ms - 936[0m
[0mGET /api/website/catalog/product/search?filter_category=mobile-phone&page=1 [32m200[0m 22.122 ms - 4809[0m
[0mGET /api/website/category/list [36m304[0m 15.533 ms - -[0m
[0mGET /api/website/catalog/category/search?queryString=mobile-phone [36m304[0m 22.441 ms - -[0m
[0mGET /api/website/catalog/product/search?filter_category=mobile-phone [36m304[0m 30.116 ms - -[0m
[0mGET /api/website/category/list [32m200[0m 47.572 ms - 1659[0m
[0mGET /api/website/catalog/category/search?queryString=mobile-phone [32m200[0m 122.146 ms - 848[0m
[0mGET /api/website/catalog/product/search?filter_category=mobile-phone [32m200[0m 136.144 ms - 4809[0m
[0mGET /api/website/category/list [32m200[0m 32.716 ms - 1659[0m
[0mGET /api/website/catalog/category/search?queryString=mobile-phone [32m200[0m 47.882 ms - 848[0m
[0mGET /api/website/catalog/product/search?filter_category=mobile-phone [32m200[0m 70.472 ms - 4809[0m
[0mGET /api/website/category/list [32m200[0m 46.331 ms - 1659[0m
[0mGET /api/website/catalog/category/search?queryString=mobile-phone [32m200[0m 100.306 ms - 848[0m
[0mGET /api/website/catalog/product/search?filter_category=mobile-phone [32m200[0m 119.100 ms - 4809[0m
[0mGET /api/website/image/banner?type=4 [36m304[0m 88.112 ms - -[0m
[0mGET /api/website/image/banner?type=0 [36m304[0m 92.686 ms - -[0m
[0mGET /api/website/image/banner?type=2 [36m304[0m 91.594 ms - -[0m
[0mGET /api/website/popular/category-list [36m304[0m 92.350 ms - -[0m
[0mGET /api/website/image/banner?type=3 [36m304[0m 94.041 ms - -[0m
[0mGET /api/website/category/list [36m304[0m 121.262 ms - -[0m
[0mGET /api/website/brand-list [36m304[0m 21.820 ms - -[0m
[0mGET /api/website/category/list [36m304[0m 7.840 ms - -[0m
[0mGET /api/website/flash-sale [36m304[0m 47.153 ms - -[0m
[0mGET /api/website/product/new-arrival [36m304[0m 47.593 ms - -[0m
[0mGET /api/website/catalog/product/search?filter_category=mobile-phone [36m304[0m 49.611 ms - -[0m
[0mGET /api/website/category/list [36m304[0m 22.480 ms - -[0m
[0mGET /api/website/catalog/category/search?queryString=mobile-phone [32m200[0m 47.070 ms - 925[0m
[0mGET /api/website/catalog/product/search?filter_category=mobile-phone [36m304[0m 75.063 ms - -[0m
[0mGET /api/website/category/list [36m304[0m 21.232 ms - -[0m
[0mGET /api/website/catalog/category/search?queryString=mobile-phone [36m304[0m 45.869 ms - -[0m
[0mGET /api/website/catalog/product/search?filter_category=mobile-phone [36m304[0m 49.460 ms - -[0m
[0mGET /api/website/category/list [36m304[0m 113.171 ms - -[0m
[0mGET /api/website/catalog/category/search?queryString=mobile-phone [32m200[0m 82.066 ms - 903[0m
[0mGET /api/website/catalog/product/search?filter_category=mobile-phone [36m304[0m 85.877 ms - -[0m
[0mGET /api/website/relatedProduct?productId=22&slug=iphone-7-plus-with-facetime-matt-black-128gb-4g-lte-renewed [32m200[0m 32.679 ms - 4320[0m
[0mGET /api/website/product/detail?productId=22&slug=iphone-7-plus-with-facetime-matt-black-128gb-4g-lte-renewed [32m200[0m 41.157 ms - 3048[0m
[0mGET /api/website/category/list [32m200[0m 27.282 ms - 1659[0m
[0mGET /api/website/product/detail?productId=22&slug=iphone-7-plus-with-facetime-matt-black-128gb-4g-lte-renewed [32m200[0m 34.898 ms - 3048[0m
[0mGET /api/website/relatedProduct?productId=22&slug=iphone-7-plus-with-facetime-matt-black-128gb-4g-lte-renewed [32m200[0m 40.299 ms - 4320[0m
[0mGET /api/website/category/list [36m304[0m 31.074 ms - -[0m
[0mGET /api/website/relatedProduct?productId=22&slug=iphone-7-plus-with-facetime-matt-black-128gb-4g-lte-renewed [36m304[0m 32.876 ms - -[0m
[0mGET /api/website/product/detail?productId=22&slug=iphone-7-plus-with-facetime-matt-black-128gb-4g-lte-renewed [36m304[0m 57.846 ms - -[0m
[0mGET /api/website/category/list [32m200[0m 20.670 ms - 1659[0m
[0mGET /api/website/catalog/category/search?queryString=mobile-phone [32m200[0m 104.398 ms - 903[0m
[0mGET /api/website/catalog/product/search?filter_category=mobile-phone [32m200[0m 120.694 ms - 4809[0m
[0mGET /api/website/product/detail?productId=15&slug=iphone-14-pro-physical-dual-sim-256gb-deep-purple-5g-with-facetime [36m304[0m 25.236 ms - -[0m
[0mGET /api/website/relatedProduct?productId=15&slug=iphone-14-pro-physical-dual-sim-256gb-deep-purple-5g-with-facetime [36m304[0m 29.811 ms - -[0m
[0mGET /api/website/category/list [32m200[0m 67.381 ms - 1659[0m
[0mGET /api/website/product/detail?productId=15&slug=iphone-14-pro-physical-dual-sim-256gb-deep-purple-5g-with-facetime [32m200[0m 75.009 ms - 1822[0m
[0mGET /api/website/relatedProduct?productId=15&slug=iphone-14-pro-physical-dual-sim-256gb-deep-purple-5g-with-facetime [32m200[0m 81.135 ms - 4320[0m
[0mGET /api/website/category/list [32m200[0m 21.928 ms - 1659[0m
[0mGET /api/website/product/detail?productId=15&slug=iphone-14-pro-physical-dual-sim-256gb-deep-purple-5g-with-facetime [32m200[0m 47.067 ms - 1822[0m
[0mGET /api/website/relatedProduct?productId=15&slug=iphone-14-pro-physical-dual-sim-256gb-deep-purple-5g-with-facetime [32m200[0m 46.500 ms - 4320[0m
[0mGET /api/website/category/list [32m200[0m 43.149 ms - 1659[0m
[0mGET /api/website/category/list [32m200[0m 50.543 ms - 1659[0m
[0mGET /api/website/product/detail?productId=15&slug=iphone-14-pro-physical-dual-sim-256gb-deep-purple-5g-with-facetime [32m200[0m 51.655 ms - 1822[0m
[0mGET /api/website/relatedProduct?productId=15&slug=iphone-14-pro-physical-dual-sim-256gb-deep-purple-5g-with-facetime [32m200[0m 55.807 ms - 4320[0m
[0mGET /api/website/category/list [32m200[0m 48.675 ms - 1659[0m
[0mGET /api/website/product/detail?productId=15&slug=iphone-14-pro-physical-dual-sim-256gb-deep-purple-5g-with-facetime [32m200[0m 224.392 ms - 1822[0m
[0mGET /api/website/relatedProduct?productId=15&slug=iphone-14-pro-physical-dual-sim-256gb-deep-purple-5g-with-facetime [32m200[0m 223.302 ms - 4320[0m
[0mGET /api/website/category/list [32m200[0m 21.445 ms - 1659[0m
[0mGET /api/website/product/detail?productId=15&slug=iphone-14-pro-physical-dual-sim-256gb-deep-purple-5g-with-facetime [32m200[0m 36.682 ms - 1822[0m
[0mGET /api/website/relatedProduct?productId=15&slug=iphone-14-pro-physical-dual-sim-256gb-deep-purple-5g-with-facetime [32m200[0m 39.521 ms - 4320[0m
[0mGET /api/website/category/list [32m200[0m 42.010 ms - 1659[0m
[0mGET /api/website/product/detail?productId=15&slug=iphone-14-pro-physical-dual-sim-256gb-deep-purple-5g-with-facetime [32m200[0m 59.197 ms - 1822[0m
[0mGET /api/website/relatedProduct?productId=15&slug=iphone-14-pro-physical-dual-sim-256gb-deep-purple-5g-with-facetime [32m200[0m 63.081 ms - 4320[0m
[0mGET /api/website/category/list [32m200[0m 37.314 ms - 1659[0m
[0mGET /api/website/product/detail?productId=15&slug=iphone-14-pro-physical-dual-sim-256gb-deep-purple-5g-with-facetime [32m200[0m 45.353 ms - 1822[0m
[0mGET /api/website/relatedProduct?productId=15&slug=iphone-14-pro-physical-dual-sim-256gb-deep-purple-5g-with-facetime [32m200[0m 43.285 ms - 4320[0m
[0mGET /api/website/category/list [32m200[0m 38.864 ms - 1659[0m
[0mGET /api/website/product/detail?productId=15&slug=iphone-14-pro-physical-dual-sim-256gb-deep-purple-5g-with-facetime [32m200[0m 120.190 ms - 1822[0m
[0mGET /api/website/relatedProduct?productId=15&slug=iphone-14-pro-physical-dual-sim-256gb-deep-purple-5g-with-facetime [32m200[0m 113.392 ms - 4320[0m
[0mGET /api/website/category/list [32m200[0m 20.543 ms - 1659[0m
[0mGET /api/website/product/detail?productId=15&slug=iphone-14-pro-physical-dual-sim-256gb-deep-purple-5g-with-facetime [32m200[0m 46.213 ms - 1822[0m
[0mGET /api/website/relatedProduct?productId=15&slug=iphone-14-pro-physical-dual-sim-256gb-deep-purple-5g-with-facetime [32m200[0m 43.966 ms - 4320[0m
