[0mGET /api/website/product/detail?productId=22&slug=iphone-7-plus-with-facetime-matt-black-128gb-4g-lte-renewed [31m500[0m 120.647 ms - 3341[0m
[0mGET /api/website/product/detail?productId=22&slug=iphone-7-plus-with-facetime-matt-black-128gb-4g-lte-renewed [32m200[0m 55.189 ms - 3096[0m
[0mGET /api/website/product/detail?productId=22&slug=iphone-7-plus-with-facetime-matt-black-128gb-4g-lte-renewed [31m500[0m 107.371 ms - 3341[0m
[0mGET /api/website/product/detail?productId=22&slug=iphone-7-plus-with-facetime-matt-black-128gb-4g-lte-renewed [32m200[0m 35.908 ms - 3108[0m
[0mGET /api/website/product/detail?productId=22&slug=iphone-7-plus-with-facetime-matt-black-128gb-4g-lte-renewed [32m200[0m 63.047 ms - 3138[0m
[0mGET /api/website/product/detail?productId=22&slug=iphone-7-plus-with-facetime-matt-black-128gb-4g-lte-renewed [31m500[0m 70.749 ms - 3341[0m
[0mGET /api/website/product/detail?productId=22&slug=iphone-7-plus-with-facetime-matt-black-128gb-4g-lte-renewed [31m500[0m 97.632 ms - 3341[0m
[0mGET /api/website/product/detail?productId=22&slug=iphone-7-plus-with-facetime-matt-black-128gb-4g-lte-renewed [31m500[0m 97.494 ms - 3341[0m
[0mGET /api/website/product/detail?productId=22&slug=iphone-7-plus-with-facetime-matt-black-128gb-4g-lte-renewed [31m500[0m 106.190 ms - 3341[0m
[0mGET /api/website/product/detail?productId=22&slug=iphone-7-plus-with-facetime-matt-black-128gb-4g-lte-renewed [32m200[0m 51.264 ms - 3073[0m
[0mGET /api/website/product/detail?productId=22&slug=iphone-7-plus-with-facetime-matt-black-128gb-4g-lte-renewed [32m200[0m 49.372 ms - 3060[0m
[0mGET /api/website/product/detail?productId=22&slug=iphone-7-plus-with-facetime-matt-black-128gb-4g-lte-renewed [32m200[0m 37.932 ms - 3060[0m
[0mGET /api/website/product/detail?productId=22&slug=iphone-7-plus-with-facetime-matt-black-128gb-4g-lte-renewed [32m200[0m 37.157 ms - 3060[0m
[0mGET /api/website/product/detail?productId=22&slug=iphone-7-plus-with-facetime-matt-black-128gb-4g-lte-renewed [32m200[0m 36.321 ms - 3060[0m
[0mGET /api/website/product/detail?productId=22&slug=iphone-7-plus-with-facetime-matt-black-128gb-4g-lte-renewed [32m200[0m 24.128 ms - 3060[0m
[0mGET /api/website/product/detail?productId=22&slug=iphone-7-plus-with-facetime-matt-black-128gb-4g-lte-renewed [32m200[0m 31.100 ms - 3060[0m
[0mGET /api/website/product/detail?productId=22&slug=iphone-7-plus-with-facetime-matt-black-128gb-4g-lte-renewed [32m200[0m 23.151 ms - 3060[0m
[0mGET /api/website/product/detail?productId=22&slug=iphone-7-plus-with-facetime-matt-black-128gb-4g-lte-renewed [32m200[0m 26.317 ms - 3060[0m
[0mGET /api/website/product/detail?productId=22&slug=iphone-7-plus-with-facetime-matt-black-128gb-4g-lte-renewed [32m200[0m 51.773 ms - 3151[0m
[0mGET /api/website/product/detail?productId=22&slug=iphone-7-plus-with-facetime-matt-black-128gb-4g-lte-renewed [32m200[0m 46.491 ms - 3151[0m
[0mGET /api/website/product/detail?productId=22&slug=iphone-7-plus-with-facetime-matt-black-128gb-4g-lte-renewed [32m200[0m 48.996 ms - 3151[0m
[0mGET /api/website/product/detail?productId=22&slug=iphone-7-plus-with-facetime-matt-black-128gb-4g-lte-renewed [32m200[0m 28.148 ms - 3294[0m
[0mOPTIONS /api/auth/seller/login [32m204[0m 5.850 ms - 0[0m
[0mPOST /api/auth/seller/login [32m200[0m 261.260 ms - 212[0m
[0mOPTIONS /api/auth/seller/profile-details [32m204[0m 0.412 ms - 0[0m
[0mOPTIONS /api/seller/dasbhoard/list [32m204[0m 0.239 ms - 0[0m
[0mGET /api/auth/seller/profile-details [36m304[0m 11.516 ms - -[0m
[0mGET /api/seller/dasbhoard/list [36m304[0m 17.342 ms - -[0m
[0mOPTIONS /api/vendor/shop-detail [32m204[0m 0.414 ms - 0[0m
[0mGET /api/auth/seller/profile-details [36m304[0m 4.846 ms - -[0m
[0mGET /api/vendor/shop-detail [32m200[0m 4.372 ms - 39[0m
[0mOPTIONS /api/auth/seller/profile-details [32m204[0m 0.467 ms - 0[0m
[0mGET /api/auth/seller/profile-details [36m304[0m 4.009 ms - -[0m
[0mOPTIONS /api/auth/seller/profile-details [32m204[0m 4.621 ms - 0[0m
[0mGET /api/auth/seller/profile-details [36m304[0m 15.785 ms - -[0m
[0mOPTIONS /api/vendor/shop-create [32m204[0m 1.557 ms - 0[0m
[0mPOST /api/vendor/shop-create [33m400[0m 3.256 ms - 441[0m
[0mOPTIONS /api/vendor/shop-create [32m204[0m 0.408 ms - 0[0m
[0mPOST /api/vendor/shop-create [32m200[0m 32.056 ms - 54[0m
[0mOPTIONS /api/auth/seller/profile-details [32m204[0m 0.457 ms - 0[0m
[0mOPTIONS /api/vendor/shop-detail [32m204[0m 0.174 ms - 0[0m
[0mOPTIONS /api/auth/seller/profile-details [32m204[0m 0.270 ms - 0[0m
[0mOPTIONS /api/vendor/shop-detail [32m204[0m 0.131 ms - 0[0m
[0mGET /api/auth/seller/profile-details [32m200[0m 8.563 ms - 150[0m
[0mGET /api/vendor/shop-detail [32m200[0m 10.680 ms - 398[0m
[0mOPTIONS /api/auth/seller/profile-details [32m204[0m 0.274 ms - 0[0m
[0mOPTIONS /api/seller/product/list [32m204[0m 0.190 ms - 0[0m
[0mGET /api/auth/seller/profile-details [36m304[0m 7.327 ms - -[0m
[0mPOST /api/seller/product/list [32m200[0m 30.985 ms - 50410[0m
[0mGET /api/auth/seller/profile-details [36m304[0m 3.363 ms - -[0m
[0mOPTIONS /api/category/admin/main-list [32m204[0m 0.261 ms - 0[0m
[0mOPTIONS /api/seller/processor-list [32m204[0m 0.126 ms - 0[0m
[0mOPTIONS /api/seller/brand/list [32m204[0m 0.238 ms - 0[0m
[0mOPTIONS /api/product/color/list [32m204[0m 0.129 ms - 0[0m
[0mGET /api/category/admin/main-list [36m304[0m 8.344 ms - -[0m
[0mGET /api/seller/brand/list [36m304[0m 7.386 ms - -[0m
[0mGET /api/seller/processor-list [36m304[0m 10.290 ms - -[0m
[0mGET /api/product/color/list [36m304[0m 7.602 ms - -[0m
[0mOPTIONS /api/auth/seller/profile-details [32m204[0m 0.229 ms - 0[0m
[0mOPTIONS /api/seller/product/list [32m204[0m 0.113 ms - 0[0m
[0mPOST /api/seller/product/list [32m200[0m 19.354 ms - 50410[0m
[0mOPTIONS /api/category/admin/main-list [32m204[0m 0.387 ms - 0[0m
[0mOPTIONS /api/seller/processor-list [32m204[0m 0.909 ms - 0[0m
[0mOPTIONS /api/seller/brand/list [32m204[0m 0.243 ms - 0[0m
[0mOPTIONS /api/product/color/list [32m204[0m 0.162 ms - 0[0m
[0mGET /api/category/admin/main-list [36m304[0m 8.632 ms - -[0m
[0mGET /api/seller/brand/list [36m304[0m 7.216 ms - -[0m
[0mGET /api/seller/processor-list [36m304[0m 7.642 ms - -[0m
[0mGET /api/product/color/list [36m304[0m 7.245 ms - -[0m
[0mGET /api/seller/processor-list [36m304[0m 7.772 ms - -[0m
[0mGET /api/seller/brand/list [36m304[0m 7.901 ms - -[0m
[0mGET /api/product/color/list [36m304[0m 7.768 ms - -[0m
[0mGET /api/seller/processor-list [36m304[0m 4.334 ms - -[0m
[0mGET /api/seller/brand/list [36m304[0m 4.589 ms - -[0m
[0mGET /api/product/color/list [36m304[0m 4.559 ms - -[0m
[0mGET /api/seller/processor-list [36m304[0m 4.237 ms - -[0m
[0mGET /api/seller/brand/list [36m304[0m 3.617 ms - -[0m
[0mGET /api/product/color/list [36m304[0m 7.191 ms - -[0m
[0mGET /api/seller/processor-list [36m304[0m 6.050 ms - -[0m
[0mGET /api/product/color/list [36m304[0m 6.012 ms - -[0m
[0mGET /api/seller/brand/list [36m304[0m 6.641 ms - -[0m
[0mGET /api/seller/processor-list [36m304[0m 3.164 ms - -[0m
[0mGET /api/seller/brand/list [36m304[0m 6.659 ms - -[0m
[0mGET /api/product/color/list [36m304[0m 6.560 ms - -[0m
[0mGET /api/seller/processor-list [36m304[0m 3.451 ms - -[0m
[0mGET /api/seller/brand/list [36m304[0m 3.718 ms - -[0m
[0mGET /api/product/color/list [36m304[0m 4.265 ms - -[0m
[0mOPTIONS /api/seller/product/list-by-id [32m204[0m 0.224 ms - 0[0m
[0mGET /api/seller/processor-list [36m304[0m 8.585 ms - -[0m
[0mGET /api/product/color/list [36m304[0m 10.252 ms - -[0m
[0mGET /api/seller/brand/list [36m304[0m 10.788 ms - -[0m
[0mPOST /api/seller/product/list-by-id [32m200[0m 10.027 ms - 3963[0m
[0mOPTIONS /api/auth/seller/profile-details [32m204[0m 1.109 ms - 0[0m
[0mOPTIONS /api/category/admin/main-list [32m204[0m 0.255 ms - 0[0m
[0mOPTIONS /api/seller/processor-list [32m204[0m 0.142 ms - 0[0m
[0mOPTIONS /api/seller/brand/list [32m204[0m 0.126 ms - 0[0m
[0mOPTIONS /api/product/color/list [32m204[0m 1.814 ms - 0[0m
[0mGET /api/auth/seller/profile-details [36m304[0m 42.262 ms - -[0m
[0mGET /api/category/admin/main-list [36m304[0m 25.452 ms - -[0m
[0mGET /api/seller/brand/list [36m304[0m 25.787 ms - -[0m
[0mGET /api/seller/processor-list [36m304[0m 26.648 ms - -[0m
[0mGET /api/product/color/list [36m304[0m 28.529 ms - -[0m
[0mGET /api/seller/brand/list [36m304[0m 10.599 ms - -[0m
[0mGET /api/product/color/list [36m304[0m 9.371 ms - -[0m
[0mGET /api/seller/processor-list [36m304[0m 10.127 ms - -[0m
[0mGET /api/seller/processor-list [36m304[0m 5.186 ms - -[0m
[0mGET /api/seller/brand/list [36m304[0m 6.773 ms - -[0m
[0mGET /api/product/color/list [36m304[0m 6.557 ms - -[0m
[0mGET /api/seller/processor-list [36m304[0m 5.053 ms - -[0m
[0mGET /api/seller/brand/list [36m304[0m 29.930 ms - -[0m
[0mGET /api/product/color/list [36m304[0m 29.832 ms - -[0m
[0mGET /api/seller/processor-list [36m304[0m 11.420 ms - -[0m
[0mGET /api/product/color/list [36m304[0m 5.721 ms - -[0m
[0mGET /api/seller/brand/list [36m304[0m 8.669 ms - -[0m
[0mGET /api/seller/processor-list [36m304[0m 5.279 ms - -[0m
[0mGET /api/product/color/list [36m304[0m 5.953 ms - -[0m
[0mGET /api/seller/brand/list [36m304[0m 5.496 ms - -[0m
[0mGET /api/seller/processor-list [36m304[0m 6.329 ms - -[0m
[0mGET /api/seller/brand/list [36m304[0m 3.464 ms - -[0m
[0mOPTIONS /api/seller/product/list-by-id [32m204[0m 0.163 ms - 0[0m
[0mGET /api/product/color/list [36m304[0m 6.711 ms - -[0m
[0mGET /api/seller/processor-list [36m304[0m 6.257 ms - -[0m
[0mGET /api/seller/brand/list [36m304[0m 5.956 ms - -[0m
[0mPOST /api/seller/product/list-by-id [32m200[0m 6.336 ms - 3963[0m
[0mGET /api/product/color/list [36m304[0m 5.812 ms - -[0m
[0mOPTIONS /api/auth/seller/profile-details [32m204[0m 1.181 ms - 0[0m
[0mOPTIONS /api/category/admin/main-list [32m204[0m 0.247 ms - 0[0m
[0mGET /api/auth/seller/profile-details [36m304[0m 10.937 ms - -[0m
[0mOPTIONS /api/seller/processor-list [32m204[0m 0.257 ms - 0[0m
[0mOPTIONS /api/product/color/list [32m204[0m 0.304 ms - 0[0m
[0mOPTIONS /api/seller/brand/list [32m204[0m 0.174 ms - 0[0m
[0mGET /api/seller/processor-list [36m304[0m 15.989 ms - -[0m
[0mGET /api/category/admin/main-list [36m304[0m 18.898 ms - -[0m
[0mGET /api/product/color/list [36m304[0m 18.665 ms - -[0m
[0mGET /api/seller/brand/list [36m304[0m 19.259 ms - -[0m
[0mGET /api/seller/processor-list [36m304[0m 7.850 ms - -[0m
[0mGET /api/seller/brand/list [36m304[0m 12.432 ms - -[0m
[0mGET /api/product/color/list [36m304[0m 11.868 ms - -[0m
[0mGET /api/seller/processor-list [36m304[0m 6.478 ms - -[0m
[0mGET /api/seller/brand/list [36m304[0m 3.471 ms - -[0m
[0mGET /api/product/color/list [36m304[0m 3.952 ms - -[0m
[0mGET /api/seller/processor-list [36m304[0m 7.279 ms - -[0m
[0mGET /api/seller/brand/list [36m304[0m 7.321 ms - -[0m
[0mGET /api/product/color/list [36m304[0m 3.753 ms - -[0m
[0mGET /api/seller/brand/list [36m304[0m 2.217 ms - -[0m
[0mGET /api/product/color/list [36m304[0m 2.476 ms - -[0m
[0mGET /api/seller/processor-list [36m304[0m 3.890 ms - -[0m
[0mGET /api/seller/processor-list [36m304[0m 3.229 ms - -[0m
[0mGET /api/seller/brand/list [36m304[0m 4.653 ms - -[0m
[0mGET /api/product/color/list [36m304[0m 4.505 ms - -[0m
[0mGET /api/seller/processor-list [36m304[0m 2.733 ms - -[0m
[0mGET /api/seller/brand/list [36m304[0m 3.417 ms - -[0m
[0mGET /api/product/color/list [36m304[0m 3.855 ms - -[0m
[0mGET /api/seller/processor-list [36m304[0m 11.963 ms - -[0m
[0mGET /api/product/color/list [36m304[0m 8.908 ms - -[0m
[0mGET /api/seller/brand/list [36m304[0m 10.990 ms - -[0m
[0mOPTIONS /api/seller/product/list-by-id [32m204[0m 0.267 ms - 0[0m
[0mPOST /api/seller/product/list-by-id [32m200[0m 7.198 ms - 3963[0m
[0mOPTIONS /api/auth/seller/profile-details [32m204[0m 0.926 ms - 0[0m
[0mGET /api/auth/seller/profile-details [36m304[0m 4.875 ms - -[0m
[0mOPTIONS /api/category/admin/main-list [32m204[0m 0.246 ms - 0[0m
[0mOPTIONS /api/seller/processor-list [32m204[0m 0.154 ms - 0[0m
[0mOPTIONS /api/seller/brand/list [32m204[0m 0.130 ms - 0[0m
[0mOPTIONS /api/product/color/list [32m204[0m 3.091 ms - 0[0m
[0mGET /api/category/admin/main-list [36m304[0m 11.511 ms - -[0m
[0mGET /api/seller/processor-list [36m304[0m 11.308 ms - -[0m
[0mGET /api/seller/brand/list [36m304[0m 7.568 ms - -[0m
[0mGET /api/product/color/list [36m304[0m 6.418 ms - -[0m
[0mGET /api/seller/processor-list [36m304[0m 3.894 ms - -[0m
[0mGET /api/seller/brand/list [36m304[0m 2.902 ms - -[0m
[0mGET /api/product/color/list [36m304[0m 3.645 ms - -[0m
[0mGET /api/seller/processor-list [36m304[0m 2.397 ms - -[0m
[0mGET /api/seller/brand/list [36m304[0m 7.019 ms - -[0m
[0mGET /api/product/color/list [36m304[0m 7.171 ms - -[0m
[0mGET /api/seller/processor-list [36m304[0m 4.003 ms - -[0m
[0mGET /api/seller/brand/list [36m304[0m 4.905 ms - -[0m
[0mGET /api/product/color/list [36m304[0m 4.681 ms - -[0m
[0mGET /api/seller/processor-list [36m304[0m 2.706 ms - -[0m
[0mGET /api/seller/brand/list [36m304[0m 2.824 ms - -[0m
[0mGET /api/product/color/list [36m304[0m 2.654 ms - -[0m
[0mGET /api/seller/processor-list [36m304[0m 2.603 ms - -[0m
[0mGET /api/seller/brand/list [36m304[0m 3.071 ms - -[0m
[0mGET /api/product/color/list [36m304[0m 3.271 ms - -[0m
[0mGET /api/seller/processor-list [36m304[0m 3.557 ms - -[0m
[0mGET /api/seller/brand/list [36m304[0m 3.196 ms - -[0m
[0mGET /api/product/color/list [36m304[0m 3.653 ms - -[0m
[0mGET /api/seller/processor-list [36m304[0m 2.283 ms - -[0m
[0mGET /api/seller/brand/list [36m304[0m 2.978 ms - -[0m
[0mGET /api/product/color/list [36m304[0m 2.940 ms - -[0m
[0mOPTIONS /api/seller/product/list-by-id [32m204[0m 0.206 ms - 0[0m
[0mPOST /api/seller/product/list-by-id [32m200[0m 4.091 ms - 3963[0m
[0mOPTIONS /api/auth/seller/profile-details [32m204[0m 3.603 ms - 0[0m
[0mOPTIONS /api/product/color/list [32m204[0m 0.583 ms - 0[0m
[0mOPTIONS /api/category/admin/main-list [32m204[0m 3.514 ms - 0[0m
[0mOPTIONS /api/seller/processor-list [32m204[0m 0.338 ms - 0[0m
[0mOPTIONS /api/seller/brand/list [32m204[0m 0.246 ms - 0[0m
[0mGET /api/auth/seller/profile-details [36m304[0m 32.024 ms - -[0m
[0mGET /api/product/color/list [36m304[0m 38.063 ms - -[0m
[0mGET /api/category/admin/main-list [36m304[0m 33.399 ms - -[0m
[0mGET /api/seller/processor-list [36m304[0m 35.006 ms - -[0m
[0mGET /api/seller/brand/list [36m304[0m 34.353 ms - -[0m
[0mGET /api/product/color/list [36m304[0m 12.907 ms - -[0m
[0mGET /api/seller/brand/list [36m304[0m 7.457 ms - -[0m
[0mGET /api/seller/processor-list [36m304[0m 9.424 ms - -[0m
[0mGET /api/seller/brand/list [36m304[0m 6.897 ms - -[0m
[0mGET /api/seller/processor-list [36m304[0m 8.716 ms - -[0m
[0mGET /api/product/color/list [36m304[0m 5.905 ms - -[0m
[0mGET /api/seller/processor-list [36m304[0m 8.734 ms - -[0m
[0mGET /api/seller/brand/list [36m304[0m 17.118 ms - -[0m
[0mGET /api/product/color/list [36m304[0m 17.971 ms - -[0m
[0mGET /api/seller/processor-list [36m304[0m 14.269 ms - -[0m
[0mGET /api/seller/brand/list [36m304[0m 10.521 ms - -[0m
[0mGET /api/product/color/list [36m304[0m 7.326 ms - -[0m
[0mGET /api/seller/processor-list [36m304[0m 17.223 ms - -[0m
[0mGET /api/product/color/list [36m304[0m 14.456 ms - -[0m
[0mGET /api/seller/brand/list [36m304[0m 17.329 ms - -[0m
[0mGET /api/seller/processor-list [36m304[0m 8.107 ms - -[0m
[0mGET /api/product/color/list [36m304[0m 6.870 ms - -[0m
[0mGET /api/seller/brand/list [36m304[0m 7.571 ms - -[0m
[0mGET /api/seller/processor-list [36m304[0m 6.116 ms - -[0m
[0mGET /api/seller/brand/list [36m304[0m 6.613 ms - -[0m
[0mGET /api/product/color/list [36m304[0m 5.814 ms - -[0m
[0mOPTIONS /api/seller/product/list-by-id [32m204[0m 0.270 ms - 0[0m
[0mPOST /api/seller/product/list-by-id [32m200[0m 23.848 ms - 3963[0m
[0mOPTIONS /api/seller/product/update [32m204[0m 2.954 ms - 0[0m
[0mPUT /api/seller/product/update [32m200[0m 58.997 ms - 70[0m
[0mOPTIONS /api/auth/seller/profile-details [32m204[0m 0.318 ms - 0[0m
[0mOPTIONS /api/seller/product/list [32m204[0m 0.236 ms - 0[0m
[0mGET /api/auth/seller/profile-details [36m304[0m 15.624 ms - -[0m
[0mPOST /api/seller/product/list [32m200[0m 34.123 ms - 50410[0m
[0mOPTIONS /api/category/admin/main-list [32m204[0m 0.448 ms - 0[0m
[0mOPTIONS /api/seller/processor-list [32m204[0m 0.295 ms - 0[0m
[0mOPTIONS /api/seller/brand/list [32m204[0m 0.271 ms - 0[0m
[0mOPTIONS /api/product/color/list [32m204[0m 0.260 ms - 0[0m
[0mGET /api/category/admin/main-list [36m304[0m 8.258 ms - -[0m
[0mGET /api/seller/processor-list [36m304[0m 6.716 ms - -[0m
[0mGET /api/product/color/list [36m304[0m 8.782 ms - -[0m
[0mGET /api/seller/brand/list [36m304[0m 8.122 ms - -[0m
[0mGET /api/seller/processor-list [36m304[0m 4.885 ms - -[0m
[0mGET /api/seller/brand/list [36m304[0m 4.241 ms - -[0m
[0mGET /api/product/color/list [36m304[0m 4.853 ms - -[0m
[0mGET /api/seller/processor-list [36m304[0m 3.607 ms - -[0m
[0mGET /api/seller/brand/list [36m304[0m 3.819 ms - -[0m
[0mGET /api/product/color/list [36m304[0m 3.752 ms - -[0m
[0mGET /api/seller/processor-list [36m304[0m 2.906 ms - -[0m
[0mGET /api/seller/brand/list [36m304[0m 3.559 ms - -[0m
[0mGET /api/product/color/list [36m304[0m 3.608 ms - -[0m
[0mGET /api/seller/processor-list [36m304[0m 3.439 ms - -[0m
[0mGET /api/seller/brand/list [36m304[0m 3.696 ms - -[0m
[0mGET /api/product/color/list [36m304[0m 3.684 ms - -[0m
[0mGET /api/seller/processor-list [36m304[0m 6.109 ms - -[0m
[0mGET /api/seller/brand/list [36m304[0m 7.744 ms - -[0m
[0mGET /api/product/color/list [36m304[0m 7.585 ms - -[0m
[0mGET /api/seller/processor-list [36m304[0m 3.631 ms - -[0m
[0mGET /api/seller/brand/list [36m304[0m 5.401 ms - -[0m
[0mGET /api/product/color/list [36m304[0m 5.472 ms - -[0m
[0mGET /api/seller/processor-list [36m304[0m 4.737 ms - -[0m
[0mGET /api/seller/brand/list [36m304[0m 4.959 ms - -[0m
[0mGET /api/product/color/list [36m304[0m 4.667 ms - -[0m
[0mOPTIONS /api/seller/product/list-by-id [32m204[0m 0.258 ms - 0[0m
[0mPOST /api/seller/product/list-by-id [32m200[0m 9.378 ms - 3963[0m
[0mOPTIONS /api/seller/product/update [32m204[0m 0.357 ms - 0[0m
[0mPUT /api/seller/product/update [32m200[0m 15.975 ms - 70[0m
[0mOPTIONS /api/auth/seller/profile-details [32m204[0m 0.263 ms - 0[0m
[0mOPTIONS /api/seller/product/list [32m204[0m 0.961 ms - 0[0m
[0mGET /api/auth/seller/profile-details [36m304[0m 14.956 ms - -[0m
[0mPOST /api/seller/product/list [32m200[0m 26.589 ms - 50412[0m
[0mOPTIONS /api/category/admin/main-list [32m204[0m 0.343 ms - 0[0m
[0mOPTIONS /api/seller/processor-list [32m204[0m 0.206 ms - 0[0m
[0mOPTIONS /api/seller/brand/list [32m204[0m 0.141 ms - 0[0m
[0mOPTIONS /api/product/color/list [32m204[0m 0.117 ms - 0[0m
[0mGET /api/seller/processor-list [36m304[0m 3.312 ms - -[0m
[0mGET /api/category/admin/main-list [36m304[0m 5.067 ms - -[0m
[0mGET /api/product/color/list [36m304[0m 5.196 ms - -[0m
[0mGET /api/seller/brand/list [36m304[0m 5.900 ms - -[0m
[0mGET /api/seller/processor-list [36m304[0m 4.074 ms - -[0m
[0mOPTIONS /api/seller/product/list-by-id [32m204[0m 0.212 ms - 0[0m
[0mGET /api/product/color/list [36m304[0m 4.385 ms - -[0m
[0mGET /api/seller/brand/list [36m304[0m 4.236 ms - -[0m
[0mPOST /api/seller/product/list-by-id [32m200[0m 4.857 ms - 340[0m
[0mOPTIONS /api/seller/product/update [32m204[0m 0.439 ms - 0[0m
[0mPUT /api/seller/product/update [32m200[0m 13.661 ms - 70[0m
[0mOPTIONS /api/auth/seller/profile-details [32m204[0m 0.406 ms - 0[0m
[0mOPTIONS /api/seller/product/list [32m204[0m 0.141 ms - 0[0m
[0mGET /api/auth/seller/profile-details [36m304[0m 3.402 ms - -[0m
[0mPOST /api/seller/product/list [32m200[0m 13.172 ms - 50403[0m
[0mGET /api/website/product/detail?productId=22&slug=iphone-7-plus-with-facetime-matt-black-128gb-4g-lte-renewed [32m200[0m 39.801 ms - 3290[0m
[0mGET /api/website/product/detail?productId=22&slug=iphone-7-plus-with-facetime-matt-black-128gb-4g-lte-renewed [32m200[0m 43.412 ms - 3290[0m
[0mGET /api/website/product/detail?productId=22&slug=iphone-7-plus-with-facetime-matt-black-128gb-4g-lte-renewed [32m200[0m 52.882 ms - 3332[0m
[0mOPTIONS /api/category/admin/main-list [32m204[0m 7.153 ms - 0[0m
[0mOPTIONS /api/seller/processor-list [32m204[0m 0.575 ms - 0[0m
[0mOPTIONS /api/seller/brand/list [32m204[0m 0.187 ms - 0[0m
[0mOPTIONS /api/product/color/list [32m204[0m 0.169 ms - 0[0m
[0mOPTIONS /api/seller/processor-list [32m204[0m 0.492 ms - 0[0m
[0mOPTIONS /api/seller/brand/list [32m204[0m 0.252 ms - 0[0m
[0mOPTIONS /api/product/color/list [32m204[0m 0.232 ms - 0[0m
[0mGET /api/seller/brand/list [36m304[0m 18.639 ms - -[0m
[0mGET /api/category/admin/main-list [36m304[0m 22.883 ms - -[0m
[0mGET /api/seller/processor-list [36m304[0m 20.792 ms - -[0m
[0mGET /api/product/color/list [36m304[0m 19.500 ms - -[0m
[0mGET /api/seller/brand/list [36m304[0m 12.390 ms - -[0m
[0mGET /api/seller/processor-list [36m304[0m 11.187 ms - -[0m
[0mGET /api/product/color/list [36m304[0m 9.616 ms - -[0m
[0mGET /api/seller/brand/list [36m304[0m 7.887 ms - -[0m
[0mGET /api/seller/processor-list [36m304[0m 8.823 ms - -[0m
[0mGET /api/product/color/list [36m304[0m 11.244 ms - -[0m
[0mOPTIONS /api/seller/product/list-by-id [32m204[0m 0.369 ms - 0[0m
[0mGET /api/seller/brand/list [36m304[0m 10.751 ms - -[0m
[0mGET /api/seller/processor-list [36m304[0m 15.152 ms - -[0m
[0mGET /api/product/color/list [36m304[0m 18.288 ms - -[0m
[0mGET /api/seller/brand/list [36m304[0m 9.128 ms - -[0m
[0mPOST /api/seller/product/list-by-id [32m200[0m 22.249 ms - 3963[0m
[0mGET /api/seller/processor-list [36m304[0m 11.176 ms - -[0m
[0mGET /api/product/color/list [36m304[0m 8.952 ms - -[0m
[0mGET /api/seller/brand/list [36m304[0m 5.951 ms - -[0m
[0mGET /api/seller/processor-list [36m304[0m 4.946 ms - -[0m
[0mGET /api/product/color/list [36m304[0m 10.465 ms - -[0m
[0mGET /api/seller/brand/list [36m304[0m 11.252 ms - -[0m
[0mGET /api/seller/processor-list [36m304[0m 7.541 ms - -[0m
[0mGET /api/product/color/list [36m304[0m 8.937 ms - -[0m
[0mGET /api/seller/brand/list [36m304[0m 8.625 ms - -[0m
[0mGET /api/seller/processor-list [36m304[0m 8.689 ms - -[0m
[0mGET /api/product/color/list [36m304[0m 6.788 ms - -[0m
[0mOPTIONS /api/seller/product/update [32m204[0m 0.685 ms - 0[0m
[0mPUT /api/seller/product/update [32m200[0m 40.270 ms - 70[0m
[0mOPTIONS /api/auth/seller/profile-details [32m204[0m 0.791 ms - 0[0m
[0mOPTIONS /api/seller/product/list [32m204[0m 0.142 ms - 0[0m
[0mGET /api/auth/seller/profile-details [36m304[0m 8.132 ms - -[0m
[0mPOST /api/seller/product/list [32m200[0m 29.611 ms - 50392[0m
[0mOPTIONS /api/category/admin/main-list [32m204[0m 0.416 ms - 0[0m
[0mOPTIONS /api/seller/processor-list [32m204[0m 0.188 ms - 0[0m
[0mOPTIONS /api/seller/brand/list [32m204[0m 0.138 ms - 0[0m
[0mOPTIONS /api/product/color/list [32m204[0m 0.124 ms - 0[0m
[0mGET /api/seller/processor-list [36m304[0m 3.306 ms - -[0m
[0mGET /api/category/admin/main-list [36m304[0m 4.437 ms - -[0m
[0mGET /api/seller/brand/list [36m304[0m 5.747 ms - -[0m
[0mGET /api/product/color/list [36m304[0m 5.547 ms - -[0m
[0mGET /api/seller/processor-list [36m304[0m 2.752 ms - -[0m
[0mGET /api/seller/brand/list [36m304[0m 2.901 ms - -[0m
[0mGET /api/product/color/list [36m304[0m 2.803 ms - -[0m
[0mGET /api/seller/processor-list [36m304[0m 3.547 ms - -[0m
[0mGET /api/seller/brand/list [36m304[0m 3.071 ms - -[0m
[0mGET /api/product/color/list [36m304[0m 2.851 ms - -[0m
[0mGET /api/seller/processor-list [36m304[0m 2.708 ms - -[0m
[0mGET /api/seller/brand/list [36m304[0m 3.778 ms - -[0m
[0mGET /api/product/color/list [36m304[0m 3.808 ms - -[0m
[0mGET /api/seller/processor-list [36m304[0m 2.781 ms - -[0m
[0mGET /api/seller/brand/list [36m304[0m 2.960 ms - -[0m
[0mGET /api/product/color/list [36m304[0m 2.695 ms - -[0m
[0mGET /api/seller/processor-list [36m304[0m 8.792 ms - -[0m
[0mGET /api/seller/brand/list [36m304[0m 8.575 ms - -[0m
[0mGET /api/product/color/list [36m304[0m 8.491 ms - -[0m
[0mGET /api/seller/processor-list [36m304[0m 3.001 ms - -[0m
[0mGET /api/seller/brand/list [36m304[0m 3.779 ms - -[0m
[0mGET /api/product/color/list [36m304[0m 3.687 ms - -[0m
[0mGET /api/seller/processor-list [36m304[0m 2.896 ms - -[0m
[0mGET /api/seller/brand/list [36m304[0m 3.427 ms - -[0m
[0mGET /api/product/color/list [36m304[0m 3.433 ms - -[0m
[0mOPTIONS /api/seller/product/list-by-id [32m204[0m 0.224 ms - 0[0m
[0mPOST /api/seller/product/list-by-id [32m200[0m 3.302 ms - 3963[0m
[0mGET /api/website/product/detail?productId=22&slug=iphone-7-plus-with-facetime-matt-black-128gb-4g-lte-renewed [32m200[0m 31.815 ms - 3312[0m
[0mGET /api/website/product/detail?productId=22&slug=iphone-7-plus-with-facetime-matt-black-128gb-4g-lte-renewed [32m200[0m 34.867 ms - 3312[0m
[0mOPTIONS /api/seller/product/list [32m204[0m 2.894 ms - 0[0m
[0mPOST /api/seller/product/list [32m200[0m 45.408 ms - 50392[0m
[0mOPTIONS /api/category/admin/main-list [32m204[0m 2.744 ms - 0[0m
[0mOPTIONS /api/seller/processor-list [32m204[0m 0.456 ms - 0[0m
[0mOPTIONS /api/seller/processor-list [32m204[0m 0.170 ms - 0[0m
[0mOPTIONS /api/seller/brand/list [32m204[0m 0.151 ms - 0[0m
[0mOPTIONS /api/product/color/list [32m204[0m 0.240 ms - 0[0m
[0mOPTIONS /api/seller/brand/list [32m204[0m 0.138 ms - 0[0m
[0mOPTIONS /api/product/color/list [32m204[0m 0.216 ms - 0[0m
[0mOPTIONS /api/seller/product/list-by-id [32m204[0m 0.266 ms - 0[0m
[0mGET /api/category/admin/main-list [36m304[0m 45.462 ms - -[0m
[0mGET /api/seller/processor-list [36m304[0m 46.512 ms - -[0m
[0mGET /api/seller/brand/list [36m304[0m 41.715 ms - -[0m
[0mGET /api/product/color/list [36m304[0m 40.764 ms - -[0m
[0mPOST /api/seller/product/list-by-id [32m200[0m 42.224 ms - 340[0m
[0mGET /api/seller/processor-list [36m304[0m 12.234 ms - -[0m
[0mGET /api/seller/brand/list [36m304[0m 10.663 ms - -[0m
[0mGET /api/product/color/list [36m304[0m 10.097 ms - -[0m
[0mOPTIONS /api/seller/product/update [32m204[0m 0.689 ms - 0[0m
[0mPUT /api/seller/product/update [32m200[0m 29.235 ms - 70[0m
[0mOPTIONS /api/auth/seller/profile-details [32m204[0m 0.490 ms - 0[0m
[0mOPTIONS /api/seller/product/list [32m204[0m 0.171 ms - 0[0m
[0mGET /api/auth/seller/profile-details [36m304[0m 37.570 ms - -[0m
[0mPOST /api/seller/product/list [32m200[0m 47.084 ms - 50403[0m
[0mOPTIONS /api/category/admin/main-list [32m204[0m 0.288 ms - 0[0m
[0mOPTIONS /api/seller/processor-list [32m204[0m 0.182 ms - 0[0m
[0mOPTIONS /api/product/color/list [32m204[0m 0.192 ms - 0[0m
[0mOPTIONS /api/seller/brand/list [32m204[0m 0.136 ms - 0[0m
[0mGET /api/category/admin/main-list [36m304[0m 4.805 ms - -[0m
[0mGET /api/seller/processor-list [36m304[0m 6.013 ms - -[0m
[0mGET /api/product/color/list [36m304[0m 5.542 ms - -[0m
[0mGET /api/seller/brand/list [36m304[0m 5.369 ms - -[0m
[0mOPTIONS /api/seller/product/list-by-id [32m204[0m 0.242 ms - 0[0m
[0mPOST /api/seller/product/list-by-id [32m200[0m 3.590 ms - 273[0m
[0mOPTIONS /api/seller/product/update [32m204[0m 0.405 ms - 0[0m
[0mPUT /api/seller/product/update [32m200[0m 10.817 ms - 70[0m
[0mOPTIONS /api/auth/seller/profile-details [32m204[0m 0.251 ms - 0[0m
[0mOPTIONS /api/seller/product/list [32m204[0m 0.135 ms - 0[0m
[0mGET /api/auth/seller/profile-details [36m304[0m 5.355 ms - -[0m
[0mPOST /api/seller/product/list [32m200[0m 15.123 ms - 50410[0m
[0mOPTIONS /api/customer/getUserByEmailId [32m204[0m 0.325 ms - 0[0m
[0mGET /api/website/category/list [36m304[0m 29.299 ms - -[0m
[0mOPTIONS /api/customer/getUserByEmailId [32m204[0m 1.135 ms - 0[0m
[0mOPTIONS /api/customer/getUserByEmailId [32m204[0m 0.483 ms - 0[0m
[0mGET /api/website/image/banner?type=0 [36m304[0m 32.528 ms - -[0m
[0mGET /api/website/image/banner?type=3 [36m304[0m 28.043 ms - -[0m
[0mGET /api/website/image/banner?type=4 [36m304[0m 19.625 ms - -[0m
[0mGET /api/website/image/banner?type=2 [36m304[0m 31.251 ms - -[0m
[0mGET /api/website/popular/category-list [36m304[0m 15.254 ms - -[0m
[0mGET /api/website/brand-list [36m304[0m 15.482 ms - -[0m
[0mGET /api/website/flash-sale [36m304[0m 20.114 ms - -[0m
[0mGET /api/customer/getUserByEmailId [33m403[0m 13.076 ms - 36[0m
[0mGET /api/website/product/new-arrival [36m304[0m 26.892 ms - -[0m
[0mGET /api/website/category/list [36m304[0m 12.446 ms - -[0m
[0mGET /api/customer/getUserByEmailId [33m403[0m 2.267 ms - 36[0m
[0mGET /api/customer/getUserByEmailId [33m403[0m 2.789 ms - 36[0m
[0mGET /api/website/catalog/product/search?filter_category=mobile-phone [36m304[0m 32.360 ms - -[0m
[0mGET /api/website/product/detail?productId=22&slug=iphone-7-plus-with-facetime-matt-black-128gb-4g-lte-renewed [32m200[0m 79.743 ms - 3312[0m
[0mGET /api/website/relatedProduct?productId=22&slug=iphone-7-plus-with-facetime-matt-black-128gb-4g-lte-renewed [36m304[0m 82.921 ms - -[0m
[0mGET /api/website/category/list [36m304[0m 25.111 ms - -[0m
[0mGET /api/website/relatedProduct?productId=22&slug=iphone-7-plus-with-facetime-matt-black-128gb-4g-lte-renewed [36m304[0m 55.602 ms - -[0m
[0mGET /api/website/product/detail?productId=22&slug=iphone-7-plus-with-facetime-matt-black-128gb-4g-lte-renewed [36m304[0m 59.596 ms - -[0m
[0mGET /api/website/image/banner?type=0 [36m304[0m 19.907 ms - -[0m
[0mGET /api/website/category/list [36m304[0m 19.673 ms - -[0m
[0mGET /api/website/image/banner?type=2 [36m304[0m 16.488 ms - -[0m
[0mGET /api/website/image/banner?type=3 [36m304[0m 24.811 ms - -[0m
[0mGET /api/website/image/banner?type=4 [36m304[0m 44.811 ms - -[0m
[0mGET /api/website/brand-list [36m304[0m 34.928 ms - -[0m
[0mGET /api/website/popular/category-list [36m304[0m 53.988 ms - -[0m
[0mGET /api/website/product/new-arrival [36m304[0m 40.576 ms - -[0m
[0mGET /api/website/flash-sale [36m304[0m 34.035 ms - -[0m
[0mGET /api/website/category/list [36m304[0m 15.836 ms - -[0m
[0mGET /api/website/catalog/product/search?filter_category=mobile-phone [36m304[0m 45.963 ms - -[0m
[0mGET /api/website/product/detail?productId=2&slug=iphone-13-128gb-midnight-5g-with-facetime-international-specs [32m200[0m 21.050 ms - 1929[0m
[0mGET /api/website/relatedProduct?productId=2&slug=iphone-13-128gb-midnight-5g-with-facetime-international-specs [32m200[0m 30.615 ms - 4320[0m
[0mGET /api/website/product/detail?productId=22&slug=iphone-13-128gb-midnight-5g-with-facetime-international-specs [32m200[0m 24.282 ms - 62[0m
[0mGET /api/website/category/list [36m304[0m 31.494 ms - -[0m
[0mGET /api/website/product/detail?productId=2&slug=iphone-13-128gb-midnight-5g-with-facetime-international-specs [36m304[0m 52.807 ms - -[0m
[0mGET /api/website/relatedProduct?productId=2&slug=iphone-13-128gb-midnight-5g-with-facetime-international-specs [36m304[0m 50.635 ms - -[0m
[0mGET /api/website/product/detail?productId=2&slug=iphone-13-128gb-midnight-5g-with-facetime-international-specs [32m200[0m 28.236 ms - 1929[0m
[0mGET /api/website/product/detail?productId=2&slug=iphone-13-128gb-midnight-5g-with-facetime-international-specs [32m200[0m 53.099 ms - 1929[0m
[0mGET /api/website/product/detail?productId=2&slug=iphone-13-128gb-midnight-5g-with-facetime-international-specs [32m200[0m 49.808 ms - 1929[0m
[0mOPTIONS /api/auth/seller/login [32m204[0m 4.493 ms - 0[0m
[0mPOST /api/auth/seller/login [32m200[0m 279.772 ms - 212[0m
[0mOPTIONS /api/auth/seller/profile-details [32m204[0m 0.662 ms - 0[0m
[0mOPTIONS /api/seller/dasbhoard/list [32m204[0m 0.184 ms - 0[0m
[0mGET /api/auth/seller/profile-details [36m304[0m 8.705 ms - -[0m
[0mGET /api/seller/dasbhoard/list [36m304[0m 10.870 ms - -[0m
[0mOPTIONS /api/seller/product/list [32m204[0m 0.229 ms - 0[0m
[0mGET /api/auth/seller/profile-details [36m304[0m 9.734 ms - -[0m
[0mPOST /api/seller/product/list [32m200[0m 27.906 ms - 50410[0m
[0mOPTIONS /api/category/admin/main-list [32m204[0m 0.356 ms - 0[0m
[0mOPTIONS /api/seller/processor-list [32m204[0m 0.166 ms - 0[0m
[0mOPTIONS /api/seller/brand/list [32m204[0m 0.200 ms - 0[0m
[0mOPTIONS /api/product/color/list [32m204[0m 0.303 ms - 0[0m
[0mGET /api/category/admin/main-list [36m304[0m 9.410 ms - -[0m
[0mGET /api/seller/processor-list [36m304[0m 10.736 ms - -[0m
[0mGET /api/product/color/list [36m304[0m 12.276 ms - -[0m
[0mGET /api/seller/brand/list [36m304[0m 13.188 ms - -[0m
[0mOPTIONS /api/seller/product/list-by-id [32m204[0m 0.208 ms - 0[0m
[0mGET /api/seller/processor-list [36m304[0m 22.084 ms - -[0m
[0mGET /api/seller/brand/list [36m304[0m 11.634 ms - -[0m
[0mGET /api/product/color/list [36m304[0m 11.227 ms - -[0m
[0mPOST /api/seller/product/list-by-id [32m200[0m 11.642 ms - 340[0m
[0mOPTIONS /api/seller/product/update [32m204[0m 0.390 ms - 0[0m
[0mPUT /api/seller/product/update [32m200[0m 35.553 ms - 70[0m
[0mOPTIONS /api/auth/seller/profile-details [32m204[0m 0.383 ms - 0[0m
[0mOPTIONS /api/seller/product/list [32m204[0m 0.215 ms - 0[0m
[0mGET /api/auth/seller/profile-details [36m304[0m 5.841 ms - -[0m
[0mPOST /api/seller/product/list [32m200[0m 22.140 ms - 50399[0m
[0mOPTIONS /api/seller/product/list [32m204[0m 1.432 ms - 0[0m
[0mPOST /api/seller/product/list [32m200[0m 15.487 ms - 89[0m
[0mOPTIONS /api/seller/product/list [32m204[0m 0.638 ms - 0[0m
[0mPOST /api/seller/product/list [32m200[0m 27.567 ms - 50399[0m
[0mOPTIONS /api/category/admin/main-list [32m204[0m 0.748 ms - 0[0m
[0mOPTIONS /api/product/color/list [32m204[0m 0.192 ms - 0[0m
[0mOPTIONS /api/seller/processor-list [32m204[0m 0.138 ms - 0[0m
[0mOPTIONS /api/seller/brand/list [32m204[0m 0.117 ms - 0[0m
[0mGET /api/category/admin/main-list [36m304[0m 7.493 ms - -[0m
[0mGET /api/product/color/list [36m304[0m 6.924 ms - -[0m
[0mGET /api/seller/processor-list [36m304[0m 7.430 ms - -[0m
[0mGET /api/seller/brand/list [36m304[0m 8.412 ms - -[0m
[0mOPTIONS /api/seller/product/list-by-id [32m204[0m 0.255 ms - 0[0m
[0mPOST /api/seller/product/list-by-id [32m200[0m 3.139 ms - 273[0m
[0mOPTIONS /api/seller/product/update [32m204[0m 0.412 ms - 0[0m
[0mPUT /api/seller/product/update [32m200[0m 13.396 ms - 70[0m
[0mOPTIONS /api/auth/seller/profile-details [32m204[0m 0.289 ms - 0[0m
[0mOPTIONS /api/seller/product/list [32m204[0m 0.166 ms - 0[0m
[0mGET /api/auth/seller/profile-details [36m304[0m 4.428 ms - -[0m
[0mPOST /api/seller/product/list [32m200[0m 14.625 ms - 50400[0m
[0mOPTIONS /api/category/admin/main-list [32m204[0m 0.265 ms - 0[0m
[0mOPTIONS /api/seller/processor-list [32m204[0m 0.201 ms - 0[0m
[0mOPTIONS /api/seller/brand/list [32m204[0m 0.165 ms - 0[0m
[0mOPTIONS /api/product/color/list [32m204[0m 0.183 ms - 0[0m
[0mGET /api/seller/processor-list [36m304[0m 3.374 ms - -[0m
[0mGET /api/category/admin/main-list [36m304[0m 3.769 ms - -[0m
[0mGET /api/product/color/list [36m304[0m 5.217 ms - -[0m
[0mGET /api/seller/brand/list [36m304[0m 6.851 ms - -[0m
[0mOPTIONS /api/seller/product/list-by-id [32m204[0m 0.258 ms - 0[0m
[0mPOST /api/seller/product/list-by-id [32m200[0m 4.160 ms - 273[0m
[0mOPTIONS /api/seller/product/update [32m204[0m 0.329 ms - 0[0m
[0mPUT /api/seller/product/update [32m200[0m 11.634 ms - 70[0m
[0mOPTIONS /api/auth/seller/profile-details [32m204[0m 0.277 ms - 0[0m
[0mOPTIONS /api/seller/product/list [32m204[0m 0.418 ms - 0[0m
[0mGET /api/auth/seller/profile-details [36m304[0m 5.578 ms - -[0m
[0mPOST /api/seller/product/list [32m200[0m 24.723 ms - 50389[0m
[0mOPTIONS /api/category/admin/main-list [32m204[0m 0.366 ms - 0[0m
[0mOPTIONS /api/seller/processor-list [32m204[0m 0.145 ms - 0[0m
[0mOPTIONS /api/seller/brand/list [32m204[0m 0.355 ms - 0[0m
[0mOPTIONS /api/product/color/list [32m204[0m 0.177 ms - 0[0m
[0mGET /api/category/admin/main-list [36m304[0m 4.877 ms - -[0m
[0mGET /api/seller/processor-list [36m304[0m 4.270 ms - -[0m
[0mGET /api/seller/brand/list [36m304[0m 4.981 ms - -[0m
[0mGET /api/product/color/list [36m304[0m 4.819 ms - -[0m
[0mOPTIONS /api/seller/product/list-by-id [32m204[0m 0.223 ms - 0[0m
[0mPOST /api/seller/product/list-by-id [32m200[0m 2.611 ms - 273[0m
[0mOPTIONS /api/auth/seller/profile-details [32m204[0m 8.938 ms - 0[0m
[0mOPTIONS /api/category/admin/main-list [32m204[0m 0.323 ms - 0[0m
[0mOPTIONS /api/seller/processor-list [32m204[0m 0.172 ms - 0[0m
[0mOPTIONS /api/seller/brand/list [32m204[0m 0.154 ms - 0[0m
[0mOPTIONS /api/product/color/list [32m204[0m 0.381 ms - 0[0m
[0mOPTIONS /api/seller/product/list-by-id [32m204[0m 0.285 ms - 0[0m
[0mGET /api/auth/seller/profile-details [36m304[0m 66.996 ms - -[0m
[0mGET /api/seller/processor-list [36m304[0m 50.096 ms - -[0m
[0mGET /api/category/admin/main-list [36m304[0m 57.904 ms - -[0m
[0mGET /api/seller/brand/list [36m304[0m 53.108 ms - -[0m
[0mGET /api/product/color/list [36m304[0m 56.588 ms - -[0m
[0mPOST /api/seller/product/list-by-id [32m200[0m 52.138 ms - 273[0m
[0mOPTIONS /api/auth/seller/profile-details [32m204[0m 1.538 ms - 0[0m
[0mOPTIONS /api/category/admin/main-list [32m204[0m 0.325 ms - 0[0m
[0mOPTIONS /api/seller/processor-list [32m204[0m 0.228 ms - 0[0m
[0mGET /api/auth/seller/profile-details [36m304[0m 21.055 ms - -[0m
[0mOPTIONS /api/seller/brand/list [32m204[0m 1.014 ms - 0[0m
[0mOPTIONS /api/product/color/list [32m204[0m 0.347 ms - 0[0m
[0mGET /api/seller/processor-list [36m304[0m 19.241 ms - -[0m
[0mGET /api/category/admin/main-list [36m304[0m 20.695 ms - -[0m
[0mGET /api/seller/brand/list [36m304[0m 17.465 ms - -[0m
[0mGET /api/product/color/list [36m304[0m 17.032 ms - -[0m
[0mOPTIONS /api/seller/product/list-by-id [32m204[0m 0.269 ms - 0[0m
[0mPOST /api/seller/product/list-by-id [32m200[0m 4.311 ms - 273[0m
[0mOPTIONS /api/auth/seller/profile-details [32m204[0m 4.334 ms - 0[0m
[0mOPTIONS /api/category/admin/main-list [32m204[0m 0.721 ms - 0[0m
[0mOPTIONS /api/seller/processor-list [32m204[0m 0.452 ms - 0[0m
[0mOPTIONS /api/seller/brand/list [32m204[0m 4.838 ms - 0[0m
[0mOPTIONS /api/product/color/list [32m204[0m 0.334 ms - 0[0m
[0mOPTIONS /api/seller/product/list-by-id [32m204[0m 5.368 ms - 0[0m
[0mGET /api/auth/seller/profile-details [36m304[0m 64.209 ms - -[0m
[0mGET /api/seller/processor-list [36m304[0m 55.481 ms - -[0m
[0mGET /api/seller/brand/list [36m304[0m 56.352 ms - -[0m
[0mGET /api/category/admin/main-list [36m304[0m 67.165 ms - -[0m
[0mGET /api/product/color/list [36m304[0m 69.430 ms - -[0m
[0mPOST /api/seller/product/list-by-id [32m200[0m 57.855 ms - 273[0m
[0mOPTIONS /api/seller/product/list [32m204[0m 1.589 ms - 0[0m
[0mPOST /api/seller/product/list [32m200[0m 33.088 ms - 50389[0m
[0mOPTIONS /api/category/admin/main-list [32m204[0m 0.281 ms - 0[0m
[0mOPTIONS /api/seller/processor-list [32m204[0m 0.222 ms - 0[0m
[0mOPTIONS /api/seller/brand/list [32m204[0m 0.141 ms - 0[0m
[0mOPTIONS /api/product/color/list [32m204[0m 0.114 ms - 0[0m
[0mGET /api/category/admin/main-list [36m304[0m 7.080 ms - -[0m
[0mGET /api/seller/processor-list [36m304[0m 5.937 ms - -[0m
[0mGET /api/product/color/list [36m304[0m 7.527 ms - -[0m
[0mGET /api/seller/brand/list [36m304[0m 8.004 ms - -[0m
[0mGET /api/seller/processor-list [36m304[0m 7.301 ms - -[0m
[0mGET /api/seller/brand/list [36m304[0m 8.387 ms - -[0m
[0mGET /api/product/color/list [36m304[0m 8.580 ms - -[0m
[0mGET /api/seller/processor-list [36m304[0m 4.623 ms - -[0m
[0mGET /api/seller/brand/list [36m304[0m 3.129 ms - -[0m
[0mGET /api/product/color/list [36m304[0m 4.329 ms - -[0m
[0mGET /api/seller/processor-list [36m304[0m 3.594 ms - -[0m
[0mGET /api/seller/brand/list [36m304[0m 3.688 ms - -[0m
[0mGET /api/product/color/list [36m304[0m 3.550 ms - -[0m
[0mGET /api/seller/brand/list [36m304[0m 4.100 ms - -[0m
[0mGET /api/product/color/list [36m304[0m 3.980 ms - -[0m
[0mGET /api/seller/processor-list [36m304[0m 5.272 ms - -[0m
[0mGET /api/seller/processor-list [36m304[0m 3.436 ms - -[0m
[0mGET /api/product/color/list [36m304[0m 4.119 ms - -[0m
[0mGET /api/seller/brand/list [36m304[0m 4.516 ms - -[0m
[0mGET /api/seller/processor-list [36m304[0m 4.305 ms - -[0m
[0mGET /api/seller/brand/list [36m304[0m 4.024 ms - -[0m
[0mGET /api/product/color/list [36m304[0m 4.264 ms - -[0m
[0mGET /api/seller/processor-list [36m304[0m 4.110 ms - -[0m
[0mGET /api/product/color/list [36m304[0m 3.392 ms - -[0m
[0mGET /api/seller/brand/list [36m304[0m 4.085 ms - -[0m
[0mOPTIONS /api/seller/product/list-by-id [32m204[0m 0.199 ms - 0[0m
[0mPOST /api/seller/product/list-by-id [32m200[0m 3.915 ms - 3963[0m
[0mOPTIONS /api/auth/seller/profile-details [32m204[0m 0.393 ms - 0[0m
[0mGET /api/auth/seller/profile-details [32m200[0m 2.376 ms - 150[0m
[0mOPTIONS /api/category/admin/main-list [32m204[0m 0.835 ms - 0[0m
[0mOPTIONS /api/seller/processor-list [32m204[0m 0.163 ms - 0[0m
[0mOPTIONS /api/seller/brand/list [32m204[0m 0.140 ms - 0[0m
[0mOPTIONS /api/product/color/list [32m204[0m 0.174 ms - 0[0m
[0mGET /api/seller/processor-list [32m200[0m 2.389 ms - 49[0m
[0mGET /api/category/admin/main-list [32m200[0m 4.594 ms - 1915[0m
[0mGET /api/seller/brand/list [32m200[0m 4.157 ms - 2241[0m
[0mGET /api/product/color/list [32m200[0m 4.219 ms - 2712[0m
[0mOPTIONS /api/seller/processor-list [32m204[0m 0.804 ms - 0[0m
[0mOPTIONS /api/seller/brand/list [32m204[0m 0.164 ms - 0[0m
[0mOPTIONS /api/product/color/list [32m204[0m 0.131 ms - 0[0m
[0mGET /api/product/color/list [32m200[0m 2.705 ms - 2712[0m
[0mGET /api/seller/brand/list [32m200[0m 3.814 ms - 2241[0m
[0mGET /api/seller/processor-list [32m200[0m 4.731 ms - 49[0m
[0mOPTIONS /api/seller/processor-list [32m204[0m 0.431 ms - 0[0m
[0mOPTIONS /api/seller/brand/list [32m204[0m 0.556 ms - 0[0m
[0mOPTIONS /api/product/color/list [32m204[0m 0.407 ms - 0[0m
[0mOPTIONS /api/seller/processor-list [32m204[0m 0.207 ms - 0[0m
[0mOPTIONS /api/seller/brand/list [32m204[0m 0.427 ms - 0[0m
[0mOPTIONS /api/product/color/list [32m204[0m 0.149 ms - 0[0m
[0mGET /api/seller/processor-list [32m200[0m 18.382 ms - 49[0m
[0mOPTIONS /api/seller/processor-list [32m204[0m 0.543 ms - 0[0m
[0mOPTIONS /api/seller/brand/list [32m204[0m 0.254 ms - 0[0m
[0mGET /api/seller/brand/list [32m200[0m 15.562 ms - 2241[0m
[0mGET /api/product/color/list [32m200[0m 15.271 ms - 2712[0m
[0mGET /api/seller/processor-list [32m200[0m 12.370 ms - 49[0m
[0mOPTIONS /api/product/color/list [32m204[0m 0.288 ms - 0[0m
[0mOPTIONS /api/seller/processor-list [32m204[0m 0.150 ms - 0[0m
[0mGET /api/seller/brand/list [32m200[0m 19.392 ms - 2241[0m
[0mGET /api/product/color/list [32m200[0m 18.914 ms - 2712[0m
[0mOPTIONS /api/seller/brand/list [32m204[0m 1.715 ms - 0[0m
[0mOPTIONS /api/product/color/list [32m204[0m 0.239 ms - 0[0m
[0mOPTIONS /api/seller/processor-list [32m204[0m 0.110 ms - 0[0m
[0mOPTIONS /api/seller/brand/list [32m204[0m 0.147 ms - 0[0m
[0mOPTIONS /api/product/color/list [32m204[0m 0.103 ms - 0[0m
[0mGET /api/seller/processor-list [32m200[0m 15.102 ms - 49[0m
[0mGET /api/seller/brand/list [32m200[0m 12.603 ms - 2241[0m
[0mGET /api/product/color/list [32m200[0m 11.755 ms - 2712[0m
[0mGET /api/seller/processor-list [32m200[0m 10.745 ms - 49[0m
[0mOPTIONS /api/seller/processor-list [32m204[0m 0.158 ms - 0[0m
[0mGET /api/product/color/list [32m200[0m 10.132 ms - 2712[0m
[0mOPTIONS /api/seller/brand/list [32m204[0m 0.167 ms - 0[0m
[0mOPTIONS /api/product/color/list [32m204[0m 0.110 ms - 0[0m
[0mGET /api/seller/processor-list [32m200[0m 10.020 ms - 49[0m
[0mGET /api/seller/brand/list [32m200[0m 12.431 ms - 2241[0m
[0mOPTIONS /api/seller/product/list-by-id [32m204[0m 0.169 ms - 0[0m
[0mGET /api/seller/brand/list [32m200[0m 9.692 ms - 2241[0m
[0mGET /api/product/color/list [32m200[0m 9.174 ms - 2712[0m
[0mGET /api/seller/processor-list [32m200[0m 7.214 ms - 49[0m
[0mGET /api/seller/brand/list [32m200[0m 7.037 ms - 2241[0m
[0mGET /api/product/color/list [32m200[0m 6.954 ms - 2712[0m
[0mPOST /api/seller/product/list-by-id [32m200[0m 9.649 ms - 3963[0m
[0mOPTIONS /api/seller/product/list [32m204[0m 0.616 ms - 0[0m
[0mPOST /api/seller/product/list [32m200[0m 20.749 ms - 50389[0m
[0mOPTIONS /api/auth/seller/profile-details [32m204[0m 0.236 ms - 0[0m
[0mGET /api/auth/seller/profile-details [36m304[0m 2.614 ms - -[0m
[0mOPTIONS /api/category/admin/main-list [32m204[0m 0.204 ms - 0[0m
[0mOPTIONS /api/seller/processor-list [32m204[0m 0.215 ms - 0[0m
[0mOPTIONS /api/seller/brand/list [32m204[0m 0.172 ms - 0[0m
[0mOPTIONS /api/product/color/list [32m204[0m 0.114 ms - 0[0m
[0mGET /api/category/admin/main-list [36m304[0m 4.332 ms - -[0m
[0mGET /api/seller/processor-list [36m304[0m 4.244 ms - -[0m
[0mGET /api/seller/brand/list [36m304[0m 4.799 ms - -[0m
[0mGET /api/product/color/list [36m304[0m 3.335 ms - -[0m
[0mOPTIONS /api/auth/seller/profile-details [32m204[0m 1.047 ms - 0[0m
[0mOPTIONS /api/category/admin/main-list [32m204[0m 0.256 ms - 0[0m
[0mOPTIONS /api/seller/processor-list [32m204[0m 0.148 ms - 0[0m
[0mOPTIONS /api/seller/brand/list [32m204[0m 0.115 ms - 0[0m
[0mOPTIONS /api/product/color/list [32m204[0m 0.155 ms - 0[0m
[0mGET /api/auth/seller/profile-details [36m304[0m 23.770 ms - -[0m
[0mGET /api/seller/processor-list [36m304[0m 15.659 ms - -[0m
[0mGET /api/category/admin/main-list [36m304[0m 18.701 ms - -[0m
[0mGET /api/seller/brand/list [36m304[0m 18.569 ms - -[0m
[0mGET /api/product/color/list [36m304[0m 15.104 ms - -[0m
[0mOPTIONS /api/auth/seller/profile-details [32m204[0m 0.242 ms - 0[0m
[0mOPTIONS /api/seller/product/list [32m204[0m 0.152 ms - 0[0m
[0mPOST /api/seller/product/list [32m200[0m 12.272 ms - 50389[0m
[0mOPTIONS /api/customer/getUserByEmailId [32m204[0m 0.687 ms - 0[0m
[0mOPTIONS /api/customer/getUserByEmailId [32m204[0m 0.593 ms - 0[0m
[0mOPTIONS /api/customer/getUserByEmailId [32m204[0m 0.309 ms - 0[0m
[0mGET /api/website/image/banner?type=0 [36m304[0m 22.745 ms - -[0m
[0mGET /api/website/category/list [36m304[0m 46.929 ms - -[0m
[0mGET /api/website/image/banner?type=4 [36m304[0m 41.088 ms - -[0m
[0mGET /api/website/image/banner?type=2 [36m304[0m 47.747 ms - -[0m
[0mGET /api/website/image/banner?type=3 [36m304[0m 56.843 ms - -[0m
[0mGET /api/website/brand-list [36m304[0m 35.294 ms - -[0m
[0mGET /api/website/popular/category-list [36m304[0m 46.434 ms - -[0m
[0mGET /api/website/flash-sale [36m304[0m 24.392 ms - -[0m
[0mGET /api/website/product/new-arrival [36m304[0m 34.312 ms - -[0m
[0mGET /api/website/category/list [36m304[0m 15.173 ms - -[0m
[0mGET /api/customer/getUserByEmailId [33m403[0m 16.197 ms - 36[0m
[0mGET /api/customer/getUserByEmailId [33m403[0m 4.641 ms - 36[0m
[0mGET /api/customer/getUserByEmailId [33m403[0m 2.923 ms - 36[0m
[0mGET /api/website/catalog/product/search?filter_category=mobile-phone [36m304[0m 40.526 ms - -[0m
[0mGET /api/website/relatedProduct?productId=19&slug=apple-iphone-7-128-gb-matt-black-international-spec [32m200[0m 36.727 ms - 4320[0m
[0mGET /api/website/product/detail?productId=19&slug=apple-iphone-7-128-gb-matt-black-international-spec [32m200[0m 50.558 ms - 2510[0m
[0mGET /api/website/category/list [36m304[0m 33.733 ms - -[0m
[0mGET /api/website/product/detail?productId=19&slug=apple-iphone-7-128-gb-matt-black-international-spec [36m304[0m 62.300 ms - -[0m
[0mGET /api/website/relatedProduct?productId=19&slug=apple-iphone-7-128-gb-matt-black-international-spec [36m304[0m 67.168 ms - -[0m
[0mGET /api/website/category/list [36m304[0m 48.101 ms - -[0m
[0mGET /api/website/product/detail?productId=19&slug=apple-iphone-7-128-gb-matt-black-international-spec [36m304[0m 64.630 ms - -[0m
[0mGET /api/website/relatedProduct?productId=19&slug=apple-iphone-7-128-gb-matt-black-international-spec [36m304[0m 71.664 ms - -[0m
[0mGET /api/website/product/detail?productId=19&slug=apple-iphone-7-128-gb-matt-black-international-spec [36m304[0m 37.217 ms - -[0m
[0mGET /favicon.ico [33m404[0m 17.939 ms - 3274[0m
[0mGET /api/website/image/banner?type=0 [36m304[0m 20.785 ms - -[0m
[0mGET /api/website/category/list [36m304[0m 23.094 ms - -[0m
[0mGET /api/website/image/banner?type=2 [36m304[0m 20.105 ms - -[0m
[0mGET /api/website/image/banner?type=4 [36m304[0m 26.192 ms - -[0m
[0mGET /api/website/image/banner?type=3 [36m304[0m 27.412 ms - -[0m
[0mGET /api/website/brand-list [36m304[0m 13.824 ms - -[0m
[0mGET /api/website/popular/category-list [36m304[0m 27.458 ms - -[0m
[0mGET /api/website/flash-sale [36m304[0m 15.984 ms - -[0m
[0mGET /api/website/category/list [36m304[0m 5.679 ms - -[0m
[0mGET /api/website/product/new-arrival [36m304[0m 24.928 ms - -[0m
[0mGET /api/website/catalog/product/search?filter_category=mobile-phone [36m304[0m 60.325 ms - -[0m
[0mGET /api/website/product/detail?productId=22&slug=iphone-7-plus-with-facetime-matt-black-128gb-4g-lte-renewed [32m200[0m 46.663 ms - 3300[0m
[0mGET /api/website/relatedProduct?productId=22&slug=iphone-7-plus-with-facetime-matt-black-128gb-4g-lte-renewed [36m304[0m 45.396 ms - -[0m
[0mGET /api/website/category/list [32m200[0m 27.027 ms - 1659[0m
[0mGET /api/website/product/detail?productId=22&slug=iphone-7-plus-with-facetime-matt-black-128gb-4g-lte-renewed [32m200[0m 102.993 ms - 3300[0m
[0mGET /api/website/relatedProduct?productId=22&slug=iphone-7-plus-with-facetime-matt-black-128gb-4g-lte-renewed [32m200[0m 102.284 ms - 4320[0m
[0mGET /api/website/category/list [32m200[0m 55.205 ms - 1659[0m
[0mGET /api/website/product/detail?productId=22&slug=iphone-7-plus-with-facetime-matt-black-128gb-4g-lte-renewed [32m200[0m 91.194 ms - 3300[0m
[0mGET /api/website/relatedProduct?productId=22&slug=iphone-7-plus-with-facetime-matt-black-128gb-4g-lte-renewed [32m200[0m 70.924 ms - 4320[0m
[0mGET /api/website/category/list [32m200[0m 40.989 ms - 1659[0m
[0mGET /api/website/product/detail?productId=22&slug=iphone-7-plus-with-facetime-matt-black-128gb-4g-lte-renewed [32m200[0m 62.499 ms - 3345[0m
[0mGET /api/website/relatedProduct?productId=22&slug=iphone-7-plus-with-facetime-matt-black-128gb-4g-lte-renewed [32m200[0m 67.617 ms - 4320[0m
[0mGET /api/website/category/list [32m200[0m 27.177 ms - 1659[0m
[0mGET /api/website/product/detail?productId=22&slug=iphone-7-plus-with-facetime-matt-black-128gb-4g-lte-renewed [32m200[0m 40.846 ms - 3308[0m
[0mGET /api/website/relatedProduct?productId=22&slug=iphone-7-plus-with-facetime-matt-black-128gb-4g-lte-renewed [32m200[0m 47.208 ms - 4320[0m
[0mGET /api/website/image/banner?type=1 [32m200[0m 102.905 ms - 175[0m
[0mGET /api/website/image/banner?type=2 [32m200[0m 94.372 ms - 270[0m
[0mGET /api/website/image/banner?type=1 [32m200[0m 83.263 ms - 175[0m
[0mGET /api/website/image/banner?type=4 [32m200[0m 83.032 ms - 152[0m
[0mGET /api/website/category/list [32m200[0m 102.921 ms - 1659[0m
[0mGET /api/website/category/list [32m200[0m 82.612 ms - 1659[0m
[0mGET /api/website/category/list [32m200[0m 33.438 ms - 1659[0m
[0mGET /api/website/popular/category-list [32m200[0m 30.207 ms - 1938[0m
[0mGET /api/website/brand-list [32m200[0m 42.623 ms - 850[0m
[0mGET /api/website/flash-sale [32m200[0m 41.930 ms - 49[0m
[0mGET /api/website/product/new-arrival [32m200[0m 67.133 ms - 6037[0m
[0mGET /api/website/catalog/product/search?filter_category=mobile-phone [32m200[0m 81.292 ms - 4809[0m
