[0mGET /api/website/image/banner?type=4 [32m200[0m 74.913 ms - 152[0m
[0mGET /api/website/image/banner?type=2 [32m200[0m 77.571 ms - 270[0m
[0mGET /api/website/image/banner?type=0 [32m200[0m 103.204 ms - 264[0m
[0mGET /api/website/image/banner?type=3 [32m200[0m 78.323 ms - 260[0m
[0mGET /api/website/category/list [32m200[0m 78.767 ms - 1659[0m
[0mGET /api/website/category/list [32m200[0m 96.766 ms - 1659[0m
[0mGET /api/website/brand-list [32m200[0m 31.137 ms - 850[0m
[0mGET /api/website/popular/category-list [32m200[0m 32.936 ms - 406[0m
[0mGET /api/website/flash-sale [32m200[0m 37.427 ms - 49[0m
[0mGET /api/website/product/new-arrival [32m200[0m 38.323 ms - 6037[0m
[0mGET /api/website/catalog/product/search?filter_category=mobile-phone [32m200[0m 65.292 ms - 4809[0m
[0mGET /api/website/category/list [36m304[0m 14.624 ms - -[0m
[0mGET /api/website/catalog/category/search?queryString=electronics [32m200[0m 33.465 ms - 563[0m
[0mGET /api/website/catalog/product/search?filter_category=electronics [32m200[0m 34.353 ms - 62[0m
[0mGET /api/website/category/list [36m304[0m 6.057 ms - -[0m
[0mGET /api/website/image/banner?type=0 [36m304[0m 15.617 ms - -[0m
[0mGET /api/website/image/banner?type=3 [36m304[0m 12.594 ms - -[0m
[0mGET /api/website/image/banner?type=2 [36m304[0m 14.608 ms - -[0m
[0mGET /api/website/category/list [36m304[0m 16.520 ms - -[0m
[0mGET /api/website/image/banner?type=4 [36m304[0m 14.028 ms - -[0m
[0mGET /api/website/popular/category-list [36m304[0m 17.612 ms - -[0m
[0mGET /api/website/brand-list [36m304[0m 12.584 ms - -[0m
[0mGET /api/website/flash-sale [36m304[0m 10.782 ms - -[0m
[0mGET /api/website/product/new-arrival [36m304[0m 18.163 ms - -[0m
[0mGET /api/website/catalog/product/search?filter_category=mobile-phone [36m304[0m 29.269 ms - -[0m
[0mGET /api/website/category/list [36m304[0m 11.462 ms - -[0m
[0mGET /api/website/catalog/category/search?queryString=mobile-phone [32m200[0m 30.979 ms - 903[0m
[0mGET /api/website/catalog/product/search?filter_category=mobile-phone [36m304[0m 42.783 ms - -[0m
[0mGET /api/website/category/list [36m304[0m 2.908 ms - -[0m
[0mGET /api/website/category/list [36m304[0m 19.782 ms - -[0m
[0mGET /api/website/catalog/category/search?queryString=mobile-phone [36m304[0m 45.503 ms - -[0m
[0mGET /api/website/catalog/product/search?filter_category=mobile-phone [36m304[0m 51.196 ms - -[0m
[0mGET /api/website/category/list [36m304[0m 6.600 ms - -[0m
[0mGET /api/website/catalog/product/search?filter_category=mobile-phone&filter_color=Black&page=1 [32m200[0m 60.373 ms - 557[0m
[0mGET /api/website/catalog/product/search?filter_category=mobile-phone&filter_color=Black%2Cbronze&page=1 [32m200[0m 40.028 ms - 936[0m
[0mGET /api/website/catalog/product/search?filter_category=mobile-phone&filter_color=Black&page=1 [36m304[0m 27.554 ms - -[0m
[0mGET /api/website/catalog/product/search?filter_category=mobile-phone&page=1 [32m200[0m 34.938 ms - 4809[0m
[0mGET /api/website/category/list [36m304[0m 20.682 ms - -[0m
[0mGET /api/website/catalog/category/search?queryString=mobile-phone [36m304[0m 37.903 ms - -[0m
[0mGET /api/website/catalog/product/search?filter_category=mobile-phone [36m304[0m 41.027 ms - -[0m
[0mGET /api/website/category/list [36m304[0m 6.115 ms - -[0m
[0mGET /api/website/category/list [32m200[0m 18.898 ms - 1659[0m
[0mGET /api/website/catalog/category/search?queryString=mobile-phone [32m200[0m 40.558 ms - 903[0m
[0mGET /api/website/catalog/product/search?filter_category=mobile-phone [32m200[0m 51.128 ms - 4809[0m
[0mGET /api/website/category/list [32m200[0m 3.914 ms - 1659[0m
[0mGET /api/website/catalog/category/search?queryString=mobile-phone [36m304[0m 27.813 ms - -[0m
[0mGET /api/website/catalog/product/search?filter_category=mobile-phone [36m304[0m 40.945 ms - -[0m
[0mGET /api/website/category/list [36m304[0m 5.001 ms - -[0m
[0mGET /api/website/catalog/category/search?queryString=mobile-phone [36m304[0m 43.489 ms - -[0m
[0mGET /api/website/catalog/product/search?filter_category=mobile-phone [36m304[0m 37.421 ms - -[0m
[0mGET /api/website/catalog/product/search?filter_category=mobile-phone [36m304[0m 15.153 ms - -[0m
[0mGET /api/website/category/list [36m304[0m 3.067 ms - -[0m
[0mGET /api/website/category/list [32m200[0m 18.296 ms - 1659[0m
[0mGET /api/website/catalog/category/search?queryString=mobile-phone [32m200[0m 34.008 ms - 903[0m
[0mGET /api/website/catalog/product/search?filter_category=mobile-phone [32m200[0m 40.106 ms - 4809[0m
[0mGET /api/website/category/list [32m200[0m 5.655 ms - 1659[0m
[0mGET /api/website/category/list [32m200[0m 16.428 ms - 1659[0m
[0mGET /api/website/catalog/category/search?queryString=mobile-phone [32m200[0m 23.399 ms - 903[0m
[0mGET /api/website/catalog/product/search?filter_category=mobile-phone [32m200[0m 31.930 ms - 4809[0m
[0mGET /api/website/category/list [32m200[0m 4.605 ms - 1659[0m
[0mGET /api/website/category/list [32m200[0m 14.725 ms - 1659[0m
[0mGET /api/website/catalog/category/search?queryString=mobile-phone [32m200[0m 22.563 ms - 903[0m
[0mGET /api/website/catalog/product/search?filter_category=mobile-phone [32m200[0m 31.377 ms - 4809[0m
[0mGET /api/website/category/list [32m200[0m 5.447 ms - 1659[0m
[0mGET /api/website/category/list [32m200[0m 26.944 ms - 1659[0m
[0mGET /api/website/catalog/category/search?queryString=mobile-phone [32m200[0m 30.794 ms - 903[0m
[0mGET /api/website/catalog/product/search?filter_category=mobile-phone [32m200[0m 42.396 ms - 4809[0m
[0mGET /api/website/category/list [32m200[0m 6.187 ms - 1659[0m
[0mGET /api/website/catalog/product/search?filter_category=mobile-phone&filter_color=&page=1 [31m500[0m 17.449 ms - 3343[0m
[0mGET /api/website/catalog/product/search?filter_category=mobile-phone&filter_color=&page=1 [31m500[0m 4.354 ms - 3343[0m
[0mGET /api/website/category/list [32m200[0m 9.744 ms - 1659[0m
[0mGET /api/website/catalog/category/search?queryString=mobile-phone [32m200[0m 19.890 ms - 903[0m
[0mGET /api/website/catalog/product/search?filter_category=mobile-phone [32m200[0m 30.048 ms - 4809[0m
[0mGET /api/website/category/list [32m200[0m 4.767 ms - 1659[0m
[0mGET /api/website/catalog/product/search?filter_brand=samsung&filter_category=mobile-phone&page=1 [32m200[0m 21.711 ms - 936[0m
[0mGET /api/website/catalog/product/search?filter_category=mobile-phone&page=1 [36m304[0m 23.723 ms - -[0m
[0mGET /api/website/catalog/product/search?filter_brand=apple&filter_category=mobile-phone&page=1 [32m200[0m 20.703 ms - 1557[0m
[0mGET /api/website/catalog/product/search?filter_category=mobile-phone&page=1 [36m304[0m 20.093 ms - -[0m
[0mGET /api/website/catalog/product/search?filter_category=mobile-phone&filter_color=&page=1 [31m500[0m 2.808 ms - 3343[0m
[0mGET /api/website/catalog/product/search?filter_category=mobile-phone&filter_color=&page=1 [31m500[0m 2.444 ms - 3343[0m
[0mGET /api/website/category/list [32m200[0m 8.270 ms - 1659[0m
[0mGET /api/website/catalog/category/search?queryString=mobile-phone [32m200[0m 24.036 ms - 903[0m
[0mGET /api/website/catalog/product/search?filter_category=mobile-phone [32m200[0m 28.211 ms - 4809[0m
[0mGET /api/website/category/list [32m200[0m 5.424 ms - 1659[0m
[0mGET /api/website/catalog/product/search?filter_category=mobile-phone&filter_color=&page=1 [31m500[0m 6.744 ms - 3343[0m
[0mGET /api/website/category/list [32m200[0m 21.262 ms - 1659[0m
[0mGET /api/website/catalog/category/search?queryString=mobile-phone [32m200[0m 45.650 ms - 903[0m
[0mGET /api/website/catalog/product/search?filter_category=mobile-phone [32m200[0m 57.707 ms - 4809[0m
[0mGET /api/website/category/list [36m304[0m 4.906 ms - -[0m
[0mGET /api/website/catalog/product/search?filter_category=mobile-phone&filter_color=Black&page=1 [36m304[0m 20.770 ms - -[0m
[0mGET /api/website/category/list [32m200[0m 19.452 ms - 1659[0m
[0mGET /api/website/catalog/category/search?queryString=mobile-phone [32m200[0m 26.319 ms - 903[0m
[0mGET /api/website/catalog/product/search?filter_category=mobile-phone&filter_color=Black [32m200[0m 33.480 ms - 557[0m
[0mGET /api/website/category/list [32m200[0m 4.522 ms - 1659[0m
[0mGET /api/website/catalog/product/search?filter_category=mobile-phone&filter_color=Black%2Cbronze&page=1 [36m304[0m 24.785 ms - -[0m
[0mGET /api/website/catalog/product/search?filter_category=mobile-phone&filter_color=Black%2Cbronze%2CPurple&page=1 [32m200[0m 19.784 ms - 1736[0m
[0mGET /api/website/catalog/product/search?filter_category=mobile-phone&filter_color=Black%2Cbronze&page=1 [36m304[0m 26.204 ms - -[0m
[0mGET /api/website/catalog/product/search?filter_category=mobile-phone&filter_color=Black&page=1 [36m304[0m 15.326 ms - -[0m
[0mGET /api/website/catalog/product/search?filter_category=mobile-phone&page=1 [36m304[0m 20.944 ms - -[0m
[0mGET /api/website/catalog/product/search?filter_category=mobile-phone&filter_color=Black&page=1 [36m304[0m 18.815 ms - -[0m
[0mGET /api/website/category/list [32m200[0m 15.594 ms - 1659[0m
[0mGET /api/website/catalog/category/search?queryString=mobile-phone [32m200[0m 21.470 ms - 903[0m
[0mGET /api/website/catalog/product/search?filter_category=mobile-phone&filter_color=Black [32m200[0m 29.056 ms - 557[0m
[0mGET /api/website/category/list [32m200[0m 6.200 ms - 1659[0m
[0mGET /api/website/catalog/product/search?filter_category=mobile-phone&page=1 [36m304[0m 25.017 ms - -[0m
[0mGET /api/website/category/list [32m200[0m 8.334 ms - 1659[0m
[0mGET /api/website/catalog/category/search?queryString=mobile-phone [32m200[0m 24.208 ms - 903[0m
[0mGET /api/website/catalog/product/search?filter_category=mobile-phone [32m200[0m 26.929 ms - 4809[0m
[0mGET /api/website/category/list [32m200[0m 2.375 ms - 1659[0m
[0mGET /api/website/catalog/product/search?filter_category=mobile-phone&filter_color=Black&page=1 [32m200[0m 26.308 ms - 557[0m
[0mGET /api/website/catalog/product/search?filter_category=mobile-phone&filter_color=Black%2CPurple&page=1 [32m200[0m 22.119 ms - 1357[0m
[0mGET /api/website/catalog/product/search?filter_category=mobile-phone&filter_color=Black%2CPurple%2Cbronze&page=1 [32m200[0m 21.170 ms - 1736[0m
[0mGET /api/website/catalog/product/search?filter_category=mobile-phone&filter_color=Black%2CPurple%2Cbronze%2CBlue&page=1 [32m200[0m 21.202 ms - 2522[0m
[0mGET /api/website/catalog/product/search?filter_category=mobile-phone&filter_color=Black%2CPurple%2Cbronze%2CBlue%2CMatt%20Black&page=1 [32m200[0m 19.329 ms - 3296[0m
[0mGET /api/website/catalog/product/search?filter_category=mobile-phone&filter_color=Black%2CPurple%2Cbronze%2CBlue%2CMatt%20Black%2CGold&page=1 [32m200[0m 20.417 ms - 3632[0m
[0mGET /api/website/category/list [32m200[0m 19.355 ms - 1659[0m
[0mGET /api/website/catalog/category/search?queryString=mobile-phone [32m200[0m 35.331 ms - 903[0m
[0mGET /api/website/catalog/product/search?filter_category=mobile-phone&filter_color=Black%2CPurple%2Cbronze%2CBlue%2CMatt%20Black%2CGold [32m200[0m 42.990 ms - 3632[0m
[0mGET /api/website/category/list [32m200[0m 5.076 ms - 1659[0m
[0mGET /api/website/category/list [32m200[0m 21.849 ms - 1659[0m
[0mGET /api/website/catalog/category/search?queryString=mobile-phone [32m200[0m 42.391 ms - 903[0m
[0mGET /api/website/catalog/product/search?filter_category=mobile-phone&filter_color=Black%2CPurple%2Cbronze%2CBlue%2CMatt%20Black%2CGold [32m200[0m 48.373 ms - 3632[0m
[0mGET /api/website/category/list [32m200[0m 4.068 ms - 1659[0m
[0mGET /api/website/category/list [32m200[0m 13.204 ms - 1659[0m
[0mGET /api/website/catalog/category/search?queryString=mobile-phone [32m200[0m 21.056 ms - 903[0m
[0mGET /api/website/catalog/product/search?filter_category=mobile-phone&filter_color=Black%2CPurple%2Cbronze%2CBlue%2CMatt%20Black%2CGold [32m200[0m 26.229 ms - 3632[0m
[0mGET /api/website/category/list [32m200[0m 3.119 ms - 1659[0m
[0mGET /api/website/catalog/product/search?filter_category=mobile-phone&filter_color=Purple%2Cbronze%2CBlue%2CMatt%20Black%2CGold&page=1 [32m200[0m 22.009 ms - 3215[0m
[0mGET /api/website/catalog/product/search?filter_category=mobile-phone&filter_color=Purple%2Cbronze%2CBlue%2CMatt%20Black%2CGold%2CBlack&page=1 [32m200[0m 23.161 ms - 3632[0m
[0mGET /api/website/catalog/product/search?filter_category=mobile-phone&filter_color=Purple%2CBlue%2CMatt%20Black%2CGold%2CBlack&page=1 [32m200[0m 22.113 ms - 3253[0m
[0mGET /api/website/catalog/product/search?filter_category=mobile-phone&filter_color=Purple%2CBlue%2CMatt%20Black%2CGold%2CBlack%2Cbronze&page=1 [32m200[0m 22.551 ms - 3632[0m
[0mGET /api/website/catalog/product/search?filter_category=mobile-phone&filter_color=Blue%2CMatt%20Black%2CGold%2CBlack%2Cbronze&page=1 [32m200[0m 21.282 ms - 2832[0m
[0mGET /api/website/catalog/product/search?filter_category=mobile-phone&filter_color=Blue%2CMatt%20Black%2CGold%2CBlack%2Cbronze%2CPurple&page=1 [32m200[0m 21.620 ms - 3632[0m
[0mGET /api/website/catalog/product/search?filter_category=mobile-phone&filter_color=Matt%20Black%2CGold%2CBlack%2Cbronze%2CPurple&page=1 [32m200[0m 20.661 ms - 2846[0m
[0mGET /api/website/catalog/product/search?filter_category=mobile-phone&filter_color=Matt%20Black%2CGold%2CBlack%2Cbronze&page=1 [32m200[0m 18.641 ms - 2046[0m
[0mGET /api/website/catalog/product/search?filter_category=mobile-phone&filter_color=Matt%20Black%2CGold%2CBlack&page=1 [32m200[0m 21.372 ms - 1667[0m
[0mGET /api/website/catalog/product/search?filter_category=mobile-phone&filter_color=Matt%20Black%2CGold&page=1 [32m200[0m 17.987 ms - 1250[0m
[0mGET /api/website/catalog/product/search?filter_category=mobile-phone&filter_color=Matt%20Black&page=1 [32m200[0m 17.232 ms - 914[0m
[0mGET /api/website/catalog/product/search?filter_category=mobile-phone&page=1 [36m304[0m 19.564 ms - -[0m
[0mGET /api/website/category/list [36m304[0m 5.982 ms - -[0m
[0mGET /api/website/catalog/category/search?queryString=mobile-phone [36m304[0m 22.169 ms - -[0m
[0mGET /api/website/catalog/product/search?filter_category=mobile-phone [36m304[0m 26.834 ms - -[0m
[0mGET /api/website/category/list [36m304[0m 5.567 ms - -[0m
[0mGET /api/website/catalog/product/search?filter_category=mobile-phone&filter_color=Black&page=1 [36m304[0m 18.204 ms - -[0m
[0mGET /api/website/catalog/product/search?filter_category=mobile-phone&filter_color=Black%2Cbronze&page=1 [36m304[0m 16.015 ms - -[0m
[0mGET /api/website/catalog/product/search?filter_category=mobile-phone&filter_color=Black%2Cbronze%2CPurple&page=1 [36m304[0m 17.753 ms - -[0m
[0mGET /api/website/catalog/product/search?filter_category=mobile-phone&filter_color=Black%2Cbronze%2CPurple%2CBlue&page=1 [32m200[0m 16.546 ms - 2522[0m
[0mGET /api/website/catalog/product/search?filter_category=mobile-phone&filter_color=Black%2Cbronze%2CPurple%2CBlue%2CGold&page=1 [32m200[0m 17.202 ms - 3609[0m
[0mGET /api/website/catalog/product/search?filter_category=mobile-phone&filter_color=Black%2Cbronze%2CPurple%2CBlue%2CGold%2CMatt%20Black&page=1 [32m200[0m 21.845 ms - 3632[0m
[0mGET /api/website/catalog/product/search?filter_category=mobile-phone&filter_color=Black%2Cbronze%2CPurple%2CBlue%2CGold&page=1 [36m304[0m 17.857 ms - -[0m
[0mGET /api/website/catalog/product/search?filter_category=mobile-phone&filter_color=Black%2Cbronze%2CPurple%2CBlue&page=1 [36m304[0m 16.898 ms - -[0m
[0mGET /api/website/catalog/product/search?filter_category=mobile-phone&filter_color=Black%2Cbronze%2CPurple&page=1 [36m304[0m 15.639 ms - -[0m
[0mGET /api/website/catalog/product/search?filter_category=mobile-phone&filter_color=Black%2Cbronze&page=1 [36m304[0m 16.809 ms - -[0m
[0mGET /api/website/catalog/product/search?filter_category=mobile-phone&filter_color=Black&page=1 [36m304[0m 17.483 ms - -[0m
[0mGET /api/website/catalog/product/search?filter_category=mobile-phone&page=1 [36m304[0m 18.198 ms - -[0m
[0mGET /api/website/category/list [32m200[0m 44.207 ms - 1659[0m
[0mGET /api/website/catalog/category/search?queryString=mobile-phone [32m200[0m 66.709 ms - 903[0m
[0mGET /api/website/catalog/product/search?filter_category=mobile-phone [32m200[0m 95.173 ms - 4809[0m
[0mGET /api/website/category/list [36m304[0m 7.309 ms - -[0m
[0mGET /api/website/category/list [32m200[0m 36.167 ms - 1659[0m
[0mGET /api/website/catalog/category/search?queryString=mobile-phone [32m200[0m 69.033 ms - 903[0m
[0mGET /api/website/catalog/product/search?filter_category=mobile-phone [32m200[0m 78.180 ms - 4809[0m
[0mGET /api/website/category/list [36m304[0m 4.265 ms - -[0m
[0mGET /api/website/category/list [32m200[0m 26.497 ms - 1659[0m
[0mGET /api/website/catalog/category/search?queryString=mobile-phone [32m200[0m 51.911 ms - 903[0m
[0mGET /api/website/catalog/product/search?filter_category=mobile-phone [32m200[0m 62.048 ms - 4809[0m
[0mGET /api/website/category/list [32m200[0m 4.493 ms - 1659[0m
[0mGET /api/website/category/list [32m200[0m 30.737 ms - 1659[0m
[0mGET /api/website/catalog/category/search?queryString=mobile-phone [32m200[0m 62.002 ms - 903[0m
[0mGET /api/website/catalog/product/search?filter_category=mobile-phone [32m200[0m 80.033 ms - 4809[0m
[0mGET /api/website/category/list [32m200[0m 6.753 ms - 1659[0m
[0mGET /api/website/category/list [32m200[0m 35.550 ms - 1659[0m
[0mGET /api/website/catalog/category/search?queryString=mobile-phone [32m200[0m 67.470 ms - 903[0m
[0mGET /api/website/catalog/product/search?filter_category=mobile-phone [32m200[0m 82.168 ms - 4809[0m
[0mGET /api/website/category/list [32m200[0m 4.327 ms - 1659[0m
[0mGET /api/website/category/list [32m200[0m 31.376 ms - 1659[0m
[0mGET /api/website/catalog/category/search?queryString=mobile-phone [32m200[0m 59.114 ms - 903[0m
[0mGET /api/website/catalog/product/search?filter_category=mobile-phone [32m200[0m 64.947 ms - 4809[0m
[0mGET /api/website/category/list [36m304[0m 7.989 ms - -[0m
[0mGET /api/website/category/list [32m200[0m 21.844 ms - 1659[0m
[0mGET /api/website/catalog/category/search?queryString=mobile-phone [32m200[0m 43.832 ms - 903[0m
[0mGET /api/website/catalog/product/search?filter_category=mobile-phone [32m200[0m 66.110 ms - 4809[0m
[0mGET /api/website/category/list [36m304[0m 7.295 ms - -[0m
[0mGET /api/website/category/list [32m200[0m 30.958 ms - 1659[0m
[0mGET /api/website/catalog/category/search?queryString=mobile-phone [32m200[0m 48.780 ms - 903[0m
[0mGET /api/website/catalog/product/search?filter_category=mobile-phone [32m200[0m 67.417 ms - 4809[0m
[0mGET /api/website/category/list [36m304[0m 3.237 ms - -[0m
[0mGET /api/website/category/list [32m200[0m 30.545 ms - 1659[0m
[0mGET /api/website/catalog/category/search?queryString=mobile-phone [32m200[0m 54.088 ms - 903[0m
[0mGET /api/website/catalog/product/search?filter_category=mobile-phone [32m200[0m 67.813 ms - 4809[0m
[0mGET /api/website/category/list [36m304[0m 4.707 ms - -[0m
[0mGET /api/website/category/list [32m200[0m 13.342 ms - 1659[0m
[0mGET /api/website/catalog/category/search?queryString=mobile-phone [32m200[0m 20.942 ms - 903[0m
[0mGET /api/website/catalog/product/search?filter_category=mobile-phone [32m200[0m 31.543 ms - 4809[0m
[0mGET /api/website/category/list [32m200[0m 5.134 ms - 1659[0m
[0mGET /api/website/category/list [32m200[0m 20.960 ms - 1659[0m
[0mGET /api/website/catalog/category/search?queryString=mobile-phone [32m200[0m 43.143 ms - 903[0m
[0mGET /api/website/catalog/product/search?filter_category=mobile-phone [32m200[0m 59.670 ms - 4809[0m
[0mGET /api/website/category/list [32m200[0m 4.331 ms - 1659[0m
[0mGET /api/website/category/list [32m200[0m 28.692 ms - 1659[0m
[0mGET /api/website/catalog/category/search?queryString=mobile-phone [32m200[0m 52.083 ms - 903[0m
[0mGET /api/website/catalog/product/search?filter_category=mobile-phone [32m200[0m 68.042 ms - 4809[0m
[0mGET /api/website/category/list [32m200[0m 4.735 ms - 1659[0m
[0mGET /api/website/category/list [32m200[0m 30.685 ms - 1659[0m
[0mGET /api/website/catalog/category/search?queryString=mobile-phone [32m200[0m 45.660 ms - 903[0m
[0mGET /api/website/catalog/product/search?filter_category=mobile-phone [32m200[0m 58.008 ms - 4809[0m
[0mGET /api/website/category/list [32m200[0m 3.436 ms - 1659[0m
[0mGET /api/website/category/list [32m200[0m 25.646 ms - 1659[0m
[0mGET /api/website/catalog/category/search?queryString=mobile-phone [32m200[0m 41.893 ms - 903[0m
[0mGET /api/website/catalog/product/search?filter_category=mobile-phone [32m200[0m 54.002 ms - 4809[0m
[0mGET /api/website/category/list [32m200[0m 5.138 ms - 1659[0m
[0mGET /api/website/category/list [32m200[0m 37.532 ms - 1659[0m
[0mGET /api/website/catalog/category/search?queryString=mobile-phone [32m200[0m 62.457 ms - 903[0m
[0mGET /api/website/catalog/product/search?filter_category=mobile-phone [32m200[0m 73.342 ms - 4809[0m
[0mGET /api/website/category/list [32m200[0m 4.429 ms - 1659[0m
[0mGET /api/website/category/list [32m200[0m 28.052 ms - 1659[0m
[0mGET /api/website/catalog/category/search?queryString=mobile-phone [32m200[0m 48.445 ms - 903[0m
[0mGET /api/website/catalog/product/search?filter_category=mobile-phone [32m200[0m 63.204 ms - 4809[0m
[0mGET /api/website/category/list [36m304[0m 8.831 ms - -[0m
[0mGET /api/website/category/list [32m200[0m 24.982 ms - 1659[0m
[0mGET /api/website/catalog/category/search?queryString=mobile-phone [32m200[0m 57.702 ms - 903[0m
[0mGET /api/website/catalog/product/search?filter_category=mobile-phone [32m200[0m 81.539 ms - 4809[0m
[0mGET /api/website/category/list [36m304[0m 8.560 ms - -[0m
[0mGET /api/website/category/list [32m200[0m 29.498 ms - 1659[0m
[0mGET /api/website/catalog/category/search?queryString=mobile-phone [32m200[0m 71.067 ms - 903[0m
[0mGET /api/website/catalog/product/search?filter_category=mobile-phone [32m200[0m 91.741 ms - 4809[0m
[0mGET /api/website/category/list [32m200[0m 4.269 ms - 1659[0m
[0mGET /api/website/category/list [32m200[0m 27.919 ms - 1659[0m
[0mGET /api/website/category/list [32m200[0m 31.365 ms - 1659[0m
[0mGET /api/website/category/list [32m200[0m 43.863 ms - 1659[0m
[0mGET /api/website/category/list [32m200[0m 20.364 ms - 1659[0m
[0mGET /api/website/catalog/category/search?queryString=mobile-phone [32m200[0m 48.905 ms - 903[0m
[0mGET /api/website/catalog/product/search?filter_category=mobile-phone [32m200[0m 68.415 ms - 4809[0m
[0mGET /api/website/category/list [36m304[0m 4.517 ms - -[0m
[0mGET /api/website/category/list [32m200[0m 25.113 ms - 1659[0m
[0mGET /api/website/catalog/category/search?queryString=mobile-phone [32m200[0m 40.205 ms - 903[0m
[0mGET /api/website/catalog/product/search?filter_category=mobile-phone [32m200[0m 54.029 ms - 4809[0m
[0mGET /api/website/category/list [32m200[0m 3.496 ms - 1659[0m
[0mGET /api/website/category/list [32m200[0m 37.492 ms - 1659[0m
[0mGET /api/website/catalog/category/search?queryString=mobile-phone [32m200[0m 48.921 ms - 903[0m
[0mGET /api/website/catalog/product/search?filter_category=mobile-phone [32m200[0m 58.513 ms - 4809[0m
[0mGET /api/website/category/list [36m304[0m 8.366 ms - -[0m
[0mGET /api/website/category/list [32m200[0m 23.316 ms - 1659[0m
[0mGET /api/website/catalog/category/search?queryString=mobile-phone [32m200[0m 79.385 ms - 903[0m
[0mGET /api/website/catalog/product/search?filter_category=mobile-phone [32m200[0m 86.002 ms - 4809[0m
[0mGET /api/website/category/list [32m200[0m 6.350 ms - 1659[0m
[0mGET /api/website/category/list [32m200[0m 17.313 ms - 1659[0m
[0mGET /api/website/catalog/category/search?queryString=mobile-phone [32m200[0m 43.620 ms - 903[0m
[0mGET /api/website/catalog/product/search?filter_category=mobile-phone [32m200[0m 55.967 ms - 4809[0m
[0mGET /api/website/category/list [32m200[0m 3.771 ms - 1659[0m
[0mGET /api/website/category/list [32m200[0m 32.098 ms - 1659[0m
[0mGET /api/website/catalog/category/search?queryString=mobile-phone [32m200[0m 52.499 ms - 903[0m
[0mGET /api/website/catalog/product/search?filter_category=mobile-phone [32m200[0m 61.834 ms - 4809[0m
[0mGET /api/website/category/list [32m200[0m 4.419 ms - 1659[0m
[0mGET /api/website/category/list [32m200[0m 20.336 ms - 1659[0m
[0mGET /api/website/catalog/category/search?queryString=mobile-phone [32m200[0m 46.471 ms - 903[0m
[0mGET /api/website/catalog/product/search?filter_category=mobile-phone [32m200[0m 59.857 ms - 4809[0m
[0mGET /api/website/category/list [32m200[0m 4.815 ms - 1659[0m
[0mGET /api/website/category/list [32m200[0m 33.698 ms - 1659[0m
[0mGET /api/website/catalog/category/search?queryString=mobile-phone [32m200[0m 47.159 ms - 903[0m
[0mGET /api/website/catalog/product/search?filter_category=mobile-phone [32m200[0m 62.151 ms - 4809[0m
[0mGET /api/website/category/list [36m304[0m 4.250 ms - -[0m
[0mGET /api/website/category/list [32m200[0m 25.898 ms - 1659[0m
[0mGET /api/website/catalog/category/search?queryString=mobile-phone [32m200[0m 48.593 ms - 903[0m
[0mGET /api/website/catalog/product/search?filter_category=mobile-phone [32m200[0m 67.783 ms - 4809[0m
[0mGET /api/website/category/list [36m304[0m 4.362 ms - -[0m
[0mGET /api/website/category/list [32m200[0m 18.964 ms - 1659[0m
[0mGET /api/website/catalog/category/search?queryString=mobile-phone [32m200[0m 42.592 ms - 903[0m
[0mGET /api/website/catalog/product/search?filter_category=mobile-phone [32m200[0m 56.254 ms - 4809[0m
[0mGET /api/website/category/list [32m200[0m 3.573 ms - 1659[0m
[0mGET /api/website/category/list [32m200[0m 18.183 ms - 1659[0m
[0mGET /api/website/catalog/category/search?queryString=mobile-phone [32m200[0m 41.304 ms - 903[0m
[0mGET /api/website/catalog/product/search?filter_category=mobile-phone [32m200[0m 55.402 ms - 4809[0m
[0mGET /api/website/category/list [32m200[0m 4.412 ms - 1659[0m
[0mGET /api/website/category/list [32m200[0m 27.898 ms - 1659[0m
[0mGET /api/website/catalog/category/search?queryString=mobile-phone [32m200[0m 56.514 ms - 903[0m
[0mGET /api/website/catalog/product/search?filter_category=mobile-phone [32m200[0m 79.809 ms - 4809[0m
[0mGET /api/website/category/list [36m304[0m 3.687 ms - -[0m
[0mGET /api/website/category/list [32m200[0m 33.795 ms - 1659[0m
[0mGET /api/website/catalog/category/search?queryString=mobile-phone [32m200[0m 64.638 ms - 903[0m
[0mGET /api/website/catalog/product/search?filter_category=mobile-phone [32m200[0m 79.189 ms - 4809[0m
[0mGET /api/website/category/list [36m304[0m 6.524 ms - -[0m
[0mGET /api/website/category/list [32m200[0m 25.258 ms - 1659[0m
[0mGET /api/website/catalog/category/search?queryString=mobile-phone [32m200[0m 48.964 ms - 903[0m
[0mGET /api/website/catalog/product/search?filter_category=mobile-phone [32m200[0m 67.318 ms - 4809[0m
[0mGET /api/website/category/list [36m304[0m 6.798 ms - -[0m
[0mGET /api/website/category/list [32m200[0m 27.950 ms - 1659[0m
[0mGET /api/website/catalog/category/search?queryString=mobile-phone [32m200[0m 42.852 ms - 1019[0m
[0mGET /api/website/catalog/product/search?filter_category=mobile-phone [32m200[0m 53.549 ms - 4809[0m
[0mGET /api/website/category/list [32m200[0m 4.059 ms - 1659[0m
[0mGET /api/website/category/list [32m200[0m 28.627 ms - 1659[0m
[0mGET /api/website/catalog/category/search?queryString=mobile-phone [32m200[0m 45.852 ms - 1017[0m
[0mGET /api/website/catalog/product/search?filter_category=mobile-phone [32m200[0m 53.914 ms - 4809[0m
[0mGET /api/website/category/list [32m200[0m 6.180 ms - 1659[0m
[0mGET /api/website/catalog/product/search?filter_category=mobile-phone&filter_network=&page=1 [31m500[0m 21.658 ms - 3343[0m
[0mGET /api/website/category/list [32m200[0m 13.898 ms - 1659[0m
[0mGET /api/website/catalog/category/search?queryString=mobile-phone [32m200[0m 29.977 ms - 1017[0m
[0mGET /api/website/catalog/product/search?filter_category=mobile-phone [32m200[0m 37.382 ms - 4809[0m
[0mGET /api/website/category/list [32m200[0m 6.802 ms - 1659[0m
[0mGET /api/website/category/list [32m200[0m 29.357 ms - 1659[0m
[0mGET /api/website/category/list [32m200[0m 39.520 ms - 1659[0m
[0mGET /api/website/category/list [32m200[0m 29.480 ms - 1659[0m
[0mGET /api/website/catalog/category/search?queryString=mobile-phone [32m200[0m 44.754 ms - 1084[0m
[0mGET /api/website/catalog/product/search?filter_category=mobile-phone [32m200[0m 50.805 ms - 4809[0m
[0mGET /api/website/category/list [32m200[0m 4.182 ms - 1659[0m
[0mGET /api/website/category/list [32m200[0m 23.656 ms - 1659[0m
[0mGET /api/website/catalog/category/search?queryString=mobile-phone [32m200[0m 35.219 ms - 1084[0m
[0mGET /api/website/catalog/product/search?filter_category=mobile-phone [32m200[0m 45.689 ms - 4809[0m
[0mGET /api/website/category/list [32m200[0m 6.528 ms - 1659[0m
[0mGET /api/website/category/list [32m200[0m 49.153 ms - 1659[0m
[0mGET /api/website/catalog/category/search?queryString=mobile-phone [32m200[0m 58.795 ms - 1084[0m
[0mGET /api/website/catalog/product/search?filter_category=mobile-phone [32m200[0m 66.656 ms - 4809[0m
[0mGET /api/website/category/list [32m200[0m 5.038 ms - 1659[0m
[0mGET /api/website/category/list [32m200[0m 34.813 ms - 1659[0m
[0mGET /api/website/catalog/category/search?queryString=mobile-phone [32m200[0m 55.970 ms - 1084[0m
[0mGET /api/website/catalog/product/search?filter_category=mobile-phone [32m200[0m 67.531 ms - 4809[0m
[0mGET /api/website/category/list [32m200[0m 4.445 ms - 1659[0m
[0mGET /api/website/category/list [32m200[0m 22.470 ms - 1659[0m
[0mGET /api/website/catalog/category/search?queryString=mobile-phone [32m200[0m 49.534 ms - 1084[0m
[0mGET /api/website/catalog/product/search?filter_category=mobile-phone [32m200[0m 71.225 ms - 4809[0m
[0mGET /api/website/category/list [36m304[0m 8.601 ms - -[0m
[0mGET /api/website/category/list [32m200[0m 28.462 ms - 1659[0m
[0mGET /api/website/catalog/category/search?queryString=mobile-phone [32m200[0m 48.335 ms - 1084[0m
[0mGET /api/website/catalog/product/search?filter_category=mobile-phone [32m200[0m 61.488 ms - 4809[0m
[0mGET /api/website/category/list [36m304[0m 9.013 ms - -[0m
[0mGET /api/website/category/list [32m200[0m 27.803 ms - 1659[0m
[0mGET /api/website/catalog/category/search?queryString=mobile-phone [32m200[0m 46.638 ms - 1084[0m
[0mGET /api/website/catalog/product/search?filter_category=mobile-phone [32m200[0m 56.702 ms - 4809[0m
[0mGET /api/website/category/list [32m200[0m 4.884 ms - 1659[0m
[0mGET /api/website/category/list [32m200[0m 29.897 ms - 1659[0m
[0mGET /api/website/catalog/category/search?queryString=mobile-phone [32m200[0m 47.611 ms - 1084[0m
[0mGET /api/website/catalog/product/search?filter_category=mobile-phone [32m200[0m 54.080 ms - 4809[0m
[0mGET /api/website/category/list [36m304[0m 7.819 ms - -[0m
[0mGET /api/website/category/list [32m200[0m 40.987 ms - 1659[0m
[0mGET /api/website/catalog/category/search?queryString=mobile-phone [32m200[0m 41.603 ms - 1109[0m
[0mGET /api/website/catalog/product/search?filter_category=mobile-phone [32m200[0m 49.313 ms - 4809[0m
[0mGET /api/website/category/list [36m304[0m 3.947 ms - -[0m
[0mGET /api/website/category/list [32m200[0m 28.710 ms - 1659[0m
[0mGET /api/website/catalog/category/search?queryString=mobile-phone [32m200[0m 35.037 ms - 1109[0m
[0mGET /api/website/catalog/product/search?filter_category=mobile-phone [32m200[0m 44.646 ms - 4809[0m
[0mGET /api/website/category/list [32m200[0m 3.630 ms - 1659[0m
[0mGET /api/website/category/list [32m200[0m 22.172 ms - 1659[0m
[0mGET /api/website/catalog/category/search?queryString=mobile-phone [32m200[0m 40.005 ms - 1135[0m
[0mGET /api/website/catalog/product/search?filter_category=mobile-phone [32m200[0m 48.516 ms - 4809[0m
[0mGET /api/website/category/list [32m200[0m 3.273 ms - 1659[0m
[0mGET /api/website/category/list [32m200[0m 32.341 ms - 1659[0m
[0mGET /api/website/catalog/category/search?queryString=mobile-phone [32m200[0m 42.685 ms - 1147[0m
[0mGET /api/website/catalog/product/search?filter_category=mobile-phone [32m200[0m 44.157 ms - 4809[0m
[0mGET /api/website/category/list [32m200[0m 3.910 ms - 1659[0m
[0mGET /api/website/catalog/product/search?filter_category=mobile-phone&filter_network=5G&page=1 [32m200[0m 34.029 ms - 4809[0m
[0mGET /api/website/category/list [32m200[0m 28.844 ms - 1659[0m
[0mGET /api/website/catalog/category/search?queryString=mobile-phone [32m200[0m 44.506 ms - 1187[0m
[0mGET /api/website/catalog/product/search?filter_category=mobile-phone&filter_network=5G [32m200[0m 52.767 ms - 4809[0m
[0mGET /api/website/category/list [32m200[0m 3.471 ms - 1659[0m
[0mGET /api/website/catalog/product/search?filter_category=mobile-phone&filter_modelYear=2022&filter_network=5G&page=1 [32m200[0m 42.966 ms - 4809[0m
[0mGET /api/website/catalog/product/search?filter_category=mobile-phone&filter_modelYear=2022&page=1 [32m200[0m 61.235 ms - 4809[0m
[0mGET /api/website/catalog/product/search?filter_category=mobile-phone&page=1 [36m304[0m 18.414 ms - -[0m
[0mGET /api/website/category/list [32m200[0m 15.863 ms - 1659[0m
[0mGET /api/website/catalog/category/search?queryString=mobile-phone [32m200[0m 33.795 ms - 1187[0m
[0mGET /api/website/catalog/product/search?filter_category=mobile-phone [32m200[0m 41.747 ms - 4809[0m
[0mGET /api/website/category/list [32m200[0m 3.094 ms - 1659[0m
[0mGET /api/website/category/list [32m200[0m 31.776 ms - 1659[0m
[0mGET /api/website/catalog/category/search?queryString=mobile-phone [32m200[0m 52.022 ms - 1187[0m
[0mGET /api/website/catalog/product/search?filter_category=mobile-phone [32m200[0m 57.663 ms - 4809[0m
[0mGET /api/website/category/list [32m200[0m 3.668 ms - 1659[0m
[0mGET /api/website/category/list [32m200[0m 19.595 ms - 1659[0m
[0mGET /api/website/catalog/category/search?queryString=mobile-phone [32m200[0m 36.373 ms - 1187[0m
[0mGET /api/website/catalog/product/search?filter_category=mobile-phone [32m200[0m 42.448 ms - 4809[0m
[0mGET /api/website/category/list [32m200[0m 3.618 ms - 1659[0m
[0mGET /api/website/catalog/product/search?filter_category=mobile-phone&filter_modelYear=2022&page=1 [36m304[0m 34.819 ms - -[0m
[0mGET /api/website/catalog/product/search?filter_category=mobile-phone&filter_modelYear=2022&filter_network=5G&page=1 [36m304[0m 33.331 ms - -[0m
[0mGET /api/website/category/list [32m200[0m 20.684 ms - 1659[0m
[0mGET /api/website/catalog/category/search?queryString=mobile-phone [32m200[0m 42.942 ms - 1191[0m
[0mGET /api/website/catalog/product/search?filter_category=mobile-phone&filter_modelYear=2022&filter_network=5G [32m200[0m 48.601 ms - 4809[0m
[0mGET /api/website/category/list [32m200[0m 3.665 ms - 1659[0m
[0mGET /api/website/catalog/product/search?filter_category=mobile-phone&filter_modelYear=2022&filter_network=5G&filter_networkType=5G&page=1 [32m200[0m 33.095 ms - 4809[0m
[0mGET /api/website/category/list [36m304[0m 14.528 ms - -[0m
[0mGET /api/website/catalog/category/search?queryString=mobile-phone [36m304[0m 29.341 ms - -[0m
[0mGET /api/website/catalog/product/search?filter_category=mobile-phone&filter_modelYear=2022 [32m200[0m 35.671 ms - 4809[0m
[0mGET /api/website/category/list [36m304[0m 5.923 ms - -[0m
[0mGET /api/website/catalog/product/search?filter_category=mobile-phone&page=1 [36m304[0m 32.730 ms - -[0m
