[0mGET /api/website/category/list [36m304[0m 47.076 ms - -[0m
[0mOPTIONS /api/customer/forget-password [32m204[0m 0.519 ms - 0[0m
[0mPOST /api/customer/forget-password [32m200[0m 21.409 ms - 104[0m
[0mGET /api/website/category/list [36m304[0m 34.290 ms - -[0m
[0mGET /api/website/category/list [36m304[0m 88.730 ms - -[0m
[0mOPTIONS /api/customer/forget-password [32m204[0m 1.802 ms - 0[0m
[0mPOST /api/customer/forget-password [32m200[0m 33.971 ms - 104[0m
[0mGET /api/website/category/list [36m304[0m 82.398 ms - -[0m
[0mOPTIONS /api/customer/forget-password [32m204[0m 1.389 ms - 0[0m
[0mPOST /api/customer/forget-password [33m404[0m 54.617 ms - 33[0m
[0mGET /api/website/category/list [36m304[0m 62.490 ms - -[0m
[0mOPTIONS /api/customer/forget-password [32m204[0m 1.393 ms - 0[0m
[0mPOST /api/customer/forget-password [33m404[0m 39.271 ms - 33[0m
[0mGET /api/website/image/banner?type=0 [36m304[0m 25.103 ms - -[0m
[0mGET /api/website/collection/list [36m304[0m 31.135 ms - -[0m
[0mGET /api/website/popular/category-list [36m304[0m 44.248 ms - -[0m
[0mGET /api/website/flash-sale [36m304[0m 31.239 ms - -[0m
[0mGET /api/website/product/women-fashion [36m304[0m 148.639 ms - -[0m
[0mGET /api/website/product/new-arrival [36m304[0m 106.006 ms - -[0m
[0mGET /api/website/product?type=shampoo [36m304[0m 130.876 ms - -[0m
[0mGET /api/website/product?type=makeup [36m304[0m 149.105 ms - -[0m
[0mGET /api/website/product/home-kitchen [36m304[0m 151.917 ms - -[0m
[0mGET /api/website/product/men-fashion [36m304[0m 86.059 ms - -[0m
[0mOPTIONS /api/customer/rootLogin [32m204[0m 0.858 ms - 0[0m
[0mPOST /api/customer/rootLogin [32m200[0m 261.189 ms - 232[0m
[0mOPTIONS /api/customer/getUserByEmailId [32m204[0m 0.306 ms - 0[0m
[0mGET /api/customer/getUserByEmailId [32m200[0m 9.891 ms - 753[0m
[0mOPTIONS /api/customer/forget-password [32m204[0m 0.638 ms - 0[0m
[0mPOST /api/customer/forget-password [33m404[0m 7.715 ms - 33[0m
[0mOPTIONS /api/customer/forget-password [32m204[0m 2.333 ms - 0[0m
[0mPOST /api/customer/forget-password [32m200[0m 22.737 ms - 104[0m
[0mGET /api/website/category/list [36m304[0m 55.907 ms - -[0m
[0mOPTIONS /api/customer/forget-password [32m204[0m 2.283 ms - 0[0m
[0mPOST /api/customer/forget-password [32m200[0m 28.455 ms - 79[0m
[0mGET /api/website/category/list [36m304[0m 107.338 ms - -[0m
[0mOPTIONS /api/customer/forget-password [32m204[0m 1.302 ms - 0[0m
[0mPOST /api/customer/forget-password [32m200[0m 7.446 ms - 79[0m
[0mGET /api/website/category/list [36m304[0m 53.211 ms - -[0m
[0mGET /api/website/category/list [36m304[0m 36.041 ms - -[0m
[0mGET /api/website/category/list [36m304[0m 66.058 ms - -[0m
[0mOPTIONS /api/customer/forget-password [32m204[0m 1.856 ms - 0[0m
[0mPOST /api/customer/forget-password [32m200[0m 5.836 ms - 79[0m
[0mGET /api/website/category/list [36m304[0m 82.452 ms - -[0m
[0mGET /api/website/category/list [36m304[0m 72.318 ms - -[0m
[0mOPTIONS /api/customer/forget-password [32m204[0m 1.179 ms - 0[0m
[0mPOST /api/customer/forget-password [32m200[0m 28.888 ms - 95[0m
[0mOPTIONS /api/customer/forget-password [32m204[0m 2.139 ms - 0[0m
[0mPOST /api/customer/forget-password [32m200[0m 15.611 ms - 125[0m
[0mGET /api/website/category/list [36m304[0m 92.841 ms - -[0m
[0mOPTIONS /api/customer/forget-password [32m204[0m 0.917 ms - 0[0m
[0mPOST /api/customer/forget-password [32m200[0m 8.981 ms - 125[0m
[0mOPTIONS /api/customer/forget-password [32m204[0m 9.429 ms - 0[0m
[0mPOST /api/customer/forget-password [32m200[0m 47.475 ms - 125[0m
[0mOPTIONS /api/customer/forget-password [32m204[0m 5.305 ms - 0[0m
[0mPOST /api/customer/forget-password [32m200[0m 33.065 ms - 125[0m
[0mGET /api/website/category/list [36m304[0m 98.073 ms - -[0m
[0mGET /api/website/category/list [36m304[0m 73.699 ms - -[0m
[0mGET /api/website/category/list [36m304[0m 86.963 ms - -[0m
[0mGET /api/website/category/list [36m304[0m 68.324 ms - -[0m
[0mGET /api/website/category/list [36m304[0m 69.652 ms - -[0m
[0mGET /api/website/category/list [36m304[0m 63.197 ms - -[0m
[0mGET /api/website/category/list [36m304[0m 76.966 ms - -[0m
[0mGET /api/website/category/list [36m304[0m 35.186 ms - -[0m
[0mGET /api/website/category/list [36m304[0m 91.400 ms - -[0m
[0mGET /api/website/category/list [36m304[0m 103.012 ms - -[0m
[0mGET /api/website/category/list [36m304[0m 90.644 ms - -[0m
[0mGET /api/website/category/list [36m304[0m 62.953 ms - -[0m
[0mGET /api/website/category/list [32m200[0m 80.422 ms - 30098[0m
[0mGET /api/website/category/list [36m304[0m 163.697 ms - -[0m
[0mGET /api/website/category/list [32m200[0m 54.784 ms - 30098[0m
[0mGET /api/website/category/list [32m200[0m 74.142 ms - 30098[0m
[0mGET /api/website/category/list [32m200[0m 54.980 ms - 30098[0m
[0mGET /api/website/category/list [32m200[0m 57.559 ms - 30098[0m
[0mGET /api/website/category/list [36m304[0m 87.335 ms - -[0m
[0mGET /api/website/category/list [36m304[0m 96.005 ms - -[0m
[0mOPTIONS /api/customer/forget-password [32m204[0m 3.474 ms - 0[0m
[0mPOST /api/customer/forget-password [32m200[0m 50.532 ms - 125[0m
[0mOPTIONS /api/customer/forget-password [32m204[0m 5.923 ms - 0[0m
[0mPOST /api/customer/forget-password [32m200[0m 31.727 ms - 125[0m
[0mGET /api/website/category/list [36m304[0m 93.712 ms - -[0m
[0mOPTIONS /api/customer/forget-password [32m204[0m 4.792 ms - 0[0m
[0mPOST /api/customer/forget-password [32m200[0m 40.276 ms - 125[0m
[0mOPTIONS /api/customer/forget-password [32m204[0m 5.525 ms - 0[0m
[0mPOST /api/customer/forget-password [32m200[0m 40.809 ms - 125[0m
[0mGET /api/website/category/list [32m200[0m 96.469 ms - 30098[0m
[0mOPTIONS /api/customer/forget-password [32m204[0m 1.974 ms - 0[0m
[0mPOST /api/customer/forget-password [31m500[0m 40.081 ms - 125[0m
[0mGET /api/website/category/list [36m304[0m 79.035 ms - -[0m
[0mOPTIONS /api/customer/forget-password [32m204[0m 4.239 ms - 0[0m
[0mPOST /api/customer/forget-password [32m200[0m 40.660 ms - 125[0m
[0mOPTIONS /api/customer/forget-password [32m204[0m 7.105 ms - 0[0m
[0mPOST /api/customer/forget-password [33m404[0m 61.082 ms - 33[0m
[0mOPTIONS /api/customer/forget-password [32m204[0m 6.532 ms - 0[0m
[0mPOST /api/customer/forget-password [32m200[0m 53.497 ms - 111[0m
[0mGET /api/website/category/list [36m304[0m 92.210 ms - -[0m
[0mGET /api/website/category/list [32m200[0m 127.665 ms - 30098[0m
[0mOPTIONS /api/customer/reset-password [32m204[0m 9.216 ms - 0[0m
[0mPOST /api/customer/reset-password [31m500[0m 45.983 ms - 41[0m
[0mOPTIONS /api/customer/reset-password [32m204[0m 3.495 ms - 0[0m
[0mPOST /api/customer/reset-password [31m500[0m 28.237 ms - 32[0m
[0mOPTIONS /api/customer/reset-password [32m204[0m 14.782 ms - 0[0m
[0mPOST /api/customer/reset-password [32m200[0m 271.367 ms - 56[0m
[0mGET /api/website/collection/list [36m304[0m 20.018 ms - -[0m
[0mGET /api/website/image/banner?type=0 [36m304[0m 23.253 ms - -[0m
[0mGET /api/website/popular/category-list [36m304[0m 24.174 ms - -[0m
[0mGET /api/website/flash-sale [36m304[0m 39.705 ms - -[0m
[0mGET /api/website/product/new-arrival [36m304[0m 99.198 ms - -[0m
[0mGET /api/website/product?type=makeup [36m304[0m 156.307 ms - -[0m
[0mGET /api/website/product/men-fashion [36m304[0m 145.082 ms - -[0m
[0mGET /api/website/product/women-fashion [36m304[0m 170.378 ms - -[0m
[0mGET /api/website/product?type=shampoo [36m304[0m 169.959 ms - -[0m
[0mGET /api/website/product/home-kitchen [36m304[0m 171.730 ms - -[0m
[0mOPTIONS /api/customer/forget-password [32m204[0m 2.556 ms - 0[0m
[0mPOST /api/customer/forget-password [32m200[0m 39.428 ms - 111[0m
[0mOPTIONS /api/customer/reset-password [32m204[0m 1.007 ms - 0[0m
[0mPOST /api/customer/reset-password [32m200[0m 254.166 ms - 56[0m
[0mGET /api/website/image/banner?type=0 [36m304[0m 8.506 ms - -[0m
[0mGET /api/website/popular/category-list [36m304[0m 13.304 ms - -[0m
[0mGET /api/website/collection/list [36m304[0m 21.984 ms - -[0m
[0mGET /api/website/flash-sale [36m304[0m 22.224 ms - -[0m
[0mGET /api/website/product/men-fashion [36m304[0m 61.919 ms - -[0m
[0mGET /api/website/product/home-kitchen [36m304[0m 87.960 ms - -[0m
[0mGET /api/website/product/women-fashion [36m304[0m 88.313 ms - -[0m
[0mGET /api/website/product?type=shampoo [36m304[0m 81.074 ms - -[0m
[0mGET /api/website/product/new-arrival [36m304[0m 54.715 ms - -[0m
[0mGET /api/website/product?type=makeup [36m304[0m 88.521 ms - -[0m
[0mGET /api/website/image/banner?type=0 [36m304[0m 33.606 ms - -[0m
[0mGET /api/website/category/list [36m304[0m 62.328 ms - -[0m
[0mGET /api/website/popular/category-list [36m304[0m 68.323 ms - -[0m
[0mGET /api/website/collection/list [36m304[0m 68.076 ms - -[0m
[0mGET /api/website/flash-sale [36m304[0m 14.503 ms - -[0m
[0mGET /api/website/product/home-kitchen [36m304[0m 114.241 ms - -[0m
[0mGET /api/website/product/new-arrival [36m304[0m 47.451 ms - -[0m
[0mGET /api/website/product/men-fashion [36m304[0m 54.767 ms - -[0m
[0mGET /api/website/product/women-fashion [36m304[0m 115.371 ms - -[0m
[0mGET /api/website/product?type=makeup [36m304[0m 95.777 ms - -[0m
[0mGET /api/website/product?type=shampoo [36m304[0m 56.974 ms - -[0m
[0mOPTIONS /api/customer/forget-password [32m204[0m 0.782 ms - 0[0m
[0mPOST /api/customer/forget-password [32m200[0m 13.501 ms - 111[0m
[0mOPTIONS /api/customer/reset-password [32m204[0m 2.180 ms - 0[0m
[0mPOST /api/customer/reset-password [32m200[0m 252.750 ms - 56[0m
[0mGET /api/website/image/banner?type=0 [36m304[0m 8.638 ms - -[0m
[0mGET /api/website/popular/category-list [36m304[0m 15.625 ms - -[0m
[0mGET /api/website/collection/list [36m304[0m 16.172 ms - -[0m
[0mGET /api/website/flash-sale [36m304[0m 9.421 ms - -[0m
[0mGET /api/website/product/women-fashion [36m304[0m 84.566 ms - -[0m
[0mGET /api/website/product/home-kitchen [36m304[0m 85.075 ms - -[0m
[0mGET /api/website/product/men-fashion [36m304[0m 69.486 ms - -[0m
[0mGET /api/website/product?type=makeup [36m304[0m 84.507 ms - -[0m
[0mGET /api/website/product?type=shampoo [36m304[0m 77.611 ms - -[0m
[0mGET /api/website/product/new-arrival [36m304[0m 57.410 ms - -[0m
[0mOPTIONS /api/customer/rootLogin [32m204[0m 0.742 ms - 0[0m
[0mPOST /api/customer/rootLogin [32m200[0m 256.292 ms - 232[0m
[0mOPTIONS /api/location/list [32m204[0m 0.376 ms - 0[0m
[0mOPTIONS /api/customer/getUserByEmailId [32m204[0m 0.136 ms - 0[0m
[0mGET /api/location/list [36m304[0m 10.224 ms - -[0m
[0mGET /api/customer/getUserByEmailId [36m304[0m 13.486 ms - -[0m
[0mOPTIONS /api/location/list [32m204[0m 2.014 ms - 0[0m
[0mGET /api/location/list [36m304[0m 5.923 ms - -[0m
[0mGET /api/location/list [36m304[0m 11.245 ms - -[0m
[0mOPTIONS /api/location/list [32m204[0m 3.477 ms - 0[0m
[0mGET /api/location/list [36m304[0m 9.489 ms - -[0m
[0mOPTIONS /api/location/list [32m204[0m 0.579 ms - 0[0m
[0mOPTIONS /api/customer/getUserByEmailId [32m204[0m 5.863 ms - 0[0m
[0mOPTIONS /api/customer/getUserByEmailId [32m204[0m 0.566 ms - 0[0m
[0mOPTIONS /api/customer/getUserByEmailId [32m204[0m 0.533 ms - 0[0m
[0mGET /api/website/category/list [36m304[0m 66.363 ms - -[0m
[0mGET /api/location/list [36m304[0m 59.855 ms - -[0m
[0mGET /api/customer/getUserByEmailId [36m304[0m 67.220 ms - -[0m
[0mGET /api/customer/getUserByEmailId [36m304[0m 4.614 ms - -[0m
[0mGET /api/customer/getUserByEmailId [36m304[0m 5.155 ms - -[0m
[0mOPTIONS /api/location/list [32m204[0m 2.269 ms - 0[0m
[0mOPTIONS /api/customer/getUserByEmailId [32m204[0m 0.427 ms - 0[0m
[0mOPTIONS /api/customer/getUserByEmailId [32m204[0m 0.367 ms - 0[0m
[0mOPTIONS /api/customer/getUserByEmailId [32m204[0m 0.284 ms - 0[0m
[0mGET /api/location/list [36m304[0m 41.060 ms - -[0m
[0mGET /api/website/category/list [36m304[0m 58.026 ms - -[0m
[0mGET /api/customer/getUserByEmailId [36m304[0m 53.545 ms - -[0m
[0mGET /api/customer/getUserByEmailId [36m304[0m 4.424 ms - -[0m
[0mGET /api/customer/getUserByEmailId [36m304[0m 5.013 ms - -[0m
[0mOPTIONS /api/location/list [32m204[0m 5.485 ms - 0[0m
[0mGET /api/location/list [36m304[0m 12.491 ms - -[0m
[0mOPTIONS /api/location/list [32m204[0m 0.587 ms - 0[0m
[0mOPTIONS /api/customer/getUserByEmailId [32m204[0m 0.563 ms - 0[0m
[0mOPTIONS /api/customer/getUserByEmailId [32m204[0m 0.574 ms - 0[0m
[0mOPTIONS /api/customer/getUserByEmailId [32m204[0m 0.913 ms - 0[0m
[0mGET /api/website/category/list [32m200[0m 70.568 ms - 30098[0m
[0mGET /api/location/list [32m200[0m 62.095 ms - 1951[0m
[0mGET /api/customer/getUserByEmailId [32m200[0m 78.014 ms - 753[0m
[0mGET /api/customer/getUserByEmailId [32m200[0m 73.137 ms - 753[0m
[0mGET /api/customer/getUserByEmailId [32m200[0m 75.492 ms - 753[0m
[0mOPTIONS /api/location/list [32m204[0m 1.481 ms - 0[0m
[0mGET /api/location/list [36m304[0m 8.572 ms - -[0m
[0mOPTIONS /api/location/list [32m204[0m 0.682 ms - 0[0m
[0mOPTIONS /api/customer/getUserByEmailId [32m204[0m 0.372 ms - 0[0m
[0mOPTIONS /api/customer/getUserByEmailId [32m204[0m 0.299 ms - 0[0m
[0mOPTIONS /api/customer/getUserByEmailId [32m204[0m 0.287 ms - 0[0m
[0mGET /api/website/category/list [32m200[0m 38.995 ms - 30098[0m
[0mGET /api/location/list [32m200[0m 32.600 ms - 1951[0m
[0mGET /api/customer/getUserByEmailId [32m200[0m 36.482 ms - 753[0m
[0mGET /api/customer/getUserByEmailId [32m200[0m 40.334 ms - 753[0m
[0mGET /api/customer/getUserByEmailId [32m200[0m 38.557 ms - 753[0m
[0mOPTIONS /api/location/list [32m204[0m 4.800 ms - 0[0m
[0mGET /api/location/list [36m304[0m 24.050 ms - -[0m
[0mOPTIONS /api/location/list [32m204[0m 3.931 ms - 0[0m
[0mOPTIONS /api/customer/getUserByEmailId [32m204[0m 0.443 ms - 0[0m
[0mOPTIONS /api/customer/getUserByEmailId [32m204[0m 0.464 ms - 0[0m
[0mOPTIONS /api/customer/getUserByEmailId [32m204[0m 0.853 ms - 0[0m
[0mGET /api/location/list [36m304[0m 45.671 ms - -[0m
[0mGET /api/website/category/list [0m-[0m - ms - -[0m
[0mGET /api/customer/getUserByEmailId [0m-[0m - ms - -[0m
[0mGET /api/customer/getUserByEmailId [0m-[0m - ms - -[0m
[0mGET /api/location/list [32m200[0m 5.403 ms - 1951[0m
[0mGET /api/customer/getUserByEmailId [32m200[0m 36.134 ms - 753[0m
[0mGET /api/website/category/list [32m200[0m 38.219 ms - 30098[0m
[0mGET /api/customer/getUserByEmailId [36m304[0m 8.375 ms - -[0m
[0mGET /api/customer/getUserByEmailId [36m304[0m 9.053 ms - -[0m
[0mOPTIONS /api/location/list [32m204[0m 1.976 ms - 0[0m
[0mOPTIONS /api/customer/getUserByEmailId [32m204[0m 0.653 ms - 0[0m
[0mOPTIONS /api/customer/getUserByEmailId [32m204[0m 0.523 ms - 0[0m
[0mOPTIONS /api/customer/getUserByEmailId [32m204[0m 0.485 ms - 0[0m
[0mGET /api/location/list [32m200[0m 30.494 ms - 1951[0m
[0mGET /api/website/category/list [32m200[0m 86.165 ms - 30098[0m
[0mGET /api/customer/getUserByEmailId [32m200[0m 74.037 ms - 753[0m
[0mGET /api/customer/getUserByEmailId [32m200[0m 82.152 ms - 753[0m
[0mGET /api/customer/getUserByEmailId [32m200[0m 74.979 ms - 753[0m
[0mOPTIONS /api/location/list [32m204[0m 12.513 ms - 0[0m
[0mOPTIONS /api/customer/getUserByEmailId [32m204[0m 0.407 ms - 0[0m
[0mOPTIONS /api/customer/getUserByEmailId [32m204[0m 0.194 ms - 0[0m
[0mOPTIONS /api/customer/getUserByEmailId [32m204[0m 0.156 ms - 0[0m
[0mGET /api/location/list [32m200[0m 46.665 ms - 1951[0m
[0mGET /api/website/category/list [32m200[0m 105.965 ms - 30098[0m
[0mGET /api/customer/getUserByEmailId [32m200[0m 95.398 ms - 753[0m
[0mGET /api/customer/getUserByEmailId [32m200[0m 96.969 ms - 753[0m
[0mGET /api/customer/getUserByEmailId [32m200[0m 99.957 ms - 753[0m
[0mOPTIONS /api/location/list [32m204[0m 5.486 ms - 0[0m
[0mGET /api/location/list [36m304[0m 6.153 ms - -[0m
[0mOPTIONS /api/location/list [32m204[0m 0.719 ms - 0[0m
[0mOPTIONS /api/customer/getUserByEmailId [32m204[0m 0.484 ms - 0[0m
[0mOPTIONS /api/customer/getUserByEmailId [32m204[0m 3.353 ms - 0[0m
[0mOPTIONS /api/customer/getUserByEmailId [32m204[0m 0.594 ms - 0[0m
[0mGET /api/location/list [32m200[0m 28.883 ms - 1951[0m
[0mGET /api/website/category/list [32m200[0m 91.138 ms - 30098[0m
[0mGET /api/customer/getUserByEmailId [32m200[0m 95.473 ms - 753[0m
[0mGET /api/customer/getUserByEmailId [32m200[0m 90.449 ms - 753[0m
[0mGET /api/customer/getUserByEmailId [32m200[0m 94.121 ms - 753[0m
[0mOPTIONS /api/website/area/list [32m204[0m 5.170 ms - 0[0m
[0mPOST /api/website/area/list [33m404[0m 51.240 ms - 28[0m
[0mOPTIONS /api/website/area/list [32m204[0m 4.634 ms - 0[0m
[0mPOST /api/website/area/list [32m200[0m 95.386 ms - 26[0m
[0mOPTIONS /api/website/area/list [32m204[0m 0.834 ms - 0[0m
[0mPOST /api/website/area/list [32m200[0m 23.630 ms - 8037[0m
[0mOPTIONS /api/location/list [32m204[0m 3.507 ms - 0[0m
[0mGET /api/location/list [36m304[0m 23.191 ms - -[0m
[0mOPTIONS /api/location/list [32m204[0m 3.075 ms - 0[0m
[0mOPTIONS /api/customer/getUserByEmailId [32m204[0m 0.661 ms - 0[0m
[0mOPTIONS /api/customer/getUserByEmailId [32m204[0m 0.925 ms - 0[0m
[0mOPTIONS /api/customer/getUserByEmailId [32m204[0m 0.919 ms - 0[0m
[0mGET /api/location/list [32m200[0m 34.714 ms - 1951[0m
[0mGET /api/customer/getUserByEmailId [32m200[0m 67.727 ms - 753[0m
[0mGET /api/website/category/list [32m200[0m 89.710 ms - 30098[0m
[0mGET /api/customer/getUserByEmailId [32m200[0m 77.830 ms - 753[0m
[0mGET /api/customer/getUserByEmailId [32m200[0m 74.754 ms - 753[0m
[0mOPTIONS /api/location/list [32m204[0m 1.407 ms - 0[0m
[0mOPTIONS /api/customer/getUserByEmailId [32m204[0m 0.917 ms - 0[0m
[0mOPTIONS /api/customer/getUserByEmailId [32m204[0m 0.777 ms - 0[0m
[0mOPTIONS /api/customer/getUserByEmailId [32m204[0m 0.631 ms - 0[0m
[0mGET /api/location/list [36m304[0m 14.290 ms - -[0m
[0mGET /api/customer/getUserByEmailId [36m304[0m 27.414 ms - -[0m
[0mGET /api/website/category/list [36m304[0m 35.952 ms - -[0m
[0mGET /api/customer/getUserByEmailId [36m304[0m 5.711 ms - -[0m
[0mGET /api/customer/getUserByEmailId [36m304[0m 8.206 ms - -[0m
[0mOPTIONS /api/location/list [32m204[0m 2.115 ms - 0[0m
[0mOPTIONS /api/customer/getUserByEmailId [32m204[0m 2.890 ms - 0[0m
[0mOPTIONS /api/customer/getUserByEmailId [32m204[0m 0.578 ms - 0[0m
[0mOPTIONS /api/customer/getUserByEmailId [32m204[0m 0.529 ms - 0[0m
[0mGET /api/location/list [32m200[0m 27.143 ms - 1951[0m
[0mGET /api/website/category/list [32m200[0m 69.203 ms - 30098[0m
[0mGET /api/customer/getUserByEmailId [32m200[0m 57.653 ms - 753[0m
[0mGET /api/customer/getUserByEmailId [32m200[0m 61.804 ms - 753[0m
[0mGET /api/customer/getUserByEmailId [32m200[0m 69.311 ms - 753[0m
[0mOPTIONS /api/website/area/list [32m204[0m 1.849 ms - 0[0m
[0mPOST /api/website/area/list [32m200[0m 40.225 ms - 6479[0m
[0mOPTIONS /api/website/area/list [32m204[0m 0.516 ms - 0[0m
[0mPOST /api/website/area/list [32m200[0m 6.650 ms - 6479[0m
[0mPOST /api/website/area/list [31m500[0m 6.116 ms - 34[0m
[0mPOST /api/website/area/list [31m500[0m 1.510 ms - 34[0m
[0mPOST /api/website/area/list [31m500[0m 1.181 ms - 34[0m
[0mPOST /api/website/area/list [31m500[0m 1.949 ms - 34[0m
[0mPOST /api/website/area/list [31m500[0m 1.351 ms - 34[0m
[0mPOST /api/website/area/list [31m500[0m 1.455 ms - 34[0m
[0mPOST /api/website/area/list [31m500[0m 1.327 ms - 34[0m
[0mPOST /api/website/area/list [31m500[0m 1.195 ms - 34[0m
[0mPOST /api/website/area/list [31m500[0m 1.033 ms - 34[0m
[0mOPTIONS /api/website/area/list [32m204[0m 0.554 ms - 0[0m
[0mPOST /api/website/area/list [31m500[0m 2.274 ms - 34[0m
[0mPOST /api/website/area/list [31m500[0m 1.135 ms - 34[0m
[0mPOST /api/website/area/list [31m500[0m 1.542 ms - 34[0m
[0mPOST /api/website/area/list [31m500[0m 1.442 ms - 34[0m
[0mOPTIONS /api/location/list [32m204[0m 7.942 ms - 0[0m
[0mGET /api/location/list [36m304[0m 28.511 ms - -[0m
[0mOPTIONS /api/location/list [32m204[0m 2.838 ms - 0[0m
[0mOPTIONS /api/customer/getUserByEmailId [32m204[0m 0.688 ms - 0[0m
[0mOPTIONS /api/customer/getUserByEmailId [32m204[0m 0.415 ms - 0[0m
[0mOPTIONS /api/customer/getUserByEmailId [32m204[0m 0.502 ms - 0[0m
[0mGET /api/website/category/list [32m200[0m 132.016 ms - 30098[0m
[0mGET /api/website/category/list [32m200[0m 135.814 ms - 30098[0m
[0mGET /api/location/list [32m200[0m 119.996 ms - 1951[0m
[0mGET /api/customer/getUserByEmailId [32m200[0m 133.430 ms - 753[0m
[0mGET /api/customer/getUserByEmailId [32m200[0m 128.787 ms - 753[0m
[0mGET /api/customer/getUserByEmailId [32m200[0m 119.986 ms - 753[0m
[0mOPTIONS /api/location/list [32m204[0m 2.240 ms - 0[0m
[0mOPTIONS /api/customer/getUserByEmailId [32m204[0m 0.531 ms - 0[0m
[0mOPTIONS /api/customer/getUserByEmailId [32m204[0m 0.501 ms - 0[0m
[0mOPTIONS /api/customer/getUserByEmailId [32m204[0m 0.297 ms - 0[0m
[0mGET /api/location/list [32m200[0m 28.472 ms - 1951[0m
[0mGET /api/customer/getUserByEmailId [32m200[0m 60.441 ms - 753[0m
[0mGET /api/customer/getUserByEmailId [32m200[0m 56.503 ms - 753[0m
[0mGET /api/customer/getUserByEmailId [32m200[0m 59.237 ms - 753[0m
[0mGET /api/website/category/list [32m200[0m 81.591 ms - 30098[0m
[0mGET /api/website/category/list [32m200[0m 80.945 ms - 30098[0m
[0mOPTIONS /api/website/area/list [32m204[0m 0.533 ms - 0[0m
[0mPOST /api/website/area/list [32m200[0m 6.924 ms - 6479[0m
[0mOPTIONS /api/location/list [32m204[0m 7.148 ms - 0[0m
[0mGET /api/location/list [36m304[0m 12.794 ms - -[0m
[0mOPTIONS /api/location/list [32m204[0m 3.434 ms - 0[0m
[0mGET /api/location/list [36m304[0m 12.111 ms - -[0m
[0mOPTIONS /api/location/list [32m204[0m 4.678 ms - 0[0m
[0mOPTIONS /api/customer/getUserByEmailId [32m204[0m 0.575 ms - 0[0m
[0mOPTIONS /api/customer/getUserByEmailId [32m204[0m 0.823 ms - 0[0m
[0mOPTIONS /api/customer/getUserByEmailId [32m204[0m 1.770 ms - 0[0m
[0mGET /api/location/list [32m200[0m 46.524 ms - 1951[0m
[0mGET /api/website/category/list [32m200[0m 96.152 ms - 30098[0m
[0mGET /api/website/category/list [32m200[0m 90.796 ms - 30098[0m
[0mGET /api/customer/getUserByEmailId [32m200[0m 77.503 ms - 753[0m
[0mGET /api/customer/getUserByEmailId [32m200[0m 85.059 ms - 753[0m
[0mGET /api/customer/getUserByEmailId [32m200[0m 80.083 ms - 753[0m
[0mOPTIONS /api/website/area/list [32m204[0m 0.916 ms - 0[0m
[0mPOST /api/website/area/list [32m200[0m 10.195 ms - 6479[0m
[0mOPTIONS /api/website/area/list [32m204[0m 0.618 ms - 0[0m
[0mPOST /api/website/area/list [31m500[0m 2.209 ms - 34[0m
[0mPOST /api/website/area/list [32m200[0m 7.698 ms - 6479[0m
[0mOPTIONS /api/location/list [32m204[0m 2.672 ms - 0[0m
[0mOPTIONS /api/customer/getUserByEmailId [32m204[0m 0.708 ms - 0[0m
[0mOPTIONS /api/customer/getUserByEmailId [32m204[0m 0.496 ms - 0[0m
[0mOPTIONS /api/customer/getUserByEmailId [32m204[0m 2.132 ms - 0[0m
[0mGET /api/location/list [32m200[0m 28.383 ms - 1951[0m
[0mGET /api/website/category/list [32m200[0m 91.473 ms - 30098[0m
[0mGET /api/customer/getUserByEmailId [32m200[0m 74.999 ms - 753[0m
[0mGET /api/website/category/list [32m200[0m 95.562 ms - 30098[0m
[0mGET /api/customer/getUserByEmailId [32m200[0m 88.412 ms - 753[0m
[0mGET /api/customer/getUserByEmailId [32m200[0m 82.000 ms - 753[0m
[0mOPTIONS /api/website/area/list [32m204[0m 0.500 ms - 0[0m
[0mPOST /api/website/area/list [32m200[0m 8.721 ms - 6479[0m
[0mOPTIONS /api/location/list [32m204[0m 1.442 ms - 0[0m
[0mGET /api/location/list [36m304[0m 18.640 ms - -[0m
[0mOPTIONS /api/location/list [32m204[0m 3.238 ms - 0[0m
[0mOPTIONS /api/customer/getUserByEmailId [32m204[0m 0.715 ms - 0[0m
[0mOPTIONS /api/customer/getUserByEmailId [32m204[0m 0.386 ms - 0[0m
[0mOPTIONS /api/customer/getUserByEmailId [32m204[0m 0.538 ms - 0[0m
[0mGET /api/location/list [32m200[0m 49.961 ms - 1951[0m
[0mGET /api/website/category/list [32m200[0m 140.728 ms - 30098[0m
[0mGET /api/website/category/list [32m200[0m 138.830 ms - 30098[0m
[0mGET /api/customer/getUserByEmailId [32m200[0m 121.734 ms - 753[0m
[0mGET /api/customer/getUserByEmailId [32m200[0m 123.298 ms - 753[0m
[0mGET /api/customer/getUserByEmailId [32m200[0m 122.313 ms - 753[0m
[0mOPTIONS /api/location/list [32m204[0m 3.881 ms - 0[0m
[0mGET /api/location/list [36m304[0m 5.795 ms - -[0m
[0mOPTIONS /api/location/list [32m204[0m 1.798 ms - 0[0m
[0mOPTIONS /api/customer/getUserByEmailId [32m204[0m 0.455 ms - 0[0m
[0mOPTIONS /api/customer/getUserByEmailId [32m204[0m 0.702 ms - 0[0m
[0mOPTIONS /api/customer/getUserByEmailId [32m204[0m 0.663 ms - 0[0m
[0mGET /api/location/list [32m200[0m 30.740 ms - 1951[0m
[0mGET /api/website/category/list [32m200[0m 82.300 ms - 30098[0m
[0mGET /api/website/category/list [32m200[0m 85.935 ms - 30098[0m
[0mGET /api/customer/getUserByEmailId [32m200[0m 71.809 ms - 753[0m
[0mGET /api/customer/getUserByEmailId [32m200[0m 66.927 ms - 753[0m
[0mGET /api/customer/getUserByEmailId [32m200[0m 73.064 ms - 753[0m
[0mOPTIONS /api/website/area/list [32m204[0m 0.995 ms - 0[0m
[0mPOST /api/website/area/list [32m200[0m 6.887 ms - 6479[0m
[0mOPTIONS /api/location/list [32m204[0m 1.618 ms - 0[0m
[0mGET /api/location/list [36m304[0m 4.244 ms - -[0m
[0mGET /api/location/list [36m304[0m 5.559 ms - -[0m
[0mOPTIONS /api/location/list [32m204[0m 1.859 ms - 0[0m
[0mOPTIONS /api/customer/getUserByEmailId [32m204[0m 0.348 ms - 0[0m
[0mOPTIONS /api/customer/getUserByEmailId [32m204[0m 0.284 ms - 0[0m
[0mOPTIONS /api/customer/getUserByEmailId [32m204[0m 0.407 ms - 0[0m
[0mGET /api/location/list [32m200[0m 22.355 ms - 1951[0m
[0mGET /api/website/category/list [32m200[0m 72.838 ms - 30098[0m
[0mGET /api/website/category/list [32m200[0m 78.448 ms - 30098[0m
[0mGET /api/customer/getUserByEmailId [32m200[0m 70.538 ms - 753[0m
[0mGET /api/customer/getUserByEmailId [32m200[0m 65.626 ms - 753[0m
[0mGET /api/customer/getUserByEmailId [32m200[0m 67.796 ms - 753[0m
[0mOPTIONS /api/website/area/list [32m204[0m 0.575 ms - 0[0m
[0mPOST /api/website/area/list [32m200[0m 5.667 ms - 6479[0m
[0mOPTIONS /api/location/list [32m204[0m 1.768 ms - 0[0m
[0mGET /api/location/list [36m304[0m 10.420 ms - -[0m
[0mOPTIONS /api/location/list [32m204[0m 2.939 ms - 0[0m
[0mOPTIONS /api/customer/getUserByEmailId [32m204[0m 0.569 ms - 0[0m
[0mOPTIONS /api/customer/getUserByEmailId [32m204[0m 0.364 ms - 0[0m
[0mOPTIONS /api/customer/getUserByEmailId [32m204[0m 0.413 ms - 0[0m
[0mGET /api/location/list [32m200[0m 46.190 ms - 1951[0m
[0mGET /api/customer/getUserByEmailId [32m200[0m 80.798 ms - 753[0m
[0mGET /api/website/category/list [32m200[0m 104.214 ms - 30098[0m
[0mGET /api/customer/getUserByEmailId [32m200[0m 87.064 ms - 753[0m
[0mGET /api/customer/getUserByEmailId [32m200[0m 82.101 ms - 753[0m
[0mGET /api/website/category/list [32m200[0m 104.093 ms - 30098[0m
[0mOPTIONS /api/website/area/list [32m204[0m 0.523 ms - 0[0m
[0mPOST /api/website/area/list [32m200[0m 4.384 ms - 6479[0m
[0mOPTIONS /api/location/list [32m204[0m 2.478 ms - 0[0m
[0mGET /api/location/list [36m304[0m 11.763 ms - -[0m
[0mOPTIONS /api/location/list [32m204[0m 2.497 ms - 0[0m
[0mOPTIONS /api/customer/getUserByEmailId [32m204[0m 1.713 ms - 0[0m
[0mOPTIONS /api/customer/getUserByEmailId [32m204[0m 0.326 ms - 0[0m
[0mOPTIONS /api/customer/getUserByEmailId [32m204[0m 0.346 ms - 0[0m
[0mGET /api/location/list [32m200[0m 42.637 ms - 1951[0m
[0mGET /api/website/category/list [32m200[0m 116.172 ms - 30098[0m
[0mGET /api/website/category/list [32m200[0m 123.196 ms - 30098[0m
[0mGET /api/customer/getUserByEmailId [32m200[0m 112.283 ms - 753[0m
[0mGET /api/customer/getUserByEmailId [32m200[0m 110.885 ms - 753[0m
[0mGET /api/customer/getUserByEmailId [32m200[0m 109.981 ms - 753[0m
[0mOPTIONS /api/website/area/list [32m204[0m 0.736 ms - 0[0m
[0mPOST /api/website/area/list [32m200[0m 5.295 ms - 6479[0m
[0mOPTIONS /api/location/list [32m204[0m 1.784 ms - 0[0m
[0mGET /api/location/list [36m304[0m 13.964 ms - -[0m
[0mOPTIONS /api/location/list [32m204[0m 4.314 ms - 0[0m
[0mOPTIONS /api/customer/getUserByEmailId [32m204[0m 0.588 ms - 0[0m
[0mOPTIONS /api/customer/getUserByEmailId [32m204[0m 0.503 ms - 0[0m
[0mOPTIONS /api/customer/getUserByEmailId [32m204[0m 0.448 ms - 0[0m
[0mGET /api/location/list [32m200[0m 26.598 ms - 1951[0m
[0mGET /api/website/category/list [32m200[0m 61.957 ms - 30098[0m
[0mGET /api/website/category/list [32m200[0m 61.714 ms - 30098[0m
[0mGET /api/customer/getUserByEmailId [32m200[0m 48.639 ms - 753[0m
[0mGET /api/customer/getUserByEmailId [32m200[0m 48.753 ms - 753[0m
[0mGET /api/customer/getUserByEmailId [32m200[0m 48.755 ms - 753[0m
[0mOPTIONS /api/website/area/list [32m204[0m 0.533 ms - 0[0m
[0mPOST /api/website/area/list [32m200[0m 4.560 ms - 6479[0m
[0mOPTIONS /api/location/list [32m204[0m 11.724 ms - 0[0m
[0mGET /api/location/list [36m304[0m 24.719 ms - -[0m
[0mOPTIONS /api/location/list [32m204[0m 0.807 ms - 0[0m
[0mOPTIONS /api/customer/getUserByEmailId [32m204[0m 1.720 ms - 0[0m
[0mOPTIONS /api/customer/getUserByEmailId [32m204[0m 0.369 ms - 0[0m
[0mOPTIONS /api/customer/getUserByEmailId [32m204[0m 0.290 ms - 0[0m
[0mGET /api/location/list [32m200[0m 13.232 ms - 1951[0m
[0mGET /api/customer/getUserByEmailId [32m200[0m 27.975 ms - 753[0m
[0mGET /api/website/category/list [32m200[0m 33.081 ms - 30098[0m
[0mGET /api/customer/getUserByEmailId [32m200[0m 28.328 ms - 753[0m
[0mGET /api/customer/getUserByEmailId [32m200[0m 27.226 ms - 753[0m
[0mGET /api/location/list [36m304[0m 6.368 ms - -[0m
[0mGET /api/customer/getUserByEmailId [36m304[0m 33.168 ms - -[0m
[0mGET /api/website/category/list [36m304[0m 34.406 ms - -[0m
[0mGET /api/customer/getUserByEmailId [36m304[0m 3.253 ms - -[0m
[0mGET /api/customer/getUserByEmailId [36m304[0m 2.967 ms - -[0m
[0mOPTIONS /api/customer/delete-address [32m204[0m 0.563 ms - 0[0m
[0mPOST /api/customer/delete-address [32m200[0m 29.813 ms - 30[0m
[0mOPTIONS /api/location/list [32m204[0m 0.554 ms - 0[0m
[0mOPTIONS /api/customer/getUserByEmailId [32m204[0m 0.348 ms - 0[0m
[0mOPTIONS /api/customer/getUserByEmailId [32m204[0m 0.297 ms - 0[0m
[0mOPTIONS /api/customer/getUserByEmailId [32m204[0m 0.272 ms - 0[0m
[0mGET /api/location/list [36m304[0m 4.010 ms - -[0m
[0mGET /api/website/category/list [36m304[0m 32.455 ms - -[0m
[0mGET /api/customer/getUserByEmailId [32m200[0m 31.599 ms - 471[0m
[0mGET /api/customer/getUserByEmailId [36m304[0m 2.791 ms - -[0m
[0mGET /api/customer/getUserByEmailId [36m304[0m 2.869 ms - -[0m
[0mPOST /api/customer/delete-address [32m200[0m 13.549 ms - 30[0m
[0mGET /api/location/list [36m304[0m 7.388 ms - -[0m
[0mGET /api/customer/getUserByEmailId [32m200[0m 39.432 ms - 197[0m
[0mGET /api/website/category/list [36m304[0m 41.448 ms - -[0m
[0mGET /api/customer/getUserByEmailId [36m304[0m 5.979 ms - -[0m
[0mGET /api/customer/getUserByEmailId [36m304[0m 6.707 ms - -[0m
[0mOPTIONS /api/location/list [32m204[0m 0.751 ms - 0[0m
[0mOPTIONS /api/customer/getUserByEmailId [32m204[0m 0.617 ms - 0[0m
[0mGET /api/location/list [36m304[0m 6.998 ms - -[0m
[0mGET /api/customer/getUserByEmailId [36m304[0m 9.151 ms - -[0m
[0mOPTIONS /api/website/area/list [32m204[0m 1.088 ms - 0[0m
[0mPOST /api/website/area/list [32m200[0m 6.150 ms - 6479[0m
[0mOPTIONS /api/website/address/create [32m204[0m 0.762 ms - 0[0m
[0mPOST /api/website/address/create [32m200[0m 35.928 ms - 56[0m
[0mOPTIONS /api/location/list [32m204[0m 0.745 ms - 0[0m
[0mOPTIONS /api/customer/getUserByEmailId [32m204[0m 0.374 ms - 0[0m
[0mOPTIONS /api/customer/getUserByEmailId [32m204[0m 0.303 ms - 0[0m
[0mOPTIONS /api/customer/getUserByEmailId [32m204[0m 0.280 ms - 0[0m
[0mGET /api/website/category/list [36m304[0m 59.954 ms - -[0m
[0mGET /api/location/list [36m304[0m 60.286 ms - -[0m
[0mGET /api/customer/getUserByEmailId [32m200[0m 64.158 ms - 496[0m
[0mGET /api/customer/getUserByEmailId [36m304[0m 5.211 ms - -[0m
[0mGET /api/customer/getUserByEmailId [36m304[0m 4.125 ms - -[0m
[0mOPTIONS /api/customer/getUserByEmailId [32m204[0m 2.376 ms - 0[0m
[0mOPTIONS /api/customer/getUserByEmailId [32m204[0m 0.393 ms - 0[0m
[0mGET /api/website/image/banner?type=0 [32m200[0m 102.267 ms - 311[0m
[0mGET /api/website/popular/category-list [32m200[0m 82.681 ms - 8175[0m
[0mGET /api/website/collection/list [32m200[0m 65.165 ms - 1306[0m
[0mGET /api/website/category/list [32m200[0m 97.965 ms - 30097[0m
[0mGET /api/website/flash-sale [32m200[0m 21.263 ms - 49[0m
[0mGET /api/website/product/new-arrival [32m200[0m 66.444 ms - 6961[0m
[0mGET /api/website/product/women-fashion [32m200[0m 165.816 ms - 7587[0m
[0mGET /api/website/product/men-fashion [32m200[0m 87.893 ms - 6402[0m
[0mGET /api/website/product/home-kitchen [32m200[0m 179.743 ms - 15174[0m
[0mGET /api/website/product?type=makeup [36m304[0m 85.700 ms - -[0m
[0mGET /api/website/product?type=shampoo [32m200[0m 95.385 ms - 6949[0m
[0mGET /api/customer/getUserByEmailId [32m200[0m 12.199 ms - 495[0m
[0mGET /api/customer/getUserByEmailId [36m304[0m 3.664 ms - -[0m
[0mOPTIONS /api/customer/rootLogin [32m204[0m 1.810 ms - 0[0m
[0mPOST /api/customer/rootLogin [31m500[0m 47.428 ms - 34[0m
[0mOPTIONS /api/customer/rootLogin [32m204[0m 3.059 ms - 0[0m
[0mPOST /api/customer/rootLogin [31m500[0m 15.570 ms - 34[0m
[0mOPTIONS /api/customer/rootLogin [32m204[0m 0.558 ms - 0[0m
[0mPOST /api/customer/rootLogin [31m500[0m 4.722 ms - 34[0m
[0mOPTIONS /api/customer/rootLogin [32m204[0m 5.230 ms - 0[0m
[0mPOST /api/customer/rootLogin [31m500[0m 23.679 ms - 34[0m
[0mOPTIONS /api/customer/rootLogin [32m204[0m 6.615 ms - 0[0m
[0mPOST /api/customer/rootLogin [31m500[0m 26.955 ms - 34[0m
[0mOPTIONS /api/customer/rootLogin [32m204[0m 5.849 ms - 0[0m
[0mPOST /api/customer/rootLogin [31m500[0m 27.794 ms - 42[0m
[0mOPTIONS /api/customer/rootLogin [32m204[0m 1.127 ms - 0[0m
[0mPOST /api/customer/rootLogin [31m500[0m 10.330 ms - 42[0m
[0mOPTIONS /api/customer/rootLogin [32m204[0m 7.671 ms - 0[0m
[0mPOST /api/customer/rootLogin [31m500[0m 255.596 ms - 54[0m
[0mGET /api/website/image/banner?type=0 [36m304[0m 26.929 ms - -[0m
[0mGET /api/website/popular/category-list [36m304[0m 34.689 ms - -[0m
[0mGET /api/website/collection/list [36m304[0m 25.313 ms - -[0m
[0mGET /api/website/flash-sale [36m304[0m 12.779 ms - -[0m
[0mGET /api/website/product/home-kitchen [36m304[0m 91.606 ms - -[0m
[0mGET /api/website/product/new-arrival [36m304[0m 65.640 ms - -[0m
[0mGET /api/website/product/women-fashion [36m304[0m 92.444 ms - -[0m
[0mGET /api/website/product?type=shampoo [36m304[0m 75.677 ms - -[0m
[0mGET /api/website/product?type=makeup [36m304[0m 92.068 ms - -[0m
[0mGET /api/website/product/men-fashion [36m304[0m 55.907 ms - -[0m
[0mGET /api/website/category/list [32m200[0m 61.868 ms - 30097[0m
[0mGET /api/website/image/banner?type=0 [36m304[0m 16.426 ms - -[0m
[0mGET /api/website/popular/category-list [36m304[0m 27.388 ms - -[0m
[0mGET /api/website/collection/list [36m304[0m 28.856 ms - -[0m
[0mGET /api/website/flash-sale [36m304[0m 8.787 ms - -[0m
[0mGET /api/website/product?type=shampoo [36m304[0m 44.309 ms - -[0m
[0mGET /api/website/product/home-kitchen [36m304[0m 70.182 ms - -[0m
[0mGET /api/website/product/women-fashion [36m304[0m 69.688 ms - -[0m
[0mGET /api/website/product/men-fashion [36m304[0m 43.497 ms - -[0m
[0mGET /api/website/product?type=makeup [36m304[0m 63.782 ms - -[0m
[0mGET /api/website/product/new-arrival [36m304[0m 48.010 ms - -[0m
[0mGET /api/website/image/banner?type=0 [32m200[0m 29.091 ms - 311[0m
[0mGET /api/website/collection/list [32m200[0m 73.505 ms - 1306[0m
[0mGET /api/website/popular/category-list [32m200[0m 75.742 ms - 8175[0m
[0mGET /api/website/category/list [32m200[0m 85.925 ms - 30097[0m
[0mGET /api/website/flash-sale [32m200[0m 5.083 ms - 49[0m
[0mGET /api/website/product/women-fashion [32m200[0m 120.521 ms - 7587[0m
[0mGET /api/website/product/home-kitchen [32m200[0m 124.384 ms - 15174[0m
[0mGET /api/website/product?type=makeup [32m200[0m 105.015 ms - 3194[0m
[0mGET /api/website/product/men-fashion [32m200[0m 38.881 ms - 6402[0m
[0mGET /api/website/product?type=shampoo [32m200[0m 48.294 ms - 6949[0m
[0mGET /api/website/product/new-arrival [32m200[0m 43.361 ms - 6961[0m
[0mGET /api/website/image/banner?type=0 [32m200[0m 29.695 ms - 311[0m
[0mGET /api/website/category/list [32m200[0m 65.697 ms - 30097[0m
[0mGET /api/website/collection/list [32m200[0m 63.271 ms - 1306[0m
[0mGET /api/website/popular/category-list [32m200[0m 66.438 ms - 8175[0m
[0mGET /api/website/flash-sale [32m200[0m 4.315 ms - 49[0m
[0mGET /api/website/product?type=makeup [32m200[0m 97.147 ms - 3194[0m
[0mGET /api/website/product/women-fashion [32m200[0m 121.311 ms - 7587[0m
[0mGET /api/website/product/home-kitchen [32m200[0m 150.790 ms - 15174[0m
[0mGET /api/website/product/men-fashion [32m200[0m 83.062 ms - 6402[0m
[0mGET /api/website/product/new-arrival [32m200[0m 85.313 ms - 6961[0m
[0mGET /api/website/product?type=shampoo [32m200[0m 94.612 ms - 6949[0m
[0mGET /api/website/category/list [36m304[0m 35.046 ms - -[0m
[0mGET /api/website/image/banner?type=0 [36m304[0m 14.970 ms - -[0m
[0mGET /api/website/collection/list [36m304[0m 17.322 ms - -[0m
[0mGET /api/website/popular/category-list [36m304[0m 19.609 ms - -[0m
[0mGET /api/website/flash-sale [36m304[0m 3.615 ms - -[0m
[0mGET /api/website/product/home-kitchen [36m304[0m 38.772 ms - -[0m
[0mGET /api/website/product/women-fashion [36m304[0m 37.252 ms - -[0m
[0mGET /api/website/product?type=makeup [36m304[0m 36.379 ms - -[0m
[0mGET /api/website/product?type=shampoo [36m304[0m 34.108 ms - -[0m
[0mGET /api/website/product/men-fashion [36m304[0m 30.658 ms - -[0m
[0mGET /api/website/product/new-arrival [36m304[0m 29.122 ms - -[0m
[0mGET /api/website/image/banner?type=0 [32m200[0m 22.122 ms - 311[0m
[0mGET /api/website/category/list [32m200[0m 53.841 ms - 30097[0m
[0mGET /api/website/popular/category-list [32m200[0m 60.715 ms - 8175[0m
[0mGET /api/website/collection/list [32m200[0m 60.791 ms - 1306[0m
[0mGET /api/website/flash-sale [32m200[0m 6.056 ms - 49[0m
[0mGET /api/website/product/home-kitchen [32m200[0m 110.567 ms - 15174[0m
[0mGET /api/website/product/new-arrival [32m200[0m 38.190 ms - 6961[0m
[0mGET /api/website/product?type=shampoo [32m200[0m 50.930 ms - 6949[0m
[0mGET /api/website/product?type=makeup [32m200[0m 96.261 ms - 3194[0m
[0mGET /api/website/product/men-fashion [32m200[0m 53.215 ms - 6402[0m
[0mGET /api/website/product/women-fashion [32m200[0m 111.249 ms - 7587[0m
[0mGET /api/website/category/list [36m304[0m 42.609 ms - -[0m
[0mGET /api/website/category/list [36m304[0m 56.594 ms - -[0m
[0mGET /api/website/image/banner?type=0 [36m304[0m 22.209 ms - -[0m
[0mGET /api/website/popular/category-list [36m304[0m 25.921 ms - -[0m
[0mGET /api/website/collection/list [36m304[0m 25.813 ms - -[0m
[0mGET /api/website/flash-sale [36m304[0m 8.485 ms - -[0m
[0mGET /api/website/product?type=shampoo [36m304[0m 54.296 ms - -[0m
[0mGET /api/website/product/home-kitchen [36m304[0m 82.156 ms - -[0m
[0mGET /api/website/product/women-fashion [36m304[0m 81.350 ms - -[0m
[0mGET /api/website/product/new-arrival [36m304[0m 53.269 ms - -[0m
[0mGET /api/website/product?type=makeup [36m304[0m 86.861 ms - -[0m
[0mGET /api/website/product/men-fashion [36m304[0m 61.755 ms - -[0m
[0mOPTIONS /api/customer/rootLogin [32m204[0m 0.969 ms - 0[0m
[0mPOST /api/customer/rootLogin [32m200[0m 257.903 ms - 232[0m
[0mOPTIONS /api/location/list [32m204[0m 3.750 ms - 0[0m
[0mOPTIONS /api/customer/getUserByEmailId [32m204[0m 0.455 ms - 0[0m
[0mGET /api/location/list [32m200[0m 13.284 ms - 1822[0m
[0mGET /api/customer/getUserByEmailId [36m304[0m 13.112 ms - -[0m
[0mGET /api/website/image/banner?type=0 [36m304[0m 18.068 ms - -[0m
[0mGET /api/website/popular/category-list [36m304[0m 24.700 ms - -[0m
[0mGET /api/website/collection/list [36m304[0m 24.889 ms - -[0m
[0mGET /api/website/flash-sale [36m304[0m 6.965 ms - -[0m
[0mGET /api/website/product/women-fashion [36m304[0m 65.391 ms - -[0m
[0mGET /api/website/product/new-arrival [36m304[0m 50.232 ms - -[0m
[0mGET /api/website/product/home-kitchen [36m304[0m 75.316 ms - -[0m
[0mGET /api/website/product?type=makeup [36m304[0m 74.022 ms - -[0m
[0mGET /api/website/product?type=shampoo [36m304[0m 59.237 ms - -[0m
[0mGET /api/website/product/men-fashion [36m304[0m 46.856 ms - -[0m
[0mOPTIONS /api/customer/getUserByEmailId [32m204[0m 0.571 ms - 0[0m
[0mOPTIONS /api/customer/getUserByEmailId [32m204[0m 0.600 ms - 0[0m
[0mGET /api/website/image/banner?type=0 [36m304[0m 15.598 ms - -[0m
[0mGET /api/website/collection/list [36m304[0m 34.792 ms - -[0m
[0mGET /api/website/popular/category-list [36m304[0m 37.192 ms - -[0m
[0mGET /api/website/category/list [36m304[0m 44.632 ms - -[0m
[0mGET /api/website/flash-sale [36m304[0m 5.038 ms - -[0m
[0mGET /api/customer/getUserByEmailId [36m304[0m 14.806 ms - -[0m
[0mGET /api/website/product/home-kitchen [36m304[0m 79.508 ms - -[0m
[0mGET /api/website/product/women-fashion [36m304[0m 80.568 ms - -[0m
[0mGET /api/website/product?type=shampoo [36m304[0m 61.459 ms - -[0m
[0mGET /api/website/product/new-arrival [36m304[0m 57.235 ms - -[0m
[0mGET /api/website/product?type=makeup [36m304[0m 71.870 ms - -[0m
[0mGET /api/customer/getUserByEmailId [36m304[0m 7.169 ms - -[0m
[0mGET /api/website/product/men-fashion [36m304[0m 93.036 ms - -[0m
[0mOPTIONS /api/customer/getUserByEmailId [32m204[0m 3.736 ms - 0[0m
[0mOPTIONS /api/customer/getUserByEmailId [32m204[0m 0.464 ms - 0[0m
[0mGET /api/website/image/banner?type=0 [36m304[0m 25.283 ms - -[0m
[0mGET /api/website/collection/list [36m304[0m 29.721 ms - -[0m
[0mGET /api/website/popular/category-list [36m304[0m 32.512 ms - -[0m
[0mGET /api/website/category/list [36m304[0m 40.173 ms - -[0m
[0mGET /api/website/flash-sale [36m304[0m 18.953 ms - -[0m
[0mGET /api/website/product/women-fashion [36m304[0m 52.445 ms - -[0m
[0mGET /api/website/product/home-kitchen [36m304[0m 53.522 ms - -[0m
[0mGET /api/website/product?type=makeup [36m304[0m 57.937 ms - -[0m
[0mGET /api/website/product/men-fashion [36m304[0m 45.120 ms - -[0m
[0mGET /api/website/product/new-arrival [36m304[0m 26.088 ms - -[0m
[0mGET /api/website/product?type=shampoo [36m304[0m 52.047 ms - -[0m
[0mGET /api/customer/getUserByEmailId [36m304[0m 25.762 ms - -[0m
[0mGET /api/customer/getUserByEmailId [36m304[0m 2.985 ms - -[0m
[0mOPTIONS /api/location/list [32m204[0m 10.465 ms - 0[0m
[0mOPTIONS /api/customer/getUserByEmailId [32m204[0m 0.894 ms - 0[0m
[0mGET /api/location/list [36m304[0m 24.192 ms - -[0m
[0mGET /api/customer/getUserByEmailId [36m304[0m 19.774 ms - -[0m
[0mOPTIONS /api/website/order/create [32m204[0m 0.910 ms - 0[0m
[0mPOST /api/website/order/create [32m200[0m 74.390 ms - 78[0m
[0mOPTIONS /api/customer/getUserByEmailId [32m204[0m 0.885 ms - 0[0m
[0mOPTIONS /api/customer/getUserByEmailId [32m204[0m 0.473 ms - 0[0m
[0mGET /api/customer/getUserByEmailId [36m304[0m 42.152 ms - -[0m
[0mGET /api/website/category/list [36m304[0m 41.946 ms - -[0m
[0mGET /api/customer/getUserByEmailId [36m304[0m 6.015 ms - -[0m
[0mOPTIONS /api/location/list [32m204[0m 4.354 ms - 0[0m
[0mOPTIONS /api/customer/getUserByEmailId [32m204[0m 0.861 ms - 0[0m
[0mOPTIONS /api/customer/getUserByEmailId [32m204[0m 0.727 ms - 0[0m
[0mOPTIONS /api/customer/getUserByEmailId [32m204[0m 0.549 ms - 0[0m
[0mOPTIONS /api/website/order/create [32m204[0m 0.771 ms - 0[0m
[0mPOST /api/website/order/create [32m200[0m 41.836 ms - 96[0m
[0mOPTIONS /api/customer/getUserByEmailId [32m204[0m 1.523 ms - 0[0m
[0mOPTIONS /api/customer/getUserByEmailId [32m204[0m 0.914 ms - 0[0m
[0mGET /api/website/category/list [36m304[0m 95.521 ms - -[0m
[0mGET /api/customer/getUserByEmailId [36m304[0m 111.683 ms - -[0m
[0mGET /api/customer/getUserByEmailId [36m304[0m 9.501 ms - -[0m
