[0mGET /api/website/image/banner?type=0 [32m200[0m 312.308 ms - 523[0m
[0mGET /api/website/popular/category-list [32m200[0m 298.233 ms - 8161[0m
[0mGET /api/website/collection/list [32m200[0m 332.236 ms - 4602[0m
[0mGET /api/website/category/list [32m200[0m 347.414 ms - 30069[0m
[0mGET /api/website/product/new-arrival [32m200[0m 124.493 ms - 68077[0m
[0mGET /api/website/product?type=shampoo [32m200[0m 125.233 ms - 6949[0m
[0mGET /api/website/product/home-kitchen [32m200[0m 460.569 ms - 15246[0m
[0mGET /api/website/product/women-fashion [32m200[0m 462.712 ms - 7718[0m
[0mGET /api/website/product/men-fashion [32m200[0m 118.164 ms - 6402[0m
[0mGET /api/website/product?type=makeup [32m200[0m 129.658 ms - 3194[0m
[0mGET /api/website/flash-sale [32m200[0m 22.675 ms - 49[0m
[0mGET /api/website/image/banner?type=0 [32m200[0m 33.787 ms - 523[0m
[0mGET /api/website/collection/list [32m200[0m 75.616 ms - 4602[0m
[0mGET /api/website/category/list [32m200[0m 80.533 ms - 30069[0m
[0mGET /api/website/popular/category-list [32m200[0m 79.881 ms - 8161[0m
[0mGET /api/website/product/home-kitchen [32m200[0m 115.133 ms - 15246[0m
[0mGET /api/website/product/women-fashion [32m200[0m 115.239 ms - 7718[0m
[0mGET /api/website/flash-sale [32m200[0m 45.317 ms - 49[0m
[0mGET /api/website/product/new-arrival [32m200[0m 56.369 ms - 68077[0m
[0mGET /api/website/product?type=makeup [32m200[0m 149.697 ms - 3194[0m
[0mGET /api/website/product?type=shampoo [32m200[0m 57.831 ms - 6949[0m
[0mGET /api/website/product/men-fashion [32m200[0m 55.415 ms - 6402[0m
[0mGET /api/website/image/banner?type=1 [36m304[0m 54.878 ms - -[0m
[0mGET /api/website/category/list [36m304[0m 82.869 ms - -[0m
[0mGET /api/website/popular/category-list [36m304[0m 86.573 ms - -[0m
[0mGET /api/website/collection/list [36m304[0m 88.656 ms - -[0m
[0mGET /api/website/flash-sale [36m304[0m 6.289 ms - -[0m
[0mGET /api/website/product?type=makeup [36m304[0m 149.051 ms - -[0m
[0mGET /api/website/product/women-fashion [36m304[0m 159.003 ms - -[0m
[0mGET /api/website/product/new-arrival [36m304[0m 80.148 ms - -[0m
[0mGET /api/website/product/men-fashion [36m304[0m 90.716 ms - -[0m
[0mGET /api/website/product/home-kitchen [36m304[0m 164.240 ms - -[0m
[0mGET /api/website/product?type=shampoo [36m304[0m 98.637 ms - -[0m
[0mGET /api/website/category/list [36m304[0m 78.392 ms - -[0m
[0mGET /api/website/image/banner?type=0 [36m304[0m 35.415 ms - -[0m
[0mGET /api/website/category/list [36m304[0m 87.690 ms - -[0m
[0mGET /api/website/popular/category-list [36m304[0m 79.245 ms - -[0m
[0mGET /api/website/collection/list [36m304[0m 78.313 ms - -[0m
[0mGET /api/website/flash-sale [36m304[0m 10.877 ms - -[0m
[0mGET /api/website/product/men-fashion [36m304[0m 55.788 ms - -[0m
[0mGET /api/website/product/women-fashion [36m304[0m 133.562 ms - -[0m
[0mGET /api/website/product?type=makeup [36m304[0m 114.785 ms - -[0m
[0mGET /api/website/product/home-kitchen [36m304[0m 164.929 ms - -[0m
[0mGET /api/website/product?type=shampoo [36m304[0m 83.313 ms - -[0m
[0mGET /api/website/product/new-arrival [36m304[0m 72.453 ms - -[0m
[0mGET /api/website/image/banner?type=0 [36m304[0m 18.773 ms - -[0m
[0mGET /api/website/category/list [36m304[0m 59.659 ms - -[0m
[0mGET /api/website/collection/list [36m304[0m 61.508 ms - -[0m
[0mGET /api/website/popular/category-list [36m304[0m 62.906 ms - -[0m
[0mGET /api/website/flash-sale [36m304[0m 12.708 ms - -[0m
[0mGET /api/website/product?type=makeup [36m304[0m 87.360 ms - -[0m
[0mGET /api/website/product/women-fashion [36m304[0m 109.729 ms - -[0m
[0mGET /api/website/product/home-kitchen [36m304[0m 151.713 ms - -[0m
[0mGET /api/website/product/new-arrival [36m304[0m 82.069 ms - -[0m
[0mGET /api/website/product/men-fashion [36m304[0m 93.996 ms - -[0m
[0mGET /api/website/product?type=shampoo [36m304[0m 99.507 ms - -[0m
[0mGET /api/website/image/banner?type=0 [32m200[0m 31.800 ms - 523[0m
[0mGET /api/website/collection/list [32m200[0m 69.257 ms - 4602[0m
[0mGET /api/website/popular/category-list [32m200[0m 72.668 ms - 8161[0m
[0mGET /api/website/category/list [32m200[0m 106.484 ms - 30069[0m
[0mGET /api/website/product/new-arrival [32m200[0m 123.118 ms - 68077[0m
[0mGET /api/website/product/men-fashion [32m200[0m 143.901 ms - 6402[0m
[0mGET /api/website/product/home-kitchen [32m200[0m 144.192 ms - 15246[0m
[0mGET /api/website/flash-sale [32m200[0m 14.039 ms - 49[0m
[0mGET /api/website/product/women-fashion [32m200[0m 69.558 ms - 7718[0m
[0mGET /api/website/product?type=makeup [32m200[0m 69.894 ms - 3194[0m
[0mGET /api/website/product?type=shampoo [32m200[0m 36.933 ms - 6949[0m
[0mGET /api/website/image/banner?type=0 [32m200[0m 23.798 ms - 523[0m
[0mGET /api/website/popular/category-list [32m200[0m 49.966 ms - 8161[0m
[0mGET /api/website/collection/list [32m200[0m 48.060 ms - 4602[0m
[0mGET /api/website/category/list [32m200[0m 55.098 ms - 30069[0m
[0mGET /api/website/flash-sale [32m200[0m 5.407 ms - 49[0m
[0mGET /api/website/product/home-kitchen [32m200[0m 126.827 ms - 15246[0m
[0mGET /api/website/product/women-fashion [32m200[0m 125.864 ms - 7718[0m
[0mGET /api/website/product/men-fashion [32m200[0m 75.224 ms - 6402[0m
[0mGET /api/website/product/new-arrival [32m200[0m 74.385 ms - 68077[0m
[0mGET /api/website/product?type=makeup [32m200[0m 93.519 ms - 3194[0m
[0mGET /api/website/product?type=shampoo [32m200[0m 82.578 ms - 6949[0m
[0mGET /api/website/image/banner?type=0 [32m200[0m 27.119 ms - 523[0m
[0mGET /api/website/collection/list [32m200[0m 46.644 ms - 4602[0m
[0mGET /api/website/popular/category-list [32m200[0m 48.886 ms - 8161[0m
[0mGET /api/website/category/list [32m200[0m 58.255 ms - 30069[0m
[0mGET /api/website/flash-sale [32m200[0m 5.050 ms - 49[0m
[0mGET /api/website/product/women-fashion [32m200[0m 87.869 ms - 7718[0m
[0mGET /api/website/product/home-kitchen [32m200[0m 91.431 ms - 15246[0m
[0mGET /api/website/product?type=makeup [32m200[0m 84.308 ms - 3194[0m
[0mGET /api/website/product/men-fashion [32m200[0m 58.526 ms - 6402[0m
[0mGET /api/website/product/new-arrival [32m200[0m 61.402 ms - 68077[0m
[0mGET /api/website/product?type=shampoo [32m200[0m 74.067 ms - 6949[0m
[0mGET /api/website/image/banner?type=1 [32m200[0m 16.967 ms - 532[0m
[0mGET /api/website/collection/list [32m200[0m 40.646 ms - 4602[0m
[0mGET /api/website/popular/category-list [32m200[0m 42.803 ms - 8161[0m
[0mGET /api/website/category/list [32m200[0m 49.745 ms - 30069[0m
[0mGET /api/website/category/list [32m200[0m 54.110 ms - 30069[0m
[0mGET /api/website/product/home-kitchen [32m200[0m 102.821 ms - 15246[0m
[0mGET /api/website/product/women-fashion [32m200[0m 102.018 ms - 7718[0m
[0mGET /api/website/product?type=makeup [32m200[0m 58.516 ms - 3194[0m
[0mGET /api/website/flash-sale [32m200[0m 54.097 ms - 49[0m
[0mGET /api/website/product?type=shampoo [32m200[0m 100.837 ms - 6949[0m
[0mGET /api/website/product/new-arrival [32m200[0m 42.666 ms - 68077[0m
[0mGET /api/website/product/men-fashion [32m200[0m 97.953 ms - 6402[0m
[0mGET /api/website/image/banner?type=1 [32m200[0m 26.091 ms - 532[0m
[0mGET /api/website/collection/list [32m200[0m 61.557 ms - 4602[0m
[0mGET /api/website/popular/category-list [32m200[0m 63.070 ms - 8161[0m
[0mGET /api/website/category/list [32m200[0m 67.602 ms - 30069[0m
[0mGET /api/website/category/list [32m200[0m 72.862 ms - 30069[0m
[0mGET /api/website/flash-sale [32m200[0m 3.137 ms - 49[0m
[0mGET /api/website/product/home-kitchen [32m200[0m 93.730 ms - 15246[0m
[0mGET /api/website/product/women-fashion [32m200[0m 72.000 ms - 7718[0m
[0mGET /api/website/product?type=shampoo [32m200[0m 57.211 ms - 6949[0m
[0mGET /api/website/product/men-fashion [32m200[0m 55.207 ms - 6402[0m
[0mGET /api/website/product/new-arrival [32m200[0m 52.805 ms - 68077[0m
[0mGET /api/website/product?type=makeup [32m200[0m 62.994 ms - 3194[0m
[0mGET /api/website/image/banner?type=1 [32m200[0m 24.029 ms - 532[0m
[0mGET /api/website/category/list [32m200[0m 83.070 ms - 30069[0m
[0mGET /api/website/collection/list [32m200[0m 129.191 ms - 4602[0m
[0mGET /api/website/popular/category-list [32m200[0m 136.417 ms - 8161[0m
[0mGET /api/website/category/list [32m200[0m 145.079 ms - 30069[0m
[0mGET /api/website/flash-sale [32m200[0m 8.024 ms - 49[0m
[0mGET /api/website/product/home-kitchen [32m200[0m 169.629 ms - 15246[0m
[0mGET /api/website/product/women-fashion [32m200[0m 165.670 ms - 7718[0m
[0mGET /api/website/product/men-fashion [32m200[0m 64.672 ms - 6402[0m
[0mGET /api/website/product?type=makeup [32m200[0m 86.433 ms - 3194[0m
[0mGET /api/website/product/new-arrival [32m200[0m 59.779 ms - 68077[0m
[0mGET /api/website/product?type=shampoo [32m200[0m 75.764 ms - 6949[0m
[0mGET /api/website/image/banner?type=0 [32m200[0m 41.153 ms - 523[0m
[0mGET /api/website/category/list [32m200[0m 93.072 ms - 30069[0m
[0mGET /api/website/popular/category-list [32m200[0m 95.557 ms - 8161[0m
[0mGET /api/website/collection/list [32m200[0m 96.520 ms - 4602[0m
[0mGET /api/website/flash-sale [32m200[0m 25.390 ms - 49[0m
[0mGET /api/website/product/men-fashion [32m200[0m 202.645 ms - 6402[0m
[0mGET /api/website/product/new-arrival [32m200[0m 116.574 ms - 68077[0m
[0mGET /api/website/product/women-fashion [32m200[0m 128.155 ms - 7718[0m
[0mGET /api/website/product/home-kitchen [32m200[0m 216.971 ms - 15246[0m
[0mGET /api/website/product?type=shampoo [32m200[0m 133.218 ms - 6949[0m
[0mGET /api/website/product?type=makeup [32m200[0m 137.470 ms - 3194[0m
[0mGET /api/website/image/banner?type=0 [36m304[0m 24.498 ms - -[0m
[0mGET /api/website/popular/category-list [36m304[0m 24.211 ms - -[0m
[0mGET /api/website/flash-sale [36m304[0m 21.613 ms - -[0m
[0mGET /api/website/collection/list [36m304[0m 16.036 ms - -[0m
[0mGET /api/website/product/home-kitchen [36m304[0m 78.749 ms - -[0m
[0mGET /api/website/product?type=makeup [36m304[0m 136.318 ms - -[0m
[0mGET /api/website/product/women-fashion [36m304[0m 161.507 ms - -[0m
[0mGET /api/website/product/new-arrival [36m304[0m 143.750 ms - -[0m
[0mGET /api/website/product/men-fashion [36m304[0m 162.211 ms - -[0m
[0mGET /api/website/product?type=shampoo [36m304[0m 174.868 ms - -[0m
[0mGET /api/website/image/banner?type=0 [32m200[0m 27.060 ms - 523[0m
[0mGET /api/website/category/list [32m200[0m 65.770 ms - 30069[0m
[0mGET /api/website/collection/list [32m200[0m 75.599 ms - 4602[0m
[0mGET /api/website/popular/category-list [32m200[0m 77.124 ms - 8161[0m
[0mGET /api/website/product/new-arrival [32m200[0m 62.542 ms - 68077[0m
[0mGET /api/website/product/home-kitchen [32m200[0m 141.230 ms - 15246[0m
[0mGET /api/website/product/men-fashion [32m200[0m 85.811 ms - 6402[0m
[0mGET /api/website/product/women-fashion [32m200[0m 141.717 ms - 7718[0m
[0mGET /api/website/product?type=makeup [32m200[0m 76.131 ms - 3194[0m
[0mGET /api/website/flash-sale [32m200[0m 7.238 ms - 49[0m
[0mGET /api/website/product?type=shampoo [32m200[0m 77.271 ms - 6949[0m
[0mGET /api/website/catalog/category/search?queryString=android [32m200[0m 106.602 ms - 1954[0m
[0mGET /api/website/catalog/product/search?filter_category=android [32m200[0m 201.002 ms - 11811[0m
[0mGET /api/website/image/banner?type=0 [36m304[0m 15.585 ms - -[0m
[0mGET /api/website/popular/category-list [36m304[0m 15.927 ms - -[0m
[0mGET /api/website/collection/list [36m304[0m 13.693 ms - -[0m
[0mGET /api/website/flash-sale [36m304[0m 4.888 ms - -[0m
[0mGET /api/website/product/women-fashion [36m304[0m 55.191 ms - -[0m
[0mGET /api/website/product?type=shampoo [36m304[0m 44.006 ms - -[0m
[0mGET /api/website/product/men-fashion [36m304[0m 49.564 ms - -[0m
[0mGET /api/website/product/new-arrival [36m304[0m 45.468 ms - -[0m
[0mGET /api/website/product?type=makeup [36m304[0m 64.551 ms - -[0m
[0mGET /api/website/product/home-kitchen [36m304[0m 65.875 ms - -[0m
[0mGET /api/website/catalog/category/search?queryString=Tulsi%20Cosmetic [32m200[0m 17.799 ms - 62[0m
[0mGET /api/website/catalog/product/search?filter_category=Tulsi%20Cosmetic [32m200[0m 123.100 ms - 20208[0m
[0mGET /api/website/image/banner?type=0 [36m304[0m 11.564 ms - -[0m
[0mGET /api/website/popular/category-list [36m304[0m 14.682 ms - -[0m
[0mGET /api/website/collection/list [36m304[0m 16.599 ms - -[0m
[0mGET /api/website/flash-sale [36m304[0m 4.272 ms - -[0m
[0mGET /api/website/product/home-kitchen [36m304[0m 69.629 ms - -[0m
[0mGET /api/website/product/women-fashion [36m304[0m 133.353 ms - -[0m
[0mGET /api/website/product/men-fashion [36m304[0m 115.740 ms - -[0m
[0mGET /api/website/product?type=makeup [36m304[0m 133.988 ms - -[0m
[0mGET /api/website/product/new-arrival [36m304[0m 121.014 ms - -[0m
[0mGET /api/website/product?type=shampoo [36m304[0m 135.297 ms - -[0m
[0mGET /api/website/image/banner?type=0 [36m304[0m 13.332 ms - -[0m
[0mGET /api/website/category/list [36m304[0m 33.737 ms - -[0m
[0mGET /api/website/collection/list [36m304[0m 39.730 ms - -[0m
[0mGET /api/website/popular/category-list [36m304[0m 44.406 ms - -[0m
[0mGET /api/website/flash-sale [36m304[0m 11.951 ms - -[0m
[0mGET /api/website/product/new-arrival [36m304[0m 64.582 ms - -[0m
[0mGET /api/website/product/women-fashion [36m304[0m 113.505 ms - -[0m
[0mGET /api/website/product/home-kitchen [36m304[0m 114.704 ms - -[0m
[0mGET /api/website/product?type=makeup [36m304[0m 110.428 ms - -[0m
[0mGET /api/website/product/men-fashion [36m304[0m 71.578 ms - -[0m
[0mGET /api/website/product?type=shampoo [36m304[0m 82.636 ms - -[0m
[0mGET /api/website/image/banner?type=0 [36m304[0m 12.825 ms - -[0m
[0mGET /api/website/collection/list [36m304[0m 16.769 ms - -[0m
[0mGET /api/website/popular/category-list [36m304[0m 21.332 ms - -[0m
[0mGET /api/website/flash-sale [36m304[0m 6.249 ms - -[0m
[0mGET /api/website/product/women-fashion [36m304[0m 66.903 ms - -[0m
[0mGET /api/website/product/home-kitchen [36m304[0m 67.354 ms - -[0m
[0mGET /api/website/product/new-arrival [36m304[0m 42.025 ms - -[0m
[0mGET /api/website/product?type=makeup [36m304[0m 69.590 ms - -[0m
[0mGET /api/website/product/men-fashion [36m304[0m 46.613 ms - -[0m
[0mGET /api/website/product?type=shampoo [36m304[0m 66.819 ms - -[0m
[0mGET /api/website/image/banner?type=0 [32m200[0m 20.427 ms - 523[0m
[0mGET /api/website/collection/list [32m200[0m 59.011 ms - 4602[0m
[0mGET /api/website/category/list [32m200[0m 63.685 ms - 30069[0m
[0mGET /api/website/popular/category-list [32m200[0m 64.025 ms - 8161[0m
[0mGET /api/website/flash-sale [32m200[0m 4.693 ms - 49[0m
[0mGET /api/website/product/women-fashion [32m200[0m 75.103 ms - 7718[0m
[0mGET /api/website/product?type=makeup [32m200[0m 104.557 ms - 3194[0m
[0mGET /api/website/product/home-kitchen [32m200[0m 113.984 ms - 15246[0m
[0mGET /api/website/product/new-arrival [32m200[0m 49.374 ms - 68077[0m
[0mGET /api/website/product/men-fashion [32m200[0m 54.714 ms - 6402[0m
[0mGET /api/website/product?type=shampoo [32m200[0m 58.831 ms - 6949[0m
[0mGET /api/website/image/banner?type=0 [36m304[0m 89.247 ms - -[0m
[0mGET /api/website/collection/list [36m304[0m 107.213 ms - -[0m
[0mGET /api/website/popular/category-list [36m304[0m 110.170 ms - -[0m
[0mGET /api/website/category/list [36m304[0m 117.675 ms - -[0m
[0mGET /api/website/flash-sale [36m304[0m 8.457 ms - -[0m
[0mGET /api/website/product/home-kitchen [36m304[0m 286.331 ms - -[0m
[0mGET /api/website/product/women-fashion [36m304[0m 286.386 ms - -[0m
[0mGET /api/website/product?type=makeup [36m304[0m 215.726 ms - -[0m
[0mGET /api/website/product/men-fashion [36m304[0m 204.212 ms - -[0m
[0mGET /api/website/product?type=shampoo [36m304[0m 206.836 ms - -[0m
[0mGET /api/website/product/new-arrival [32m200[0m 232.935 ms - 68077[0m
[0mGET /api/website/image/banner?type=0 [36m304[0m 44.516 ms - -[0m
[0mGET /api/website/popular/category-list [36m304[0m 61.058 ms - -[0m
[0mGET /api/website/collection/list [36m304[0m 61.000 ms - -[0m
[0mGET /api/website/category/list [36m304[0m 65.004 ms - -[0m
[0mGET /api/website/flash-sale [36m304[0m 3.896 ms - -[0m
[0mGET /api/website/product/home-kitchen [36m304[0m 82.843 ms - -[0m
[0mGET /api/website/product?type=makeup [36m304[0m 82.929 ms - -[0m
[0mGET /api/website/product/women-fashion [36m304[0m 32.339 ms - -[0m
[0mGET /api/website/product/men-fashion [36m304[0m 42.650 ms - -[0m
[0mGET /api/website/product/new-arrival [36m304[0m 40.262 ms - -[0m
[0mGET /api/website/product?type=shampoo [36m304[0m 56.303 ms - -[0m
[0mGET /api/website/collection/list [32m200[0m 103.149 ms - 4602[0m
[0mGET /api/website/image/banner?type=1 [32m200[0m 117.849 ms - 532[0m
[0mGET /api/website/popular/category-list [32m200[0m 105.565 ms - 8161[0m
[0mGET /api/website/category/list [32m200[0m 109.654 ms - 30069[0m
[0mGET /api/website/category/list [32m200[0m 109.779 ms - 30069[0m
[0mGET /api/website/flash-sale [32m200[0m 9.786 ms - 49[0m
[0mGET /api/website/product/home-kitchen [32m200[0m 153.724 ms - 15246[0m
[0mGET /api/website/product/men-fashion [32m200[0m 40.674 ms - 6402[0m
[0mGET /api/website/product/women-fashion [32m200[0m 44.756 ms - 7718[0m
[0mGET /api/website/product?type=shampoo [32m200[0m 41.161 ms - 6949[0m
[0mGET /api/website/product?type=makeup [32m200[0m 41.749 ms - 3194[0m
[0mGET /api/website/product/new-arrival [32m200[0m 52.328 ms - 68077[0m
[0mGET /api/website/image/banner?type=1 [32m200[0m 32.516 ms - 532[0m
[0mGET /api/website/popular/category-list [32m200[0m 91.970 ms - 8161[0m
[0mGET /api/website/collection/list [32m200[0m 91.426 ms - 4602[0m
[0mGET /api/website/category/list [32m200[0m 120.697 ms - 30069[0m
[0mGET /api/website/category/list [32m200[0m 135.806 ms - 30069[0m
[0mGET /api/website/flash-sale [32m200[0m 6.588 ms - 49[0m
[0mGET /api/website/product/home-kitchen [32m200[0m 193.720 ms - 15246[0m
[0mGET /api/website/product/women-fashion [32m200[0m 185.560 ms - 7718[0m
[0mGET /api/website/product/men-fashion [32m200[0m 81.260 ms - 6402[0m
[0mGET /api/website/product/new-arrival [32m200[0m 52.411 ms - 68077[0m
[0mGET /api/website/product?type=makeup [32m200[0m 123.244 ms - 3194[0m
[0mGET /api/website/product?type=shampoo [32m200[0m 122.848 ms - 6949[0m
[0mGET /api/website/image/banner?type=0 [32m200[0m 28.934 ms - 523[0m
[0mGET /api/website/collection/list [32m200[0m 42.156 ms - 4602[0m
[0mGET /api/website/popular/category-list [32m200[0m 43.843 ms - 8161[0m
[0mGET /api/website/category/list [32m200[0m 47.814 ms - 30069[0m
[0mGET /api/website/flash-sale [32m200[0m 3.804 ms - 49[0m
[0mGET /api/website/product/home-kitchen [32m200[0m 70.290 ms - 15246[0m
[0mGET /api/website/product/men-fashion [32m200[0m 36.916 ms - 6402[0m
[0mGET /api/website/product?type=shampoo [32m200[0m 40.973 ms - 6949[0m
[0mGET /api/website/product/women-fashion [32m200[0m 82.741 ms - 7718[0m
[0mGET /api/website/product?type=makeup [32m200[0m 42.524 ms - 3194[0m
[0mGET /api/website/product/new-arrival [32m200[0m 35.572 ms - 68077[0m
