[0mGET /api/website/image/banner?type=0 [32m200[0m 89.307 ms - 523[0m
[0mGET /api/website/category/list [32m200[0m 133.158 ms - 30069[0m
[0mGET /api/website/popular/category-list [32m200[0m 142.095 ms - 8161[0m
[0mGET /api/website/collection/list [32m200[0m 142.399 ms - 4602[0m
[0mGET /api/website/flash-sale [32m200[0m 10.724 ms - 49[0m
[0mGET /api/website/product/women-fashion [32m200[0m 200.042 ms - 7718[0m
[0mGET /api/website/product?type=makeup [32m200[0m 140.930 ms - 3194[0m
[0mGET /api/website/product/home-kitchen [32m200[0m 202.823 ms - 15246[0m
[0mGET /api/website/product/men-fashion [32m200[0m 63.091 ms - 6402[0m
[0mGET /api/website/product?type=shampoo [32m200[0m 72.546 ms - 6949[0m
[0mGET /api/website/product/new-arrival [32m200[0m 102.975 ms - 68077[0m
[0mGET /api/website/image/banner?type=1 [32m200[0m 117.051 ms - 532[0m
[0mGET /api/website/popular/category-list [32m200[0m 95.839 ms - 8161[0m
[0mGET /api/website/collection/list [32m200[0m 93.234 ms - 4602[0m
[0mGET /api/website/category/list [32m200[0m 103.667 ms - 30069[0m
[0mGET /api/website/flash-sale [32m200[0m 6.724 ms - 49[0m
[0mGET /api/website/product/women-fashion [32m200[0m 163.997 ms - 7718[0m
[0mGET /api/website/product/home-kitchen [32m200[0m 165.667 ms - 15246[0m
[0mGET /api/website/product/men-fashion [32m200[0m 68.510 ms - 6402[0m
[0mGET /api/website/product?type=shampoo [32m200[0m 80.666 ms - 6949[0m
[0mGET /api/website/product/new-arrival [32m200[0m 139.614 ms - 68077[0m
[0mGET /api/website/category/list [36m304[0m 19.235 ms - -[0m
[0mGET /api/website/product?type=makeup [32m200[0m 165.918 ms - 3194[0m
[0mGET /api/website/category/list [36m304[0m 62.810 ms - -[0m
[0mGET /api/website/category/list [36m304[0m 34.842 ms - -[0m
[0mGET /api/website/category/list [36m304[0m 25.682 ms - -[0m
[0mGET /api/website/category/list [36m304[0m 38.303 ms - -[0m
[0mGET /api/website/catalog/category/search?queryString=heajth-care [32m200[0m 97.492 ms - 1014[0m
[0mGET /api/website/category/list [36m304[0m 27.597 ms - -[0m
[0mGET /api/website/catalog/category/search?queryString=personal-care [32m200[0m 431.032 ms - 7856[0m
[0mGET /api/website/category/list [36m304[0m 39.900 ms - -[0m
[0mGET /api/website/catalog/product/search?filter_category=heajth-care [32m200[0m 531.609 ms - 4295[0m
[0mGET /api/website/catalog/product/search?filter_category=personal-care [32m200[0m 508.530 ms - 19347[0m
[0mGET /api/website/category/list [36m304[0m 16.685 ms - -[0m
[0mGET /api/website/category/list [36m304[0m 13.097 ms - -[0m
[0mGET /api/website/catalog/category/search?queryString=women%20grooming [32m200[0m 33.797 ms - 859[0m
[0mGET /api/website/catalog/product/search?filter_category=women%20grooming [32m200[0m 67.526 ms - 1508[0m
[0mGET /api/website/category/list [36m304[0m 14.239 ms - -[0m
[0mGET /api/website/category/list [36m304[0m 15.246 ms - -[0m
[0mGET /api/website/catalog/category/search?queryString=face-care [32m200[0m 58.305 ms - 3133[0m
[0mGET /api/website/category/list [36m304[0m 19.015 ms - -[0m
[0mGET /api/website/catalog/product/search?filter_category=face-care [32m200[0m 114.470 ms - 19264[0m
[0mGET /api/website/category/list [36m304[0m 15.269 ms - -[0m
[0mGET /api/website/catalog/category/search?queryString=makeup [32m200[0m 48.505 ms - 1471[0m
[0mGET /api/website/category/list [36m304[0m 18.062 ms - -[0m
[0mGET /api/website/catalog/product/search?filter_category=makeup [32m200[0m 90.929 ms - 4929[0m
[0mGET /api/website/category/list [36m304[0m 24.815 ms - -[0m
[0mGET /api/website/catalog/category/search?queryString=mens-grooming [32m200[0m 67.074 ms - 1474[0m
[0mGET /api/website/catalog/product/search?filter_category=mens-grooming [32m200[0m 98.115 ms - 15833[0m
[0mGET /api/website/category/list [36m304[0m 12.836 ms - -[0m
[0mGET /api/website/category/list [36m304[0m 19.213 ms - -[0m
[0mGET /api/website/catalog/category/search?queryString=oral-care [32m200[0m 32.697 ms - 1173[0m
[0mGET /api/website/catalog/product/search?filter_category=oral-care [32m200[0m 91.246 ms - 6084[0m
[0mGET /api/website/category/list [36m304[0m 12.974 ms - -[0m
[0mGET /api/website/catalog/category/search?queryString=skin-care [32m200[0m 38.483 ms - 2140[0m
[0mGET /api/website/category/list [36m304[0m 26.206 ms - -[0m
[0mGET /api/website/catalog/product/search?filter_category=skin-care [32m200[0m 83.897 ms - 16546[0m
[0mGET /api/website/category/list [36m304[0m 13.235 ms - -[0m
[0mGET /api/website/category/list [36m304[0m 15.391 ms - -[0m
[0mGET /api/website/catalog/category/search?queryString=hair-care [32m200[0m 66.529 ms - 3975[0m
[0mGET /api/website/catalog/product/search?filter_category=hair-care [32m200[0m 83.712 ms - 15384[0m
[0mGET /api/website/category/list [36m304[0m 19.718 ms - -[0m
[0mGET /api/website/category/list [36m304[0m 18.952 ms - -[0m
[0mGET /api/website/catalog/category/search?queryString=fragrances-and-deos [32m200[0m 63.012 ms - 1329[0m
[0mGET /api/website/catalog/product/search?filter_category=fragrances-and-deos [32m200[0m 91.883 ms - 12818[0m
[0mGET /api/website/category/list [36m304[0m 14.785 ms - -[0m
[0mGET /api/website/category/list [36m304[0m 13.373 ms - -[0m
[0mGET /api/website/catalog/category/search?queryString=feminine-hygiene [32m200[0m 44.786 ms - 1161[0m
[0mGET /api/website/catalog/product/search?filter_category=feminine-hygiene [32m200[0m 80.821 ms - 9309[0m
[0mGET /api/website/category/list [36m304[0m 15.253 ms - -[0m
[0mGET /api/website/category/list [36m304[0m 29.964 ms - -[0m
[0mGET /api/website/catalog/category/search?queryString=bath-and-hand-wash [32m200[0m 44.722 ms - 2165[0m
[0mGET /api/website/catalog/product/search?filter_category=bath-and-hand-wash [32m200[0m 98.544 ms - 16392[0m
[0mGET /api/website/category/list [36m304[0m 13.569 ms - -[0m
[0mGET /api/website/catalog/category/search?queryString=electronics-mobile-phones [32m200[0m 18.174 ms - 62[0m
[0mGET /api/website/category/list [36m304[0m 32.796 ms - -[0m
[0mGET /api/website/catalog/product/search?filter_category=electronics-mobile-phones [32m200[0m 52.056 ms - 62[0m
[0mGET /api/website/category/list [36m304[0m 14.507 ms - -[0m
[0mGET /api/website/category/list [36m304[0m 13.619 ms - -[0m
[0mGET /api/website/catalog/category/search?queryString=Network%20Components [32m200[0m 36.073 ms - 639[0m
[0mGET /api/website/catalog/product/search?filter_category=Network%20Components [32m200[0m 79.042 ms - 62[0m
[0mGET /api/website/category/list [36m304[0m 15.404 ms - -[0m
[0mGET /api/website/category/list [36m304[0m 15.032 ms - -[0m
[0mGET /api/website/catalog/category/search?queryString=Cameras [32m200[0m 30.594 ms - 770[0m
[0mGET /api/website/catalog/product/search?filter_category=Cameras [32m200[0m 77.079 ms - 62[0m
[0mGET /api/website/category/list [36m304[0m 13.520 ms - -[0m
[0mGET /api/website/category/list [36m304[0m 13.245 ms - -[0m
[0mGET /api/website/catalog/category/search?queryString=Speakers [32m200[0m 27.668 ms - 757[0m
[0mGET /api/website/catalog/product/search?filter_category=Speakers [32m200[0m 67.396 ms - 62[0m
[0mGET /api/website/category/list [36m304[0m 12.905 ms - -[0m
[0mGET /api/website/category/list [36m304[0m 14.774 ms - -[0m
[0mGET /api/website/catalog/category/search?queryString=Tablets [32m200[0m 28.696 ms - 604[0m
[0mGET /api/website/catalog/product/search?filter_category=Tablets [32m200[0m 58.444 ms - 62[0m
[0mGET /api/website/category/list [36m304[0m 13.465 ms - -[0m
[0mGET /api/website/category/list [36m304[0m 11.150 ms - -[0m
[0mGET /api/website/catalog/category/search?queryString=Computer%20Accessories [32m200[0m 26.214 ms - 844[0m
[0mGET /api/website/catalog/product/search?filter_category=Computer%20Accessories [32m200[0m 65.260 ms - 62[0m
[0mGET /api/website/category/list [36m304[0m 14.200 ms - -[0m
[0mGET /api/website/category/list [36m304[0m 16.567 ms - -[0m
[0mGET /api/website/catalog/category/search?queryString=Desktops [32m200[0m 36.283 ms - 705[0m
[0mGET /api/website/catalog/product/search?filter_category=Desktops [32m200[0m 81.996 ms - 501[0m
[0mGET /api/website/category/list [36m304[0m 12.926 ms - -[0m
[0mGET /api/website/category/list [36m304[0m 14.239 ms - -[0m
[0mGET /api/website/catalog/category/search?queryString=Laptops [32m200[0m 34.754 ms - 740[0m
[0mGET /api/website/catalog/product/search?filter_category=Laptops [32m200[0m 82.378 ms - 62[0m
[0mGET /api/website/category/list [36m304[0m 12.189 ms - -[0m
[0mGET /api/website/category/list [36m304[0m 10.545 ms - -[0m
[0mGET /api/website/catalog/category/search?queryString=health-care-appliances [32m200[0m 23.123 ms - 884[0m
[0mGET /api/website/catalog/product/search?filter_category=health-care-appliances [32m200[0m 61.754 ms - 62[0m
[0mGET /api/website/category/list [36m304[0m 13.313 ms - -[0m
[0mGET /api/website/category/list [36m304[0m 13.690 ms - -[0m
[0mGET /api/website/catalog/category/search?queryString=other-phone [32m200[0m 29.222 ms - 628[0m
[0mGET /api/website/catalog/product/search?filter_category=other-phone [32m200[0m 65.255 ms - 62[0m
[0mGET /api/website/category/list [36m304[0m 13.591 ms - -[0m
[0mGET /api/website/category/list [36m304[0m 13.546 ms - -[0m
[0mGET /api/website/catalog/category/search?queryString=mobile-phone-accessories [32m200[0m 40.132 ms - 1629[0m
[0mGET /api/website/catalog/product/search?filter_category=mobile-phone-accessories [32m200[0m 80.596 ms - 8572[0m
[0mGET /api/website/category/list [36m304[0m 14.101 ms - -[0m
[0mGET /api/website/category/list [36m304[0m 12.880 ms - -[0m
[0mGET /api/website/catalog/category/search?queryString=i-phone [32m200[0m 36.958 ms - 535[0m
[0mGET /api/website/catalog/product/search?filter_category=i-phone [32m200[0m 73.781 ms - 62[0m
[0mGET /api/website/category/list [36m304[0m 11.600 ms - -[0m
[0mGET /api/website/category/list [36m304[0m 13.056 ms - -[0m
[0mGET /api/website/catalog/category/search?queryString=android [32m200[0m 46.576 ms - 1954[0m
[0mGET /api/website/catalog/product/search?filter_category=android [32m200[0m 69.066 ms - 11811[0m
[0mGET /api/website/image/banner?type=0 [36m304[0m 43.354 ms - -[0m
[0mGET /api/website/category/list [36m304[0m 84.702 ms - -[0m
[0mGET /api/website/popular/category-list [36m304[0m 93.525 ms - -[0m
[0mGET /api/website/collection/list [36m304[0m 93.364 ms - -[0m
[0mGET /api/website/flash-sale [36m304[0m 13.110 ms - -[0m
[0mGET /api/website/product/women-fashion [36m304[0m 112.629 ms - -[0m
[0mGET /api/website/product?type=makeup [36m304[0m 178.279 ms - -[0m
[0mGET /api/website/product/new-arrival [36m304[0m 91.741 ms - -[0m
[0mGET /api/website/product/home-kitchen [36m304[0m 203.769 ms - -[0m
[0mGET /api/website/product?type=shampoo [36m304[0m 203.101 ms - -[0m
[0mGET /api/website/product/men-fashion [36m304[0m 102.620 ms - -[0m
[0mGET /api/website/relatedProduct?productId=6382&slug=naviforce-mens-stainless-steel-waterproof-watches-casual-fashion-multifunctional-day-date-analog-quartz-wristwatch [32m200[0m 217.538 ms - 1366[0m
[0mGET /api/website/product/detail?productId=6382&slug=naviforce-mens-stainless-steel-waterproof-watches-casual-fashion-multifunctional-day-date-analog-quartz-wristwatch [32m200[0m 276.837 ms - 9653[0m
[0mGET /api/website/image/banner?type=0 [36m304[0m 23.259 ms - -[0m
[0mGET /api/website/popular/category-list [36m304[0m 45.139 ms - -[0m
[0mGET /api/website/collection/list [36m304[0m 50.725 ms - -[0m
[0mGET /api/website/flash-sale [36m304[0m 46.665 ms - -[0m
[0mGET /api/website/product/home-kitchen [36m304[0m 140.418 ms - -[0m
[0mGET /api/website/product?type=shampoo [36m304[0m 95.805 ms - -[0m
[0mGET /api/website/product/women-fashion [36m304[0m 136.445 ms - -[0m
[0mGET /api/website/product/new-arrival [36m304[0m 88.027 ms - -[0m
[0mGET /api/website/product?type=makeup [36m304[0m 102.418 ms - -[0m
[0mGET /api/website/product/men-fashion [36m304[0m 90.040 ms - -[0m
[0mGET /api/website/product/detail?productId=6485&slug=pantene-pro-v-advance-hair-fall-solution-sampoo [32m200[0m 140.796 ms - 1594[0m
[0mGET /api/website/relatedProduct?productId=6485&slug=pantene-pro-v-advance-hair-fall-solution-sampoo [32m200[0m 130.683 ms - 17326[0m
[0mGET /api/website/image/banner?type=0 [36m304[0m 22.906 ms - -[0m
[0mGET /api/website/popular/category-list [36m304[0m 31.816 ms - -[0m
[0mGET /api/website/collection/list [36m304[0m 36.453 ms - -[0m
[0mGET /api/website/flash-sale [36m304[0m 8.541 ms - -[0m
[0mGET /api/website/product/new-arrival [36m304[0m 78.441 ms - -[0m
[0mGET /api/website/product/home-kitchen [36m304[0m 119.483 ms - -[0m
[0mGET /api/website/product?type=shampoo [36m304[0m 92.542 ms - -[0m
[0mGET /api/website/product/men-fashion [36m304[0m 81.664 ms - -[0m
[0mGET /api/website/product/women-fashion [36m304[0m 114.879 ms - -[0m
[0mGET /api/website/product?type=makeup [36m304[0m 114.555 ms - -[0m
[0mGET /api/website/popular/category-list [36m304[0m 69.059 ms - -[0m
[0mGET /api/website/collection/list [36m304[0m 65.965 ms - -[0m
[0mGET /api/website/image/banner?type=0 [36m304[0m 97.781 ms - -[0m
[0mGET /api/website/category/list [36m304[0m 80.844 ms - -[0m
[0mGET /api/website/flash-sale [36m304[0m 7.369 ms - -[0m
[0mGET /api/website/product/women-fashion [36m304[0m 100.991 ms - -[0m
[0mGET /api/website/product/men-fashion [36m304[0m 29.831 ms - -[0m
[0mGET /api/website/product/home-kitchen [36m304[0m 102.650 ms - -[0m
[0mGET /api/website/product?type=shampoo [36m304[0m 32.927 ms - -[0m
[0mGET /api/website/product?type=makeup [36m304[0m 33.398 ms - -[0m
[0mGET /api/website/product/new-arrival [36m304[0m 47.709 ms - -[0m
[0mGET /api/website/image/banner?type=0 [36m304[0m 14.938 ms - -[0m
[0mGET /api/website/collection/list [36m304[0m 36.229 ms - -[0m
[0mGET /api/website/popular/category-list [36m304[0m 37.318 ms - -[0m
[0mGET /api/website/category/list [36m304[0m 43.436 ms - -[0m
[0mGET /api/website/flash-sale [36m304[0m 4.003 ms - -[0m
[0mGET /api/website/product/women-fashion [36m304[0m 64.233 ms - -[0m
[0mGET /api/website/product/men-fashion [36m304[0m 75.611 ms - -[0m
[0mGET /api/website/product?type=makeup [36m304[0m 110.853 ms - -[0m
[0mGET /api/website/product/new-arrival [36m304[0m 86.534 ms - -[0m
[0mGET /api/website/product/home-kitchen [36m304[0m 136.416 ms - -[0m
[0mGET /api/website/product?type=shampoo [36m304[0m 100.893 ms - -[0m
[0mGET /api/website/image/banner?type=0 [36m304[0m 13.251 ms - -[0m
[0mGET /api/website/popular/category-list [36m304[0m 22.094 ms - -[0m
[0mGET /api/website/collection/list [36m304[0m 34.298 ms - -[0m
[0mGET /api/website/flash-sale [36m304[0m 5.377 ms - -[0m
[0mGET /api/website/product/women-fashion [36m304[0m 52.635 ms - -[0m
[0mGET /api/website/product/home-kitchen [36m304[0m 87.754 ms - -[0m
[0mGET /api/website/product?type=makeup [36m304[0m 87.349 ms - -[0m
[0mGET /api/website/product/men-fashion [36m304[0m 55.504 ms - -[0m
[0mGET /api/website/product?type=shampoo [36m304[0m 74.680 ms - -[0m
[0mGET /api/website/product/new-arrival [36m304[0m 46.569 ms - -[0m
[0mGET /api/website/image/banner?type=0 [32m200[0m 25.454 ms - 523[0m
[0mGET /api/website/popular/category-list [32m200[0m 32.555 ms - 8161[0m
[0mGET /api/website/collection/list [32m200[0m 31.345 ms - 4602[0m
[0mGET /api/website/category/list [32m200[0m 38.264 ms - 30069[0m
[0mGET /api/website/flash-sale [32m200[0m 5.546 ms - 49[0m
[0mGET /api/website/product/home-kitchen [32m200[0m 112.325 ms - 15246[0m
[0mGET /api/website/product?type=shampoo [32m200[0m 95.134 ms - 6949[0m
[0mGET /api/website/product/men-fashion [32m200[0m 92.038 ms - 6402[0m
[0mGET /api/website/product/women-fashion [32m200[0m 128.101 ms - 7718[0m
[0mGET /api/website/product?type=makeup [32m200[0m 102.671 ms - 3194[0m
[0mGET /api/website/product/new-arrival [32m200[0m 90.808 ms - 68077[0m
[0mGET /api/website/collection/list [32m200[0m 119.677 ms - 4602[0m
[0mGET /api/website/image/banner?type=1 [32m200[0m 166.193 ms - 532[0m
[0mGET /api/website/popular/category-list [32m200[0m 129.752 ms - 8161[0m
[0mGET /api/website/category/list [32m200[0m 136.734 ms - 30069[0m
[0mGET /api/website/flash-sale [32m200[0m 6.728 ms - 49[0m
[0mGET /api/website/product/men-fashion [32m200[0m 38.956 ms - 6402[0m
[0mGET /api/website/product/women-fashion [32m200[0m 166.022 ms - 7718[0m
[0mGET /api/website/product?type=shampoo [32m200[0m 41.978 ms - 6949[0m
[0mGET /api/website/product?type=makeup [32m200[0m 46.055 ms - 3194[0m
[0mGET /api/website/product/home-kitchen [32m200[0m 201.785 ms - 15246[0m
[0mGET /api/website/product/new-arrival [32m200[0m 68.341 ms - 68077[0m
[0mGET /api/website/category/list [36m304[0m 94.690 ms - -[0m
[0mGET /api/website/category/list [36m304[0m 46.592 ms - -[0m
[0mGET /api/website/category/list [36m304[0m 47.884 ms - -[0m
[0mGET /api/website/category/list [36m304[0m 28.262 ms - -[0m
[0mGET /api/website/category/list [36m304[0m 19.599 ms - -[0m
[0mGET /api/website/category/list [36m304[0m 297.716 ms - -[0m
[0mGET /api/website/catalog/category/search?queryString=personal-care [32m200[0m 356.533 ms - 7856[0m
[0mGET /api/website/catalog/category/search?queryString=heajth-care [32m200[0m 382.053 ms - 1014[0m
[0mGET /api/website/category/list [36m304[0m 51.169 ms - -[0m
[0mGET /api/website/catalog/product/search?filter_category=personal-care [32m200[0m 449.359 ms - 19347[0m
[0mGET /api/website/catalog/product/search?filter_category=heajth-care [32m200[0m 475.419 ms - 4295[0m
[0mGET /api/website/category/list [36m304[0m 14.231 ms - -[0m
[0mGET /api/website/category/list [36m304[0m 13.316 ms - -[0m
[0mGET /api/website/catalog/category/search?queryString=women%20grooming [32m200[0m 36.889 ms - 859[0m
[0mGET /api/website/catalog/product/search?filter_category=women%20grooming [32m200[0m 74.411 ms - 1508[0m
[0mGET /api/website/category/list [36m304[0m 20.008 ms - -[0m
[0mGET /api/website/category/list [36m304[0m 17.423 ms - -[0m
[0mGET /api/website/catalog/category/search?queryString=face-care [32m200[0m 79.973 ms - 3133[0m
[0mGET /api/website/catalog/category/search?queryString=makeup [32m200[0m 65.996 ms - 1471[0m
[0mGET /api/website/category/list [36m304[0m 41.659 ms - -[0m
[0mGET /api/website/category/list [36m304[0m 23.871 ms - -[0m
[0mGET /api/website/category/list [36m304[0m 31.422 ms - -[0m
[0mGET /api/website/catalog/product/search?filter_category=face-care [32m200[0m 163.375 ms - 19264[0m
[0mGET /api/website/catalog/product/search?filter_category=makeup [32m200[0m 163.935 ms - 4929[0m
[0mGET /api/website/category/list [36m304[0m 28.109 ms - -[0m
[0mGET /api/website/catalog/category/search?queryString=mens-grooming [32m200[0m 99.451 ms - 1474[0m
[0mGET /api/website/catalog/product/search?filter_category=mens-grooming [32m200[0m 159.042 ms - 15833[0m
[0mGET /api/website/category/list [36m304[0m 13.210 ms - -[0m
[0mGET /api/website/category/list [36m304[0m 19.094 ms - -[0m
[0mGET /api/website/catalog/category/search?queryString=oral-care [32m200[0m 33.350 ms - 1173[0m
[0mGET /api/website/catalog/product/search?filter_category=oral-care [32m200[0m 85.658 ms - 6084[0m
[0mGET /api/website/category/list [36m304[0m 15.371 ms - -[0m
[0mGET /api/website/catalog/category/search?queryString=skin-care [32m200[0m 42.514 ms - 2140[0m
[0mGET /api/website/category/list [36m304[0m 28.556 ms - -[0m
[0mGET /api/website/category/list [36m304[0m 20.090 ms - -[0m
[0mGET /api/website/catalog/product/search?filter_category=skin-care [32m200[0m 107.078 ms - 16546[0m
[0mGET /api/website/category/list [36m304[0m 14.217 ms - -[0m
[0mGET /api/website/catalog/category/search?queryString=hair-care [32m200[0m 75.020 ms - 3975[0m
[0mGET /api/website/catalog/product/search?filter_category=hair-care [32m200[0m 115.448 ms - 15384[0m
[0mGET /api/website/category/list [36m304[0m 19.022 ms - -[0m
[0mGET /api/website/category/list [36m304[0m 12.908 ms - -[0m
[0mGET /api/website/catalog/category/search?queryString=fragrances-and-deos [32m200[0m 48.559 ms - 1329[0m
[0mGET /api/website/catalog/product/search?filter_category=fragrances-and-deos [32m200[0m 89.499 ms - 12818[0m
[0mGET /api/website/category/list [36m304[0m 19.581 ms - -[0m
[0mGET /api/website/category/list [36m304[0m 20.217 ms - -[0m
[0mGET /api/website/catalog/category/search?queryString=feminine-hygiene [32m200[0m 40.232 ms - 1161[0m
[0mGET /api/website/catalog/product/search?filter_category=feminine-hygiene [32m200[0m 89.611 ms - 9309[0m
