[0mOPTIONS /api/auth/rootLogin [32m204[0m 12.628 ms - 0[0m
[0mOPTIONS /api/auth/rootLogin [32m204[0m 3.995 ms - 0[0m
[0mPOST /api/auth/rootLogin [32m200[0m 271.189 ms - 211[0m
[0mOPTIONS /api/order/notifications [32m204[0m 0.368 ms - 0[0m
[0mOPTIONS /api/order/list [32m204[0m 0.207 ms - 0[0m
[0mOPTIONS /api/order/count [32m204[0m 0.189 ms - 0[0m
[0mGET /api/order/count [32m200[0m 19.360 ms - 196[0m
[0mPOST /api/order/list [32m200[0m 38.374 ms - 11445[0m
[0mGET /api/order/notifications [32m200[0m 48.007 ms - 36[0m
[0mOPTIONS /api/category/list?page=1 [32m204[0m 0.306 ms - 0[0m
[0mGET /api/category/list?page=1 [32m200[0m 6.646 ms - 1915[0m
[0mGET /api/order/notifications [36m304[0m 21.604 ms - -[0m
[0mOPTIONS /api/category/list?searchString=d [32m204[0m 0.525 ms - 0[0m
[0mGET /api/category/list?searchString=d [32m200[0m 9.623 ms - 2053[0m
[0mOPTIONS /api/order/notifications [32m204[0m 0.664 ms - 0[0m
[0mOPTIONS /api/category/list?page=1 [32m204[0m 0.245 ms - 0[0m
[0mGET /api/category/list?page=1 [36m304[0m 4.811 ms - -[0m
[0mGET /api/order/notifications [36m304[0m 16.327 ms - -[0m
[0mOPTIONS /api/category/list?searchString=s [32m204[0m 0.464 ms - 0[0m
[0mGET /api/category/list?searchString=s [32m200[0m 5.557 ms - 2271[0m
[0mOPTIONS /api/order/notifications [32m204[0m 22.121 ms - 0[0m
[0mOPTIONS /api/category/list?page=1 [32m204[0m 1.047 ms - 0[0m
[0mGET /api/category/list?page=1 [36m304[0m 35.093 ms - -[0m
[0mGET /api/order/notifications [36m304[0m 69.566 ms - -[0m
[0mOPTIONS /api/order/notifications [32m204[0m 0.806 ms - 0[0m
[0mOPTIONS /api/category/admin/main-list [32m204[0m 0.507 ms - 0[0m
[0mGET /api/category/admin/main-list [32m200[0m 10.221 ms - 11125[0m
[0mGET /api/order/notifications [36m304[0m 20.711 ms - -[0m
[0mOPTIONS /api/order/notifications [32m204[0m 1.027 ms - 0[0m
[0mOPTIONS /api/category/admin/main-list [32m204[0m 0.168 ms - 0[0m
[0mGET /api/category/admin/main-list [36m304[0m 27.565 ms - -[0m
[0mGET /api/order/notifications [36m304[0m 49.355 ms - -[0m
[0mOPTIONS /api/order/notifications [32m204[0m 0.552 ms - 0[0m
[0mOPTIONS /api/category/admin/main-list [32m204[0m 0.228 ms - 0[0m
[0mOPTIONS /api/category/sub-list [32m204[0m 0.664 ms - 0[0m
[0mGET /api/category/sub-list [32m200[0m 20.087 ms - 55567[0m
[0mGET /api/category/admin/main-list [36m304[0m 23.755 ms - -[0m
[0mGET /api/order/notifications [36m304[0m 33.089 ms - -[0m
[0mOPTIONS /api/order/notifications [32m204[0m 5.540 ms - 0[0m
[0mOPTIONS /api/category/admin/main-list [32m204[0m 0.792 ms - 0[0m
[0mOPTIONS /api/category/sub-list [32m204[0m 0.203 ms - 0[0m
[0mGET /api/category/sub-list [36m304[0m 77.976 ms - -[0m
[0mGET /api/category/admin/main-list [36m304[0m 81.783 ms - -[0m
[0mGET /api/order/notifications [36m304[0m 98.904 ms - -[0m
[0mOPTIONS /api/order/notifications [32m204[0m 0.989 ms - 0[0m
[0mOPTIONS /api/category/admin/main-list [32m204[0m 2.563 ms - 0[0m
[0mOPTIONS /api/category/sub-list [32m204[0m 2.446 ms - 0[0m
[0mGET /api/category/sub-list [36m304[0m 28.927 ms - -[0m
[0mGET /api/category/admin/main-list [36m304[0m 34.130 ms - -[0m
[0mGET /api/order/notifications [36m304[0m 59.628 ms - -[0m
[0mOPTIONS /api/order/notifications [32m204[0m 1.126 ms - 0[0m
[0mOPTIONS /api/category/admin/main-list [32m204[0m 0.383 ms - 0[0m
[0mOPTIONS /api/category/sub-list [32m204[0m 0.162 ms - 0[0m
[0mGET /api/category/sub-list [36m304[0m 26.351 ms - -[0m
[0mGET /api/category/admin/main-list [36m304[0m 30.771 ms - -[0m
[0mGET /api/order/notifications [36m304[0m 41.892 ms - -[0m
[0mOPTIONS /api/order/notifications [32m204[0m 0.943 ms - 0[0m
[0mOPTIONS /api/category/admin/main-list [32m204[0m 0.184 ms - 0[0m
[0mOPTIONS /api/category/sub-list [32m204[0m 0.147 ms - 0[0m
[0mGET /api/category/sub-list [36m304[0m 28.274 ms - -[0m
[0mGET /api/category/admin/main-list [36m304[0m 25.962 ms - -[0m
[0mGET /api/order/notifications [36m304[0m 42.250 ms - -[0m
[0mOPTIONS /api/category/sub-list [32m204[0m 1.076 ms - 0[0m
[0mGET /api/category/sub-list [36m304[0m 13.854 ms - -[0m
[0mGET /api/category/sub-list [36m304[0m 10.414 ms - -[0m
[0mGET /api/category/sub-list [36m304[0m 9.521 ms - -[0m
[0mOPTIONS /api/order/notifications [32m204[0m 1.573 ms - 0[0m
[0mOPTIONS /api/category/admin/main-list [32m204[0m 0.455 ms - 0[0m
[0mOPTIONS /api/category/sub-list [32m204[0m 2.987 ms - 0[0m
[0mGET /api/category/sub-list [36m304[0m 54.820 ms - -[0m
[0mGET /api/category/admin/main-list [36m304[0m 60.787 ms - -[0m
[0mGET /api/order/notifications [36m304[0m 86.060 ms - -[0m
[0mGET /api/category/sub-list [36m304[0m 9.962 ms - -[0m
[0mOPTIONS /api/category/sub-list [32m204[0m 0.290 ms - 0[0m
[0mGET /api/category/sub-list [36m304[0m 8.173 ms - -[0m
[0mOPTIONS /api/order/notifications [32m204[0m 5.757 ms - 0[0m
[0mOPTIONS /api/category/admin/main-list [32m204[0m 0.343 ms - 0[0m
[0mOPTIONS /api/category/sub-list [32m204[0m 0.138 ms - 0[0m
[0mGET /api/category/sub-list [36m304[0m 38.652 ms - -[0m
[0mGET /api/category/admin/main-list [36m304[0m 44.923 ms - -[0m
[0mGET /api/order/notifications [36m304[0m 61.490 ms - -[0m
[0mOPTIONS /api/category/sub-list?searchString=s [32m204[0m 0.276 ms - 0[0m
[0mGET /api/category/sub-list?searchString=s [32m200[0m 8.791 ms - 55567[0m
[0mOPTIONS /api/category/sub-list?searchString=ss [32m204[0m 0.293 ms - 0[0m
[0mGET /api/category/sub-list?searchString=ss [32m200[0m 11.541 ms - 55567[0m
[0mOPTIONS /api/category/sub-list?searchString=ssd [32m204[0m 0.305 ms - 0[0m
[0mGET /api/category/sub-list?searchString=ssd [32m200[0m 6.351 ms - 55567[0m
[0mOPTIONS /api/order/notifications [32m204[0m 3.414 ms - 0[0m
[0mOPTIONS /api/category/admin/main-list [32m204[0m 0.766 ms - 0[0m
[0mOPTIONS /api/category/sub-list [32m204[0m 0.452 ms - 0[0m
[0mGET /api/category/admin/main-list [32m200[0m 42.605 ms - 11125[0m
[0mGET /api/category/sub-list [32m200[0m 43.732 ms - 55567[0m
[0mGET /api/order/notifications [32m200[0m 69.494 ms - 36[0m
[0mOPTIONS /api/category/sub-list?searchString=b [32m204[0m 1.251 ms - 0[0m
[0mGET /api/category/sub-list?searchString=b [31m500[0m 50.185 ms - 3167[0m
[0mOPTIONS /api/category/sub-list?searchString=ba [32m204[0m 2.628 ms - 0[0m
[0mGET /api/category/sub-list?searchString=ba [32m200[0m 17.909 ms - 3570[0m
[0mOPTIONS /api/category/sub-list?searchString=bas [32m204[0m 0.533 ms - 0[0m
[0mGET /api/category/sub-list?searchString=bas [32m200[0m 5.094 ms - 26[0m
[0mOPTIONS /api/category/sub-list?searchString=basa [32m204[0m 0.672 ms - 0[0m
[0mGET /api/category/sub-list?searchString=basa [32m200[0m 3.898 ms - 26[0m
[0mOPTIONS /api/category/sub-list?searchString=basad [32m204[0m 0.488 ms - 0[0m
[0mGET /api/category/sub-list?searchString=basad [32m200[0m 2.438 ms - 26[0m
[0mGET /api/category/sub-list?searchString=basa [36m304[0m 4.292 ms - -[0m
[0mGET /api/category/sub-list?searchString=bas [36m304[0m 3.751 ms - -[0m
[0mGET /api/category/sub-list?searchString=ba [36m304[0m 5.107 ms - -[0m
[0mOPTIONS /api/category/sub-list?searchString=b [32m204[0m 0.450 ms - 0[0m
[0mGET /api/category/sub-list?searchString=b [32m200[0m 4.651 ms - 9295[0m
[0mOPTIONS /api/category/sub-list [32m204[0m 0.600 ms - 0[0m
[0mGET /api/category/sub-list [36m304[0m 17.384 ms - -[0m
[0mOPTIONS /api/category/sub-list?searchString=i [32m204[0m 0.444 ms - 0[0m
[0mGET /api/category/sub-list?searchString=i [32m200[0m 9.051 ms - 32654[0m
[0mOPTIONS /api/category/sub-list?searchString=in [32m204[0m 0.278 ms - 0[0m
[0mGET /api/category/sub-list?searchString=in [32m200[0m 5.009 ms - 9398[0m
[0mOPTIONS /api/category/sub-list?searchString=ind [32m204[0m 0.454 ms - 0[0m
[0mGET /api/category/sub-list?searchString=ind [32m200[0m 3.332 ms - 1180[0m
[0mOPTIONS /api/category/sub-list?searchString=indu [32m204[0m 1.064 ms - 0[0m
[0mGET /api/category/sub-list?searchString=indu [32m200[0m 2.696 ms - 364[0m
[0mOPTIONS /api/category/sub-list?searchString=induc [32m204[0m 0.407 ms - 0[0m
[0mGET /api/category/sub-list?searchString=induc [32m200[0m 3.133 ms - 26[0m
[0mOPTIONS /api/category/sub-list?searchString=induct [32m204[0m 0.460 ms - 0[0m
[0mGET /api/category/sub-list?searchString=induct [32m200[0m 3.179 ms - 26[0m
[0mOPTIONS /api/category/sub-list?searchString=inducti [32m204[0m 0.541 ms - 0[0m
[0mGET /api/category/sub-list?searchString=inducti [32m200[0m 2.787 ms - 26[0m
[0mOPTIONS /api/category/sub-list?searchString=inductio [32m204[0m 0.352 ms - 0[0m
[0mGET /api/category/sub-list?searchString=inductio [32m200[0m 2.686 ms - 26[0m
[0mOPTIONS /api/category/sub-list?searchString=induction [32m204[0m 0.418 ms - 0[0m
[0mGET /api/category/sub-list?searchString=induction [32m200[0m 2.966 ms - 26[0m
[0mGET /api/category/sub-list?searchString=inductio [36m304[0m 3.873 ms - -[0m
[0mGET /api/category/sub-list?searchString=inducti [36m304[0m 2.942 ms - -[0m
[0mGET /api/category/sub-list?searchString=induct [36m304[0m 3.688 ms - -[0m
[0mGET /api/category/sub-list?searchString=induc [36m304[0m 2.588 ms - -[0m
[0mGET /api/category/sub-list?searchString=indu [36m304[0m 2.529 ms - -[0m
[0mOPTIONS /api/category/sub-list?searchString=ind [32m204[0m 0.744 ms - 0[0m
[0mGET /api/category/sub-list?searchString=ind [36m304[0m 3.371 ms - -[0m
[0mOPTIONS /api/category/sub-list?searchString=in [32m204[0m 0.442 ms - 0[0m
[0mGET /api/category/sub-list?searchString=in [36m304[0m 8.040 ms - -[0m
[0mOPTIONS /api/category/sub-list?searchString=i [32m204[0m 0.466 ms - 0[0m
[0mGET /api/category/sub-list?searchString=i [36m304[0m 23.272 ms - -[0m
[0mOPTIONS /api/category/sub-list [32m204[0m 0.373 ms - 0[0m
[0mGET /api/category/sub-list [36m304[0m 11.936 ms - -[0m
[0mOPTIONS /api/category/sub-list?searchString=a [32m204[0m 1.119 ms - 0[0m
[0mGET /api/category/sub-list?searchString=a [32m200[0m 13.779 ms - 42184[0m
[0mOPTIONS /api/category/sub-list?searchString=as [32m204[0m 0.296 ms - 0[0m
[0mGET /api/category/sub-list?searchString=as [32m200[0m 3.220 ms - 4907[0m
[0mOPTIONS /api/category/sub-list?searchString=asd [32m204[0m 1.065 ms - 0[0m
[0mGET /api/category/sub-list?searchString=asd [32m200[0m 3.142 ms - 26[0m
[0mOPTIONS /api/category/sub-list?searchString=asda [32m204[0m 0.274 ms - 0[0m
[0mGET /api/category/sub-list?searchString=asda [32m200[0m 2.074 ms - 26[0m
[0mOPTIONS /api/category/sub-list?searchString=asdas [32m204[0m 0.236 ms - 0[0m
[0mGET /api/category/sub-list?searchString=asdas [32m200[0m 1.890 ms - 26[0m
[0mOPTIONS /api/category/sub-list?searchString=asdasd [32m204[0m 0.351 ms - 0[0m
[0mGET /api/category/sub-list?searchString=asdasd [32m200[0m 2.423 ms - 26[0m
[0mOPTIONS /api/category/sub-list?searchString=asdasdf [32m204[0m 0.306 ms - 0[0m
[0mGET /api/category/sub-list?searchString=asdasdf [32m200[0m 2.079 ms - 26[0m
[0mGET /api/category/sub-list?searchString=asdasd [36m304[0m 3.437 ms - -[0m
[0mGET /api/category/sub-list?searchString=asdas [36m304[0m 3.340 ms - -[0m
[0mGET /api/category/sub-list?searchString=asda [36m304[0m 2.397 ms - -[0m
[0mGET /api/category/sub-list?searchString=asd [36m304[0m 2.644 ms - -[0m
[0mGET /api/category/sub-list?searchString=as [36m304[0m 3.475 ms - -[0m
[0mGET /api/category/sub-list?searchString=a [36m304[0m 8.741 ms - -[0m
[0mOPTIONS /api/category/sub-list [32m204[0m 0.366 ms - 0[0m
[0mGET /api/category/sub-list [36m304[0m 15.842 ms - -[0m
[0mOPTIONS /api/order/notifications [32m204[0m 1.201 ms - 0[0m
[0mOPTIONS /api/category/admin/main-list [32m204[0m 0.641 ms - 0[0m
[0mOPTIONS /api/category/sub-list [32m204[0m 1.839 ms - 0[0m
[0mGET /api/category/sub-list [36m304[0m 64.038 ms - -[0m
[0mGET /api/category/admin/main-list [36m304[0m 75.051 ms - -[0m
[0mGET /api/order/notifications [36m304[0m 95.415 ms - -[0m
[0mOPTIONS /api/order/notifications [32m204[0m 4.570 ms - 0[0m
[0mOPTIONS /api/category/admin/main-list [32m204[0m 0.388 ms - 0[0m
[0mOPTIONS /api/category/sub-list [32m204[0m 0.536 ms - 0[0m
[0mGET /api/category/sub-list [36m304[0m 33.495 ms - -[0m
[0mGET /api/category/admin/main-list [36m304[0m 39.623 ms - -[0m
[0mGET /api/order/notifications [36m304[0m 59.164 ms - -[0m
[0mGET /api/category/sub-list [36m304[0m 9.319 ms - -[0m
[0mGET /api/category/admin/main-list [36m304[0m 10.554 ms - -[0m
[0mGET /api/order/notifications [36m304[0m 20.705 ms - -[0m
[0mOPTIONS /api/order/notifications [32m204[0m 0.305 ms - 0[0m
[0mOPTIONS /api/category/admin/main-list [32m204[0m 0.220 ms - 0[0m
[0mOPTIONS /api/category/list?limit=10&page=1 [32m204[0m 0.192 ms - 0[0m
[0mGET /api/category/list?limit=10&page=1 [32m200[0m 9.624 ms - 1915[0m
[0mGET /api/category/admin/main-list [36m304[0m 10.975 ms - -[0m
[0mGET /api/order/notifications [36m304[0m 21.397 ms - -[0m
[0mOPTIONS /api/order/notifications [32m204[0m 1.708 ms - 0[0m
[0mOPTIONS /api/category/admin/main-list [32m204[0m 0.174 ms - 0[0m
[0mOPTIONS /api/category/list?limit=10&page=1 [32m204[0m 3.523 ms - 0[0m
[0mGET /api/category/list?limit=10&page=1 [36m304[0m 35.099 ms - -[0m
[0mGET /api/category/admin/main-list [36m304[0m 37.017 ms - -[0m
[0mGET /api/order/notifications [36m304[0m 59.647 ms - -[0m
[0mOPTIONS /api/order/notifications [32m204[0m 1.072 ms - 0[0m
[0mOPTIONS /api/category/admin/main-list [32m204[0m 1.259 ms - 0[0m
[0mOPTIONS /api/category/list?limit=10&page=1 [32m204[0m 0.343 ms - 0[0m
[0mGET /api/category/list?limit=10&page=1 [36m304[0m 27.372 ms - -[0m
[0mGET /api/category/admin/main-list [36m304[0m 36.848 ms - -[0m
[0mGET /api/order/notifications [36m304[0m 60.124 ms - -[0m
[0mOPTIONS /api/order/notifications [32m204[0m 1.224 ms - 0[0m
[0mOPTIONS /api/category/admin/main-list [32m204[0m 0.516 ms - 0[0m
[0mOPTIONS /api/category/list?limit=10&page=1 [32m204[0m 0.632 ms - 0[0m
[0mGET /api/category/list?limit=10&page=1 [36m304[0m 18.420 ms - -[0m
[0mGET /api/category/admin/main-list [36m304[0m 20.566 ms - -[0m
[0mGET /api/order/notifications [36m304[0m 43.944 ms - -[0m
[0mOPTIONS /api/category/list?searchString=s [32m204[0m 0.484 ms - 0[0m
[0mGET /api/category/list?searchString=s [36m304[0m 9.994 ms - -[0m
[0mOPTIONS /api/category/list?searchString=sd [32m204[0m 0.465 ms - 0[0m
[0mGET /api/category/list?searchString=sd [32m200[0m 3.875 ms - 62[0m
[0mOPTIONS /api/order/notifications [32m204[0m 0.246 ms - 0[0m
[0mOPTIONS /api/category/admin/main-list [32m204[0m 0.183 ms - 0[0m
[0mOPTIONS /api/category/list?limit=10&page=1 [32m204[0m 0.138 ms - 0[0m
[0mGET /api/category/list?limit=10&page=1 [36m304[0m 3.608 ms - -[0m
[0mGET /api/category/admin/main-list [36m304[0m 6.209 ms - -[0m
[0mGET /api/order/notifications [36m304[0m 17.872 ms - -[0m
[0mOPTIONS /api/category/list?searchString=s [32m204[0m 1.156 ms - 0[0m
[0mGET /api/category/list?searchString=s [36m304[0m 13.224 ms - -[0m
[0mOPTIONS /api/order/notifications [32m204[0m 7.590 ms - 0[0m
[0mOPTIONS /api/category/admin/main-list [32m204[0m 25.982 ms - 0[0m
[0mOPTIONS /api/category/child-list?limit=10&page=1 [32m204[0m 0.246 ms - 0[0m
[0mGET /api/category/child-list?limit=10&page=1 [33m404[0m 33.715 ms - 3141[0m
[0mGET /api/category/admin/main-list [36m304[0m 49.929 ms - -[0m
[0mGET /api/order/notifications [36m304[0m 81.962 ms - -[0m
[0mOPTIONS /api/order/notifications [32m204[0m 6.028 ms - 0[0m
[0mOPTIONS /api/category/admin/main-list [32m204[0m 0.434 ms - 0[0m
[0mOPTIONS /api/category/child-list?limit=10&page=1 [32m204[0m 0.329 ms - 0[0m
[0mGET /api/category/admin/main-list [32m200[0m 36.257 ms - 11125[0m
[0mGET /api/category/child-list?limit=10&page=1 [32m200[0m 40.858 ms - 1915[0m
[0mGET /api/order/notifications [32m200[0m 65.003 ms - 36[0m
[0mOPTIONS /api/order/notifications [32m204[0m 0.516 ms - 0[0m
[0mOPTIONS /api/category/admin/main-list [32m204[0m 0.162 ms - 0[0m
[0mOPTIONS /api/category/child-list?limit=10&page=1 [32m204[0m 0.250 ms - 0[0m
[0mGET /api/category/child-list?limit=10&page=1 [32m200[0m 25.703 ms - 1915[0m
[0mGET /api/category/admin/main-list [32m200[0m 30.413 ms - 11125[0m
[0mGET /api/order/notifications [32m200[0m 65.286 ms - 36[0m
[0mOPTIONS /api/order/notifications [32m204[0m 2.598 ms - 0[0m
[0mOPTIONS /api/category/admin/main-list [32m204[0m 1.475 ms - 0[0m
[0mOPTIONS /api/category/child-list?limit=10&page=1 [32m204[0m 0.384 ms - 0[0m
[0mGET /api/category/admin/main-list [36m304[0m 37.303 ms - -[0m
[0mGET /api/category/child-list?limit=10&page=1 [36m304[0m 37.406 ms - -[0m
[0mGET /api/order/notifications [36m304[0m 57.067 ms - -[0m
[0mOPTIONS /api/category/child-list?searchString=d&limit=10&page=NaN [32m204[0m 0.600 ms - 0[0m
[0mGET /api/category/child-list?searchString=d&limit=10&page=NaN [31m500[0m 38.775 ms - 3167[0m
[0mOPTIONS /api/order/notifications [32m204[0m 2.795 ms - 0[0m
[0mOPTIONS /api/category/admin/main-list [32m204[0m 0.297 ms - 0[0m
[0mOPTIONS /api/category/child-list?limit=10&page=1 [32m204[0m 2.150 ms - 0[0m
[0mGET /api/category/child-list?limit=10&page=1 [36m304[0m 26.396 ms - -[0m
[0mGET /api/category/admin/main-list [36m304[0m 35.372 ms - -[0m
[0mGET /api/order/notifications [36m304[0m 51.071 ms - -[0m
[0mOPTIONS /api/category/child-list?searchString=s [32m204[0m 0.698 ms - 0[0m
[0mGET /api/category/child-list?searchString=s [32m200[0m 7.626 ms - 2271[0m
[0mOPTIONS /api/category/child-list?searchString=sd [32m204[0m 0.806 ms - 0[0m
[0mGET /api/category/child-list?searchString=sd [32m200[0m 3.350 ms - 62[0m
[0mOPTIONS /api/order/notifications [32m204[0m 13.791 ms - 0[0m
[0mOPTIONS /api/category/admin/main-list [32m204[0m 2.180 ms - 0[0m
[0mOPTIONS /api/category/child-list?limit=10&page=1 [32m204[0m 0.372 ms - 0[0m
[0mGET /api/category/child-list?limit=10&page=1 [32m200[0m 28.811 ms - 1915[0m
[0mGET /api/category/admin/main-list [32m200[0m 34.406 ms - 11125[0m
[0mGET /api/order/notifications [32m200[0m 59.383 ms - 36[0m
[0mOPTIONS /api/category/child-list?searchString=s [32m204[0m 0.845 ms - 0[0m
[0mGET /api/category/child-list?searchString=s [36m304[0m 7.637 ms - -[0m
[0mOPTIONS /api/category/child-list?searchString=sb [32m204[0m 0.458 ms - 0[0m
[0mGET /api/category/child-list?searchString=sb [32m200[0m 3.961 ms - 62[0m
[0mOPTIONS /api/order/notifications [32m204[0m 1.735 ms - 0[0m
[0mOPTIONS /api/category/admin/main-list [32m204[0m 0.263 ms - 0[0m
[0mOPTIONS /api/category/child-list?limit=10&page=1 [32m204[0m 0.270 ms - 0[0m
[0mGET /api/category/child-list?limit=10&page=1 [36m304[0m 40.074 ms - -[0m
[0mGET /api/category/admin/main-list [36m304[0m 59.366 ms - -[0m
[0mGET /api/order/notifications [36m304[0m 73.486 ms - -[0m
[0mOPTIONS /api/category/child-list?searchString=s [32m204[0m 0.583 ms - 0[0m
[0mGET /api/category/child-list?searchString=s [36m304[0m 7.601 ms - -[0m
[0mOPTIONS /api/category/child-list?searchString=sb [32m204[0m 0.392 ms - 0[0m
[0mGET /api/category/child-list?searchString=sb [36m304[0m 3.378 ms - -[0m
[0mOPTIONS /api/category/child-list?searchString=sbs [32m204[0m 0.553 ms - 0[0m
[0mGET /api/category/child-list?searchString=sbs [32m200[0m 13.019 ms - 62[0m
[0mOPTIONS /api/order/notifications [32m204[0m 1.328 ms - 0[0m
[0mOPTIONS /api/category/admin/main-list [32m204[0m 0.747 ms - 0[0m
[0mOPTIONS /api/category/child-list?limit=10&page=1 [32m204[0m 1.621 ms - 0[0m
[0mGET /api/category/admin/main-list [36m304[0m 17.297 ms - -[0m
[0mGET /api/category/child-list?limit=10&page=1 [36m304[0m 13.841 ms - -[0m
[0mGET /api/order/notifications [36m304[0m 44.699 ms - -[0m
[0mOPTIONS /api/category/child-list?searchString=g [32m204[0m 1.304 ms - 0[0m
[0mGET /api/category/child-list?searchString=g [32m200[0m 13.404 ms - 1922[0m
[0mOPTIONS /api/category/child-list?searchString=gh [32m204[0m 0.536 ms - 0[0m
[0mGET /api/category/child-list?searchString=gh [32m200[0m 6.109 ms - 2350[0m
[0mOPTIONS /api/category/child-list?searchString=ghg [32m204[0m 1.652 ms - 0[0m
[0mGET /api/category/child-list?searchString=ghg [32m200[0m 4.405 ms - 62[0m
[0mOPTIONS /api/category/child-list [32m204[0m 0.563 ms - 0[0m
[0mGET /api/category/child-list [32m200[0m 7.605 ms - 1915[0m
[0mOPTIONS /api/category/child-list?searchString=i [32m204[0m 0.494 ms - 0[0m
[0mGET /api/category/child-list?searchString=i [32m200[0m 6.587 ms - 2013[0m
[0mOPTIONS /api/category/child-list?searchString=in [32m204[0m 0.350 ms - 0[0m
[0mGET /api/category/child-list?searchString=in [32m200[0m 10.251 ms - 1937[0m
[0mOPTIONS /api/category/child-list?searchString=ind [32m204[0m 0.576 ms - 0[0m
[0mGET /api/category/child-list?searchString=ind [32m200[0m 4.657 ms - 1467[0m
[0mOPTIONS /api/category/child-list?searchString=indu [32m204[0m 0.769 ms - 0[0m
[0mGET /api/category/child-list?searchString=indu [32m200[0m 5.426 ms - 896[0m
[0mOPTIONS /api/category/child-list?searchString=induc [32m204[0m 0.496 ms - 0[0m
[0mGET /api/category/child-list?searchString=induc [32m200[0m 4.401 ms - 353[0m
[0mOPTIONS /api/order/notifications [32m204[0m 10.988 ms - 0[0m
[0mOPTIONS /api/order/list [32m204[0m 0.474 ms - 0[0m
[0mOPTIONS /api/order/count [32m204[0m 0.305 ms - 0[0m
[0mGET /api/order/count [36m304[0m 38.229 ms - -[0m
[0mPOST /api/order/list [32m200[0m 83.441 ms - 11445[0m
[0mGET /api/order/notifications [36m304[0m 117.446 ms - -[0m
[0mOPTIONS /api/customer/getUserByEmailId [32m204[0m 0.705 ms - 0[0m
[0mOPTIONS /api/customer/getUserByEmailId [32m204[0m 0.699 ms - 0[0m
[0mGET /api/website/collection/list [32m200[0m 95.922 ms - 4575[0m
[0mGET /api/website/image/banner?type=0 [36m304[0m 126.735 ms - -[0m
[0mGET /api/website/popular/category-list [32m200[0m 104.373 ms - 8175[0m
[0mGET /api/website/category/list [32m200[0m 123.943 ms - 30055[0m
[0mGET /api/website/flash-sale [32m200[0m 32.095 ms - 2276[0m
[0mGET /api/website/product/women-fashion [32m200[0m 288.207 ms - 7718[0m
[0mGET /api/website/product?type=shampoo [32m200[0m 185.469 ms - 6949[0m
[0mGET /api/website/product/new-arrival [32m200[0m 169.034 ms - 68077[0m
[0mGET /api/website/product/home-kitchen [32m200[0m 318.066 ms - 15246[0m
[0mGET /api/website/product/men-fashion [32m200[0m 203.873 ms - 6402[0m
[0mGET /api/website/product?type=makeup [32m200[0m 212.696 ms - 3194[0m
[0mGET /api/customer/getUserByEmailId [33m403[0m 5.752 ms - 36[0m
[0mGET /api/customer/getUserByEmailId [33m403[0m 2.399 ms - 36[0m
[0mGET /api/website/image/banner?type=0 [36m304[0m 86.016 ms - -[0m
[0mGET /api/website/popular/category-list [36m304[0m 99.160 ms - -[0m
[0mGET /api/website/collection/list [36m304[0m 100.155 ms - -[0m
[0mGET /api/website/category/list [36m304[0m 118.651 ms - -[0m
[0mGET /api/website/product/women-fashion [36m304[0m 111.150 ms - -[0m
[0mGET /api/website/product/home-kitchen [36m304[0m 119.630 ms - -[0m
[0mGET /api/website/flash-sale [36m304[0m 23.078 ms - -[0m
[0mGET /api/website/product/new-arrival [36m304[0m 57.601 ms - -[0m
[0mGET /api/website/product/men-fashion [36m304[0m 60.386 ms - -[0m
[0mGET /api/website/product?type=makeup [36m304[0m 85.126 ms - -[0m
[0mGET /api/website/product?type=shampoo [36m304[0m 84.219 ms - -[0m
[0mGET /api/website/image/banner?type=0 [36m304[0m 20.963 ms - -[0m
[0mGET /api/website/collection/list [36m304[0m 49.858 ms - -[0m
[0mGET /api/website/popular/category-list [36m304[0m 51.033 ms - -[0m
[0mGET /api/website/category/list [36m304[0m 57.941 ms - -[0m
[0mGET /api/website/product/women-fashion [36m304[0m 78.082 ms - -[0m
[0mGET /api/website/product/home-kitchen [36m304[0m 84.078 ms - -[0m
[0mGET /api/website/flash-sale [36m304[0m 27.200 ms - -[0m
[0mGET /api/website/product/new-arrival [36m304[0m 51.829 ms - -[0m
[0mGET /api/website/product/men-fashion [36m304[0m 66.669 ms - -[0m
[0mGET /api/website/product?type=makeup [36m304[0m 127.322 ms - -[0m
[0mGET /api/website/product?type=shampoo [36m304[0m 82.034 ms - -[0m
[0mGET /api/website/image/banner?type=0 [32m200[0m 23.960 ms - 302[0m
[0mGET /api/website/collection/list [32m200[0m 39.586 ms - 4575[0m
[0mGET /api/website/popular/category-list [32m200[0m 42.222 ms - 8175[0m
[0mGET /api/website/category/list [32m200[0m 47.563 ms - 30055[0m
[0mGET /api/website/flash-sale [32m200[0m 29.809 ms - 2276[0m
[0mGET /api/website/product/home-kitchen [32m200[0m 77.875 ms - 15246[0m
[0mGET /api/website/product/women-fashion [32m200[0m 79.884 ms - 7718[0m
[0mGET /api/website/product?type=shampoo [32m200[0m 62.682 ms - 6949[0m
[0mGET /api/website/product/men-fashion [32m200[0m 55.997 ms - 6402[0m
[0mGET /api/website/product?type=makeup [32m200[0m 86.419 ms - 3194[0m
[0mGET /api/website/product/new-arrival [32m200[0m 53.429 ms - 68077[0m
[0mGET /api/website/image/banner?type=0 [36m304[0m 21.847 ms - -[0m
[0mGET /api/website/popular/category-list [36m304[0m 41.426 ms - -[0m
[0mGET /api/website/collection/list [36m304[0m 40.402 ms - -[0m
[0mGET /api/website/category/list [36m304[0m 48.063 ms - -[0m
[0mGET /api/website/flash-sale [36m304[0m 23.467 ms - -[0m
[0mGET /api/website/product/women-fashion [36m304[0m 56.777 ms - -[0m
[0mGET /api/website/product/home-kitchen [36m304[0m 74.948 ms - -[0m
[0mGET /api/website/product?type=makeup [36m304[0m 73.943 ms - -[0m
[0mGET /api/website/product/men-fashion [36m304[0m 32.371 ms - -[0m
[0mGET /api/website/product/new-arrival [36m304[0m 30.557 ms - -[0m
[0mGET /api/website/product?type=shampoo [36m304[0m 62.592 ms - -[0m
[0mGET /api/website/image/banner?type=0 [36m304[0m 4.598 ms - -[0m
[0mGET /api/website/popular/category-list [36m304[0m 33.500 ms - -[0m
[0mGET /api/website/category/list [36m304[0m 36.478 ms - -[0m
[0mGET /api/website/collection/list [36m304[0m 34.179 ms - -[0m
[0mGET /api/website/flash-sale [36m304[0m 8.912 ms - -[0m
[0mGET /api/website/product/home-kitchen [36m304[0m 76.952 ms - -[0m
[0mGET /api/website/product/women-fashion [36m304[0m 76.645 ms - -[0m
[0mGET /api/website/product?type=makeup [36m304[0m 132.524 ms - -[0m
[0mGET /api/website/product/men-fashion [36m304[0m 95.247 ms - -[0m
[0mGET /api/website/product/new-arrival [36m304[0m 97.197 ms - -[0m
[0mGET /api/website/product?type=shampoo [36m304[0m 109.685 ms - -[0m
[0mGET /api/website/image/banner?type=0 [36m304[0m 14.211 ms - -[0m
[0mGET /api/website/popular/category-list [36m304[0m 31.176 ms - -[0m
[0mGET /api/website/collection/list [36m304[0m 29.066 ms - -[0m
[0mGET /api/website/category/list [36m304[0m 37.062 ms - -[0m
[0mGET /api/website/flash-sale [36m304[0m 21.002 ms - -[0m
[0mGET /api/website/product/home-kitchen [36m304[0m 48.734 ms - -[0m
[0mGET /api/website/product/new-arrival [36m304[0m 40.382 ms - -[0m
[0mGET /api/website/product/women-fashion [36m304[0m 87.469 ms - -[0m
[0mGET /api/website/product?type=makeup [36m304[0m 57.042 ms - -[0m
[0mGET /api/website/product/men-fashion [36m304[0m 49.358 ms - -[0m
[0mGET /api/website/product?type=shampoo [36m304[0m 57.383 ms - -[0m
