[0mOPTIONS /api/auth/seller/profile-details [32m204[0m 3.187 ms - 0[0m
[0mOPTIONS /api/seller/coupon/list [32m204[0m 0.351 ms - 0[0m
[0mGET /api/auth/seller/profile-details [36m304[0m 15.493 ms - -[0m
[0mGET /api/seller/coupon/list [36m304[0m 14.188 ms - -[0m
[0mOPTIONS /api/auth/seller/profile-details [32m204[0m 1.187 ms - 0[0m
[0mOPTIONS /api/seller/coupon/list [32m204[0m 0.533 ms - 0[0m
[0mGET /api/seller/coupon/list [36m304[0m 19.329 ms - -[0m
[0mGET /api/auth/seller/profile-details [36m304[0m 18.309 ms - -[0m
[0mGET /api/auth/seller/profile-details [36m304[0m 6.479 ms - -[0m
[0mGET /api/seller/coupon/list [36m304[0m 5.705 ms - -[0m
[0mOPTIONS /api/auth/seller/profile-details [32m204[0m 3.186 ms - 0[0m
[0mOPTIONS /api/seller/coupon/list [32m204[0m 0.230 ms - 0[0m
[0mGET /api/auth/seller/profile-details [36m304[0m 16.215 ms - -[0m
[0mGET /api/seller/coupon/list [36m304[0m 17.330 ms - -[0m
[0mOPTIONS /api/auth/seller/profile-details [32m204[0m 1.018 ms - 0[0m
[0mOPTIONS /api/seller/coupon/list [32m204[0m 1.881 ms - 0[0m
[0mGET /api/auth/seller/profile-details [36m304[0m 10.199 ms - -[0m
[0mGET /api/seller/coupon/list [36m304[0m 8.309 ms - -[0m
[0mOPTIONS /api/auth/seller/profile-details [32m204[0m 1.118 ms - 0[0m
[0mOPTIONS /api/seller/coupon/list [32m204[0m 0.281 ms - 0[0m
[0mGET /api/auth/seller/profile-details [36m304[0m 21.232 ms - -[0m
[0mGET /api/seller/coupon/list [36m304[0m 19.668 ms - -[0m
[0mOPTIONS /api/auth/seller/profile-details [32m204[0m 1.302 ms - 0[0m
[0mOPTIONS /api/seller/coupon/list [32m204[0m 0.397 ms - 0[0m
[0mGET /api/auth/seller/profile-details [36m304[0m 16.045 ms - -[0m
[0mGET /api/seller/coupon/list [36m304[0m 15.092 ms - -[0m
[0mOPTIONS /api/auth/seller/profile-details [32m204[0m 0.932 ms - 0[0m
[0mOPTIONS /api/seller/coupon/list [32m204[0m 0.164 ms - 0[0m
[0mGET /api/auth/seller/profile-details [36m304[0m 14.683 ms - -[0m
[0mGET /api/seller/coupon/list [36m304[0m 16.757 ms - -[0m
[0mOPTIONS /api/auth/seller/profile-details [32m204[0m 0.796 ms - 0[0m
[0mOPTIONS /api/seller/coupon/list [32m204[0m 0.197 ms - 0[0m
[0mGET /api/auth/seller/profile-details [36m304[0m 10.998 ms - -[0m
[0mGET /api/seller/coupon/list [36m304[0m 10.904 ms - -[0m
[0mGET /api/auth/seller/profile-details [36m304[0m 3.816 ms - -[0m
[0mGET /api/seller/coupon/list [36m304[0m 5.061 ms - -[0m
[0mGET /api/seller/coupon/list [36m304[0m 4.107 ms - -[0m
[0mGET /api/auth/seller/profile-details [36m304[0m 6.246 ms - -[0m
[0mOPTIONS /api/seller/order [32m204[0m 0.155 ms - 0[0m
[0mGET /api/auth/seller/profile-details [36m304[0m 17.841 ms - -[0m
[0mPOST /api/seller/order [32m200[0m 56.526 ms - 10773[0m
[0mOPTIONS /api/auth/seller/profile-details [32m204[0m 0.236 ms - 0[0m
[0mOPTIONS /api/seller/coupon/list [32m204[0m 0.561 ms - 0[0m
[0mGET /api/auth/seller/profile-details [36m304[0m 2.724 ms - -[0m
[0mGET /api/seller/coupon/list [36m304[0m 2.313 ms - -[0m
[0mOPTIONS /api/auth/seller/profile-details [32m204[0m 3.491 ms - 0[0m
[0mOPTIONS /api/seller/coupon/list [32m204[0m 0.860 ms - 0[0m
[0mGET /api/seller/coupon/list [36m304[0m 11.531 ms - -[0m
[0mGET /api/auth/seller/profile-details [36m304[0m 17.080 ms - -[0m
[0mOPTIONS /api/auth/seller/profile-details [32m204[0m 1.417 ms - 0[0m
[0mOPTIONS /api/seller/coupon/list [32m204[0m 0.392 ms - 0[0m
[0mGET /api/auth/seller/profile-details [36m304[0m 34.964 ms - -[0m
[0mGET /api/seller/coupon/list [36m304[0m 17.420 ms - -[0m
[0mOPTIONS /api/auth/seller/profile-details [32m204[0m 1.163 ms - 0[0m
[0mOPTIONS /api/seller/coupon/list [32m204[0m 0.179 ms - 0[0m
[0mGET /api/auth/seller/profile-details [36m304[0m 14.590 ms - -[0m
[0mGET /api/seller/coupon/list [36m304[0m 14.114 ms - -[0m
[0mOPTIONS /api/auth/seller/profile-details [32m204[0m 1.175 ms - 0[0m
[0mGET /api/auth/seller/profile-details [36m304[0m 15.557 ms - -[0m
[0mOPTIONS /api/auth/seller/profile-details [32m204[0m 1.285 ms - 0[0m
[0mOPTIONS / [32m204[0m 0.406 ms - 0[0m
[0mGET / [33m404[0m 30.555 ms - 2900[0m
[0mGET /api/auth/seller/profile-details [36m304[0m 35.606 ms - -[0m
[0mOPTIONS /api/auth/seller/profile-details [32m204[0m 8.290 ms - 0[0m
[0mOPTIONS /api/product/tag [32m204[0m 0.300 ms - 0[0m
[0mGET /api/product/tag [33m404[0m 4.857 ms - 2943[0m
[0mGET /api/auth/seller/profile-details [36m304[0m 14.419 ms - -[0m
[0mOPTIONS /api/auth/seller/profile-details [32m204[0m 3.842 ms - 0[0m
[0mOPTIONS /api/product/tag [32m204[0m 0.576 ms - 0[0m
[0mGET /api/auth/seller/profile-details [36m304[0m 33.564 ms - -[0m
[0mGET /api/product/tag [31m500[0m 34.681 ms - 2422[0m
[0mOPTIONS /api/auth/seller/profile-details [32m204[0m 2.158 ms - 0[0m
[0mOPTIONS /api/product/tag [32m204[0m 0.485 ms - 0[0m
[0mGET /api/auth/seller/profile-details [32m200[0m 30.174 ms - 189[0m
[0mGET /api/product/tag [31m500[0m 35.304 ms - 2422[0m
[0mOPTIONS /api/auth/seller/profile-details [32m204[0m 3.352 ms - 0[0m
[0mOPTIONS /api/product/tag [32m204[0m 0.706 ms - 0[0m
[0mGET /api/auth/seller/profile-details [32m200[0m 28.642 ms - 189[0m
[0mGET /api/product/tag [32m200[0m 21.680 ms - 1041[0m
[0mOPTIONS /api/auth/seller/profile-details [32m204[0m 1.790 ms - 0[0m
[0mOPTIONS /api/product/tag [32m204[0m 0.498 ms - 0[0m
[0mGET /api/auth/seller/profile-details [32m200[0m 23.904 ms - 189[0m
[0mGET /api/product/tag [32m200[0m 23.599 ms - 14[0m
[0mOPTIONS /api/auth/seller/profile-details [32m204[0m 2.813 ms - 0[0m
[0mOPTIONS /api/product/tag [32m204[0m 0.504 ms - 0[0m
[0mGET /api/auth/seller/profile-details [32m200[0m 26.130 ms - 189[0m
[0mGET /api/product/tag [32m200[0m 22.717 ms - 14[0m
[0mOPTIONS /api/auth/seller/profile-details [32m204[0m 3.990 ms - 0[0m
[0mOPTIONS /api/product/tag [32m204[0m 0.429 ms - 0[0m
[0mGET /api/auth/seller/profile-details [36m304[0m 36.241 ms - -[0m
[0mGET /api/product/tag [36m304[0m 19.985 ms - -[0m
[0mOPTIONS /api/seller/product/list [32m204[0m 0.204 ms - 0[0m
[0mGET /api/auth/seller/profile-details [36m304[0m 20.209 ms - -[0m
[0mPOST /api/seller/product/list [32m200[0m 56.276 ms - 41555[0m
[0mOPTIONS /api/product/main-delete?id=6363 [32m204[0m 1.497 ms - 0[0m
[0mDELETE /api/product/main-delete?id=6363 [32m200[0m 29.532 ms - 46[0m
[0mOPTIONS /api/auth/seller/profile-details [32m204[0m 0.409 ms - 0[0m
[0mOPTIONS /api/seller/product/list [32m204[0m 0.191 ms - 0[0m
[0mGET /api/auth/seller/profile-details [36m304[0m 7.890 ms - -[0m
[0mPOST /api/seller/product/list [32m200[0m 31.919 ms - 43863[0m
[0mGET /api/auth/seller/profile-details [36m304[0m 2.540 ms - -[0m
[0mOPTIONS /api/seller/brand/list [32m204[0m 0.312 ms - 0[0m
[0mOPTIONS /api/product/color/list [32m204[0m 0.194 ms - 0[0m
[0mGET /api/seller/brand/list [36m304[0m 26.075 ms - -[0m
[0mGET /api/product/color/list [36m304[0m 28.788 ms - -[0m
[0mOPTIONS /api/category/search/allcombine [32m204[0m 0.471 ms - 0[0m
[0mPOST /api/category/search/allcombine [32m200[0m 8.129 ms - 586[0m
[0mPOST /api/category/search/allcombine [32m200[0m 5.041 ms - 143[0m
[0mOPTIONS /api/seller/product/create [32m204[0m 0.333 ms - 0[0m
[0mPOST /api/seller/product/create [32m200[0m 18.710 ms - 71[0m
[0mOPTIONS /api/auth/seller/profile-details [32m204[0m 0.282 ms - 0[0m
[0mOPTIONS /api/seller/product/list [32m204[0m 0.151 ms - 0[0m
[0mPOST /api/seller/product/list [32m200[0m 21.853 ms - 41947[0m
[0mOPTIONS /api/auth/seller/profile-details [32m204[0m 1.186 ms - 0[0m
[0mOPTIONS /api/product/tag [32m204[0m 0.263 ms - 0[0m
[0mGET /api/auth/seller/profile-details [36m304[0m 8.297 ms - -[0m
[0mGET /api/product/tag [32m200[0m 11.628 ms - 645[0m
[0mOPTIONS /api/auth/seller/profile-details [32m204[0m 0.271 ms - 0[0m
[0mOPTIONS /api/product/tag [32m204[0m 0.324 ms - 0[0m
[0mGET /api/auth/seller/profile-details [36m304[0m 3.788 ms - -[0m
[0mGET /api/product/tag [36m304[0m 4.036 ms - -[0m
[0mOPTIONS /api/auth/seller/profile-details [32m204[0m 0.890 ms - 0[0m
[0mOPTIONS /api/product/tag [32m204[0m 0.160 ms - 0[0m
[0mGET /api/auth/seller/profile-details [36m304[0m 7.251 ms - -[0m
[0mGET /api/product/tag [32m200[0m 6.586 ms - 673[0m
[0mOPTIONS /api/auth/seller/profile-details [32m204[0m 1.051 ms - 0[0m
[0mOPTIONS /api/product/tag [32m204[0m 0.314 ms - 0[0m
[0mGET /api/auth/seller/profile-details [36m304[0m 19.284 ms - -[0m
[0mGET /api/product/tag [36m304[0m 25.094 ms - -[0m
[0mOPTIONS /api/auth/seller/profile-details [32m204[0m 1.937 ms - 0[0m
[0mOPTIONS /api/product/tag [32m204[0m 0.407 ms - 0[0m
[0mGET /api/auth/seller/profile-details [32m200[0m 22.318 ms - 189[0m
[0mGET /api/product/tag [32m200[0m 22.164 ms - 670[0m
[0mOPTIONS /api/auth/seller/profile-details [32m204[0m 3.215 ms - 0[0m
[0mOPTIONS /api/product/tag [32m204[0m 0.624 ms - 0[0m
[0mGET /api/auth/seller/profile-details [32m200[0m 32.869 ms - 189[0m
[0mGET /api/product/tag [32m200[0m 26.927 ms - 708[0m
[0mOPTIONS /api/auth/seller/profile-details [32m204[0m 1.266 ms - 0[0m
[0mOPTIONS /api/product/tag [32m204[0m 0.493 ms - 0[0m
[0mGET /api/auth/seller/profile-details [36m304[0m 26.006 ms - -[0m
[0mGET /api/product/tag [36m304[0m 16.415 ms - -[0m
[0mGET /api/auth/seller/profile-details [36m304[0m 11.632 ms - -[0m
[0mGET /api/product/tag [36m304[0m 13.712 ms - -[0m
[0mOPTIONS /api/auth/seller/profile-details [32m204[0m 1.622 ms - 0[0m
[0mOPTIONS /api/product/tag [32m204[0m 0.440 ms - 0[0m
[0mGET /api/auth/seller/profile-details [36m304[0m 14.618 ms - -[0m
[0mGET /api/product/tag [36m304[0m 15.002 ms - -[0m
[0mOPTIONS /api/auth/seller/profile-details [32m204[0m 0.548 ms - 0[0m
[0mOPTIONS /api/product/tag [32m204[0m 0.168 ms - 0[0m
[0mGET /api/auth/seller/profile-details [36m304[0m 10.128 ms - -[0m
[0mGET /api/product/tag [36m304[0m 12.438 ms - -[0m
[0mOPTIONS /api/auth/seller/profile-details [32m204[0m 1.057 ms - 0[0m
[0mOPTIONS /api/product/tag [32m204[0m 0.822 ms - 0[0m
[0mGET /api/auth/seller/profile-details [36m304[0m 15.667 ms - -[0m
[0mGET /api/product/tag [36m304[0m 15.554 ms - -[0m
[0mOPTIONS /api/product/tag?id=10 [32m204[0m 4.473 ms - 0[0m
[0mDELETE /api/product/tag?id=10 [32m200[0m 20.070 ms - 57[0m
[0mOPTIONS /api/product/tag [32m204[0m 0.465 ms - 0[0m
[0mGET /api/product/tag [32m200[0m 11.367 ms - 543[0m
[0mOPTIONS /api/auth/seller/profile-details [32m204[0m 1.745 ms - 0[0m
[0mOPTIONS /api/product/tag [32m204[0m 0.910 ms - 0[0m
[0mGET /api/auth/seller/profile-details [36m304[0m 25.177 ms - -[0m
[0mGET /api/product/tag [36m304[0m 27.716 ms - -[0m
[0mOPTIONS /api/auth/seller/profile-details [32m204[0m 1.006 ms - 0[0m
[0mOPTIONS /api/product/tag [32m204[0m 0.494 ms - 0[0m
[0mGET /api/auth/seller/profile-details [36m304[0m 10.499 ms - -[0m
[0mGET /api/product/tag [36m304[0m 8.868 ms - -[0m
[0mOPTIONS /api/auth/seller/profile-details [32m204[0m 2.726 ms - 0[0m
[0mOPTIONS /api/product/tag [32m204[0m 0.369 ms - 0[0m
[0mGET /api/auth/seller/profile-details [36m304[0m 19.887 ms - -[0m
[0mGET /api/product/tag [36m304[0m 25.924 ms - -[0m
[0mOPTIONS /api/auth/seller/profile-details [32m204[0m 0.515 ms - 0[0m
[0mOPTIONS /api/product/tag [32m204[0m 0.176 ms - 0[0m
[0mGET /api/auth/seller/profile-details [36m304[0m 6.972 ms - -[0m
[0mGET /api/product/tag [36m304[0m 7.453 ms - -[0m
[0mOPTIONS /api/auth/seller/profile-details [32m204[0m 2.449 ms - 0[0m
[0mOPTIONS /api/product/tag [32m204[0m 0.464 ms - 0[0m
[0mGET /api/auth/seller/profile-details [32m200[0m 25.758 ms - 189[0m
[0mGET /api/product/tag [32m200[0m 24.806 ms - 562[0m
[0mOPTIONS /api/auth/seller/profile-details [32m204[0m 2.117 ms - 0[0m
[0mOPTIONS /api/product/tag [32m204[0m 0.364 ms - 0[0m
[0mGET /api/auth/seller/profile-details [32m200[0m 28.700 ms - 189[0m
[0mGET /api/product/tag [31m500[0m 62.133 ms - 2968[0m
[0mOPTIONS /api/auth/seller/profile-details [32m204[0m 1.913 ms - 0[0m
[0mOPTIONS /api/product/tag [32m204[0m 0.924 ms - 0[0m
[0mGET /api/auth/seller/profile-details [32m200[0m 28.173 ms - 189[0m
[0mGET /api/product/tag [32m200[0m 31.687 ms - 224[0m
[0mOPTIONS /api/auth/seller/profile-details [32m204[0m 2.491 ms - 0[0m
[0mOPTIONS /api/product/tag [32m204[0m 0.842 ms - 0[0m
[0mGET /api/auth/seller/profile-details [32m200[0m 36.250 ms - 189[0m
[0mGET /api/product/tag [32m200[0m 34.629 ms - 231[0m
[0mOPTIONS /api/auth/seller/profile-details [32m204[0m 1.697 ms - 0[0m
[0mOPTIONS /api/seller/product/list [32m204[0m 0.684 ms - 0[0m
[0mGET /api/auth/seller/profile-details [36m304[0m 15.112 ms - -[0m
[0mPOST /api/seller/product/list [32m200[0m 65.840 ms - 41947[0m
[0mOPTIONS /api/auth/seller/profile-details [32m204[0m 1.596 ms - 0[0m
[0mOPTIONS /api/seller/product/list [32m204[0m 33.757 ms - 0[0m
[0mGET /api/auth/seller/profile-details [36m304[0m 41.529 ms - -[0m
[0mPOST /api/seller/product/list [32m200[0m 84.444 ms - 41947[0m
[0mOPTIONS /api/auth/seller/profile-details [32m204[0m 1.305 ms - 0[0m
[0mOPTIONS /api/product/tag [32m204[0m 45.056 ms - 0[0m
[0mOPTIONS /api/seller/product/list [32m204[0m 0.242 ms - 0[0m
[0mGET /api/auth/seller/profile-details [36m304[0m 37.157 ms - -[0m
[0mGET /api/product/tag [36m304[0m 34.592 ms - -[0m
[0mGET /api/auth/seller/profile-details [36m304[0m 6.200 ms - -[0m
[0mPOST /api/seller/product/list [32m200[0m 47.120 ms - 41947[0m
[0mOPTIONS /api/auth/seller/profile-details [32m204[0m 1.075 ms - 0[0m
[0mOPTIONS /api/seller/product/list [32m204[0m 0.656 ms - 0[0m
[0mGET /api/auth/seller/profile-details [36m304[0m 41.664 ms - -[0m
[0mOPTIONS /api/product/tag [32m204[0m 0.291 ms - 0[0m
[0mPOST /api/seller/product/list [32m200[0m 84.124 ms - 41947[0m
[0mGET /api/auth/seller/profile-details [36m304[0m 36.262 ms - -[0m
[0mGET /api/product/tag [36m304[0m 27.953 ms - -[0m
[0mOPTIONS /api/auth/seller/profile-details [32m204[0m 1.892 ms - 0[0m
[0mOPTIONS /api/seller/product/list [32m204[0m 0.265 ms - 0[0m
[0mOPTIONS /api/auth/seller/profile-details [32m204[0m 10.474 ms - 0[0m
[0mOPTIONS /api/product/tag [32m204[0m 0.364 ms - 0[0m
[0mGET /api/auth/seller/profile-details [36m304[0m 78.552 ms - -[0m
[0mGET /api/product/tag [36m304[0m 90.431 ms - -[0m
[0mPOST /api/seller/product/list [32m200[0m 115.244 ms - 41947[0m
[0mGET /api/auth/seller/profile-details [36m304[0m 59.160 ms - -[0m
[0mOPTIONS /api/auth/seller/profile-details [32m204[0m 0.275 ms - 0[0m
[0mOPTIONS /api/product/tag [32m204[0m 0.380 ms - 0[0m
[0mGET /api/auth/seller/profile-details [32m200[0m 5.779 ms - 189[0m
[0mGET /api/product/tag [32m200[0m 4.772 ms - 231[0m
[0mOPTIONS /api/auth/seller/profile-details [32m204[0m 1.798 ms - 0[0m
[0mOPTIONS /api/product/tag [32m204[0m 0.239 ms - 0[0m
[0mOPTIONS /api/seller/product/list [32m204[0m 0.333 ms - 0[0m
[0mGET /api/auth/seller/profile-details [36m304[0m 45.492 ms - -[0m
[0mGET /api/product/tag [36m304[0m 38.511 ms - -[0m
[0mGET /api/auth/seller/profile-details [36m304[0m 10.034 ms - -[0m
[0mPOST /api/seller/product/list [32m200[0m 43.014 ms - 41947[0m
[0mOPTIONS /api/auth/seller/profile-details [32m204[0m 1.094 ms - 0[0m
[0mOPTIONS /api/product/tag [32m204[0m 0.184 ms - 0[0m
[0mOPTIONS /api/seller/product/list [32m204[0m 0.243 ms - 0[0m
[0mGET /api/auth/seller/profile-details [36m304[0m 29.422 ms - -[0m
[0mGET /api/product/tag [36m304[0m 31.405 ms - -[0m
[0mGET /api/auth/seller/profile-details [36m304[0m 27.091 ms - -[0m
[0mPOST /api/seller/product/list [32m200[0m 82.124 ms - 41947[0m
[0mOPTIONS /api/auth/seller/profile-details [32m204[0m 0.531 ms - 0[0m
[0mOPTIONS /api/product/tag [32m204[0m 0.456 ms - 0[0m
[0mGET /api/auth/seller/profile-details [32m200[0m 9.404 ms - 189[0m
[0mGET /api/product/tag [32m200[0m 8.100 ms - 231[0m
[0mOPTIONS /api/auth/seller/profile-details [32m204[0m 1.194 ms - 0[0m
[0mOPTIONS /api/seller/product/list [32m204[0m 1.057 ms - 0[0m
[0mOPTIONS /api/product/tag [32m204[0m 0.898 ms - 0[0m
[0mGET /api/auth/seller/profile-details [36m304[0m 74.194 ms - -[0m
[0mPOST /api/seller/product/list [32m200[0m 88.127 ms - 41947[0m
[0mGET /api/product/tag [36m304[0m 69.165 ms - -[0m
[0mGET /api/auth/seller/profile-details [36m304[0m 10.756 ms - -[0m
[0mOPTIONS /api/auth/seller/profile-details [32m204[0m 1.078 ms - 0[0m
[0mOPTIONS /api/seller/product/list [32m204[0m 0.172 ms - 0[0m
[0mGET /api/auth/seller/profile-details [36m304[0m 37.519 ms - -[0m
[0mPOST /api/seller/product/list [32m200[0m 59.285 ms - 41947[0m
[0mOPTIONS /api/product/tag [32m204[0m 0.219 ms - 0[0m
[0mGET /api/auth/seller/profile-details [36m304[0m 14.085 ms - -[0m
[0mGET /api/product/tag [36m304[0m 27.581 ms - -[0m
[0mOPTIONS /api/auth/seller/profile-details [32m204[0m 0.921 ms - 0[0m
[0mOPTIONS /api/seller/product/list [32m204[0m 15.233 ms - 0[0m
[0mOPTIONS /api/product/tag [32m204[0m 0.233 ms - 0[0m
[0mGET /api/auth/seller/profile-details [36m304[0m 94.237 ms - -[0m
[0mPOST /api/seller/product/list [32m200[0m 118.001 ms - 41947[0m
[0mGET /api/product/tag [36m304[0m 101.477 ms - -[0m
[0mGET /api/auth/seller/profile-details [36m304[0m 20.927 ms - -[0m
[0mOPTIONS /api/auth/seller/profile-details [32m204[0m 1.478 ms - 0[0m
[0mOPTIONS /api/seller/product/list [32m204[0m 0.256 ms - 0[0m
[0mOPTIONS /api/product/tag [32m204[0m 0.905 ms - 0[0m
[0mGET /api/auth/seller/profile-details [36m304[0m 40.655 ms - -[0m
[0mPOST /api/seller/product/list [32m200[0m 71.489 ms - 41947[0m
[0mGET /api/product/tag [36m304[0m 58.274 ms - -[0m
[0mGET /api/auth/seller/profile-details [36m304[0m 15.229 ms - -[0m
[0mOPTIONS /api/auth/seller/profile-details [32m204[0m 6.454 ms - 0[0m
[0mOPTIONS /api/product/tag [32m204[0m 0.627 ms - 0[0m
[0mOPTIONS /api/seller/product/list [32m204[0m 0.975 ms - 0[0m
[0mGET /api/product/tag [36m304[0m 42.465 ms - -[0m
[0mGET /api/auth/seller/profile-details [36m304[0m 56.547 ms - -[0m
[0mGET /api/auth/seller/profile-details [36m304[0m 2.199 ms - -[0m
[0mPOST /api/seller/product/list [32m200[0m 48.373 ms - 41947[0m
[0mOPTIONS /api/auth/seller/profile-details [32m204[0m 2.778 ms - 0[0m
[0mOPTIONS /api/seller/product/list [32m204[0m 0.926 ms - 0[0m
[0mOPTIONS /api/product/tag [32m204[0m 5.735 ms - 0[0m
[0mGET /api/auth/seller/profile-details [36m304[0m 45.146 ms - -[0m
[0mPOST /api/seller/product/list [32m200[0m 76.985 ms - 41947[0m
[0mGET /api/product/tag [36m304[0m 40.473 ms - -[0m
[0mGET /api/auth/seller/profile-details [36m304[0m 31.838 ms - -[0m
[0mOPTIONS /api/auth/seller/profile-details [32m204[0m 1.265 ms - 0[0m
[0mOPTIONS /api/seller/product/list [32m204[0m 0.246 ms - 0[0m
[0mOPTIONS /api/product/tag [32m204[0m 0.278 ms - 0[0m
[0mGET /api/auth/seller/profile-details [36m304[0m 29.630 ms - -[0m
[0mGET /api/product/tag [36m304[0m 17.350 ms - -[0m
[0mGET /api/auth/seller/profile-details [36m304[0m 17.437 ms - -[0m
[0mPOST /api/seller/product/list [32m200[0m 140.848 ms - 41947[0m
[0mOPTIONS /api/auth/seller/profile-details [32m204[0m 3.299 ms - 0[0m
[0mOPTIONS /api/seller/product/list [32m204[0m 0.290 ms - 0[0m
[0mOPTIONS /api/auth/seller/profile-details [32m204[0m 0.683 ms - 0[0m
[0mOPTIONS /api/product/tag [32m204[0m 0.156 ms - 0[0m
[0mGET /api/auth/seller/profile-details [36m304[0m 87.514 ms - -[0m
[0mGET /api/product/tag [36m304[0m 115.782 ms - -[0m
[0mPOST /api/seller/product/list [32m200[0m 116.720 ms - 41947[0m
[0mGET /api/auth/seller/profile-details [36m304[0m 9.978 ms - -[0m
[0mOPTIONS /api/auth/seller/profile-details [32m204[0m 1.371 ms - 0[0m
[0mOPTIONS /api/seller/product/list [32m204[0m 0.218 ms - 0[0m
[0mGET /api/auth/seller/profile-details [36m304[0m 16.342 ms - -[0m
[0mPOST /api/seller/product/list [32m200[0m 44.575 ms - 41947[0m
[0mOPTIONS /api/product/tag?limit=20&page=1 [32m204[0m 0.559 ms - 0[0m
[0mGET /api/auth/seller/profile-details [36m304[0m 18.487 ms - -[0m
[0mGET /api/product/tag?limit=20&page=1 [32m200[0m 15.004 ms - 242[0m
[0mOPTIONS /api/auth/seller/profile-details [32m204[0m 2.017 ms - 0[0m
[0mOPTIONS /api/product/tag?limit=20&page=1 [32m204[0m 0.352 ms - 0[0m
[0mGET /api/auth/seller/profile-details [32m200[0m 30.855 ms - 189[0m
[0mGET /api/product/tag?limit=20&page=1 [32m200[0m 28.183 ms - 242[0m
[0mOPTIONS /api/auth/seller/profile-details [32m204[0m 2.569 ms - 0[0m
[0mOPTIONS /api/product/tag?limit=20&page=1 [32m204[0m 0.666 ms - 0[0m
[0mGET /api/auth/seller/profile-details [32m200[0m 23.235 ms - 189[0m
[0mGET /api/product/tag?limit=20&page=1 [32m200[0m 24.120 ms - 242[0m
[0mOPTIONS /api/seller/product/list [32m204[0m 4.600 ms - 0[0m
[0mPOST /api/seller/product/list [32m200[0m 68.843 ms - 49743[0m
[0mPOST /api/seller/product/list [32m200[0m 30.867 ms - 48217[0m
[0mOPTIONS /api/auth/seller/profile-details [32m204[0m 1.479 ms - 0[0m
[0mOPTIONS /api/seller/product/list [32m204[0m 0.208 ms - 0[0m
[0mGET /api/auth/seller/profile-details [36m304[0m 47.666 ms - -[0m
[0mOPTIONS /api/product/tag?limit=20&page=1 [32m204[0m 0.489 ms - 0[0m
[0mPOST /api/seller/product/list [32m200[0m 108.642 ms - 41947[0m
[0mGET /api/auth/seller/profile-details [36m304[0m 22.141 ms - -[0m
[0mGET /api/product/tag?limit=20&page=1 [36m304[0m 18.826 ms - -[0m
[0mOPTIONS /api/auth/seller/profile-details [32m204[0m 1.995 ms - 0[0m
[0mOPTIONS /api/seller/product/list [32m204[0m 0.657 ms - 0[0m
[0mGET /api/auth/seller/profile-details [36m304[0m 21.587 ms - -[0m
[0mPOST /api/seller/product/list [32m200[0m 45.296 ms - 41947[0m
[0mOPTIONS /api/product/tag?limit=20&page=1 [32m204[0m 0.223 ms - 0[0m
[0mGET /api/auth/seller/profile-details [36m304[0m 7.821 ms - -[0m
[0mGET /api/product/tag?limit=20&page=1 [36m304[0m 11.705 ms - -[0m
[0mOPTIONS /api/product/tag?limit=20&page=NaN&searchString=a [32m204[0m 1.579 ms - 0[0m
[0mGET /api/product/tag?limit=20&page=NaN&searchString=a [32m200[0m 15.859 ms - 244[0m
[0mOPTIONS /api/product/tag?limit=20&page=NaN&searchString=ad [32m204[0m 0.445 ms - 0[0m
[0mGET /api/product/tag?limit=20&page=NaN&searchString=ad [32m200[0m 20.011 ms - 244[0m
[0mOPTIONS /api/product/tag?limit=20&page=NaN&searchString=adf [32m204[0m 1.491 ms - 0[0m
[0mGET /api/product/tag?limit=20&page=NaN&searchString=adf [32m200[0m 5.669 ms - 244[0m
[0mOPTIONS /api/product/tag?limit=20&page=NaN&searchString=adfs [32m204[0m 0.368 ms - 0[0m
[0mGET /api/product/tag?limit=20&page=NaN&searchString=adfs [32m200[0m 5.544 ms - 244[0m
[0mOPTIONS /api/product/tag?limit=20&page=NaN&searchString=adfsa [32m204[0m 0.354 ms - 0[0m
[0mGET /api/product/tag?limit=20&page=NaN&searchString=adfsa [32m200[0m 5.118 ms - 244[0m
[0mOPTIONS /api/product/tag?limit=20&page=NaN&searchString=adfsad [32m204[0m 0.377 ms - 0[0m
[0mOPTIONS /api/product/tag?limit=20&page=NaN&searchString=adfsadf [32m204[0m 0.356 ms - 0[0m
[0mGET /api/product/tag?limit=20&page=NaN&searchString=adfsad [32m200[0m 9.811 ms - 244[0m
[0mGET /api/product/tag?limit=20&page=NaN&searchString=adfsadf [32m200[0m 5.380 ms - 244[0m
[0mOPTIONS /api/product/tag?limit=20&page=NaN&searchString=adfsad [32m204[0m 3.196 ms - 0[0m
[0mGET /api/product/tag?limit=20&page=NaN&searchString=adfsad [36m304[0m 34.394 ms - -[0m
[0mOPTIONS /api/product/tag?limit=20&page=NaN&searchString=adfsa [32m204[0m 3.542 ms - 0[0m
[0mGET /api/product/tag?limit=20&page=NaN&searchString=adfsa [31m500[0m 39.663 ms - 2968[0m
[0mOPTIONS /api/product/tag?limit=20&page=NaN&searchString=adfsaa [32m204[0m 6.658 ms - 0[0m
[0mGET /api/product/tag?limit=20&page=NaN&searchString=adfsaa [31m500[0m 71.997 ms - 2968[0m
[0mOPTIONS /api/auth/seller/profile-details [32m204[0m 6.116 ms - 0[0m
[0mOPTIONS /api/product/tag?limit=20&page=1 [32m204[0m 0.348 ms - 0[0m
[0mOPTIONS /api/auth/seller/profile-details [32m204[0m 0.261 ms - 0[0m
[0mOPTIONS /api/seller/product/list [32m204[0m 0.168 ms - 0[0m
[0mGET /api/auth/seller/profile-details [36m304[0m 105.406 ms - -[0m
[0mGET /api/product/tag?limit=20&page=1 [36m304[0m 116.530 ms - -[0m
[0mPOST /api/seller/product/list [32m200[0m 146.655 ms - 41947[0m
[0mGET /api/auth/seller/profile-details [36m304[0m 72.218 ms - -[0m
[0mOPTIONS /api/product/tag?limit=20&page=1&searchString=a [32m204[0m 0.887 ms - 0[0m
[0mGET /api/product/tag?limit=20&page=1&searchString=a [32m200[0m 10.981 ms - 191[0m
[0mOPTIONS /api/product/tag?limit=20&page=1&searchString=as [32m204[0m 0.432 ms - 0[0m
[0mGET /api/product/tag?limit=20&page=1&searchString=as [32m200[0m 7.560 ms - 141[0m
[0mOPTIONS /api/product/tag?limit=20&page=1&searchString=asd [32m204[0m 0.362 ms - 0[0m
[0mGET /api/product/tag?limit=20&page=1&searchString=asd [32m200[0m 4.809 ms - 90[0m
[0mOPTIONS /api/product/tag?limit=20&page=1&searchString=asdf [32m204[0m 0.325 ms - 0[0m
[0mGET /api/product/tag?limit=20&page=1&searchString=asdf [32m200[0m 4.377 ms - 90[0m
[0mGET /api/product/tag?limit=20&page=1&searchString=asd [36m304[0m 16.221 ms - -[0m
[0mGET /api/product/tag?limit=20&page=1&searchString=as [36m304[0m 5.342 ms - -[0m
[0mOPTIONS /api/product/tag?limit=20&page=1&searchString=a [32m204[0m 0.875 ms - 0[0m
[0mGET /api/product/tag?limit=20&page=1&searchString=a [36m304[0m 6.277 ms - -[0m
[0mOPTIONS /api/product/tag?limit=20&page=NaN [32m204[0m 1.025 ms - 0[0m
[0mGET /api/product/tag?limit=20&page=NaN [31m500[0m 32.550 ms - 2968[0m
[0mOPTIONS /api/auth/seller/profile-details [32m204[0m 6.419 ms - 0[0m
[0mOPTIONS /api/product/tag?limit=20&page=1 [32m204[0m 1.743 ms - 0[0m
[0mGET /api/auth/seller/profile-details [36m304[0m 42.637 ms - -[0m
[0mGET /api/product/tag?limit=20&page=1 [36m304[0m 39.597 ms - -[0m
[0mOPTIONS /api/seller/product/list [32m204[0m 0.255 ms - 0[0m
[0mGET /api/auth/seller/profile-details [36m304[0m 18.806 ms - -[0m
[0mPOST /api/seller/product/list [32m200[0m 45.334 ms - 41947[0m
[0mOPTIONS /api/product/tag?limit=20&page=1&searchString=a [32m204[0m 0.395 ms - 0[0m
[0mGET /api/product/tag?limit=20&page=1&searchString=a [36m304[0m 7.702 ms - -[0m
[0mOPTIONS /api/product/tag?limit=20&page=1&searchString=as [32m204[0m 0.324 ms - 0[0m
[0mGET /api/product/tag?limit=20&page=1&searchString=as [36m304[0m 4.851 ms - -[0m
[0mOPTIONS /api/product/tag?limit=20&page=1&searchString=asd [32m204[0m 0.246 ms - 0[0m
[0mGET /api/product/tag?limit=20&page=1&searchString=asd [36m304[0m 3.784 ms - -[0m
[0mOPTIONS /api/product/tag?limit=20&page=1&searchString=asdf [32m204[0m 0.297 ms - 0[0m
[0mGET /api/product/tag?limit=20&page=1&searchString=asdf [36m304[0m 2.878 ms - -[0m
[0mGET /api/product/tag?limit=20&page=1&searchString=asd [36m304[0m 9.836 ms - -[0m
[0mGET /api/product/tag?limit=20&page=1&searchString=as [36m304[0m 5.348 ms - -[0m
[0mGET /api/product/tag?limit=20&page=1&searchString=a [36m304[0m 5.733 ms - -[0m
[0mGET /api/product/tag?limit=20&page=1 [36m304[0m 6.035 ms - -[0m
[0mOPTIONS /api/product/tag?limit=20&page=1&searchString=1 [32m204[0m 2.028 ms - 0[0m
[0mGET /api/product/tag?limit=20&page=1&searchString=1 [32m200[0m 19.051 ms - 90[0m
[0mOPTIONS /api/product/tag?limit=20&page=1 [32m204[0m 2.984 ms - 0[0m
[0mGET /api/product/tag?limit=20&page=1 [36m304[0m 10.129 ms - -[0m
[0mGET /api/product/tag?limit=20&page=1&searchString=1 [36m304[0m 13.959 ms - -[0m
[0mOPTIONS /api/product/tag?limit=20&page=1&searchString=12 [32m204[0m 0.398 ms - 0[0m
[0mGET /api/product/tag?limit=20&page=1&searchString=12 [32m200[0m 3.750 ms - 90[0m
[0mGET /api/product/tag?limit=20&page=1&searchString=1 [36m304[0m 10.650 ms - -[0m
[0mGET /api/product/tag?limit=20&page=1 [36m304[0m 9.467 ms - -[0m
[0mOPTIONS /api/auth/seller/profile-details [32m204[0m 1.964 ms - 0[0m
[0mOPTIONS /api/product/tag?limit=20&page=1 [32m204[0m 1.120 ms - 0[0m
[0mGET /api/auth/seller/profile-details [32m200[0m 17.403 ms - 189[0m
[0mGET /api/product/tag?limit=20&page=1 [32m200[0m 14.972 ms - 257[0m
[0mOPTIONS /api/auth/seller/profile-details [32m204[0m 1.802 ms - 0[0m
[0mOPTIONS /api/product/tag?limit=20&page=1 [32m204[0m 0.400 ms - 0[0m
[0mGET /api/auth/seller/profile-details [36m304[0m 23.240 ms - -[0m
[0mGET /api/product/tag?limit=20&page=1 [36m304[0m 23.195 ms - -[0m
[0mOPTIONS /api/auth/seller/profile-details [32m204[0m 1.933 ms - 0[0m
[0mOPTIONS /api/product/tag?limit=20&page=1 [32m204[0m 0.438 ms - 0[0m
[0mGET /api/auth/seller/profile-details [32m200[0m 17.526 ms - 189[0m
[0mGET /api/product/tag?limit=20&page=1 [32m200[0m 15.350 ms - 254[0m
[0mOPTIONS /api/auth/seller/profile-details [32m204[0m 1.857 ms - 0[0m
[0mOPTIONS /api/product/tag?limit=20&page=1 [32m204[0m 0.448 ms - 0[0m
[0mGET /api/auth/seller/profile-details [32m200[0m 16.946 ms - 189[0m
[0mGET /api/product/tag?limit=20&page=1 [32m200[0m 16.104 ms - 266[0m
[0mOPTIONS /api/product/tag?limit=20&page=1&searchString=6 [32m204[0m 0.589 ms - 0[0m
[0mGET /api/product/tag?limit=20&page=1&searchString=6 [32m200[0m 11.782 ms - 266[0m
[0mOPTIONS /api/product/tag?limit=20&page=1&searchString=66 [32m204[0m 0.669 ms - 0[0m
[0mGET /api/product/tag?limit=20&page=1&searchString=66 [32m200[0m 5.959 ms - 266[0m
[0mOPTIONS /api/product/tag?limit=20&page=1&searchString=668 [32m204[0m 0.559 ms - 0[0m
[0mGET /api/product/tag?limit=20&page=1&searchString=668 [32m200[0m 5.906 ms - 266[0m
[0mOPTIONS /api/product/tag?limit=20&page=1&searchString=6685 [32m204[0m 0.351 ms - 0[0m
[0mGET /api/product/tag?limit=20&page=1&searchString=6685 [32m200[0m 6.320 ms - 266[0m
[0mOPTIONS /api/auth/seller/profile-details [32m204[0m 0.407 ms - 0[0m
[0mOPTIONS /api/product/tag?limit=20&page=1 [32m204[0m 0.348 ms - 0[0m
[0mGET /api/auth/seller/profile-details [36m304[0m 5.229 ms - -[0m
[0mGET /api/product/tag?limit=20&page=1 [36m304[0m 4.662 ms - -[0m
[0mOPTIONS /api/product/tag?limit=20&page=1&searchString=p [32m204[0m 0.609 ms - 0[0m
[0mGET /api/product/tag?limit=20&page=1&searchString=p [32m200[0m 7.956 ms - 148[0m
[0mOPTIONS /api/product/tag?limit=20&page=1&searchString=pu [32m204[0m 0.561 ms - 0[0m
[0mGET /api/product/tag?limit=20&page=1&searchString=pu [32m200[0m 4.420 ms - 148[0m
[0mGET /api/product/tag?limit=20&page=1&searchString=p [36m304[0m 7.649 ms - -[0m
[0mGET /api/product/tag?limit=20&page=1 [36m304[0m 9.062 ms - -[0m
[0mOPTIONS /api/product/tag?limit=20&page=1&searchString=6 [32m204[0m 0.482 ms - 0[0m
[0mGET /api/product/tag?limit=20&page=1&searchString=6 [36m304[0m 6.246 ms - -[0m
[0mOPTIONS /api/product/tag?limit=20&page=1&searchString=66 [32m204[0m 0.354 ms - 0[0m
[0mGET /api/product/tag?limit=20&page=1&searchString=66 [36m304[0m 5.550 ms - -[0m
[0mOPTIONS /api/product/tag?limit=20&page=1&searchString=668 [32m204[0m 0.601 ms - 0[0m
[0mGET /api/product/tag?limit=20&page=1&searchString=668 [36m304[0m 6.060 ms - -[0m
[0mOPTIONS /api/product/tag?limit=20&page=1&searchString=6685 [32m204[0m 0.286 ms - 0[0m
[0mGET /api/product/tag?limit=20&page=1&searchString=6685 [36m304[0m 5.567 ms - -[0m
[0mGET /api/product/tag?limit=20&page=1&searchString=668 [36m304[0m 5.596 ms - -[0m
[0mGET /api/product/tag?limit=20&page=1&searchString=66 [36m304[0m 4.573 ms - -[0m
[0mGET /api/product/tag?limit=20&page=1&searchString=6 [36m304[0m 4.838 ms - -[0m
[0mOPTIONS /api/product/tag?limit=20&page=1 [32m204[0m 0.544 ms - 0[0m
[0mGET /api/product/tag?limit=20&page=1 [36m304[0m 4.235 ms - -[0m
[0mOPTIONS /api/product/tag?limit=20&page=1&searchString=a [32m204[0m 0.305 ms - 0[0m
[0mGET /api/product/tag?limit=20&page=1&searchString=a [32m200[0m 3.910 ms - 207[0m
[0mOPTIONS /api/product/tag?limit=20&page=1&searchString=as [32m204[0m 0.374 ms - 0[0m
[0mGET /api/product/tag?limit=20&page=1&searchString=as [32m200[0m 4.596 ms - 149[0m
[0mOPTIONS /api/product/tag?limit=20&page=1&searchString=asd [32m204[0m 0.998 ms - 0[0m
[0mGET /api/product/tag?limit=20&page=1&searchString=asd [36m304[0m 4.164 ms - -[0m
[0mOPTIONS /api/product/tag?limit=20&page=1&searchString=asdf [32m204[0m 0.429 ms - 0[0m
[0mGET /api/product/tag?limit=20&page=1&searchString=asdf [36m304[0m 6.348 ms - -[0m
[0mGET /api/product/tag?limit=20&page=1&searchString=asd [36m304[0m 3.563 ms - -[0m
[0mGET /api/product/tag?limit=20&page=1&searchString=as [36m304[0m 5.776 ms - -[0m
[0mGET /api/product/tag?limit=20&page=1&searchString=a [36m304[0m 5.300 ms - -[0m
[0mGET /api/product/tag?limit=20&page=1 [36m304[0m 3.577 ms - -[0m
[0mOPTIONS /api/product/tag?limit=20&page=1&searchString=3 [32m204[0m 6.384 ms - 0[0m
[0mGET /api/product/tag?limit=20&page=1&searchString=3 [32m200[0m 27.928 ms - 90[0m
[0mOPTIONS /api/product/tag?limit=20&page=1 [32m204[0m 0.371 ms - 0[0m
[0mGET /api/product/tag?limit=20&page=1 [36m304[0m 6.007 ms - -[0m
[0mOPTIONS /api/product/tag?limit=20&page=1&searchString=6 [32m204[0m 0.521 ms - 0[0m
[0mGET /api/product/tag?limit=20&page=1&searchString=6 [36m304[0m 6.841 ms - -[0m
[0mOPTIONS /api/product/tag?limit=20&page=1&searchString=66 [32m204[0m 0.372 ms - 0[0m
[0mGET /api/product/tag?limit=20&page=1&searchString=66 [36m304[0m 4.008 ms - -[0m
[0mOPTIONS /api/product/tag?limit=20&page=1&searchString=668 [32m204[0m 1.657 ms - 0[0m
[0mGET /api/product/tag?limit=20&page=1&searchString=668 [36m304[0m 5.023 ms - -[0m
[0mOPTIONS /api/product/tag?limit=20&page=1&searchString=6685 [32m204[0m 0.601 ms - 0[0m
[0mGET /api/product/tag?limit=20&page=1&searchString=6685 [36m304[0m 10.281 ms - -[0m
[0mGET /api/product/tag?limit=20&page=1&searchString=668 [36m304[0m 6.153 ms - -[0m
[0mGET /api/product/tag?limit=20&page=1&searchString=66 [36m304[0m 6.070 ms - -[0m
[0mGET /api/product/tag?limit=20&page=1&searchString=6 [36m304[0m 10.441 ms - -[0m
[0mGET /api/product/tag?limit=20&page=1 [36m304[0m 5.204 ms - -[0m
[0mOPTIONS /api/product/tag?limit=20&page=1&searchString=9 [32m204[0m 0.735 ms - 0[0m
[0mGET /api/product/tag?limit=20&page=1&searchString=9 [32m200[0m 7.789 ms - 90[0m
[0mOPTIONS /api/product/tag?limit=20&page=1 [32m204[0m 0.613 ms - 0[0m
[0mGET /api/product/tag?limit=20&page=1 [36m304[0m 9.258 ms - -[0m
[0mOPTIONS /api/product/tag?limit=20&page=1&searchString=53 [32m204[0m 5.098 ms - 0[0m
[0mGET /api/product/tag?limit=20&page=1&searchString=53 [32m200[0m 13.235 ms - 90[0m
[0mOPTIONS /api/product/tag?limit=20&page=1&searchString=5 [32m204[0m 0.857 ms - 0[0m
[0mGET /api/product/tag?limit=20&page=1&searchString=5 [32m200[0m 14.712 ms - 266[0m
[0mOPTIONS /api/product/tag?limit=20&page=1 [32m204[0m 0.444 ms - 0[0m
[0mGET /api/product/tag?limit=20&page=1 [36m304[0m 5.086 ms - -[0m
[0mOPTIONS /api/product/tag?limit=20&page=1&searchString=4 [32m204[0m 0.735 ms - 0[0m
[0mGET /api/product/tag?limit=20&page=1&searchString=4 [32m200[0m 5.950 ms - 90[0m
[0mGET /api/product/tag?limit=20&page=1 [36m304[0m 9.700 ms - -[0m
[0mOPTIONS /api/product/tag?limit=20&page=1&searchString=6 [32m204[0m 1.504 ms - 0[0m
[0mGET /api/product/tag?limit=20&page=1&searchString=6 [36m304[0m 19.312 ms - -[0m
[0mOPTIONS /api/product/tag?limit=20&page=1&searchString=66 [32m204[0m 0.291 ms - 0[0m
[0mGET /api/product/tag?limit=20&page=1&searchString=66 [36m304[0m 17.268 ms - -[0m
[0mOPTIONS /api/product/tag?limit=20&page=1&searchString=668 [32m204[0m 80.290 ms - 0[0m
[0mOPTIONS /api/product/tag?limit=20&page=1&searchString=6685 [32m204[0m 1.185 ms - 0[0m
[0mGET /api/product/tag?limit=20&page=1&searchString=668 [36m304[0m 627.495 ms - -[0m
[0mGET /api/product/tag?limit=20&page=1&searchString=6685 [36m304[0m 33.164 ms - -[0m
[0mOPTIONS /api/order/notifications [32m204[0m 4.632 ms - 0[0m
[0mOPTIONS /api/order/list [32m204[0m 0.392 ms - 0[0m
[0mOPTIONS /api/order/count [32m204[0m 0.169 ms - 0[0m
[0mGET /api/order/count [32m200[0m 68.467 ms - 196[0m
[0mPOST /api/order/list [32m200[0m 143.251 ms - 13220[0m
[0mGET /api/order/notifications [32m200[0m 119.302 ms - 36[0m
[0mOPTIONS /api/location/list [32m204[0m 0.419 ms - 0[0m
[0mGET /api/location/list [32m200[0m 4.255 ms - 1822[0m
[0mGET /api/order/notifications [36m304[0m 19.738 ms - -[0m
[0mOPTIONS /api/order/notifications [32m204[0m 0.367 ms - 0[0m
[0mOPTIONS /api/location/city/list [32m204[0m 0.213 ms - 0[0m
[0mGET /api/location/city/list [31m500[0m 15.409 ms - 2969[0m
[0mGET /api/order/notifications [36m304[0m 35.104 ms - -[0m
[0mOPTIONS /api/order/notifications [32m204[0m 1.529 ms - 0[0m
[0mOPTIONS /api/location/city/list [32m204[0m 0.275 ms - 0[0m
[0mGET /api/location/city/list [31m500[0m 12.273 ms - 2969[0m
[0mGET /api/order/notifications [36m304[0m 38.937 ms - -[0m
[0mOPTIONS /api/order/notifications [32m204[0m 2.141 ms - 0[0m
[0mOPTIONS /api/location/city/list [32m204[0m 1.393 ms - 0[0m
[0mGET /api/location/city/list [31m500[0m 35.128 ms - 2969[0m
[0mGET /api/order/notifications [32m200[0m 60.861 ms - 36[0m
[0mOPTIONS /api/order/notifications [32m204[0m 2.602 ms - 0[0m
[0mOPTIONS /api/location/city/list [32m204[0m 0.514 ms - 0[0m
[0mGET /api/location/city/list [32m200[0m 18.999 ms - 3579[0m
[0mGET /api/order/notifications [32m200[0m 41.344 ms - 36[0m
[0mOPTIONS /api/order/notifications [32m204[0m 2.395 ms - 0[0m
[0mOPTIONS /api/location/city/list [32m204[0m 0.539 ms - 0[0m
[0mGET /api/location/city/list [36m304[0m 32.222 ms - -[0m
[0mGET /api/order/notifications [36m304[0m 53.744 ms - -[0m
[0mOPTIONS /api/location/list [32m204[0m 0.381 ms - 0[0m
[0mGET /api/location/list [36m304[0m 3.887 ms - -[0m
[0mOPTIONS /api/order/notifications [32m204[0m 1.097 ms - 0[0m
[0mOPTIONS /api/location/city/list [32m204[0m 0.293 ms - 0[0m
[0mGET /api/location/city/list [36m304[0m 16.656 ms - -[0m
[0mGET /api/order/notifications [36m304[0m 43.130 ms - -[0m
[0mOPTIONS /api/location/list [32m204[0m 0.577 ms - 0[0m
[0mGET /api/location/list [36m304[0m 6.240 ms - -[0m
[0mOPTIONS /api/location/city/update [32m204[0m 0.469 ms - 0[0m
[0mPOST /api/location/city/update [32m200[0m 36.540 ms - 62[0m
[0mOPTIONS /api/order/notifications [32m204[0m 0.313 ms - 0[0m
[0mOPTIONS /api/location/city/list [32m204[0m 0.308 ms - 0[0m
[0mGET /api/location/city/list [36m304[0m 5.225 ms - -[0m
[0mGET /api/order/notifications [36m304[0m 18.723 ms - -[0m
[0mOPTIONS /api/order/notifications [32m204[0m 4.398 ms - 0[0m
[0mOPTIONS /api/location/city/list [32m204[0m 0.535 ms - 0[0m
[0mGET /api/location/city/list [32m200[0m 18.409 ms - 3579[0m
[0mGET /api/order/notifications [32m200[0m 48.627 ms - 36[0m
[0mOPTIONS /api/location/list [32m204[0m 0.650 ms - 0[0m
[0mGET /api/location/list [36m304[0m 4.395 ms - -[0m
[0mOPTIONS /api/location/city/update [32m204[0m 0.716 ms - 0[0m
[0mPOST /api/location/city/update [33m404[0m 14.913 ms - 28[0m
[0mOPTIONS /api/order/notifications [32m204[0m 1.737 ms - 0[0m
[0mOPTIONS /api/location/city/list [32m204[0m 0.836 ms - 0[0m
[0mGET /api/location/city/list [36m304[0m 14.104 ms - -[0m
[0mGET /api/order/notifications [36m304[0m 42.161 ms - -[0m
[0mOPTIONS /api/location/list [32m204[0m 0.339 ms - 0[0m
[0mGET /api/location/list [36m304[0m 2.911 ms - -[0m
[0mOPTIONS /api/location/area/update [32m204[0m 0.427 ms - 0[0m
[0mPOST /api/location/area/update [32m200[0m 15.549 ms - 62[0m
[0mGET /api/location/city/list [36m304[0m 4.478 ms - -[0m
[0mGET /api/order/notifications [36m304[0m 17.793 ms - -[0m
[0mOPTIONS /api/location/list [32m204[0m 0.356 ms - 0[0m
[0mGET /api/location/list [36m304[0m 3.244 ms - -[0m
[0mOPTIONS /api/location/area/update [32m204[0m 0.391 ms - 0[0m
[0mPOST /api/location/area/update [32m200[0m 6.810 ms - 62[0m
[0mOPTIONS /api/order/notifications [32m204[0m 0.286 ms - 0[0m
[0mOPTIONS /api/location/city/list [32m204[0m 0.155 ms - 0[0m
[0mGET /api/location/city/list [36m304[0m 6.691 ms - -[0m
[0mGET /api/order/notifications [36m304[0m 24.880 ms - -[0m
[0mOPTIONS /api/location/list [32m204[0m 4.004 ms - 0[0m
[0mGET /api/location/list [36m304[0m 9.122 ms - -[0m
[0mOPTIONS /api/location/area/update [32m204[0m 0.565 ms - 0[0m
[0mPOST /api/location/area/update [32m200[0m 25.347 ms - 62[0m
[0mOPTIONS /api/order/notifications [32m204[0m 0.382 ms - 0[0m
[0mOPTIONS /api/location/city/list [32m204[0m 0.315 ms - 0[0m
[0mGET /api/location/city/list [32m200[0m 15.179 ms - 3578[0m
[0mGET /api/order/notifications [36m304[0m 33.161 ms - -[0m
[0mOPTIONS /api/order/notifications [32m204[0m 5.315 ms - 0[0m
[0mOPTIONS /api/location/city/list [32m204[0m 0.943 ms - 0[0m
[0mGET /api/location/city/list [36m304[0m 38.160 ms - -[0m
[0mGET /api/order/notifications [36m304[0m 70.112 ms - -[0m
[0mOPTIONS /api/location/area/delete?id=2 [32m204[0m 0.675 ms - 0[0m
[0mDELETE /api/location/area/delete?id=2 [32m200[0m 9.351 ms - 54[0m
[0mOPTIONS /api/location/city/list [32m204[0m 0.721 ms - 0[0m
[0mGET /api/location/city/list [32m200[0m 5.035 ms - 3496[0m
[0mOPTIONS /api/order/notifications [32m204[0m 2.483 ms - 0[0m
[0mOPTIONS /api/order/list [32m204[0m 0.366 ms - 0[0m
[0mOPTIONS /api/order/count [32m204[0m 0.165 ms - 0[0m
[0mGET /api/order/count [32m200[0m 24.597 ms - 196[0m
[0mPOST /api/order/list [32m200[0m 61.186 ms - 9065[0m
[0mGET /api/order/notifications [32m200[0m 75.770 ms - 36[0m
[0mOPTIONS /api/location/city/list [32m204[0m 0.420 ms - 0[0m
[0mGET /api/location/city/list [32m200[0m 6.680 ms - 3579[0m
[0mGET /api/order/notifications [36m304[0m 19.846 ms - -[0m
[0mOPTIONS /api/location/area/delete?id=36 [32m204[0m 1.800 ms - 0[0m
[0mDELETE /api/location/area/delete?id=36 [32m200[0m 12.965 ms - 54[0m
[0mOPTIONS /api/location/city/list [32m204[0m 0.620 ms - 0[0m
[0mGET /api/location/city/list [32m200[0m 7.429 ms - 3512[0m
[0mOPTIONS /api/location/area/delete?id=39 [32m204[0m 1.523 ms - 0[0m
[0mDELETE /api/location/area/delete?id=39 [32m200[0m 5.118 ms - 54[0m
[0mOPTIONS /api/location/city/list [32m204[0m 0.590 ms - 0[0m
[0mGET /api/location/city/list [32m200[0m 6.784 ms - 3451[0m
[0mOPTIONS /api/order/notifications [32m204[0m 0.318 ms - 0[0m
[0mOPTIONS /api/location/city/list [32m204[0m 0.244 ms - 0[0m
[0mGET /api/location/city/list [32m200[0m 17.169 ms - 3451[0m
[0mGET /api/order/notifications [32m200[0m 33.193 ms - 36[0m
[0mOPTIONS /api/location/area/delete?id=37 [32m204[0m 0.491 ms - 0[0m
[0mDELETE /api/location/area/delete?id=37 [32m200[0m 4.164 ms - 54[0m
[0mOPTIONS /api/location/city/list [32m204[0m 0.484 ms - 0[0m
[0mGET /api/location/city/list [32m200[0m 6.712 ms - 3388[0m
[0mOPTIONS /api/location/area/delete?id=38 [32m204[0m 0.667 ms - 0[0m
[0mDELETE /api/location/area/delete?id=38 [32m200[0m 4.977 ms - 54[0m
[0mGET /api/location/city/list [32m200[0m 8.398 ms - 3322[0m
[0mOPTIONS /api/order/notifications [32m204[0m 0.286 ms - 0[0m
[0mOPTIONS /api/location/list [32m204[0m 0.817 ms - 0[0m
[0mGET /api/location/list [36m304[0m 6.305 ms - -[0m
[0mGET /api/order/notifications [36m304[0m 25.025 ms - -[0m
[0mOPTIONS /api/location/city/create [32m204[0m 0.557 ms - 0[0m
[0mPOST /api/location/city/create [31m500[0m 30.784 ms - 34[0m
[0mOPTIONS /api/location/city/create [32m204[0m 6.273 ms - 0[0m
[0mPOST /api/location/city/create [31m500[0m 23.745 ms - 34[0m
[0mOPTIONS /api/location/city/create [32m204[0m 5.363 ms - 0[0m
[0mPOST /api/location/city/create [32m200[0m 37.451 ms - 68[0m
[0mOPTIONS /api/order/notifications [32m204[0m 0.377 ms - 0[0m
[0mOPTIONS /api/location/city/list [32m204[0m 0.349 ms - 0[0m
[0mGET /api/location/city/list [32m200[0m 9.638 ms - 3401[0m
[0mGET /api/order/notifications [36m304[0m 30.384 ms - -[0m
[0mOPTIONS /api/order/notifications [32m204[0m 1.094 ms - 0[0m
[0mOPTIONS /api/location/city/list [32m204[0m 0.218 ms - 0[0m
[0mGET /api/location/city/list [32m200[0m 13.214 ms - 3401[0m
[0mGET /api/order/notifications [32m200[0m 39.687 ms - 36[0m
[0mOPTIONS /api/order/notifications [32m204[0m 4.439 ms - 0[0m
[0mOPTIONS /api/location/area/list [32m204[0m 0.898 ms - 0[0m
[0mGET /api/location/area/list [32m200[0m 29.259 ms - 3401[0m
[0mGET /api/order/notifications [36m304[0m 44.545 ms - -[0m
[0mGET /api/location/area/list [36m304[0m 14.923 ms - -[0m
[0mGET /api/order/notifications [36m304[0m 36.728 ms - -[0m
[0mOPTIONS /api/order/notifications [32m204[0m 1.856 ms - 0[0m
[0mOPTIONS /api/location/area/list [32m204[0m 0.452 ms - 0[0m
[0mGET /api/location/area/list [32m200[0m 17.542 ms - 3401[0m
[0mGET /api/order/notifications [32m200[0m 40.962 ms - 36[0m
[0mOPTIONS /api/location/area/delete?id=4 [32m204[0m 0.781 ms - 0[0m
[0mDELETE /api/location/area/delete?id=4 [32m200[0m 10.202 ms - 54[0m
[0mOPTIONS /api/location/area/list [32m204[0m 0.733 ms - 0[0m
[0mGET /api/location/area/list [32m200[0m 5.471 ms - 3321[0m
[0mOPTIONS /api/location/area/delete?id=47 [32m204[0m 1.044 ms - 0[0m
[0mDELETE /api/location/area/delete?id=47 [32m200[0m 8.069 ms - 54[0m
[0mOPTIONS /api/location/area/list [32m204[0m 0.837 ms - 0[0m
[0mGET /api/location/area/list [32m200[0m 7.484 ms - 3246[0m
[0mOPTIONS /api/order/notifications [32m204[0m 0.457 ms - 0[0m
[0mOPTIONS /api/location/list [32m204[0m 0.311 ms - 0[0m
[0mGET /api/location/list [36m304[0m 3.977 ms - -[0m
[0mGET /api/order/notifications [36m304[0m 18.661 ms - -[0m
[0mOPTIONS /api/location/area/create [32m204[0m 0.717 ms - 0[0m
[0mPOST /api/location/area/create [33m400[0m 16.920 ms - 206[0m
[0mOPTIONS /api/location/area/create [32m204[0m 0.918 ms - 0[0m
[0mPOST /api/location/area/create [33m400[0m 1.304 ms - 206[0m
[0mOPTIONS /api/location/area/create [32m204[0m 3.800 ms - 0[0m
[0mPOST /api/location/area/create [33m400[0m 12.336 ms - 206[0m
[0mOPTIONS /api/order/notifications [32m204[0m 19.178 ms - 0[0m
[0mOPTIONS /api/location/list [32m204[0m 0.514 ms - 0[0m
[0mGET /api/location/list [36m304[0m 41.099 ms - -[0m
[0mGET /api/order/notifications [36m304[0m 117.028 ms - -[0m
[0mOPTIONS /api/location/area/create [32m204[0m 0.812 ms - 0[0m
[0mPOST /api/location/area/create [33m400[0m 19.231 ms - 216[0m
[0mOPTIONS /api/location/area/create [32m204[0m 3.642 ms - 0[0m
[0mPOST /api/location/area/create [32m200[0m 25.102 ms - 51[0m
[0mOPTIONS /api/order/notifications [32m204[0m 0.415 ms - 0[0m
[0mOPTIONS /api/location/area/list [32m204[0m 0.186 ms - 0[0m
[0mGET /api/location/area/list [32m200[0m 13.618 ms - 3325[0m
[0mGET /api/order/notifications [36m304[0m 31.359 ms - -[0m
[0mOPTIONS /api/location/list [32m204[0m 0.737 ms - 0[0m
[0mGET /api/location/list [36m304[0m 7.009 ms - -[0m
[0mOPTIONS /api/location/area/update [32m204[0m 0.841 ms - 0[0m
[0mPOST /api/location/area/update [32m200[0m 13.534 ms - 62[0m
[0mOPTIONS /api/order/notifications [32m204[0m 0.447 ms - 0[0m
[0mOPTIONS /api/location/area/list [32m204[0m 0.288 ms - 0[0m
[0mGET /api/location/area/list [32m200[0m 6.202 ms - 3324[0m
[0mGET /api/order/notifications [36m304[0m 22.717 ms - -[0m
[0mOPTIONS /api/auth/seller/profile-details [32m204[0m 3.615 ms - 0[0m
[0mOPTIONS /api/seller/dasbhoard/list [32m204[0m 0.510 ms - 0[0m
[0mGET /api/auth/seller/profile-details [36m304[0m 75.668 ms - -[0m
[0mGET /api/seller/dasbhoard/list [32m200[0m 99.423 ms - 20668[0m
[0mGET /api/website/catalog/category/search?queryString=Nepal%20Tech%20Engeering%20&%20solution%20Pvt%20ltd. [31m500[0m 24.978 ms - 2969[0m
[0mGET /api/website/category/list [32m200[0m 109.840 ms - 30097[0m
[0mGET /api/website/catalog/product/search?filter_category=Nepal%20Tech%20Engeering%20%26%20solution%20Pvt%20ltd. [32m200[0m 141.101 ms - 62[0m
[0mGET /api/website/product/detail?productId=6686&slug=led-bulb-12-watt [32m200[0m 138.520 ms - 1219[0m
[0mGET /api/website/relatedProduct?productId=6686&slug=led-bulb-12-watt [32m200[0m 134.912 ms - 303[0m
[0mGET /api/website/image/banner?type=0 [32m200[0m 29.260 ms - 737[0m
[0mGET /api/website/popular/category-list [32m200[0m 28.046 ms - 8175[0m
[0mGET /api/website/collection/list [32m200[0m 50.156 ms - 1306[0m
[0mGET /api/website/product?type=shampoo [32m200[0m 75.498 ms - 6949[0m
[0mGET /api/website/flash-sale [32m200[0m 74.176 ms - 1702[0m
[0mGET /api/website/product?type=makeup [32m200[0m 95.955 ms - 3194[0m
[0mGET /api/website/product/men-fashion [32m200[0m 54.590 ms - 6402[0m
[0mGET /api/website/product/women-fashion [32m200[0m 98.040 ms - 7587[0m
[0mGET /api/website/product/home-kitchen [32m200[0m 100.263 ms - 15174[0m
[0mGET /api/website/product/new-arrival [32m200[0m 66.554 ms - 17645[0m
[0mGET /api/website/image/banner?type=0 [32m200[0m 43.848 ms - 737[0m
[0mGET /api/website/collection/list [32m200[0m 68.875 ms - 1306[0m
[0mGET /api/website/category/list [32m200[0m 78.623 ms - 30097[0m
[0mGET /api/website/popular/category-list [32m200[0m 74.131 ms - 8175[0m
[0mGET /api/website/flash-sale [32m200[0m 6.786 ms - 1702[0m
[0mGET /api/website/product/women-fashion [32m200[0m 105.573 ms - 7587[0m
[0mGET /api/website/product/home-kitchen [32m200[0m 120.199 ms - 15174[0m
[0mGET /api/website/product?type=makeup [32m200[0m 54.560 ms - 3194[0m
[0mGET /api/website/product?type=shampoo [32m200[0m 47.463 ms - 6949[0m
[0mGET /api/website/product/men-fashion [32m200[0m 67.627 ms - 6402[0m
[0mGET /api/website/product/new-arrival [32m200[0m 42.997 ms - 17645[0m
[0mGET /api/website/product/detail?productId=6695&slug=normal-wall-fan-ys-wf-888n [32m200[0m 114.765 ms - 2362[0m
[0mGET /api/website/relatedProduct?productId=6695&slug=normal-wall-fan-ys-wf-888n [32m200[0m 109.945 ms - 2545[0m
[0mGET /api/website/category/list [36m304[0m 45.805 ms - -[0m
[0mGET /api/website/catalog/category/search?queryString=Yasuda [32m200[0m 98.427 ms - 563[0m
[0mGET /api/website/catalog/product/search?filter_category=Yasuda [32m200[0m 120.973 ms - 5666[0m
[0mGET /api/website/image/banner?type=0 [36m304[0m 2.821 ms - -[0m
[0mGET /api/website/collection/list [36m304[0m 15.313 ms - -[0m
[0mGET /api/website/popular/category-list [36m304[0m 21.082 ms - -[0m
[0mGET /api/website/flash-sale [36m304[0m 9.966 ms - -[0m
[0mGET /api/website/product/women-fashion [36m304[0m 56.988 ms - -[0m
[0mGET /api/website/product/home-kitchen [36m304[0m 59.276 ms - -[0m
[0mGET /api/website/product?type=shampoo [36m304[0m 62.126 ms - -[0m
[0mGET /api/website/product?type=makeup [36m304[0m 57.304 ms - -[0m
[0mGET /api/website/product/men-fashion [36m304[0m 40.461 ms - -[0m
[0mGET /api/website/product/new-arrival [36m304[0m 47.590 ms - -[0m
[0mGET /api/website/product/detail?productId=6686&slug=led-bulb-12-watt [36m304[0m 89.412 ms - -[0m
[0mGET /api/website/relatedProduct?productId=6686&slug=led-bulb-12-watt [36m304[0m 94.089 ms - -[0m
[0mGET /api/website/category/list [36m304[0m 36.624 ms - -[0m
[0mGET /api/website/catalog/category/search?queryString=New%20I%20Power%20Solution [32m200[0m 41.965 ms - 62[0m
[0mGET /api/website/catalog/product/search?filter_category=New%20I%20Power%20Solution [32m200[0m 116.766 ms - 4705[0m
[0mGET /api/website/catalog/product/search?filter_category=New%20I%20Power%20Solution [36m304[0m 99.314 ms - -[0m
[0mGET /api/website/catalog/product/search?filter_category=New%20I%20Power%20Solution [36m304[0m 60.412 ms - -[0m
[0mGET /api/website/catalog/product/search?filter_category=New%20I%20Power%20Solution [36m304[0m 89.885 ms - -[0m
[0mGET /api/website/image/banner?type=0 [36m304[0m 13.456 ms - -[0m
[0mGET /api/website/popular/category-list [36m304[0m 16.598 ms - -[0m
[0mGET /api/website/collection/list [36m304[0m 16.205 ms - -[0m
[0mGET /api/website/flash-sale [36m304[0m 12.969 ms - -[0m
[0mGET /api/website/product/home-kitchen [36m304[0m 51.567 ms - -[0m
[0mGET /api/website/product/women-fashion [36m304[0m 54.478 ms - -[0m
[0mGET /api/website/product/men-fashion [36m304[0m 40.633 ms - -[0m
[0mGET /api/website/product/new-arrival [36m304[0m 35.346 ms - -[0m
[0mGET /api/website/product?type=makeup [36m304[0m 64.676 ms - -[0m
[0mGET /api/website/product?type=shampoo [36m304[0m 54.184 ms - -[0m
[0mOPTIONS /api/auth/seller/login [32m204[0m 9.183 ms - 0[0m
[0mPOST /api/auth/seller/login [32m200[0m 309.260 ms - 215[0m
[0mOPTIONS /api/auth/seller/profile-details [32m204[0m 0.378 ms - 0[0m
[0mOPTIONS /api/seller/dasbhoard/list [32m204[0m 0.170 ms - 0[0m
[0mGET /api/auth/seller/profile-details [32m200[0m 13.498 ms - 217[0m
[0mGET /api/seller/dasbhoard/list [32m200[0m 30.034 ms - 2776[0m
[0mOPTIONS /api/seller/product/list [32m204[0m 0.466 ms - 0[0m
[0mGET /api/auth/seller/profile-details [36m304[0m 11.160 ms - -[0m
[0mPOST /api/seller/product/list [32m200[0m 42.555 ms - 22699[0m
[0mOPTIONS /api/seller/brand/list [32m204[0m 0.405 ms - 0[0m
[0mOPTIONS /api/product/color/list [32m204[0m 0.250 ms - 0[0m
[0mGET /api/seller/brand/list [32m200[0m 31.655 ms - 89565[0m
[0mGET /api/product/color/list [32m200[0m 33.496 ms - 74085[0m
[0mOPTIONS /api/seller/product/list-by-id [32m204[0m 0.427 ms - 0[0m
[0mPOST /api/seller/product/list-by-id [32m200[0m 55.969 ms - 338[0m
[0mOPTIONS /api/seller/product/update [32m204[0m 1.906 ms - 0[0m
[0mPUT /api/seller/product/update [32m200[0m 76.012 ms - 70[0m
[0mOPTIONS /api/seller/product/list [32m204[0m 0.429 ms - 0[0m
[0mPOST /api/seller/product/list [32m200[0m 25.797 ms - 22699[0m
[0mOPTIONS /api/seller/brand/list [32m204[0m 2.899 ms - 0[0m
[0mOPTIONS /api/product/color/list [32m204[0m 0.508 ms - 0[0m
[0mGET /api/seller/brand/list [36m304[0m 47.288 ms - -[0m
[0mOPTIONS /api/seller/product/list-by-id [32m204[0m 0.273 ms - 0[0m
[0mGET /api/product/color/list [36m304[0m 43.612 ms - -[0m
[0mPOST /api/seller/product/list-by-id [32m200[0m 62.683 ms - 338[0m
[0mOPTIONS /api/seller/product/update [32m204[0m 4.041 ms - 0[0m
[0mPUT /api/seller/product/update [31m500[0m 61.496 ms - 34[0m
[0mOPTIONS /api/seller/product/update [32m204[0m 5.655 ms - 0[0m
[0mPUT /api/seller/product/update [31m500[0m 75.875 ms - 34[0m
[0mOPTIONS /api/seller/product/update [32m204[0m 4.385 ms - 0[0m
[0mPUT /api/seller/product/update [31m500[0m 86.031 ms - 34[0m
[0mOPTIONS /api/seller/product/update [32m204[0m 3.405 ms - 0[0m
[0mPUT /api/seller/product/update [31m500[0m 79.227 ms - 34[0m
[0mOPTIONS /api/seller/product/update [32m204[0m 4.689 ms - 0[0m
[0mPUT /api/seller/product/update [31m500[0m 79.646 ms - 34[0m
[0mOPTIONS /api/seller/product/update [32m204[0m 4.873 ms - 0[0m
[0mPUT /api/seller/product/update [32m200[0m 72.385 ms - 70[0m
[0mOPTIONS /api/seller/product/list [32m204[0m 0.437 ms - 0[0m
[0mPOST /api/seller/product/list [32m200[0m 38.762 ms - 22699[0m
[0mOPTIONS /api/auth/seller/profile-details [32m204[0m 6.283 ms - 0[0m
[0mOPTIONS /api/seller/product/list [32m204[0m 0.489 ms - 0[0m
[0mGET /api/auth/seller/profile-details [36m304[0m 50.397 ms - -[0m
[0mPOST /api/seller/product/list [32m200[0m 78.164 ms - 22699[0m
[0mGET /api/auth/seller/profile-details [36m304[0m 8.940 ms - -[0m
[0mPOST /api/seller/product/list [32m200[0m 25.981 ms - 22699[0m
[0mGET /api/auth/seller/profile-details [36m304[0m 7.375 ms - -[0m
[0mPOST /api/seller/product/list [32m200[0m 25.035 ms - 22699[0m
[0mOPTIONS /api/auth/seller/profile-details [32m204[0m 1.219 ms - 0[0m
[0mOPTIONS /api/seller/product/list [32m204[0m 0.500 ms - 0[0m
[0mGET /api/auth/seller/profile-details [32m200[0m 14.596 ms - 217[0m
[0mPOST /api/seller/product/list [32m200[0m 59.849 ms - 22699[0m
[0mOPTIONS /api/auth/seller/profile-details [32m204[0m 0.404 ms - 0[0m
[0mOPTIONS /api/seller/product/list [32m204[0m 0.181 ms - 0[0m
[0mGET /api/auth/seller/profile-details [32m200[0m 6.476 ms - 217[0m
[0mPOST /api/seller/product/list [32m200[0m 26.784 ms - 22699[0m
[0mOPTIONS /api/customer/getUserByEmailId [32m204[0m 0.404 ms - 0[0m
[0mOPTIONS /api/customer/getUserByEmailId [32m204[0m 0.230 ms - 0[0m
[0mOPTIONS /api/customer/getUserByEmailId [32m204[0m 0.125 ms - 0[0m
[0mGET /api/website/image/banner?type=0 [36m304[0m 25.791 ms - -[0m
[0mGET /api/website/category/list [32m200[0m 65.276 ms - 24539[0m
[0mGET /api/website/collection/list [32m200[0m 78.350 ms - 1951[0m
[0mGET /api/website/popular/category-list [36m304[0m 84.972 ms - -[0m
[0mGET /api/website/flash-sale [32m200[0m 29.332 ms - 1986[0m
[0mGET /api/website/product?type=makeup [36m304[0m 121.629 ms - -[0m
[0mGET /api/website/product/home-kitchen [36m304[0m 165.365 ms - -[0m
[0mGET /api/website/product/women-fashion [36m304[0m 164.904 ms - -[0m
[0mGET /api/website/product/men-fashion [36m304[0m 86.737 ms - -[0m
[0mGET /api/website/product?type=shampoo [36m304[0m 98.418 ms - -[0m
[0mGET /api/customer/getUserByEmailId [32m200[0m 14.674 ms - 175[0m
[0mGET /api/website/product/new-arrival [32m200[0m 73.599 ms - 18373[0m
[0mGET /api/customer/getUserByEmailId [36m304[0m 16.270 ms - -[0m
[0mGET /api/customer/getUserByEmailId [36m304[0m 3.812 ms - -[0m
[0mOPTIONS /api/customer/getUserByEmailId [32m204[0m 2.073 ms - 0[0m
[0mOPTIONS /api/customer/getUserByEmailId [32m204[0m 0.754 ms - 0[0m
[0mOPTIONS /api/customer/getUserByEmailId [32m204[0m 0.463 ms - 0[0m
[0mGET /api/website/collection/list [36m304[0m 55.933 ms - -[0m
[0mGET /api/website/image/banner?type=0 [36m304[0m 54.842 ms - -[0m
[0mGET /api/website/category/list [36m304[0m 60.045 ms - -[0m
[0mGET /api/website/popular/category-list [36m304[0m 60.594 ms - -[0m
[0mGET /api/website/flash-sale [36m304[0m 16.412 ms - -[0m
[0mGET /api/website/product/men-fashion [36m304[0m 56.592 ms - -[0m
[0mGET /api/website/product/women-fashion [36m304[0m 113.676 ms - -[0m
[0mGET /api/website/product?type=makeup [36m304[0m 68.744 ms - -[0m
[0mGET /api/website/product/new-arrival [36m304[0m 50.640 ms - -[0m
[0mGET /api/website/product/home-kitchen [36m304[0m 118.273 ms - -[0m
[0mGET /api/website/product?type=shampoo [36m304[0m 65.732 ms - -[0m
[0mGET /api/customer/getUserByEmailId [36m304[0m 10.619 ms - -[0m
[0mGET /api/customer/getUserByEmailId [36m304[0m 3.911 ms - -[0m
[0mGET /api/customer/getUserByEmailId [36m304[0m 3.636 ms - -[0m
[0mOPTIONS /api/customer/getUserByEmailId [32m204[0m 1.952 ms - 0[0m
[0mOPTIONS /api/customer/getUserByEmailId [32m204[0m 0.819 ms - 0[0m
[0mOPTIONS /api/customer/getUserByEmailId [32m204[0m 0.295 ms - 0[0m
[0mGET /api/website/image/banner?type=0 [32m200[0m 55.775 ms - 737[0m
[0mGET /api/website/category/list [32m200[0m 177.117 ms - 24539[0m
[0mGET /api/website/popular/category-list [32m200[0m 188.007 ms - 8175[0m
[0mGET /api/website/collection/list [32m200[0m 174.623 ms - 1951[0m
[0mGET /api/website/flash-sale [32m200[0m 17.480 ms - 1986[0m
[0mGET /api/website/product/men-fashion [32m200[0m 84.485 ms - 6402[0m
[0mGET /api/website/product?type=makeup [32m200[0m 230.703 ms - 3194[0m
[0mGET /api/website/product/home-kitchen [32m200[0m 265.642 ms - 15174[0m
[0mGET /api/website/product/new-arrival [32m200[0m 74.000 ms - 18373[0m
[0mGET /api/website/product/women-fashion [32m200[0m 267.810 ms - 7587[0m
[0mGET /api/website/product?type=shampoo [32m200[0m 101.970 ms - 6949[0m
[0mGET /api/customer/getUserByEmailId [32m200[0m 9.442 ms - 175[0m
[0mGET /api/customer/getUserByEmailId [32m200[0m 11.147 ms - 175[0m
[0mGET /api/customer/getUserByEmailId [32m200[0m 12.935 ms - 175[0m
[0mGET /api/website/autosuggest/search?limit=5&query=a [32m200[0m 91.247 ms - 19521[0m
[0mOPTIONS /api/customer/getUserByEmailId [32m204[0m 7.291 ms - 0[0m
[0mOPTIONS /api/customer/getUserByEmailId [32m204[0m 0.309 ms - 0[0m
[0mOPTIONS /api/customer/getUserByEmailId [32m204[0m 0.274 ms - 0[0m
[0mGET /api/website/image/banner?type=0 [36m304[0m 54.545 ms - -[0m
[0mGET /api/website/category/list [36m304[0m 102.755 ms - -[0m
[0mGET /api/website/collection/list [36m304[0m 96.882 ms - -[0m
[0mGET /api/website/popular/category-list [36m304[0m 116.266 ms - -[0m
[0mGET /api/website/flash-sale [36m304[0m 111.656 ms - -[0m
[0mGET /api/website/product/home-kitchen [36m304[0m 242.104 ms - -[0m
[0mGET /api/website/product/women-fashion [36m304[0m 241.128 ms - -[0m
[0mGET /api/website/product?type=makeup [36m304[0m 264.424 ms - -[0m
[0mGET /api/website/product/men-fashion [36m304[0m 200.572 ms - -[0m
[0mGET /api/website/product/new-arrival [36m304[0m 91.952 ms - -[0m
[0mGET /api/website/product?type=shampoo [36m304[0m 241.965 ms - -[0m
[0mGET /api/customer/getUserByEmailId [36m304[0m 83.538 ms - -[0m
[0mGET /api/customer/getUserByEmailId [36m304[0m 6.188 ms - -[0m
[0mGET /api/customer/getUserByEmailId [36m304[0m 9.595 ms - -[0m
[0mOPTIONS /api/customer/getUserByEmailId [32m204[0m 1.072 ms - 0[0m
[0mOPTIONS /api/customer/getUserByEmailId [32m204[0m 0.233 ms - 0[0m
[0mOPTIONS /api/customer/getUserByEmailId [32m204[0m 0.225 ms - 0[0m
[0mGET /api/website/image/banner?type=0 [32m200[0m 24.441 ms - 737[0m
[0mGET /api/website/collection/list [32m200[0m 40.945 ms - 1951[0m
[0mGET /api/website/category/list [32m200[0m 52.658 ms - 24539[0m
[0mGET /api/website/popular/category-list [32m200[0m 56.540 ms - 8175[0m
[0mGET /api/website/flash-sale [32m200[0m 18.602 ms - 1986[0m
[0mGET /api/website/product/home-kitchen [32m200[0m 111.134 ms - 15174[0m
[0mGET /api/website/product/women-fashion [32m200[0m 110.283 ms - 7587[0m
[0mGET /api/website/product?type=makeup [32m200[0m 94.082 ms - 3194[0m
[0mGET /api/website/product/men-fashion [32m200[0m 83.547 ms - 6402[0m
[0mGET /api/website/product/new-arrival [32m200[0m 66.904 ms - 18373[0m
[0mGET /api/website/product?type=shampoo [32m200[0m 90.081 ms - 6949[0m
[0mGET /api/customer/getUserByEmailId [32m200[0m 25.203 ms - 175[0m
[0mGET /api/customer/getUserByEmailId [32m200[0m 25.403 ms - 175[0m
[0mGET /api/customer/getUserByEmailId [32m200[0m 35.227 ms - 175[0m
[0mGET /api/website/autosuggest/search?limit=5&query=t [32m200[0m 55.229 ms - 8524[0m
[0mGET /api/website/autosuggest/search?limit=5&query=ta [32m200[0m 30.461 ms - 1378[0m
[0mGET /api/website/autosuggest/search?limit=5&query=tabl [32m200[0m 21.055 ms - 337[0m
[0mGET /api/website/autosuggest/search?limit=5&query=table [32m200[0m 21.984 ms - 337[0m
[0mOPTIONS /api/customer/getUserByEmailId [32m204[0m 1.027 ms - 0[0m
[0mOPTIONS /api/customer/getUserByEmailId [32m204[0m 0.207 ms - 0[0m
[0mOPTIONS /api/customer/getUserByEmailId [32m204[0m 0.290 ms - 0[0m
[0mGET /api/website/image/banner?type=0 [32m200[0m 24.044 ms - 737[0m
[0mGET /api/website/collection/list [32m200[0m 21.849 ms - 1951[0m
[0mGET /api/website/category/list [32m200[0m 61.014 ms - 24539[0m
[0mGET /api/website/popular/category-list [32m200[0m 65.904 ms - 8175[0m
[0mGET /api/website/flash-sale [32m200[0m 55.027 ms - 1986[0m
[0mGET /api/website/product/home-kitchen [32m200[0m 141.416 ms - 15174[0m
[0mGET /api/website/product/women-fashion [32m200[0m 137.379 ms - 7587[0m
[0mGET /api/website/product?type=makeup [32m200[0m 135.140 ms - 3194[0m
[0mGET /api/website/product/new-arrival [32m200[0m 81.677 ms - 18373[0m
[0mGET /api/website/product/men-fashion [32m200[0m 147.937 ms - 6402[0m
[0mGET /api/website/product?type=shampoo [32m200[0m 158.269 ms - 6949[0m
[0mGET /api/customer/getUserByEmailId [32m200[0m 63.826 ms - 175[0m
[0mGET /api/customer/getUserByEmailId [32m200[0m 65.186 ms - 175[0m
[0mGET /api/customer/getUserByEmailId [32m200[0m 68.065 ms - 175[0m
[0mGET /api/website/autosuggest/search?limit=5&query=ceiling%20fan [32m200[0m 66.226 ms - 205[0m
[0mGET /api/website/catalog/category/search?queryString=ceiling%20fan [32m200[0m 104.508 ms - 1457[0m
[0mGET /api/website/catalog/product/search?filter_category=ceiling%20fan%20 [32m200[0m 170.820 ms - 17087[0m
[0mGET /api/website/catalog/product/search?filter_category=ceiling%20fan%20 [36m304[0m 96.486 ms - -[0m
[0mGET /api/website/catalog/product/search?filter_category=ceiling%20fan%20 [36m304[0m 95.184 ms - -[0m
[0mOPTIONS /api/customer/getUserByEmailId [32m204[0m 11.954 ms - 0[0m
[0mOPTIONS /api/customer/getUserByEmailId [32m204[0m 0.722 ms - 0[0m
[0mOPTIONS /api/customer/getUserByEmailId [32m204[0m 0.248 ms - 0[0m
[0mGET /api/website/category/list [32m200[0m 79.701 ms - 24539[0m
[0mGET /api/customer/getUserByEmailId [32m200[0m 104.545 ms - 175[0m
[0mGET /api/customer/getUserByEmailId [32m200[0m 79.385 ms - 175[0m
[0mGET /api/customer/getUserByEmailId [32m200[0m 81.639 ms - 175[0m
[0mGET /api/website/catalog/category/search?queryString=ceiling%20fan [32m200[0m 140.987 ms - 1457[0m
[0mGET /api/website/catalog/product/search?filter_category=ceiling%20fan [32m200[0m 194.499 ms - 17087[0m
[0mOPTIONS /api/customer/getUserByEmailId [32m204[0m 8.108 ms - 0[0m
[0mOPTIONS /api/customer/getUserByEmailId [32m204[0m 0.327 ms - 0[0m
[0mOPTIONS /api/customer/getUserByEmailId [32m204[0m 0.207 ms - 0[0m
[0mGET /api/website/category/list [32m200[0m 58.323 ms - 24539[0m
[0mGET /api/customer/getUserByEmailId [32m200[0m 70.487 ms - 175[0m
[0mGET /api/customer/getUserByEmailId [32m200[0m 59.002 ms - 175[0m
[0mGET /api/customer/getUserByEmailId [32m200[0m 58.367 ms - 175[0m
[0mGET /api/website/catalog/category/search?queryString=ceiling%20fan [32m200[0m 103.034 ms - 1457[0m
[0mGET /api/website/catalog/product/search?filter_category=ceiling%20fan [32m200[0m 142.325 ms - 17087[0m
[0mOPTIONS /api/customer/getUserByEmailId [32m204[0m 4.020 ms - 0[0m
[0mOPTIONS /api/customer/getUserByEmailId [32m204[0m 0.553 ms - 0[0m
[0mOPTIONS /api/customer/getUserByEmailId [32m204[0m 0.270 ms - 0[0m
[0mGET /api/website/category/list [32m200[0m 93.834 ms - 24539[0m
[0mGET /api/customer/getUserByEmailId [32m200[0m 89.759 ms - 175[0m
[0mGET /api/customer/getUserByEmailId [32m200[0m 92.651 ms - 175[0m
[0mGET /api/customer/getUserByEmailId [32m200[0m 89.800 ms - 175[0m
[0mGET /api/website/catalog/category/search?queryString=ceiling%20fan [32m200[0m 143.060 ms - 1457[0m
[0mOPTIONS /api/customer/getUserByEmailId [32m204[0m 8.508 ms - 0[0m
[0mOPTIONS /api/customer/getUserByEmailId [32m204[0m 3.094 ms - 0[0m
[0mOPTIONS /api/customer/getUserByEmailId [32m204[0m 1.100 ms - 0[0m
[0mGET /api/website/category/list [32m200[0m 141.518 ms - 24539[0m
[0mGET /api/customer/getUserByEmailId [32m200[0m 153.298 ms - 175[0m
[0mGET /api/customer/getUserByEmailId [32m200[0m 161.725 ms - 175[0m
[0mGET /api/customer/getUserByEmailId [32m200[0m 155.352 ms - 175[0m
[0mGET /api/website/catalog/category/search?queryString=ceiling%20fan [32m200[0m 226.142 ms - 1457[0m
[0mOPTIONS /api/customer/getUserByEmailId [32m204[0m 8.539 ms - 0[0m
[0mOPTIONS /api/customer/getUserByEmailId [32m204[0m 0.608 ms - 0[0m
[0mOPTIONS /api/customer/getUserByEmailId [32m204[0m 0.234 ms - 0[0m
[0mGET /api/website/category/list [32m200[0m 63.869 ms - 24539[0m
[0mGET /api/customer/getUserByEmailId [32m200[0m 73.050 ms - 175[0m
[0mGET /api/customer/getUserByEmailId [32m200[0m 72.902 ms - 175[0m
[0mGET /api/customer/getUserByEmailId [32m200[0m 71.442 ms - 175[0m
[0mGET /api/website/catalog/category/search?queryString=ceiling%20fan [32m200[0m 107.983 ms - 1457[0m
[0mOPTIONS /api/customer/getUserByEmailId [32m204[0m 7.433 ms - 0[0m
[0mOPTIONS /api/customer/getUserByEmailId [32m204[0m 0.839 ms - 0[0m
[0mOPTIONS /api/customer/getUserByEmailId [32m204[0m 0.361 ms - 0[0m
[0mGET /api/website/category/list [32m200[0m 120.060 ms - 24539[0m
[0mGET /api/customer/getUserByEmailId [32m200[0m 142.391 ms - 175[0m
[0mGET /api/customer/getUserByEmailId [32m200[0m 118.162 ms - 175[0m
[0mGET /api/customer/getUserByEmailId [32m200[0m 123.648 ms - 175[0m
[0mGET /api/website/catalog/category/search?queryString=ceiling%20fan [32m200[0m 206.541 ms - 1457[0m
[0mOPTIONS /api/customer/getUserByEmailId [32m204[0m 6.988 ms - 0[0m
[0mOPTIONS /api/customer/getUserByEmailId [32m204[0m 0.372 ms - 0[0m
[0mOPTIONS /api/customer/getUserByEmailId [32m204[0m 0.166 ms - 0[0m
[0mGET /api/customer/getUserByEmailId [32m200[0m 74.349 ms - 175[0m
[0mGET /api/website/category/list [32m200[0m 73.930 ms - 24539[0m
[0mGET /api/customer/getUserByEmailId [32m200[0m 65.228 ms - 175[0m
[0mGET /api/customer/getUserByEmailId [32m200[0m 71.194 ms - 175[0m
[0mGET /api/website/catalog/category/search?queryString=ceiling%20fan [32m200[0m 128.041 ms - 1457[0m
[0mGET /api/website/catalog/product/search?filter_category=ceiling%20fan [32m200[0m 160.120 ms - 811[0m
[0mGET /api/website/autosuggest/search?limit=5&query=Untitled.sql [32m200[0m 58.439 ms - 49[0m
[0mGET /api/website/autosuggest/search?limit=5&query=led%20Light [32m200[0m 26.801 ms - 96[0m
[0mGET /api/website/catalog/category/search?queryString=led%20Light [32m200[0m 25.728 ms - 62[0m
[0mGET /api/website/catalog/product/search?filter_category=led%20Light%20 [32m200[0m 123.582 ms - 523[0m
[0mGET /api/website/catalog/product/search?filter_category=led%20Light%20 [36m304[0m 61.231 ms - -[0m
