[0mGET /api/website/image/banner?type=0 [36m304[0m 97.752 ms - -[0m
[0mGET /api/website/popular/category-list [36m304[0m 168.745 ms - -[0m
[0mGET /api/website/collection/list [36m304[0m 172.641 ms - -[0m
[0mGET /api/website/product/new-arrival [32m200[0m 172.546 ms - 68077[0m
[0mGET /api/website/category/list [36m304[0m 203.621 ms - -[0m
[0mGET /api/website/product/home-kitchen [36m304[0m 269.174 ms - -[0m
[0mGET /api/website/flash-sale [36m304[0m 99.118 ms - -[0m
[0mGET /api/website/product/women-fashion [36m304[0m 182.413 ms - -[0m
[0mGET /api/website/product/men-fashion [36m304[0m 91.070 ms - -[0m
[0mGET /api/website/category/list [32m200[0m 3.373 ms - 102[0m
[0mGET /api/website/image/banner?type=0 [32m200[0m 29.069 ms - 523[0m
[0mGET /api/website/flash-sale [32m200[0m 50.533 ms - 49[0m
[0mGET /api/website/collection/list [32m200[0m 62.387 ms - 4602[0m
[0mGET /api/website/popular/category-list [32m200[0m 64.356 ms - 8161[0m
[0mGET /api/website/product/women-fashion [32m200[0m 115.391 ms - 20098[0m
[0mGET /api/website/product/home-kitchen [32m200[0m 122.048 ms - 15246[0m
[0mGET /api/website/product/men-fashion [32m200[0m 124.242 ms - 15172[0m
[0mGET /api/website/product/new-arrival [32m200[0m 59.822 ms - 68077[0m
[0mGET /api/website/image/banner?type=0 [32m200[0m 22.214 ms - 523[0m
[0mGET /api/website/category/list [32m200[0m 123.589 ms - 30069[0m
[0mGET /api/website/collection/list [32m200[0m 122.399 ms - 4602[0m
[0mGET /api/website/popular/category-list [32m200[0m 124.384 ms - 8161[0m
[0mGET /api/website/flash-sale [32m200[0m 110.765 ms - 49[0m
[0mGET /api/website/product/new-arrival [32m200[0m 82.840 ms - 68077[0m
[0mGET /api/website/product/women-fashion [32m200[0m 207.395 ms - 20098[0m
[0mGET /api/website/product/home-kitchen [32m200[0m 208.527 ms - 15246[0m
[0mGET /api/website/product/men-fashion [32m200[0m 100.478 ms - 15172[0m
[0mGET /api/website/image/banner?type=0 [32m200[0m 47.133 ms - 523[0m
[0mGET /api/website/category/list [32m200[0m 133.332 ms - 30069[0m
[0mGET /api/website/collection/list [32m200[0m 124.715 ms - 4602[0m
[0mGET /api/website/popular/category-list [32m200[0m 141.293 ms - 8161[0m
[0mGET /api/website/flash-sale [32m200[0m 69.324 ms - 49[0m
[0mGET /api/website/product/new-arrival [32m200[0m 144.887 ms - 68077[0m
[0mGET /api/website/product/men-fashion [32m200[0m 158.716 ms - 15172[0m
[0mGET /api/website/product/women-fashion [32m200[0m 286.386 ms - 20098[0m
[0mGET /api/website/product/home-kitchen [32m200[0m 292.391 ms - 15246[0m
[0mGET /api/website/image/banner?type=0 [32m200[0m 29.437 ms - 523[0m
[0mGET /api/website/collection/list [32m200[0m 52.791 ms - 4602[0m
[0mGET /api/website/popular/category-list [32m200[0m 56.387 ms - 8161[0m
[0mGET /api/website/flash-sale [32m200[0m 44.703 ms - 49[0m
[0mGET /api/website/category/list [32m200[0m 63.451 ms - 30069[0m
[0mGET /api/website/product/women-fashion [32m200[0m 155.597 ms - 20098[0m
[0mGET /api/website/product/home-kitchen [32m200[0m 157.049 ms - 15246[0m
[0mGET /api/website/product/new-arrival [32m200[0m 99.540 ms - 68077[0m
[0mGET /api/website/product/men-fashion [32m200[0m 101.257 ms - 15172[0m
[0mGET /api/website/category/list [32m200[0m 46.726 ms - 30069[0m
[0mGET /api/website/category/list [32m200[0m 70.206 ms - 30069[0m
[0mGET /api/website/category/list [32m200[0m 74.899 ms - 30069[0m
[0mGET /api/website/category/list [32m200[0m 48.767 ms - 30069[0m
[0mGET /api/website/category/list [32m200[0m 38.801 ms - 30069[0m
[0mGET /api/website/category/list [32m200[0m 41.313 ms - 30069[0m
[0mGET /api/website/category/list [32m200[0m 34.970 ms - 30069[0m
[0mGET /api/website/category/list [32m200[0m 28.002 ms - 30069[0m
[0mGET /api/website/category/list [32m200[0m 15.671 ms - 30069[0m
[0mGET /api/website/category/list [32m200[0m 41.249 ms - 30069[0m
[0mGET /api/website/category/list [32m200[0m 33.275 ms - 30069[0m
[0mGET /api/website/category/list [32m200[0m 31.162 ms - 30069[0m
[0mGET /api/website/category/list [32m200[0m 29.775 ms - 30069[0m
[0mGET /api/website/category/list [32m200[0m 31.620 ms - 30069[0m
[0mGET /api/website/category/list [32m200[0m 37.698 ms - 30069[0m
[0mGET /api/website/category/list [32m200[0m 32.001 ms - 30069[0m
[0mGET /api/website/category/list [32m200[0m 30.750 ms - 30069[0m
[0mGET /api/website/category/list [32m200[0m 29.107 ms - 30069[0m
[0mGET /api/website/category/list [32m200[0m 29.808 ms - 30069[0m
[0mGET /api/website/category/list [32m200[0m 33.676 ms - 30069[0m
[0mGET /api/website/category/list [32m200[0m 30.471 ms - 30069[0m
[0mGET /api/website/category/list [32m200[0m 34.456 ms - 30069[0m
[0mGET /api/website/category/list [32m200[0m 36.431 ms - 30069[0m
[0mGET /api/website/category/list [32m200[0m 39.140 ms - 30069[0m
[0mGET /api/website/category/list [32m200[0m 30.692 ms - 30069[0m
[0mGET /api/website/category/list [32m200[0m 28.663 ms - 30069[0m
[0mGET /api/website/category/list [32m200[0m 35.365 ms - 30069[0m
[0mGET /api/website/category/list [32m200[0m 31.995 ms - 30069[0m
[0mGET /api/website/category/list [32m200[0m 29.721 ms - 30069[0m
[0mGET /api/website/category/list [32m200[0m 36.859 ms - 30069[0m
[0mGET /api/website/category/list [32m200[0m 32.177 ms - 30069[0m
[0mGET /api/website/category/list [32m200[0m 32.332 ms - 30069[0m
[0mGET /api/website/category/list [32m200[0m 27.074 ms - 30069[0m
[0mGET /api/website/category/list [32m200[0m 31.100 ms - 30069[0m
[0mGET /api/website/category/list [32m200[0m 30.373 ms - 30069[0m
[0mGET /api/website/category/list [32m200[0m 35.206 ms - 30069[0m
[0mGET /api/website/category/list [32m200[0m 33.615 ms - 30069[0m
[0mGET /api/website/category/list [32m200[0m 29.631 ms - 30069[0m
[0mGET /api/website/category/list [32m200[0m 33.125 ms - 30069[0m
[0mGET /api/website/category/list [32m200[0m 35.944 ms - 30069[0m
[0mGET /api/website/category/list [32m200[0m 33.031 ms - 30069[0m
[0mGET /api/website/category/list [32m200[0m 78.685 ms - 30069[0m
[0mGET /api/website/category/list [32m200[0m 45.509 ms - 30069[0m
[0mGET /api/website/category/list [32m200[0m 39.904 ms - 30069[0m
[0mGET /api/website/category/list [32m200[0m 36.057 ms - 30069[0m
[0mGET /api/website/category/list [32m200[0m 35.023 ms - 30069[0m
[0mGET /api/website/category/list [32m200[0m 32.425 ms - 30069[0m
[0mGET /api/website/category/list [32m200[0m 28.623 ms - 30069[0m
[0mGET /api/website/category/list [32m200[0m 37.692 ms - 30069[0m
[0mGET /api/website/category/list [32m200[0m 28.367 ms - 30069[0m
[0mGET /api/website/category/list [32m200[0m 30.342 ms - 30069[0m
[0mGET /api/website/category/list [32m200[0m 31.547 ms - 30069[0m
[0mGET /api/website/category/list [32m200[0m 29.458 ms - 30069[0m
[0mGET /api/website/category/list [32m200[0m 33.168 ms - 30069[0m
[0mGET /api/website/category/list [32m200[0m 32.833 ms - 30069[0m
[0mGET /api/website/category/list [32m200[0m 33.530 ms - 30069[0m
[0mGET /api/website/category/list [32m200[0m 34.029 ms - 30069[0m
[0mGET /api/website/category/list [32m200[0m 33.016 ms - 30069[0m
[0mGET /api/website/category/list [32m200[0m 35.525 ms - 30069[0m
[0mGET /api/website/category/list [32m200[0m 59.032 ms - 30069[0m
[0mGET /api/website/category/list [32m200[0m 42.264 ms - 30069[0m
[0mGET /api/website/category/list [32m200[0m 33.279 ms - 30069[0m
[0mGET /api/website/category/list [32m200[0m 40.137 ms - 30069[0m
[0mGET /api/website/category/list [32m200[0m 29.495 ms - 30069[0m
[0mGET /api/website/category/list [32m200[0m 34.349 ms - 30069[0m
[0mGET /api/website/category/list [32m200[0m 38.303 ms - 30069[0m
[0mGET /api/website/category/list [32m200[0m 19.116 ms - 30069[0m
[0mGET /api/website/category/list [32m200[0m 35.829 ms - 30069[0m
[0mGET /api/website/category/list [32m200[0m 51.316 ms - 30069[0m
[0mGET /api/website/category/list [32m200[0m 51.394 ms - 30069[0m
[0mGET /api/website/category/list [32m200[0m 34.557 ms - 30069[0m
[0mGET /api/website/category/list [32m200[0m 31.569 ms - 30069[0m
[0mGET /api/website/category/list [32m200[0m 42.096 ms - 30069[0m
[0mGET /api/website/category/list [32m200[0m 16.277 ms - 30069[0m
[0mGET /api/website/category/list [32m200[0m 30.258 ms - 30069[0m
[0mGET /api/website/category/list [32m200[0m 36.818 ms - 30069[0m
[0mGET /api/website/category/list [32m200[0m 33.795 ms - 30069[0m
[0mGET /api/website/category/list [32m200[0m 30.447 ms - 30069[0m
[0mGET /api/website/category/list [32m200[0m 22.867 ms - 30069[0m
[0mGET /api/website/category/list [32m200[0m 28.581 ms - 30069[0m
[0mGET /api/website/category/list [32m200[0m 29.171 ms - 30069[0m
[0mGET /api/website/category/list [32m200[0m 29.428 ms - 30069[0m
[0mGET /api/website/category/list [32m200[0m 30.859 ms - 30069[0m
[0mGET /api/website/category/list [32m200[0m 29.728 ms - 30069[0m
[0mGET /api/website/category/list [32m200[0m 33.196 ms - 30069[0m
[0mGET /api/website/category/list [32m200[0m 31.512 ms - 30069[0m
[0mGET /api/website/category/list [32m200[0m 31.749 ms - 30069[0m
[0mGET /api/website/category/list [32m200[0m 33.669 ms - 30069[0m
[0mGET /api/website/category/list [32m200[0m 31.674 ms - 30069[0m
[0mGET /api/website/category/list [32m200[0m 47.117 ms - 30069[0m
[0mGET /api/website/category/list [32m200[0m 44.761 ms - 30069[0m
[0mGET /api/website/category/list [32m200[0m 20.842 ms - 30069[0m
[0mGET /api/website/category/list [32m200[0m 32.455 ms - 30069[0m
[0mGET /api/website/category/list [32m200[0m 23.707 ms - 30069[0m
[0mGET /api/website/category/list [32m200[0m 32.456 ms - 30069[0m
[0mGET /api/website/category/list [32m200[0m 32.425 ms - 30069[0m
[0mGET /api/website/category/list [32m200[0m 36.280 ms - 30069[0m
[0mGET /api/website/category/list [32m200[0m 34.254 ms - 30069[0m
[0mGET /api/website/category/list [32m200[0m 30.807 ms - 30069[0m
[0mGET /api/website/category/list [32m200[0m 35.382 ms - 30069[0m
[0mGET /api/website/category/list [32m200[0m 36.001 ms - 30069[0m
[0mGET /api/website/image/banner?type=0 [32m200[0m 16.142 ms - 49[0m
[0mGET /api/website/image/banner?type=0 [32m200[0m 22.988 ms - 523[0m
[0mGET /api/website/image/banner?type=0 [32m200[0m 4.916 ms - 523[0m
[0mGET /api/website/image/banner?type=0 [32m200[0m 4.642 ms - 523[0m
[0mGET /api/website/image/banner?type=0 [32m200[0m 5.578 ms - 523[0m
[0mGET /api/website/image/banner?type=0 [32m200[0m 6.746 ms - 523[0m
[0mGET /api/website/image/banner?type=0 [32m200[0m 3.655 ms - 523[0m
[0mGET /api/website/image/banner?type=0 [32m200[0m 3.305 ms - 523[0m
[0mGET /api/website/image/banner?type=0 [32m200[0m 3.394 ms - 523[0m
[0mGET /api/website/image/banner?type=0 [32m200[0m 3.898 ms - 523[0m
[0mGET /api/website/image/banner?type=0 [32m200[0m 4.950 ms - 523[0m
[0mGET /api/website/image/banner?type=0 [32m200[0m 3.138 ms - 523[0m
[0mGET /api/website/image/banner?type=0 [32m200[0m 4.228 ms - 523[0m
[0mGET /api/website/image/banner?type=0 [32m200[0m 3.642 ms - 523[0m
[0mGET /api/website/image/banner?type=0 [32m200[0m 12.289 ms - 523[0m
[0mGET /api/website/image/banner?type=0 [32m200[0m 4.347 ms - 523[0m
[0mGET /api/website/image/banner?type=0 [32m200[0m 5.081 ms - 523[0m
[0mGET /api/website/image/banner?type=0 [32m200[0m 2.531 ms - 523[0m
[0mGET /api/website/image/banner?type=0 [32m200[0m 3.786 ms - 523[0m
[0mGET /api/website/image/banner?type=0 [32m200[0m 3.032 ms - 523[0m
[0mGET /api/website/image/banner?type=0 [32m200[0m 4.100 ms - 523[0m
[0mGET /api/website/image/banner?type=0 [32m200[0m 3.212 ms - 523[0m
[0mGET /api/website/image/banner?type=0 [32m200[0m 3.236 ms - 523[0m
[0mGET /api/website/image/banner?type=0 [32m200[0m 2.647 ms - 523[0m
[0mGET /api/website/image/banner?type=0 [32m200[0m 3.758 ms - 523[0m
[0mGET /api/website/image/banner?type=0 [32m200[0m 2.961 ms - 523[0m
[0mGET /api/website/image/banner?type=0 [32m200[0m 2.523 ms - 523[0m
[0mGET /api/website/image/banner?type=0 [32m200[0m 2.910 ms - 523[0m
[0mGET /api/website/image/banner?type=0 [32m200[0m 29.059 ms - 49[0m
[0mGET /api/website/image/banner?type=0 [32m200[0m 7.747 ms - 49[0m
[0mGET /api/website/image/banner?type=0 [32m200[0m 4.042 ms - 49[0m
[0mGET /api/website/image/banner?type=0 [32m200[0m 3.558 ms - 49[0m
[0mGET /api/website/image/banner?type=0 [32m200[0m 3.675 ms - 49[0m
[0mGET /api/website/image/banner?type=0 [32m200[0m 3.568 ms - 49[0m
[0mGET /api/website/image/banner?type=0 [32m200[0m 3.561 ms - 49[0m
[0mGET /api/website/image/banner?type=0 [32m200[0m 23.560 ms - 49[0m
[0mGET /api/website/image/banner?type=0 [32m200[0m 6.466 ms - 49[0m
[0mGET /api/website/image/banner?type=0 [32m200[0m 4.295 ms - 49[0m
[0mGET /api/website/image/banner?type=0 [32m200[0m 4.484 ms - 49[0m
[0mGET /api/website/image/banner?type=0 [32m200[0m 4.106 ms - 49[0m
[0mGET /api/website/image/banner?type=0 [32m200[0m 3.354 ms - 49[0m
[0mGET /api/website/image/banner?type=0 [32m200[0m 3.564 ms - 49[0m
[0mGET /api/website/image/banner?type=0 [32m200[0m 4.221 ms - 49[0m
[0mGET /api/website/image/banner?type=0 [32m200[0m 3.705 ms - 49[0m
[0mGET /api/website/image/banner?type=0 [32m200[0m 4.314 ms - 49[0m
[0mGET /api/website/image/banner?type=0 [32m200[0m 4.160 ms - 49[0m
[0mGET /api/website/image/banner?type=0 [32m200[0m 3.230 ms - 49[0m
[0mGET /api/website/image/banner?type=0 [32m200[0m 5.087 ms - 49[0m
[0mGET /api/website/image/banner?type=0 [32m200[0m 2.753 ms - 49[0m
[0mGET /api/website/image/banner?type=0 [32m200[0m 3.228 ms - 49[0m
[0mGET /api/website/image/banner?type=0 [32m200[0m 3.153 ms - 49[0m
[0mGET /api/website/image/banner?type=0 [32m200[0m 28.603 ms - 523[0m
[0mGET /api/website/image/banner?type=0 [32m200[0m 8.452 ms - 523[0m
[0mGET /api/website/image/banner?type=0 [32m200[0m 4.016 ms - 523[0m
[0mGET /api/website/image/banner?type=0 [32m200[0m 3.587 ms - 523[0m
[0mGET /api/website/image/banner?type=0 [32m200[0m 3.697 ms - 523[0m
[0mGET /api/website/image/banner?type=0 [32m200[0m 3.838 ms - 523[0m
[0mGET /api/website/image/banner?type=0 [32m200[0m 3.383 ms - 523[0m
[0mGET /api/website/image/banner?type=0 [32m200[0m 3.888 ms - 523[0m
[0mGET /api/website/image/banner?type=0 [32m200[0m 6.644 ms - 523[0m
[0mGET /api/website/image/banner?type=0 [32m200[0m 4.158 ms - 523[0m
[0mGET /api/website/collection/list [32m200[0m 36.090 ms - 4602[0m
[0mGET /api/website/collection/list [32m200[0m 9.602 ms - 4602[0m
[0mGET /api/website/collection/list [32m200[0m 10.310 ms - 4602[0m
[0mGET /api/website/collection/list [32m200[0m 7.668 ms - 4602[0m
[0mGET /api/website/collection/list [32m200[0m 8.212 ms - 4602[0m
[0mGET /api/website/collection/list [32m200[0m 10.874 ms - 4602[0m
[0mGET /api/website/collection/list [32m200[0m 6.435 ms - 4602[0m
[0mGET /api/website/collection/list [32m200[0m 9.932 ms - 4602[0m
[0mGET /api/website/collection/list [32m200[0m 14.457 ms - 4602[0m
[0mGET /api/website/collection/list [32m200[0m 6.686 ms - 4602[0m
[0mGET /api/website/collection/list [32m200[0m 9.121 ms - 4602[0m
[0mGET /api/website/collection/list [32m200[0m 6.938 ms - 4602[0m
[0mGET /api/website/collection/list [32m200[0m 5.135 ms - 4602[0m
[0mGET /api/website/collection/list [32m200[0m 6.017 ms - 4602[0m
[0mGET /api/website/collection/list [32m200[0m 4.785 ms - 4602[0m
[0mGET /api/website/collection/list [32m200[0m 6.404 ms - 4602[0m
[0mGET /api/website/category/list [32m200[0m 46.679 ms - 30069[0m
[0mGET /api/website/category/list [32m200[0m 46.395 ms - 30069[0m
[0mGET /api/website/category/list [32m200[0m 41.313 ms - 30069[0m
[0mGET /api/website/category/list [32m200[0m 41.042 ms - 30069[0m
[0mGET /api/website/category/list [32m200[0m 28.776 ms - 30069[0m
[0mGET /api/website/category/list [32m200[0m 30.534 ms - 30069[0m
[0mGET /api/website/category/list [32m200[0m 36.184 ms - 30069[0m
[0mGET /api/website/category/list [32m200[0m 37.215 ms - 30069[0m
[0mGET /api/website/category/list [32m200[0m 32.219 ms - 30069[0m
[0mGET /api/website/category/list [32m200[0m 32.067 ms - 30069[0m
[0mGET /api/website/category/list [32m200[0m 36.014 ms - 30069[0m
[0mGET /api/website/image/banner?type=0 [36m304[0m 91.678 ms - -[0m
[0mGET /api/website/popular/category-list [36m304[0m 102.484 ms - -[0m
[0mGET /api/website/flash-sale [36m304[0m 99.972 ms - -[0m
[0mGET /api/website/collection/list [36m304[0m 103.542 ms - -[0m
[0mGET /api/website/category/list [36m304[0m 111.752 ms - -[0m
[0mGET /api/website/product/new-arrival [36m304[0m 184.774 ms - -[0m
[0mGET /api/website/product/home-kitchen [36m304[0m 290.612 ms - -[0m
[0mGET /api/website/product/men-fashion [36m304[0m 195.094 ms - -[0m
[0mGET /api/website/product/women-fashion [36m304[0m 196.570 ms - -[0m
[0mGET /api/website/image/banner?type=0 [32m200[0m 31.114 ms - 523[0m
[0mGET /api/website/image/banner?type=0 [32m200[0m 7.829 ms - 523[0m
[0mGET /api/website/image/banner?type=0 [32m200[0m 7.643 ms - 523[0m
[0mGET /api/website/image/banner?type=0 [32m200[0m 8.476 ms - 523[0m
[0mGET /api/website/image/banner?type=0 [32m200[0m 4.064 ms - 523[0m
[0mGET /api/website/image/banner?type=0 [32m200[0m 8.302 ms - 523[0m
[0mGET /api/website/image/banner?type=0 [32m200[0m 3.810 ms - 523[0m
[0mGET /api/website/image/banner?type=0 [32m200[0m 7.125 ms - 523[0m
[0mGET /api/website/image/banner?type=0 [32m200[0m 4.648 ms - 523[0m
[0mGET /api/website/image/banner?type=0 [32m200[0m 5.565 ms - 523[0m
[0mGET /api/website/image/banner?type=0 [32m200[0m 4.242 ms - 523[0m
[0mGET /api/website/image/banner?type=0 [32m200[0m 3.616 ms - 523[0m
[0mGET /api/website/image/banner?type=0 [32m200[0m 4.041 ms - 523[0m
[0mGET /api/website/image/banner?type=0 [32m200[0m 6.020 ms - 523[0m
[0mGET /api/website/image/banner?type=0 [32m200[0m 24.700 ms - 523[0m
[0mGET /api/website/image/banner?type=0 [32m200[0m 7.700 ms - 523[0m
[0mGET /api/website/image/banner?type=0 [32m200[0m 5.749 ms - 523[0m
[0mGET /api/website/image/banner?type=0 [32m200[0m 3.767 ms - 523[0m
[0mGET /api/website/image/banner?type=0 [32m200[0m 6.416 ms - 523[0m
[0mGET /api/website/image/banner?type=0 [32m200[0m 4.771 ms - 523[0m
[0mGET /api/website/image/banner?type=0 [32m200[0m 3.708 ms - 523[0m
[0mGET /api/website/image/banner?type=0 [32m200[0m 3.735 ms - 523[0m
[0mGET /api/website/image/banner?type=0 [32m200[0m 5.941 ms - 523[0m
[0mGET /api/website/image/banner?type=0 [32m200[0m 3.680 ms - 523[0m
[0mGET /api/website/image/banner?type=0 [32m200[0m 3.452 ms - 523[0m
[0mGET /api/website/image/banner?type=0 [32m200[0m 3.532 ms - 523[0m
[0mGET /api/website/image/banner?type=0 [32m200[0m 5.355 ms - 523[0m
[0mGET /api/website/image/banner?type=0 [32m200[0m 3.193 ms - 523[0m
[0mGET /api/website/image/banner?type=0 [32m200[0m 3.033 ms - 523[0m
[0mGET /api/website/image/banner?type=0 [32m200[0m 3.320 ms - 523[0m
[0mGET /api/website/image/banner?type=0 [32m200[0m 2.791 ms - 523[0m
[0mGET /api/website/image/banner?type=0 [32m200[0m 4.549 ms - 523[0m
[0mGET /api/website/image/banner?type=0 [32m200[0m 29.999 ms - 523[0m
[0mGET /api/website/image/banner?type=0 [32m200[0m 26.416 ms - 523[0m
[0mGET /api/website/image/banner?type=0 [32m200[0m 40.754 ms - 523[0m
[0mGET /api/website/image/banner?type=0 [32m200[0m 6.894 ms - 523[0m
[0mGET /api/website/image/banner?type=0 [32m200[0m 5.433 ms - 523[0m
[0mGET /api/website/image/banner?type=0 [32m200[0m 4.339 ms - 523[0m
[0mGET /api/website/image/banner?type=0 [32m200[0m 4.059 ms - 523[0m
[0mGET /api/website/image/banner?type=0 [32m200[0m 4.356 ms - 523[0m
[0mGET /api/website/image/banner?type=0 [32m200[0m 8.322 ms - 523[0m
[0mGET /api/website/image/banner?type=0 [31m500[0m 10.206 ms - 34[0m
[0mGET /api/website/image/banner?type=0 [32m200[0m 23.926 ms - 523[0m
[0mGET /api/website/image/banner?type=0 [32m200[0m 23.924 ms - 523[0m
[0mGET /api/website/image/banner?type=0 [32m200[0m 26.217 ms - 523[0m
[0mGET /api/website/image/banner?type=0 [32m200[0m 27.816 ms - 523[0m
[0mGET /api/website/image/banner?type=0 [32m200[0m 3.836 ms - 523[0m
[0mGET /api/website/image/banner?type=0 [32m200[0m 21.158 ms - 523[0m
[0mGET /api/website/catalog/category/search?queryString=jeans-for-men [32m200[0m 315.380 ms - 682[0m
[0mGET /api/website/catalog/product/search?filter_category=jeans-for-men [32m200[0m 364.645 ms - 2649[0m
[0mGET /api/website/catalog/product/search?filter_category=jeans-for-men [36m304[0m 120.410 ms - -[0m
[0mGET /api/website/image/banner?type=0 [36m304[0m 24.819 ms - -[0m
[0mGET /api/website/popular/category-list [36m304[0m 25.459 ms - -[0m
[0mGET /api/website/collection/list [36m304[0m 50.141 ms - -[0m
[0mGET /api/website/flash-sale [36m304[0m 53.436 ms - -[0m
[0mGET /api/website/product/women-fashion [36m304[0m 347.065 ms - -[0m
[0mGET /api/website/product/home-kitchen [36m304[0m 349.346 ms - -[0m
[0mGET /api/website/product/new-arrival [36m304[0m 426.464 ms - -[0m
[0mGET /api/website/product/men-fashion [36m304[0m 435.906 ms - -[0m
[0mGET /api/website/category/list [36m304[0m 162.762 ms - -[0m
[0mGET /api/website/catalog/category/search?queryString=personal-care [32m200[0m 491.150 ms - 7856[0m
[0mGET /api/website/catalog/product/search?filter_category=personal-care [32m200[0m 555.454 ms - 19347[0m
[0mGET /api/website/image/banner?type=0 [36m304[0m 28.062 ms - -[0m
[0mGET /api/website/popular/category-list [36m304[0m 25.387 ms - -[0m
[0mGET /api/website/flash-sale [36m304[0m 37.661 ms - -[0m
[0mGET /api/website/collection/list [36m304[0m 48.077 ms - -[0m
[0mGET /api/website/product/new-arrival [36m304[0m 137.483 ms - -[0m
[0mGET /api/website/product/home-kitchen [36m304[0m 155.107 ms - -[0m
[0mGET /api/website/product/women-fashion [36m304[0m 154.606 ms - -[0m
[0mGET /api/website/product/men-fashion [36m304[0m 125.394 ms - -[0m
[0mGET /api/website/image/banner?type=0 [32m200[0m 49.047 ms - 523[0m
[0mGET /api/website/image/banner?type=0 [32m200[0m 29.137 ms - 523[0m
[0mGET /api/website/image/banner?type=0 [32m200[0m 8.261 ms - 523[0m
[0mGET /api/website/image/banner?type=0 [32m200[0m 6.262 ms - 523[0m
[0mGET /api/website/image/banner?type=0 [32m200[0m 3.811 ms - 523[0m
[0mGET /api/website/image/banner?type=0 [32m200[0m 4.810 ms - 523[0m
[0mGET /api/website/image/banner?type=0 [32m200[0m 3.694 ms - 523[0m
[0mGET /api/website/image/banner?type=0 [32m200[0m 3.805 ms - 523[0m
[0mGET /api/website/image/banner?type=0 [32m200[0m 4.129 ms - 523[0m
[0mGET /api/website/image/banner?type=0 [32m200[0m 5.168 ms - 523[0m
[0mGET /api/website/image/banner?type=0 [32m200[0m 3.664 ms - 523[0m
[0mGET /api/website/image/banner?type=0 [32m200[0m 3.184 ms - 523[0m
[0mGET /api/website/image/banner?type=0 [32m200[0m 3.264 ms - 523[0m
[0mGET /api/website/image/banner?type=0 [32m200[0m 2.527 ms - 523[0m
[0mGET /api/website/image/banner?type=0 [32m200[0m 3.376 ms - 523[0m
[0mGET /api/website/image/banner?type=0 [32m200[0m 3.285 ms - 523[0m
[0mGET /api/website/image/banner?type=0 [32m200[0m 3.407 ms - 523[0m
[0mGET /api/website/image/banner?type=0 [32m200[0m 3.025 ms - 523[0m
[0mGET /api/website/image/banner?type=0 [32m200[0m 3.568 ms - 523[0m
[0mGET /api/website/image/banner?type=0 [32m200[0m 3.150 ms - 523[0m
[0mGET /api/website/image/banner?type=0 [32m200[0m 3.326 ms - 523[0m
[0mGET /api/website/category/list [32m200[0m 201.929 ms - 30069[0m
[0mGET /api/website/image/banner?type=1 [36m304[0m 133.433 ms - -[0m
[0mGET /api/website/collection/list [32m200[0m 129.810 ms - 4602[0m
[0mGET /api/website/popular/category-list [32m200[0m 151.608 ms - 8161[0m
[0mGET /api/website/flash-sale [32m200[0m 33.118 ms - 49[0m
[0mGET /api/website/product/home-kitchen [32m200[0m 337.387 ms - 15246[0m
[0mGET /api/website/product/new-arrival [32m200[0m 207.776 ms - 68077[0m
[0mGET /api/website/product/women-fashion [32m200[0m 334.234 ms - 20098[0m
[0mGET /api/website/category/list [36m304[0m 216.931 ms - -[0m
[0mGET /api/website/product/men-fashion [32m200[0m 241.960 ms - 15172[0m
[0mGET /api/website/image/banner?type=1 [32m200[0m 39.808 ms - 532[0m
[0mGET /api/website/popular/category-list [32m200[0m 77.581 ms - 8161[0m
[0mGET /api/website/collection/list [32m200[0m 81.881 ms - 4602[0m
[0mGET /api/website/category/list [32m200[0m 95.408 ms - 30069[0m
[0mGET /api/website/category/list [32m200[0m 93.242 ms - 30069[0m
[0mGET /api/website/flash-sale [32m200[0m 22.956 ms - 49[0m
[0mGET /api/website/product/women-fashion [32m200[0m 92.131 ms - 20098[0m
[0mGET /api/website/product/men-fashion [32m200[0m 75.411 ms - 15172[0m
[0mGET /api/website/product/home-kitchen [32m200[0m 155.770 ms - 15246[0m
[0mGET /api/website/product/new-arrival [32m200[0m 74.208 ms - 68077[0m
[0mGET /api/website/image/banner?type=1 [32m200[0m 36.958 ms - 532[0m
[0mGET /api/website/collection/list [32m200[0m 160.158 ms - 4602[0m
[0mGET /api/website/popular/category-list [32m200[0m 164.760 ms - 8161[0m
[0mGET /api/website/category/list [32m200[0m 180.782 ms - 30069[0m
[0mGET /api/website/category/list [32m200[0m 179.914 ms - 30069[0m
[0mGET /api/website/flash-sale [32m200[0m 22.801 ms - 49[0m
[0mGET /api/website/product/new-arrival [32m200[0m 109.340 ms - 68077[0m
[0mGET /api/website/product/home-kitchen [32m200[0m 293.095 ms - 15246[0m
[0mGET /api/website/product/women-fashion [32m200[0m 272.499 ms - 20098[0m
[0mGET /api/website/product/men-fashion [32m200[0m 108.705 ms - 15172[0m
[0mGET /api/website/image/banner?type=1 [32m200[0m 34.313 ms - 532[0m
[0mGET /api/website/collection/list [32m200[0m 90.919 ms - 4602[0m
[0mGET /api/website/popular/category-list [32m200[0m 95.506 ms - 8161[0m
[0mGET /api/website/category/list [32m200[0m 104.461 ms - 30069[0m
[0mGET /api/website/category/list [32m200[0m 111.658 ms - 30069[0m
[0mGET /api/website/flash-sale [32m200[0m 16.599 ms - 49[0m
[0mGET /api/website/product/home-kitchen [32m200[0m 217.355 ms - 15246[0m
[0mGET /api/website/product/women-fashion [32m200[0m 202.665 ms - 20098[0m
[0mGET /api/website/product/new-arrival [32m200[0m 110.544 ms - 68077[0m
[0mGET /api/website/product/men-fashion [32m200[0m 117.642 ms - 15172[0m
[0mGET /api/website/image/banner?type=1 [32m200[0m 109.127 ms - 532[0m
[0mGET /api/website/popular/category-list [32m200[0m 144.734 ms - 8161[0m
[0mGET /api/website/collection/list [32m200[0m 145.491 ms - 4602[0m
[0mGET /api/website/category/list [32m200[0m 170.499 ms - 30069[0m
[0mGET /api/website/category/list [32m200[0m 183.377 ms - 30069[0m
[0mGET /api/website/product/home-kitchen [32m200[0m 185.624 ms - 15246[0m
[0mGET /api/website/product/women-fashion [32m200[0m 233.515 ms - 20098[0m
[0mGET /api/website/flash-sale [32m200[0m 125.604 ms - 49[0m
[0mGET /api/website/product/new-arrival [32m200[0m 162.837 ms - 68077[0m
[0mGET /api/website/product/men-fashion [32m200[0m 168.698 ms - 15172[0m
[0mGET /api/website/collection/list [32m200[0m 128.294 ms - 4602[0m
[0mGET /api/website/image/banner?type=1 [32m200[0m 169.869 ms - 532[0m
[0mGET /api/website/popular/category-list [32m200[0m 147.912 ms - 8161[0m
[0mGET /api/website/category/list [32m200[0m 156.240 ms - 30069[0m
[0mGET /api/website/category/list [32m200[0m 156.197 ms - 30069[0m
[0mGET /api/website/flash-sale [32m200[0m 16.379 ms - 49[0m
[0mGET /api/website/product/new-arrival [32m200[0m 93.619 ms - 68077[0m
[0mGET /api/website/product/home-kitchen [32m200[0m 240.462 ms - 15246[0m
[0mGET /api/website/product/women-fashion [32m200[0m 105.416 ms - 20098[0m
[0mGET /api/website/product/men-fashion [32m200[0m 103.932 ms - 15172[0m
[0mGET /api/website/image/banner?type=1 [36m304[0m 151.284 ms - -[0m
[0mGET /api/website/popular/category-list [36m304[0m 116.852 ms - -[0m
[0mGET /api/website/flash-sale [36m304[0m 106.787 ms - -[0m
[0mGET /api/website/collection/list [36m304[0m 109.696 ms - -[0m
[0mGET /api/website/category/list [36m304[0m 145.279 ms - -[0m
[0mGET /api/website/product/home-kitchen [36m304[0m 186.051 ms - -[0m
[0mGET /api/website/product/new-arrival [36m304[0m 78.759 ms - -[0m
[0mGET /api/website/product/women-fashion [36m304[0m 129.595 ms - -[0m
[0mGET /api/website/category/list [36m304[0m 106.983 ms - -[0m
[0mGET /api/website/product/men-fashion [36m304[0m 139.511 ms - -[0m
[0mGET /api/website/image/banner?type=0 [32m200[0m 17.688 ms - 523[0m
[0mGET /api/website/collection/list [32m200[0m 33.865 ms - 4602[0m
[0mGET /api/website/popular/category-list [32m200[0m 45.562 ms - 8161[0m
[0mGET /api/website/category/list [32m200[0m 59.053 ms - 30069[0m
[0mGET /api/website/product/home-kitchen [32m200[0m 54.592 ms - 15246[0m
[0mGET /api/website/product/women-fashion [32m200[0m 53.328 ms - 20098[0m
[0mGET /api/website/flash-sale [32m200[0m 45.988 ms - 49[0m
[0mGET /api/website/product/new-arrival [32m200[0m 34.243 ms - 68077[0m
[0mGET /api/website/product/men-fashion [32m200[0m 29.028 ms - 15172[0m
[0mGET /api/website/collection/list [32m200[0m 274.406 ms - 4602[0m
[0mGET /api/website/image/banner?type=0 [32m200[0m 534.266 ms - 523[0m
[0mGET /api/website/popular/category-list [32m200[0m 277.776 ms - 8161[0m
[0mGET /api/website/category/list [32m200[0m 289.327 ms - 30069[0m
[0mGET /api/website/flash-sale [32m200[0m 9.810 ms - 49[0m
[0mGET /api/website/product/home-kitchen [32m200[0m 423.335 ms - 15246[0m
[0mGET /api/website/product/women-fashion [32m200[0m 421.718 ms - 20098[0m
[0mGET /api/website/product/new-arrival [32m200[0m 133.813 ms - 68077[0m
[0mGET /api/website/product/men-fashion [32m200[0m 135.067 ms - 15172[0m
[0mGET /api/website/image/banner?type=0 [32m200[0m 20.146 ms - 523[0m
[0mGET /api/website/flash-sale [32m200[0m 39.528 ms - 49[0m
[0mGET /api/website/collection/list [32m200[0m 48.699 ms - 4602[0m
[0mGET /api/website/category/list [32m200[0m 58.962 ms - 30069[0m
[0mGET /api/website/popular/category-list [32m200[0m 54.651 ms - 8161[0m
[0mGET /api/website/product/new-arrival [32m200[0m 160.899 ms - 68077[0m
[0mGET /api/website/product/home-kitchen [32m200[0m 215.219 ms - 15246[0m
[0mGET /api/website/product/men-fashion [32m200[0m 161.904 ms - 15172[0m
[0mGET /api/website/product/women-fashion [32m200[0m 206.397 ms - 20098[0m
[0mGET /api/website/image/banner?type=1 [36m304[0m 21.578 ms - -[0m
[0mGET /api/website/category/list [36m304[0m 56.012 ms - -[0m
[0mGET /api/website/collection/list [36m304[0m 57.957 ms - -[0m
[0mGET /api/website/popular/category-list [36m304[0m 61.189 ms - -[0m
[0mGET /api/website/flash-sale [36m304[0m 47.875 ms - -[0m
[0mGET /api/website/product/new-arrival [36m304[0m 75.766 ms - -[0m
[0mGET /api/website/product/home-kitchen [36m304[0m 138.113 ms - -[0m
[0mGET /api/website/product/women-fashion [36m304[0m 138.151 ms - -[0m
[0mGET /api/website/product/men-fashion [36m304[0m 83.215 ms - -[0m
[0mGET /api/website/category/list [36m304[0m 74.760 ms - -[0m
[0mGET /api/website/image/banner?type=1 [36m304[0m 23.216 ms - -[0m
[0mGET /api/website/popular/category-list [36m304[0m 59.764 ms - -[0m
[0mGET /api/website/collection/list [36m304[0m 59.876 ms - -[0m
[0mGET /api/website/category/list [36m304[0m 69.487 ms - -[0m
[0mGET /api/website/flash-sale [36m304[0m 54.890 ms - -[0m
[0mGET /api/website/product/women-fashion [36m304[0m 150.078 ms - -[0m
[0mGET /api/website/product/home-kitchen [36m304[0m 150.483 ms - -[0m
[0mGET /api/website/product/new-arrival [36m304[0m 91.966 ms - -[0m
[0mGET /api/website/product/men-fashion [36m304[0m 90.998 ms - -[0m
[0mGET /api/website/category/list [36m304[0m 89.599 ms - -[0m
[0mGET /api/website/image/banner?type=1 [32m200[0m 59.599 ms - 532[0m
[0mGET /api/website/popular/category-list [32m200[0m 96.744 ms - 8161[0m
[0mGET /api/website/collection/list [32m200[0m 98.195 ms - 4602[0m
[0mGET /api/website/category/list [32m200[0m 111.080 ms - 30069[0m
[0mGET /api/website/category/list [32m200[0m 114.664 ms - 30069[0m
[0mGET /api/website/flash-sale [32m200[0m 27.811 ms - 49[0m
[0mGET /api/website/product/home-kitchen [32m200[0m 140.817 ms - 15246[0m
[0mGET /api/website/product/new-arrival [32m200[0m 85.638 ms - 68077[0m
[0mGET /api/website/product/women-fashion [32m200[0m 125.235 ms - 20098[0m
[0mGET /api/website/product/men-fashion [32m200[0m 94.212 ms - 15172[0m
[0mGET /api/website/collection/list [32m200[0m 134.006 ms - 4602[0m
[0mGET /api/website/image/banner?type=1 [32m200[0m 155.325 ms - 532[0m
[0mGET /api/website/popular/category-list [32m200[0m 136.676 ms - 8161[0m
[0mGET /api/website/category/list [32m200[0m 141.430 ms - 30069[0m
[0mGET /api/website/category/list [32m200[0m 146.177 ms - 30069[0m
[0mGET /api/website/flash-sale [32m200[0m 15.021 ms - 49[0m
[0mGET /api/website/product/home-kitchen [32m200[0m 274.836 ms - 15246[0m
[0mGET /api/website/product/new-arrival [32m200[0m 133.289 ms - 68077[0m
[0mGET /api/website/product/women-fashion [32m200[0m 140.293 ms - 20098[0m
[0mGET /api/website/product/men-fashion [32m200[0m 137.438 ms - 15172[0m
[0mGET /api/website/image/banner?type=0 [36m304[0m 49.188 ms - -[0m
[0mGET /api/website/popular/category-list [36m304[0m 62.088 ms - -[0m
[0mGET /api/website/collection/list [36m304[0m 62.914 ms - -[0m
[0mGET /api/website/flash-sale [36m304[0m 33.055 ms - -[0m
[0mGET /api/website/category/list [36m304[0m 67.902 ms - -[0m
[0mGET /api/website/product/women-fashion [36m304[0m 108.625 ms - -[0m
[0mGET /api/website/product/home-kitchen [36m304[0m 110.109 ms - -[0m
[0mGET /api/website/product/new-arrival [36m304[0m 45.264 ms - -[0m
[0mGET /api/website/product/men-fashion [36m304[0m 63.145 ms - -[0m
[0mGET /api/website/image/banner?type=1 [32m200[0m 35.528 ms - 532[0m
[0mGET /api/website/collection/list [32m200[0m 120.146 ms - 4602[0m
[0mGET /api/website/popular/category-list [32m200[0m 124.873 ms - 8161[0m
[0mGET /api/website/category/list [32m200[0m 134.345 ms - 30069[0m
[0mGET /api/website/category/list [32m200[0m 143.277 ms - 30069[0m
[0mGET /api/website/image/banner?type=1 [32m200[0m 112.608 ms - 532[0m
[0mGET /api/website/collection/list [32m200[0m 124.772 ms - 4602[0m
[0mGET /api/website/popular/category-list [32m200[0m 142.724 ms - 8161[0m
[0mGET /api/website/category/list [32m200[0m 166.220 ms - 30069[0m
[0mGET /api/website/category/list [32m200[0m 166.026 ms - 30069[0m
[0mGET /api/website/product/home-kitchen [32m200[0m 160.890 ms - 15246[0m
[0mGET /api/website/flash-sale [32m200[0m 31.913 ms - 49[0m
[0mGET /api/website/product/new-arrival [32m200[0m 101.366 ms - 68077[0m
[0mGET /api/website/product/women-fashion [32m200[0m 138.409 ms - 20098[0m
[0mGET /api/website/product/men-fashion [32m200[0m 113.624 ms - 15172[0m
[0mGET /api/website/image/banner?type=1 [32m200[0m 26.179 ms - 532[0m
[0mGET /api/website/category/list [32m200[0m 73.777 ms - 30069[0m
[0mGET /api/website/popular/category-list [32m200[0m 107.937 ms - 8161[0m
[0mGET /api/website/flash-sale [32m200[0m 92.877 ms - 49[0m
[0mGET /api/website/collection/list [32m200[0m 110.154 ms - 4602[0m
[0mGET /api/website/category/list [32m200[0m 124.236 ms - 30069[0m
[0mGET /api/website/product/new-arrival [32m200[0m 140.792 ms - 68077[0m
[0mGET /api/website/product/home-kitchen [32m200[0m 270.279 ms - 15246[0m
[0mGET /api/website/product/men-fashion [32m200[0m 166.893 ms - 15172[0m
[0mGET /api/website/product/women-fashion [32m200[0m 148.971 ms - 20098[0m
[0mGET /api/website/image/banner?type=1 [32m200[0m 34.650 ms - 532[0m
[0mGET /api/website/category/list [32m200[0m 74.520 ms - 30069[0m
[0mGET /api/website/collection/list [32m200[0m 85.083 ms - 4602[0m
[0mGET /api/website/popular/category-list [32m200[0m 89.070 ms - 8161[0m
[0mGET /api/website/category/list [32m200[0m 102.545 ms - 30069[0m
[0mGET /api/website/flash-sale [32m200[0m 17.237 ms - 49[0m
[0mGET /api/website/product/new-arrival [32m200[0m 101.875 ms - 68077[0m
[0mGET /api/website/product/women-fashion [32m200[0m 156.974 ms - 20098[0m
[0mGET /api/website/product/home-kitchen [32m200[0m 203.979 ms - 15246[0m
[0mGET /api/website/product/men-fashion [32m200[0m 111.334 ms - 15172[0m
[0mGET /api/website/popular/category-list [36m304[0m 64.085 ms - -[0m
[0mGET /api/website/image/banner?type=1 [32m200[0m 20.221 ms - 532[0m
[0mGET /api/website/category/list [32m200[0m 69.529 ms - 30069[0m
[0mGET /api/website/collection/list [32m200[0m 80.299 ms - 4602[0m
[0mGET /api/website/popular/category-list [32m200[0m 88.722 ms - 8161[0m
[0mGET /api/website/category/list [32m200[0m 92.992 ms - 30069[0m
[0mGET /api/website/flash-sale [32m200[0m 19.548 ms - 49[0m
[0mGET /api/website/product/new-arrival [32m200[0m 81.666 ms - 68077[0m
[0mGET /api/website/product/home-kitchen [32m200[0m 169.476 ms - 15246[0m
[0mGET /api/website/product/men-fashion [32m200[0m 85.084 ms - 15172[0m
[0mGET /api/website/product/women-fashion [32m200[0m 165.545 ms - 20098[0m
[0mGET /api/website/image/banner?type=1 [32m200[0m 21.718 ms - 532[0m
[0mGET /api/website/collection/list [32m200[0m 73.504 ms - 4602[0m
[0mGET /api/website/popular/category-list [32m200[0m 74.953 ms - 8161[0m
[0mGET /api/website/category/list [32m200[0m 81.588 ms - 30069[0m
[0mGET /api/website/category/list [32m200[0m 81.955 ms - 30069[0m
[0mGET /api/website/flash-sale [32m200[0m 10.008 ms - 49[0m
[0mGET /api/website/product/new-arrival [32m200[0m 76.462 ms - 68077[0m
[0mGET /api/website/product/home-kitchen [32m200[0m 148.237 ms - 15246[0m
[0mGET /api/website/product/men-fashion [32m200[0m 159.616 ms - 15172[0m
[0mGET /api/website/product/women-fashion [32m200[0m 80.640 ms - 20098[0m
