[0mGET /api/mobile/collection/list [32m200[0m 41.903 ms - 4495[0m
[0mGET /api/website/image/banner?type=1 [36m304[0m 39.416 ms - -[0m
[0mGET /api/mobile/category/list [36m304[0m 39.794 ms - -[0m
[0mGET /api/website/image/banner?type=1 [36m304[0m 40.114 ms - -[0m
[0mGET /api/mobile/category/list [36m304[0m 42.715 ms - -[0m
[0mGET /api/mobile/collection/list [36m304[0m 62.284 ms - -[0m
[0mGET /api/mobile/collection/list [32m200[0m 22.941 ms - 3650[0m
[0mGET /api/website/image/banner?type=1 [36m304[0m 30.772 ms - -[0m
[0mGET /api/mobile/category/list [36m304[0m 33.757 ms - -[0m
[0mGET /api/mobile/collection/list [36m304[0m 40.053 ms - -[0m
[0mGET /api/mobile/collection/list [36m304[0m 74.402 ms - -[0m
[0mGET /api/website/image/banner?type=1 [36m304[0m 23.128 ms - -[0m
[0mGET /api/mobile/category/list [36m304[0m 22.738 ms - -[0m
[0mGET /api/mobile/collection/list [36m304[0m 24.758 ms - -[0m
[0mGET /api/mobile/collection/list [36m304[0m 23.743 ms - -[0m
[0mGET /api/website/image/banner?type=1 [36m304[0m 18.399 ms - -[0m
[0mGET /api/mobile/category/list [36m304[0m 18.377 ms - -[0m
[0mGET /api/mobile/collection/list [36m304[0m 25.253 ms - -[0m
[0mGET /api/mobile/collection/list [36m304[0m 14.157 ms - -[0m
[0mGET /api/mobile/collection/list [36m304[0m 20.915 ms - -[0m
[0mGET /api/website/image/banner?type=1 [36m304[0m 43.367 ms - -[0m
[0mGET /api/mobile/category/list [36m304[0m 47.113 ms - -[0m
[0mGET /api/mobile/collection/list [36m304[0m 59.325 ms - -[0m
[0mGET /api/website/image/banner?type=1 [36m304[0m 21.592 ms - -[0m
[0mGET /api/mobile/category/list [36m304[0m 22.923 ms - -[0m
[0mGET /api/mobile/collection/list [36m304[0m 33.379 ms - -[0m
[0mGET /api/website/image/banner?type=1 [36m304[0m 25.074 ms - -[0m
[0mGET /api/mobile/category/list [36m304[0m 30.043 ms - -[0m
[0mGET /api/mobile/collection/list [36m304[0m 38.850 ms - -[0m
[0mGET /api/mobile/collection/list [36m304[0m 30.558 ms - -[0m
[0mGET /api/mobile/collection/list [36m304[0m 11.500 ms - -[0m
[0mGET /api/mobile/collection/list [36m304[0m 29.832 ms - -[0m
[0mGET /api/mobile/collection/list [32m200[0m 9.182 ms - 62[0m
[0mGET /api/mobile/collection/list [36m304[0m 2.223 ms - -[0m
[0mGET /api/website/image/banner?type=1 [36m304[0m 13.567 ms - -[0m
[0mGET /api/mobile/category/list [36m304[0m 17.151 ms - -[0m
[0mGET /api/mobile/collection/list [36m304[0m 8.318 ms - -[0m
[0mGET /api/website/image/banner?type=1 [36m304[0m 38.071 ms - -[0m
[0mGET /api/mobile/category/list [36m304[0m 40.910 ms - -[0m
[0mGET /api/mobile/collection/list [36m304[0m 11.722 ms - -[0m
[0mGET /api/website/image/banner?type=1 [36m304[0m 38.640 ms - -[0m
[0mGET /api/mobile/category/list [36m304[0m 53.425 ms - -[0m
[0mGET /api/mobile/collection/list [36m304[0m 9.508 ms - -[0m
[0mGET /api/website/image/banner?type=1 [36m304[0m 33.376 ms - -[0m
[0mGET /api/mobile/category/list [36m304[0m 42.683 ms - -[0m
[0mGET /api/website/image/banner?type=1 [36m304[0m 31.121 ms - -[0m
[0mGET /api/mobile/category/list [36m304[0m 28.410 ms - -[0m
[0mGET /api/mobile/collection/list [32m200[0m 36.047 ms - 3821[0m
[0mGET /api/mobile/collection/list [36m304[0m 41.118 ms - -[0m
[0mGET /api/website/image/banner?type=1 [36m304[0m 20.494 ms - -[0m
[0mGET /api/mobile/category/list [36m304[0m 22.147 ms - -[0m
[0mGET /api/mobile/collection/list [36m304[0m 25.105 ms - -[0m
[0mGET /api/mobile/collection/list [36m304[0m 25.315 ms - -[0m
[0mGET /api/mobile/category/list [36m304[0m 42.532 ms - -[0m
[0mGET /api/mobile/collection/list [36m304[0m 96.432 ms - -[0m
[0mGET /api/mobile/collection/list [36m304[0m 23.762 ms - -[0m
[0mGET /api/mobile/collection/list [36m304[0m 24.715 ms - -[0m
[0mGET /api/mobile/collection/list [36m304[0m 41.090 ms - -[0m
[0mGET /api/website/image/banner?type=1 [36m304[0m 26.719 ms - -[0m
[0mGET /api/mobile/category/list [36m304[0m 25.582 ms - -[0m
[0mGET /api/mobile/collection/list [36m304[0m 28.027 ms - -[0m
[0mGET /api/website/image/banner?type=1 [36m304[0m 22.326 ms - -[0m
[0mGET /api/mobile/collection/list [36m304[0m 24.873 ms - -[0m
[0mGET /api/mobile/category/list [36m304[0m 28.515 ms - -[0m
[0mGET /api/website/image/banner?type=1 [32m200[0m 236.762 ms - 499[0m
[0mGET /api/mobile/collection/list [32m200[0m 162.662 ms - 3821[0m
[0mGET /api/mobile/category/list [32m200[0m 174.737 ms - 1397[0m
[0mGET /api/mobile/category/list [36m304[0m 67.749 ms - -[0m
[0mGET /api/mobile/collection/list [36m304[0m 67.826 ms - -[0m
[0mGET /api/website/image/banner?type=1 [36m304[0m 145.838 ms - -[0m
[0mGET /api/website/image/banner?type=1 [36m304[0m 83.508 ms - -[0m
[0mGET /api/mobile/category/list [36m304[0m 73.146 ms - -[0m
[0mGET /api/mobile/collection/list [36m304[0m 72.998 ms - -[0m
[0mGET /api/website/image/banner?type=1 [36m304[0m 25.368 ms - -[0m
[0mGET /api/mobile/collection/list [36m304[0m 23.932 ms - -[0m
[0mGET /api/mobile/category/list [36m304[0m 26.484 ms - -[0m
[0mGET /api/website/image/banner?type=1 [36m304[0m 21.889 ms - -[0m
[0mGET /api/mobile/category/list [36m304[0m 24.251 ms - -[0m
[0mGET /api/mobile/collection/list [36m304[0m 25.205 ms - -[0m
[0mGET /api/website/image/banner?type=1 [36m304[0m 24.349 ms - -[0m
[0mGET /api/mobile/category/list [36m304[0m 26.985 ms - -[0m
[0mGET /api/mobile/collection/list [36m304[0m 41.571 ms - -[0m
[0mGET /api/mobile/collection/list [36m304[0m 87.327 ms - -[0m
[0mGET /api/website/image/banner?type=1 [36m304[0m 98.522 ms - -[0m
[0mGET /api/mobile/category/list [36m304[0m 88.969 ms - -[0m
[0mGET /api/mobile/category/list [36m304[0m 77.160 ms - -[0m
[0mGET /api/mobile/collection/list [36m304[0m 76.761 ms - -[0m
[0mGET /api/website/image/banner?type=1 [36m304[0m 97.353 ms - -[0m
[0mGET /api/mobile/category/list [36m304[0m 92.792 ms - -[0m
[0mGET /api/mobile/category/list [36m304[0m 22.631 ms - -[0m
[0mGET /api/mobile/collection/list [36m304[0m 22.002 ms - -[0m
[0mGET /api/website/image/banner?type=1 [36m304[0m 24.406 ms - -[0m
[0mGET /api/mobile/category/list [36m304[0m 40.002 ms - -[0m
[0mGET /api/mobile/collection/list [36m304[0m 46.767 ms - -[0m
[0mGET /api/website/image/banner?type=1 [36m304[0m 23.929 ms - -[0m
[0mGET /api/mobile/category/list [36m304[0m 24.169 ms - -[0m
[0mGET /api/mobile/collection/list [36m304[0m 25.248 ms - -[0m
[0mGET /api/website/image/banner?type=1 [36m304[0m 22.399 ms - -[0m
[0mGET /api/mobile/category/list [36m304[0m 15.866 ms - -[0m
[0mGET /api/mobile/collection/list [36m304[0m 15.559 ms - -[0m
[0mGET /api/mobile/category/list [36m304[0m 103.059 ms - -[0m
[0mGET /api/website/image/banner?type=1 [36m304[0m 26.112 ms - -[0m
[0mGET /api/mobile/category/list [36m304[0m 25.206 ms - -[0m
[0mGET /api/mobile/collection/list [36m304[0m 31.794 ms - -[0m
[0mGET /api/website/image/banner?type=1 [36m304[0m 88.478 ms - -[0m
[0mGET /api/mobile/collection/list [36m304[0m 76.105 ms - -[0m
[0mGET /api/mobile/category/list [36m304[0m 83.315 ms - -[0m
[0mGET /api/mobile/category/list [36m304[0m 71.680 ms - -[0m
[0mGET /api/website/image/banner?type=1 [36m304[0m 31.889 ms - -[0m
[0mGET /api/mobile/category/list [36m304[0m 25.018 ms - -[0m
[0mGET /api/mobile/collection/list [36m304[0m 30.306 ms - -[0m
[0mGET /api/website/image/banner?type=1 [36m304[0m 48.975 ms - -[0m
[0mGET /api/mobile/category/list [36m304[0m 41.828 ms - -[0m
[0mGET /api/mobile/collection/list [36m304[0m 47.637 ms - -[0m
[0mGET /api/website/image/banner?type=1 [36m304[0m 21.210 ms - -[0m
[0mGET /api/mobile/category/list [36m304[0m 23.761 ms - -[0m
[0mGET /api/mobile/collection/list [36m304[0m 26.086 ms - -[0m
[0mGET /api/website/catalog/product/search?personal-care [31m500[0m 150.266 ms - 3167[0m
[0mGET /api/website/image/banner?type=1 [36m304[0m 263.317 ms - -[0m
[0mGET /api/mobile/category/list [36m304[0m 225.413 ms - -[0m
[0mGET /api/mobile/collection/list [36m304[0m 229.239 ms - -[0m
[0mGET /api/website/catalog/product/search?personal-care [31m500[0m 37.608 ms - 3167[0m
[0mGET /api/mobile/collection/list [36m304[0m 33.124 ms - -[0m
[0mGET /api/website/image/banner?type=1 [36m304[0m 81.346 ms - -[0m
[0mGET /api/mobile/category/list [36m304[0m 80.904 ms - -[0m
[0mGET /api/website/catalog/product/search?personal-care [31m500[0m 10.125 ms - 3167[0m
[0mGET /api/mobile/collection/list [36m304[0m 25.973 ms - -[0m
[0mGET /api/website/image/banner?type=1 [36m304[0m 37.767 ms - -[0m
[0mGET /api/mobile/category/list [36m304[0m 28.053 ms - -[0m
[0mGET /api/website/catalog/product/search?personal-care [31m500[0m 4.613 ms - 3167[0m
[0mGET /api/website/image/banner?type=1 [36m304[0m 15.350 ms - -[0m
[0mGET /api/mobile/category/list [36m304[0m 24.870 ms - -[0m
[0mGET /api/mobile/collection/list [36m304[0m 26.668 ms - -[0m
[0mGET /api/website/catalog/product/search?personal-care [31m500[0m 5.542 ms - 3167[0m
[0mGET /api/website/image/banner?type=1 [36m304[0m 12.076 ms - -[0m
[0mGET /api/mobile/collection/list [36m304[0m 14.606 ms - -[0m
[0mGET /api/mobile/category/list [36m304[0m 17.072 ms - -[0m
[0mGET /api/website/image/banner?type=1 [36m304[0m 21.308 ms - -[0m
[0mGET /api/mobile/category/list [36m304[0m 23.537 ms - -[0m
[0mGET /api/mobile/collection/list [36m304[0m 23.465 ms - -[0m
[0mGET /api/website/catalog/product/search?personal-care [31m500[0m 2.619 ms - 3167[0m
[0mGET /api/website/image/banner?type=1 [36m304[0m 42.019 ms - -[0m
[0mGET /api/mobile/category/list [36m304[0m 57.836 ms - -[0m
[0mGET /api/mobile/collection/list [36m304[0m 61.592 ms - -[0m
[0mGET /api/website/catalog/product/search?electronics [31m500[0m 15.257 ms - 3167[0m
[0mGET /api/website/image/banner?type=1 [36m304[0m 57.332 ms - -[0m
[0mGET /api/mobile/category/list [36m304[0m 68.088 ms - -[0m
[0mGET /api/mobile/collection/list [36m304[0m 71.661 ms - -[0m
[0mGET /api/website/catalog/product/search?filter_category=women [32m200[0m 236.157 ms - 19035[0m
[0mGET /api/website/image/banner?type=1 [36m304[0m 15.668 ms - -[0m
[0mGET /api/mobile/category/list [36m304[0m 19.506 ms - -[0m
[0mGET /api/mobile/collection/list [36m304[0m 23.433 ms - -[0m
[0mGET /api/website/catalog/product/search?filter_category=women [36m304[0m 99.041 ms - -[0m
[0mGET /api/website/catalog/product/search?filter_category=women [36m304[0m 98.150 ms - -[0m
[0mGET /api/website/image/banner?type=1 [36m304[0m 126.354 ms - -[0m
[0mGET /api/mobile/category/list [36m304[0m 110.798 ms - -[0m
[0mGET /api/mobile/collection/list [36m304[0m 107.003 ms - -[0m
[0mGET /api/website/catalog/product/search?filter_category=electronics [32m200[0m 148.105 ms - 16938[0m
[0mGET /api/website/image/banner?type=1 [36m304[0m 33.901 ms - -[0m
[0mGET /api/mobile/category/list [36m304[0m 50.408 ms - -[0m
[0mGET /api/mobile/collection/list [36m304[0m 65.008 ms - -[0m
[0mGET /api/website/catalog/product/search?filter_category=personal-care [32m200[0m 113.744 ms - 19347[0m
[0mGET /api/website/image/banner?type=1 [36m304[0m 61.390 ms - -[0m
[0mGET /api/mobile/category/list [36m304[0m 64.022 ms - -[0m
[0mGET /api/mobile/collection/list [36m304[0m 74.426 ms - -[0m
[0mGET /api/website/catalog/product/search?filter_category=personal-care [36m304[0m 83.288 ms - -[0m
[0mGET /api/website/catalog/product/search?filter_category=personal-care [36m304[0m 113.971 ms - -[0m
[0mGET /api/website/catalog/product/search?filter_category=personal-care [36m304[0m 127.023 ms - -[0m
[0mGET /api/website/catalog/product/search?filter_category=personal-care [36m304[0m 90.651 ms - -[0m
[0mGET /api/website/catalog/product/search?filter_category=personal-care [36m304[0m 105.918 ms - -[0m
[0mGET /api/website/image/banner?type=1 [36m304[0m 18.061 ms - -[0m
[0mGET /api/mobile/category/list [36m304[0m 17.409 ms - -[0m
[0mGET /api/mobile/collection/list [36m304[0m 18.569 ms - -[0m
[0mGET /api/website/catalog/product/search?filter_category=electronics [36m304[0m 121.559 ms - -[0m
[0mGET /api/website/image/banner?type=1 [36m304[0m 46.129 ms - -[0m
[0mGET /api/mobile/category/list [36m304[0m 43.896 ms - -[0m
[0mGET /api/mobile/collection/list [36m304[0m 46.355 ms - -[0m
[0mGET /api/website/catalog/product/search?filter_category=personal-care [32m200[0m 141.464 ms - 1748[0m
[0mGET /api/website/catalog/product/search?filter_category=personal-care [36m304[0m 94.553 ms - -[0m
[0mGET /api/website/catalog/product/search?filter_category=personal-care [36m304[0m 100.672 ms - -[0m
[0mGET /api/website/image/banner?type=1 [36m304[0m 25.284 ms - -[0m
[0mGET /api/mobile/category/list [36m304[0m 33.707 ms - -[0m
[0mGET /api/mobile/collection/list [36m304[0m 54.467 ms - -[0m
[0mGET /api/website/catalog/product/search?filter_category=personal-care [36m304[0m 88.292 ms - -[0m
[0mGET /api/website/catalog/product/search?filter_category=personal-care [36m304[0m 135.860 ms - -[0m
[0mGET /api/website/catalog/product/search?filter_category=personal-care [36m304[0m 117.236 ms - -[0m
[0mGET /api/website/catalog/product/search?filter_category=personal-care [36m304[0m 128.409 ms - -[0m
[0mGET /api/website/catalog/product/search?filter_category=personal-care [36m304[0m 131.477 ms - -[0m
[0mGET /api/website/catalog/product/search?filter_category=personal-care [36m304[0m 91.944 ms - -[0m
