[0mGET /api/website/category/list [32m200[0m 45.407 ms - 1659[0m
[0mGET /api/website/product/detail?productId=15&slug=iphone-14-pro-physical-dual-sim-256gb-deep-purple-5g-with-facetime [32m200[0m 66.644 ms - 1822[0m
[0mGET /api/website/relatedProduct?productId=15&slug=iphone-14-pro-physical-dual-sim-256gb-deep-purple-5g-with-facetime [32m200[0m 49.779 ms - 4320[0m
[0mGET /api/website/category/list [36m304[0m 4.492 ms - -[0m
[0mGET /api/website/catalog/category/search?queryString=mobile-phone [36m304[0m 30.126 ms - -[0m
[0mGET /api/website/catalog/product/search?filter_category=mobile-phone [36m304[0m 43.487 ms - -[0m
[0mGET /api/website/product/detail?productId=22&slug=iphone-7-plus-with-facetime-matt-black-128gb-4g-lte-renewed [36m304[0m 36.698 ms - -[0m
[0mGET /api/website/relatedProduct?productId=22&slug=iphone-7-plus-with-facetime-matt-black-128gb-4g-lte-renewed [36m304[0m 34.698 ms - -[0m
[0mGET /api/website/catalog/category/search?queryString=mobile-phone [36m304[0m 29.774 ms - -[0m
[0mGET /api/website/catalog/product/search?filter_category=mobile-phone [36m304[0m 36.919 ms - -[0m
[0mGET /api/website/product/detail?productId=17&slug=iphone-7-128-gb-gold-interatioanl-spec [32m200[0m 19.053 ms - 3391[0m
[0mGET /api/website/relatedProduct?productId=17&slug=iphone-7-128-gb-gold-interatioanl-spec [32m200[0m 19.803 ms - 4320[0m
[0mGET /api/website/catalog/category/search?queryString=mobile-phone [36m304[0m 42.542 ms - -[0m
[0mGET /api/website/catalog/product/search?filter_category=mobile-phone [36m304[0m 48.687 ms - -[0m
[0mGET /api/website/product/detail?productId=19&slug=apple-iphone-7-128-gb-matt-black-international-spec [36m304[0m 22.524 ms - -[0m
[0mGET /api/website/relatedProduct?productId=19&slug=apple-iphone-7-128-gb-matt-black-international-spec [32m200[0m 23.642 ms - 4320[0m
[0mGET /api/website/category/list [32m200[0m 21.293 ms - 1659[0m
[0mGET /api/website/category/list [32m200[0m 22.476 ms - 1659[0m
[0mGET /api/website/product/detail?productId=19&slug=apple-iphone-7-128-gb-matt-black-international-spec [32m200[0m 38.393 ms - 2473[0m
[0mGET /api/website/relatedProduct?productId=19&slug=apple-iphone-7-128-gb-matt-black-international-spec [32m200[0m 42.300 ms - 4320[0m
[0mGET /api/website/category/list [36m304[0m 13.685 ms - -[0m
[0mGET /api/website/category/list [36m304[0m 9.021 ms - -[0m
[0mGET /api/website/product/detail?productId=19&slug=apple-iphone-7-128-gb-matt-black-international-spec [36m304[0m 24.946 ms - -[0m
[0mGET /api/website/relatedProduct?productId=19&slug=apple-iphone-7-128-gb-matt-black-international-spec [36m304[0m 26.580 ms - -[0m
[0mGET /api/website/category/list [36m304[0m 12.966 ms - -[0m
[0mGET /api/website/category/list [36m304[0m 5.768 ms - -[0m
[0mGET /api/website/relatedProduct?productId=19&slug=apple-iphone-7-128-gb-matt-black-international-spec [36m304[0m 27.480 ms - -[0m
[0mGET /api/website/product/detail?productId=19&slug=apple-iphone-7-128-gb-matt-black-international-spec [36m304[0m 29.621 ms - -[0m
[0mGET /api/website/category/list [32m200[0m 22.515 ms - 1659[0m
[0mGET /api/website/product/detail?productId=19&slug=apple-iphone-7-128-gb-matt-black-international-spec [32m200[0m 37.936 ms - 2473[0m
[0mGET /api/website/relatedProduct?productId=19&slug=apple-iphone-7-128-gb-matt-black-international-spec [32m200[0m 593.565 ms - 4320[0m
[0mGET /api/website/category/list [36m304[0m 26.562 ms - -[0m
[0mGET /api/website/image/banner?type=4 [36m304[0m 31.715 ms - -[0m
[0mGET /api/website/image/banner?type=0 [36m304[0m 18.527 ms - -[0m
[0mGET /api/website/image/banner?type=2 [36m304[0m 22.510 ms - -[0m
[0mGET /api/website/image/banner?type=3 [36m304[0m 34.133 ms - -[0m
[0mGET /api/website/brand-list [36m304[0m 27.222 ms - -[0m
[0mGET /api/website/popular/category-list [36m304[0m 49.807 ms - -[0m
[0mGET /api/website/flash-sale [36m304[0m 62.974 ms - -[0m
[0mGET /api/website/product/new-arrival [36m304[0m 61.574 ms - -[0m
[0mGET /api/website/catalog/product/search?filter_category=mobile-phone [36m304[0m 67.375 ms - -[0m
[0mGET /api/website/category/list [36m304[0m 8.086 ms - -[0m
[0mGET /api/website/catalog/category/search?queryString=electronics [32m200[0m 33.368 ms - 563[0m
[0mGET /api/website/catalog/product/search?filter_category=electronics [36m304[0m 36.762 ms - -[0m
[0mGET /api/website/category/list [36m304[0m 7.311 ms - -[0m
[0mGET /api/website/catalog/category/search?queryString=mobile-phone [36m304[0m 53.490 ms - -[0m
[0mGET /api/website/catalog/product/search?filter_category=mobile-phone [36m304[0m 65.156 ms - -[0m
[0mGET /api/website/category/list [32m200[0m 18.588 ms - 1659[0m
[0mGET /api/website/catalog/category/search?queryString=mobile-phone [32m200[0m 28.854 ms - 903[0m
[0mGET /api/website/catalog/product/search?filter_category=mobile-phone [32m200[0m 53.883 ms - 4809[0m
[0mGET /api/website/category/list [32m200[0m 9.258 ms - 1659[0m
[0mGET /api/website/catalog/category/search?queryString=mobile-phone [32m200[0m 20.851 ms - 903[0m
[0mGET /api/website/catalog/product/search?filter_category=mobile-phone [32m200[0m 25.468 ms - 4809[0m
[0mGET /api/website/category/list [32m200[0m 26.094 ms - 1659[0m
[0mGET /api/website/catalog/category/search?queryString=mobile-phone [32m200[0m 38.069 ms - 903[0m
[0mGET /api/website/catalog/product/search?filter_category=mobile-phone [32m200[0m 44.015 ms - 4809[0m
[0mGET /api/website/image/banner?type=0 [36m304[0m 40.727 ms - -[0m
[0mGET /api/website/category/list [36m304[0m 45.571 ms - -[0m
[0mGET /api/website/image/banner?type=2 [36m304[0m 37.736 ms - -[0m
[0mGET /api/website/image/banner?type=3 [36m304[0m 43.349 ms - -[0m
[0mGET /api/website/image/banner?type=4 [36m304[0m 43.174 ms - -[0m
[0mGET /api/website/brand-list [36m304[0m 23.242 ms - -[0m
[0mGET /api/website/popular/category-list [36m304[0m 57.153 ms - -[0m
[0mGET /api/website/flash-sale [36m304[0m 27.789 ms - -[0m
[0mGET /api/website/category/list [36m304[0m 19.963 ms - -[0m
[0mGET /api/website/product/new-arrival [36m304[0m 35.377 ms - -[0m
[0mGET /api/website/catalog/product/search?filter_category=mobile-phone [36m304[0m 36.415 ms - -[0m
[0mGET /api/website/category/list [36m304[0m 19.138 ms - -[0m
[0mGET /api/website/catalog/category/search?queryString=mobile-phone [36m304[0m 56.892 ms - -[0m
[0mGET /api/website/catalog/product/search?filter_category=mobile-phone [36m304[0m 69.390 ms - -[0m
[0mGET /api/website/category/list [32m200[0m 66.210 ms - 1659[0m
[0mGET /api/website/catalog/category/search?queryString=mobile-phone [32m200[0m 91.065 ms - 903[0m
[0mGET /api/website/catalog/product/search?filter_category=mobile-phone [32m200[0m 97.435 ms - 4809[0m
[0mGET /api/website/category/list [32m200[0m 73.150 ms - 1659[0m
[0mGET /api/website/catalog/category/search?queryString=mobile-phone [32m200[0m 93.160 ms - 903[0m
[0mGET /api/website/catalog/product/search?filter_category=mobile-phone [32m200[0m 100.873 ms - 4809[0m
[0mGET /api/website/catalog/category/search?queryString=mobile-phone [36m304[0m 36.520 ms - -[0m
[0mGET /api/website/catalog/product/search?filter_category=mobile-phone [36m304[0m 54.050 ms - -[0m
[0mGET /api/website/catalog/product/search?filter_category=mobile-phone [36m304[0m 53.991 ms - -[0m
[0mGET /api/website/category/list [32m200[0m 11.881 ms - 1659[0m
[0mGET /api/website/catalog/category/search?queryString=mobile-phone [32m200[0m 42.037 ms - 903[0m
[0mGET /api/website/catalog/product/search?filter_category=mobile-phone [32m200[0m 56.254 ms - 4809[0m
[0mGET /api/website/catalog/category/search?queryString=mobile-phone [36m304[0m 60.257 ms - -[0m
[0mGET /api/website/catalog/product/search?filter_category=mobile-phone [36m304[0m 45.719 ms - -[0m
[0mGET /api/website/catalog/product/search?filter_category=mobile-phone [36m304[0m 12.708 ms - -[0m
[0mGET /api/website/catalog/category/search?queryString=mobile-phone [36m304[0m 36.449 ms - -[0m
[0mGET /api/website/catalog/product/search?filter_category=mobile-phone [36m304[0m 32.921 ms - -[0m
[0mGET /api/website/catalog/product/search?filter_category=mobile-phone [36m304[0m 10.188 ms - -[0m
[0mGET /api/website/category/list [32m200[0m 20.711 ms - 1659[0m
[0mGET /api/website/catalog/category/search?queryString=mobile-phone [32m200[0m 77.331 ms - 903[0m
[0mGET /api/website/catalog/product/search?filter_category=mobile-phone [32m200[0m 88.162 ms - 4809[0m
[0mGET /api/website/category/list [32m200[0m 19.593 ms - 1659[0m
[0mGET /api/website/catalog/category/search?queryString=mobile-phone [32m200[0m 36.387 ms - 903[0m
[0mGET /api/website/catalog/product/search?filter_category=mobile-phone [32m200[0m 41.527 ms - 4809[0m
[0mGET /api/website/category/list [32m200[0m 55.810 ms - 1659[0m
[0mGET /api/website/catalog/category/search?queryString=mobile-phone [32m200[0m 81.683 ms - 903[0m
[0mGET /api/website/catalog/product/search?filter_category=mobile-phone [32m200[0m 87.554 ms - 4809[0m
[0mGET /api/website/category/list [32m200[0m 58.429 ms - 1659[0m
[0mGET /api/website/catalog/category/search?queryString=mobile-phone [32m200[0m 74.159 ms - 903[0m
[0mGET /api/website/catalog/product/search?filter_category=mobile-phone [32m200[0m 69.572 ms - 4809[0m
[0mGET /api/website/category/list [32m200[0m 58.702 ms - 1659[0m
[0mGET /api/website/catalog/category/search?queryString=mobile-phone [32m200[0m 74.752 ms - 903[0m
[0mGET /api/website/catalog/product/search?filter_category=mobile-phone [32m200[0m 77.096 ms - 4809[0m
[0mGET /api/website/category/list [32m200[0m 18.325 ms - 1659[0m
[0mGET /api/website/catalog/category/search?queryString=mobile-phone [32m200[0m 50.142 ms - 903[0m
[0mGET /api/website/catalog/product/search?filter_category=mobile-phone [32m200[0m 54.610 ms - 4809[0m
[0mGET /api/website/category/list [32m200[0m 54.845 ms - 1659[0m
[0mGET /api/website/catalog/category/search?queryString=mobile-phone [32m200[0m 51.674 ms - 903[0m
[0mGET /api/website/catalog/product/search?filter_category=mobile-phone [32m200[0m 56.355 ms - 4809[0m
[0mGET /api/website/category/list [32m200[0m 11.997 ms - 1659[0m
[0mGET /api/website/catalog/category/search?queryString=mobile-phone [32m200[0m 67.102 ms - 903[0m
[0mGET /api/website/catalog/product/search?filter_category=mobile-phone [32m200[0m 71.521 ms - 4809[0m
[0mGET /api/website/category/list [32m200[0m 54.906 ms - 1659[0m
[0mGET /api/website/catalog/category/search?queryString=mobile-phone [32m200[0m 33.088 ms - 903[0m
[0mGET /api/website/catalog/product/search?filter_category=mobile-phone [32m200[0m 36.997 ms - 4809[0m
[0mGET /api/website/category/list [32m200[0m 63.453 ms - 1659[0m
[0mGET /api/website/catalog/category/search?queryString=mobile-phone [32m200[0m 76.940 ms - 903[0m
[0mGET /api/website/catalog/product/search?filter_category=mobile-phone [32m200[0m 81.649 ms - 4809[0m
[0mGET /api/website/category/list [32m200[0m 35.691 ms - 1659[0m
[0mGET /api/website/catalog/category/search?queryString=mobile-phone [32m200[0m 63.235 ms - 903[0m
[0mGET /api/website/catalog/product/search?filter_category=mobile-phone [32m200[0m 73.855 ms - 4809[0m
[0mGET /api/website/category/list [32m200[0m 19.195 ms - 1659[0m
[0mGET /api/website/catalog/category/search?queryString=mobile-phone [32m200[0m 49.247 ms - 903[0m
[0mGET /api/website/catalog/product/search?filter_category=mobile-phone [32m200[0m 55.322 ms - 4809[0m
[0mGET /api/website/category/list [32m200[0m 22.694 ms - 1659[0m
[0mGET /api/website/catalog/category/search?queryString=mobile-phone [32m200[0m 44.077 ms - 903[0m
[0mGET /api/website/catalog/product/search?filter_category=mobile-phone [32m200[0m 73.330 ms - 4809[0m
[0mGET /api/website/category/list [36m304[0m 16.352 ms - -[0m
[0mGET /api/website/catalog/category/search?queryString=mobile-phone [36m304[0m 34.526 ms - -[0m
[0mGET /api/website/catalog/product/search?filter_category=mobile-phone [36m304[0m 39.169 ms - -[0m
[0mGET /api/website/category/list [32m200[0m 40.698 ms - 1659[0m
[0mGET /api/website/catalog/category/search?queryString=mobile-phone [32m200[0m 64.562 ms - 903[0m
[0mGET /api/website/catalog/product/search?filter_category=mobile-phone [32m200[0m 69.359 ms - 4809[0m
[0mGET /api/website/category/list [32m200[0m 19.033 ms - 1659[0m
[0mGET /api/website/catalog/category/search?queryString=mobile-phone [32m200[0m 39.354 ms - 903[0m
[0mGET /api/website/catalog/product/search?filter_category=mobile-phone [32m200[0m 43.333 ms - 4809[0m
[0mGET /api/website/category/list [36m304[0m 7.742 ms - -[0m
[0mGET /api/website/catalog/category/search?queryString=gaming [32m200[0m 27.522 ms - 480[0m
[0mGET /api/website/catalog/product/search?filter_category=gaming [32m200[0m 39.284 ms - 62[0m
[0mGET /api/website/category/list [36m304[0m 8.784 ms - -[0m
[0mGET /api/website/catalog/category/search?queryString=watch [32m200[0m 20.684 ms - 522[0m
[0mGET /api/website/catalog/product/search?filter_category=watch [32m200[0m 34.422 ms - 62[0m
[0mGET /api/website/category/list [36m304[0m 9.488 ms - -[0m
[0mGET /api/website/catalog/category/search?queryString=mobile-phone [36m304[0m 24.101 ms - -[0m
[0mGET /api/website/catalog/product/search?filter_category=mobile-phone [36m304[0m 29.921 ms - -[0m
[0mGET /api/website/category/list [32m200[0m 87.346 ms - 1659[0m
[0mGET /api/website/catalog/category/search?queryString=mobile-phone [32m200[0m 123.817 ms - 903[0m
[0mGET /api/website/catalog/product/search?filter_category=mobile-phone [32m200[0m 111.169 ms - 4809[0m
[0mGET /api/website/category/list [32m200[0m 18.437 ms - 1659[0m
[0mGET /api/website/catalog/category/search?queryString=mobile-phone [32m200[0m 54.797 ms - 903[0m
[0mGET /api/website/catalog/product/search?filter_category=mobile-phone [32m200[0m 56.573 ms - 4809[0m
[0mGET /api/website/category/list [32m200[0m 12.175 ms - 1659[0m
[0mGET /api/website/catalog/category/search?queryString=mobile-phone [32m200[0m 23.281 ms - 903[0m
[0mGET /api/website/catalog/product/search?filter_category=mobile-phone [32m200[0m 42.024 ms - 4809[0m
[0mGET /api/website/catalog/category/search?queryString=mobile-phone [36m304[0m 48.013 ms - -[0m
[0mGET /api/website/catalog/product/search?filter_category=mobile-phone [36m304[0m 39.176 ms - -[0m
[0mGET /api/website/catalog/product/search?filter_category=mobile-phone [36m304[0m 24.700 ms - -[0m
[0mGET /api/website/category/list [36m304[0m 9.382 ms - -[0m
[0mGET /api/website/catalog/category/search?queryString=mobile-phone [36m304[0m 27.905 ms - -[0m
[0mGET /api/website/catalog/product/search?filter_category=mobile-phone [36m304[0m 29.814 ms - -[0m
[0mGET /api/website/catalog/category/search?queryString=mobile-phone [36m304[0m 35.785 ms - -[0m
[0mGET /api/website/catalog/product/search?filter_category=mobile-phone [36m304[0m 30.060 ms - -[0m
[0mGET /api/website/catalog/product/search?filter_category=mobile-phone [36m304[0m 13.643 ms - -[0m
[0mGET /api/website/category/list [32m200[0m 20.137 ms - 1659[0m
[0mGET /api/website/catalog/category/search?queryString=mobile-phone [32m200[0m 67.384 ms - 903[0m
[0mGET /api/website/catalog/product/search?filter_category=mobile-phone [32m200[0m 74.399 ms - 4809[0m
[0mGET /api/website/catalog/category/search?queryString=mobile-phone [36m304[0m 19.394 ms - -[0m
[0mGET /api/website/catalog/product/search?filter_category=mobile-phone [36m304[0m 22.093 ms - -[0m
[0mGET /api/website/catalog/product/search?filter_category=mobile-phone [36m304[0m 12.601 ms - -[0m
[0mGET /api/website/catalog/category/search?queryString=mobile-phone [36m304[0m 57.965 ms - -[0m
[0mGET /api/website/catalog/product/search?filter_category=mobile-phone [36m304[0m 36.830 ms - -[0m
[0mGET /api/website/catalog/product/search?filter_category=mobile-phone [36m304[0m 13.363 ms - -[0m
[0mGET /api/website/catalog/category/search?queryString=mobile-phone [36m304[0m 61.322 ms - -[0m
[0mGET /api/website/catalog/product/search?filter_category=mobile-phone [36m304[0m 55.549 ms - -[0m
[0mGET /api/website/catalog/product/search?filter_category=mobile-phone [36m304[0m 13.332 ms - -[0m
[0mGET /api/website/catalog/category/search?queryString=mobile-phone [36m304[0m 29.720 ms - -[0m
[0mGET /api/website/catalog/product/search?filter_category=mobile-phone [36m304[0m 28.743 ms - -[0m
[0mGET /api/website/catalog/product/search?filter_category=mobile-phone [36m304[0m 15.366 ms - -[0m
[0mGET /api/website/category/list [32m200[0m 31.842 ms - 1659[0m
[0mGET /api/website/catalog/product/search?filter_category=mobile-phone [32m200[0m 52.902 ms - 4809[0m
[0mGET /api/website/catalog/category/search?queryString=mobile-phone [32m200[0m 56.805 ms - 903[0m
[0mGET /api/website/catalog/category/search?queryString=mobile-phone [36m304[0m 71.543 ms - -[0m
[0mGET /api/website/catalog/product/search?filter_category=mobile-phone [36m304[0m 36.133 ms - -[0m
[0mGET /api/website/catalog/product/search?filter_category=mobile-phone [36m304[0m 14.762 ms - -[0m
[0mGET /api/website/category/list [32m200[0m 77.096 ms - 1659[0m
[0mGET /api/website/catalog/category/search?queryString=mobile-phone [32m200[0m 33.444 ms - 903[0m
[0mGET /api/website/catalog/product/search?filter_category=mobile-phone [32m200[0m 60.357 ms - 4809[0m
[0mGET /api/website/image/banner?type=2 [36m304[0m 14.302 ms - -[0m
[0mGET /api/website/category/list [36m304[0m 40.460 ms - -[0m
[0mGET /api/website/image/banner?type=0 [36m304[0m 25.971 ms - -[0m
[0mGET /api/website/image/banner?type=3 [36m304[0m 20.922 ms - -[0m
[0mGET /api/website/image/banner?type=4 [36m304[0m 20.644 ms - -[0m
[0mGET /api/website/popular/category-list [36m304[0m 55.471 ms - -[0m
[0mGET /api/website/brand-list [36m304[0m 42.831 ms - -[0m
[0mGET /api/website/flash-sale [36m304[0m 41.732 ms - -[0m
[0mGET /api/website/product/new-arrival [36m304[0m 44.284 ms - -[0m
[0mGET /api/website/catalog/product/search?filter_category=mobile-phone [36m304[0m 72.918 ms - -[0m
[0mGET /api/website/image/banner?type=1 [32m200[0m 24.120 ms - 175[0m
[0mGET /api/website/image/banner?type=2 [36m304[0m 19.457 ms - -[0m
[0mGET /api/website/brand-list [36m304[0m 14.947 ms - -[0m
[0mGET /api/website/image/banner?type=4 [36m304[0m 19.055 ms - -[0m
[0mGET /api/website/category/list [36m304[0m 27.215 ms - -[0m
[0mGET /api/website/popular/category-list [36m304[0m 23.974 ms - -[0m
[0mGET /api/website/flash-sale [36m304[0m 20.529 ms - -[0m
[0mGET /api/website/image/banner?type=1 [36m304[0m 7.262 ms - -[0m
[0mGET /api/website/category/list [36m304[0m 19.024 ms - -[0m
[0mGET /api/website/product/new-arrival [36m304[0m 22.910 ms - -[0m
[0mGET /api/website/category/list [36m304[0m 9.222 ms - -[0m
[0mGET /api/website/catalog/product/search?filter_category=mobile-phone [36m304[0m 37.748 ms - -[0m
[0mGET /api/website/image/banner?type=0 [36m304[0m 16.261 ms - -[0m
[0mGET /api/website/category/list [36m304[0m 18.603 ms - -[0m
[0mGET /api/website/image/banner?type=3 [36m304[0m 15.517 ms - -[0m
[0mGET /api/website/image/banner?type=2 [36m304[0m 16.533 ms - -[0m
[0mGET /api/website/image/banner?type=4 [36m304[0m 15.960 ms - -[0m
[0mGET /api/website/popular/category-list [36m304[0m 16.633 ms - -[0m
[0mGET /api/website/brand-list [36m304[0m 15.025 ms - -[0m
[0mGET /api/website/flash-sale [36m304[0m 14.477 ms - -[0m
[0mGET /api/website/category/list [36m304[0m 10.620 ms - -[0m
[0mGET /api/website/product/new-arrival [36m304[0m 16.963 ms - -[0m
[0mGET /api/website/catalog/product/search?filter_category=mobile-phone [36m304[0m 28.609 ms - -[0m
[0mGET /api/website/image/banner?type=0 [32m200[0m 37.404 ms - 264[0m
[0mGET /api/website/category/list [32m200[0m 40.933 ms - 1659[0m
[0mGET /api/website/image/banner?type=2 [32m200[0m 56.995 ms - 270[0m
[0mGET /api/website/image/banner?type=3 [32m200[0m 34.959 ms - 260[0m
[0mGET /api/website/image/banner?type=4 [32m200[0m 35.380 ms - 152[0m
[0mGET /api/website/category/list [32m200[0m 73.422 ms - 1659[0m
[0mGET /api/website/popular/category-list [32m200[0m 68.428 ms - 406[0m
[0mGET /api/website/brand-list [32m200[0m 59.807 ms - 850[0m
[0mGET /api/website/flash-sale [32m200[0m 47.097 ms - 49[0m
[0mGET /api/website/product/new-arrival [32m200[0m 68.362 ms - 6037[0m
[0mGET /api/website/catalog/product/search?filter_category=mobile-phone [32m200[0m 80.674 ms - 4809[0m
[0mGET /api/website/image/banner?type=0 [32m200[0m 20.129 ms - 264[0m
[0mGET /api/website/category/list [32m200[0m 21.295 ms - 1659[0m
[0mGET /api/website/image/banner?type=2 [32m200[0m 20.089 ms - 270[0m
[0mGET /api/website/image/banner?type=3 [32m200[0m 17.274 ms - 260[0m
[0mGET /api/website/image/banner?type=4 [32m200[0m 37.636 ms - 152[0m
[0mGET /api/website/brand-list [32m200[0m 23.590 ms - 850[0m
[0mGET /api/website/category/list [32m200[0m 37.396 ms - 1659[0m
[0mGET /api/website/popular/category-list [32m200[0m 31.310 ms - 406[0m
[0mGET /api/website/flash-sale [32m200[0m 23.460 ms - 49[0m
[0mGET /api/website/product/new-arrival [32m200[0m 45.025 ms - 6037[0m
[0mGET /api/website/catalog/product/search?filter_category=mobile-phone [32m200[0m 27.773 ms - 4809[0m
[0mGET /api/website/image/banner?type=0 [32m200[0m 23.109 ms - 264[0m
[0mGET /api/website/category/list [32m200[0m 26.678 ms - 1659[0m
[0mGET /api/website/image/banner?type=2 [32m200[0m 25.936 ms - 270[0m
[0mGET /api/website/image/banner?type=3 [32m200[0m 27.334 ms - 260[0m
[0mGET /api/website/image/banner?type=4 [32m200[0m 30.326 ms - 152[0m
[0mGET /api/website/brand-list [32m200[0m 10.739 ms - 850[0m
[0mGET /api/website/category/list [32m200[0m 31.344 ms - 1659[0m
[0mGET /api/website/popular/category-list [32m200[0m 25.317 ms - 406[0m
[0mGET /api/website/product/new-arrival [32m200[0m 42.801 ms - 6037[0m
[0mGET /api/website/flash-sale [32m200[0m 33.611 ms - 49[0m
[0mGET /api/website/catalog/product/search?filter_category=mobile-phone [32m200[0m 35.856 ms - 4809[0m
[0mGET /api/website/image/banner?type=0 [36m304[0m 26.128 ms - -[0m
[0mGET /api/website/category/list [36m304[0m 26.123 ms - -[0m
[0mGET /api/website/image/banner?type=2 [36m304[0m 19.305 ms - -[0m
[0mGET /api/website/image/banner?type=4 [36m304[0m 14.008 ms - -[0m
[0mGET /api/website/popular/category-list [36m304[0m 16.541 ms - -[0m
[0mGET /api/website/image/banner?type=3 [36m304[0m 29.039 ms - -[0m
[0mGET /api/website/brand-list [36m304[0m 27.303 ms - -[0m
[0mGET /api/website/flash-sale [36m304[0m 22.449 ms - -[0m
[0mGET /api/website/category/list [36m304[0m 47.041 ms - -[0m
[0mGET /api/website/product/new-arrival [36m304[0m 56.498 ms - -[0m
[0mGET /api/website/catalog/product/search?filter_category=mobile-phone [36m304[0m 67.407 ms - -[0m
[0mGET /api/website/image/banner?type=0 [32m200[0m 20.118 ms - 264[0m
[0mGET /api/website/category/list [32m200[0m 14.922 ms - 1659[0m
[0mGET /api/website/image/banner?type=2 [32m200[0m 11.356 ms - 270[0m
[0mGET /api/website/image/banner?type=3 [32m200[0m 13.059 ms - 260[0m
[0mGET /api/website/image/banner?type=4 [32m200[0m 12.692 ms - 152[0m
[0mGET /api/website/category/list [32m200[0m 15.214 ms - 1659[0m
[0mGET /api/website/popular/category-list [32m200[0m 15.146 ms - 406[0m
[0mGET /api/website/brand-list [32m200[0m 12.731 ms - 850[0m
[0mGET /api/website/flash-sale [32m200[0m 10.455 ms - 49[0m
[0mGET /api/website/product/new-arrival [32m200[0m 18.914 ms - 6037[0m
[0mGET /api/website/catalog/product/search?filter_category=mobile-phone [32m200[0m 33.356 ms - 4809[0m
[0mGET /api/website/image/banner?type=0 [36m304[0m 7.599 ms - -[0m
[0mGET /api/website/category/list [36m304[0m 11.042 ms - -[0m
[0mGET /api/website/image/banner?type=2 [36m304[0m 18.573 ms - -[0m
[0mGET /api/website/image/banner?type=3 [36m304[0m 19.265 ms - -[0m
[0mGET /api/website/brand-list [36m304[0m 19.101 ms - -[0m
[0mGET /api/website/flash-sale [36m304[0m 15.424 ms - -[0m
[0mGET /api/website/image/banner?type=4 [36m304[0m 24.771 ms - -[0m
[0mGET /api/website/popular/category-list [36m304[0m 24.612 ms - -[0m
[0mGET /api/website/product/new-arrival [36m304[0m 19.777 ms - -[0m
[0mGET /api/website/category/list [36m304[0m 24.802 ms - -[0m
[0mGET /api/website/catalog/product/search?filter_category=mobile-phone [36m304[0m 58.077 ms - -[0m
[0mGET /api/website/image/banner?type=0 [32m200[0m 18.811 ms - 264[0m
[0mGET /api/website/image/banner?type=2 [32m200[0m 14.935 ms - 270[0m
[0mGET /api/website/category/list [32m200[0m 16.558 ms - 1659[0m
[0mGET /api/website/image/banner?type=3 [32m200[0m 15.907 ms - 260[0m
[0mGET /api/website/image/banner?type=4 [32m200[0m 14.920 ms - 152[0m
[0mGET /api/website/category/list [32m200[0m 14.195 ms - 1659[0m
[0mGET /api/website/popular/category-list [32m200[0m 6.900 ms - 406[0m
[0mGET /api/website/brand-list [32m200[0m 8.077 ms - 850[0m
[0mGET /api/website/flash-sale [32m200[0m 8.050 ms - 49[0m
[0mGET /api/website/product/new-arrival [32m200[0m 10.547 ms - 6037[0m
[0mGET /api/website/catalog/product/search?filter_category=mobile-phone [32m200[0m 17.364 ms - 4809[0m
[0mGET /api/website/category/list [36m304[0m 6.993 ms - -[0m
[0mGET /api/website/catalog/category/search?queryString=electronics [36m304[0m 25.652 ms - -[0m
[0mGET /api/website/catalog/product/search?filter_category=electronics [36m304[0m 25.646 ms - -[0m
[0mGET /api/website/category/list [36m304[0m 5.512 ms - -[0m
[0mGET /api/website/catalog/category/search?queryString=mobile-phone [36m304[0m 26.985 ms - -[0m
[0mGET /api/website/catalog/product/search?filter_category=mobile-phone [36m304[0m 33.408 ms - -[0m
[0mGET /api/website/category/list [36m304[0m 18.551 ms - -[0m
[0mGET /api/website/catalog/category/search?queryString=mobile-phone [36m304[0m 52.184 ms - -[0m
[0mGET /api/website/catalog/product/search?filter_category=mobile-phone [36m304[0m 65.517 ms - -[0m
[0mGET /api/website/category/list [36m304[0m 86.559 ms - -[0m
[0mGET /api/website/catalog/category/search?queryString=mobile-phone [36m304[0m 115.337 ms - -[0m
[0mGET /api/website/catalog/product/search?filter_category=mobile-phone [36m304[0m 138.559 ms - -[0m
[0mGET /api/website/image/banner?type=0 [36m304[0m 29.947 ms - -[0m
[0mGET /api/website/category/list [36m304[0m 27.493 ms - -[0m
[0mGET /api/website/image/banner?type=2 [36m304[0m 29.119 ms - -[0m
[0mGET /api/website/image/banner?type=3 [36m304[0m 31.695 ms - -[0m
[0mGET /api/website/brand-list [36m304[0m 20.121 ms - -[0m
[0mGET /api/website/popular/category-list [36m304[0m 32.130 ms - -[0m
[0mGET /api/website/image/banner?type=4 [36m304[0m 34.186 ms - -[0m
[0mGET /api/website/flash-sale [36m304[0m 21.780 ms - -[0m
[0mGET /api/website/product/new-arrival [36m304[0m 27.939 ms - -[0m
[0mGET /api/website/catalog/product/search?filter_category=mobile-phone [36m304[0m 34.477 ms - -[0m
[0mGET /api/website/image/banner?type=0 [32m200[0m 14.306 ms - 264[0m
[0mGET /api/website/category/list [32m200[0m 14.607 ms - 1659[0m
[0mGET /api/website/image/banner?type=2 [32m200[0m 16.319 ms - 270[0m
[0mGET /api/website/image/banner?type=3 [32m200[0m 15.736 ms - 260[0m
[0mGET /api/website/image/banner?type=4 [32m200[0m 15.331 ms - 152[0m
[0mGET /api/website/category/list [32m200[0m 17.927 ms - 1659[0m
[0mGET /api/website/popular/category-list [32m200[0m 15.643 ms - 406[0m
[0mGET /api/website/brand-list [32m200[0m 10.907 ms - 850[0m
[0mGET /api/website/flash-sale [32m200[0m 15.425 ms - 49[0m
[0mGET /api/website/product/new-arrival [32m200[0m 16.269 ms - 6037[0m
[0mGET /api/website/catalog/product/search?filter_category=mobile-phone [32m200[0m 28.536 ms - 4809[0m
[0mGET /api/website/image/banner?type=0 [32m200[0m 20.170 ms - 264[0m
[0mGET /api/website/image/banner?type=2 [32m200[0m 16.474 ms - 270[0m
[0mGET /api/website/category/list [32m200[0m 18.669 ms - 1659[0m
[0mGET /api/website/image/banner?type=3 [32m200[0m 14.713 ms - 260[0m
[0mGET /api/website/image/banner?type=4 [32m200[0m 13.463 ms - 152[0m
[0mGET /api/website/category/list [32m200[0m 13.847 ms - 1659[0m
[0mGET /api/website/popular/category-list [32m200[0m 6.230 ms - 406[0m
[0mGET /api/website/brand-list [32m200[0m 12.275 ms - 850[0m
[0mGET /api/website/flash-sale [32m200[0m 12.451 ms - 49[0m
[0mGET /api/website/product/new-arrival [32m200[0m 22.936 ms - 6037[0m
[0mGET /api/website/catalog/product/search?filter_category=mobile-phone [32m200[0m 41.940 ms - 4809[0m
[0mGET /api/website/category/list [32m200[0m 126.839 ms - 1659[0m
[0mGET /api/website/relatedProduct?productId=26&slug=iphone-7-plus-with-facetime-silver-256-gb-4g-lte-renewed [32m200[0m 144.685 ms - 4145[0m
[0mGET /api/website/product/detail?productId=26&slug=iphone-7-plus-with-facetime-silver-256-gb-4g-lte-renewed [32m200[0m 159.093 ms - 2467[0m
[0mGET /api/website/image/banner?type=0 [36m304[0m 17.998 ms - -[0m
[0mGET /api/website/category/list [36m304[0m 19.753 ms - -[0m
[0mGET /api/website/image/banner?type=2 [36m304[0m 18.124 ms - -[0m
[0mGET /api/website/image/banner?type=3 [36m304[0m 24.260 ms - -[0m
[0mGET /api/website/brand-list [36m304[0m 15.246 ms - -[0m
[0mGET /api/website/popular/category-list [36m304[0m 24.794 ms - -[0m
[0mGET /api/website/image/banner?type=4 [36m304[0m 25.877 ms - -[0m
[0mGET /api/website/flash-sale [36m304[0m 13.813 ms - -[0m
[0mGET /api/website/category/list [36m304[0m 16.907 ms - -[0m
[0mGET /api/website/product/new-arrival [36m304[0m 23.534 ms - -[0m
[0mGET /api/website/catalog/product/search?filter_category=mobile-phone [36m304[0m 65.021 ms - -[0m
[0mGET /api/website/product/detail?productId=15&slug=iphone-14-pro-physical-dual-sim-256gb-deep-purple-5g-with-facetime [36m304[0m 47.499 ms - -[0m
[0mGET /api/website/relatedProduct?productId=15&slug=iphone-14-pro-physical-dual-sim-256gb-deep-purple-5g-with-facetime [36m304[0m 49.275 ms - -[0m
[0mGET /api/website/image/banner?type=0 [36m304[0m 11.605 ms - -[0m
[0mGET /api/website/image/banner?type=2 [36m304[0m 12.018 ms - -[0m
[0mGET /api/website/category/list [36m304[0m 13.731 ms - -[0m
[0mGET /api/website/image/banner?type=3 [36m304[0m 11.942 ms - -[0m
[0mGET /api/website/image/banner?type=4 [36m304[0m 11.936 ms - -[0m
[0mGET /api/website/popular/category-list [36m304[0m 18.204 ms - -[0m
[0mGET /api/website/brand-list [36m304[0m 13.974 ms - -[0m
[0mGET /api/website/flash-sale [36m304[0m 9.927 ms - -[0m
[0mGET /api/website/product/new-arrival [36m304[0m 11.648 ms - -[0m
[0mGET /api/website/catalog/product/search?filter_category=mobile-phone [36m304[0m 27.755 ms - -[0m
[0mGET /api/website/product/detail?productId=14&slug=iphone-12-pro-max-with-facetime-128gb-pacific-blue-5g-international-specs [32m200[0m 34.893 ms - 4452[0m
[0mGET /api/website/relatedProduct?productId=14&slug=iphone-12-pro-max-with-facetime-128gb-pacific-blue-5g-international-specs [32m200[0m 34.280 ms - 4320[0m
[0mGET /api/website/relatedProduct?productId=11&slug=iphone-12-pro-max-with-facetime-128gb-pacific-blue-5g-international-specs [32m200[0m 13.402 ms - 4145[0m
[0mGET /api/website/category/list [36m304[0m 9.477 ms - -[0m
[0mGET /api/website/product/detail?productId=11&slug=iphone-12-pro-max-with-facetime-128gb-pacific-blue-5g-international-specs [32m200[0m 25.465 ms - 4452[0m
[0mGET /api/website/relatedProduct?productId=11&slug=iphone-12-pro-max-with-facetime-128gb-pacific-blue-5g-international-specs [36m304[0m 20.721 ms - -[0m
[0mGET /api/website/image/banner?type=0 [36m304[0m 17.959 ms - -[0m
[0mGET /api/website/image/banner?type=2 [36m304[0m 21.561 ms - -[0m
[0mGET /api/website/category/list [36m304[0m 23.803 ms - -[0m
[0mGET /api/website/image/banner?type=4 [36m304[0m 20.543 ms - -[0m
[0mGET /api/website/image/banner?type=3 [36m304[0m 21.577 ms - -[0m
[0mGET /api/website/brand-list [36m304[0m 14.642 ms - -[0m
[0mGET /api/website/popular/category-list [36m304[0m 31.051 ms - -[0m
[0mGET /api/website/flash-sale [36m304[0m 12.422 ms - -[0m
[0mGET /api/website/product/new-arrival [36m304[0m 30.808 ms - -[0m
[0mGET /api/website/catalog/product/search?filter_category=mobile-phone [36m304[0m 46.045 ms - -[0m
[0mGET /api/website/category/list [36m304[0m 7.888 ms - -[0m
[0mGET /api/website/catalog/category/search?queryString=mobile-phone [36m304[0m 28.244 ms - -[0m
[0mGET /api/website/catalog/product/search?filter_category=mobile-phone [36m304[0m 34.438 ms - -[0m
[0mGET /api/website/category/list [36m304[0m 6.295 ms - -[0m
[0mGET /api/website/product/detail?productId=13&slug=iphone-11-purple-128gb-4g-lte-2020-slim-packing-international-specs [32m200[0m 29.645 ms - 2539[0m
[0mGET /api/website/relatedProduct?productId=13&slug=iphone-11-purple-128gb-4g-lte-2020-slim-packing-international-specs [32m200[0m 47.963 ms - 4320[0m
[0mGET /api/website/catalog/category/search?queryString=mobile-phone [36m304[0m 40.770 ms - -[0m
[0mGET /api/website/catalog/product/search?filter_category=mobile-phone [36m304[0m 53.372 ms - -[0m
[0mGET /api/website/category/list [36m304[0m 7.578 ms - -[0m
[0mGET /api/website/image/banner?type=0 [36m304[0m 6.184 ms - -[0m
[0mGET /api/website/category/list [36m304[0m 17.157 ms - -[0m
[0mGET /api/website/image/banner?type=2 [36m304[0m 15.665 ms - -[0m
[0mGET /api/website/image/banner?type=4 [36m304[0m 15.206 ms - -[0m
[0mGET /api/website/image/banner?type=3 [36m304[0m 16.188 ms - -[0m
[0mGET /api/website/flash-sale [36m304[0m 16.866 ms - -[0m
[0mGET /api/website/popular/category-list [36m304[0m 18.274 ms - -[0m
[0mGET /api/website/brand-list [36m304[0m 11.221 ms - -[0m
[0mGET /api/website/product/new-arrival [36m304[0m 16.733 ms - -[0m
[0mGET /api/website/catalog/product/search?filter_category=mobile-phone [36m304[0m 21.348 ms - -[0m
[0mGET /api/website/product/detail?productId=22&slug=iphone-7-plus-with-facetime-matt-black-128gb-4g-lte-renewed [36m304[0m 43.543 ms - -[0m
[0mGET /api/website/relatedProduct?productId=22&slug=iphone-7-plus-with-facetime-matt-black-128gb-4g-lte-renewed [36m304[0m 45.868 ms - -[0m
[0mGET /api/website/category/list [32m200[0m 17.485 ms - 1659[0m
[0mGET /api/website/product/detail?productId=22&slug=iphone-7-plus-with-facetime-matt-black-128gb-4g-lte-renewed [32m200[0m 27.792 ms - 3048[0m
[0mGET /api/website/relatedProduct?productId=22&slug=iphone-7-plus-with-facetime-matt-black-128gb-4g-lte-renewed [32m200[0m 34.085 ms - 4320[0m
[0mGET /api/website/category/list [32m200[0m 26.424 ms - 1659[0m
[0mGET /api/website/product/detail?productId=22&slug=iphone-7-plus-with-facetime-matt-black-128gb-4g-lte-renewed [32m200[0m 41.720 ms - 3048[0m
[0mGET /api/website/relatedProduct?productId=22&slug=iphone-7-plus-with-facetime-matt-black-128gb-4g-lte-renewed [32m200[0m 33.768 ms - 4320[0m
[0mGET /api/website/category/list [32m200[0m 8.756 ms - 1659[0m
[0mGET /api/website/product/detail?productId=22&slug=iphone-7-plus-with-facetime-matt-black-128gb-4g-lte-renewed [32m200[0m 27.848 ms - 3048[0m
[0mGET /api/website/relatedProduct?productId=22&slug=iphone-7-plus-with-facetime-matt-black-128gb-4g-lte-renewed [32m200[0m 27.566 ms - 4320[0m
[0mGET /api/website/image/banner?type=2 [36m304[0m 16.382 ms - -[0m
[0mGET /api/website/category/list [36m304[0m 21.280 ms - -[0m
[0mGET /api/website/image/banner?type=0 [36m304[0m 15.731 ms - -[0m
[0mGET /api/website/image/banner?type=4 [36m304[0m 16.993 ms - -[0m
[0mGET /api/website/image/banner?type=3 [36m304[0m 17.629 ms - -[0m
[0mGET /api/website/popular/category-list [36m304[0m 17.613 ms - -[0m
[0mGET /api/website/brand-list [36m304[0m 10.923 ms - -[0m
[0mGET /api/website/flash-sale [36m304[0m 10.647 ms - -[0m
[0mGET /api/website/product/new-arrival [36m304[0m 18.299 ms - -[0m
[0mGET /api/website/catalog/product/search?filter_category=mobile-phone [36m304[0m 27.670 ms - -[0m
[0mGET /api/website/product/detail?productId=19&slug=apple-iphone-7-128-gb-matt-black-international-spec [36m304[0m 29.752 ms - -[0m
[0mGET /api/website/relatedProduct?productId=19&slug=apple-iphone-7-128-gb-matt-black-international-spec [36m304[0m 28.894 ms - -[0m
[0mGET /api/website/category/list [32m200[0m 19.080 ms - 1659[0m
[0mGET /api/website/product/detail?productId=19&slug=apple-iphone-7-128-gb-matt-black-international-spec [32m200[0m 28.295 ms - 2473[0m
[0mGET /api/website/relatedProduct?productId=19&slug=apple-iphone-7-128-gb-matt-black-international-spec [32m200[0m 31.964 ms - 4320[0m
[0mGET /api/website/category/list [32m200[0m 25.353 ms - 1659[0m
[0mGET /api/website/product/detail?productId=19&slug=apple-iphone-7-128-gb-matt-black-international-spec [32m200[0m 40.076 ms - 2473[0m
[0mGET /api/website/relatedProduct?productId=19&slug=apple-iphone-7-128-gb-matt-black-international-spec [32m200[0m 38.131 ms - 4320[0m
[0mGET /api/website/category/list [32m200[0m 29.368 ms - 1659[0m
[0mGET /api/website/product/detail?productId=19&slug=apple-iphone-7-128-gb-matt-black-international-spec [32m200[0m 47.121 ms - 2473[0m
[0mGET /api/website/relatedProduct?productId=19&slug=apple-iphone-7-128-gb-matt-black-international-spec [32m200[0m 44.635 ms - 4320[0m
[0mGET /api/website/category/list [32m200[0m 32.470 ms - 1659[0m
[0mGET /api/website/product/detail?productId=19&slug=apple-iphone-7-128-gb-matt-black-international-spec [32m200[0m 57.778 ms - 2473[0m
[0mGET /api/website/relatedProduct?productId=19&slug=apple-iphone-7-128-gb-matt-black-international-spec [32m200[0m 73.022 ms - 4320[0m
[0mGET /api/website/product/detail?productId=18&slug=apple-iphone-7-128-gb-silver-international-spec [32m200[0m 30.282 ms - 2099[0m
[0mGET /api/website/relatedProduct?productId=18&slug=apple-iphone-7-128-gb-silver-international-spec [32m200[0m 27.884 ms - 4145[0m
[0mGET /api/website/relatedProduct?productId=19&slug=apple-iphone-7-128-gb-gold-international-spec [32m200[0m 34.566 ms - 4145[0m
[0mGET /api/website/product/detail?productId=19&slug=apple-iphone-7-128-gb-gold-international-spec [32m200[0m 39.060 ms - 2309[0m
[0mGET /api/website/product/detail?productId=18&slug=apple-iphone-7-128-gb-silver-international-spec [36m304[0m 24.445 ms - -[0m
[0mGET /api/website/relatedProduct?productId=18&slug=apple-iphone-7-128-gb-silver-international-spec [36m304[0m 27.730 ms - -[0m
[0mGET /api/website/product/detail?productId=14&slug=apple-iphone-7-128-gb-matt-black-international-spec [32m200[0m 28.721 ms - 2480[0m
[0mGET /api/website/relatedProduct?productId=14&slug=apple-iphone-7-128-gb-matt-black-international-spec [32m200[0m 27.291 ms - 4145[0m
[0mGET /api/website/product/detail?productId=18&slug=apple-iphone-7-128-gb-silver-international-spec [36m304[0m 18.432 ms - -[0m
[0mGET /api/website/relatedProduct?productId=18&slug=apple-iphone-7-128-gb-silver-international-spec [36m304[0m 22.193 ms - -[0m
[0mGET /api/website/product/detail?productId=19&slug=apple-iphone-7-128-gb-gold-international-spec [36m304[0m 24.273 ms - -[0m
[0mGET /api/website/relatedProduct?productId=19&slug=apple-iphone-7-128-gb-gold-international-spec [36m304[0m 23.191 ms - -[0m
[0mGET /api/website/relatedProduct?productId=18&slug=apple-iphone-7-128-gb-silver-international-spec [36m304[0m 17.929 ms - -[0m
[0mGET /api/website/product/detail?productId=18&slug=apple-iphone-7-128-gb-silver-international-spec [36m304[0m 22.291 ms - -[0m
[0mGET /api/website/product/detail?productId=14&slug=apple-iphone-7-128-gb-matt-black-international-spec [36m304[0m 27.596 ms - -[0m
[0mGET /api/website/relatedProduct?productId=14&slug=apple-iphone-7-128-gb-matt-black-international-spec [36m304[0m 25.733 ms - -[0m
[0mGET /api/website/category/list [32m200[0m 8.427 ms - 1659[0m
[0mGET /api/website/product/detail?productId=14&slug=apple-iphone-7-128-gb-matt-black-international-spec [32m200[0m 23.550 ms - 2480[0m
[0mGET /api/website/relatedProduct?productId=14&slug=apple-iphone-7-128-gb-matt-black-international-spec [32m200[0m 23.962 ms - 4145[0m
[0mGET /api/website/category/list [32m200[0m 14.886 ms - 1659[0m
[0mGET /api/website/relatedProduct?productId=14&slug=apple-iphone-7-128-gb-matt-black-international-spec [32m200[0m 19.721 ms - 4145[0m
[0mGET /api/website/product/detail?productId=14&slug=apple-iphone-7-128-gb-matt-black-international-spec [32m200[0m 27.365 ms - 2480[0m
