[0mOPTIONS /api/product/banner-upload [32m204[0m 9.011 ms - 0[0m
[0mPOST /api/product/banner-upload [32m200[0m 2824.396 ms - 57[0m
[0mOPTIONS /api/order/notifications [32m204[0m 0.555 ms - 0[0m
[0mOPTIONS /api/product/admin/banner-list [32m204[0m 0.246 ms - 0[0m
[0mGET /api/order/notifications [36m304[0m 18.883 ms - -[0m
[0mGET /api/product/admin/banner-list [32m200[0m 17.792 ms - 236[0m
[0mOPTIONS /api/order/notifications [32m204[0m 2.447 ms - 0[0m
[0mOPTIONS /api/product/admin/banner-list [32m204[0m 0.432 ms - 0[0m
[0mGET /api/order/notifications [36m304[0m 33.369 ms - -[0m
[0mGET /api/product/admin/banner-list [36m304[0m 29.949 ms - -[0m
[0mOPTIONS /api/order/notifications [32m204[0m 1.373 ms - 0[0m
[0mOPTIONS /api/product/admin/banner-list [32m204[0m 0.767 ms - 0[0m
[0mGET /api/product/admin/banner-list [36m304[0m 18.870 ms - -[0m
[0mGET /api/order/notifications [36m304[0m 38.937 ms - -[0m
[0mOPTIONS /api/order/notifications [32m204[0m 1.028 ms - 0[0m
[0mOPTIONS /api/product/admin/banner-list [32m204[0m 0.533 ms - 0[0m
[0mGET /api/order/notifications [36m304[0m 30.621 ms - -[0m
[0mGET /api/product/admin/banner-list [36m304[0m 28.220 ms - -[0m
[0mOPTIONS /api/product/banner-delete [32m204[0m 1.447 ms - 0[0m
[0mPOST /api/product/banner-delete [32m200[0m 41.471 ms - 65[0m
[0mOPTIONS /api/order/notifications [32m204[0m 0.531 ms - 0[0m
[0mOPTIONS /api/product/admin/banner-list [32m204[0m 0.414 ms - 0[0m
[0mGET /api/order/notifications [36m304[0m 8.004 ms - -[0m
[0mGET /api/product/admin/banner-list [32m200[0m 7.860 ms - 26[0m
[0mOPTIONS /api/product/banner-upload [32m204[0m 1.366 ms - 0[0m
[0mPOST /api/product/banner-upload [32m200[0m 2254.897 ms - 57[0m
[0mOPTIONS /api/order/notifications [32m204[0m 0.487 ms - 0[0m
[0mOPTIONS /api/product/admin/banner-list [32m204[0m 0.175 ms - 0[0m
[0mGET /api/product/admin/banner-list [32m200[0m 11.336 ms - 263[0m
[0mGET /api/order/notifications [36m304[0m 12.951 ms - -[0m
[0mOPTIONS /api/product/banner-upload [32m204[0m 1.529 ms - 0[0m
[0mPOST /api/product/banner-upload [32m200[0m 2859.815 ms - 57[0m
[0mOPTIONS /api/order/notifications [32m204[0m 0.310 ms - 0[0m
[0mOPTIONS /api/product/admin/banner-list [32m204[0m 0.141 ms - 0[0m
[0mGET /api/product/admin/banner-list [32m200[0m 10.278 ms - 472[0m
[0mGET /api/order/notifications [36m304[0m 12.628 ms - -[0m
[0mOPTIONS /api/product/banner-upload [32m204[0m 1.119 ms - 0[0m
[0mPOST /api/product/banner-upload [32m200[0m 2749.502 ms - 57[0m
[0mOPTIONS /api/order/notifications [32m204[0m 0.356 ms - 0[0m
[0mOPTIONS /api/product/admin/banner-list [32m204[0m 0.395 ms - 0[0m
[0mGET /api/order/notifications [36m304[0m 7.817 ms - -[0m
[0mGET /api/product/admin/banner-list [32m200[0m 7.143 ms - 683[0m
[0mOPTIONS /api/product/banner-delete [32m204[0m 1.322 ms - 0[0m
[0mPOST /api/product/banner-delete [32m200[0m 18.892 ms - 65[0m
[0mOPTIONS /api/order/notifications [32m204[0m 0.339 ms - 0[0m
[0mOPTIONS /api/product/admin/banner-list [32m204[0m 0.254 ms - 0[0m
[0mGET /api/order/notifications [36m304[0m 6.795 ms - -[0m
[0mGET /api/product/admin/banner-list [32m200[0m 6.543 ms - 472[0m
[0mOPTIONS /api/order/notifications [32m204[0m 1.076 ms - 0[0m
[0mOPTIONS /api/product/admin/banner-list [32m204[0m 0.248 ms - 0[0m
[0mGET /api/product/admin/banner-list [36m304[0m 18.937 ms - -[0m
[0mGET /api/order/notifications [36m304[0m 27.870 ms - -[0m
[0mOPTIONS /api/order/notifications [32m204[0m 1.087 ms - 0[0m
[0mOPTIONS /api/product/admin/banner-list [32m204[0m 0.277 ms - 0[0m
[0mGET /api/order/notifications [36m304[0m 20.521 ms - -[0m
[0mGET /api/product/admin/banner-list [36m304[0m 18.326 ms - -[0m
[0mOPTIONS /api/product/banner-upload [32m204[0m 0.690 ms - 0[0m
[0mPOST /api/product/banner-upload [32m200[0m 1963.045 ms - 57[0m
[0mOPTIONS /api/order/notifications [32m204[0m 0.407 ms - 0[0m
[0mOPTIONS /api/product/admin/banner-list [32m204[0m 0.248 ms - 0[0m
[0mGET /api/product/admin/banner-list [32m200[0m 3.580 ms - 683[0m
[0mGET /api/order/notifications [36m304[0m 6.550 ms - -[0m
[0mOPTIONS /api/product/banner-upload [32m204[0m 0.431 ms - 0[0m
[0mPOST /api/product/banner-upload [32m200[0m 2742.459 ms - 57[0m
[0mOPTIONS /api/order/notifications [32m204[0m 0.329 ms - 0[0m
[0mOPTIONS /api/product/admin/banner-list [32m204[0m 0.155 ms - 0[0m
[0mGET /api/product/admin/banner-list [32m200[0m 2.908 ms - 892[0m
[0mGET /api/order/notifications [36m304[0m 5.936 ms - -[0m
[0mOPTIONS /api/order/notifications [32m204[0m 0.798 ms - 0[0m
[0mOPTIONS /api/product/admin/banner-list [32m204[0m 0.216 ms - 0[0m
[0mGET /api/product/admin/banner-list [36m304[0m 38.094 ms - -[0m
[0mGET /api/order/notifications [36m304[0m 41.327 ms - -[0m
[0mOPTIONS /api/product/banner-status [32m204[0m 0.364 ms - 0[0m
[0mPOST /api/product/banner-status [32m200[0m 10.932 ms - 53[0m
[0mPOST /api/product/banner-status [32m200[0m 7.087 ms - 53[0m
[0mPOST /api/product/banner-status [32m200[0m 11.117 ms - 53[0m
[0mPOST /api/product/banner-status [32m200[0m 5.105 ms - 53[0m
[0mOPTIONS /api/order/notifications [32m204[0m 0.816 ms - 0[0m
[0mOPTIONS /api/product/admin/banner-list [32m204[0m 0.193 ms - 0[0m
[0mGET /api/product/admin/banner-list [32m200[0m 4.541 ms - 888[0m
[0mGET /api/order/notifications [32m200[0m 5.028 ms - 36[0m
[0mGET /api/website/image/banner?type=0 [32m200[0m 24.435 ms - 182[0m
[0mGET /api/website/category/list [32m200[0m 33.790 ms - 1260[0m
[0mGET /api/website/image/banner?type=3 [32m200[0m 28.178 ms - 155[0m
[0mGET /api/website/category/list [32m200[0m 34.044 ms - 1260[0m
[0mGET /api/website/popular/category-list [32m200[0m 34.527 ms - 49[0m
[0mGET /api/website/product/new-arrival [32m200[0m 26.870 ms - 384[0m
[0mGET /api/website/flash-sale [32m200[0m 43.776 ms - 49[0m
[0mGET /api/website/catalog/product/search?filter_category=mobile-phone [32m200[0m 62.919 ms - 62[0m
[0mGET /api/website/image/banner?type=0 [32m200[0m 28.925 ms - 182[0m
[0mGET /api/website/category/list [32m200[0m 29.479 ms - 1260[0m
[0mGET /api/website/image/banner?type=3 [32m200[0m 29.772 ms - 155[0m
[0mGET /api/website/flash-sale [32m200[0m 24.722 ms - 49[0m
[0mGET /api/website/popular/category-list [32m200[0m 27.295 ms - 49[0m
[0mGET /api/website/product/new-arrival [32m200[0m 23.821 ms - 384[0m
[0mGET /api/website/category/list [36m304[0m 7.277 ms - -[0m
[0mGET /api/website/catalog/product/search?filter_category=mobile-phone [32m200[0m 21.853 ms - 62[0m
[0mGET /api/website/image/banner?type=0 [32m200[0m 32.831 ms - 182[0m
[0mGET /api/website/category/list [32m200[0m 30.754 ms - 1260[0m
[0mGET /api/website/image/banner?type=3 [32m200[0m 25.855 ms - 155[0m
[0mGET /api/website/flash-sale [32m200[0m 25.476 ms - 49[0m
[0mGET /api/website/product/new-arrival [32m200[0m 25.393 ms - 384[0m
[0mGET /api/website/popular/category-list [32m200[0m 27.217 ms - 49[0m
[0mGET /api/website/catalog/product/search?filter_category=mobile-phone [32m200[0m 9.582 ms - 62[0m
[0mGET /api/website/category/list [36m304[0m 11.628 ms - -[0m
[0mGET /api/website/image/banner?type=0 [36m304[0m 46.599 ms - -[0m
[0mGET /api/website/category/list [36m304[0m 81.260 ms - -[0m
[0mGET /api/website/image/banner?type=3 [36m304[0m 82.762 ms - -[0m
[0mGET /api/website/image/banner?type=0 [36m304[0m 117.952 ms - -[0m
[0mGET /api/website/image/banner?type=3 [36m304[0m 106.240 ms - -[0m
[0mGET /api/website/flash-sale [36m304[0m 119.978 ms - -[0m
[0mGET /api/website/category/list [36m304[0m 119.214 ms - -[0m
[0mGET /api/website/product/new-arrival [36m304[0m 121.247 ms - -[0m
[0mGET /api/website/popular/category-list [36m304[0m 123.189 ms - -[0m
[0mGET /api/website/flash-sale [36m304[0m 109.557 ms - -[0m
[0mGET /api/website/popular/category-list [36m304[0m 112.480 ms - -[0m
[0mGET /api/website/product/new-arrival [36m304[0m 112.961 ms - -[0m
[0mGET /api/website/category/list [36m304[0m 21.492 ms - -[0m
[0mGET /api/website/catalog/product/search?filter_category=mobile-phone [36m304[0m 41.345 ms - -[0m
[0mGET /api/website/category/list [36m304[0m 109.222 ms - -[0m
[0mGET /api/website/catalog/product/search?filter_category=mobile-phone [36m304[0m 140.797 ms - -[0m
[0mGET /api/website/image/banner?type=0 [36m304[0m 18.329 ms - -[0m
[0mGET /api/website/category/list [36m304[0m 18.467 ms - -[0m
[0mGET /api/website/image/banner?type=3 [36m304[0m 16.229 ms - -[0m
[0mGET /api/website/flash-sale [36m304[0m 16.035 ms - -[0m
[0mGET /api/website/product/new-arrival [36m304[0m 14.257 ms - -[0m
[0mGET /api/website/popular/category-list [36m304[0m 16.386 ms - -[0m
[0mGET /api/website/category/list [36m304[0m 4.668 ms - -[0m
[0mGET /api/website/catalog/product/search?filter_category=mobile-phone [36m304[0m 13.822 ms - -[0m
[0mGET /api/website/image/banner?type=0 [36m304[0m 9.242 ms - -[0m
[0mGET /api/website/image/banner?type=3 [36m304[0m 15.483 ms - -[0m
[0mGET /api/website/category/list [36m304[0m 17.051 ms - -[0m
[0mGET /api/website/flash-sale [36m304[0m 16.576 ms - -[0m
[0mGET /api/website/product/new-arrival [36m304[0m 17.715 ms - -[0m
[0mGET /api/website/popular/category-list [36m304[0m 19.877 ms - -[0m
[0mGET /api/website/category/list [36m304[0m 5.726 ms - -[0m
[0mGET /api/website/catalog/product/search?filter_category=mobile-phone [36m304[0m 16.502 ms - -[0m
[0mGET /api/website/image/banner?type=0 [36m304[0m 31.990 ms - -[0m
[0mGET /api/website/image/banner?type=3 [36m304[0m 30.672 ms - -[0m
[0mGET /api/website/category/list [36m304[0m 47.603 ms - -[0m
[0mGET /api/website/popular/category-list [36m304[0m 39.427 ms - -[0m
[0mGET /api/website/flash-sale [36m304[0m 56.309 ms - -[0m
[0mGET /api/website/category/list [36m304[0m 23.720 ms - -[0m
[0mGET /api/website/product/new-arrival [36m304[0m 62.189 ms - -[0m
[0mGET /api/website/catalog/product/search?filter_category=mobile-phone [36m304[0m 53.221 ms - -[0m
[0mGET /api/website/image/banner?type=0 [36m304[0m 10.745 ms - -[0m
[0mGET /api/website/image/banner?type=3 [36m304[0m 16.524 ms - -[0m
[0mGET /api/website/category/list [36m304[0m 17.960 ms - -[0m
[0mGET /api/website/flash-sale [36m304[0m 19.347 ms - -[0m
[0mGET /api/website/product/new-arrival [36m304[0m 18.874 ms - -[0m
[0mGET /api/website/popular/category-list [36m304[0m 21.519 ms - -[0m
[0mGET /api/website/category/list [36m304[0m 4.471 ms - -[0m
[0mGET /api/website/catalog/product/search?filter_category=mobile-phone [36m304[0m 26.355 ms - -[0m
[0mGET /api/website/image/banner?type=0 [32m200[0m 25.235 ms - 182[0m
[0mGET /api/website/image/banner?type=3 [32m200[0m 17.648 ms - 155[0m
[0mGET /api/website/flash-sale [32m200[0m 16.714 ms - 49[0m
[0mGET /api/website/category/list [32m200[0m 29.055 ms - 1260[0m
[0mGET /api/website/category/list [32m200[0m 17.752 ms - 1260[0m
[0mGET /api/website/popular/category-list [32m200[0m 17.916 ms - 49[0m
[0mGET /api/website/product/new-arrival [32m200[0m 8.081 ms - 384[0m
[0mGET /api/website/catalog/product/search?filter_category=mobile-phone [32m200[0m 6.505 ms - 62[0m
[0mGET /api/website/image/banner?type=0 [36m304[0m 30.118 ms - -[0m
[0mGET /api/website/category/list [36m304[0m 53.637 ms - -[0m
[0mGET /api/website/image/banner?type=3 [36m304[0m 77.217 ms - -[0m
[0mGET /api/website/popular/category-list [36m304[0m 69.469 ms - -[0m
[0mGET /api/website/flash-sale [36m304[0m 74.638 ms - -[0m
[0mGET /api/website/product/new-arrival [36m304[0m 79.785 ms - -[0m
[0mGET /api/website/category/list [36m304[0m 17.984 ms - -[0m
[0mGET /api/website/image/banner?type=3 [36m304[0m 36.480 ms - -[0m
[0mGET /api/website/image/banner?type=0 [36m304[0m 37.930 ms - -[0m
[0mGET /api/website/flash-sale [36m304[0m 33.930 ms - -[0m
[0mGET /api/website/category/list [36m304[0m 40.263 ms - -[0m
[0mGET /api/website/popular/category-list [36m304[0m 42.278 ms - -[0m
[0mGET /api/website/product/new-arrival [36m304[0m 27.695 ms - -[0m
[0mGET /api/website/catalog/product/search?filter_category=mobile-phone [36m304[0m 170.256 ms - -[0m
[0mGET /api/website/category/list [36m304[0m 8.566 ms - -[0m
[0mGET /api/website/catalog/product/search?filter_category=mobile-phone [36m304[0m 29.672 ms - -[0m
[0mGET /api/website/image/banner?type=0 [36m304[0m 30.581 ms - -[0m
[0mGET /api/website/image/banner?type=3 [36m304[0m 19.967 ms - -[0m
[0mGET /api/website/category/list [36m304[0m 24.132 ms - -[0m
[0mGET /api/website/popular/category-list [36m304[0m 25.053 ms - -[0m
[0mGET /api/website/product/new-arrival [36m304[0m 24.976 ms - -[0m
[0mGET /api/website/flash-sale [36m304[0m 26.134 ms - -[0m
[0mGET /api/website/category/list [36m304[0m 5.164 ms - -[0m
[0mGET /api/website/catalog/product/search?filter_category=mobile-phone [36m304[0m 25.044 ms - -[0m
[0mGET /api/website/image/banner?type=0 [36m304[0m 2.181 ms - -[0m
[0mGET /api/website/image/banner?type=3 [36m304[0m 2.551 ms - -[0m
[0mGET /api/website/category/list [36m304[0m 7.338 ms - -[0m
[0mGET /api/website/popular/category-list [36m304[0m 10.335 ms - -[0m
[0mGET /api/website/flash-sale [36m304[0m 10.050 ms - -[0m
[0mGET /api/website/product/new-arrival [36m304[0m 6.737 ms - -[0m
[0mGET /api/website/category/list [36m304[0m 4.741 ms - -[0m
[0mGET /api/website/catalog/product/search?filter_category=mobile-phone [36m304[0m 15.654 ms - -[0m
[0mGET /api/website/image/banner?type=0 [32m200[0m 14.870 ms - 182[0m
[0mGET /api/website/category/list [32m200[0m 10.855 ms - 1260[0m
[0mGET /api/website/image/banner?type=3 [32m200[0m 7.453 ms - 155[0m
[0mGET /api/website/category/list [32m200[0m 12.038 ms - 1260[0m
[0mGET /api/website/flash-sale [32m200[0m 14.238 ms - 49[0m
[0mGET /api/website/popular/category-list [32m200[0m 15.248 ms - 49[0m
[0mGET /api/website/product/new-arrival [32m200[0m 12.926 ms - 384[0m
[0mGET /api/website/catalog/product/search?filter_category=mobile-phone [32m200[0m 22.912 ms - 62[0m
[0mGET /api/website/image/banner?type=0 [36m304[0m 27.005 ms - -[0m
[0mGET /api/website/category/list [36m304[0m 32.490 ms - -[0m
[0mGET /api/website/image/banner?type=3 [36m304[0m 37.930 ms - -[0m
[0mGET /api/website/image/banner?type=2 [32m200[0m 29.552 ms - 153[0m
[0mGET /api/website/popular/category-list [36m304[0m 36.715 ms - -[0m
[0mGET /api/website/flash-sale [36m304[0m 39.842 ms - -[0m
[0mGET /api/website/image/banner?type=0 [36m304[0m 32.123 ms - -[0m
[0mGET /api/website/image/banner?type=3 [36m304[0m 28.034 ms - -[0m
[0mGET /api/website/category/list [36m304[0m 32.576 ms - -[0m
[0mGET /api/website/product/new-arrival [36m304[0m 29.387 ms - -[0m
[0mGET /api/website/image/banner?type=2 [32m200[0m 21.166 ms - 153[0m
[0mGET /api/website/popular/category-list [36m304[0m 23.747 ms - -[0m
[0mGET /api/website/flash-sale [36m304[0m 24.767 ms - -[0m
[0mGET /api/website/category/list [36m304[0m 21.218 ms - -[0m
[0mGET /api/website/category/list [36m304[0m 6.034 ms - -[0m
[0mGET /api/website/product/new-arrival [36m304[0m 17.808 ms - -[0m
[0mGET /api/website/catalog/product/search?filter_category=mobile-phone [36m304[0m 48.266 ms - -[0m
[0mGET /api/website/catalog/product/search?filter_category=mobile-phone [36m304[0m 80.004 ms - -[0m
[0mGET /api/website/image/banner?type=2 [36m304[0m 79.152 ms - -[0m
[0mGET /api/website/image/banner?type=2 [36m304[0m 32.212 ms - -[0m
[0mGET /api/website/image/banner?type=0 [32m200[0m 7.207 ms - 182[0m
[0mGET /api/website/image/banner?type=3 [32m200[0m 10.965 ms - 155[0m
[0mGET /api/website/category/list [32m200[0m 17.850 ms - 1260[0m
[0mGET /api/website/image/banner?type=2 [32m200[0m 22.046 ms - 153[0m
[0mGET /api/website/category/list [32m200[0m 22.523 ms - 1260[0m
[0mGET /api/website/popular/category-list [32m200[0m 21.764 ms - 49[0m
[0mGET /api/website/flash-sale [32m200[0m 19.000 ms - 49[0m
[0mGET /api/website/product/new-arrival [32m200[0m 11.909 ms - 384[0m
[0mGET /api/website/catalog/product/search?filter_category=mobile-phone [32m200[0m 12.945 ms - 62[0m
[0mGET /api/website/image/banner?type=2 [36m304[0m 7.635 ms - -[0m
[0mGET /api/website/image/banner?type=2 [36m304[0m 2.552 ms - -[0m
[0mGET /api/website/image/banner?type=0 [32m200[0m 11.451 ms - 182[0m
[0mGET /api/website/category/list [32m200[0m 19.651 ms - 1260[0m
[0mGET /api/website/image/banner?type=3 [32m200[0m 19.248 ms - 155[0m
[0mGET /api/website/image/banner?type=2 [32m200[0m 21.451 ms - 153[0m
[0mGET /api/website/popular/category-list [32m200[0m 20.223 ms - 49[0m
[0mGET /api/website/flash-sale [32m200[0m 19.624 ms - 49[0m
[0mGET /api/website/category/list [32m200[0m 27.166 ms - 1260[0m
[0mGET /api/website/product/new-arrival [32m200[0m 12.267 ms - 384[0m
[0mGET /api/website/catalog/product/search?filter_category=mobile-phone [32m200[0m 13.506 ms - 62[0m
[0mGET /api/website/image/banner?type=2 [36m304[0m 5.660 ms - -[0m
[0mGET /api/website/image/banner?type=2 [36m304[0m 2.672 ms - -[0m
[0mGET /api/website/image/banner?type=2 [36m304[0m 5.924 ms - -[0m
[0mGET /api/website/image/banner?type=2 [36m304[0m 2.539 ms - -[0m
[0mGET /api/website/image/banner?type=0 [32m200[0m 8.264 ms - 182[0m
[0mGET /api/website/category/list [32m200[0m 16.636 ms - 1260[0m
[0mGET /api/website/image/banner?type=3 [32m200[0m 13.901 ms - 155[0m
[0mGET /api/website/image/banner?type=2 [32m200[0m 14.488 ms - 153[0m
[0mGET /api/website/flash-sale [32m200[0m 18.813 ms - 49[0m
[0mGET /api/website/category/list [32m200[0m 17.607 ms - 1260[0m
[0mGET /api/website/popular/category-list [32m200[0m 19.377 ms - 49[0m
[0mGET /api/website/product/new-arrival [32m200[0m 13.646 ms - 384[0m
[0mGET /api/website/catalog/product/search?filter_category=mobile-phone [32m200[0m 18.999 ms - 62[0m
[0mGET /api/website/image/banner?type=0 [32m200[0m 23.884 ms - 182[0m
[0mGET /api/website/category/list [32m200[0m 24.749 ms - 1260[0m
[0mGET /api/website/image/banner?type=3 [32m200[0m 21.917 ms - 155[0m
[0mGET /api/website/category/list [32m200[0m 28.509 ms - 1260[0m
[0mGET /api/website/popular/category-list [32m200[0m 28.397 ms - 49[0m
[0mGET /api/website/flash-sale [32m200[0m 27.968 ms - 49[0m
[0mGET /api/website/product/new-arrival [32m200[0m 16.630 ms - 384[0m
[0mGET /api/website/catalog/product/search?filter_category=mobile-phone [32m200[0m 14.460 ms - 62[0m
[0mGET /api/website/image/banner?type=0 [36m304[0m 13.549 ms - -[0m
[0mGET /api/website/category/list [36m304[0m 19.475 ms - -[0m
[0mGET /api/website/image/banner?type=2 [36m304[0m 24.799 ms - -[0m
[0mGET /api/website/image/banner?type=3 [36m304[0m 26.079 ms - -[0m
[0mGET /api/website/flash-sale [36m304[0m 23.872 ms - -[0m
[0mGET /api/website/popular/category-list [36m304[0m 29.009 ms - -[0m
[0mGET /api/website/product/new-arrival [36m304[0m 23.573 ms - -[0m
[0mGET /api/website/category/list [36m304[0m 9.205 ms - -[0m
[0mGET /api/website/catalog/product/search?filter_category=mobile-phone [36m304[0m 22.240 ms - -[0m
[0mGET /api/website/image/banner?type=2 [36m304[0m 7.012 ms - -[0m
[0mGET /api/website/image/banner?type=0 [36m304[0m 7.667 ms - -[0m
[0mGET /api/website/image/banner?type=3 [36m304[0m 7.603 ms - -[0m
[0mGET /api/website/category/list [36m304[0m 9.817 ms - -[0m
[0mGET /api/website/popular/category-list [36m304[0m 10.782 ms - -[0m
[0mGET /api/website/flash-sale [36m304[0m 12.027 ms - -[0m
[0mGET /api/website/product/new-arrival [36m304[0m 10.582 ms - -[0m
[0mGET /api/website/category/list [36m304[0m 6.565 ms - -[0m
[0mGET /api/website/catalog/product/search?filter_category=mobile-phone [36m304[0m 16.587 ms - -[0m
[0mGET /api/website/image/banner?type=0 [32m200[0m 11.620 ms - 182[0m
[0mGET /api/website/category/list [32m200[0m 17.181 ms - 1260[0m
[0mGET /api/website/image/banner?type=2 [32m200[0m 16.066 ms - 153[0m
[0mGET /api/website/image/banner?type=3 [32m200[0m 18.324 ms - 155[0m
[0mGET /api/website/category/list [32m200[0m 17.861 ms - 1260[0m
[0mGET /api/website/flash-sale [32m200[0m 9.566 ms - 49[0m
[0mGET /api/website/product/new-arrival [32m200[0m 7.621 ms - 384[0m
[0mGET /api/website/popular/category-list [32m200[0m 20.958 ms - 49[0m
[0mGET /api/website/catalog/product/search?filter_category=mobile-phone [32m200[0m 7.830 ms - 62[0m
[0mGET /api/website/image/banner?type=2 [36m304[0m 12.008 ms - -[0m
[0mGET /api/website/image/banner?type=2 [36m304[0m 2.561 ms - -[0m
[0mGET /api/website/image/banner?type=0 [32m200[0m 7.226 ms - 182[0m
[0mGET /api/website/image/banner?type=2 [32m200[0m 5.863 ms - 153[0m
[0mGET /api/website/category/list [32m200[0m 9.566 ms - 1260[0m
[0mGET /api/website/image/banner?type=3 [32m200[0m 11.133 ms - 155[0m
[0mGET /api/website/category/list [32m200[0m 12.336 ms - 1260[0m
[0mGET /api/website/popular/category-list [32m200[0m 12.460 ms - 49[0m
[0mGET /api/website/flash-sale [32m200[0m 12.130 ms - 49[0m
[0mGET /api/website/product/new-arrival [32m200[0m 11.109 ms - 384[0m
[0mGET /api/website/catalog/product/search?filter_category=mobile-phone [32m200[0m 17.203 ms - 62[0m
[0mGET /api/website/image/banner?type=2 [36m304[0m 7.113 ms - -[0m
[0mGET /api/website/image/banner?type=2 [36m304[0m 3.721 ms - -[0m
[0mGET /api/website/image/banner?type=0 [32m200[0m 11.583 ms - 182[0m
[0mGET /api/website/category/list [32m200[0m 18.165 ms - 1260[0m
[0mGET /api/website/image/banner?type=2 [32m200[0m 19.734 ms - 153[0m
[0mGET /api/website/image/banner?type=3 [32m200[0m 18.118 ms - 155[0m
[0mGET /api/website/category/list [32m200[0m 19.723 ms - 1260[0m
[0mGET /api/website/popular/category-list [32m200[0m 20.167 ms - 49[0m
[0mGET /api/website/flash-sale [32m200[0m 14.642 ms - 49[0m
[0mGET /api/website/product/new-arrival [32m200[0m 10.990 ms - 384[0m
[0mGET /api/website/catalog/product/search?filter_category=mobile-phone [32m200[0m 13.653 ms - 62[0m
[0mGET /api/website/image/banner?type=2 [36m304[0m 7.988 ms - -[0m
[0mGET /api/website/image/banner?type=2 [36m304[0m 2.278 ms - -[0m
[0mGET /api/website/image/banner?type=0 [32m200[0m 9.819 ms - 182[0m
[0mGET /api/website/category/list [32m200[0m 20.770 ms - 1260[0m
[0mGET /api/website/image/banner?type=2 [32m200[0m 25.307 ms - 153[0m
[0mGET /api/website/image/banner?type=3 [32m200[0m 27.384 ms - 155[0m
[0mGET /api/website/popular/category-list [32m200[0m 28.426 ms - 49[0m
[0mGET /api/website/flash-sale [32m200[0m 21.433 ms - 49[0m
[0mGET /api/website/category/list [32m200[0m 33.465 ms - 1260[0m
[0mGET /api/website/product/new-arrival [32m200[0m 17.363 ms - 384[0m
[0mGET /api/website/catalog/product/search?filter_category=mobile-phone [32m200[0m 15.489 ms - 62[0m
[0mGET /api/website/image/banner?type=2 [36m304[0m 9.350 ms - -[0m
[0mGET /api/website/image/banner?type=2 [36m304[0m 5.076 ms - -[0m
[0mGET /api/website/image/banner?type=0 [32m200[0m 4.302 ms - 182[0m
[0mGET /api/website/image/banner?type=2 [32m200[0m 7.660 ms - 153[0m
[0mGET /api/website/image/banner?type=3 [32m200[0m 8.091 ms - 155[0m
[0mGET /api/website/category/list [32m200[0m 11.079 ms - 1260[0m
[0mGET /api/website/popular/category-list [32m200[0m 13.302 ms - 49[0m
[0mGET /api/website/flash-sale [32m200[0m 15.135 ms - 49[0m
[0mGET /api/website/category/list [32m200[0m 14.050 ms - 1260[0m
[0mGET /api/website/product/new-arrival [32m200[0m 9.545 ms - 384[0m
[0mGET /api/website/catalog/product/search?filter_category=mobile-phone [32m200[0m 15.463 ms - 62[0m
[0mGET /api/website/image/banner?type=2 [36m304[0m 11.639 ms - -[0m
[0mGET /api/website/image/banner?type=2 [36m304[0m 1.998 ms - -[0m
[0mGET /api/website/image/banner?type=0 [32m200[0m 10.756 ms - 182[0m
[0mGET /api/website/category/list [32m200[0m 20.043 ms - 1260[0m
[0mGET /api/website/image/banner?type=2 [32m200[0m 22.406 ms - 153[0m
[0mGET /api/website/image/banner?type=3 [32m200[0m 20.083 ms - 155[0m
[0mGET /api/website/popular/category-list [32m200[0m 24.350 ms - 49[0m
[0mGET /api/website/flash-sale [32m200[0m 19.461 ms - 49[0m
[0mGET /api/website/category/list [32m200[0m 26.834 ms - 1260[0m
[0mGET /api/website/product/new-arrival [32m200[0m 14.474 ms - 384[0m
[0mGET /api/website/catalog/product/search?filter_category=mobile-phone [32m200[0m 15.367 ms - 62[0m
[0mGET /api/website/image/banner?type=2 [36m304[0m 14.990 ms - -[0m
[0mGET /api/website/image/banner?type=2 [36m304[0m 7.343 ms - -[0m
[0mGET /api/website/image/banner?type=0 [32m200[0m 21.873 ms - 182[0m
[0mGET /api/website/category/list [32m200[0m 25.368 ms - 1260[0m
[0mGET /api/website/image/banner?type=2 [32m200[0m 22.953 ms - 153[0m
[0mGET /api/website/image/banner?type=3 [32m200[0m 24.149 ms - 155[0m
[0mGET /api/website/popular/category-list [32m200[0m 23.136 ms - 49[0m
[0mGET /api/website/category/list [32m200[0m 27.104 ms - 1260[0m
[0mGET /api/website/product/new-arrival [32m200[0m 12.222 ms - 384[0m
[0mGET /api/website/flash-sale [32m200[0m 7.599 ms - 49[0m
[0mGET /api/website/catalog/product/search?filter_category=mobile-phone [32m200[0m 50.809 ms - 62[0m
[0mGET /api/website/image/banner?type=0 [36m304[0m 21.529 ms - -[0m
[0mGET /api/website/image/banner?type=2 [36m304[0m 23.350 ms - -[0m
[0mGET /api/website/category/list [36m304[0m 25.076 ms - -[0m
[0mGET /api/website/image/banner?type=3 [36m304[0m 23.164 ms - -[0m
[0mGET /api/website/popular/category-list [36m304[0m 27.307 ms - -[0m
[0mGET /api/website/flash-sale [36m304[0m 27.167 ms - -[0m
[0mGET /api/website/category/list [36m304[0m 9.501 ms - -[0m
[0mGET /api/website/product/new-arrival [36m304[0m 12.963 ms - -[0m
[0mGET /api/website/catalog/product/search?filter_category=mobile-phone [36m304[0m 19.600 ms - -[0m
[0mGET /api/website/image/banner?type=0 [32m200[0m 16.996 ms - 182[0m
[0mGET /api/website/category/list [32m200[0m 17.104 ms - 1260[0m
[0mGET /api/website/image/banner?type=2 [32m200[0m 16.885 ms - 153[0m
[0mGET /api/website/image/banner?type=3 [32m200[0m 17.352 ms - 155[0m
[0mGET /api/website/flash-sale [32m200[0m 8.420 ms - 49[0m
[0mGET /api/website/category/list [32m200[0m 17.001 ms - 1260[0m
[0mGET /api/website/popular/category-list [32m200[0m 16.941 ms - 49[0m
[0mGET /api/website/product/new-arrival [32m200[0m 7.233 ms - 384[0m
[0mGET /api/website/catalog/product/search?filter_category=mobile-phone [32m200[0m 7.912 ms - 62[0m
[0mGET /api/website/image/banner?type=0 [36m304[0m 9.352 ms - -[0m
[0mGET /api/website/image/banner?type=2 [36m304[0m 8.153 ms - -[0m
[0mGET /api/website/image/banner?type=3 [36m304[0m 8.041 ms - -[0m
[0mGET /api/website/category/list [36m304[0m 10.446 ms - -[0m
[0mGET /api/website/flash-sale [36m304[0m 16.394 ms - -[0m
[0mGET /api/website/popular/category-list [36m304[0m 18.302 ms - -[0m
[0mGET /api/website/product/new-arrival [36m304[0m 14.327 ms - -[0m
[0mGET /api/website/category/list [36m304[0m 6.683 ms - -[0m
[0mGET /api/website/catalog/product/search?filter_category=mobile-phone [36m304[0m 12.479 ms - -[0m
[0mGET /api/website/image/banner?type=2 [36m304[0m 3.720 ms - -[0m
[0mGET /api/website/image/banner?type=2 [36m304[0m 2.103 ms - -[0m
[0mGET /api/website/image/banner?type=2 [36m304[0m 12.279 ms - -[0m
[0mGET /api/website/image/banner?type=2 [36m304[0m 1.693 ms - -[0m
[0mGET /api/website/image/banner?type=0 [32m200[0m 14.509 ms - 182[0m
[0mGET /api/website/category/list [32m200[0m 22.287 ms - 1260[0m
[0mGET /api/website/image/banner?type=2 [32m200[0m 22.578 ms - 153[0m
[0mGET /api/website/image/banner?type=3 [32m200[0m 31.594 ms - 155[0m
[0mGET /api/website/flash-sale [32m200[0m 19.539 ms - 49[0m
[0mGET /api/website/category/list [32m200[0m 26.355 ms - 1260[0m
[0mGET /api/website/popular/category-list [32m200[0m 26.264 ms - 49[0m
[0mGET /api/website/product/new-arrival [32m200[0m 12.897 ms - 384[0m
[0mGET /api/website/catalog/product/search?filter_category=mobile-phone [32m200[0m 19.232 ms - 62[0m
[0mGET /api/website/image/banner?type=0 [36m304[0m 14.315 ms - -[0m
[0mGET /api/website/category/list [36m304[0m 29.564 ms - -[0m
[0mGET /api/website/image/banner?type=2 [36m304[0m 31.321 ms - -[0m
[0mGET /api/website/image/banner?type=3 [36m304[0m 33.185 ms - -[0m
[0mGET /api/website/popular/category-list [36m304[0m 30.512 ms - -[0m
[0mGET /api/website/flash-sale [36m304[0m 30.205 ms - -[0m
[0mGET /api/website/product/new-arrival [36m304[0m 21.144 ms - -[0m
[0mGET /api/website/image/banner?type=0 [36m304[0m 7.763 ms - -[0m
[0mGET /api/website/category/list [36m304[0m 17.969 ms - -[0m
[0mGET /api/website/image/banner?type=3 [36m304[0m 14.821 ms - -[0m
[0mGET /api/website/image/banner?type=2 [36m304[0m 14.355 ms - -[0m
[0mGET /api/website/popular/category-list [36m304[0m 15.606 ms - -[0m
[0mGET /api/website/flash-sale [36m304[0m 13.066 ms - -[0m
[0mGET /api/website/category/list [36m304[0m 25.757 ms - -[0m
[0mGET /api/website/product/new-arrival [36m304[0m 34.197 ms - -[0m
[0mGET /api/website/category/list [36m304[0m 12.195 ms - -[0m
[0mGET /api/website/catalog/product/search?filter_category=mobile-phone [36m304[0m 76.137 ms - -[0m
[0mGET /api/website/catalog/product/search?filter_category=mobile-phone [36m304[0m 9.614 ms - -[0m
[0mGET /api/website/image/banner?type=2 [36m304[0m 11.384 ms - -[0m
[0mGET /api/website/image/banner?type=2 [36m304[0m 1.836 ms - -[0m
[0mGET /api/website/image/banner?type=2 [36m304[0m 10.638 ms - -[0m
[0mGET /api/website/image/banner?type=2 [36m304[0m 8.147 ms - -[0m
[0mGET /api/website/image/banner?type=4 [32m200[0m 5.482 ms - 153[0m
[0mGET /api/website/image/banner?type=4 [36m304[0m 1.948 ms - -[0m
[0mGET /api/website/brand-list [33m404[0m 19.843 ms - 3317[0m
[0mGET /api/website/brand-list [32m200[0m 74.398 ms - 257[0m
[0mGET /api/website/brand-list [32m200[0m 16.293 ms - 77[0m
[0mGET /api/website/brand-list [36m304[0m 11.263 ms - -[0m
[0mGET /api/website/brand-list [36m304[0m 11.905 ms - -[0m
[0mGET /api/website/brand-list [36m304[0m 10.376 ms - -[0m
[0mGET /api/website/brand-list [36m304[0m 8.221 ms - -[0m
[0mGET /api/website/brand-list [36m304[0m 11.624 ms - -[0m
[0mGET /api/website/brand-list [32m200[0m 18.356 ms - 469[0m
[0mGET /api/website/brand-list [36m304[0m 17.187 ms - -[0m
[0mGET /api/website/brand-list [36m304[0m 9.216 ms - -[0m
[0mGET /api/website/brand-list [32m200[0m 4.717 ms - 469[0m
[0mOPTIONS /api/order/notifications [32m204[0m 3.887 ms - 0[0m
[0mOPTIONS /api/order/list [32m204[0m 0.388 ms - 0[0m
[0mOPTIONS /api/order/count [32m204[0m 0.412 ms - 0[0m
[0mGET /api/order/count [32m200[0m 54.947 ms - 26[0m
[0mPOST /api/order/list [32m200[0m 92.409 ms - 79[0m
[0mGET /api/order/notifications [32m200[0m 78.963 ms - 36[0m
[0mOPTIONS /api/order/notifications [32m204[0m 0.366 ms - 0[0m
[0mOPTIONS /api/product/brand-list [32m204[0m 0.145 ms - 0[0m
[0mGET /api/order/notifications [36m304[0m 5.140 ms - -[0m
[0mPOST /api/product/brand-list [32m200[0m 9.377 ms - 1847[0m
[0mOPTIONS /api/seller/brand/product/price [32m204[0m 1.832 ms - 0[0m
[0mPUT /api/seller/brand/product/price [32m200[0m 17.688 ms - 49[0m
[0mOPTIONS /api/order/notifications [32m204[0m 0.316 ms - 0[0m
[0mOPTIONS /api/product/brand-list [32m204[0m 0.699 ms - 0[0m
[0mPOST /api/product/brand-list [32m200[0m 12.810 ms - 1847[0m
[0mGET /api/order/notifications [36m304[0m 14.546 ms - -[0m
[0mOPTIONS /api/order/notifications [32m204[0m 1.528 ms - 0[0m
[0mOPTIONS /api/product/brand-list [32m204[0m 0.530 ms - 0[0m
[0mPOST /api/product/brand-list [32m200[0m 32.472 ms - 1847[0m
[0mGET /api/order/notifications [36m304[0m 31.766 ms - -[0m
[0mOPTIONS /api/order/notifications [32m204[0m 1.112 ms - 0[0m
[0mOPTIONS /api/product/brand-list [32m204[0m 0.678 ms - 0[0m
[0mPOST /api/product/brand-list [32m200[0m 12.279 ms - 1847[0m
[0mGET /api/order/notifications [36m304[0m 19.754 ms - -[0m
[0mOPTIONS /api/order/notifications [32m204[0m 0.497 ms - 0[0m
[0mOPTIONS /api/product/color/list [32m204[0m 0.186 ms - 0[0m
[0mGET /api/order/notifications [36m304[0m 7.161 ms - -[0m
[0mPOST /api/product/color/list [32m200[0m 28.786 ms - 1228[0m
[0mOPTIONS /api/order/notifications [32m204[0m 1.382 ms - 0[0m
[0mOPTIONS /api/product/color/list [32m204[0m 0.201 ms - 0[0m
[0mGET /api/order/notifications [36m304[0m 26.085 ms - -[0m
[0mPOST /api/product/color/list [32m200[0m 37.062 ms - 1228[0m
[0mOPTIONS /api/order/notifications [32m204[0m 1.574 ms - 0[0m
[0mOPTIONS /api/product/color/list [32m204[0m 0.684 ms - 0[0m
[0mPOST /api/product/color/list [32m200[0m 18.091 ms - 1228[0m
[0mGET /api/order/notifications [36m304[0m 30.031 ms - -[0m
[0mOPTIONS /api/order/notifications [32m204[0m 0.929 ms - 0[0m
[0mOPTIONS /api/product/color/list [32m204[0m 0.404 ms - 0[0m
[0mGET /api/order/notifications [36m304[0m 16.155 ms - -[0m
[0mPOST /api/product/color/list [32m200[0m 29.026 ms - 1228[0m
[0mOPTIONS /api/order/notifications [32m204[0m 0.866 ms - 0[0m
[0mOPTIONS /api/product/color/list [32m204[0m 0.451 ms - 0[0m
[0mGET /api/order/notifications [36m304[0m 18.945 ms - -[0m
[0mPOST /api/product/color/list [32m200[0m 16.710 ms - 1228[0m
[0mOPTIONS /api/order/notifications [32m204[0m 1.147 ms - 0[0m
[0mOPTIONS /api/product/color/list [32m204[0m 0.380 ms - 0[0m
[0mPOST /api/product/color/list [32m200[0m 22.028 ms - 1228[0m
[0mGET /api/order/notifications [36m304[0m 18.715 ms - -[0m
[0mOPTIONS /api/order/notifications [32m204[0m 3.542 ms - 0[0m
[0mOPTIONS /api/order/list [32m204[0m 1.046 ms - 0[0m
[0mOPTIONS /api/order/count [32m204[0m 0.274 ms - 0[0m
[0mGET /api/order/count [36m304[0m 38.645 ms - -[0m
[0mGET /api/order/notifications [36m304[0m 104.480 ms - -[0m
[0mPOST /api/order/list [32m200[0m 89.790 ms - 79[0m
[0mOPTIONS /api/order/notifications [32m204[0m 0.370 ms - 0[0m
[0mOPTIONS /api/product/color/list [32m204[0m 0.238 ms - 0[0m
[0mGET /api/order/notifications [36m304[0m 6.824 ms - -[0m
[0mPOST /api/product/color/list [32m200[0m 9.385 ms - 200[0m
[0mOPTIONS /api/order/notifications [32m204[0m 0.489 ms - 0[0m
[0mGET /api/order/notifications [36m304[0m 8.733 ms - -[0m
[0mOPTIONS /api/order/notifications [32m204[0m 1.563 ms - 0[0m
[0mGET /api/order/notifications [36m304[0m 16.635 ms - -[0m
[0mOPTIONS /api/order/notifications [32m204[0m 2.133 ms - 0[0m
[0mOPTIONS /api/product/color/list [32m204[0m 0.486 ms - 0[0m
[0mPOST /api/product/color/list [32m200[0m 24.300 ms - 200[0m
[0mOPTIONS /api/order/notifications [32m204[0m 1.567 ms - 0[0m
[0mOPTIONS /api/category/admin/main-list [32m204[0m 0.657 ms - 0[0m
[0mGET /api/order/notifications [36m304[0m 24.911 ms - -[0m
[0mGET /api/category/admin/main-list [36m304[0m 24.290 ms - -[0m
[0mOPTIONS /api/order/notifications [32m204[0m 0.289 ms - 0[0m
[0mOPTIONS /api/product/color/list [32m204[0m 0.282 ms - 0[0m
[0mPOST /api/product/color/list [32m200[0m 8.263 ms - 200[0m
[0mOPTIONS /api/order/notifications [32m204[0m 0.275 ms - 0[0m
[0mOPTIONS /api/category/admin/main-list [32m204[0m 0.167 ms - 0[0m
[0mGET /api/category/admin/main-list [36m304[0m 6.139 ms - -[0m
[0mGET /api/order/notifications [36m304[0m 7.916 ms - -[0m
[0mOPTIONS /api/order/notifications [32m204[0m 1.244 ms - 0[0m
[0mOPTIONS /api/category/admin/main-list [32m204[0m 5.200 ms - 0[0m
[0mGET /api/order/notifications [36m304[0m 11.518 ms - -[0m
[0mGET /api/category/admin/main-list [36m304[0m 10.770 ms - -[0m
[0mOPTIONS /api/order/notifications [32m204[0m 1.672 ms - 0[0m
[0mOPTIONS /api/category/admin/main-list [32m204[0m 0.267 ms - 0[0m
[0mGET /api/category/admin/main-list [36m304[0m 13.681 ms - -[0m
[0mGET /api/order/notifications [36m304[0m 22.944 ms - -[0m
[0mOPTIONS /api/order/notifications [32m204[0m 1.290 ms - 0[0m
[0mOPTIONS /api/category/admin/main-list [32m204[0m 0.496 ms - 0[0m
[0mGET /api/order/notifications [36m304[0m 17.378 ms - -[0m
[0mGET /api/category/admin/main-list [36m304[0m 11.672 ms - -[0m
[0mGET /api/category/admin/main-list [36m304[0m 17.354 ms - -[0m
[0mGET /api/order/notifications [36m304[0m 22.553 ms - -[0m
[0mOPTIONS /api/order/notifications [32m204[0m 2.183 ms - 0[0m
[0mOPTIONS /api/category/admin/main-list [32m204[0m 0.321 ms - 0[0m
[0mGET /api/order/notifications [36m304[0m 16.008 ms - -[0m
[0mGET /api/category/admin/main-list [36m304[0m 15.576 ms - -[0m
[0mOPTIONS /api/order/notifications [32m204[0m 1.921 ms - 0[0m
[0mOPTIONS /api/product/color/list [32m204[0m 0.536 ms - 0[0m
[0mGET /api/order/notifications [36m304[0m 31.100 ms - -[0m
[0mPOST /api/product/color/list [32m200[0m 32.151 ms - 200[0m
[0mGET /api/order/notifications [36m304[0m 8.444 ms - -[0m
[0mOPTIONS /api/product/color/create [32m204[0m 1.783 ms - 0[0m
[0mPOST /api/product/color/create [31m500[0m 2370.241 ms - 3342[0m
[0mOPTIONS /api/order/notifications [32m204[0m 1.815 ms - 0[0m
[0mGET /api/order/notifications [36m304[0m 20.085 ms - -[0m
[0mOPTIONS /api/order/notifications [32m204[0m 0.869 ms - 0[0m
[0mGET /api/order/notifications [32m200[0m 9.840 ms - 36[0m
[0mOPTIONS /api/product/color/create [32m204[0m 1.864 ms - 0[0m
[0mPOST /api/product/color/create [32m200[0m 2301.389 ms - 53[0m
[0mOPTIONS /api/order/notifications [32m204[0m 0.801 ms - 0[0m
[0mOPTIONS /api/product/color/list [32m204[0m 0.177 ms - 0[0m
[0mPOST /api/product/color/list [32m200[0m 11.962 ms - 444[0m
[0mOPTIONS /api/order/notifications [32m204[0m 5.701 ms - 0[0m
[0mOPTIONS /api/product/color/list [32m204[0m 0.518 ms - 0[0m
[0mGET /api/order/notifications [32m200[0m 40.953 ms - 36[0m
[0mPOST /api/product/color/list [32m200[0m 37.311 ms - 444[0m
[0mOPTIONS /api/order/notifications [32m204[0m 1.179 ms - 0[0m
[0mOPTIONS /api/product/color/list [32m204[0m 0.263 ms - 0[0m
[0mPOST /api/product/color/list [32m200[0m 29.441 ms - 444[0m
[0mGET /api/order/notifications [36m304[0m 24.122 ms - -[0m
[0mOPTIONS /api/order/notifications [32m204[0m 3.576 ms - 0[0m
[0mOPTIONS /api/product/color/list [32m204[0m 0.411 ms - 0[0m
[0mGET /api/order/notifications [36m304[0m 30.334 ms - -[0m
[0mPOST /api/product/color/list [32m200[0m 32.566 ms - 444[0m
[0mOPTIONS /api/order/notifications [32m204[0m 1.695 ms - 0[0m
[0mOPTIONS /api/product/color/list [32m204[0m 0.550 ms - 0[0m
[0mGET /api/order/notifications [36m304[0m 14.188 ms - -[0m
[0mPOST /api/product/color/list [32m200[0m 19.182 ms - 444[0m
[0mOPTIONS /api/order/notifications [32m204[0m 1.103 ms - 0[0m
[0mOPTIONS /api/product/color/list [32m204[0m 0.717 ms - 0[0m
[0mGET /api/order/notifications [36m304[0m 21.476 ms - -[0m
[0mPOST /api/product/color/list [32m200[0m 17.028 ms - 444[0m
[0mOPTIONS /api/order/notifications [32m204[0m 1.717 ms - 0[0m
[0mOPTIONS /api/product/color/list [32m204[0m 0.620 ms - 0[0m
[0mGET /api/order/notifications [36m304[0m 25.734 ms - -[0m
[0mPOST /api/product/color/list [32m200[0m 24.446 ms - 444[0m
[0mOPTIONS /api/order/notifications [32m204[0m 2.788 ms - 0[0m
[0mOPTIONS /api/product/color/list [32m204[0m 0.323 ms - 0[0m
[0mGET /api/order/notifications [36m304[0m 19.695 ms - -[0m
[0mPOST /api/product/color/list [32m200[0m 22.702 ms - 444[0m
[0mOPTIONS /api/order/notifications [32m204[0m 1.590 ms - 0[0m
[0mOPTIONS /api/product/color/list [32m204[0m 7.901 ms - 0[0m
[0mPOST /api/product/color/list [32m200[0m 20.040 ms - 444[0m
[0mGET /api/order/notifications [36m304[0m 19.468 ms - -[0m
[0mOPTIONS /api/order/notifications [32m204[0m 0.915 ms - 0[0m
[0mOPTIONS /api/product/color/list [32m204[0m 0.553 ms - 0[0m
[0mPOST /api/product/color/list [32m200[0m 17.327 ms - 444[0m
[0mGET /api/order/notifications [36m304[0m 11.675 ms - -[0m
[0mOPTIONS /api/order/notifications [32m204[0m 1.286 ms - 0[0m
[0mOPTIONS /api/product/color/list [32m204[0m 0.405 ms - 0[0m
[0mGET /api/order/notifications [36m304[0m 16.677 ms - -[0m
[0mPOST /api/product/color/list [32m200[0m 12.380 ms - 444[0m
[0mOPTIONS /api/order/notifications [32m204[0m 1.401 ms - 0[0m
[0mOPTIONS /api/product/color/list [32m204[0m 0.427 ms - 0[0m
[0mPOST /api/product/color/list [32m200[0m 16.742 ms - 444[0m
[0mGET /api/order/notifications [36m304[0m 15.954 ms - -[0m
[0mOPTIONS /api/order/notifications [32m204[0m 1.143 ms - 0[0m
[0mOPTIONS /api/product/color/list [32m204[0m 1.982 ms - 0[0m
[0mGET /api/order/notifications [36m304[0m 19.554 ms - -[0m
[0mPOST /api/product/color/list [32m200[0m 22.745 ms - 444[0m
[0mOPTIONS /api/order/notifications [32m204[0m 1.382 ms - 0[0m
[0mOPTIONS /api/product/color/list [32m204[0m 0.250 ms - 0[0m
[0mPOST /api/product/color/list [32m200[0m 20.193 ms - 444[0m
[0mGET /api/order/notifications [36m304[0m 12.809 ms - -[0m
[0mOPTIONS /api/order/notifications [32m204[0m 4.778 ms - 0[0m
[0mOPTIONS /api/product/color/list [32m204[0m 0.476 ms - 0[0m
[0mGET /api/order/notifications [36m304[0m 54.595 ms - -[0m
[0mPOST /api/product/color/list [32m200[0m 52.391 ms - 444[0m
[0mOPTIONS /api/order/notifications [32m204[0m 1.701 ms - 0[0m
[0mOPTIONS /api/product/color/list [32m204[0m 0.601 ms - 0[0m
[0mGET /api/order/notifications [36m304[0m 22.056 ms - -[0m
[0mPOST /api/product/color/list [32m200[0m 19.020 ms - 444[0m
[0mOPTIONS /api/order/notifications [32m204[0m 2.360 ms - 0[0m
[0mOPTIONS /api/product/color/list [32m204[0m 1.176 ms - 0[0m
[0mGET /api/order/notifications [36m304[0m 21.595 ms - -[0m
[0mPOST /api/product/color/list [32m200[0m 19.935 ms - 444[0m
[0mOPTIONS /api/product/color-update [32m204[0m 1.542 ms - 0[0m
[0mPOST /api/product/color-update [31m500[0m 550.616 ms - 3342[0m
[0mOPTIONS /api/product/color-update [32m204[0m 3.504 ms - 0[0m
[0mPOST /api/product/color-update [31m500[0m 475.278 ms - 3342[0m
[0mOPTIONS /api/product/color-update [32m204[0m 5.122 ms - 0[0m
[0mPOST /api/product/color-update [31m500[0m 469.404 ms - 3342[0m
[0mOPTIONS /api/product/color-update [32m204[0m 2.302 ms - 0[0m
[0mPOST /api/product/color-update [32m200[0m 424.849 ms - 69[0m
[0mOPTIONS /api/order/notifications [32m204[0m 0.587 ms - 0[0m
[0mOPTIONS /api/product/color/list [32m204[0m 0.245 ms - 0[0m
[0mGET /api/order/notifications [36m304[0m 14.696 ms - -[0m
[0mPOST /api/product/color/list [32m200[0m 26.579 ms - 408[0m
