[0mOPTIONS /api/auth/rootLogin [32m204[0m 7.038 ms - 0[0m
[0mPOST /api/auth/rootLogin [32m200[0m 281.385 ms - 211[0m
[0mOPTIONS /api/order/notifications [32m204[0m 0.386 ms - 0[0m
[0mOPTIONS /api/order/list [32m204[0m 0.244 ms - 0[0m
[0mOPTIONS /api/order/count [32m204[0m 0.203 ms - 0[0m
[0mGET /api/order/count [36m304[0m 19.538 ms - -[0m
[0mPOST /api/order/list [32m200[0m 50.506 ms - 11445[0m
[0mGET /api/order/notifications [36m304[0m 53.270 ms - -[0m
[0mOPTIONS /api/customer/getUserByEmailId [32m204[0m 1.169 ms - 0[0m
[0mOPTIONS /api/customer/getUserByEmailId [32m204[0m 1.418 ms - 0[0m
[0mGET /api/website/image/banner?type=0 [36m304[0m 66.265 ms - -[0m
[0mGET /api/website/popular/category-list [32m200[0m 98.765 ms - 8175[0m
[0mGET /api/website/category/list [32m200[0m 107.183 ms - 30055[0m
[0mGET /api/website/collection/list [36m304[0m 24.414 ms - -[0m
[0mGET /api/website/product/new-arrival [32m200[0m 105.042 ms - 68196[0m
[0mGET /api/website/product/women-fashion [32m200[0m 186.874 ms - 7718[0m
[0mGET /api/website/product/men-fashion [32m200[0m 157.209 ms - 6402[0m
[0mGET /api/website/product?type=shampoo [32m200[0m 184.060 ms - 6949[0m
[0mGET /api/website/product/home-kitchen [32m200[0m 213.586 ms - 15246[0m
[0mGET /api/website/product?type=makeup [36m304[0m 80.528 ms - -[0m
[0mGET /api/customer/getUserByEmailId [33m403[0m 6.838 ms - 36[0m
[0mGET /api/website/flash-sale [36m304[0m 42.184 ms - -[0m
[0mGET /api/customer/getUserByEmailId [33m403[0m 23.217 ms - 36[0m
[0mGET /api/website/collection/list [36m304[0m 69.153 ms - -[0m
[0mGET /api/website/image/banner?type=0 [36m304[0m 87.942 ms - -[0m
[0mGET /api/website/popular/category-list [36m304[0m 80.145 ms - -[0m
[0mGET /api/website/category/list [36m304[0m 86.852 ms - -[0m
[0mGET /api/website/flash-sale [36m304[0m 45.975 ms - -[0m
[0mGET /api/website/product/new-arrival [36m304[0m 63.675 ms - -[0m
[0mGET /api/website/product?type=makeup [36m304[0m 70.347 ms - -[0m
[0mGET /api/website/product/women-fashion [36m304[0m 146.544 ms - -[0m
[0mGET /api/website/product/home-kitchen [36m304[0m 147.646 ms - -[0m
[0mGET /api/website/product?type=shampoo [36m304[0m 69.295 ms - -[0m
[0mGET /api/website/product/men-fashion [36m304[0m 31.460 ms - -[0m
[0mGET /api/website/image/banner?type=0 [32m200[0m 84.900 ms - 586[0m
[0mGET /api/website/collection/list [32m200[0m 69.159 ms - 4495[0m
[0mGET /api/website/popular/category-list [32m200[0m 76.995 ms - 8175[0m
[0mGET /api/website/category/list [32m200[0m 82.266 ms - 30098[0m
[0mGET /api/website/flash-sale [32m200[0m 36.071 ms - 4537[0m
[0mGET /api/website/product/home-kitchen [32m200[0m 124.716 ms - 15174[0m
[0mGET /api/website/product/women-fashion [32m200[0m 123.230 ms - 7718[0m
[0mGET /api/website/product/men-fashion [32m200[0m 51.589 ms - 6402[0m
[0mGET /api/website/product?type=shampoo [32m200[0m 126.743 ms - 6949[0m
[0mGET /api/website/product/new-arrival [32m200[0m 79.435 ms - 70200[0m
[0mGET /api/website/product?type=makeup [32m200[0m 130.903 ms - 3194[0m
[0mGET /api/website/product/detail?productId=6660&slug=bajaj-bahar-300mm-exhaust-fan-grey [32m200[0m 94.855 ms - 3406[0m
[0mGET /api/website/relatedProduct?productId=6660&slug=bajaj-bahar-300mm-exhaust-fan-grey [32m200[0m 93.553 ms - 926[0m
[0mGET /api/website/category/list [36m304[0m 67.722 ms - -[0m
[0mGET /api/website/product/detail?productId=6660&slug=bajaj-bahar-300mm-exhaust-fan-grey [36m304[0m 137.688 ms - -[0m
[0mGET /api/website/relatedProduct?productId=6660&slug=bajaj-bahar-300mm-exhaust-fan-grey [36m304[0m 151.660 ms - -[0m
[0mGET /api/website/category/list [36m304[0m 54.784 ms - -[0m
[0mGET /api/website/catalog/category/search?queryString=Bajaj [32m200[0m 84.378 ms - 521[0m
[0mGET /api/website/catalog/product/search?filter_category=Bajaj [32m200[0m 128.443 ms - 62[0m
[0mGET /api/website/category/list [32m200[0m 74.563 ms - 30098[0m
[0mGET /api/website/catalog/category/search?queryString=Bajaj [32m200[0m 94.067 ms - 521[0m
[0mGET /api/website/catalog/product/search?filter_category=Bajaj [32m200[0m 132.993 ms - 62[0m
[0mGET /api/website/category/list [32m200[0m 63.997 ms - 30098[0m
[0mGET /api/website/catalog/category/search?queryString=Bajaj [32m200[0m 92.867 ms - 521[0m
[0mGET /api/website/catalog/product/search?filter_category=Bajaj [32m200[0m 152.230 ms - 62[0m
[0mGET /api/website/category/list [32m200[0m 61.225 ms - 30098[0m
[0mGET /api/website/category/list [32m200[0m 77.118 ms - 30098[0m
[0mGET /api/website/catalog/category/search?queryString=Bajaj [32m200[0m 94.476 ms - 521[0m
[0mGET /api/website/catalog/product/search?filter_category=Bajaj [32m200[0m 125.454 ms - 62[0m
[0mGET /api/website/product/detail?productId=5276&slug=orient-ventilator-dx-round [32m200[0m 132.815 ms - 2237[0m
[0mGET /api/website/relatedProduct?productId=5276&slug=orient-ventilator-dx-round [32m200[0m 108.043 ms - 926[0m
[0mGET /api/website/product/detail?productId=6660&slug=bajaj-bahar-300mm-exhaust-fan-grey [36m304[0m 77.150 ms - -[0m
[0mGET /api/website/relatedProduct?productId=6660&slug=bajaj-bahar-300mm-exhaust-fan-grey [36m304[0m 73.300 ms - -[0m
[0mGET /api/website/category/list [36m304[0m 69.205 ms - -[0m
[0mGET /api/website/catalog/category/search?queryString=Bajaj [36m304[0m 79.997 ms - -[0m
[0mGET /api/website/catalog/product/search?filter_category=Bajaj [36m304[0m 113.489 ms - -[0m
[0mGET /api/website/category/list [32m200[0m 122.190 ms - 30098[0m
[0mGET /api/website/catalog/category/search?queryString=Bajaj [32m200[0m 147.827 ms - 521[0m
[0mGET /api/website/catalog/product/search?filter_category=Bajaj [32m200[0m 179.501 ms - 62[0m
[0mGET /api/website/category/list [32m200[0m 88.879 ms - 30098[0m
[0mGET /api/website/catalog/category/search?queryString=Bajaj [32m200[0m 102.349 ms - 521[0m
[0mGET /api/website/catalog/product/search?filter_category=Bajaj [32m200[0m 136.064 ms - 62[0m
[0mGET /api/website/category/list [32m200[0m 67.522 ms - 30098[0m
[0mGET /api/website/catalog/category/search?queryString=Bajaj [32m200[0m 97.547 ms - 521[0m
[0mGET /api/website/catalog/product/search?filter_category=Bajaj [32m200[0m 144.096 ms - 62[0m
[0mGET /api/website/category/list [32m200[0m 50.915 ms - 30098[0m
[0mGET /api/website/catalog/category/search?queryString=Bajaj [32m200[0m 69.139 ms - 521[0m
[0mGET /api/website/catalog/product/search?filter_category=Bajaj [32m200[0m 107.060 ms - 62[0m
[0mGET /api/website/category/list [32m200[0m 105.544 ms - 30098[0m
[0mGET /api/website/catalog/category/search?queryString=Bajaj [32m200[0m 153.995 ms - 521[0m
[0mGET /api/website/catalog/product/search?filter_category=Bajaj [32m200[0m 213.319 ms - 62[0m
[0mGET /api/website/category/list [32m200[0m 49.562 ms - 30098[0m
[0mGET /api/website/catalog/category/search?queryString=Bajaj [32m200[0m 75.138 ms - 521[0m
[0mGET /api/website/catalog/product/search?filter_category=Bajaj [32m200[0m 130.178 ms - 62[0m
[0mGET /api/website/image/banner?type=0 [32m200[0m 29.455 ms - 586[0m
[0mGET /api/website/category/list [32m200[0m 52.076 ms - 30098[0m
[0mGET /api/website/collection/list [32m200[0m 62.313 ms - 4495[0m
[0mGET /api/website/popular/category-list [32m200[0m 65.495 ms - 8175[0m
[0mGET /api/website/flash-sale [32m200[0m 15.796 ms - 4537[0m
[0mGET /api/website/product/women-fashion [32m200[0m 99.434 ms - 7718[0m
[0mGET /api/website/product/home-kitchen [32m200[0m 101.920 ms - 15174[0m
[0mGET /api/website/product?type=makeup [32m200[0m 95.308 ms - 3194[0m
[0mGET /api/website/product/new-arrival [32m200[0m 52.893 ms - 70200[0m
[0mGET /api/website/product/men-fashion [32m200[0m 83.821 ms - 6402[0m
[0mGET /api/website/product?type=shampoo [32m200[0m 96.010 ms - 6949[0m
[0mGET /api/website/autosuggest/search?limit=5&query=ba [32m200[0m 58.496 ms - 18339[0m
[0mGET /api/website/autosuggest/search?limit=5&query=baj [32m200[0m 35.875 ms - 4375[0m
[0mGET /api/website/autosuggest/search?limit=5&query=baja [32m200[0m 24.977 ms - 4171[0m
[0mGET /api/website/autosuggest/search?limit=5&query=bajaj [32m200[0m 24.255 ms - 4171[0m
[0mGET /api/website/catalog/category/search?queryString=Bajaj [32m200[0m 27.845 ms - 521[0m
[0mGET /api/website/catalog/product/search?filter_category=Bajaj%20 [32m200[0m 95.147 ms - 62[0m
[0mGET /api/website/image/banner?type=0 [36m304[0m 17.377 ms - -[0m
[0mGET /api/website/popular/category-list [36m304[0m 21.670 ms - -[0m
[0mGET /api/website/collection/list [36m304[0m 22.707 ms - -[0m
[0mGET /api/website/flash-sale [36m304[0m 7.647 ms - -[0m
[0mGET /api/website/product/home-kitchen [36m304[0m 67.509 ms - -[0m
[0mGET /api/website/product/women-fashion [36m304[0m 67.105 ms - -[0m
[0mGET /api/website/product/new-arrival [36m304[0m 39.185 ms - -[0m
[0mGET /api/website/product?type=makeup [36m304[0m 69.968 ms - -[0m
[0mGET /api/website/product/men-fashion [36m304[0m 46.177 ms - -[0m
[0mGET /api/website/product?type=shampoo [36m304[0m 50.297 ms - -[0m
[0mGET /api/website/image/banner?type=0 [36m304[0m 49.430 ms - -[0m
[0mGET /api/website/popular/category-list [36m304[0m 57.615 ms - -[0m
[0mGET /api/website/collection/list [36m304[0m 52.110 ms - -[0m
[0mGET /api/website/flash-sale [36m304[0m 22.037 ms - -[0m
[0mGET /api/website/product/new-arrival [36m304[0m 91.676 ms - -[0m
[0mGET /api/website/product/women-fashion [36m304[0m 142.877 ms - -[0m
[0mGET /api/website/product/home-kitchen [36m304[0m 136.922 ms - -[0m
[0mGET /api/website/product?type=makeup [36m304[0m 140.822 ms - -[0m
[0mGET /api/website/product?type=shampoo [36m304[0m 112.959 ms - -[0m
[0mGET /api/website/product/men-fashion [36m304[0m 75.206 ms - -[0m
[0mGET /api/mobile/category/list [32m200[0m 169.412 ms - 1397[0m
[0mGET /api/mobile/category/list [32m200[0m 87.664 ms - 1397[0m
[0mGET /api/mobile/category/list [32m200[0m 88.547 ms - 1397[0m
[0mGET /api/website/image/banner?type=1 [32m200[0m 122.456 ms - 499[0m
[0mGET /api/website/image/banner?type=1 [36m304[0m 15.829 ms - -[0m
[0mGET /api/mobile/category/list [36m304[0m 14.513 ms - -[0m
[0mGET /api/mobile/category/list [36m304[0m 18.569 ms - -[0m
[0mGET /api/website/image/banner?type=1 [36m304[0m 13.303 ms - -[0m
[0mGET /api/mobile/category/list [36m304[0m 17.764 ms - -[0m
[0mGET /api/mobile/category/list [36m304[0m 20.418 ms - -[0m
[0mGET /api/mobile/category/list [36m304[0m 8.049 ms - -[0m
[0mGET /api/website/image/banner?type=1 [36m304[0m 8.983 ms - -[0m
[0mGET /api/mobile/category/list [36m304[0m 20.246 ms - -[0m
[0mGET /api/website/image/banner?type=1 [36m304[0m 16.391 ms - -[0m
[0mGET /api/mobile/category/list [36m304[0m 20.175 ms - -[0m
[0mGET /api/website/image/banner?type=1 [36m304[0m 32.970 ms - -[0m
[0mGET /api/mobile/category/list [36m304[0m 32.130 ms - -[0m
[0mGET /api/website/image/banner?type=1 [36m304[0m 103.700 ms - -[0m
[0mGET /api/mobile/category/list [36m304[0m 93.513 ms - -[0m
[0mGET /api/mobile/category/list [36m304[0m 112.660 ms - -[0m
[0mGET /api/website/collection/list [32m200[0m 120.384 ms - 4495[0m
[0mGET /api/website/collection/list [36m304[0m 20.357 ms - -[0m
[0mGET /api/website/collection/list [36m304[0m 16.962 ms - -[0m
[0mGET /api/website/collection/list [36m304[0m 21.829 ms - -[0m
[0mGET /api/website/collection/list [36m304[0m 25.567 ms - -[0m
[0mGET /api/website/image/banner?type=1 [36m304[0m 39.373 ms - -[0m
[0mGET /api/mobile/category/list [36m304[0m 46.642 ms - -[0m
[0mGET /api/website/collection/list [36m304[0m 50.906 ms - -[0m
[0mGET /api/website/collection/list [36m304[0m 88.324 ms - -[0m
[0mGET /api/website/image/banner?type=1 [36m304[0m 89.109 ms - -[0m
[0mGET /api/website/collection/list [36m304[0m 80.126 ms - -[0m
[0mGET /api/mobile/category/list [36m304[0m 87.336 ms - -[0m
[0mGET /api/website/collection/list [36m304[0m 25.232 ms - -[0m
[0mGET /api/website/collection/list [36m304[0m 78.026 ms - -[0m
[0mGET /api/website/image/banner?type=1 [36m304[0m 27.018 ms - -[0m
[0mGET /api/mobile/category/list [36m304[0m 36.021 ms - -[0m
[0mGET /api/website/collection/list [36m304[0m 40.565 ms - -[0m
[0mGET /api/website/collection/list [36m304[0m 21.391 ms - -[0m
[0mGET /api/website/image/banner?type=1 [36m304[0m 24.784 ms - -[0m
[0mGET /api/mobile/category/list [36m304[0m 22.373 ms - -[0m
[0mGET /api/website/collection/list [36m304[0m 27.287 ms - -[0m
[0mGET /api/website/collection/list [36m304[0m 9.951 ms - -[0m
[0mGET /api/website/image/banner?type=1 [36m304[0m 16.955 ms - -[0m
[0mGET /api/mobile/category/list [36m304[0m 22.191 ms - -[0m
[0mGET /api/website/collection/list [36m304[0m 23.903 ms - -[0m
[0mGET /api/website/collection/list [36m304[0m 11.650 ms - -[0m
[0mGET /api/website/image/banner?type=1 [36m304[0m 16.138 ms - -[0m
[0mGET /api/mobile/category/list [36m304[0m 18.301 ms - -[0m
[0mGET /api/website/collection/list [36m304[0m 15.246 ms - -[0m
[0mGET /api/website/collection/list [36m304[0m 82.353 ms - -[0m
[0mGET /api/website/image/banner?type=1 [36m304[0m 7.145 ms - -[0m
[0mGET /api/mobile/category/list [36m304[0m 15.855 ms - -[0m
[0mGET /api/website/collection/list [36m304[0m 14.828 ms - -[0m
[0mGET /api/website/collection/list [36m304[0m 19.377 ms - -[0m
[0mGET /api/website/collection/list [36m304[0m 8.392 ms - -[0m
[0mGET /api/website/collection/list [36m304[0m 16.359 ms - -[0m
[0mGET /api/website/image/banner?type=1 [36m304[0m 17.618 ms - -[0m
[0mGET /api/mobile/category/list [36m304[0m 20.466 ms - -[0m
[0mGET /api/website/collection/list [36m304[0m 21.623 ms - -[0m
[0mGET /api/website/collection/list [36m304[0m 18.238 ms - -[0m
[0mGET /api/website/image/banner?type=1 [36m304[0m 21.245 ms - -[0m
[0mGET /api/mobile/category/list [36m304[0m 23.050 ms - -[0m
[0mGET /api/website/collection/list [36m304[0m 30.744 ms - -[0m
[0mGET /api/website/image/banner?type=1 [36m304[0m 32.651 ms - -[0m
[0mGET /api/mobile/category/list [36m304[0m 46.846 ms - -[0m
[0mGET /api/website/collection/list [36m304[0m 54.498 ms - -[0m
[0mGET /api/website/image/banner?type=1 [36m304[0m 18.284 ms - -[0m
[0mGET /api/mobile/category/list [36m304[0m 19.221 ms - -[0m
[0mGET /api/website/collection/list [36m304[0m 22.035 ms - -[0m
[0mGET /api/website/image/banner?type=1 [36m304[0m 29.566 ms - -[0m
[0mGET /api/mobile/category/list [36m304[0m 30.298 ms - -[0m
[0mGET /api/website/collection/list [36m304[0m 34.817 ms - -[0m
[0mGET /api/website/collection/list [36m304[0m 31.722 ms - -[0m
[0mGET /api/website/collection/list [36m304[0m 4.219 ms - -[0m
[0mGET /api/website/image/banner?type=1 [36m304[0m 20.678 ms - -[0m
[0mGET /api/mobile/category/list [36m304[0m 22.773 ms - -[0m
[0mGET /api/website/collection/list [36m304[0m 42.107 ms - -[0m
[0mGET /api/website/image/banner?type=1 [36m304[0m 22.800 ms - -[0m
[0mGET /api/mobile/category/list [36m304[0m 29.459 ms - -[0m
[0mGET /api/website/collection/list [36m304[0m 30.901 ms - -[0m
[0mGET /api/website/collection/list [36m304[0m 14.970 ms - -[0m
[0mGET /api/website/image/banner?type=1 [36m304[0m 5.656 ms - -[0m
[0mGET /api/mobile/category/list [36m304[0m 8.083 ms - -[0m
[0mGET /api/website/collection/list [36m304[0m 13.461 ms - -[0m
[0mGET /api/website/collection/list [36m304[0m 14.036 ms - -[0m
[0mGET /api/website/image/banner?type=1 [36m304[0m 116.707 ms - -[0m
[0mGET /api/mobile/category/list [36m304[0m 133.214 ms - -[0m
[0mGET /api/website/collection/list [36m304[0m 120.047 ms - -[0m
