[0mOPTIONS /api/customer/getUserByEmailId [32m204[0m 7.417 ms - 0[0m
[0mOPTIONS /api/customer/getUserByEmailId [32m204[0m 0.508 ms - 0[0m
[0mGET /api/website/product/women-fashion [0m-[0m - ms - -[0m
[0mGET /api/website/image/banner?type=0 [0m-[0m - ms - -[0m
[0mGET /api/website/product?type=shampoo [0m-[0m - ms - -[0m
[0mGET /api/website/popular/category-list [0m-[0m - ms - -[0m
[0mGET /api/website/category/list [0m-[0m - ms - -[0m
[0mGET /api/website/product/home-kitchen [0m-[0m - ms - -[0m
[0mGET /api/website/collection/list [0m-[0m - ms - -[0m
[0mGET /api/website/product/men-fashion [0m-[0m - ms - -[0m
[0mGET /api/customer/getUserByEmailId [0m-[0m - ms - -[0m
[0mGET /api/website/product?type=makeup [0m-[0m - ms - -[0m
[0mOPTIONS /api/order/notifications [32m204[0m 7.749 ms - 0[0m
[0mOPTIONS /api/order/list [32m204[0m 10.842 ms - 0[0m
[0mOPTIONS /api/order/count [32m204[0m 0.300 ms - 0[0m
[0mGET /api/order/count [32m200[0m 24.477 ms - 196[0m
[0mPOST /api/order/list [32m200[0m 68.459 ms - 11444[0m
[0mGET /api/order/notifications [32m200[0m 81.811 ms - 36[0m
[0mOPTIONS /api/order/notifications [32m204[0m 0.243 ms - 0[0m
[0mOPTIONS /api/collection/flash-sale-list [32m204[0m 0.179 ms - 0[0m
[0mGET /api/collection/flash-sale-list [32m200[0m 10.364 ms - 1294[0m
[0mGET /api/order/notifications [36m304[0m 16.316 ms - -[0m
[0mOPTIONS /api/product/getAllList [32m204[0m 0.278 ms - 0[0m
[0mOPTIONS /api/product/getAllList [32m204[0m 0.249 ms - 0[0m
[0mGET /api/product/getAllList [32m200[0m 221.801 ms - 360232[0m
[0mGET /api/product/getAllList [36m304[0m 166.202 ms - -[0m
[0mOPTIONS /api/collection/flash-sale-status-update [32m204[0m 0.602 ms - 0[0m
[0mPUT /api/collection/flash-sale-status-update [32m200[0m 29.470 ms - 69[0m
[0mOPTIONS /api/customer/getUserByEmailId [32m204[0m 0.865 ms - 0[0m
[0mOPTIONS /api/customer/getUserByEmailId [32m204[0m 1.069 ms - 0[0m
[0mGET /api/website/image/banner?type=0 [32m200[0m 32.621 ms - 523[0m
[0mGET /api/website/category/list [32m200[0m 57.102 ms - 30069[0m
[0mGET /api/website/popular/category-list [32m200[0m 58.159 ms - 8161[0m
[0mGET /api/website/collection/list [32m200[0m 58.711 ms - 4602[0m
[0mGET /api/website/flash-sale [32m200[0m 11.433 ms - 2281[0m
[0mGET /api/website/product/home-kitchen [32m200[0m 82.687 ms - 15246[0m
[0mGET /api/website/product/women-fashion [32m200[0m 79.477 ms - 7718[0m
[0mGET /api/website/product?type=makeup [32m200[0m 73.760 ms - 3194[0m
[0mGET /api/website/product/new-arrival [32m200[0m 54.854 ms - 68077[0m
[0mGET /api/website/product?type=shampoo [32m200[0m 71.662 ms - 6949[0m
[0mGET /api/website/product/men-fashion [32m200[0m 63.999 ms - 6402[0m
[0mGET /api/customer/getUserByEmailId [33m403[0m 35.540 ms - 36[0m
[0mGET /api/customer/getUserByEmailId [33m403[0m 2.511 ms - 36[0m
[0mGET /api/website/image/banner?type=0 [32m200[0m 6.442 ms - 523[0m
[0mGET /api/website/popular/category-list [32m200[0m 22.906 ms - 8161[0m
[0mGET /api/website/collection/list [32m200[0m 21.956 ms - 4602[0m
[0mGET /api/website/category/list [32m200[0m 27.110 ms - 30069[0m
[0mGET /api/website/flash-sale [32m200[0m 13.101 ms - 2281[0m
[0mGET /api/website/product/women-fashion [32m200[0m 58.671 ms - 7718[0m
[0mGET /api/website/product/home-kitchen [32m200[0m 59.089 ms - 15246[0m
[0mGET /api/website/product/men-fashion [32m200[0m 31.630 ms - 6402[0m
[0mGET /api/website/product?type=makeup [32m200[0m 59.269 ms - 3194[0m
[0mGET /api/website/product/new-arrival [32m200[0m 30.169 ms - 68077[0m
[0mGET /api/website/product?type=shampoo [32m200[0m 59.064 ms - 6949[0m
[0mGET /api/website/image/banner?type=0 [32m200[0m 50.433 ms - 523[0m
[0mGET /api/website/collection/list [32m200[0m 84.451 ms - 4602[0m
[0mGET /api/website/popular/category-list [32m200[0m 89.893 ms - 8161[0m
[0mGET /api/website/category/list [32m200[0m 95.603 ms - 30069[0m
[0mGET /api/website/flash-sale [32m200[0m 21.823 ms - 2281[0m
[0mGET /api/website/product/home-kitchen [32m200[0m 164.646 ms - 15246[0m
[0mGET /api/website/product/men-fashion [32m200[0m 121.705 ms - 6402[0m
[0mGET /api/website/product?type=shampoo [32m200[0m 72.021 ms - 6949[0m
[0mGET /api/website/product?type=makeup [32m200[0m 163.197 ms - 3194[0m
[0mGET /api/website/product/women-fashion [32m200[0m 75.018 ms - 7718[0m
[0mGET /api/website/product/new-arrival [32m200[0m 67.983 ms - 68077[0m
[0mOPTIONS /api/auth/rootLogin [32m204[0m 2.021 ms - 0[0m
[0mPOST /api/auth/rootLogin [32m200[0m 285.015 ms - 211[0m
[0mOPTIONS /api/order/notifications [32m204[0m 0.273 ms - 0[0m
[0mOPTIONS /api/order/list [32m204[0m 0.178 ms - 0[0m
[0mOPTIONS /api/order/count [32m204[0m 0.125 ms - 0[0m
[0mGET /api/order/count [36m304[0m 12.785 ms - -[0m
[0mPOST /api/order/list [32m200[0m 43.605 ms - 11444[0m
[0mGET /api/order/notifications [36m304[0m 45.194 ms - -[0m
[0mOPTIONS /api/order/notifications [32m204[0m 0.286 ms - 0[0m
[0mOPTIONS /api/collection/flash-sale-list [32m204[0m 0.173 ms - 0[0m
[0mGET /api/collection/flash-sale-list [32m200[0m 15.479 ms - 1294[0m
[0mGET /api/order/notifications [36m304[0m 37.421 ms - -[0m
[0mOPTIONS /api/product/getAllList [32m204[0m 0.283 ms - 0[0m
[0mOPTIONS /api/product/getAllList [32m204[0m 0.132 ms - 0[0m
[0mGET /api/product/getAllList [32m200[0m 309.517 ms - 360232[0m
[0mGET /api/product/getAllList [36m304[0m 153.552 ms - -[0m
[0mOPTIONS /api/collection/flash-sale-update [32m204[0m 0.796 ms - 0[0m
[0mPUT /api/collection/flash-sale-update [32m200[0m 46.409 ms - 69[0m
[0mOPTIONS /api/order/notifications [32m204[0m 0.332 ms - 0[0m
[0mOPTIONS /api/collection/flash-sale-list [32m204[0m 0.144 ms - 0[0m
[0mGET /api/collection/flash-sale-list [32m200[0m 26.472 ms - 1532[0m
[0mGET /api/order/notifications [36m304[0m 27.423 ms - -[0m
[0mOPTIONS /api/product/getAllList [32m204[0m 0.231 ms - 0[0m
[0mOPTIONS /api/product/getAllList [32m204[0m 0.120 ms - 0[0m
[0mGET /api/product/getAllList [36m304[0m 170.177 ms - -[0m
[0mGET /api/product/getAllList [36m304[0m 108.856 ms - -[0m
[0mGET /api/website/image/banner?type=0 [32m200[0m 12.210 ms - 523[0m
[0mGET /api/website/collection/list [32m200[0m 36.492 ms - 4602[0m
[0mGET /api/website/popular/category-list [32m200[0m 39.149 ms - 8161[0m
[0mGET /api/website/category/list [32m200[0m 44.708 ms - 30069[0m
[0mGET /api/website/flash-sale [32m200[0m 10.469 ms - 2803[0m
[0mGET /api/website/product/women-fashion [32m200[0m 92.058 ms - 7718[0m
[0mGET /api/website/product?type=makeup [32m200[0m 87.417 ms - 3194[0m
[0mGET /api/website/product/home-kitchen [32m200[0m 93.487 ms - 15246[0m
[0mGET /api/website/product/men-fashion [32m200[0m 74.118 ms - 6402[0m
[0mGET /api/website/product?type=shampoo [32m200[0m 76.677 ms - 6949[0m
[0mGET /api/website/product/new-arrival [32m200[0m 63.514 ms - 68077[0m
[0mGET /api/website/image/banner?type=0 [32m200[0m 11.794 ms - 523[0m
[0mGET /api/website/collection/list [32m200[0m 37.249 ms - 4602[0m
[0mGET /api/website/popular/category-list [32m200[0m 39.251 ms - 8161[0m
[0mGET /api/website/category/list [32m200[0m 44.085 ms - 30069[0m
[0mGET /api/website/flash-sale [32m200[0m 20.451 ms - 2803[0m
[0mGET /api/website/product/women-fashion [32m200[0m 63.286 ms - 7718[0m
[0mGET /api/website/product/home-kitchen [32m200[0m 66.816 ms - 15246[0m
[0mGET /api/website/product?type=makeup [32m200[0m 66.124 ms - 3194[0m
[0mGET /api/website/product/new-arrival [32m200[0m 34.677 ms - 68077[0m
[0mGET /api/website/product/men-fashion [32m200[0m 57.686 ms - 6402[0m
[0mGET /api/website/product?type=shampoo [32m200[0m 62.571 ms - 6949[0m
[0mGET /api/website/image/banner?type=0 [32m200[0m 9.113 ms - 523[0m
[0mGET /api/website/collection/list [32m200[0m 29.409 ms - 4602[0m
[0mGET /api/website/category/list [32m200[0m 33.582 ms - 30069[0m
[0mGET /api/website/popular/category-list [32m200[0m 35.212 ms - 8161[0m
[0mGET /api/website/flash-sale [32m200[0m 8.326 ms - 2803[0m
[0mGET /api/website/product/home-kitchen [32m200[0m 81.221 ms - 15246[0m
[0mGET /api/website/product?type=makeup [32m200[0m 80.381 ms - 3194[0m
[0mGET /api/website/product/women-fashion [32m200[0m 84.989 ms - 7718[0m
[0mGET /api/website/product/men-fashion [32m200[0m 47.313 ms - 6402[0m
[0mGET /api/website/product/new-arrival [32m200[0m 40.679 ms - 68077[0m
[0mGET /api/website/product?type=shampoo [32m200[0m 50.194 ms - 6949[0m
[0mOPTIONS /api/collection/flash-sale-update [32m204[0m 1.017 ms - 0[0m
[0mPUT /api/collection/flash-sale-update [31m500[0m 58.072 ms - 35[0m
[0mOPTIONS /api/collection/flash-sale-update [32m204[0m 0.633 ms - 0[0m
[0mPUT /api/collection/flash-sale-update [32m200[0m 17.168 ms - 69[0m
[0mOPTIONS /api/order/notifications [32m204[0m 2.866 ms - 0[0m
[0mOPTIONS /api/collection/flash-sale-list [32m204[0m 0.190 ms - 0[0m
[0mGET /api/collection/flash-sale-list [32m200[0m 5.684 ms - 1532[0m
[0mGET /api/order/notifications [36m304[0m 22.854 ms - -[0m
[0mOPTIONS /api/product/getAllList [32m204[0m 0.253 ms - 0[0m
[0mOPTIONS /api/product/getAllList [32m204[0m 0.126 ms - 0[0m
[0mGET /api/product/getAllList [36m304[0m 170.852 ms - -[0m
[0mGET /api/product/getAllList [36m304[0m 105.150 ms - -[0m
[0mGET /api/website/image/banner?type=0 [32m200[0m 1.671 ms - 523[0m
[0mGET /api/website/collection/list [32m200[0m 10.455 ms - 4602[0m
[0mGET /api/website/popular/category-list [32m200[0m 25.370 ms - 8161[0m
[0mGET /api/website/category/list [32m200[0m 28.657 ms - 30069[0m
[0mGET /api/website/flash-sale [32m200[0m 10.685 ms - 2803[0m
[0mGET /api/website/product/women-fashion [32m200[0m 52.350 ms - 7718[0m
[0mGET /api/website/product/home-kitchen [32m200[0m 52.777 ms - 15246[0m
[0mGET /api/website/product?type=makeup [32m200[0m 80.457 ms - 3194[0m
[0mGET /api/website/product/men-fashion [32m200[0m 56.297 ms - 6402[0m
[0mGET /api/website/product/new-arrival [32m200[0m 36.885 ms - 68077[0m
[0mGET /api/website/product?type=shampoo [32m200[0m 63.944 ms - 6949[0m
[0mOPTIONS /api/collection/flash-sale-update [32m204[0m 1.173 ms - 0[0m
[0mPUT /api/collection/flash-sale-update [32m200[0m 27.585 ms - 69[0m
[0mOPTIONS /api/order/notifications [32m204[0m 0.230 ms - 0[0m
[0mOPTIONS /api/collection/flash-sale-list [32m204[0m 0.163 ms - 0[0m
[0mGET /api/collection/flash-sale-list [32m200[0m 5.907 ms - 1701[0m
[0mGET /api/order/notifications [36m304[0m 17.241 ms - -[0m
[0mOPTIONS /api/product/getAllList [32m204[0m 0.317 ms - 0[0m
[0mOPTIONS /api/product/getAllList [32m204[0m 0.129 ms - 0[0m
[0mGET /api/product/getAllList [36m304[0m 177.989 ms - -[0m
[0mGET /api/product/getAllList [36m304[0m 109.328 ms - -[0m
[0mGET /api/website/image/banner?type=0 [32m200[0m 5.012 ms - 523[0m
[0mGET /api/website/popular/category-list [32m200[0m 22.409 ms - 8161[0m
[0mGET /api/website/category/list [32m200[0m 28.539 ms - 30069[0m
[0mGET /api/website/collection/list [32m200[0m 27.693 ms - 4602[0m
[0mGET /api/website/flash-sale [32m200[0m 8.175 ms - 3203[0m
[0mGET /api/website/product/home-kitchen [32m200[0m 62.533 ms - 15246[0m
[0mGET /api/website/product/women-fashion [32m200[0m 62.307 ms - 7718[0m
[0mGET /api/website/product/men-fashion [32m200[0m 36.881 ms - 6402[0m
[0mGET /api/website/product?type=makeup [32m200[0m 54.859 ms - 3194[0m
[0mGET /api/website/product?type=shampoo [32m200[0m 59.918 ms - 6949[0m
[0mGET /api/website/product/new-arrival [32m200[0m 50.389 ms - 68077[0m
[0mGET /api/website/image/banner?type=0 [32m200[0m 12.961 ms - 523[0m
[0mGET /api/website/collection/list [32m200[0m 36.189 ms - 4602[0m
[0mGET /api/website/popular/category-list [32m200[0m 39.483 ms - 8161[0m
[0mGET /api/website/category/list [32m200[0m 43.772 ms - 30069[0m
[0mGET /api/website/flash-sale [32m200[0m 25.878 ms - 3203[0m
[0mGET /api/website/product/home-kitchen [32m200[0m 77.451 ms - 15246[0m
[0mGET /api/website/product/women-fashion [32m200[0m 75.761 ms - 7718[0m
[0mGET /api/website/product?type=makeup [32m200[0m 53.629 ms - 3194[0m
[0mGET /api/website/product/men-fashion [32m200[0m 34.826 ms - 6402[0m
[0mGET /api/website/product?type=shampoo [32m200[0m 42.561 ms - 6949[0m
[0mGET /api/website/product/new-arrival [32m200[0m 27.996 ms - 68077[0m
[0mGET /api/website/image/banner?type=0 [32m200[0m 21.702 ms - 523[0m
[0mGET /api/website/category/list [32m200[0m 53.354 ms - 30069[0m
[0mGET /api/website/popular/category-list [32m200[0m 50.803 ms - 8161[0m
[0mGET /api/website/collection/list [32m200[0m 50.368 ms - 4602[0m
[0mGET /api/website/flash-sale [32m200[0m 14.200 ms - 3203[0m
[0mGET /api/website/product/women-fashion [32m200[0m 96.130 ms - 7718[0m
[0mGET /api/website/product/home-kitchen [32m200[0m 97.127 ms - 15246[0m
[0mGET /api/website/product?type=makeup [32m200[0m 80.504 ms - 3194[0m
[0mGET /api/website/product/men-fashion [32m200[0m 45.979 ms - 6402[0m
[0mGET /api/website/product/new-arrival [32m200[0m 55.261 ms - 68077[0m
[0mGET /api/website/product?type=shampoo [32m200[0m 73.044 ms - 6949[0m
[0mGET /api/website/image/banner?type=1 [32m200[0m 20.386 ms - 532[0m
[0mGET /api/website/collection/list [36m304[0m 41.756 ms - -[0m
[0mGET /api/website/popular/category-list [36m304[0m 43.210 ms - -[0m
[0mGET /api/website/category/list [36m304[0m 48.139 ms - -[0m
[0mGET /api/website/flash-sale [36m304[0m 25.930 ms - -[0m
[0mGET /api/website/product/home-kitchen [36m304[0m 96.341 ms - -[0m
[0mGET /api/website/product/women-fashion [36m304[0m 96.128 ms - -[0m
[0mGET /api/website/product?type=makeup [36m304[0m 100.206 ms - -[0m
[0mGET /api/website/product/men-fashion [36m304[0m 58.007 ms - -[0m
[0mGET /api/website/product?type=shampoo [36m304[0m 86.657 ms - -[0m
[0mGET /api/website/product/new-arrival [36m304[0m 95.617 ms - -[0m
[0mGET /api/website/category/list [36m304[0m 69.247 ms - -[0m
[0mOPTIONS /api/customer/getUserByEmailId [32m204[0m 1.693 ms - 0[0m
[0mOPTIONS /api/customer/getUserByEmailId [32m204[0m 0.163 ms - 0[0m
[0mGET /api/website/image/banner?type=0 [36m304[0m 15.757 ms - -[0m
[0mGET /api/website/category/list [36m304[0m 30.406 ms - -[0m
[0mGET /api/website/collection/list [36m304[0m 34.322 ms - -[0m
[0mGET /api/website/popular/category-list [36m304[0m 36.594 ms - -[0m
[0mGET /api/website/flash-sale [32m200[0m 15.529 ms - 3203[0m
[0mGET /api/website/product/women-fashion [36m304[0m 87.916 ms - -[0m
[0mGET /api/website/product/home-kitchen [36m304[0m 88.639 ms - -[0m
[0mGET /api/website/product/new-arrival [36m304[0m 48.334 ms - -[0m
[0mGET /api/website/product?type=makeup [36m304[0m 76.352 ms - -[0m
[0mGET /api/website/product/men-fashion [36m304[0m 44.872 ms - -[0m
[0mGET /api/customer/getUserByEmailId [33m403[0m 3.101 ms - 36[0m
[0mGET /api/website/product?type=shampoo [36m304[0m 65.855 ms - -[0m
[0mGET /api/customer/getUserByEmailId [33m403[0m 2.449 ms - 36[0m
[0mGET /api/website/image/banner?type=0 [32m200[0m 11.831 ms - 523[0m
[0mGET /api/website/category/list [32m200[0m 36.867 ms - 30069[0m
[0mGET /api/website/popular/category-list [32m200[0m 36.585 ms - 8161[0m
[0mGET /api/website/collection/list [32m200[0m 36.679 ms - 4602[0m
[0mGET /api/website/flash-sale [32m200[0m 7.088 ms - 3203[0m
[0mGET /api/website/product/home-kitchen [32m200[0m 120.996 ms - 15246[0m
[0mGET /api/website/product/men-fashion [32m200[0m 120.891 ms - 6402[0m
[0mGET /api/website/product/women-fashion [32m200[0m 137.693 ms - 7718[0m
[0mGET /api/website/product?type=shampoo [32m200[0m 103.712 ms - 6949[0m
[0mGET /api/website/product?type=makeup [32m200[0m 102.954 ms - 3194[0m
[0mGET /api/website/product/new-arrival [32m200[0m 95.179 ms - 68077[0m
[0mGET /api/website/image/banner?type=0 [32m200[0m 31.759 ms - 523[0m
[0mGET /api/website/category/list [32m200[0m 58.530 ms - 30069[0m
[0mGET /api/website/popular/category-list [32m200[0m 60.911 ms - 8161[0m
[0mGET /api/website/collection/list [32m200[0m 61.276 ms - 4602[0m
[0mGET /api/website/flash-sale [32m200[0m 12.665 ms - 3203[0m
[0mGET /api/website/product/women-fashion [32m200[0m 96.137 ms - 7718[0m
[0mGET /api/website/product/home-kitchen [32m200[0m 100.284 ms - 15246[0m
[0mGET /api/website/product?type=shampoo [32m200[0m 44.237 ms - 6949[0m
[0mGET /api/website/product?type=makeup [32m200[0m 66.383 ms - 3194[0m
[0mGET /api/website/product/men-fashion [32m200[0m 58.772 ms - 6402[0m
[0mGET /api/website/product/new-arrival [32m200[0m 48.778 ms - 68077[0m
[0mGET /api/website/image/banner?type=0 [32m200[0m 28.146 ms - 523[0m
[0mGET /api/website/category/list [32m200[0m 45.292 ms - 30069[0m
[0mGET /api/website/collection/list [32m200[0m 43.089 ms - 4602[0m
[0mGET /api/website/popular/category-list [32m200[0m 46.300 ms - 8161[0m
[0mGET /api/website/flash-sale [32m200[0m 9.730 ms - 3203[0m
[0mGET /api/website/product/women-fashion [32m200[0m 112.957 ms - 7718[0m
[0mGET /api/website/product?type=shampoo [32m200[0m 102.057 ms - 6949[0m
[0mGET /api/website/product/home-kitchen [32m200[0m 143.133 ms - 15246[0m
[0mGET /api/website/product?type=makeup [32m200[0m 132.038 ms - 3194[0m
[0mGET /api/website/product/men-fashion [32m200[0m 110.316 ms - 6402[0m
[0mGET /api/website/product/new-arrival [32m200[0m 109.968 ms - 68077[0m
[0mGET /api/website/image/banner?type=0 [32m200[0m 30.344 ms - 523[0m
[0mGET /api/website/category/list [32m200[0m 55.656 ms - 30069[0m
[0mGET /api/website/collection/list [32m200[0m 57.174 ms - 4602[0m
[0mGET /api/website/popular/category-list [32m200[0m 63.770 ms - 8161[0m
[0mGET /api/website/flash-sale [32m200[0m 9.731 ms - 3203[0m
[0mGET /api/website/product/women-fashion [32m200[0m 98.224 ms - 7718[0m
[0mGET /api/website/product/home-kitchen [32m200[0m 99.132 ms - 15246[0m
[0mGET /api/website/product?type=makeup [32m200[0m 85.197 ms - 3194[0m
[0mGET /api/website/product?type=shampoo [32m200[0m 45.045 ms - 6949[0m
[0mGET /api/website/product/men-fashion [32m200[0m 59.961 ms - 6402[0m
[0mGET /api/website/product/new-arrival [32m200[0m 53.369 ms - 68077[0m
[0mGET /api/website/image/banner?type=0 [32m200[0m 23.503 ms - 523[0m
[0mGET /api/website/category/list [32m200[0m 50.660 ms - 30069[0m
[0mGET /api/website/collection/list [32m200[0m 52.614 ms - 4602[0m
[0mGET /api/website/flash-sale [32m200[0m 43.573 ms - 3203[0m
[0mGET /api/website/popular/category-list [32m200[0m 63.015 ms - 8161[0m
[0mGET /api/website/product/new-arrival [32m200[0m 45.854 ms - 68077[0m
[0mGET /api/website/product/home-kitchen [32m200[0m 101.860 ms - 15246[0m
[0mGET /api/website/product/women-fashion [32m200[0m 101.370 ms - 7718[0m
[0mGET /api/website/product/men-fashion [32m200[0m 52.452 ms - 6402[0m
[0mGET /api/website/product?type=shampoo [32m200[0m 59.605 ms - 6949[0m
[0mGET /api/website/product?type=makeup [32m200[0m 57.342 ms - 3194[0m
[0mGET /api/website/image/banner?type=1 [32m200[0m 6.197 ms - 532[0m
[0mGET /api/website/popular/category-list [36m304[0m 40.148 ms - -[0m
[0mGET /api/website/collection/list [36m304[0m 35.842 ms - -[0m
[0mGET /api/website/category/list [36m304[0m 42.839 ms - -[0m
[0mGET /api/website/flash-sale [36m304[0m 12.232 ms - -[0m
[0mGET /api/website/product/women-fashion [36m304[0m 83.446 ms - -[0m
[0mGET /api/website/product/home-kitchen [36m304[0m 84.452 ms - -[0m
[0mGET /api/website/product?type=makeup [36m304[0m 88.148 ms - -[0m
[0mGET /api/website/product/men-fashion [36m304[0m 46.238 ms - -[0m
[0mGET /api/website/product/new-arrival [36m304[0m 83.747 ms - -[0m
[0mGET /api/website/category/list [36m304[0m 24.702 ms - -[0m
[0mGET /api/website/product?type=shampoo [36m304[0m 125.172 ms - -[0m
[0mGET /api/website/image/banner?type=1 [36m304[0m 24.996 ms - -[0m
[0mGET /api/website/category/list [36m304[0m 45.954 ms - -[0m
[0mGET /api/website/collection/list [36m304[0m 51.640 ms - -[0m
[0mGET /api/website/popular/category-list [36m304[0m 53.652 ms - -[0m
[0mGET /api/website/flash-sale [36m304[0m 8.991 ms - -[0m
[0mGET /api/website/product/women-fashion [36m304[0m 107.339 ms - -[0m
[0mGET /api/website/product?type=makeup [36m304[0m 82.772 ms - -[0m
[0mGET /api/website/product/home-kitchen [36m304[0m 108.697 ms - -[0m
[0mGET /api/website/product/new-arrival [36m304[0m 48.558 ms - -[0m
[0mGET /api/website/product/men-fashion [36m304[0m 56.730 ms - -[0m
[0mGET /api/website/product?type=shampoo [36m304[0m 62.611 ms - -[0m
[0mGET /api/website/category/list [36m304[0m 21.545 ms - -[0m
[0mGET /api/website/image/banner?type=1 [36m304[0m 19.139 ms - -[0m
[0mGET /api/website/collection/list [36m304[0m 34.047 ms - -[0m
[0mGET /api/website/popular/category-list [36m304[0m 35.428 ms - -[0m
[0mGET /api/website/category/list [36m304[0m 40.414 ms - -[0m
[0mGET /api/website/flash-sale [36m304[0m 24.767 ms - -[0m
[0mGET /api/website/product/women-fashion [36m304[0m 63.466 ms - -[0m
[0mGET /api/website/product/home-kitchen [36m304[0m 64.245 ms - -[0m
[0mGET /api/website/product?type=makeup [36m304[0m 60.226 ms - -[0m
[0mGET /api/website/product/new-arrival [36m304[0m 32.321 ms - -[0m
[0mGET /api/website/product/men-fashion [36m304[0m 58.374 ms - -[0m
[0mGET /api/website/product?type=shampoo [36m304[0m 62.292 ms - -[0m
[0mGET /api/website/category/list [36m304[0m 32.313 ms - -[0m
[0mGET /api/website/product/new-arrival [36m304[0m 118.931 ms - -[0m
[0mGET /api/website/product/women-fashion [36m304[0m 131.074 ms - -[0m
[0mGET /api/website/product/home-kitchen [36m304[0m 124.908 ms - -[0m
[0mGET /api/website/product/men-fashion [36m304[0m 133.693 ms - -[0m
[0mGET /api/website/product?type=makeup [36m304[0m 141.604 ms - -[0m
[0mGET /api/website/product?type=shampoo [36m304[0m 151.529 ms - -[0m
[0mGET /api/website/image/banner?type=1 [32m200[0m 24.890 ms - 532[0m
[0mGET /api/website/collection/list [32m200[0m 58.108 ms - 4602[0m
[0mGET /api/website/popular/category-list [32m200[0m 59.720 ms - 8161[0m
[0mGET /api/website/category/list [32m200[0m 67.402 ms - 30069[0m
[0mGET /api/website/category/list [32m200[0m 67.163 ms - 30069[0m
[0mGET /api/website/product/home-kitchen [32m200[0m 125.418 ms - 15246[0m
[0mGET /api/website/product/women-fashion [32m200[0m 193.332 ms - 7718[0m
[0mGET /api/website/product/new-arrival [32m200[0m 173.066 ms - 68077[0m
[0mGET /api/website/product?type=shampoo [32m200[0m 226.734 ms - 6949[0m
[0mGET /api/website/product?type=makeup [32m200[0m 227.299 ms - 3194[0m
[0mGET /api/website/product/men-fashion [32m200[0m 217.099 ms - 6402[0m
[0mGET /api/website/image/banner?type=1 [36m304[0m 17.209 ms - -[0m
[0mGET /api/website/popular/category-list [36m304[0m 32.948 ms - -[0m
[0mGET /api/website/category/list [36m304[0m 42.948 ms - -[0m
[0mGET /api/website/product/new-arrival [36m304[0m 72.340 ms - -[0m
[0mGET /api/website/product/women-fashion [36m304[0m 116.222 ms - -[0m
[0mGET /api/website/product/home-kitchen [36m304[0m 116.690 ms - -[0m
[0mGET /api/website/product?type=makeup [36m304[0m 118.436 ms - -[0m
[0mGET /api/website/product/men-fashion [36m304[0m 107.561 ms - -[0m
[0mGET /api/website/product?type=shampoo [36m304[0m 127.205 ms - -[0m
[0mGET /api/website/collection/list [36m304[0m 46.566 ms - -[0m
[0mGET /api/website/flash-sale [36m304[0m 45.954 ms - -[0m
[0mGET /api/website/category/list [36m304[0m 53.243 ms - -[0m
[0mGET /api/website/image/banner?type=0 [36m304[0m 15.253 ms - -[0m
[0mGET /api/website/category/list [36m304[0m 39.430 ms - -[0m
[0mGET /api/website/collection/list [36m304[0m 49.537 ms - -[0m
[0mGET /api/website/popular/category-list [36m304[0m 51.554 ms - -[0m
[0mGET /api/website/flash-sale [36m304[0m 24.516 ms - -[0m
[0mGET /api/website/product/new-arrival [36m304[0m 31.972 ms - -[0m
[0mGET /api/website/product/women-fashion [36m304[0m 75.313 ms - -[0m
[0mGET /api/website/product/home-kitchen [36m304[0m 76.185 ms - -[0m
[0mGET /api/website/product/men-fashion [36m304[0m 38.713 ms - -[0m
[0mGET /api/website/product?type=makeup [36m304[0m 40.116 ms - -[0m
[0mGET /api/website/product?type=shampoo [36m304[0m 39.413 ms - -[0m
[0mGET /api/website/category/list [32m200[0m 42.818 ms - 30069[0m
[0mGET /api/website/collection/list [32m200[0m 31.937 ms - 4602[0m
[0mGET /api/website/image/banner?type=0 [32m200[0m 34.187 ms - 523[0m
[0mGET /api/website/popular/category-list [32m200[0m 31.377 ms - 8161[0m
[0mGET /api/website/flash-sale [32m200[0m 7.765 ms - 3203[0m
[0mGET /api/website/product/home-kitchen [32m200[0m 85.805 ms - 15246[0m
[0mGET /api/website/product/women-fashion [32m200[0m 73.039 ms - 7718[0m
[0mGET /api/website/product?type=makeup [32m200[0m 52.694 ms - 3194[0m
[0mGET /api/website/product/men-fashion [32m200[0m 44.467 ms - 6402[0m
[0mGET /api/website/product/new-arrival [32m200[0m 74.970 ms - 68077[0m
[0mGET /api/website/product?type=shampoo [32m200[0m 100.329 ms - 6949[0m
[0mGET /api/website/collection/list [36m304[0m 37.149 ms - -[0m
[0mGET /api/website/popular/category-list [36m304[0m 52.169 ms - -[0m
[0mGET /api/website/image/banner?type=0 [32m200[0m 28.572 ms - 523[0m
[0mGET /api/website/category/list [32m200[0m 60.090 ms - 30069[0m
[0mGET /api/website/collection/list [32m200[0m 61.721 ms - 4602[0m
[0mGET /api/website/popular/category-list [32m200[0m 65.455 ms - 8161[0m
[0mGET /api/website/flash-sale [32m200[0m 14.860 ms - 3203[0m
[0mGET /api/website/product/men-fashion [32m200[0m 63.961 ms - 6402[0m
[0mGET /api/website/product/women-fashion [32m200[0m 112.130 ms - 7718[0m
[0mGET /api/website/product/new-arrival [32m200[0m 60.389 ms - 68077[0m
[0mGET /api/website/product/home-kitchen [32m200[0m 136.122 ms - 15246[0m
[0mGET /api/website/product?type=shampoo [32m200[0m 135.287 ms - 6949[0m
[0mGET /api/website/product?type=makeup [32m200[0m 73.730 ms - 3194[0m
[0mGET /api/website/image/banner?type=0 [36m304[0m 121.754 ms - -[0m
[0mGET /api/website/popular/category-list [36m304[0m 92.634 ms - -[0m
[0mGET /api/website/collection/list [36m304[0m 91.829 ms - -[0m
[0mGET /api/website/category/list [36m304[0m 101.128 ms - -[0m
[0mGET /api/website/product/home-kitchen [36m304[0m 127.835 ms - -[0m
[0mGET /api/website/product/women-fashion [36m304[0m 126.128 ms - -[0m
[0mGET /api/website/flash-sale [36m304[0m 39.088 ms - -[0m
[0mGET /api/website/product/new-arrival [36m304[0m 55.866 ms - -[0m
[0mGET /api/website/product/men-fashion [36m304[0m 91.658 ms - -[0m
[0mGET /api/website/product?type=shampoo [36m304[0m 92.492 ms - -[0m
[0mGET /api/website/product?type=makeup [36m304[0m 94.070 ms - -[0m
[0mGET /api/website/catalog/category/search?queryString=mamaearth [32m200[0m 74.509 ms - 627[0m
[0mGET /api/website/catalog/product/search?filter_category=mamaearth [32m200[0m 154.337 ms - 5284[0m
[0mGET /api/website/catalog/product/search?filter_category=mamaearth [36m304[0m 67.367 ms - -[0m
[0mGET /api/website/image/banner?type=0 [36m304[0m 29.152 ms - -[0m
[0mGET /api/website/popular/category-list [36m304[0m 31.102 ms - -[0m
[0mGET /api/website/collection/list [36m304[0m 40.981 ms - -[0m
[0mGET /api/website/flash-sale [36m304[0m 15.823 ms - -[0m
[0mGET /api/website/product/home-kitchen [36m304[0m 69.507 ms - -[0m
[0mGET /api/website/product/women-fashion [36m304[0m 79.364 ms - -[0m
[0mGET /api/website/product/men-fashion [36m304[0m 38.039 ms - -[0m
[0mGET /api/website/product?type=makeup [36m304[0m 71.600 ms - -[0m
[0mGET /api/website/product/new-arrival [36m304[0m 48.401 ms - -[0m
[0mGET /api/website/product?type=shampoo [36m304[0m 68.040 ms - -[0m
[0mGET /api/website/image/banner?type=0 [32m200[0m 66.936 ms - 523[0m
[0mGET /api/website/collection/list [32m200[0m 75.795 ms - 4602[0m
[0mGET /api/website/popular/category-list [32m200[0m 78.913 ms - 8161[0m
[0mGET /api/website/category/list [32m200[0m 90.073 ms - 30069[0m
[0mGET /api/website/product/women-fashion [32m200[0m 88.372 ms - 7718[0m
[0mGET /api/website/flash-sale [32m200[0m 18.221 ms - 3203[0m
[0mGET /api/website/product?type=shampoo [32m200[0m 114.610 ms - 6949[0m
[0mGET /api/website/product/men-fashion [32m200[0m 42.823 ms - 6402[0m
[0mGET /api/website/product/home-kitchen [32m200[0m 108.457 ms - 15246[0m
[0mGET /api/website/product/new-arrival [32m200[0m 96.416 ms - 68077[0m
[0mGET /api/website/product?type=makeup [32m200[0m 122.022 ms - 3194[0m
[0mGET /api/website/catalog/category/search?queryString=undefined [32m200[0m 40.899 ms - 62[0m
[0mGET /api/website/catalog/product/search?filter_category=undefined [32m200[0m 63.860 ms - 62[0m
[0mGET /api/website/image/banner?type=0 [36m304[0m 15.365 ms - -[0m
[0mGET /api/website/popular/category-list [36m304[0m 17.149 ms - -[0m
[0mGET /api/website/collection/list [36m304[0m 16.599 ms - -[0m
[0mGET /api/website/flash-sale [36m304[0m 14.784 ms - -[0m
[0mGET /api/website/product/home-kitchen [36m304[0m 54.008 ms - -[0m
[0mGET /api/website/product/women-fashion [36m304[0m 52.176 ms - -[0m
[0mGET /api/website/product/men-fashion [36m304[0m 32.369 ms - -[0m
[0mGET /api/website/product?type=makeup [36m304[0m 54.975 ms - -[0m
[0mGET /api/website/product?type=shampoo [36m304[0m 58.421 ms - -[0m
[0mGET /api/website/product/new-arrival [36m304[0m 44.871 ms - -[0m
[0mGET /api/website/category/list [36m304[0m 66.435 ms - -[0m
[0mGET /api/website/category/list [32m200[0m 111.020 ms - 30069[0m
[0mGET /api/website/image/banner?type=0 [36m304[0m 119.143 ms - -[0m
[0mGET /api/website/collection/list [36m304[0m 123.765 ms - -[0m
[0mGET /api/website/popular/category-list [36m304[0m 147.666 ms - -[0m
[0mGET /api/website/product/new-arrival [32m200[0m 144.950 ms - 68077[0m
[0mGET /api/website/product/women-fashion [36m304[0m 217.142 ms - -[0m
[0mGET /api/website/product/home-kitchen [32m200[0m 219.296 ms - 15246[0m
[0mGET /api/website/flash-sale [36m304[0m 87.783 ms - -[0m
[0mGET /api/website/product/men-fashion [36m304[0m 75.803 ms - -[0m
[0mGET /api/website/product?type=shampoo [36m304[0m 77.223 ms - -[0m
[0mGET /api/website/product?type=makeup [36m304[0m 110.136 ms - -[0m
