[0mOPTIONS /api/auth/seller/login [32m204[0m 8.122 ms - 0[0m
[0mPOST /api/auth/seller/login [31m500[0m 105.264 ms - 34[0m
[0mOPTIONS /api/auth/seller/login [32m204[0m 0.776 ms - 0[0m
[0mPOST /api/auth/seller/login [31m500[0m 6.557 ms - 34[0m
[0mOPTIONS /api/auth/seller/login [32m204[0m 0.470 ms - 0[0m
[0mPOST /api/auth/seller/login [32m200[0m 248.506 ms - 214[0m
[0mOPTIONS /api/auth/seller/profile-details [32m204[0m 0.423 ms - 0[0m
[0mOPTIONS /api/seller/dasbhoard/list [32m204[0m 0.177 ms - 0[0m
[0mGET /api/auth/seller/profile-details [32m200[0m 10.470 ms - 157[0m
[0mGET /api/seller/dasbhoard/list [32m200[0m 35.026 ms - 59[0m
[0mOPTIONS /api/seller/product/list [32m204[0m 0.285 ms - 0[0m
[0mGET /api/auth/seller/profile-details [36m304[0m 10.854 ms - -[0m
[0mPOST /api/seller/product/list [32m200[0m 34.311 ms - 88[0m
[0mOPTIONS /api/auth/seller/login [32m204[0m 0.477 ms - 0[0m
[0mPOST /api/auth/seller/login [32m200[0m 232.648 ms - 214[0m
[0mOPTIONS /api/auth/seller/profile-details [32m204[0m 0.280 ms - 0[0m
[0mOPTIONS /api/seller/dasbhoard/list [32m204[0m 0.342 ms - 0[0m
[0mGET /api/auth/seller/profile-details [32m200[0m 4.514 ms - 189[0m
[0mGET /api/seller/dasbhoard/list [32m200[0m 17.561 ms - 20668[0m
[0mOPTIONS /api/seller/product/list [32m204[0m 0.163 ms - 0[0m
[0mGET /api/auth/seller/profile-details [36m304[0m 6.470 ms - -[0m
[0mPOST /api/seller/product/list [32m200[0m 37.082 ms - 40599[0m
[0mOPTIONS /api/auth/seller/profile-details [32m204[0m 0.983 ms - 0[0m
[0mOPTIONS /api/seller/brand/list [32m204[0m 0.251 ms - 0[0m
[0mOPTIONS /api/product/color/list [32m204[0m 0.161 ms - 0[0m
[0mGET /api/auth/seller/profile-details [36m304[0m 10.507 ms - -[0m
[0mGET /api/product/color/list [32m200[0m 32.466 ms - 74085[0m
[0mGET /api/seller/brand/list [32m200[0m 35.459 ms - 89565[0m
[0mOPTIONS /api/auth/seller/profile-details [32m204[0m 3.355 ms - 0[0m
[0mOPTIONS /api/seller/brand/list [32m204[0m 2.269 ms - 0[0m
[0mOPTIONS /api/product/color/list [32m204[0m 0.958 ms - 0[0m
[0mGET /api/auth/seller/profile-details [36m304[0m 68.840 ms - -[0m
[0mGET /api/seller/brand/list [36m304[0m 76.128 ms - -[0m
[0mGET /api/product/color/list [36m304[0m 97.666 ms - -[0m
[0mOPTIONS /api/auth/seller/profile-details [32m204[0m 0.554 ms - 0[0m
[0mGET /api/auth/seller/profile-details [36m304[0m 5.485 ms - -[0m
[0mOPTIONS /api/seller/brand/list [32m204[0m 0.225 ms - 0[0m
[0mOPTIONS /api/product/color/list [32m204[0m 0.224 ms - 0[0m
[0mGET /api/seller/brand/list [36m304[0m 18.281 ms - -[0m
[0mGET /api/product/color/list [36m304[0m 29.231 ms - -[0m
[0mOPTIONS /api/auth/seller/profile-details [32m204[0m 0.277 ms - 0[0m
[0mGET /api/auth/seller/profile-details [36m304[0m 3.983 ms - -[0m
[0mOPTIONS /api/seller/brand/list [32m204[0m 0.238 ms - 0[0m
[0mOPTIONS /api/product/color/list [32m204[0m 0.250 ms - 0[0m
[0mGET /api/seller/brand/list [36m304[0m 20.824 ms - -[0m
[0mGET /api/product/color/list [36m304[0m 35.357 ms - -[0m
[0mOPTIONS /api/auth/seller/profile-details [32m204[0m 1.251 ms - 0[0m
[0mOPTIONS /api/seller/brand/list [32m204[0m 0.539 ms - 0[0m
[0mOPTIONS /api/product/color/list [32m204[0m 0.167 ms - 0[0m
[0mGET /api/auth/seller/profile-details [36m304[0m 16.110 ms - -[0m
[0mGET /api/seller/brand/list [36m304[0m 22.938 ms - -[0m
[0mGET /api/product/color/list [36m304[0m 22.914 ms - -[0m
[0mOPTIONS /api/category/search/allcombine [32m204[0m 2.229 ms - 0[0m
[0mPOST /api/category/search/allcombine [32m200[0m 19.519 ms - 4848[0m
[0mOPTIONS /api/seller/product/create [32m204[0m 1.400 ms - 0[0m
[0mPOST /api/seller/product/create [32m200[0m 39.385 ms - 71[0m
[0mOPTIONS /api/auth/seller/profile-details [32m204[0m 1.049 ms - 0[0m
[0mOPTIONS /api/seller/brand/list [32m204[0m 0.269 ms - 0[0m
[0mOPTIONS /api/product/color/list [32m204[0m 2.636 ms - 0[0m
[0mGET /api/auth/seller/profile-details [36m304[0m 14.995 ms - -[0m
[0mGET /api/product/color/list [36m304[0m 33.005 ms - -[0m
[0mGET /api/seller/brand/list [36m304[0m 34.859 ms - -[0m
[0mOPTIONS /api/seller/product/list [32m204[0m 0.308 ms - 0[0m
[0mPOST /api/seller/product/list [32m200[0m 26.563 ms - 39986[0m
[0mOPTIONS /api/auth/seller/profile-details [32m204[0m 2.426 ms - 0[0m
[0mOPTIONS /api/seller/brand/list [32m204[0m 0.423 ms - 0[0m
[0mOPTIONS /api/product/color/list [32m204[0m 0.196 ms - 0[0m
[0mGET /api/auth/seller/profile-details [36m304[0m 36.791 ms - -[0m
[0mGET /api/product/color/list [36m304[0m 49.132 ms - -[0m
[0mGET /api/seller/brand/list [36m304[0m 53.214 ms - -[0m
[0mOPTIONS /api/category/search/allcombine [32m204[0m 0.934 ms - 0[0m
[0mPOST /api/category/search/allcombine [32m200[0m 20.795 ms - 145[0m
[0mOPTIONS /api/category/search/allcombine [32m204[0m 0.718 ms - 0[0m
[0mPOST /api/category/search/allcombine [32m200[0m 7.178 ms - 1730[0m
[0mOPTIONS /api/seller/product/create [32m204[0m 0.720 ms - 0[0m
[0mPOST /api/seller/product/create [0m-[0m - ms - -[0m
[0mOPTIONS /api/auth/seller/profile-details [32m204[0m 0.388 ms - 0[0m
[0mGET /api/auth/seller/profile-details [36m304[0m 7.163 ms - -[0m
[0mOPTIONS /api/seller/brand/list [32m204[0m 0.374 ms - 0[0m
[0mOPTIONS /api/product/color/list [32m204[0m 0.304 ms - 0[0m
[0mGET /api/product/color/list [36m304[0m 35.143 ms - -[0m
[0mGET /api/seller/brand/list [36m304[0m 35.200 ms - -[0m
[0mOPTIONS /api/category/search/allcombine [32m204[0m 0.468 ms - 0[0m
[0mPOST /api/category/search/allcombine [32m200[0m 4.824 ms - 1183[0m
[0mPOST /api/category/search/allcombine [32m200[0m 3.614 ms - 145[0m
[0mOPTIONS /api/seller/product/create [32m204[0m 5.662 ms - 0[0m
[0mPOST /api/seller/product/create [32m200[0m 51.417 ms - 71[0m
[0mOPTIONS /api/auth/seller/profile-details [32m204[0m 0.424 ms - 0[0m
[0mOPTIONS /api/seller/product/list [32m204[0m 0.220 ms - 0[0m
[0mPOST /api/seller/product/list [32m200[0m 60.436 ms - 39192[0m
[0mOPTIONS /api/auth/seller/profile-details [32m204[0m 9.993 ms - 0[0m
[0mOPTIONS /api/seller/product/list [32m204[0m 0.483 ms - 0[0m
[0mGET /api/auth/seller/profile-details [36m304[0m 21.432 ms - -[0m
[0mPOST /api/seller/product/list [32m200[0m 89.109 ms - 39192[0m
[0mOPTIONS /api/seller/brand/list [32m204[0m 1.915 ms - 0[0m
[0mOPTIONS /api/product/color/list [32m204[0m 0.348 ms - 0[0m
[0mOPTIONS /api/seller/product/list-by-id [32m204[0m 0.218 ms - 0[0m
[0mGET /api/seller/brand/list [36m304[0m 53.753 ms - -[0m
[0mGET /api/product/color/list [36m304[0m 53.268 ms - -[0m
[0mPOST /api/seller/product/list-by-id [32m200[0m 87.354 ms - 421[0m
[0mOPTIONS /api/seller/product/list [32m204[0m 0.515 ms - 0[0m
[0mPOST /api/seller/product/list [32m200[0m 31.801 ms - 39192[0m
[0mOPTIONS /api/auth/seller/profile-details [32m204[0m 1.090 ms - 0[0m
[0mOPTIONS /api/seller/product/list [32m204[0m 0.313 ms - 0[0m
[0mGET /api/auth/seller/profile-details [36m304[0m 19.567 ms - -[0m
[0mPOST /api/seller/product/list [32m200[0m 47.990 ms - 39192[0m
[0mOPTIONS /api/auth/seller/profile-details [32m204[0m 1.101 ms - 0[0m
[0mOPTIONS /api/seller/product/list [32m204[0m 0.453 ms - 0[0m
[0mGET /api/auth/seller/profile-details [36m304[0m 11.827 ms - -[0m
[0mPOST /api/seller/product/list [32m200[0m 35.784 ms - 39192[0m
[0mOPTIONS /api/auth/seller/profile-details [32m204[0m 1.867 ms - 0[0m
[0mOPTIONS /api/seller/product/list [32m204[0m 0.177 ms - 0[0m
[0mGET /api/auth/seller/profile-details [36m304[0m 15.155 ms - -[0m
[0mPOST /api/seller/product/list [32m200[0m 39.591 ms - 39192[0m
[0mOPTIONS /api/auth/seller/profile-details [32m204[0m 1.126 ms - 0[0m
[0mOPTIONS /api/seller/product/list [32m204[0m 0.371 ms - 0[0m
[0mGET /api/auth/seller/profile-details [36m304[0m 16.015 ms - -[0m
[0mPOST /api/seller/product/list [32m200[0m 42.773 ms - 39192[0m
[0mOPTIONS /api/product/varients-delete?id=6805 [32m204[0m 4.179 ms - 0[0m
[0mDELETE /api/product/varients-delete?id=6805 [32m200[0m 28.056 ms - 46[0m
[0mOPTIONS /api/seller/product/list [32m204[0m 0.459 ms - 0[0m
[0mPOST /api/seller/product/list [32m200[0m 36.331 ms - 18531[0m
[0mOPTIONS /api/auth/seller/profile-details [32m204[0m 0.471 ms - 0[0m
[0mOPTIONS /api/seller/product/list [32m204[0m 0.311 ms - 0[0m
[0mGET /api/auth/seller/profile-details [36m304[0m 15.774 ms - -[0m
[0mPOST /api/seller/product/list [32m200[0m 47.609 ms - 38570[0m
[0mOPTIONS /api/product/main-delete?id=6684 [32m204[0m 0.527 ms - 0[0m
[0mDELETE /api/product/main-delete?id=6684 [32m200[0m 8.076 ms - 46[0m
[0mOPTIONS /api/seller/product/list [32m204[0m 0.452 ms - 0[0m
[0mPOST /api/seller/product/list [32m200[0m 34.939 ms - 19836[0m
[0mOPTIONS /api/auth/seller/profile-details [32m204[0m 2.430 ms - 0[0m
[0mOPTIONS /api/seller/product/list [32m204[0m 0.516 ms - 0[0m
[0mGET /api/auth/seller/profile-details [36m304[0m 37.796 ms - -[0m
[0mPOST /api/seller/product/list [32m200[0m 80.522 ms - 39986[0m
[0mGET /api/auth/seller/profile-details [36m304[0m 31.124 ms - -[0m
[0mPOST /api/seller/product/list [32m200[0m 45.088 ms - 39986[0m
[0mOPTIONS /api/product/varients-delete?id=6804 [32m204[0m 0.274 ms - 0[0m
[0mDELETE /api/product/varients-delete?id=6804 [32m200[0m 8.612 ms - 46[0m
[0mOPTIONS /api/auth/seller/profile-details [32m204[0m 0.270 ms - 0[0m
[0mOPTIONS /api/seller/product/list [32m204[0m 0.289 ms - 0[0m
[0mGET /api/auth/seller/profile-details [36m304[0m 6.317 ms - -[0m
[0mPOST /api/seller/product/list [32m200[0m 20.453 ms - 39318[0m
[0mOPTIONS /api/product/main-delete?id=6683 [32m204[0m 0.303 ms - 0[0m
[0mDELETE /api/product/main-delete?id=6683 [32m200[0m 5.326 ms - 46[0m
[0mGET /api/auth/seller/profile-details [36m304[0m 6.985 ms - -[0m
[0mPOST /api/seller/product/list [32m200[0m 23.236 ms - 40599[0m
[0mOPTIONS /api/auth/seller/profile-details [32m204[0m 1.180 ms - 0[0m
[0mOPTIONS /api/seller/product/list [32m204[0m 0.498 ms - 0[0m
[0mGET /api/auth/seller/profile-details [36m304[0m 13.907 ms - -[0m
[0mPOST /api/seller/product/list [32m200[0m 32.513 ms - 40599[0m
[0mOPTIONS /api/auth/seller/profile-details [32m204[0m 7.492 ms - 0[0m
[0mOPTIONS /api/seller/product/list [32m204[0m 0.385 ms - 0[0m
[0mGET /api/auth/seller/profile-details [36m304[0m 18.931 ms - -[0m
[0mPOST /api/seller/product/list [32m200[0m 40.265 ms - 40599[0m
[0mOPTIONS /api/auth/seller/profile-details [32m204[0m 0.952 ms - 0[0m
[0mOPTIONS /api/seller/product/list [32m204[0m 0.349 ms - 0[0m
[0mGET /api/auth/seller/profile-details [36m304[0m 27.167 ms - -[0m
[0mPOST /api/seller/product/list [32m200[0m 33.780 ms - 40599[0m
[0mOPTIONS /api/auth/seller/profile-details [32m204[0m 3.135 ms - 0[0m
[0mOPTIONS /api/seller/product/list [32m204[0m 0.487 ms - 0[0m
[0mGET /api/auth/seller/profile-details [36m304[0m 77.457 ms - -[0m
[0mPOST /api/seller/product/list [32m200[0m 105.612 ms - 40599[0m
[0mOPTIONS /api/product/varients-delete?id=6398 [32m204[0m 0.478 ms - 0[0m
[0mDELETE /api/product/varients-delete?id=6398 [32m200[0m 12.699 ms - 46[0m
[0mGET /api/auth/seller/profile-details [36m304[0m 4.881 ms - -[0m
[0mPOST /api/seller/product/list [32m200[0m 20.723 ms - 39441[0m
[0mOPTIONS /api/auth/seller/profile-details [32m204[0m 1.095 ms - 0[0m
[0mOPTIONS /api/seller/product/list [32m204[0m 0.224 ms - 0[0m
[0mGET /api/auth/seller/profile-details [36m304[0m 24.672 ms - -[0m
[0mPOST /api/seller/product/list [32m200[0m 48.236 ms - 39441[0m
[0mOPTIONS /api/auth/seller/profile-details [32m204[0m 0.960 ms - 0[0m
[0mOPTIONS /api/seller/product/list [32m204[0m 0.228 ms - 0[0m
[0mGET /api/auth/seller/profile-details [36m304[0m 58.300 ms - -[0m
[0mPOST /api/seller/product/list [32m200[0m 68.623 ms - 39441[0m
[0mOPTIONS /api/auth/seller/profile-details [32m204[0m 0.514 ms - 0[0m
[0mOPTIONS /api/seller/product/list [32m204[0m 0.189 ms - 0[0m
[0mGET /api/auth/seller/profile-details [36m304[0m 3.756 ms - -[0m
[0mPOST /api/seller/product/list [32m200[0m 21.036 ms - 39441[0m
[0mOPTIONS /api/auth/seller/profile-details [32m204[0m 0.940 ms - 0[0m
[0mOPTIONS /api/seller/product/list [32m204[0m 0.709 ms - 0[0m
[0mGET /api/auth/seller/profile-details [36m304[0m 13.695 ms - -[0m
[0mPOST /api/seller/product/list [32m200[0m 41.119 ms - 39441[0m
[0mOPTIONS /api/auth/seller/profile-details [32m204[0m 0.877 ms - 0[0m
[0mOPTIONS /api/seller/product/list [32m204[0m 0.353 ms - 0[0m
[0mGET /api/auth/seller/profile-details [36m304[0m 14.626 ms - -[0m
[0mPOST /api/seller/product/list [32m200[0m 35.215 ms - 39441[0m
[0mOPTIONS /api/auth/seller/profile-details [32m204[0m 1.024 ms - 0[0m
[0mOPTIONS /api/seller/product/list [32m204[0m 0.370 ms - 0[0m
[0mGET /api/auth/seller/profile-details [36m304[0m 22.571 ms - -[0m
[0mPOST /api/seller/product/list [32m200[0m 58.333 ms - 39441[0m
[0mOPTIONS /api/auth/seller/profile-details [32m204[0m 0.798 ms - 0[0m
[0mOPTIONS /api/seller/product/list [32m204[0m 0.217 ms - 0[0m
[0mGET /api/auth/seller/profile-details [36m304[0m 13.265 ms - -[0m
[0mPOST /api/seller/product/list [32m200[0m 41.440 ms - 39441[0m
[0mOPTIONS /api/auth/seller/profile-details [32m204[0m 1.341 ms - 0[0m
[0mOPTIONS /api/seller/product/list [32m204[0m 0.381 ms - 0[0m
[0mGET /api/auth/seller/profile-details [36m304[0m 42.777 ms - -[0m
[0mPOST /api/seller/product/list [32m200[0m 75.677 ms - 39441[0m
[0mOPTIONS /api/auth/seller/profile-details [32m204[0m 1.069 ms - 0[0m
[0mOPTIONS /api/seller/product/list [32m204[0m 0.258 ms - 0[0m
[0mGET /api/auth/seller/profile-details [36m304[0m 18.011 ms - -[0m
[0mPOST /api/seller/product/list [32m200[0m 39.825 ms - 39441[0m
[0mOPTIONS /api/auth/seller/profile-details [32m204[0m 0.406 ms - 0[0m
[0mOPTIONS /api/seller/product/list [32m204[0m 0.172 ms - 0[0m
[0mGET /api/auth/seller/profile-details [32m200[0m 4.478 ms - 189[0m
[0mPOST /api/seller/product/list [32m200[0m 24.543 ms - 39441[0m
[0mOPTIONS /api/auth/seller/profile-details [32m204[0m 1.164 ms - 0[0m
[0mOPTIONS /api/seller/product/list [32m204[0m 0.334 ms - 0[0m
[0mGET /api/auth/seller/profile-details [36m304[0m 20.019 ms - -[0m
[0mPOST /api/seller/product/list [32m200[0m 45.197 ms - 39441[0m
[0mOPTIONS /api/product/varients-delete?id=6367 [32m204[0m 0.421 ms - 0[0m
[0mDELETE /api/product/varients-delete?id=6367 [32m200[0m 8.157 ms - 46[0m
[0mOPTIONS /api/auth/seller/profile-details [32m204[0m 0.291 ms - 0[0m
[0mOPTIONS /api/seller/product/list [32m204[0m 0.136 ms - 0[0m
[0mGET /api/auth/seller/profile-details [36m304[0m 3.121 ms - -[0m
[0mPOST /api/seller/product/list [32m200[0m 20.270 ms - 38786[0m
[0mOPTIONS /api/product/main-delete?id=6344 [32m204[0m 0.463 ms - 0[0m
[0mDELETE /api/product/main-delete?id=6344 [32m200[0m 7.643 ms - 46[0m
[0mGET /api/auth/seller/profile-details [36m304[0m 4.067 ms - -[0m
[0mPOST /api/seller/product/list [32m200[0m 17.152 ms - 41555[0m
[0mOPTIONS /api/seller/brand/list [32m204[0m 0.953 ms - 0[0m
[0mOPTIONS /api/product/color/list [32m204[0m 0.161 ms - 0[0m
[0mGET /api/seller/brand/list [36m304[0m 53.038 ms - -[0m
[0mGET /api/product/color/list [36m304[0m 51.212 ms - -[0m
[0mOPTIONS /api/seller/product/list-by-id [32m204[0m 0.174 ms - 0[0m
[0mGET /api/seller/brand/list [36m304[0m 14.269 ms - -[0m
[0mGET /api/product/color/list [36m304[0m 22.837 ms - -[0m
[0mPOST /api/seller/product/list-by-id [32m200[0m 54.481 ms - 850[0m
[0mOPTIONS /api/auth/seller/profile-details [32m204[0m 0.322 ms - 0[0m
[0mGET /api/auth/seller/profile-details [36m304[0m 2.458 ms - -[0m
[0mOPTIONS /api/seller/brand/list [32m204[0m 0.307 ms - 0[0m
[0mOPTIONS /api/product/color/list [32m204[0m 0.131 ms - 0[0m
[0mGET /api/seller/brand/list [36m304[0m 31.016 ms - -[0m
[0mGET /api/product/color/list [36m304[0m 32.930 ms - -[0m
[0mGET /api/product/color/list [36m304[0m 26.475 ms - -[0m
[0mOPTIONS /api/seller/product/list-by-id [32m204[0m 0.483 ms - 0[0m
[0mGET /api/seller/brand/list [36m304[0m 39.796 ms - -[0m
[0mPOST /api/seller/product/list-by-id [32m200[0m 93.958 ms - 850[0m
[0mOPTIONS /api/auth/seller/profile-details [32m204[0m 1.293 ms - 0[0m
[0mOPTIONS /api/seller/brand/list [32m204[0m 0.217 ms - 0[0m
[0mOPTIONS /api/product/color/list [32m204[0m 0.120 ms - 0[0m
[0mGET /api/auth/seller/profile-details [36m304[0m 8.804 ms - -[0m
[0mGET /api/seller/brand/list [36m304[0m 40.119 ms - -[0m
[0mOPTIONS /api/seller/product/list-by-id [32m204[0m 0.239 ms - 0[0m
[0mGET /api/product/color/list [36m304[0m 50.116 ms - -[0m
[0mGET /api/seller/brand/list [36m304[0m 129.105 ms - -[0m
[0mGET /api/product/color/list [36m304[0m 126.970 ms - -[0m
[0mPOST /api/seller/product/list-by-id [32m200[0m 137.547 ms - 850[0m
[0mOPTIONS /api/auth/seller/profile-details [32m204[0m 4.338 ms - 0[0m
[0mOPTIONS /api/seller/brand/list [32m204[0m 0.363 ms - 0[0m
[0mOPTIONS /api/product/color/list [32m204[0m 0.168 ms - 0[0m
[0mGET /api/auth/seller/profile-details [36m304[0m 28.734 ms - -[0m
[0mOPTIONS /api/seller/product/list-by-id [32m204[0m 1.306 ms - 0[0m
[0mGET /api/product/color/list [36m304[0m 50.736 ms - -[0m
[0mGET /api/seller/brand/list [36m304[0m 55.070 ms - -[0m
[0mGET /api/product/color/list [36m304[0m 44.146 ms - -[0m
[0mGET /api/seller/brand/list [36m304[0m 54.440 ms - -[0m
[0mPOST /api/seller/product/list-by-id [32m200[0m 86.209 ms - 850[0m
[0mOPTIONS /api/seller/product/update [32m204[0m 0.926 ms - 0[0m
[0mPUT /api/seller/product/update [32m200[0m 32.130 ms - 70[0m
[0mOPTIONS /api/seller/product/list [32m204[0m 0.538 ms - 0[0m
[0mPOST /api/seller/product/list [32m200[0m 40.758 ms - 41555[0m
[0mOPTIONS /api/auth/seller/profile-details [32m204[0m 3.508 ms - 0[0m
[0mOPTIONS /api/seller/coupon/list [32m204[0m 0.355 ms - 0[0m
[0mGET /api/auth/seller/profile-details [36m304[0m 21.014 ms - -[0m
[0mGET /api/seller/coupon/list [32m200[0m 34.231 ms - 352[0m
