[0mGET /api/website/image/banner?type=1 [32m200[0m 243.069 ms - 532[0m
[0mGET /api/website/popular/category-list [32m200[0m 155.456 ms - 8161[0m
[0mGET /api/website/collection/list [32m200[0m 158.862 ms - 4602[0m
[0mGET /api/website/category/list [32m200[0m 180.061 ms - 30069[0m
[0mGET /api/website/category/list [32m200[0m 173.167 ms - 30069[0m
[0mGET /api/website/flash-sale [32m200[0m 33.146 ms - 49[0m
[0mGET /api/website/product/new-arrival [32m200[0m 192.053 ms - 68077[0m
[0mGET /api/website/product/women-fashion [32m200[0m 216.418 ms - 20098[0m
[0mGET /api/website/product/men-fashion [32m200[0m 205.417 ms - 15172[0m
[0mGET /api/website/product/home-kitchen [32m200[0m 366.096 ms - 15246[0m
[0mGET /api/website/image/banner?type=1 [36m304[0m 22.901 ms - -[0m
[0mGET /api/website/popular/category-list [36m304[0m 34.180 ms - -[0m
[0mGET /api/website/flash-sale [36m304[0m 52.678 ms - -[0m
[0mGET /api/website/collection/list [36m304[0m 58.976 ms - -[0m
[0mGET /api/website/product/new-arrival [36m304[0m 115.308 ms - -[0m
[0mGET /api/website/product/women-fashion [36m304[0m 233.079 ms - -[0m
[0mGET /api/website/product/home-kitchen [36m304[0m 233.983 ms - -[0m
[0mGET /api/website/product/men-fashion [36m304[0m 212.399 ms - -[0m
[0mGET /api/website/flash-sale [36m304[0m 47.895 ms - -[0m
[0mGET /api/website/product/new-arrival [36m304[0m 103.227 ms - -[0m
[0mGET /api/website/product/home-kitchen [36m304[0m 117.103 ms - -[0m
[0mGET /api/website/product/women-fashion [36m304[0m 112.422 ms - -[0m
[0mGET /api/website/product/men-fashion [36m304[0m 117.214 ms - -[0m
[0mGET /api/website/image/banner?type=1 [32m200[0m 35.726 ms - 532[0m
[0mGET /api/website/collection/list [32m200[0m 100.939 ms - 4602[0m
[0mGET /api/website/popular/category-list [32m200[0m 105.024 ms - 8161[0m
[0mGET /api/website/category/list [32m200[0m 110.873 ms - 30069[0m
[0mGET /api/website/category/list [32m200[0m 129.695 ms - 30069[0m
[0mGET /api/website/product/makeup [33m404[0m 34.501 ms - 3141[0m
[0mGET /api/website/product/home-kitchen [32m200[0m 192.268 ms - 15246[0m
[0mGET /api/website/product/women-fashion [32m200[0m 171.895 ms - 20098[0m
[0mGET /api/website/flash-sale [32m200[0m 43.559 ms - 49[0m
[0mGET /api/website/product/new-arrival [32m200[0m 162.401 ms - 68077[0m
[0mGET /api/website/product/men-fashion [32m200[0m 207.045 ms - 15172[0m
[0mGET /api/website/image/banner?type=1 [32m200[0m 62.428 ms - 532[0m
[0mGET /api/website/collection/list [32m200[0m 134.937 ms - 4602[0m
[0mGET /api/website/category/list [32m200[0m 149.405 ms - 30069[0m
[0mGET /api/website/category/list [32m200[0m 149.407 ms - 30069[0m
[0mGET /api/website/popular/category-list [32m200[0m 138.584 ms - 8161[0m
[0mGET /api/website/flash-sale [32m200[0m 26.364 ms - 49[0m
[0mGET /api/website/product/new-arrival [32m200[0m 160.654 ms - 68077[0m
[0mGET /api/website/product/home-kitchen [32m200[0m 312.887 ms - 15246[0m
[0mGET /api/website/product/makeup [32m200[0m 276.776 ms - 15172[0m
[0mGET /api/website/product/men-fashion [32m200[0m 170.260 ms - 15172[0m
[0mGET /api/website/product/women-fashion [32m200[0m 175.888 ms - 20098[0m
[0mGET /api/website/image/banner?type=1 [32m200[0m 42.260 ms - 532[0m
[0mGET /api/website/category/list [32m200[0m 91.812 ms - 30069[0m
[0mGET /api/website/collection/list [32m200[0m 113.291 ms - 4602[0m
[0mGET /api/website/popular/category-list [32m200[0m 117.004 ms - 8161[0m
[0mGET /api/website/category/list [32m200[0m 128.768 ms - 30069[0m
[0mGET /api/website/flash-sale [32m200[0m 58.662 ms - 49[0m
[0mGET /api/website/product/home-kitchen [32m200[0m 177.879 ms - 15246[0m
[0mGET /api/website/product/women-fashion [32m200[0m 124.707 ms - 20098[0m
[0mGET /api/website/product/makeup [32m200[0m 111.128 ms - 15172[0m
[0mGET /api/website/product/new-arrival [32m200[0m 85.898 ms - 68077[0m
[0mGET /api/website/product/men-fashion [32m200[0m 149.216 ms - 15172[0m
[0mGET /api/website/image/banner?type=1 [32m200[0m 31.391 ms - 532[0m
[0mGET /api/website/category/list [32m200[0m 67.517 ms - 30069[0m
[0mGET /api/website/collection/list [32m200[0m 96.769 ms - 4602[0m
[0mGET /api/website/product?type=makeup [33m404[0m 17.820 ms - 3141[0m
[0mGET /api/website/popular/category-list [32m200[0m 110.980 ms - 8161[0m
[0mGET /api/website/category/list [32m200[0m 118.942 ms - 30069[0m
[0mGET /api/website/flash-sale [32m200[0m 10.085 ms - 49[0m
[0mGET /api/website/product/new-arrival [32m200[0m 93.637 ms - 68077[0m
[0mGET /api/website/product/women-fashion [32m200[0m 203.338 ms - 20098[0m
[0mGET /api/website/product/home-kitchen [32m200[0m 220.770 ms - 15246[0m
[0mGET /api/website/product/men-fashion [32m200[0m 99.436 ms - 15172[0m
[0mGET /api/website/image/banner?type=1 [32m200[0m 35.790 ms - 532[0m
[0mGET /api/website/category/list [32m200[0m 69.228 ms - 30069[0m
[0mGET /api/website/collection/list [32m200[0m 98.381 ms - 4602[0m
[0mGET /api/website/product?type=makeup [33m404[0m 13.934 ms - 3141[0m
[0mGET /api/website/popular/category-list [32m200[0m 110.649 ms - 8161[0m
[0mGET /api/website/category/list [32m200[0m 124.895 ms - 30069[0m
[0mGET /api/website/flash-sale [32m200[0m 39.934 ms - 49[0m
[0mGET /api/website/product/new-arrival [32m200[0m 112.744 ms - 68077[0m
[0mGET /api/website/product/women-fashion [32m200[0m 203.513 ms - 20098[0m
[0mGET /api/website/product/men-fashion [32m200[0m 117.002 ms - 15172[0m
[0mGET /api/website/product/home-kitchen [32m200[0m 243.660 ms - 15246[0m
[0mGET /api/website/image/banner?type=1 [32m200[0m 35.854 ms - 532[0m
[0mGET /api/website/popular/category-list [32m200[0m 131.927 ms - 8161[0m
[0mGET /api/website/collection/list [32m200[0m 141.872 ms - 4602[0m
[0mGET /api/website/category/list [32m200[0m 149.339 ms - 30069[0m
[0mGET /api/website/category/list [32m200[0m 153.614 ms - 30069[0m
[0mGET /api/website/product/home-kitchen [32m200[0m 148.625 ms - 15246[0m
[0mGET /api/website/product?type=makeup [33m404[0m 17.246 ms - 3141[0m
[0mGET /api/website/flash-sale [32m200[0m 33.950 ms - 49[0m
[0mGET /api/website/product/new-arrival [32m200[0m 86.566 ms - 68077[0m
[0mGET /api/website/product/men-fashion [32m200[0m 88.024 ms - 15172[0m
[0mGET /api/website/product/women-fashion [32m200[0m 204.636 ms - 20098[0m
[0mGET /api/website/image/banner?type=1 [32m200[0m 44.792 ms - 532[0m
[0mGET /api/website/category/list [32m200[0m 90.160 ms - 30069[0m
[0mGET /api/website/collection/list [32m200[0m 126.895 ms - 4602[0m
[0mGET /api/website/popular/category-list [32m200[0m 133.590 ms - 8161[0m
[0mGET /api/website/category/list [32m200[0m 154.606 ms - 30069[0m
[0mGET /api/website/flash-sale [32m200[0m 57.451 ms - 49[0m
[0mGET /api/website/product/home-kitchen [32m200[0m 217.869 ms - 15246[0m
[0mGET /api/website/product/women-fashion [32m200[0m 162.867 ms - 20098[0m
[0mGET /api/website/product/new-arrival [32m200[0m 101.486 ms - 68077[0m
[0mGET /api/website/product?type=makeup [32m200[0m 129.165 ms - 15172[0m
[0mGET /api/website/product/men-fashion [32m200[0m 124.868 ms - 15172[0m
[0mGET /api/website/image/banner?type=1 [32m200[0m 35.598 ms - 532[0m
[0mGET /api/website/category/list [32m200[0m 92.654 ms - 30069[0m
[0mGET /api/website/collection/list [32m200[0m 127.009 ms - 4602[0m
[0mGET /api/website/popular/category-list [32m200[0m 130.744 ms - 8161[0m
[0mGET /api/website/category/list [32m200[0m 141.163 ms - 30069[0m
[0mGET /api/website/flash-sale [32m200[0m 59.645 ms - 49[0m
[0mGET /api/website/product/home-kitchen [32m200[0m 204.069 ms - 15246[0m
[0mGET /api/website/product/women-fashion [32m200[0m 187.247 ms - 20098[0m
[0mGET /api/website/product/new-arrival [32m200[0m 115.389 ms - 68077[0m
[0mGET /api/website/product?type=makeup [32m200[0m 138.513 ms - 15172[0m
[0mGET /api/website/product/men-fashion [32m200[0m 153.868 ms - 15172[0m
[0mGET /api/website/image/banner?type=1 [32m200[0m 34.670 ms - 532[0m
[0mGET /api/website/category/list [32m200[0m 83.929 ms - 30069[0m
[0mGET /api/website/collection/list [32m200[0m 117.902 ms - 4602[0m
[0mGET /api/website/popular/category-list [32m200[0m 123.202 ms - 8161[0m
[0mGET /api/website/category/list [32m200[0m 129.587 ms - 30069[0m
[0mGET /api/website/flash-sale [32m200[0m 15.768 ms - 49[0m
[0mGET /api/website/product/women-fashion [32m200[0m 166.376 ms - 20098[0m
[0mGET /api/website/product/home-kitchen [32m200[0m 237.815 ms - 15246[0m
[0mGET /api/website/product/men-fashion [32m200[0m 105.907 ms - 15172[0m
[0mGET /api/website/product?type=makeup [32m200[0m 127.917 ms - 15172[0m
[0mGET /api/website/product/new-arrival [32m200[0m 113.272 ms - 68077[0m
[0mGET /api/website/image/banner?type=1 [32m200[0m 28.715 ms - 532[0m
[0mGET /api/website/category/list [32m200[0m 89.611 ms - 30069[0m
[0mGET /api/website/collection/list [32m200[0m 120.114 ms - 4602[0m
[0mGET /api/website/popular/category-list [32m200[0m 124.185 ms - 8161[0m
[0mGET /api/website/category/list [32m200[0m 132.957 ms - 30069[0m
[0mGET /api/website/flash-sale [32m200[0m 31.152 ms - 49[0m
[0mGET /api/website/product/women-fashion [32m200[0m 146.234 ms - 7718[0m
[0mGET /api/website/product/new-arrival [32m200[0m 72.373 ms - 68077[0m
[0mGET /api/website/product/home-kitchen [32m200[0m 209.667 ms - 15246[0m
[0mGET /api/website/product?type=makeup [32m200[0m 95.306 ms - 3194[0m
[0mGET /api/website/product/men-fashion [32m200[0m 87.604 ms - 6402[0m
[0mGET /api/website/catalog/category/search?queryString=makeup [32m200[0m 113.549 ms - 1471[0m
[0mGET /api/website/catalog/product/search?filter_category=makeup [32m200[0m 208.472 ms - 4929[0m
[0mGET /api/website/catalog/product/search?filter_category=makeup [36m304[0m 55.866 ms - -[0m
[0mGET /api/website/catalog/product/search?filter_category=makeup [36m304[0m 77.843 ms - -[0m
[0mGET /api/website/image/banner?type=1 [36m304[0m 20.771 ms - -[0m
[0mGET /api/website/popular/category-list [36m304[0m 24.552 ms - -[0m
[0mGET /api/website/collection/list [36m304[0m 18.637 ms - -[0m
[0mGET /api/website/flash-sale [36m304[0m 9.373 ms - -[0m
[0mGET /api/website/product/home-kitchen [36m304[0m 83.623 ms - -[0m
[0mGET /api/website/product/women-fashion [36m304[0m 85.447 ms - -[0m
[0mGET /api/website/product?type=makeup [36m304[0m 84.780 ms - -[0m
[0mGET /api/website/product/new-arrival [36m304[0m 66.980 ms - -[0m
[0mGET /api/website/product/men-fashion [36m304[0m 70.311 ms - -[0m
[0mGET /api/website/image/banner?type=1 [36m304[0m 74.417 ms - -[0m
[0mGET /api/website/popular/category-list [36m304[0m 43.537 ms - -[0m
[0mGET /api/website/image/banner?type=1 [32m200[0m 29.215 ms - 532[0m
[0mGET /api/website/popular/category-list [32m200[0m 227.740 ms - 8161[0m
[0mGET /api/website/flash-sale [32m200[0m 208.569 ms - 49[0m
[0mGET /api/website/category/list [32m200[0m 237.153 ms - 30069[0m
[0mGET /api/website/product?type=makeup [32m200[0m 231.193 ms - 3194[0m
[0mGET /api/website/product/home-kitchen [32m200[0m 232.276 ms - 15246[0m
[0mGET /api/website/category/list [32m200[0m 244.861 ms - 30069[0m
[0mGET /api/website/collection/list [32m200[0m 43.396 ms - 4602[0m
[0mGET /api/website/product/new-arrival [32m200[0m 80.332 ms - 68077[0m
[0mGET /api/website/product/men-fashion [32m200[0m 86.180 ms - 6402[0m
[0mGET /api/website/product/women-fashion [32m200[0m 80.379 ms - 7718[0m
[0mGET /api/website/autosuggest/search?limit=5&query=k [32m200[0m 101.961 ms - 24548[0m
[0mGET /api/website/autosuggest/search?limit=5&query=ki [32m200[0m 22.791 ms - 3495[0m
[0mGET /api/website/autosuggest/search?limit=5&query=kis [32m200[0m 25.494 ms - 2448[0m
[0mGET /api/website/autosuggest/search?limit=5&query=kiss [32m200[0m 28.981 ms - 2448[0m
[0mGET /api/website/catalog/category/search?queryString=kiss-beauty [32m200[0m 66.472 ms - 724[0m
[0mGET /api/website/catalog/product/search?filter_category=kiss-beauty%20 [32m200[0m 137.032 ms - 4319[0m
[0mGET /api/website/image/banner?type=1 [36m304[0m 45.145 ms - -[0m
[0mGET /api/website/collection/list [36m304[0m 44.184 ms - -[0m
[0mGET /api/website/popular/category-list [36m304[0m 54.955 ms - -[0m
[0mGET /api/website/flash-sale [36m304[0m 26.275 ms - -[0m
[0mGET /api/website/product/home-kitchen [36m304[0m 185.785 ms - -[0m
[0mGET /api/website/product/new-arrival [36m304[0m 122.549 ms - -[0m
[0mGET /api/website/product/women-fashion [36m304[0m 189.435 ms - -[0m
[0mGET /api/website/product/men-fashion [36m304[0m 143.233 ms - -[0m
[0mGET /api/website/product?type=makeup [36m304[0m 173.232 ms - -[0m
[0mGET /api/website/product?type=kiss-beauty [0m-[0m - ms - -[0m
[0mGET /api/website/image/banner?type=1 [32m200[0m 17.684 ms - 532[0m
[0mGET /api/website/collection/list [32m200[0m 184.341 ms - 4602[0m
[0mGET /api/website/popular/category-list [32m200[0m 189.543 ms - 8161[0m
[0mGET /api/website/category/list [32m200[0m 201.578 ms - 30069[0m
[0mGET /api/website/category/list [32m200[0m 207.348 ms - 30069[0m
[0mGET /api/website/flash-sale [32m200[0m 6.983 ms - 49[0m
[0mGET /api/website/product/home-kitchen [32m200[0m 269.577 ms - 15246[0m
[0mGET /api/website/product/women-fashion [32m200[0m 91.722 ms - 7718[0m
[0mGET /api/website/product/new-arrival [32m200[0m 59.353 ms - 68077[0m
[0mGET /api/website/product/men-fashion [32m200[0m 68.496 ms - 6402[0m
[0mGET /api/website/product?type=makeup [32m200[0m 74.731 ms - 3194[0m
[0mGET /api/website/image/banner?type=1 [32m200[0m 40.245 ms - 532[0m
[0mGET /api/website/category/list [32m200[0m 138.520 ms - 30069[0m
[0mGET /api/website/category/list [32m200[0m 146.154 ms - 30069[0m
[0mGET /api/website/popular/category-list [32m200[0m 137.531 ms - 8161[0m
[0mGET /api/website/collection/list [32m200[0m 136.573 ms - 4602[0m
[0mGET /api/website/flash-sale [32m200[0m 26.854 ms - 49[0m
[0mGET /api/website/product/women-fashion [32m200[0m 223.195 ms - 7718[0m
[0mGET /api/website/product/home-kitchen [32m200[0m 241.020 ms - 15246[0m
[0mGET /api/website/product/men-fashion [32m200[0m 98.633 ms - 6402[0m
[0mGET /api/website/product?type=makeup [32m200[0m 165.249 ms - 3194[0m
[0mGET /api/website/product?type=kiss-beauty [32m200[0m 149.188 ms - 62[0m
[0mGET /api/website/product/new-arrival [32m200[0m 126.506 ms - 68077[0m
[0mGET /api/website/image/banner?type=1 [32m200[0m 41.118 ms - 532[0m
[0mGET /api/website/collection/list [32m200[0m 176.257 ms - 4602[0m
[0mGET /api/website/popular/category-list [32m200[0m 184.294 ms - 8161[0m
[0mGET /api/website/category/list [32m200[0m 200.188 ms - 30069[0m
[0mGET /api/website/category/list [32m200[0m 206.008 ms - 30069[0m
[0mGET /api/website/flash-sale [32m200[0m 42.527 ms - 49[0m
[0mGET /api/website/product/home-kitchen [32m200[0m 248.982 ms - 15246[0m
[0mGET /api/website/product/women-fashion [32m200[0m 179.924 ms - 7718[0m
[0mGET /api/website/product/men-fashion [32m200[0m 61.385 ms - 6402[0m
[0mGET /api/website/product/new-arrival [32m200[0m 90.062 ms - 68077[0m
[0mGET /api/website/product?type=kiss-beauty [32m200[0m 142.482 ms - 62[0m
[0mGET /api/website/product?type=makeup [32m200[0m 154.300 ms - 3194[0m
[0mGET /api/website/image/banner?type=1 [36m304[0m 38.826 ms - -[0m
[0mGET /api/website/category/list [36m304[0m 78.341 ms - -[0m
[0mGET /api/website/collection/list [36m304[0m 92.047 ms - -[0m
[0mGET /api/website/popular/category-list [36m304[0m 105.947 ms - -[0m
[0mGET /api/website/flash-sale [36m304[0m 13.652 ms - -[0m
[0mGET /api/website/product?type=kiss-beauty [36m304[0m 49.109 ms - -[0m
[0mGET /api/website/product?type=makeup [36m304[0m 170.354 ms - -[0m
[0mGET /api/website/product/women-fashion [36m304[0m 189.428 ms - -[0m
[0mGET /api/website/product/new-arrival [36m304[0m 80.830 ms - -[0m
[0mGET /api/website/product/home-kitchen [36m304[0m 197.745 ms - -[0m
[0mGET /api/website/product/men-fashion [36m304[0m 94.264 ms - -[0m
[0mGET /api/website/category/list [36m304[0m 44.233 ms - -[0m
[0mGET /api/website/image/banner?type=1 [32m200[0m 43.903 ms - 532[0m
[0mGET /api/website/collection/list [32m200[0m 90.184 ms - 4602[0m
[0mGET /api/website/popular/category-list [32m200[0m 95.665 ms - 8161[0m
[0mGET /api/website/category/list [32m200[0m 110.017 ms - 30069[0m
[0mGET /api/website/category/list [32m200[0m 109.079 ms - 30069[0m
[0mGET /api/website/flash-sale [32m200[0m 11.958 ms - 49[0m
[0mGET /api/website/product/women-fashion [32m200[0m 135.731 ms - 7718[0m
[0mGET /api/website/product?type=kiss-beauty [32m200[0m 52.327 ms - 62[0m
[0mGET /api/website/product/home-kitchen [32m200[0m 158.122 ms - 15246[0m
[0mGET /api/website/product/men-fashion [32m200[0m 48.363 ms - 6402[0m
[0mGET /api/website/product?type=makeup [32m200[0m 59.220 ms - 3194[0m
[0mGET /api/website/product/new-arrival [32m200[0m 64.018 ms - 68077[0m
[0mGET /api/website/category/list [36m304[0m 87.587 ms - -[0m
[0mGET /api/website/category/list [36m304[0m 33.332 ms - -[0m
[0mGET /api/website/catalog/category/search?queryString=kiss-beuty [32m200[0m 110.152 ms - 62[0m
[0mGET /api/website/catalog/product/search?filter_category=kiss-beuty [32m200[0m 139.857 ms - 62[0m
[0mGET /api/website/category/list [36m304[0m 63.012 ms - -[0m
[0mGET /api/website/category/list [36m304[0m 24.959 ms - -[0m
[0mGET /api/website/catalog/category/search?queryString=kiss [32m200[0m 106.085 ms - 724[0m
[0mGET /api/website/catalog/product/search?filter_category=kiss [32m200[0m 116.915 ms - 339[0m
[0mGET /api/website/category/list [36m304[0m 82.286 ms - -[0m
[0mGET /api/website/category/list [36m304[0m 31.458 ms - -[0m
[0mGET /api/website/catalog/category/search?queryString=kiss-beauty [36m304[0m 111.557 ms - -[0m
[0mGET /api/website/catalog/product/search?filter_category=kiss-beauty [32m200[0m 182.192 ms - 4319[0m
[0mGET /api/website/category/list [32m200[0m 100.927 ms - 30069[0m
[0mGET /api/website/category/list [32m200[0m 119.617 ms - 30069[0m
[0mGET /api/website/catalog/category/search?queryString=kiss-beauty [32m200[0m 106.806 ms - 724[0m
[0mGET /api/website/catalog/product/search?filter_category=kiss-beauty [32m200[0m 200.223 ms - 4319[0m
[0mGET /api/website/relatedProduct?productId=6558&slug=kiss-beauty-face-primer-a-perfect-base-for-make-up-30ml [32m200[0m 92.410 ms - 2408[0m
[0mGET /api/website/product/detail?productId=6558&slug=kiss-beauty-face-primer-a-perfect-base-for-make-up-30ml [32m200[0m 132.546 ms - 2123[0m
[0mGET /api/website/collection/list [36m304[0m 66.983 ms - -[0m
[0mGET /api/website/image/banner?type=1 [36m304[0m 84.242 ms - -[0m
[0mGET /api/website/popular/category-list [36m304[0m 110.582 ms - -[0m
[0mGET /api/website/flash-sale [36m304[0m 20.811 ms - -[0m
[0mGET /api/website/product/home-kitchen [36m304[0m 196.548 ms - -[0m
[0mGET /api/website/product/women-fashion [36m304[0m 197.741 ms - -[0m
[0mGET /api/website/product?type=makeup [36m304[0m 196.153 ms - -[0m
[0mGET /api/website/product/men-fashion [36m304[0m 118.302 ms - -[0m
[0mGET /api/website/image/banner?type=1 [32m200[0m 36.225 ms - 532[0m
[0mGET /api/website/category/list [32m200[0m 106.503 ms - 30069[0m
[0mGET /api/website/collection/list [32m200[0m 126.367 ms - 4602[0m
[0mGET /api/website/popular/category-list [32m200[0m 135.254 ms - 8161[0m
[0mGET /api/website/category/list [32m200[0m 143.511 ms - 30069[0m
[0mGET /api/website/flash-sale [32m200[0m 11.786 ms - 49[0m
[0mGET /api/website/product?type=shampoo [32m200[0m 49.181 ms - 62[0m
[0mGET /api/website/product/home-kitchen [32m200[0m 186.577 ms - 15246[0m
[0mGET /api/website/product/women-fashion [32m200[0m 127.136 ms - 7718[0m
[0mGET /api/website/product/men-fashion [32m200[0m 70.396 ms - 6402[0m
[0mGET /api/website/product?type=makeup [32m200[0m 89.257 ms - 3194[0m
[0mGET /api/website/product/new-arrival [32m200[0m 65.953 ms - 68077[0m
[0mGET /api/website/image/banner?type=1 [32m200[0m 34.136 ms - 532[0m
[0mGET /api/website/popular/category-list [32m200[0m 50.238 ms - 8161[0m
[0mGET /api/website/collection/list [32m200[0m 58.393 ms - 4602[0m
[0mGET /api/website/product?type=makeup [32m200[0m 93.568 ms - 3194[0m
[0mGET /api/website/product/home-kitchen [32m200[0m 144.215 ms - 15246[0m
[0mGET /api/website/category/list [32m200[0m 151.719 ms - 30069[0m
[0mGET /api/website/category/list [32m200[0m 150.836 ms - 30069[0m
[0mGET /api/website/product/women-fashion [32m200[0m 126.223 ms - 7718[0m
[0mGET /api/website/flash-sale [32m200[0m 20.971 ms - 49[0m
[0mGET /api/website/product/new-arrival [32m200[0m 44.195 ms - 68077[0m
[0mGET /api/website/product/men-fashion [32m200[0m 45.386 ms - 6402[0m
[0mGET /api/website/image/banner?type=1 [32m200[0m 28.842 ms - 532[0m
[0mGET /api/website/collection/list [32m200[0m 112.032 ms - 4602[0m
[0mGET /api/website/popular/category-list [32m200[0m 120.847 ms - 8161[0m
[0mGET /api/website/category/list [32m200[0m 129.437 ms - 30069[0m
[0mGET /api/website/category/list [32m200[0m 129.212 ms - 30069[0m
[0mGET /api/website/product/women-fashion [32m200[0m 136.910 ms - 7718[0m
[0mGET /api/website/product/home-kitchen [32m200[0m 159.974 ms - 15246[0m
[0mGET /api/website/flash-sale [32m200[0m 32.578 ms - 49[0m
[0mGET /api/website/product/new-arrival [32m200[0m 140.376 ms - 68077[0m
[0mGET /api/website/product/men-fashion [32m200[0m 172.247 ms - 6402[0m
[0mGET /api/website/product?type=makeup [32m200[0m 189.898 ms - 3194[0m
[0mGET /api/website/product?type=shampoo [32m200[0m 178.076 ms - 6949[0m
[0mGET /api/website/category/list [32m200[0m 74.744 ms - 30069[0m
[0mGET /api/website/category/list [32m200[0m 80.412 ms - 30069[0m
[0mGET /api/website/catalog/category/search?queryString=shampoo [32m200[0m 153.349 ms - 1852[0m
[0mGET /api/website/catalog/product/search?filter_category=shampoo [32m200[0m 177.198 ms - 16246[0m
[0mGET /api/website/image/banner?type=1 [36m304[0m 25.078 ms - -[0m
[0mGET /api/website/collection/list [36m304[0m 21.862 ms - -[0m
[0mGET /api/website/popular/category-list [36m304[0m 28.228 ms - -[0m
[0mGET /api/website/flash-sale [36m304[0m 10.071 ms - -[0m
[0mGET /api/website/product/home-kitchen [36m304[0m 69.739 ms - -[0m
[0mGET /api/website/product/women-fashion [36m304[0m 68.744 ms - -[0m
[0mGET /api/website/product/new-arrival [36m304[0m 190.841 ms - -[0m
[0mGET /api/website/product/men-fashion [36m304[0m 201.173 ms - -[0m
[0mGET /api/website/product?type=makeup [36m304[0m 217.367 ms - -[0m
[0mGET /api/website/product?type=shampoo [36m304[0m 209.266 ms - -[0m
[0mGET /api/website/image/banner?type=1 [32m200[0m 36.048 ms - 532[0m
[0mGET /api/website/category/list [32m200[0m 92.312 ms - 30069[0m
[0mGET /api/website/collection/list [32m200[0m 128.592 ms - 4602[0m
[0mGET /api/website/popular/category-list [32m200[0m 132.694 ms - 8161[0m
[0mGET /api/website/category/list [32m200[0m 142.047 ms - 30069[0m
[0mGET /api/website/flash-sale [32m200[0m 13.252 ms - 49[0m
[0mGET /api/website/product/women-fashion [32m200[0m 158.242 ms - 7718[0m
[0mGET /api/website/product/home-kitchen [32m200[0m 221.380 ms - 15246[0m
[0mGET /api/website/product?type=makeup [32m200[0m 97.775 ms - 3194[0m
[0mGET /api/website/product?type=shampoo [32m200[0m 86.076 ms - 6949[0m
[0mGET /api/website/product/men-fashion [32m200[0m 69.984 ms - 6402[0m
[0mGET /api/website/product/new-arrival [32m200[0m 84.930 ms - 68077[0m
[0mGET /api/website/category/list [32m200[0m 81.907 ms - 30069[0m
[0mGET /api/website/category/list [32m200[0m 102.772 ms - 30069[0m
[0mGET /api/website/catalog/category/search?queryString=shampoo [32m200[0m 144.173 ms - 1852[0m
[0mGET /api/website/catalog/product/search?filter_category=shampoo [32m200[0m 182.681 ms - 16246[0m
[0mGET /api/website/image/banner?type=1 [36m304[0m 24.594 ms - -[0m
[0mGET /api/website/collection/list [36m304[0m 18.649 ms - -[0m
[0mGET /api/website/popular/category-list [36m304[0m 25.629 ms - -[0m
[0mGET /api/website/flash-sale [36m304[0m 8.511 ms - -[0m
[0mGET /api/website/product/home-kitchen [36m304[0m 72.733 ms - -[0m
[0mGET /api/website/product/women-fashion [36m304[0m 71.790 ms - -[0m
[0mGET /api/website/product?type=makeup [36m304[0m 71.697 ms - -[0m
[0mGET /api/website/product/men-fashion [36m304[0m 97.037 ms - -[0m
[0mGET /api/website/image/banner?type=1 [32m200[0m 36.245 ms - 532[0m
[0mGET /api/website/category/list [32m200[0m 78.735 ms - 30069[0m
[0mGET /api/website/collection/list [32m200[0m 108.535 ms - 4602[0m
[0mGET /api/website/popular/category-list [32m200[0m 120.829 ms - 8161[0m
[0mGET /api/website/category/list [32m200[0m 131.115 ms - 30069[0m
[0mGET /api/website/flash-sale [32m200[0m 63.051 ms - 49[0m
[0mGET /api/website/product/home-kitchen [32m200[0m 189.323 ms - 15246[0m
[0mGET /api/website/product/women-fashion [32m200[0m 148.371 ms - 7718[0m
[0mGET /api/website/product/new-arrival [32m200[0m 60.189 ms - 68077[0m
[0mGET /api/website/product/men-fashion [32m200[0m 130.218 ms - 6402[0m
[0mGET /api/website/product?type=makeup [32m200[0m 152.430 ms - 3194[0m
[0mGET /api/website/product?type=shampoo [32m200[0m 141.819 ms - 6949[0m
[0mGET /api/website/category/list [32m200[0m 100.007 ms - 30069[0m
[0mGET /api/website/category/list [32m200[0m 90.140 ms - 30069[0m
[0mGET /api/website/catalog/category/search?queryString=home-and-kitchen [32m200[0m 334.524 ms - 2002[0m
[0mGET /api/website/catalog/product/search?filter_category=home-and-kitchen [32m200[0m 403.949 ms - 18586[0m
[0mGET /api/website/popular/category-list [36m304[0m 50.958 ms - -[0m
[0mGET /api/website/image/banner?type=1 [36m304[0m 54.951 ms - -[0m
[0mGET /api/website/collection/list [36m304[0m 56.740 ms - -[0m
[0mGET /api/website/flash-sale [36m304[0m 26.983 ms - -[0m
[0mGET /api/website/product/women-fashion [36m304[0m 117.214 ms - -[0m
[0mGET /api/website/product/home-kitchen [36m304[0m 119.976 ms - -[0m
[0mGET /api/website/product/new-arrival [36m304[0m 102.869 ms - -[0m
[0mGET /api/website/product/men-fashion [36m304[0m 117.197 ms - -[0m
[0mGET /api/website/product?type=shampoo [36m304[0m 146.929 ms - -[0m
[0mGET /api/website/product?type=makeup [36m304[0m 183.272 ms - -[0m
[0mGET /api/website/category/list [32m200[0m 89.515 ms - 30069[0m
[0mGET /api/website/category/list [32m200[0m 93.238 ms - 30069[0m
[0mGET /api/website/catalog/category/search?queryString=women [32m200[0m 250.516 ms - 6606[0m
[0mGET /api/website/catalog/product/search?filter_category=women [32m200[0m 258.816 ms - 19035[0m
[0mGET /api/website/image/banner?type=1 [36m304[0m 25.820 ms - -[0m
[0mGET /api/website/collection/list [36m304[0m 22.198 ms - -[0m
[0mGET /api/website/popular/category-list [36m304[0m 26.951 ms - -[0m
[0mGET /api/website/flash-sale [36m304[0m 9.370 ms - -[0m
[0mGET /api/website/product/home-kitchen [36m304[0m 69.739 ms - -[0m
[0mGET /api/website/product/women-fashion [36m304[0m 63.742 ms - -[0m
[0mGET /api/website/product/new-arrival [36m304[0m 83.220 ms - -[0m
[0mGET /api/website/product?type=makeup [36m304[0m 120.566 ms - -[0m
[0mGET /api/website/product/men-fashion [36m304[0m 104.889 ms - -[0m
[0mGET /api/website/product?type=shampoo [36m304[0m 112.293 ms - -[0m
[0mGET /api/website/image/banner?type=1 [36m304[0m 30.494 ms - -[0m
[0mGET /api/website/popular/category-list [36m304[0m 32.306 ms - -[0m
[0mGET /api/website/collection/list [36m304[0m 43.936 ms - -[0m
[0mGET /api/website/flash-sale [36m304[0m 19.973 ms - -[0m
[0mGET /api/website/product/home-kitchen [36m304[0m 113.211 ms - -[0m
[0mGET /api/website/product/women-fashion [36m304[0m 112.508 ms - -[0m
[0mGET /api/website/product?type=shampoo [36m304[0m 101.073 ms - -[0m
[0mGET /api/website/product/men-fashion [36m304[0m 95.052 ms - -[0m
[0mGET /api/website/product?type=makeup [36m304[0m 136.847 ms - -[0m
[0mGET /api/website/product/new-arrival [36m304[0m 88.938 ms - -[0m
[0mGET /api/website/image/banner?type=0 [32m200[0m 19.480 ms - 523[0m
[0mGET /api/website/category/list [32m200[0m 54.467 ms - 30069[0m
[0mGET /api/website/popular/category-list [32m200[0m 52.655 ms - 8161[0m
[0mGET /api/website/collection/list [32m200[0m 53.782 ms - 4602[0m
[0mGET /api/website/flash-sale [32m200[0m 8.535 ms - 49[0m
[0mGET /api/website/product/home-kitchen [32m200[0m 108.886 ms - 15246[0m
[0mGET /api/website/product/women-fashion [32m200[0m 108.411 ms - 7718[0m
[0mGET /api/website/product?type=makeup [32m200[0m 127.381 ms - 3194[0m
[0mGET /api/website/product?type=shampoo [32m200[0m 86.320 ms - 6949[0m
[0mGET /api/website/product/men-fashion [32m200[0m 78.457 ms - 6402[0m
[0mGET /api/website/product/new-arrival [32m200[0m 72.810 ms - 68077[0m
[0mGET /api/website/image/banner?type=0 [36m304[0m 40.651 ms - -[0m
[0mGET /api/website/popular/category-list [36m304[0m 35.483 ms - -[0m
[0mGET /api/website/collection/list [36m304[0m 42.757 ms - -[0m
[0mGET /api/website/flash-sale [36m304[0m 10.848 ms - -[0m
[0mGET /api/website/product/home-kitchen [36m304[0m 100.929 ms - -[0m
[0mGET /api/website/product/women-fashion [36m304[0m 99.727 ms - -[0m
[0mGET /api/website/product/new-arrival [36m304[0m 60.281 ms - -[0m
[0mGET /api/website/product?type=makeup [36m304[0m 115.003 ms - -[0m
[0mGET /api/website/product?type=shampoo [36m304[0m 97.941 ms - -[0m
[0mGET /api/website/product/men-fashion [36m304[0m 80.043 ms - -[0m
[0mGET /api/website/image/banner?type=0 [32m200[0m 9.601 ms - 523[0m
[0mGET /api/website/popular/category-list [32m200[0m 50.438 ms - 8161[0m
[0mGET /api/website/collection/list [32m200[0m 52.589 ms - 4602[0m
[0mGET /api/website/category/list [32m200[0m 60.978 ms - 30069[0m
[0mGET /api/website/flash-sale [32m200[0m 32.390 ms - 49[0m
[0mGET /api/website/product/home-kitchen [32m200[0m 94.062 ms - 15246[0m
[0mGET /api/website/product/women-fashion [32m200[0m 94.012 ms - 7718[0m
[0mGET /api/website/product/men-fashion [32m200[0m 41.306 ms - 6402[0m
[0mGET /api/website/product?type=makeup [32m200[0m 71.247 ms - 3194[0m
[0mGET /api/website/product/new-arrival [32m200[0m 40.583 ms - 68077[0m
[0mGET /api/website/product?type=shampoo [32m200[0m 77.879 ms - 6949[0m
[0mGET /api/website/catalog/category/search?queryString=makeup [32m200[0m 69.301 ms - 1471[0m
[0mGET /api/website/catalog/product/search?filter_category=makeup [32m200[0m 128.162 ms - 4929[0m
[0mGET /api/website/catalog/product/search?filter_category=makeup [32m200[0m 72.655 ms - 4929[0m
[0mGET /api/website/catalog/product/search?filter_category=makeup [32m200[0m 114.176 ms - 4929[0m
[0mGET /api/website/image/banner?type=0 [36m304[0m 21.142 ms - -[0m
[0mGET /api/website/popular/category-list [36m304[0m 21.715 ms - -[0m
[0mGET /api/website/collection/list [36m304[0m 24.391 ms - -[0m
[0mGET /api/website/flash-sale [36m304[0m 9.575 ms - -[0m
[0mGET /api/website/product/women-fashion [36m304[0m 71.325 ms - -[0m
[0mGET /api/website/product/home-kitchen [36m304[0m 72.177 ms - -[0m
[0mGET /api/website/product?type=makeup [36m304[0m 91.555 ms - -[0m
[0mGET /api/website/product?type=shampoo [36m304[0m 74.221 ms - -[0m
[0mGET /api/website/product/men-fashion [36m304[0m 67.827 ms - -[0m
[0mGET /api/website/product/new-arrival [36m304[0m 64.012 ms - -[0m
[0mGET /api/website/image/banner?type=1 [32m200[0m 34.366 ms - 532[0m
[0mGET /api/website/collection/list [32m200[0m 59.581 ms - 4602[0m
[0mGET /api/website/popular/category-list [32m200[0m 131.013 ms - 8161[0m
[0mGET /api/website/product/home-kitchen [32m200[0m 131.957 ms - 15246[0m
[0mGET /api/website/product/women-fashion [32m200[0m 113.456 ms - 7718[0m
[0mGET /api/website/category/list [32m200[0m 140.043 ms - 30069[0m
[0mGET /api/website/category/list [32m200[0m 144.940 ms - 30069[0m
[0mGET /api/website/flash-sale [32m200[0m 19.478 ms - 49[0m
[0mGET /api/website/product/new-arrival [32m200[0m 108.649 ms - 68077[0m
[0mGET /api/website/product/men-fashion [32m200[0m 109.609 ms - 6402[0m
[0mGET /api/website/product?type=shampoo [32m200[0m 126.113 ms - 6949[0m
[0mGET /api/website/product?type=makeup [32m200[0m 139.687 ms - 3194[0m
[0mGET /api/website/image/banner?type=1 [32m200[0m 59.785 ms - 532[0m
[0mGET /api/website/popular/category-list [32m200[0m 105.136 ms - 8161[0m
[0mGET /api/website/collection/list [32m200[0m 105.373 ms - 4602[0m
[0mGET /api/website/category/list [32m200[0m 110.838 ms - 30069[0m
[0mGET /api/website/category/list [32m200[0m 119.184 ms - 30069[0m
[0mGET /api/website/product/home-kitchen [32m200[0m 155.613 ms - 15246[0m
[0mGET /api/website/flash-sale [32m200[0m 37.210 ms - 49[0m
[0mGET /api/website/product/women-fashion [32m200[0m 118.629 ms - 7718[0m
[0mGET /api/website/product/men-fashion [32m200[0m 78.352 ms - 6402[0m
[0mGET /api/website/product?type=makeup [32m200[0m 108.137 ms - 3194[0m
[0mGET /api/website/product?type=shampoo [32m200[0m 307.296 ms - 6949[0m
[0mGET /api/website/product/new-arrival [32m200[0m 263.766 ms - 68077[0m
[0mGET /api/website/image/banner?type=0 [32m200[0m 24.453 ms - 523[0m
[0mGET /api/website/collection/list [32m200[0m 48.090 ms - 4602[0m
[0mGET /api/website/popular/category-list [32m200[0m 54.224 ms - 8161[0m
[0mGET /api/website/category/list [32m200[0m 59.198 ms - 30069[0m
[0mGET /api/website/product/women-fashion [32m200[0m 79.834 ms - 7718[0m
[0mGET /api/website/product/home-kitchen [32m200[0m 81.808 ms - 15246[0m
[0mGET /api/website/flash-sale [32m200[0m 26.005 ms - 49[0m
[0mGET /api/website/product?type=makeup [32m200[0m 80.438 ms - 3194[0m
[0mGET /api/website/product/men-fashion [32m200[0m 82.040 ms - 6402[0m
[0mGET /api/website/product/new-arrival [32m200[0m 58.296 ms - 68077[0m
[0mGET /api/website/product?type=shampoo [32m200[0m 91.440 ms - 6949[0m
[0mGET /api/website/image/banner?type=0 [36m304[0m 10.800 ms - -[0m
[0mGET /api/website/popular/category-list [36m304[0m 21.385 ms - -[0m
[0mGET /api/website/collection/list [36m304[0m 29.005 ms - -[0m
[0mGET /api/website/flash-sale [36m304[0m 19.205 ms - -[0m
[0mGET /api/website/product/home-kitchen [36m304[0m 222.671 ms - -[0m
[0mGET /api/website/product/men-fashion [36m304[0m 208.695 ms - -[0m
[0mGET /api/website/product/women-fashion [36m304[0m 222.695 ms - -[0m
[0mGET /api/website/product/new-arrival [36m304[0m 214.383 ms - -[0m
[0mGET /api/website/product?type=makeup [36m304[0m 257.948 ms - -[0m
[0mGET /api/website/product?type=shampoo [36m304[0m 299.167 ms - -[0m
[0mGET /api/website/image/banner?type=0 [32m200[0m 17.090 ms - 523[0m
[0mGET /api/website/category/list [32m200[0m 49.945 ms - 30069[0m
[0mGET /api/website/collection/list [32m200[0m 51.431 ms - 4602[0m
[0mGET /api/website/popular/category-list [32m200[0m 57.820 ms - 8161[0m
[0mGET /api/website/flash-sale [32m200[0m 8.716 ms - 49[0m
[0mGET /api/website/product/home-kitchen [32m200[0m 112.072 ms - 15246[0m
[0mGET /api/website/product/new-arrival [32m200[0m 52.797 ms - 68077[0m
[0mGET /api/website/product/women-fashion [32m200[0m 115.094 ms - 7718[0m
[0mGET /api/website/product?type=makeup [32m200[0m 108.870 ms - 3194[0m
[0mGET /api/website/product/men-fashion [32m200[0m 62.730 ms - 6402[0m
[0mGET /api/website/product?type=shampoo [32m200[0m 69.713 ms - 6949[0m
[0mGET /api/website/collection/list [36m304[0m 77.423 ms - -[0m
[0mGET /api/website/image/banner?type=0 [36m304[0m 99.548 ms - -[0m
[0mGET /api/website/popular/category-list [36m304[0m 83.112 ms - -[0m
[0mGET /api/website/category/list [36m304[0m 94.534 ms - -[0m
[0mGET /api/website/product/home-kitchen [36m304[0m 116.976 ms - -[0m
[0mGET /api/website/product/women-fashion [36m304[0m 116.797 ms - -[0m
[0mGET /api/website/flash-sale [36m304[0m 28.577 ms - -[0m
[0mGET /api/website/product?type=shampoo [36m304[0m 77.466 ms - -[0m
[0mGET /api/website/product/new-arrival [36m304[0m 47.720 ms - -[0m
[0mGET /api/website/product/men-fashion [36m304[0m 72.511 ms - -[0m
[0mGET /api/website/product?type=makeup [36m304[0m 85.799 ms - -[0m
[0mGET /api/website/image/banner?type=0 [32m200[0m 32.172 ms - 523[0m
[0mGET /api/website/collection/list [32m200[0m 74.875 ms - 4602[0m
[0mGET /api/website/popular/category-list [32m200[0m 85.904 ms - 8161[0m
[0mGET /api/website/category/list [32m200[0m 99.486 ms - 30069[0m
[0mGET /api/website/flash-sale [32m200[0m 16.977 ms - 49[0m
[0mGET /api/website/product/women-fashion [32m200[0m 180.477 ms - 7718[0m
[0mGET /api/website/product/home-kitchen [32m200[0m 181.015 ms - 15246[0m
[0mGET /api/website/product/men-fashion [32m200[0m 132.179 ms - 6402[0m
[0mGET /api/website/product/new-arrival [32m200[0m 91.127 ms - 68077[0m
[0mGET /api/website/product?type=makeup [32m200[0m 178.845 ms - 3194[0m
[0mGET /api/website/product?type=shampoo [32m200[0m 158.812 ms - 6949[0m
[0mGET /api/website/image/banner?type=0 [36m304[0m 23.814 ms - -[0m
[0mGET /api/website/category/list [36m304[0m 101.177 ms - -[0m
[0mGET /api/website/popular/category-list [36m304[0m 112.064 ms - -[0m
[0mGET /api/website/collection/list [36m304[0m 114.066 ms - -[0m
[0mGET /api/website/flash-sale [36m304[0m 10.431 ms - -[0m
[0mGET /api/website/product/women-fashion [36m304[0m 164.602 ms - -[0m
[0mGET /api/website/product/home-kitchen [36m304[0m 166.791 ms - -[0m
[0mGET /api/website/product?type=makeup [36m304[0m 189.054 ms - -[0m
[0mGET /api/website/product/men-fashion [36m304[0m 83.336 ms - -[0m
[0mGET /api/website/product?type=shampoo [36m304[0m 96.211 ms - -[0m
[0mGET /api/website/product/new-arrival [36m304[0m 74.014 ms - -[0m
[0mGET /api/website/image/banner?type=0 [32m200[0m 17.079 ms - 523[0m
[0mGET /api/website/collection/list [32m200[0m 35.757 ms - 4602[0m
[0mGET /api/website/popular/category-list [32m200[0m 36.994 ms - 8161[0m
[0mGET /api/website/category/list [32m200[0m 41.377 ms - 30069[0m
[0mGET /api/website/flash-sale [32m200[0m 4.705 ms - 49[0m
[0mGET /api/website/product?type=makeup [32m200[0m 59.271 ms - 3194[0m
[0mGET /api/website/product/women-fashion [32m200[0m 70.216 ms - 7718[0m
[0mGET /api/website/product/home-kitchen [32m200[0m 131.376 ms - 15246[0m
[0mGET /api/website/product/men-fashion [32m200[0m 108.040 ms - 6402[0m
[0mGET /api/website/product/new-arrival [32m200[0m 103.146 ms - 68077[0m
[0mGET /api/website/product?type=shampoo [32m200[0m 114.659 ms - 6949[0m
[0mGET /api/website/image/banner?type=0 [32m200[0m 36.393 ms - 523[0m
[0mGET /api/website/category/list [32m200[0m 77.801 ms - 30069[0m
[0mGET /api/website/collection/list [32m200[0m 80.389 ms - 4602[0m
[0mGET /api/website/popular/category-list [32m200[0m 84.302 ms - 8161[0m
[0mGET /api/website/flash-sale [32m200[0m 6.325 ms - 49[0m
[0mGET /api/website/product/home-kitchen [32m200[0m 138.745 ms - 15246[0m
[0mGET /api/website/product/women-fashion [32m200[0m 138.182 ms - 7718[0m
[0mGET /api/website/product?type=makeup [32m200[0m 105.621 ms - 3194[0m
[0mGET /api/website/product?type=shampoo [32m200[0m 84.331 ms - 6949[0m
[0mGET /api/website/product/new-arrival [32m200[0m 76.030 ms - 68077[0m
[0mGET /api/website/product/men-fashion [32m200[0m 85.267 ms - 6402[0m
[0mGET /api/website/collection/list [36m304[0m 16.695 ms - -[0m
[0mGET /api/website/flash-sale [36m304[0m 24.490 ms - -[0m
[0mGET /api/website/product/men-fashion [36m304[0m 74.891 ms - -[0m
[0mGET /api/website/product/women-fashion [36m304[0m 98.049 ms - -[0m
[0mGET /api/website/product/new-arrival [36m304[0m 74.025 ms - -[0m
[0mGET /api/website/product?type=makeup [36m304[0m 108.093 ms - -[0m
[0mGET /api/website/product/home-kitchen [36m304[0m 100.642 ms - -[0m
[0mGET /api/website/product?type=shampoo [36m304[0m 100.560 ms - -[0m
[0mGET /api/website/image/banner?type=0 [32m200[0m 10.792 ms - 523[0m
[0mGET /api/website/collection/list [32m200[0m 39.344 ms - 4602[0m
[0mGET /api/website/popular/category-list [32m200[0m 44.070 ms - 8161[0m
[0mGET /api/website/category/list [32m200[0m 48.446 ms - 30069[0m
[0mGET /api/website/product/new-arrival [32m200[0m 42.488 ms - 68077[0m
[0mGET /api/website/product/women-fashion [32m200[0m 82.222 ms - 7718[0m
[0mGET /api/website/flash-sale [32m200[0m 37.493 ms - 49[0m
[0mGET /api/website/product?type=shampoo [32m200[0m 128.722 ms - 6949[0m
[0mGET /api/website/product?type=makeup [32m200[0m 98.135 ms - 3194[0m
[0mGET /api/website/product/home-kitchen [32m200[0m 90.089 ms - 15246[0m
[0mGET /api/website/product/men-fashion [32m200[0m 66.378 ms - 6402[0m
[0mGET /api/website/image/banner?type=0 [36m304[0m 57.905 ms - -[0m
[0mGET /api/website/collection/list [36m304[0m 71.534 ms - -[0m
[0mGET /api/website/popular/category-list [36m304[0m 73.044 ms - -[0m
[0mGET /api/website/category/list [36m304[0m 82.855 ms - -[0m
[0mGET /api/website/product/home-kitchen [36m304[0m 102.953 ms - -[0m
[0mGET /api/website/product/women-fashion [36m304[0m 103.047 ms - -[0m
[0mGET /api/website/flash-sale [36m304[0m 18.225 ms - -[0m
[0mGET /api/website/product/new-arrival [36m304[0m 45.170 ms - -[0m
[0mGET /api/website/product/men-fashion [36m304[0m 70.609 ms - -[0m
[0mGET /api/website/product?type=makeup [36m304[0m 78.432 ms - -[0m
[0mGET /api/website/product?type=shampoo [36m304[0m 80.151 ms - -[0m
[0mGET /api/website/flash-sale [36m304[0m 10.830 ms - -[0m
[0mGET /api/website/product/men-fashion [36m304[0m 98.179 ms - -[0m
[0mGET /api/website/product/new-arrival [36m304[0m 90.715 ms - -[0m
[0mGET /api/website/product/women-fashion [36m304[0m 105.527 ms - -[0m
[0mGET /api/website/product/home-kitchen [36m304[0m 110.913 ms - -[0m
[0mGET /api/website/product?type=makeup [36m304[0m 106.992 ms - -[0m
[0mGET /api/website/product?type=shampoo [36m304[0m 117.930 ms - -[0m
[0mGET /api/website/flash-sale [36m304[0m 9.676 ms - -[0m
[0mGET /api/website/product/home-kitchen [36m304[0m 84.195 ms - -[0m
[0mGET /api/website/product/women-fashion [36m304[0m 80.463 ms - -[0m
[0mGET /api/website/product/new-arrival [36m304[0m 69.817 ms - -[0m
[0mGET /api/website/product/men-fashion [36m304[0m 81.148 ms - -[0m
[0mGET /api/website/product?type=makeup [36m304[0m 82.702 ms - -[0m
[0mGET /api/website/product?type=shampoo [36m304[0m 82.595 ms - -[0m
[0mGET /api/website/image/banner?type=0 [32m200[0m 67.562 ms - 523[0m
[0mGET /api/website/collection/list [32m200[0m 81.196 ms - 4602[0m
[0mGET /api/website/popular/category-list [32m200[0m 84.690 ms - 8161[0m
[0mGET /api/website/category/list [32m200[0m 88.440 ms - 30069[0m
[0mGET /api/website/product/women-fashion [32m200[0m 102.619 ms - 7718[0m
[0mGET /api/website/product/home-kitchen [32m200[0m 106.752 ms - 15246[0m
[0mGET /api/website/flash-sale [32m200[0m 20.824 ms - 49[0m
[0mGET /api/website/product/men-fashion [32m200[0m 39.372 ms - 6402[0m
[0mGET /api/website/product?type=shampoo [32m200[0m 60.424 ms - 6949[0m
[0mGET /api/website/product/new-arrival [32m200[0m 40.040 ms - 68077[0m
[0mGET /api/website/product?type=makeup [32m200[0m 59.447 ms - 3194[0m
[0mGET /api/website/image/banner?type=0 [32m200[0m 26.024 ms - 523[0m
[0mGET /api/website/category/list [32m200[0m 55.785 ms - 30069[0m
[0mGET /api/website/popular/category-list [32m200[0m 67.684 ms - 8161[0m
[0mGET /api/website/collection/list [32m200[0m 72.940 ms - 4602[0m
[0mGET /api/website/flash-sale [32m200[0m 13.003 ms - 49[0m
[0mGET /api/website/product/women-fashion [32m200[0m 162.666 ms - 7718[0m
[0mGET /api/website/product/home-kitchen [32m200[0m 163.045 ms - 15246[0m
[0mGET /api/website/product?type=makeup [32m200[0m 159.095 ms - 3194[0m
[0mGET /api/website/product/men-fashion [32m200[0m 95.158 ms - 6402[0m
[0mGET /api/website/product/new-arrival [32m200[0m 74.460 ms - 68077[0m
[0mGET /api/website/product?type=shampoo [32m200[0m 146.235 ms - 6949[0m
[0mGET /api/website/image/banner?type=0 [32m200[0m 82.426 ms - 523[0m
[0mGET /api/website/collection/list [32m200[0m 80.970 ms - 4602[0m
[0mGET /api/website/popular/category-list [32m200[0m 83.776 ms - 8161[0m
[0mGET /api/website/category/list [32m200[0m 94.498 ms - 30069[0m
[0mGET /api/website/product/home-kitchen [32m200[0m 104.788 ms - 15246[0m
[0mGET /api/website/product/women-fashion [32m200[0m 103.739 ms - 7718[0m
[0mGET /api/website/flash-sale [32m200[0m 15.382 ms - 49[0m
[0mGET /api/website/product/new-arrival [32m200[0m 41.715 ms - 68077[0m
[0mGET /api/website/product/men-fashion [32m200[0m 65.865 ms - 6402[0m
[0mGET /api/website/product?type=shampoo [32m200[0m 73.057 ms - 6949[0m
[0mGET /api/website/product?type=makeup [32m200[0m 74.881 ms - 3194[0m
[0mGET /api/website/image/banner?type=0 [32m200[0m 23.111 ms - 523[0m
[0mGET /api/website/category/list [32m200[0m 56.010 ms - 30069[0m
[0mGET /api/website/collection/list [32m200[0m 57.328 ms - 4602[0m
[0mGET /api/website/popular/category-list [32m200[0m 60.227 ms - 8161[0m
[0mGET /api/website/flash-sale [32m200[0m 9.406 ms - 49[0m
[0mGET /api/website/product/women-fashion [32m200[0m 118.264 ms - 7718[0m
[0mGET /api/website/product/home-kitchen [32m200[0m 150.086 ms - 15246[0m
[0mGET /api/website/product/men-fashion [32m200[0m 86.119 ms - 6402[0m
[0mGET /api/website/product?type=shampoo [32m200[0m 94.544 ms - 6949[0m
[0mGET /api/website/product/new-arrival [32m200[0m 81.598 ms - 68077[0m
[0mGET /api/website/product?type=makeup [32m200[0m 144.695 ms - 3194[0m
[0mGET /api/website/image/banner?type=0 [32m200[0m 25.203 ms - 523[0m
[0mGET /api/website/category/list [32m200[0m 64.948 ms - 30069[0m
[0mGET /api/website/popular/category-list [32m200[0m 70.936 ms - 8161[0m
[0mGET /api/website/collection/list [32m200[0m 69.868 ms - 4602[0m
[0mGET /api/website/flash-sale [32m200[0m 12.542 ms - 49[0m
[0mGET /api/website/product/new-arrival [32m200[0m 93.255 ms - 68077[0m
[0mGET /api/website/product/home-kitchen [32m200[0m 168.253 ms - 15246[0m
[0mGET /api/website/product/women-fashion [32m200[0m 167.963 ms - 7718[0m
[0mGET /api/website/product?type=makeup [32m200[0m 124.311 ms - 3194[0m
[0mGET /api/website/product/men-fashion [32m200[0m 94.818 ms - 6402[0m
[0mGET /api/website/product?type=shampoo [32m200[0m 109.928 ms - 6949[0m
[0mGET /api/website/image/banner?type=0 [32m200[0m 15.810 ms - 523[0m
[0mGET /api/website/popular/category-list [32m200[0m 35.761 ms - 8161[0m
[0mGET /api/website/category/list [32m200[0m 38.194 ms - 30069[0m
[0mGET /api/website/collection/list [32m200[0m 39.398 ms - 4602[0m
[0mGET /api/website/flash-sale [32m200[0m 4.414 ms - 49[0m
[0mGET /api/website/product/women-fashion [32m200[0m 97.984 ms - 7718[0m
[0mGET /api/website/product/men-fashion [32m200[0m 59.919 ms - 6402[0m
[0mGET /api/website/product/home-kitchen [32m200[0m 100.987 ms - 15246[0m
[0mGET /api/website/product?type=makeup [32m200[0m 94.171 ms - 3194[0m
[0mGET /api/website/product?type=shampoo [32m200[0m 63.129 ms - 6949[0m
[0mGET /api/website/product/new-arrival [32m200[0m 55.822 ms - 68077[0m
[0mGET /api/website/image/banner?type=0 [32m200[0m 24.272 ms - 523[0m
[0mGET /api/website/category/list [32m200[0m 53.439 ms - 30069[0m
[0mGET /api/website/collection/list [32m200[0m 55.436 ms - 4602[0m
[0mGET /api/website/popular/category-list [32m200[0m 57.455 ms - 8161[0m
[0mGET /api/website/flash-sale [32m200[0m 9.919 ms - 49[0m
[0mGET /api/website/product/women-fashion [32m200[0m 143.131 ms - 7718[0m
[0mGET /api/website/product?type=shampoo [32m200[0m 93.868 ms - 6949[0m
[0mGET /api/website/product/men-fashion [32m200[0m 87.513 ms - 6402[0m
[0mGET /api/website/product/new-arrival [32m200[0m 85.418 ms - 68077[0m
[0mGET /api/website/product?type=makeup [32m200[0m 134.680 ms - 3194[0m
[0mGET /api/website/product/home-kitchen [32m200[0m 154.889 ms - 15246[0m
[0mGET /api/website/image/banner?type=0 [32m200[0m 30.570 ms - 523[0m
[0mGET /api/website/category/list [32m200[0m 61.018 ms - 30069[0m
[0mGET /api/website/collection/list [32m200[0m 52.062 ms - 4602[0m
[0mGET /api/website/popular/category-list [32m200[0m 61.150 ms - 8161[0m
[0mGET /api/website/flash-sale [32m200[0m 5.807 ms - 49[0m
[0mGET /api/website/product/new-arrival [32m200[0m 52.378 ms - 68077[0m
[0mGET /api/website/product/home-kitchen [32m200[0m 116.759 ms - 15246[0m
[0mGET /api/website/product/men-fashion [32m200[0m 56.996 ms - 6402[0m
[0mGET /api/website/product?type=makeup [32m200[0m 105.044 ms - 3194[0m
[0mGET /api/website/product/women-fashion [32m200[0m 116.109 ms - 7718[0m
[0mGET /api/website/product?type=shampoo [32m200[0m 64.617 ms - 6949[0m
[0mGET /api/website/image/banner?type=0 [32m200[0m 32.637 ms - 523[0m
[0mGET /api/website/category/list [32m200[0m 68.492 ms - 30069[0m
[0mGET /api/website/collection/list [32m200[0m 63.154 ms - 4602[0m
[0mGET /api/website/popular/category-list [32m200[0m 67.087 ms - 8161[0m
[0mGET /api/website/flash-sale [32m200[0m 4.339 ms - 49[0m
[0mGET /api/website/product?type=makeup [32m200[0m 46.381 ms - 3194[0m
[0mGET /api/website/product/new-arrival [32m200[0m 96.493 ms - 68077[0m
[0mGET /api/website/product/home-kitchen [32m200[0m 184.860 ms - 15246[0m
[0mGET /api/website/product/women-fashion [32m200[0m 184.405 ms - 7718[0m
[0mGET /api/website/product/men-fashion [32m200[0m 112.889 ms - 6402[0m
[0mGET /api/website/product?type=shampoo [32m200[0m 124.521 ms - 6949[0m
[0mGET /api/website/image/banner?type=0 [36m304[0m 41.518 ms - -[0m
[0mGET /api/website/category/list [36m304[0m 62.762 ms - -[0m
[0mGET /api/website/popular/category-list [36m304[0m 63.819 ms - -[0m
[0mGET /api/website/collection/list [36m304[0m 63.776 ms - -[0m
[0mGET /api/website/flash-sale [36m304[0m 11.517 ms - -[0m
[0mGET /api/website/product?type=shampoo [36m304[0m 70.383 ms - -[0m
[0mGET /api/website/product/men-fashion [36m304[0m 63.111 ms - -[0m
[0mGET /api/website/product/home-kitchen [36m304[0m 131.114 ms - -[0m
[0mGET /api/website/product/women-fashion [36m304[0m 129.516 ms - -[0m
[0mGET /api/website/product?type=makeup [36m304[0m 114.148 ms - -[0m
[0mGET /api/website/product/new-arrival [36m304[0m 56.064 ms - -[0m
[0mGET /api/website/image/banner?type=0 [36m304[0m 22.624 ms - -[0m
[0mGET /api/website/category/list [36m304[0m 72.496 ms - -[0m
[0mGET /api/website/collection/list [36m304[0m 84.409 ms - -[0m
[0mGET /api/website/popular/category-list [36m304[0m 89.151 ms - -[0m
[0mGET /api/website/flash-sale [36m304[0m 26.120 ms - -[0m
[0mGET /api/website/product/new-arrival [36m304[0m 138.086 ms - -[0m
[0mGET /api/website/product/home-kitchen [36m304[0m 249.121 ms - -[0m
[0mGET /api/website/product/women-fashion [36m304[0m 249.017 ms - -[0m
[0mGET /api/website/product?type=makeup [36m304[0m 237.543 ms - -[0m
[0mGET /api/website/product/men-fashion [36m304[0m 147.311 ms - -[0m
[0mGET /api/website/product?type=shampoo [36m304[0m 160.030 ms - -[0m
[0mGET /api/website/image/banner?type=0 [36m304[0m 9.716 ms - -[0m
[0mGET /api/website/collection/list [36m304[0m 13.059 ms - -[0m
[0mGET /api/website/popular/category-list [36m304[0m 14.085 ms - -[0m
[0mGET /api/website/flash-sale [36m304[0m 5.772 ms - -[0m
[0mGET /api/website/product?type=makeup [36m304[0m 36.645 ms - -[0m
[0mGET /api/website/product/men-fashion [36m304[0m 71.070 ms - -[0m
[0mGET /api/website/product/new-arrival [36m304[0m 73.285 ms - -[0m
[0mGET /api/website/product/home-kitchen [36m304[0m 93.244 ms - -[0m
[0mGET /api/website/product?type=shampoo [36m304[0m 84.846 ms - -[0m
[0mGET /api/website/product/women-fashion [36m304[0m 92.717 ms - -[0m
[0mGET /api/website/popular/category-list [36m304[0m 18.467 ms - -[0m
[0mGET /api/website/collection/list [36m304[0m 12.180 ms - -[0m
[0mGET /api/website/flash-sale [36m304[0m 8.775 ms - -[0m
[0mGET /api/website/product?type=makeup [36m304[0m 203.477 ms - -[0m
[0mGET /api/website/product/home-kitchen [36m304[0m 204.386 ms - -[0m
[0mGET /api/website/product?type=shampoo [36m304[0m 203.566 ms - -[0m
[0mGET /api/website/product/women-fashion [36m304[0m 204.333 ms - -[0m
[0mGET /api/website/product/new-arrival [36m304[0m 185.671 ms - -[0m
[0mGET /api/website/product/men-fashion [36m304[0m 198.190 ms - -[0m
[0mGET /api/website/image/banner?type=0 [36m304[0m 31.573 ms - -[0m
[0mGET /api/website/popular/category-list [36m304[0m 20.867 ms - -[0m
[0mGET /api/website/collection/list [36m304[0m 17.077 ms - -[0m
[0mGET /api/website/flash-sale [36m304[0m 12.565 ms - -[0m
[0mGET /api/website/product/new-arrival [36m304[0m 67.412 ms - -[0m
[0mGET /api/website/product/women-fashion [36m304[0m 92.302 ms - -[0m
[0mGET /api/website/product/home-kitchen [36m304[0m 93.292 ms - -[0m
[0mGET /api/website/product?type=makeup [36m304[0m 92.217 ms - -[0m
[0mGET /api/website/product?type=shampoo [36m304[0m 77.555 ms - -[0m
[0mGET /api/website/product/men-fashion [36m304[0m 54.268 ms - -[0m
[0mGET /api/website/image/banner?type=0 [36m304[0m 6.302 ms - -[0m
[0mGET /api/website/image/banner?type=0 [36m304[0m 8.775 ms - -[0m
[0mGET /api/website/image/banner?type=0 [36m304[0m 39.697 ms - -[0m
[0mGET /api/website/image/banner?type=0 [36m304[0m 26.743 ms - -[0m
[0mGET /api/website/image/banner?type=0 [32m200[0m 40.301 ms - 523[0m
[0mGET /api/website/collection/list [32m200[0m 64.735 ms - 4602[0m
[0mGET /api/website/popular/category-list [32m200[0m 72.120 ms - 8161[0m
[0mGET /api/website/category/list [32m200[0m 81.882 ms - 30069[0m
[0mGET /api/website/flash-sale [32m200[0m 17.972 ms - 49[0m
[0mGET /api/website/product/women-fashion [32m200[0m 89.308 ms - 7718[0m
[0mGET /api/website/product/home-kitchen [32m200[0m 110.983 ms - 15246[0m
[0mGET /api/website/product?type=shampoo [32m200[0m 92.936 ms - 6949[0m
[0mGET /api/website/product/new-arrival [32m200[0m 39.484 ms - 68077[0m
[0mGET /api/website/product?type=makeup [32m200[0m 55.174 ms - 3194[0m
[0mGET /api/website/product/men-fashion [32m200[0m 27.619 ms - 6402[0m
[0mGET /api/website/image/banner?type=0 [36m304[0m 16.622 ms - -[0m
[0mGET /api/website/flash-sale [36m304[0m 15.420 ms - -[0m
[0mGET /api/website/product/new-arrival [36m304[0m 64.395 ms - -[0m
[0mGET /api/website/product/home-kitchen [36m304[0m 85.965 ms - -[0m
[0mGET /api/website/product/men-fashion [36m304[0m 79.785 ms - -[0m
[0mGET /api/website/product?type=shampoo [36m304[0m 88.444 ms - -[0m
[0mGET /api/website/product?type=makeup [36m304[0m 92.516 ms - -[0m
[0mGET /api/website/product/women-fashion [36m304[0m 80.432 ms - -[0m
[0mGET /api/website/image/banner?type=0 [36m304[0m 26.732 ms - -[0m
[0mGET /api/website/popular/category-list [36m304[0m 37.720 ms - -[0m
[0mGET /api/website/collection/list [36m304[0m 38.897 ms - -[0m
[0mGET /api/website/flash-sale [36m304[0m 9.091 ms - -[0m
[0mGET /api/website/product/new-arrival [36m304[0m 99.229 ms - -[0m
[0mGET /api/website/product/home-kitchen [36m304[0m 147.156 ms - -[0m
[0mGET /api/website/product/men-fashion [36m304[0m 109.207 ms - -[0m
[0mGET /api/website/product/women-fashion [36m304[0m 148.780 ms - -[0m
[0mGET /api/website/product?type=makeup [36m304[0m 148.409 ms - -[0m
[0mGET /api/website/product?type=shampoo [36m304[0m 117.566 ms - -[0m
[0mGET /api/website/popular/category-list [36m304[0m 20.179 ms - -[0m
[0mGET /api/website/flash-sale [36m304[0m 33.973 ms - -[0m
[0mGET /api/website/product/women-fashion [36m304[0m 89.331 ms - -[0m
[0mGET /api/website/product/home-kitchen [36m304[0m 89.951 ms - -[0m
[0mGET /api/website/product/new-arrival [36m304[0m 50.829 ms - -[0m
[0mGET /api/website/product/men-fashion [36m304[0m 71.474 ms - -[0m
[0mGET /api/website/product?type=shampoo [36m304[0m 89.844 ms - -[0m
[0mGET /api/website/product?type=makeup [36m304[0m 90.194 ms - -[0m
[0mGET /api/website/image/banner?type=0 [32m200[0m 33.739 ms - 523[0m
[0mGET /api/website/category/list [32m200[0m 69.535 ms - 30069[0m
[0mGET /api/website/popular/category-list [32m200[0m 73.046 ms - 8161[0m
[0mGET /api/website/collection/list [32m200[0m 68.890 ms - 4602[0m
[0mGET /api/website/flash-sale [32m200[0m 7.412 ms - 49[0m
[0mGET /api/website/product/new-arrival [32m200[0m 104.864 ms - 68077[0m
[0mGET /api/website/product/home-kitchen [32m200[0m 179.694 ms - 15246[0m
[0mGET /api/website/product?type=makeup [32m200[0m 130.597 ms - 3194[0m
[0mGET /api/website/product/men-fashion [32m200[0m 107.364 ms - 6402[0m
[0mGET /api/website/product/women-fashion [32m200[0m 180.113 ms - 7718[0m
[0mGET /api/website/product?type=shampoo [32m200[0m 121.093 ms - 6949[0m
[0mGET /api/website/image/banner?type=0 [32m200[0m 30.850 ms - 523[0m
[0mGET /api/website/collection/list [32m200[0m 71.060 ms - 4602[0m
[0mGET /api/website/popular/category-list [32m200[0m 74.732 ms - 8161[0m
[0mGET /api/website/category/list [32m200[0m 79.661 ms - 30069[0m
[0mGET /api/website/flash-sale [32m200[0m 7.145 ms - 49[0m
[0mGET /api/website/product/home-kitchen [32m200[0m 113.438 ms - 15246[0m
[0mGET /api/website/product/women-fashion [32m200[0m 113.244 ms - 7718[0m
[0mGET /api/website/product/men-fashion [32m200[0m 64.010 ms - 6402[0m
[0mGET /api/website/product?type=shampoo [32m200[0m 127.583 ms - 6949[0m
[0mGET /api/website/product?type=makeup [32m200[0m 64.614 ms - 3194[0m
[0mGET /api/website/product/new-arrival [32m200[0m 58.238 ms - 68077[0m
[0mGET /api/website/image/banner?type=0 [32m200[0m 22.282 ms - 523[0m
[0mGET /api/website/category/list [32m200[0m 49.058 ms - 30069[0m
[0mGET /api/website/collection/list [32m200[0m 55.134 ms - 4602[0m
[0mGET /api/website/popular/category-list [32m200[0m 56.626 ms - 8161[0m
[0mGET /api/website/flash-sale [32m200[0m 4.010 ms - 49[0m
[0mGET /api/website/product/new-arrival [32m200[0m 60.229 ms - 68077[0m
[0mGET /api/website/product?type=makeup [32m200[0m 73.759 ms - 3194[0m
[0mGET /api/website/product?type=shampoo [32m200[0m 113.382 ms - 6949[0m
[0mGET /api/website/product/home-kitchen [32m200[0m 125.866 ms - 15246[0m
[0mGET /api/website/product/women-fashion [32m200[0m 125.788 ms - 7718[0m
[0mGET /api/website/product/men-fashion [32m200[0m 65.594 ms - 6402[0m
[0mGET /api/website/image/banner?type=0 [36m304[0m 34.483 ms - -[0m
[0mGET /api/website/category/list [36m304[0m 54.740 ms - -[0m
[0mGET /api/website/popular/category-list [36m304[0m 46.088 ms - -[0m
[0mGET /api/website/collection/list [36m304[0m 51.612 ms - -[0m
[0mGET /api/website/product/home-kitchen [36m304[0m 91.386 ms - -[0m
[0mGET /api/website/product/new-arrival [36m304[0m 46.499 ms - -[0m
[0mGET /api/website/product/women-fashion [36m304[0m 91.367 ms - -[0m
[0mGET /api/website/product/men-fashion [36m304[0m 48.268 ms - -[0m
[0mGET /api/website/product?type=shampoo [36m304[0m 52.082 ms - -[0m
[0mGET /api/website/product?type=makeup [36m304[0m 81.187 ms - -[0m
[0mGET /api/website/flash-sale [36m304[0m 3.568 ms - -[0m
[0mGET /api/website/image/banner?type=0 [32m200[0m 34.893 ms - 523[0m
[0mGET /api/website/popular/category-list [32m200[0m 32.018 ms - 8161[0m
[0mGET /api/website/collection/list [32m200[0m 32.413 ms - 4602[0m
[0mGET /api/website/category/list [32m200[0m 36.728 ms - 30069[0m
[0mGET /api/website/flash-sale [32m200[0m 4.274 ms - 49[0m
[0mGET /api/website/product/home-kitchen [32m200[0m 76.738 ms - 15246[0m
[0mGET /api/website/product?type=shampoo [32m200[0m 93.588 ms - 6949[0m
[0mGET /api/website/product/women-fashion [32m200[0m 62.182 ms - 7718[0m
[0mGET /api/website/product/new-arrival [32m200[0m 58.824 ms - 68077[0m
[0mGET /api/website/product/men-fashion [32m200[0m 63.403 ms - 6402[0m
[0mGET /api/website/product?type=makeup [32m200[0m 72.791 ms - 3194[0m
[0mGET /api/website/image/banner?type=0 [32m200[0m 30.316 ms - 523[0m
[0mGET /api/website/category/list [32m200[0m 68.252 ms - 30069[0m
[0mGET /api/website/collection/list [32m200[0m 66.056 ms - 4602[0m
[0mGET /api/website/popular/category-list [32m200[0m 68.566 ms - 8161[0m
[0mGET /api/website/flash-sale [32m200[0m 6.806 ms - 49[0m
[0mGET /api/website/product?type=makeup [32m200[0m 90.427 ms - 3194[0m
[0mGET /api/website/product/women-fashion [32m200[0m 129.630 ms - 7718[0m
[0mGET /api/website/product/men-fashion [32m200[0m 58.574 ms - 6402[0m
[0mGET /api/website/product/home-kitchen [32m200[0m 128.819 ms - 15246[0m
[0mGET /api/website/product/new-arrival [32m200[0m 54.853 ms - 68077[0m
[0mGET /api/website/product?type=shampoo [32m200[0m 68.548 ms - 6949[0m
[0mGET /api/website/image/banner?type=0 [32m200[0m 41.099 ms - 523[0m
[0mGET /api/website/popular/category-list [32m200[0m 71.249 ms - 8161[0m
[0mGET /api/website/collection/list [32m200[0m 74.434 ms - 4602[0m
[0mGET /api/website/category/list [32m200[0m 83.358 ms - 30069[0m
[0mGET /api/website/product/home-kitchen [32m200[0m 78.033 ms - 15246[0m
[0mGET /api/website/product/women-fashion [32m200[0m 80.510 ms - 7718[0m
[0mGET /api/website/flash-sale [32m200[0m 7.590 ms - 49[0m
[0mGET /api/website/product/new-arrival [32m200[0m 137.115 ms - 68077[0m
[0mGET /api/website/product?type=makeup [32m200[0m 194.530 ms - 3194[0m
[0mGET /api/website/product/men-fashion [32m200[0m 140.642 ms - 6402[0m
[0mGET /api/website/product?type=shampoo [32m200[0m 144.005 ms - 6949[0m
[0mGET /api/website/image/banner?type=0 [32m200[0m 39.421 ms - 523[0m
[0mGET /api/website/collection/list [32m200[0m 47.045 ms - 4602[0m
[0mGET /api/website/popular/category-list [32m200[0m 49.613 ms - 8161[0m
[0mGET /api/website/category/list [32m200[0m 62.447 ms - 30069[0m
[0mGET /api/website/flash-sale [32m200[0m 5.457 ms - 49[0m
[0mGET /api/website/product/home-kitchen [32m200[0m 125.672 ms - 15246[0m
[0mGET /api/website/product/men-fashion [32m200[0m 67.449 ms - 6402[0m
[0mGET /api/website/product/women-fashion [32m200[0m 123.827 ms - 7718[0m
[0mGET /api/website/product/new-arrival [32m200[0m 65.076 ms - 68077[0m
[0mGET /api/website/product?type=makeup [32m200[0m 82.446 ms - 3194[0m
[0mGET /api/website/product?type=shampoo [32m200[0m 78.946 ms - 6949[0m
[0mGET /api/website/image/banner?type=0 [32m200[0m 29.376 ms - 523[0m
[0mGET /api/website/category/list [32m200[0m 62.720 ms - 30069[0m
[0mGET /api/website/collection/list [32m200[0m 59.043 ms - 4602[0m
[0mGET /api/website/popular/category-list [32m200[0m 69.167 ms - 8161[0m
[0mGET /api/website/flash-sale [32m200[0m 7.027 ms - 49[0m
[0mGET /api/website/product/new-arrival [32m200[0m 103.323 ms - 68077[0m
[0mGET /api/website/product/women-fashion [32m200[0m 169.571 ms - 7718[0m
[0mGET /api/website/product/home-kitchen [32m200[0m 171.440 ms - 15246[0m
[0mGET /api/website/product/men-fashion [32m200[0m 110.601 ms - 6402[0m
[0mGET /api/website/product?type=makeup [32m200[0m 135.502 ms - 3194[0m
[0mGET /api/website/product?type=shampoo [32m200[0m 119.396 ms - 6949[0m
[0mGET /api/website/image/banner?type=0 [36m304[0m 15.328 ms - -[0m
[0mGET /api/website/category/list [36m304[0m 90.082 ms - -[0m
[0mGET /api/website/collection/list [36m304[0m 108.589 ms - -[0m
[0mGET /api/website/product/home-kitchen [0m-[0m - ms - -[0m
[0mGET /api/website/product?type=makeup [0m-[0m - ms - -[0m
[0mGET /api/website/product/women-fashion [0m-[0m - ms - -[0m
[0mGET /api/website/popular/category-list [36m304[0m 134.466 ms - -[0m
[0mGET /api/website/flash-sale [0m-[0m - ms - -[0m
[0mGET /api/website/product?type=shampoo [0m-[0m - ms - -[0m
[0mGET /api/website/image/banner?type=0 [32m200[0m 28.059 ms - 523[0m
[0mGET /api/website/collection/list [32m200[0m 52.932 ms - 4602[0m
[0mGET /api/website/popular/category-list [32m200[0m 56.151 ms - 8161[0m
[0mGET /api/website/category/list [32m200[0m 68.136 ms - 30069[0m
[0mGET /api/website/flash-sale [32m200[0m 8.312 ms - 49[0m
[0mGET /api/website/product?type=makeup [32m200[0m 63.606 ms - 3194[0m
[0mGET /api/website/product/men-fashion [32m200[0m 184.667 ms - 6402[0m
[0mGET /api/website/product/women-fashion [32m200[0m 250.237 ms - 7718[0m
[0mGET /api/website/product/home-kitchen [32m200[0m 251.160 ms - 15246[0m
[0mGET /api/website/product/new-arrival [32m200[0m 179.910 ms - 68077[0m
[0mGET /api/website/product?type=shampoo [32m200[0m 195.680 ms - 6949[0m
[0mGET /api/website/image/banner?type=0 [32m200[0m 31.288 ms - 523[0m
[0mGET /api/website/category/list [32m200[0m 54.226 ms - 30069[0m
[0mGET /api/website/collection/list [32m200[0m 58.677 ms - 4602[0m
[0mGET /api/website/popular/category-list [32m200[0m 61.508 ms - 8161[0m
[0mGET /api/website/flash-sale [32m200[0m 6.032 ms - 49[0m
[0mGET /api/website/product/women-fashion [32m200[0m 125.252 ms - 7718[0m
[0mGET /api/website/product/new-arrival [32m200[0m 60.445 ms - 68077[0m
[0mGET /api/website/product/home-kitchen [32m200[0m 132.049 ms - 15246[0m
[0mGET /api/website/product?type=shampoo [32m200[0m 115.672 ms - 6949[0m
[0mGET /api/website/product?type=makeup [32m200[0m 73.823 ms - 3194[0m
[0mGET /api/website/product/men-fashion [32m200[0m 69.195 ms - 6402[0m
[0mGET /api/website/image/banner?type=0 [32m200[0m 30.428 ms - 523[0m
[0mGET /api/website/collection/list [32m200[0m 43.886 ms - 4602[0m
[0mGET /api/website/popular/category-list [32m200[0m 45.675 ms - 8161[0m
[0mGET /api/website/category/list [32m200[0m 52.182 ms - 30069[0m
[0mGET /api/website/flash-sale [32m200[0m 2.909 ms - 49[0m
[0mGET /api/website/product/home-kitchen [32m200[0m 75.517 ms - 15246[0m
[0mGET /api/website/product/women-fashion [32m200[0m 72.076 ms - 7718[0m
[0mGET /api/website/product?type=makeup [32m200[0m 53.903 ms - 3194[0m
[0mGET /api/website/product/new-arrival [32m200[0m 88.630 ms - 68077[0m
[0mGET /api/website/product?type=shampoo [32m200[0m 100.879 ms - 6949[0m
[0mGET /api/website/product/men-fashion [32m200[0m 96.173 ms - 6402[0m
[0mGET /api/website/image/banner?type=0 [32m200[0m 28.939 ms - 523[0m
[0mGET /api/website/category/list [32m200[0m 49.964 ms - 30069[0m
[0mGET /api/website/popular/category-list [32m200[0m 57.891 ms - 8161[0m
[0mGET /api/website/collection/list [32m200[0m 61.064 ms - 4602[0m
[0mGET /api/website/flash-sale [32m200[0m 6.104 ms - 49[0m
[0mGET /api/website/product?type=makeup [32m200[0m 81.770 ms - 3194[0m
[0mGET /api/website/product/men-fashion [32m200[0m 57.574 ms - 6402[0m
[0mGET /api/website/product/home-kitchen [32m200[0m 120.391 ms - 15246[0m
[0mGET /api/website/product/new-arrival [32m200[0m 52.758 ms - 68077[0m
[0mGET /api/website/product/women-fashion [32m200[0m 122.823 ms - 7718[0m
[0mGET /api/website/product?type=shampoo [32m200[0m 70.106 ms - 6949[0m
[0mGET /api/website/image/banner?type=0 [32m200[0m 12.966 ms - 523[0m
[0mGET /api/website/popular/category-list [32m200[0m 35.244 ms - 8161[0m
[0mGET /api/website/collection/list [32m200[0m 35.063 ms - 4602[0m
[0mGET /api/website/category/list [32m200[0m 39.979 ms - 30069[0m
[0mGET /api/website/flash-sale [32m200[0m 11.142 ms - 49[0m
[0mGET /api/website/product/women-fashion [32m200[0m 81.036 ms - 7718[0m
[0mGET /api/website/product/home-kitchen [32m200[0m 107.323 ms - 15246[0m
[0mGET /api/website/product/men-fashion [32m200[0m 111.356 ms - 6402[0m
[0mGET /api/website/product/new-arrival [32m200[0m 64.382 ms - 68077[0m
[0mGET /api/website/product?type=makeup [32m200[0m 78.360 ms - 3194[0m
[0mGET /api/website/product?type=shampoo [32m200[0m 77.041 ms - 6949[0m
[0mGET /api/website/image/banner?type=0 [32m200[0m 28.896 ms - 523[0m
[0mGET /api/website/category/list [32m200[0m 57.980 ms - 30069[0m
[0mGET /api/website/collection/list [32m200[0m 60.249 ms - 4602[0m
[0mGET /api/website/popular/category-list [32m200[0m 61.941 ms - 8161[0m
[0mGET /api/website/flash-sale [32m200[0m 4.995 ms - 49[0m
[0mGET /api/website/product?type=shampoo [32m200[0m 102.163 ms - 6949[0m
[0mGET /api/website/product/home-kitchen [32m200[0m 122.839 ms - 15246[0m
[0mGET /api/website/product/new-arrival [32m200[0m 49.427 ms - 68077[0m
[0mGET /api/website/product/women-fashion [32m200[0m 123.541 ms - 7718[0m
[0mGET /api/website/product/men-fashion [32m200[0m 50.028 ms - 6402[0m
[0mGET /api/website/product?type=makeup [32m200[0m 55.496 ms - 3194[0m
[0mGET /api/website/image/banner?type=0 [32m200[0m 26.069 ms - 523[0m
[0mGET /api/website/category/list [32m200[0m 50.099 ms - 30069[0m
[0mGET /api/website/collection/list [32m200[0m 52.722 ms - 4602[0m
[0mGET /api/website/popular/category-list [32m200[0m 57.423 ms - 8161[0m
[0mGET /api/website/flash-sale [32m200[0m 12.117 ms - 49[0m
[0mGET /api/website/product/men-fashion [32m200[0m 58.629 ms - 6402[0m
[0mGET /api/website/product/home-kitchen [32m200[0m 118.308 ms - 15246[0m
[0mGET /api/website/product?type=shampoo [32m200[0m 68.419 ms - 6949[0m
[0mGET /api/website/product/new-arrival [32m200[0m 53.751 ms - 68077[0m
[0mGET /api/website/product/women-fashion [32m200[0m 121.786 ms - 7718[0m
[0mGET /api/website/product?type=makeup [32m200[0m 110.495 ms - 3194[0m
[0mGET /api/website/image/banner?type=0 [32m200[0m 26.046 ms - 523[0m
[0mGET /api/website/collection/list [32m200[0m 60.733 ms - 4602[0m
[0mGET /api/website/popular/category-list [32m200[0m 63.687 ms - 8161[0m
[0mGET /api/website/category/list [32m200[0m 70.257 ms - 30069[0m
[0mGET /api/website/flash-sale [32m200[0m 15.360 ms - 49[0m
[0mGET /api/website/product/home-kitchen [32m200[0m 114.862 ms - 15246[0m
[0mGET /api/website/product?type=makeup [32m200[0m 114.331 ms - 3194[0m
[0mGET /api/website/product/new-arrival [32m200[0m 46.799 ms - 68077[0m
[0mGET /api/website/product/men-fashion [32m200[0m 51.843 ms - 6402[0m
[0mGET /api/website/product/women-fashion [32m200[0m 59.545 ms - 7718[0m
[0mGET /api/website/product?type=shampoo [32m200[0m 59.578 ms - 6949[0m
[0mGET /api/website/image/banner?type=0 [32m200[0m 15.894 ms - 523[0m
[0mGET /api/website/collection/list [32m200[0m 52.818 ms - 4602[0m
[0mGET /api/website/popular/category-list [32m200[0m 54.688 ms - 8161[0m
[0mGET /api/website/category/list [32m200[0m 61.659 ms - 30069[0m
[0mGET /api/website/flash-sale [32m200[0m 8.989 ms - 49[0m
[0mGET /api/website/product?type=shampoo [32m200[0m 199.612 ms - 6949[0m
[0mGET /api/website/product/women-fashion [32m200[0m 252.718 ms - 7718[0m
[0mGET /api/website/product/men-fashion [32m200[0m 194.435 ms - 6402[0m
[0mGET /api/website/product?type=makeup [32m200[0m 248.736 ms - 3194[0m
[0mGET /api/website/product/home-kitchen [32m200[0m 253.700 ms - 15246[0m
[0mGET /api/website/product/new-arrival [32m200[0m 195.225 ms - 68077[0m
[0mGET /api/website/image/banner?type=0 [32m200[0m 32.957 ms - 523[0m
[0mGET /api/website/popular/category-list [32m200[0m 67.049 ms - 8161[0m
[0mGET /api/website/category/list [32m200[0m 73.998 ms - 30069[0m
[0mGET /api/website/collection/list [32m200[0m 73.467 ms - 4602[0m
[0mGET /api/website/flash-sale [32m200[0m 5.376 ms - 49[0m
[0mGET /api/website/product/home-kitchen [32m200[0m 75.660 ms - 15246[0m
[0mGET /api/website/product/women-fashion [32m200[0m 47.493 ms - 7718[0m
[0mGET /api/website/product?type=shampoo [32m200[0m 119.526 ms - 6949[0m
[0mGET /api/website/product/men-fashion [32m200[0m 118.933 ms - 6402[0m
[0mGET /api/website/product?type=makeup [32m200[0m 46.087 ms - 3194[0m
[0mGET /api/website/product/new-arrival [32m200[0m 49.374 ms - 68077[0m
[0mGET /api/website/image/banner?type=0 [32m200[0m 56.132 ms - 523[0m
[0mGET /api/website/collection/list [32m200[0m 85.279 ms - 4602[0m
[0mGET /api/website/popular/category-list [32m200[0m 87.759 ms - 8161[0m
[0mGET /api/website/category/list [32m200[0m 93.587 ms - 30069[0m
[0mGET /api/website/flash-sale [32m200[0m 5.492 ms - 49[0m
[0mGET /api/website/product/men-fashion [32m200[0m 136.539 ms - 6402[0m
[0mGET /api/website/product/new-arrival [32m200[0m 134.547 ms - 68077[0m
[0mGET /api/website/product/home-kitchen [32m200[0m 229.283 ms - 15246[0m
[0mGET /api/website/product?type=makeup [32m200[0m 156.768 ms - 3194[0m
[0mGET /api/website/product/women-fashion [32m200[0m 225.909 ms - 7718[0m
[0mGET /api/website/product?type=shampoo [32m200[0m 143.004 ms - 6949[0m
[0mGET /api/website/image/banner?type=0 [32m200[0m 16.947 ms - 523[0m
[0mGET /api/website/collection/list [32m200[0m 40.818 ms - 4602[0m
[0mGET /api/website/popular/category-list [32m200[0m 42.317 ms - 8161[0m
[0mGET /api/website/category/list [32m200[0m 46.367 ms - 30069[0m
[0mGET /api/website/flash-sale [32m200[0m 6.012 ms - 49[0m
[0mGET /api/website/product/home-kitchen [32m200[0m 106.065 ms - 15246[0m
[0mGET /api/website/product/women-fashion [32m200[0m 105.435 ms - 7718[0m
[0mGET /api/website/product/men-fashion [32m200[0m 61.136 ms - 6402[0m
[0mGET /api/website/product?type=makeup [32m200[0m 92.995 ms - 3194[0m
[0mGET /api/website/product/new-arrival [32m200[0m 57.137 ms - 68077[0m
[0mGET /api/website/product?type=shampoo [32m200[0m 65.450 ms - 6949[0m
[0mGET /api/website/image/banner?type=0 [32m200[0m 21.300 ms - 523[0m
[0mGET /api/website/collection/list [32m200[0m 57.823 ms - 4602[0m
[0mGET /api/website/category/list [32m200[0m 63.805 ms - 30069[0m
[0mGET /api/website/popular/category-list [32m200[0m 63.302 ms - 8161[0m
[0mGET /api/website/flash-sale [32m200[0m 6.929 ms - 49[0m
[0mGET /api/website/product/women-fashion [32m200[0m 141.517 ms - 7718[0m
[0mGET /api/website/product/men-fashion [32m200[0m 78.818 ms - 6402[0m
[0mGET /api/website/product?type=makeup [32m200[0m 127.224 ms - 3194[0m
[0mGET /api/website/product/home-kitchen [32m200[0m 143.983 ms - 15246[0m
[0mGET /api/website/product?type=shampoo [32m200[0m 181.991 ms - 6949[0m
[0mGET /api/website/product/new-arrival [32m200[0m 170.351 ms - 68077[0m
[0mGET /api/website/image/banner?type=1 [32m200[0m 54.719 ms - 532[0m
[0mGET /api/website/collection/list [36m304[0m 52.546 ms - -[0m
[0mGET /api/website/popular/category-list [36m304[0m 57.069 ms - -[0m
[0mGET /api/website/category/list [36m304[0m 63.599 ms - -[0m
[0mGET /api/website/flash-sale [36m304[0m 9.365 ms - -[0m
[0mGET /api/website/product/home-kitchen [36m304[0m 126.766 ms - -[0m
[0mGET /api/website/product/new-arrival [36m304[0m 67.234 ms - -[0m
[0mGET /api/website/product?type=makeup [36m304[0m 81.419 ms - -[0m
[0mGET /api/website/product?type=shampoo [36m304[0m 80.885 ms - -[0m
[0mGET /api/website/product/women-fashion [36m304[0m 128.846 ms - -[0m
[0mGET /api/website/product/men-fashion [36m304[0m 75.514 ms - -[0m
[0mGET /api/website/category/list [36m304[0m 69.270 ms - -[0m
[0mGET /api/website/image/banner?type=0 [36m304[0m 12.807 ms - -[0m
[0mGET /api/website/category/list [36m304[0m 37.372 ms - -[0m
[0mGET /api/website/collection/list [36m304[0m 40.487 ms - -[0m
[0mGET /api/website/popular/category-list [36m304[0m 41.849 ms - -[0m
[0mGET /api/website/flash-sale [36m304[0m 2.960 ms - -[0m
[0mGET /api/website/product/women-fashion [36m304[0m 83.298 ms - -[0m
[0mGET /api/website/product/home-kitchen [36m304[0m 84.697 ms - -[0m
[0mGET /api/website/product/new-arrival [36m304[0m 42.059 ms - -[0m
[0mGET /api/website/product?type=makeup [36m304[0m 78.764 ms - -[0m
[0mGET /api/website/product/men-fashion [36m304[0m 45.772 ms - -[0m
[0mGET /api/website/product?type=shampoo [36m304[0m 50.317 ms - -[0m
[0mGET /api/website/image/banner?type=0 [32m200[0m 30.021 ms - 523[0m
[0mGET /api/website/collection/list [32m200[0m 48.859 ms - 4602[0m
[0mGET /api/website/category/list [32m200[0m 56.745 ms - 30069[0m
[0mGET /api/website/popular/category-list [32m200[0m 55.712 ms - 8161[0m
[0mGET /api/website/flash-sale [32m200[0m 8.161 ms - 49[0m
[0mGET /api/website/product?type=makeup [32m200[0m 67.645 ms - 3194[0m
[0mGET /api/website/product/women-fashion [32m200[0m 139.288 ms - 7718[0m
[0mGET /api/website/product/home-kitchen [32m200[0m 140.539 ms - 15246[0m
[0mGET /api/website/product/new-arrival [32m200[0m 82.538 ms - 68077[0m
[0mGET /api/website/product/men-fashion [32m200[0m 86.629 ms - 6402[0m
[0mGET /api/website/product?type=shampoo [32m200[0m 92.434 ms - 6949[0m
[0mGET /api/website/image/banner?type=0 [32m200[0m 19.191 ms - 523[0m
[0mGET /api/website/popular/category-list [32m200[0m 37.472 ms - 8161[0m
[0mGET /api/website/collection/list [32m200[0m 38.923 ms - 4602[0m
[0mGET /api/website/category/list [32m200[0m 44.135 ms - 30069[0m
[0mGET /api/website/flash-sale [32m200[0m 3.792 ms - 49[0m
[0mGET /api/website/product/home-kitchen [32m200[0m 61.224 ms - 15246[0m
[0mGET /api/website/product/women-fashion [32m200[0m 58.988 ms - 7718[0m
[0mGET /api/website/product?type=makeup [32m200[0m 50.537 ms - 3194[0m
[0mGET /api/website/product/new-arrival [32m200[0m 38.356 ms - 68077[0m
[0mGET /api/website/product/men-fashion [32m200[0m 42.850 ms - 6402[0m
[0mGET /api/website/product?type=shampoo [32m200[0m 44.519 ms - 6949[0m
[0mGET /api/website/image/banner?type=0 [32m200[0m 21.440 ms - 523[0m
[0mGET /api/website/category/list [32m200[0m 54.665 ms - 30069[0m
[0mGET /api/website/collection/list [32m200[0m 57.313 ms - 4602[0m
[0mGET /api/website/popular/category-list [32m200[0m 58.966 ms - 8161[0m
[0mGET /api/website/flash-sale [32m200[0m 6.327 ms - 49[0m
[0mGET /api/website/product/home-kitchen [32m200[0m 141.305 ms - 15246[0m
[0mGET /api/website/product?type=shampoo [32m200[0m 86.678 ms - 6949[0m
[0mGET /api/website/product/new-arrival [32m200[0m 88.132 ms - 68077[0m
[0mGET /api/website/product/women-fashion [32m200[0m 152.379 ms - 7718[0m
[0mGET /api/website/product/men-fashion [32m200[0m 90.966 ms - 6402[0m
[0mGET /api/website/product?type=makeup [32m200[0m 111.633 ms - 3194[0m
[0mGET /api/website/image/banner?type=0 [32m200[0m 30.025 ms - 523[0m
[0mGET /api/website/category/list [32m200[0m 53.921 ms - 30069[0m
[0mGET /api/website/collection/list [32m200[0m 64.459 ms - 4602[0m
[0mGET /api/website/popular/category-list [32m200[0m 70.518 ms - 8161[0m
[0mGET /api/website/flash-sale [32m200[0m 3.805 ms - 49[0m
[0mGET /api/website/product/women-fashion [32m200[0m 118.564 ms - 7718[0m
[0mGET /api/website/product/home-kitchen [32m200[0m 125.027 ms - 15246[0m
[0mGET /api/website/product?type=makeup [32m200[0m 111.153 ms - 3194[0m
[0mGET /api/website/product/new-arrival [32m200[0m 53.164 ms - 68077[0m
[0mGET /api/website/product?type=shampoo [32m200[0m 65.176 ms - 6949[0m
[0mGET /api/website/product/men-fashion [32m200[0m 64.236 ms - 6402[0m
[0mGET /api/website/image/banner?type=0 [32m200[0m 32.366 ms - 523[0m
[0mGET /api/website/collection/list [32m200[0m 38.612 ms - 4602[0m
[0mGET /api/website/popular/category-list [32m200[0m 40.690 ms - 8161[0m
[0mGET /api/website/category/list [32m200[0m 48.813 ms - 30069[0m
[0mGET /api/website/flash-sale [32m200[0m 4.451 ms - 49[0m
[0mGET /api/website/product/women-fashion [32m200[0m 51.464 ms - 7718[0m
[0mGET /api/website/product/men-fashion [32m200[0m 43.560 ms - 6402[0m
[0mGET /api/website/product/new-arrival [32m200[0m 41.969 ms - 68077[0m
[0mGET /api/website/product?type=makeup [32m200[0m 54.768 ms - 3194[0m
[0mGET /api/website/product/home-kitchen [32m200[0m 83.495 ms - 15246[0m
[0mGET /api/website/product?type=shampoo [32m200[0m 51.183 ms - 6949[0m
[0mGET /api/website/image/banner?type=0 [32m200[0m 16.997 ms - 523[0m
[0mGET /api/website/collection/list [32m200[0m 32.593 ms - 4602[0m
[0mGET /api/website/popular/category-list [32m200[0m 34.008 ms - 8161[0m
[0mGET /api/website/category/list [32m200[0m 38.097 ms - 30069[0m
[0mGET /api/website/flash-sale [32m200[0m 4.379 ms - 49[0m
[0mGET /api/website/product/men-fashion [32m200[0m 55.748 ms - 6402[0m
[0mGET /api/website/product/new-arrival [32m200[0m 54.014 ms - 68077[0m
[0mGET /api/website/product/home-kitchen [32m200[0m 94.104 ms - 15246[0m
[0mGET /api/website/product?type=shampoo [32m200[0m 61.381 ms - 6949[0m
[0mGET /api/website/product/women-fashion [32m200[0m 93.633 ms - 7718[0m
[0mGET /api/website/product?type=makeup [32m200[0m 82.644 ms - 3194[0m
[0mGET /api/website/image/banner?type=0 [32m200[0m 15.920 ms - 523[0m
[0mGET /api/website/category/list [32m200[0m 33.252 ms - 30069[0m
[0mGET /api/website/collection/list [32m200[0m 29.670 ms - 4602[0m
[0mGET /api/website/popular/category-list [32m200[0m 37.817 ms - 8161[0m
[0mGET /api/website/flash-sale [32m200[0m 10.069 ms - 49[0m
[0mGET /api/website/product?type=shampoo [32m200[0m 50.967 ms - 6949[0m
[0mGET /api/website/product?type=makeup [32m200[0m 90.635 ms - 3194[0m
[0mGET /api/website/product/men-fashion [32m200[0m 83.726 ms - 6402[0m
[0mGET /api/website/product/women-fashion [32m200[0m 119.144 ms - 7718[0m
[0mGET /api/website/product/new-arrival [32m200[0m 81.940 ms - 68077[0m
[0mGET /api/website/product/home-kitchen [32m200[0m 125.393 ms - 15246[0m
[0mGET /api/website/image/banner?type=0 [32m200[0m 23.073 ms - 523[0m
[0mGET /api/website/category/list [32m200[0m 41.416 ms - 30069[0m
[0mGET /api/website/collection/list [32m200[0m 46.135 ms - 4602[0m
[0mGET /api/website/popular/category-list [32m200[0m 48.988 ms - 8161[0m
[0mGET /api/website/flash-sale [32m200[0m 8.321 ms - 49[0m
[0mGET /api/website/product/women-fashion [32m200[0m 102.570 ms - 7718[0m
[0mGET /api/website/product/home-kitchen [32m200[0m 102.312 ms - 15246[0m
[0mGET /api/website/product/new-arrival [32m200[0m 62.817 ms - 68077[0m
[0mGET /api/website/product?type=makeup [32m200[0m 105.249 ms - 3194[0m
[0mGET /api/website/product/men-fashion [32m200[0m 67.257 ms - 6402[0m
[0mGET /api/website/product?type=shampoo [32m200[0m 82.389 ms - 6949[0m
[0mGET /api/website/image/banner?type=1 [36m304[0m 33.145 ms - -[0m
[0mGET /api/website/category/list [36m304[0m 64.101 ms - -[0m
[0mGET /api/website/collection/list [36m304[0m 66.768 ms - -[0m
[0mGET /api/website/popular/category-list [36m304[0m 68.915 ms - -[0m
[0mGET /api/website/flash-sale [36m304[0m 9.415 ms - -[0m
[0mGET /api/website/product?type=makeup [36m304[0m 96.518 ms - -[0m
[0mGET /api/website/product/men-fashion [36m304[0m 101.059 ms - -[0m
[0mGET /api/website/product/new-arrival [36m304[0m 105.783 ms - -[0m
[0mGET /api/website/product/home-kitchen [36m304[0m 185.371 ms - -[0m
[0mGET /api/website/product?type=shampoo [36m304[0m 120.234 ms - -[0m
[0mGET /api/website/product/women-fashion [36m304[0m 181.844 ms - -[0m
[0mGET /api/website/category/list [36m304[0m 75.045 ms - -[0m
