[0mOPTIONS /api/auth/rootLogin [32m204[0m 5.204 ms - 0[0m
[0mOPTIONS /api/auth/rootLogin [32m204[0m 4.981 ms - 0[0m
[0mPOST /api/auth/rootLogin [32m200[0m 272.519 ms - 211[0m
[0mOPTIONS /api/order/notifications [32m204[0m 0.396 ms - 0[0m
[0mOPTIONS /api/order/list [32m204[0m 0.153 ms - 0[0m
[0mOPTIONS /api/order/count [32m204[0m 0.198 ms - 0[0m
[0mGET /api/order/count [32m200[0m 14.679 ms - 196[0m
[0mGET /api/order/notifications [32m200[0m 51.280 ms - 36[0m
[0mPOST /api/order/list [32m200[0m 56.040 ms - 11444[0m
[0mOPTIONS /api/collection/list [32m204[0m 0.360 ms - 0[0m
[0mGET /api/collection/list [32m200[0m 9.680 ms - 1561[0m
[0mGET /api/order/notifications [36m304[0m 19.003 ms - -[0m
[0mOPTIONS /api/collection/update [32m204[0m 4.447 ms - 0[0m
[0mPUT /api/collection/update [32m200[0m 43.649 ms - 69[0m
[0mOPTIONS /api/order/notifications [32m204[0m 0.267 ms - 0[0m
[0mOPTIONS /api/collection/list [32m204[0m 0.196 ms - 0[0m
[0mOPTIONS /api/order/notifications [32m204[0m 2.382 ms - 0[0m
[0mOPTIONS /api/collection/list [32m204[0m 0.498 ms - 0[0m
[0mGET /api/collection/list [32m200[0m 13.279 ms - 1561[0m
[0mGET /api/order/notifications [36m304[0m 35.762 ms - -[0m
[0mOPTIONS /api/customer/getUserByEmailId [32m204[0m 0.432 ms - 0[0m
[0mOPTIONS /api/customer/getUserByEmailId [32m204[0m 1.035 ms - 0[0m
[0mGET /api/website/image/banner?type=0 [32m200[0m 104.126 ms - 586[0m
[0mGET /api/website/collection/list [32m200[0m 99.214 ms - 3658[0m
[0mGET /api/website/popular/category-list [32m200[0m 113.799 ms - 8175[0m
[0mGET /api/website/category/list [32m200[0m 152.515 ms - 30098[0m
[0mGET /api/website/product/home-kitchen [32m200[0m 137.464 ms - 15174[0m
[0mGET /api/website/product/women-fashion [32m200[0m 160.081 ms - 7718[0m
[0mGET /api/website/flash-sale [32m200[0m 87.284 ms - 4537[0m
[0mGET /api/customer/getUserByEmailId [33m403[0m 47.822 ms - 36[0m
[0mGET /api/website/product/new-arrival [32m200[0m 62.744 ms - 10759[0m
[0mGET /api/website/product/men-fashion [32m200[0m 101.481 ms - 6402[0m
[0mGET /api/customer/getUserByEmailId [33m403[0m 58.933 ms - 36[0m
[0mGET /api/website/product?type=makeup [32m200[0m 190.186 ms - 3194[0m
[0mGET /api/website/product?type=shampoo [32m200[0m 186.141 ms - 6949[0m
[0mOPTIONS /api/collection/update [32m204[0m 1.792 ms - 0[0m
[0mPUT /api/collection/update [32m200[0m 51.110 ms - 69[0m
[0mOPTIONS /api/auth/rootLogin [32m204[0m 0.480 ms - 0[0m
[0mPOST /api/auth/rootLogin [32m200[0m 258.496 ms - 211[0m
[0mOPTIONS /api/order/notifications [32m204[0m 0.249 ms - 0[0m
[0mOPTIONS /api/order/list [32m204[0m 0.138 ms - 0[0m
[0mOPTIONS /api/order/count [32m204[0m 0.169 ms - 0[0m
[0mGET /api/order/count [36m304[0m 12.628 ms - -[0m
[0mPOST /api/order/list [32m200[0m 26.997 ms - 11444[0m
[0mGET /api/order/notifications [36m304[0m 31.483 ms - -[0m
[0mOPTIONS /api/collection/list [32m204[0m 0.274 ms - 0[0m
[0mGET /api/collection/list [32m200[0m 4.691 ms - 1561[0m
[0mGET /api/order/notifications [36m304[0m 18.426 ms - -[0m
[0mOPTIONS /api/collection/update [32m204[0m 0.671 ms - 0[0m
[0mPUT /api/collection/update [32m200[0m 8.376 ms - 69[0m
[0mOPTIONS /api/order/notifications [32m204[0m 0.300 ms - 0[0m
[0mOPTIONS /api/collection/list [32m204[0m 0.162 ms - 0[0m
[0mGET /api/collection/list [32m200[0m 5.278 ms - 1561[0m
[0mGET /api/order/notifications [36m304[0m 15.863 ms - -[0m
[0mOPTIONS /api/customer/getUserByEmailId [32m204[0m 0.351 ms - 0[0m
[0mOPTIONS /api/customer/getUserByEmailId [32m204[0m 0.223 ms - 0[0m
[0mGET /api/website/image/banner?type=0 [36m304[0m 9.406 ms - -[0m
[0mGET /api/customer/getUserByEmailId [33m403[0m 37.099 ms - 36[0m
[0mGET /api/website/collection/list [32m200[0m 37.914 ms - 2445[0m
[0mGET /api/website/popular/category-list [36m304[0m 40.956 ms - -[0m
[0mGET /api/website/category/list [36m304[0m 47.107 ms - -[0m
[0mGET /api/website/product/home-kitchen [36m304[0m 69.692 ms - -[0m
[0mGET /api/website/flash-sale [36m304[0m 23.943 ms - -[0m
[0mGET /api/website/product/women-fashion [36m304[0m 67.549 ms - -[0m
[0mGET /api/customer/getUserByEmailId [33m403[0m 12.469 ms - 36[0m
[0mGET /api/website/product/men-fashion [36m304[0m 57.780 ms - -[0m
[0mGET /api/website/product/new-arrival [36m304[0m 31.119 ms - -[0m
[0mGET /api/website/product?type=shampoo [36m304[0m 61.200 ms - -[0m
[0mGET /api/website/product?type=makeup [36m304[0m 62.557 ms - -[0m
[0mGET /api/website/image/banner?type=0 [36m304[0m 10.040 ms - -[0m
[0mGET /api/website/collection/list [32m200[0m 29.007 ms - 1235[0m
[0mGET /api/website/popular/category-list [36m304[0m 30.591 ms - -[0m
[0mGET /api/website/category/list [36m304[0m 40.784 ms - -[0m
[0mGET /api/website/flash-sale [36m304[0m 10.842 ms - -[0m
[0mGET /api/website/product/home-kitchen [36m304[0m 127.566 ms - -[0m
[0mGET /api/website/product/new-arrival [36m304[0m 78.422 ms - -[0m
[0mGET /api/website/product/women-fashion [36m304[0m 125.729 ms - -[0m
[0mGET /api/website/product/men-fashion [36m304[0m 89.742 ms - -[0m
[0mGET /api/website/product?type=makeup [36m304[0m 131.723 ms - -[0m
[0mGET /api/website/product?type=shampoo [36m304[0m 102.342 ms - -[0m
[0mGET /api/website/image/banner?type=0 [36m304[0m 10.169 ms - -[0m
[0mGET /api/website/collection/list [32m200[0m 29.673 ms - 1867[0m
[0mGET /api/website/popular/category-list [36m304[0m 30.640 ms - -[0m
[0mGET /api/website/category/list [36m304[0m 37.481 ms - -[0m
[0mGET /api/website/flash-sale [36m304[0m 18.669 ms - -[0m
[0mGET /api/website/product/home-kitchen [36m304[0m 57.225 ms - -[0m
[0mGET /api/website/product/women-fashion [36m304[0m 51.438 ms - -[0m
[0mGET /api/website/product?type=makeup [36m304[0m 60.495 ms - -[0m
[0mGET /api/website/product/men-fashion [36m304[0m 36.643 ms - -[0m
[0mGET /api/website/product?type=shampoo [36m304[0m 46.348 ms - -[0m
[0mGET /api/website/product/new-arrival [36m304[0m 21.984 ms - -[0m
[0mGET /api/website/image/banner?type=1 [32m200[0m 22.376 ms - 499[0m
[0mGET /api/website/collection/list [32m200[0m 47.107 ms - 1867[0m
[0mGET /api/website/popular/category-list [32m200[0m 48.515 ms - 8175[0m
[0mGET /api/website/category/list [32m200[0m 53.421 ms - 30098[0m
[0mGET /api/website/flash-sale [32m200[0m 6.997 ms - 4537[0m
[0mGET /api/website/product/women-fashion [32m200[0m 85.508 ms - 7718[0m
[0mGET /api/website/product/home-kitchen [32m200[0m 86.013 ms - 15174[0m
[0mGET /api/website/product?type=makeup [32m200[0m 77.232 ms - 3194[0m
[0mGET /api/website/product/men-fashion [32m200[0m 37.711 ms - 6402[0m
[0mGET /api/website/product?type=shampoo [32m200[0m 40.230 ms - 6949[0m
[0mGET /api/website/product/new-arrival [32m200[0m 49.454 ms - 10759[0m
[0mGET /api/website/category/list [36m304[0m 47.103 ms - -[0m
[0mGET /api/website/category/list [36m304[0m 43.343 ms - -[0m
[0mGET /api/website/category/list [36m304[0m 30.489 ms - -[0m
[0mGET /api/website/category/list [36m304[0m 21.894 ms - -[0m
[0mGET /api/website/category/list [36m304[0m 18.206 ms - -[0m
[0mGET /api/website/category/list [36m304[0m 362.304 ms - -[0m
[0mGET /api/website/catalog/category/search?queryString=personal-care [32m200[0m 397.137 ms - 7856[0m
[0mGET /api/website/catalog/category/search?queryString=heajth-care [32m200[0m 400.386 ms - 1014[0m
[0mGET /api/website/category/list [36m304[0m 22.626 ms - -[0m
[0mGET /api/website/category/list [36m304[0m 24.273 ms - -[0m
[0mGET /api/website/category/list [36m304[0m 61.476 ms - -[0m
[0mGET /api/website/catalog/product/search?filter_category=personal-care [32m200[0m 520.906 ms - 19347[0m
[0mGET /api/website/catalog/product/search?filter_category=heajth-care [32m200[0m 524.006 ms - 4295[0m
[0mGET /api/website/catalog/category/search?queryString=women%20grooming [32m200[0m 131.672 ms - 859[0m
[0mGET /api/website/catalog/product/search?filter_category=women%20grooming [32m200[0m 178.864 ms - 1508[0m
[0mGET /api/website/category/list [36m304[0m 13.589 ms - -[0m
[0mGET /api/website/category/list [36m304[0m 13.796 ms - -[0m
[0mGET /api/website/catalog/category/search?queryString=face-care [32m200[0m 54.261 ms - 3133[0m
[0mGET /api/website/catalog/product/search?filter_category=face-care [32m200[0m 80.370 ms - 19264[0m
[0mGET /api/website/category/list [36m304[0m 16.151 ms - -[0m
[0mGET /api/website/category/list [36m304[0m 16.679 ms - -[0m
[0mGET /api/website/catalog/category/search?queryString=makeup [32m200[0m 49.914 ms - 1471[0m
[0mGET /api/website/catalog/product/search?filter_category=makeup [32m200[0m 89.134 ms - 4929[0m
[0mGET /api/website/category/list [36m304[0m 20.919 ms - -[0m
[0mGET /api/website/category/list [36m304[0m 21.540 ms - -[0m
[0mGET /api/website/category/list [36m304[0m 17.127 ms - -[0m
[0mGET /api/website/catalog/category/search?queryString=mens-grooming [32m200[0m 94.820 ms - 1474[0m
[0mGET /api/website/catalog/category/search?queryString=oral-care [32m200[0m 93.884 ms - 1173[0m
[0mGET /api/website/category/list [36m304[0m 27.306 ms - -[0m
[0mGET /api/website/catalog/product/search?filter_category=mens-grooming [32m200[0m 161.504 ms - 15833[0m
[0mGET /api/website/catalog/product/search?filter_category=oral-care [32m200[0m 163.540 ms - 6084[0m
[0mGET /api/website/category/list [36m304[0m 12.436 ms - -[0m
[0mGET /api/website/category/list [36m304[0m 25.281 ms - -[0m
[0mGET /api/website/catalog/category/search?queryString=skin-care [32m200[0m 38.330 ms - 2140[0m
[0mGET /api/website/catalog/product/search?filter_category=skin-care [32m200[0m 100.433 ms - 16546[0m
[0mGET /api/website/category/list [36m304[0m 17.224 ms - -[0m
[0mGET /api/website/category/list [36m304[0m 14.890 ms - -[0m
[0mGET /api/website/catalog/category/search?queryString=hair-care [32m200[0m 60.591 ms - 3975[0m
[0mGET /api/website/catalog/product/search?filter_category=hair-care [32m200[0m 123.609 ms - 15384[0m
[0mGET /api/website/category/list [36m304[0m 16.269 ms - -[0m
[0mGET /api/website/category/list [36m304[0m 12.158 ms - -[0m
[0mGET /api/website/catalog/category/search?queryString=fragrances-and-deos [32m200[0m 43.491 ms - 1329[0m
[0mGET /api/website/category/list [36m304[0m 16.489 ms - -[0m
[0mGET /api/website/category/list [36m304[0m 19.159 ms - -[0m
[0mGET /api/website/catalog/category/search?queryString=feminine-hygiene [32m200[0m 61.927 ms - 1161[0m
[0mGET /api/website/catalog/product/search?filter_category=fragrances-and-deos [32m200[0m 105.411 ms - 12818[0m
[0mGET /api/website/catalog/product/search?filter_category=feminine-hygiene [32m200[0m 101.082 ms - 9309[0m
[0mGET /api/website/category/list [36m304[0m 16.231 ms - -[0m
[0mGET /api/website/category/list [36m304[0m 32.310 ms - -[0m
[0mGET /api/website/catalog/category/search?queryString=bath-and-hand-wash [32m200[0m 48.985 ms - 2165[0m
[0mGET /api/website/catalog/product/search?filter_category=bath-and-hand-wash [32m200[0m 101.155 ms - 16392[0m
[0mGET /api/website/category/list [36m304[0m 12.391 ms - -[0m
[0mGET /api/website/category/list [36m304[0m 24.329 ms - -[0m
[0mGET /api/website/catalog/category/search?queryString=electronics [32m200[0m 37.436 ms - 2650[0m
[0mGET /api/website/catalog/product/search?filter_category=electronics [32m200[0m 85.414 ms - 16938[0m
[0mGET /api/website/category/list [36m304[0m 16.715 ms - -[0m
[0mGET /api/website/category/list [36m304[0m 14.733 ms - -[0m
[0mGET /api/website/catalog/category/search?queryString=Network%20Components [32m200[0m 31.224 ms - 639[0m
[0mGET /api/website/catalog/product/search?filter_category=Network%20Components [32m200[0m 78.968 ms - 62[0m
[0mGET /api/website/category/list [36m304[0m 18.774 ms - -[0m
[0mGET /api/website/category/list [36m304[0m 12.069 ms - -[0m
[0mGET /api/website/catalog/category/search?queryString=Cameras [32m200[0m 31.672 ms - 770[0m
[0mGET /api/website/catalog/product/search?filter_category=Cameras [32m200[0m 82.803 ms - 62[0m
[0mGET /api/website/category/list [36m304[0m 21.555 ms - -[0m
[0mGET /api/website/category/list [36m304[0m 12.278 ms - -[0m
[0mGET /api/website/catalog/category/search?queryString=Speakers [32m200[0m 43.966 ms - 757[0m
[0mGET /api/website/catalog/product/search?filter_category=Speakers [32m200[0m 73.973 ms - 62[0m
[0mGET /api/website/category/list [36m304[0m 14.058 ms - -[0m
[0mGET /api/website/category/list [36m304[0m 12.399 ms - -[0m
[0mGET /api/website/catalog/category/search?queryString=Tablets [32m200[0m 35.353 ms - 604[0m
[0mGET /api/website/catalog/product/search?filter_category=Tablets [32m200[0m 71.511 ms - 62[0m
[0mGET /api/website/category/list [36m304[0m 16.157 ms - -[0m
[0mGET /api/website/category/list [36m304[0m 19.269 ms - -[0m
[0mGET /api/website/catalog/category/search?queryString=Computer%20Accessories [32m200[0m 48.031 ms - 844[0m
[0mGET /api/website/catalog/product/search?filter_category=Computer%20Accessories [32m200[0m 100.584 ms - 62[0m
[0mGET /api/website/category/list [36m304[0m 16.334 ms - -[0m
[0mGET /api/website/category/list [36m304[0m 18.336 ms - -[0m
[0mGET /api/website/catalog/category/search?queryString=Desktops [32m200[0m 38.162 ms - 705[0m
[0mGET /api/website/catalog/product/search?filter_category=Desktops [32m200[0m 90.145 ms - 501[0m
[0mGET /api/website/category/list [36m304[0m 14.350 ms - -[0m
[0mGET /api/website/category/list [36m304[0m 13.527 ms - -[0m
[0mGET /api/website/catalog/category/search?queryString=Laptops [32m200[0m 37.954 ms - 740[0m
[0mGET /api/website/catalog/product/search?filter_category=Laptops [32m200[0m 86.080 ms - 62[0m
[0mGET /api/website/category/list [36m304[0m 14.471 ms - -[0m
[0mGET /api/website/category/list [36m304[0m 11.886 ms - -[0m
[0mGET /api/website/catalog/category/search?queryString=health-care-appliances [32m200[0m 27.146 ms - 884[0m
[0mGET /api/website/catalog/product/search?filter_category=health-care-appliances [32m200[0m 69.436 ms - 62[0m
[0mGET /api/website/category/list [36m304[0m 15.744 ms - -[0m
[0mGET /api/website/category/list [36m304[0m 13.866 ms - -[0m
[0mGET /api/website/catalog/category/search?queryString=other-phone [32m200[0m 30.987 ms - 628[0m
[0mGET /api/website/catalog/product/search?filter_category=other-phone [32m200[0m 77.033 ms - 62[0m
[0mGET /api/website/category/list [36m304[0m 14.773 ms - -[0m
[0mGET /api/website/category/list [36m304[0m 15.073 ms - -[0m
[0mGET /api/website/catalog/category/search?queryString=mobile-phone-accessories [32m200[0m 32.666 ms - 1629[0m
[0mGET /api/website/catalog/product/search?filter_category=mobile-phone-accessories [32m200[0m 83.031 ms - 8572[0m
[0mGET /api/website/category/list [36m304[0m 13.690 ms - -[0m
[0mGET /api/website/category/list [36m304[0m 13.895 ms - -[0m
[0mGET /api/website/catalog/category/search?queryString=i-phone [32m200[0m 34.267 ms - 535[0m
[0mGET /api/website/catalog/product/search?filter_category=i-phone [32m200[0m 65.867 ms - 62[0m
[0mGET /api/website/category/list [36m304[0m 13.368 ms - -[0m
[0mGET /api/website/category/list [36m304[0m 13.390 ms - -[0m
[0mGET /api/website/catalog/category/search?queryString=android [32m200[0m 40.169 ms - 1954[0m
[0mGET /api/website/catalog/product/search?filter_category=android [32m200[0m 77.174 ms - 11811[0m
[0mGET /api/website/category/list [36m304[0m 13.310 ms - -[0m
[0mGET /api/website/category/list [36m304[0m 13.683 ms - -[0m
[0mGET /api/website/catalog/category/search?queryString=tv-appliances [32m200[0m 78.643 ms - 3445[0m
[0mGET /api/website/catalog/product/search?filter_category=tv-appliances [32m200[0m 138.792 ms - 20955[0m
[0mGET /api/website/category/list [36m304[0m 20.232 ms - -[0m
[0mGET /api/website/category/list [36m304[0m 35.576 ms - -[0m
[0mGET /api/website/catalog/category/search?queryString=printer [32m200[0m 86.705 ms - 925[0m
[0mGET /api/website/catalog/category/search?queryString=inverter [32m200[0m 92.115 ms - 1032[0m
[0mGET /api/website/category/list [36m304[0m 31.818 ms - -[0m
[0mGET /api/website/category/list [36m304[0m 23.189 ms - -[0m
[0mGET /api/website/catalog/product/search?filter_category=printer [32m200[0m 136.860 ms - 3211[0m
[0mGET /api/website/catalog/product/search?filter_category=inverter [32m200[0m 130.574 ms - 16311[0m
[0mGET /api/website/category/list [36m304[0m 20.528 ms - -[0m
[0mGET /api/website/category/list [36m304[0m 23.564 ms - -[0m
[0mGET /api/website/catalog/category/search?queryString=washing-machine [32m200[0m 50.912 ms - 1200[0m
[0mGET /api/website/catalog/product/search?filter_category=washing-machine [32m200[0m 108.302 ms - 1638[0m
[0mGET /api/website/category/list [36m304[0m 14.982 ms - -[0m
[0mGET /api/website/category/list [36m304[0m 14.173 ms - -[0m
[0mGET /api/website/catalog/category/search?queryString=sound [32m200[0m 38.606 ms - 692[0m
[0mGET /api/website/catalog/product/search?filter_category=sound [32m200[0m 84.173 ms - 62[0m
[0mGET /api/website/category/list [36m304[0m 16.105 ms - -[0m
[0mGET /api/website/category/list [36m304[0m 18.627 ms - -[0m
[0mGET /api/website/catalog/category/search?queryString=cooler [32m200[0m 43.881 ms - 1410[0m
[0mGET /api/website/catalog/product/search?filter_category=cooler [32m200[0m 86.159 ms - 62[0m
[0mGET /api/website/category/list [36m304[0m 16.813 ms - -[0m
[0mGET /api/website/category/list [36m304[0m 13.834 ms - -[0m
[0mGET /api/website/catalog/category/search?queryString=battery [32m200[0m 40.329 ms - 1096[0m
[0mGET /api/website/catalog/product/search?filter_category=battery [32m200[0m 74.453 ms - 6367[0m
[0mGET /api/website/category/list [36m304[0m 19.246 ms - -[0m
[0mGET /api/website/category/list [36m304[0m 18.890 ms - -[0m
[0mGET /api/website/catalog/category/search?queryString=water-purifier-and-cooler [32m200[0m 58.844 ms - 953[0m
[0mGET /api/website/catalog/product/search?filter_category=water-purifier-and-cooler [32m200[0m 94.568 ms - 850[0m
[0mGET /api/website/category/list [36m304[0m 11.890 ms - -[0m
[0mGET /api/website/category/list [36m304[0m 12.346 ms - -[0m
[0mGET /api/website/catalog/category/search?queryString=freezer [32m200[0m 36.762 ms - 747[0m
[0mGET /api/website/catalog/product/search?filter_category=freezer [32m200[0m 72.723 ms - 62[0m
[0mGET /api/website/category/list [36m304[0m 13.481 ms - -[0m
[0mGET /api/website/category/list [36m304[0m 12.808 ms - -[0m
[0mGET /api/website/catalog/category/search?queryString=television [32m200[0m 26.480 ms - 727[0m
[0mGET /api/website/catalog/product/search?filter_category=television [32m200[0m 75.662 ms - 62[0m
[0mGET /api/website/category/list [36m304[0m 16.164 ms - -[0m
[0mGET /api/website/category/list [36m304[0m 15.160 ms - -[0m
[0mGET /api/website/catalog/category/search?queryString=refrigerators [32m200[0m 42.593 ms - 767[0m
[0mGET /api/website/catalog/product/search?filter_category=refrigerators [32m200[0m 79.262 ms - 2180[0m
[0mGET /api/website/category/list [36m304[0m 18.927 ms - -[0m
[0mGET /api/website/category/list [36m304[0m 16.564 ms - -[0m
[0mGET /api/website/catalog/category/search?queryString=air-conditioner [32m200[0m 40.719 ms - 910[0m
[0mGET /api/website/catalog/product/search?filter_category=air-conditioner [32m200[0m 78.206 ms - 62[0m
[0mGET /api/website/category/list [36m304[0m 12.793 ms - -[0m
[0mGET /api/website/category/list [36m304[0m 15.882 ms - -[0m
[0mGET /api/website/catalog/category/search?queryString=cleaner [32m200[0m 29.666 ms - 1038[0m
[0mGET /api/website/catalog/product/search?filter_category=cleaner [32m200[0m 85.248 ms - 1171[0m
[0mGET /api/website/category/list [36m304[0m 17.107 ms - -[0m
[0mGET /api/website/category/list [36m304[0m 17.437 ms - -[0m
[0mGET /api/website/catalog/category/search?queryString=fan [32m200[0m 50.240 ms - 2053[0m
[0mGET /api/website/catalog/product/search?filter_category=fan [32m200[0m 79.756 ms - 17566[0m
[0mGET /api/website/category/list [36m304[0m 15.212 ms - -[0m
[0mGET /api/website/category/list [36m304[0m 18.125 ms - -[0m
[0mGET /api/website/catalog/category/search?queryString=heater [32m200[0m 47.765 ms - 1626[0m
[0mGET /api/website/catalog/product/search?filter_category=heater [32m200[0m 95.504 ms - 12574[0m
[0mGET /api/website/category/list [36m304[0m 14.854 ms - -[0m
[0mGET /api/website/category/list [36m304[0m 16.087 ms - -[0m
[0mGET /api/website/catalog/category/search?queryString=purifier-and-dispenser [32m200[0m 41.441 ms - 1251[0m
[0mGET /api/website/catalog/product/search?filter_category=purifier-and-dispenser [32m200[0m 103.388 ms - 10466[0m
[0mGET /api/website/category/list [36m304[0m 14.669 ms - -[0m
[0mGET /api/website/category/list [36m304[0m 19.308 ms - -[0m
[0mGET /api/website/catalog/category/search?queryString=iron [32m200[0m 37.158 ms - 955[0m
[0mGET /api/website/catalog/product/search?filter_category=iron [32m200[0m 85.582 ms - 4847[0m
[0mGET /api/website/category/list [36m304[0m 16.048 ms - -[0m
[0mGET /api/website/category/list [36m304[0m 18.318 ms - -[0m
[0mGET /api/website/catalog/category/search?queryString=juicer-mixer-and-grinder [32m200[0m 35.832 ms - 958[0m
[0mGET /api/website/catalog/product/search?filter_category=juicer-mixer-and-grinder [32m200[0m 97.493 ms - 5284[0m
[0mGET /api/website/category/list [36m304[0m 17.271 ms - -[0m
[0mGET /api/website/category/list [36m304[0m 19.403 ms - -[0m
[0mGET /api/website/catalog/category/search?queryString=cooker [32m200[0m 47.500 ms - 1281[0m
[0mGET /api/website/catalog/product/search?filter_category=cooker [32m200[0m 86.405 ms - 5838[0m
[0mGET /api/website/category/list [36m304[0m 13.507 ms - -[0m
[0mGET /api/website/category/list [36m304[0m 65.919 ms - -[0m
[0mGET /api/website/catalog/category/search?queryString=women [32m200[0m 81.951 ms - 6606[0m
[0mGET /api/website/catalog/product/search?filter_category=women [32m200[0m 136.054 ms - 19035[0m
[0mGET /api/website/category/list [36m304[0m 13.205 ms - -[0m
[0mGET /api/website/category/list [36m304[0m 34.112 ms - -[0m
[0mGET /api/website/catalog/category/search?queryString=naqab-for-women [32m200[0m 59.662 ms - 1093[0m
[0mGET /api/website/catalog/product/search?filter_category=naqab-for-women [32m200[0m 110.399 ms - 4778[0m
[0mGET /api/website/category/list [36m304[0m 15.529 ms - -[0m
[0mGET /api/website/category/list [36m304[0m 24.197 ms - -[0m
[0mGET /api/website/catalog/category/search?queryString=women-winter-wear [32m200[0m 40.822 ms - 1436[0m
[0mGET /api/website/catalog/product/search?filter_category=women-winter-wear [32m200[0m 96.588 ms - 4300[0m
[0mGET /api/website/category/list [36m304[0m 13.075 ms - -[0m
[0mGET /api/website/category/list [36m304[0m 13.672 ms - -[0m
[0mGET /api/website/catalog/category/search?queryString=accessories [32m200[0m 39.093 ms - 4445[0m
[0mGET /api/website/catalog/product/search?filter_category=accessories [32m200[0m 82.525 ms - 488[0m
[0mGET /api/website/category/list [36m304[0m 15.523 ms - -[0m
[0mGET /api/website/category/list [36m304[0m 14.417 ms - -[0m
[0mGET /api/website/catalog/category/search?queryString=Jewellery [32m200[0m 32.474 ms - 1059[0m
[0mGET /api/website/catalog/product/search?filter_category=Jewellery [32m200[0m 82.312 ms - 10090[0m
[0mGET /api/website/category/list [36m304[0m 13.811 ms - -[0m
[0mGET /api/website/category/list [36m304[0m 21.532 ms - -[0m
[0mGET /api/website/catalog/category/search?queryString=personal-care-appliances [32m200[0m 38.971 ms - 3700[0m
[0mGET /api/website/catalog/product/search?filter_category=personal-care-appliances [32m200[0m 89.009 ms - 18176[0m
[0mGET /api/website/category/list [36m304[0m 14.392 ms - -[0m
[0mGET /api/website/category/list [36m304[0m 13.963 ms - -[0m
[0mGET /api/website/catalog/category/search?queryString=watch [32m200[0m 37.379 ms - 1587[0m
[0mGET /api/website/catalog/product/search?filter_category=watch [32m200[0m 73.221 ms - 7030[0m
[0mGET /api/website/category/list [36m304[0m 13.874 ms - -[0m
[0mGET /api/website/category/list [36m304[0m 12.671 ms - -[0m
[0mGET /api/website/catalog/category/search?queryString=foot-wears [32m200[0m 26.789 ms - 809[0m
[0mGET /api/website/catalog/product/search?filter_category=foot-wears [32m200[0m 73.100 ms - 62[0m
[0mGET /api/website/category/list [36m304[0m 15.516 ms - -[0m
[0mGET /api/website/category/list [36m304[0m 15.787 ms - -[0m
[0mGET /api/website/catalog/category/search?queryString=ethnic-%20Bottom [32m200[0m 41.208 ms - 908[0m
[0mGET /api/website/catalog/product/search?filter_category=ethnic-%20Bottom [32m200[0m 78.606 ms - 757[0m
[0mGET /api/website/category/list [36m304[0m 20.171 ms - -[0m
[0mGET /api/website/category/list [36m304[0m 13.400 ms - -[0m
[0mGET /api/website/catalog/category/search?queryString=ethnic-wears [32m200[0m 39.299 ms - 1399[0m
[0mGET /api/website/catalog/product/search?filter_category=ethnic-wears [32m200[0m 90.518 ms - 9448[0m
[0mGET /api/website/category/list [36m304[0m 18.285 ms - -[0m
[0mGET /api/website/category/list [36m304[0m 30.776 ms - -[0m
[0mGET /api/website/catalog/category/search?queryString=sports-wears [32m200[0m 65.610 ms - 771[0m
[0mGET /api/website/catalog/product/search?filter_category=sports-wears [32m200[0m 114.254 ms - 62[0m
[0mGET /api/website/category/list [36m304[0m 16.483 ms - -[0m
[0mGET /api/website/category/list [36m304[0m 14.449 ms - -[0m
[0mGET /api/website/catalog/category/search?queryString=party-dress [32m200[0m 37.561 ms - 644[0m
[0mGET /api/website/catalog/product/search?filter_category=party-dress [32m200[0m 85.578 ms - 62[0m
[0mGET /api/website/category/list [36m304[0m 12.163 ms - -[0m
[0mGET /api/website/category/list [36m304[0m 11.125 ms - -[0m
[0mGET /api/website/catalog/category/search?queryString=under-garment-sleep-wears [32m200[0m 26.796 ms - 1245[0m
[0mGET /api/website/catalog/product/search?filter_category=under-garment-sleep-wears [32m200[0m 76.806 ms - 7474[0m
[0mGET /api/website/category/list [36m304[0m 19.066 ms - -[0m
[0mGET /api/website/category/list [36m304[0m 17.742 ms - -[0m
[0mGET /api/website/catalog/category/search?queryString=women-clothes [32m200[0m 53.241 ms - 1559[0m
[0mGET /api/website/catalog/product/search?filter_category=women-clothes [32m200[0m 89.651 ms - 7472[0m
[0mGET /api/website/category/list [36m304[0m 18.958 ms - -[0m
[0mGET /api/website/category/list [36m304[0m 18.218 ms - -[0m
[0mGET /api/website/catalog/category/search?queryString=bangles-and-rings [32m200[0m 80.422 ms - 1955[0m
[0mGET /api/website/catalog/product/search?filter_category=bangles-and-rings [32m200[0m 133.788 ms - 12330[0m
[0mGET /api/website/category/list [36m304[0m 14.089 ms - -[0m
[0mGET /api/website/category/list [36m304[0m 14.531 ms - -[0m
[0mGET /api/website/catalog/category/search?queryString=men-fashion [32m200[0m 49.424 ms - 2820[0m
[0mGET /api/website/catalog/product/search?filter_category=men-fashion [32m200[0m 85.008 ms - 12753[0m
[0mGET /api/website/category/list [36m304[0m 14.612 ms - -[0m
[0mGET /api/website/category/list [36m304[0m 17.198 ms - -[0m
[0mGET /api/website/catalog/category/search?queryString=islamic-men-accessories [32m200[0m 32.345 ms - 1079[0m
[0mGET /api/website/catalog/product/search?filter_category=islamic-men-accessories [32m200[0m 92.471 ms - 11094[0m
[0mGET /api/website/category/list [36m304[0m 15.608 ms - -[0m
[0mGET /api/website/category/list [36m304[0m 14.036 ms - -[0m
[0mGET /api/website/catalog/category/search?queryString=bottom-wear-for-men [32m200[0m 29.819 ms - 1211[0m
[0mGET /api/website/catalog/product/search?filter_category=bottom-wear-for-men [32m200[0m 80.669 ms - 2744[0m
[0mGET /api/website/category/list [36m304[0m 19.447 ms - -[0m
[0mGET /api/website/category/list [36m304[0m 19.792 ms - -[0m
[0mGET /api/website/catalog/category/search?queryString=top-wear-for-men [32m200[0m 40.050 ms - 1525[0m
[0mGET /api/website/category/list [36m304[0m 19.821 ms - -[0m
[0mGET /api/website/catalog/product/search?filter_category=top-wear-for-men [32m200[0m 97.382 ms - 4814[0m
[0mGET /api/website/category/list [36m304[0m 15.928 ms - -[0m
[0mGET /api/website/category/list [36m304[0m 12.559 ms - -[0m
[0mGET /api/website/catalog/category/search?queryString=watches [32m200[0m 53.692 ms - 1119[0m
[0mGET /api/website/category/list [36m304[0m 17.163 ms - -[0m
[0mGET /api/website/catalog/category/search?queryString=Raincoats-windcheaters [32m200[0m 52.804 ms - 750[0m
[0mGET /api/website/catalog/product/search?filter_category=watches [32m200[0m 112.976 ms - 2555[0m
[0mGET /api/website/catalog/product/search?filter_category=Raincoats-windcheaters [32m200[0m 100.726 ms - 62[0m
[0mGET /api/website/category/list [36m304[0m 14.635 ms - -[0m
[0mGET /api/website/category/list [36m304[0m 15.873 ms - -[0m
[0mGET /api/website/catalog/category/search?queryString=innerwear-and-loungewear [32m200[0m 38.546 ms - 942[0m
[0mGET /api/website/catalog/product/search?filter_category=innerwear-and-loungewear [32m200[0m 90.077 ms - 62[0m
[0mGET /api/website/category/list [36m304[0m 17.597 ms - -[0m
[0mGET /api/website/category/list [36m304[0m 18.084 ms - -[0m
[0mGET /api/website/catalog/category/search?queryString=ethnic-wear [32m200[0m 39.227 ms - 2033[0m
[0mGET /api/website/catalog/product/search?filter_category=ethnic-wear [32m200[0m 105.250 ms - 4236[0m
[0mGET /api/website/category/list [36m304[0m 15.346 ms - -[0m
[0mGET /api/website/category/list [36m304[0m 12.638 ms - -[0m
[0mGET /api/website/catalog/category/search?queryString=winter-wear [32m200[0m 34.640 ms - 2066[0m
[0mGET /api/website/catalog/product/search?filter_category=winter-wear [32m200[0m 87.244 ms - 6567[0m
[0mGET /api/website/category/list [36m304[0m 20.432 ms - -[0m
[0mGET /api/website/category/list [36m304[0m 20.525 ms - -[0m
[0mGET /api/website/catalog/category/search?queryString=ties-socks-caps-more [32m200[0m 52.342 ms - 710[0m
[0mGET /api/website/catalog/product/search?filter_category=ties-socks-caps-more [32m200[0m 108.796 ms - 62[0m
[0mGET /api/website/category/list [36m304[0m 14.850 ms - -[0m
[0mGET /api/website/category/list [36m304[0m 16.054 ms - -[0m
[0mGET /api/website/catalog/category/search?queryString=suits-blazers-waistcoats [32m200[0m 42.611 ms - 815[0m
[0mGET /api/website/catalog/product/search?filter_category=suits-blazers-waistcoats [32m200[0m 82.746 ms - 62[0m
[0mGET /api/website/category/list [36m304[0m 15.480 ms - -[0m
[0mGET /api/website/category/list [36m304[0m 13.703 ms - -[0m
[0mGET /api/website/catalog/category/search?queryString=Foot-wear [32m200[0m 36.696 ms - 1307[0m
[0mGET /api/website/catalog/product/search?filter_category=Foot-wear [32m200[0m 87.837 ms - 381[0m
[0mGET /api/website/category/list [36m304[0m 16.833 ms - -[0m
[0mGET /api/website/category/list [36m304[0m 14.790 ms - -[0m
[0mGET /api/website/catalog/category/search?queryString=sports-books-and-more [32m200[0m 57.619 ms - 2459[0m
[0mGET /api/website/catalog/product/search?filter_category=sports-books-and-more [32m200[0m 95.393 ms - 23262[0m
[0mGET /api/website/category/list [36m304[0m 16.109 ms - -[0m
[0mGET /api/website/category/list [36m304[0m 14.387 ms - -[0m
[0mGET /api/website/catalog/category/search?queryString=medical-supply [32m200[0m 40.976 ms - 715[0m
[0mGET /api/website/catalog/product/search?filter_category=medical-supply [32m200[0m 81.148 ms - 62[0m
[0mGET /api/website/category/list [36m304[0m 17.385 ms - -[0m
[0mGET /api/website/category/list [36m304[0m 18.873 ms - -[0m
[0mGET /api/website/catalog/category/search?queryString=Industrial%20and%20Scientifics%20Tools [32m200[0m 44.423 ms - 896[0m
[0mGET /api/website/catalog/product/search?filter_category=Industrial%20and%20Scientifics%20Tools [32m200[0m 94.957 ms - 62[0m
[0mGET /api/website/category/list [36m304[0m 13.769 ms - -[0m
[0mGET /api/website/category/list [36m304[0m 12.244 ms - -[0m
[0mGET /api/website/catalog/category/search?queryString=stationery [32m200[0m 37.032 ms - 867[0m
[0mGET /api/website/catalog/product/search?filter_category=stationery [32m200[0m 81.781 ms - 62[0m
[0mGET /api/website/category/list [36m304[0m 13.028 ms - -[0m
[0mGET /api/website/category/list [36m304[0m 13.183 ms - -[0m
[0mGET /api/website/catalog/category/search?queryString=books [32m200[0m 43.106 ms - 2459[0m
[0mGET /api/website/catalog/product/search?filter_category=books [32m200[0m 94.145 ms - 23262[0m
[0mGET /api/website/category/list [36m304[0m 17.303 ms - -[0m
[0mGET /api/website/category/list [36m304[0m 23.475 ms - -[0m
[0mGET /api/website/catalog/category/search?queryString=health-and-nutrition [32m200[0m 60.285 ms - 2375[0m
[0mGET /api/website/catalog/product/search?filter_category=health-and-nutrition [32m200[0m 92.425 ms - 22913[0m
[0mGET /api/website/category/list [36m304[0m 14.577 ms - -[0m
[0mGET /api/website/category/list [36m304[0m 13.880 ms - -[0m
[0mGET /api/website/catalog/category/search?queryString=exercise-fitness [32m200[0m 36.410 ms - 920[0m
[0mGET /api/website/catalog/product/search?filter_category=exercise-fitness [32m200[0m 82.813 ms - 4957[0m
[0mGET /api/website/category/list [36m304[0m 14.994 ms - -[0m
[0mGET /api/website/category/list [36m304[0m 14.271 ms - -[0m
[0mGET /api/website/catalog/category/search?queryString=Sports [32m200[0m 46.767 ms - 2459[0m
[0mGET /api/website/catalog/product/search?filter_category=Sports [32m200[0m 81.527 ms - 23262[0m
[0mGET /api/website/category/list [36m304[0m 18.125 ms - -[0m
[0mGET /api/website/category/list [36m304[0m 24.442 ms - -[0m
[0mGET /api/website/catalog/category/search?queryString=measurement-scales [32m200[0m 55.877 ms - 1202[0m
[0mGET /api/website/catalog/product/search?filter_category=measurement-scales [32m200[0m 110.183 ms - 4034[0m
[0mGET /api/website/category/list [36m304[0m 18.687 ms - -[0m
[0mGET /api/website/category/list [36m304[0m 32.711 ms - -[0m
[0mGET /api/website/catalog/category/search?queryString=fabric-bag [32m200[0m 57.028 ms - 1315[0m
[0mGET /api/website/catalog/product/search?filter_category=fabric-bag [32m200[0m 118.110 ms - 10235[0m
[0mGET /api/website/category/list [36m304[0m 16.281 ms - -[0m
[0mGET /api/website/category/list [36m304[0m 15.893 ms - -[0m
[0mGET /api/website/catalog/category/search?queryString=mithila-art [32m200[0m 42.991 ms - 950[0m
[0mGET /api/website/catalog/product/search?filter_category=mithila-art [32m200[0m 82.385 ms - 6451[0m
[0mGET /api/website/category/list [36m304[0m 17.665 ms - -[0m
[0mGET /api/website/category/list [36m304[0m 16.375 ms - -[0m
[0mGET /api/website/catalog/category/search?queryString=baby-care [32m200[0m 56.217 ms - 1488[0m
[0mGET /api/website/catalog/product/search?filter_category=baby-care [32m200[0m 112.804 ms - 15761[0m
[0mGET /api/website/category/list [36m304[0m 16.345 ms - -[0m
[0mGET /api/website/category/list [36m304[0m 24.936 ms - -[0m
[0mGET /api/website/catalog/category/search?queryString=kids-furnishing-toys-and-more [32m200[0m 66.239 ms - 772[0m
[0mGET /api/website/catalog/product/search?filter_category=kids-furnishing-toys-and-more [32m200[0m 93.980 ms - 62[0m
[0mGET /api/website/category/list [36m304[0m 18.914 ms - -[0m
[0mGET /api/website/category/list [36m304[0m 18.252 ms - -[0m
[0mGET /api/website/catalog/category/search?queryString=baby-accessories-and-more [32m200[0m 42.133 ms - 838[0m
[0mGET /api/website/catalog/product/search?filter_category=baby-accessories-and-more [32m200[0m 93.286 ms - 4078[0m
[0mGET /api/website/category/list [36m304[0m 13.608 ms - -[0m
[0mGET /api/website/category/list [36m304[0m 13.830 ms - -[0m
[0mGET /api/website/catalog/category/search?queryString=baby-skin-and-hair-care [32m200[0m 40.643 ms - 892[0m
[0mGET /api/website/catalog/product/search?filter_category=baby-skin-and-hair-care [32m200[0m 92.961 ms - 5987[0m
[0mGET /api/website/category/list [36m304[0m 15.634 ms - -[0m
[0mGET /api/website/category/list [36m304[0m 25.482 ms - -[0m
[0mGET /api/website/catalog/category/search?queryString=diapers-and-wipes [32m200[0m 41.237 ms - 991[0m
[0mGET /api/website/catalog/product/search?filter_category=diapers-and-wipes [32m200[0m 97.754 ms - 3199[0m
[0mGET /api/website/category/list [36m304[0m 40.588 ms - -[0m
[0mGET /api/website/category/list [36m304[0m 23.269 ms - -[0m
[0mGET /api/website/catalog/category/search?queryString=baby-food [32m200[0m 64.740 ms - 936[0m
[0mGET /api/website/catalog/product/search?filter_category=baby-food [32m200[0m 111.498 ms - 2711[0m
[0mGET /api/website/category/list [36m304[0m 14.344 ms - -[0m
[0mGET /api/website/category/list [36m304[0m 29.271 ms - -[0m
[0mGET /api/website/catalog/category/search?queryString=home-and-decor [32m200[0m 44.388 ms - 1739[0m
[0mGET /api/website/category/list [36m304[0m 27.093 ms - -[0m
[0mGET /api/website/catalog/product/search?filter_category=home-and-decor [32m200[0m 108.628 ms - 13742[0m
[0mGET /api/website/category/list [36m304[0m 14.563 ms - -[0m
[0mGET /api/website/catalog/category/search?queryString=smart-home-automation [32m200[0m 41.505 ms - 939[0m
[0mGET /api/website/catalog/product/search?filter_category=smart-home-automation [32m200[0m 71.895 ms - 62[0m
[0mGET /api/website/category/list [36m304[0m 13.076 ms - -[0m
[0mGET /api/website/category/list [36m304[0m 28.190 ms - -[0m
[0mGET /api/website/catalog/category/search?queryString=home-light [32m200[0m 41.379 ms - 1311[0m
[0mGET /api/website/catalog/product/search?filter_category=home-light [32m200[0m 103.468 ms - 13065[0m
[0mGET /api/website/category/list [36m304[0m 13.545 ms - -[0m
[0mGET /api/website/category/list [36m304[0m 15.064 ms - -[0m
[0mGET /api/website/catalog/category/search?queryString=home-dcor [32m200[0m 28.861 ms - 1101[0m
[0mGET /api/website/catalog/product/search?filter_category=home-dcor [32m200[0m 77.953 ms - 1420[0m
[0mGET /api/website/category/list [36m304[0m 14.904 ms - -[0m
[0mGET /api/website/category/list [36m304[0m 14.469 ms - -[0m
[0mGET /api/website/catalog/category/search?queryString=furnishing [32m200[0m 39.120 ms - 1531[0m
[0mGET /api/website/category/list [36m304[0m 15.531 ms - -[0m
[0mGET /api/website/category/list [36m304[0m 13.295 ms - -[0m
[0mGET /api/website/catalog/category/search?queryString=office-study-furniture [32m200[0m 33.741 ms - 818[0m
[0mGET /api/website/catalog/product/search?filter_category=furnishing [32m200[0m 84.369 ms - 1801[0m
[0mGET /api/website/catalog/product/search?filter_category=office-study-furniture [32m200[0m 76.128 ms - 62[0m
[0mGET /api/website/category/list [36m304[0m 16.754 ms - -[0m
[0mGET /api/website/category/list [36m304[0m 14.213 ms - -[0m
[0mGET /api/website/catalog/category/search?queryString=bedroom-furniture [32m200[0m 31.999 ms - 732[0m
[0mGET /api/website/catalog/product/search?filter_category=bedroom-furniture [32m200[0m 83.013 ms - 703[0m
[0mGET /api/website/category/list [36m304[0m 17.115 ms - -[0m
[0mGET /api/website/category/list [36m304[0m 16.142 ms - -[0m
[0mGET /api/website/catalog/category/search?queryString=cleaning-storage [32m200[0m 42.139 ms - 662[0m
[0mGET /api/website/catalog/product/search?filter_category=cleaning-storage [32m200[0m 86.526 ms - 62[0m
[0mGET /api/website/category/list [36m304[0m 15.325 ms - -[0m
[0mGET /api/website/category/list [36m304[0m 36.041 ms - -[0m
[0mGET /api/website/catalog/category/search?queryString=kitchen-storage [32m200[0m 56.557 ms - 805[0m
[0mGET /api/website/catalog/product/search?filter_category=kitchen-storage [32m200[0m 106.566 ms - 62[0m
[0mGET /api/website/category/list [36m304[0m 15.171 ms - -[0m
[0mGET /api/website/category/list [36m304[0m 16.930 ms - -[0m
[0mGET /api/website/catalog/category/search?queryString=tableware-dinnerware [32m200[0m 40.202 ms - 763[0m
[0mGET /api/website/catalog/product/search?filter_category=tableware-dinnerware [32m200[0m 83.035 ms - 62[0m
[0mGET /api/website/category/list [36m304[0m 14.364 ms - -[0m
[0mGET /api/website/category/list [36m304[0m 13.987 ms - -[0m
[0mGET /api/website/catalog/category/search?queryString=kitchen-cookware-and-serve-ware [32m200[0m 36.646 ms - 1015[0m
[0mGET /api/website/catalog/product/search?filter_category=kitchen-cookware-and-serve-ware [32m200[0m 83.677 ms - 62[0m
[0mGET /api/website/category/list [36m304[0m 20.809 ms - -[0m
[0mGET /api/website/category/list [36m304[0m 17.429 ms - -[0m
[0mGET /api/website/catalog/category/search?queryString=home-and-kitchen [32m200[0m 138.560 ms - 2002[0m
[0mGET /api/website/catalog/product/search?filter_category=home-and-kitchen [32m200[0m 202.668 ms - 18755[0m
[0mGET /api/website/category/list [36m304[0m 16.844 ms - -[0m
[0mGET /api/website/category/list [36m304[0m 19.660 ms - -[0m
[0mGET /api/website/catalog/category/search?queryString=dishwasher [32m200[0m 45.943 ms - 828[0m
[0mGET /api/website/catalog/product/search?filter_category=dishwasher [32m200[0m 88.767 ms - 3290[0m
[0mGET /api/website/category/list [36m304[0m 16.558 ms - -[0m
[0mGET /api/website/category/list [36m304[0m 16.899 ms - -[0m
[0mGET /api/website/catalog/category/search?queryString=plastic-product [32m200[0m 46.069 ms - 628[0m
[0mGET /api/website/catalog/product/search?filter_category=plastic-product [32m200[0m 96.803 ms - 62[0m
[0mGET /api/website/category/list [36m304[0m 15.673 ms - -[0m
[0mGET /api/website/category/list [36m304[0m 13.568 ms - -[0m
[0mGET /api/website/catalog/category/search?queryString=steel-furniture [32m200[0m 29.847 ms - 1088[0m
[0mGET /api/website/catalog/product/search?filter_category=steel-furniture [32m200[0m 77.674 ms - 6367[0m
[0mGET /api/website/category/list [36m304[0m 12.364 ms - -[0m
[0mGET /api/website/category/list [36m304[0m 28.149 ms - -[0m
[0mGET /api/website/catalog/category/search?queryString=kitchen-appliances [32m200[0m 41.368 ms - 1436[0m
[0mGET /api/website/catalog/product/search?filter_category=kitchen-appliances [32m200[0m 89.387 ms - 18178[0m
[0mGET /api/website/category/list [36m304[0m 15.700 ms - -[0m
[0mGET /api/website/category/list [36m304[0m 20.096 ms - -[0m
[0mGET /api/website/catalog/category/search?queryString=gas-stoves [32m200[0m 37.182 ms - 1264[0m
[0mGET /api/website/catalog/product/search?filter_category=gas-stoves [32m200[0m 94.268 ms - 10699[0m
[0mGET /api/website/category/list [36m304[0m 13.963 ms - -[0m
[0mGET /api/website/category/list [36m304[0m 16.118 ms - -[0m
[0mGET /api/website/catalog/category/search?queryString=dining-and-serving [32m200[0m 43.962 ms - 790[0m
[0mGET /api/website/catalog/product/search?filter_category=dining-and-serving [32m200[0m 100.174 ms - 62[0m
[0mGET /api/website/category/list [36m304[0m 12.389 ms - -[0m
[0mGET /api/website/category/list [36m304[0m 14.521 ms - -[0m
[0mGET /api/website/catalog/category/search?queryString=kitchen-tools-and-accessories [32m200[0m 27.910 ms - 1196[0m
[0mGET /api/website/catalog/product/search?filter_category=kitchen-tools-and-accessories [32m200[0m 74.936 ms - 1393[0m
[0mGET /api/website/category/list [36m304[0m 16.190 ms - -[0m
[0mGET /api/website/category/list [36m304[0m 26.194 ms - -[0m
[0mGET /api/website/catalog/category/search?queryString=storage-and-containers [32m200[0m 43.668 ms - 1200[0m
[0mGET /api/website/catalog/product/search?filter_category=storage-and-containers [32m200[0m 93.392 ms - 1584[0m
[0mGET /api/website/category/list [36m304[0m 20.845 ms - -[0m
[0mGET /api/website/category/list [36m304[0m 77.545 ms - -[0m
[0mGET /api/website/catalog/category/search?queryString=cookware [32m200[0m 100.657 ms - 1691[0m
[0mGET /api/website/catalog/product/search?filter_category=cookware [32m200[0m 102.043 ms - 4015[0m
[0mGET /api/website/category/list [36m304[0m 13.709 ms - -[0m
[0mGET /api/website/category/list [36m304[0m 67.064 ms - -[0m
[0mGET /api/website/catalog/category/search?queryString=grocery [32m200[0m 81.195 ms - 2544[0m
[0mGET /api/website/catalog/product/search?filter_category=grocery [32m200[0m 134.341 ms - 15195[0m
[0mGET /api/website/category/list [36m304[0m 17.600 ms - -[0m
[0mGET /api/website/category/list [36m304[0m 28.376 ms - -[0m
[0mGET /api/website/catalog/category/search?queryString=ice-cream [32m200[0m 46.102 ms - 772[0m
[0mGET /api/website/catalog/product/search?filter_category=ice-cream [32m200[0m 96.919 ms - 1194[0m
[0mGET /api/website/category/list [36m304[0m 18.993 ms - -[0m
[0mGET /api/website/category/list [36m304[0m 17.507 ms - -[0m
[0mGET /api/website/catalog/category/search?queryString=pizza-burgers [32m200[0m 48.773 ms - 629[0m
[0mGET /api/website/catalog/product/search?filter_category=pizza-burgers [32m200[0m 80.886 ms - 62[0m
[0mGET /api/website/category/list [36m304[0m 14.716 ms - -[0m
[0mGET /api/website/category/list [36m304[0m 17.578 ms - -[0m
[0mGET /api/website/catalog/category/search?queryString=sweet [32m200[0m 32.961 ms - 959[0m
[0mGET /api/website/catalog/product/search?filter_category=sweet [32m200[0m 78.500 ms - 62[0m
[0mGET /api/website/category/list [36m304[0m 15.247 ms - -[0m
[0mGET /api/website/category/list [36m304[0m 14.849 ms - -[0m
[0mGET /api/website/catalog/category/search?queryString=cake [32m200[0m 46.800 ms - 1048[0m
[0mGET /api/website/catalog/product/search?filter_category=cake [32m200[0m 97.141 ms - 9142[0m
[0mGET /api/website/category/list [36m304[0m 27.535 ms - -[0m
[0mGET /api/website/catalog/category/search?queryString=pulses [32m200[0m 59.270 ms - 1155[0m
[0mGET /api/website/category/list [36m304[0m 24.763 ms - -[0m
[0mGET /api/website/catalog/product/search?filter_category=pulses [32m200[0m 101.920 ms - 3816[0m
[0mGET /api/website/category/list [36m304[0m 17.806 ms - -[0m
[0mGET /api/website/category/list [36m304[0m 22.439 ms - -[0m
[0mGET /api/website/catalog/category/search?queryString=dry-fruits-and-nuts [32m200[0m 41.752 ms - 1172[0m
[0mGET /api/website/catalog/product/search?filter_category=dry-fruits-and-nuts [32m200[0m 98.826 ms - 2541[0m
[0mGET /api/website/category/list [36m304[0m 14.596 ms - -[0m
[0mGET /api/website/category/list [36m304[0m 14.437 ms - -[0m
[0mGET /api/website/catalog/category/search?queryString=masalas-and-spices [32m200[0m 59.147 ms - 1404[0m
[0mGET /api/website/catalog/product/search?filter_category=masalas-and-spices [32m200[0m 109.165 ms - 14814[0m
[0mGET /api/website/category/list [36m304[0m 14.595 ms - -[0m
[0mGET /api/website/category/list [36m304[0m 16.517 ms - -[0m
[0mGET /api/website/catalog/category/search?queryString=ghee-and-vanaspati [32m200[0m 43.088 ms - 884[0m
[0mGET /api/website/catalog/product/search?filter_category=ghee-and-vanaspati [32m200[0m 88.985 ms - 2419[0m
[0mGET /api/website/category/list [36m304[0m 15.489 ms - -[0m
[0mGET /api/website/category/list [36m304[0m 17.026 ms - -[0m
[0mGET /api/website/catalog/category/search?queryString=salt-and-sugar [32m200[0m 43.723 ms - 923[0m
[0mGET /api/website/catalog/product/search?filter_category=salt-and-sugar [32m200[0m 81.773 ms - 2678[0m
[0mGET /api/website/category/list [36m304[0m 14.159 ms - -[0m
[0mGET /api/website/category/list [36m304[0m 18.911 ms - -[0m
[0mGET /api/website/catalog/category/search?queryString=rice-and-rice-products [32m200[0m 35.893 ms - 1653[0m
[0mGET /api/website/catalog/product/search?filter_category=rice-and-rice-products [32m200[0m 84.272 ms - 11482[0m
[0mGET /api/website/category/list [36m304[0m 17.042 ms - -[0m
[0mGET /api/website/category/list [36m304[0m 20.390 ms - -[0m
[0mGET /api/website/catalog/category/search?queryString=atta-flours-and-sooji [32m200[0m 52.078 ms - 1338[0m
[0mGET /api/website/catalog/product/search?filter_category=atta-flours-and-sooji [32m200[0m 110.302 ms - 8016[0m
[0mGET /api/website/category/list [36m304[0m 18.626 ms - -[0m
[0mGET /api/website/category/list [36m304[0m 24.410 ms - -[0m
[0mGET /api/website/catalog/category/search?queryString=edible-oils [32m200[0m 60.162 ms - 1235[0m
[0mGET /api/website/catalog/product/search?filter_category=edible-oils [32m200[0m 105.269 ms - 2042[0m
[0mGET /api/website/category/list [36m304[0m 22.137 ms - -[0m
[0mGET /api/website/category/list [36m304[0m 15.862 ms - -[0m
[0mGET /api/website/category/list [36m304[0m 10.911 ms - -[0m
[0mGET /api/website/category/list [36m304[0m 10.836 ms - -[0m
[0mGET /api/website/category/list [36m304[0m 38.841 ms - -[0m
[0mGET /api/website/catalog/category/search?queryString=undefined [32m200[0m 58.087 ms - 62[0m
[0mGET /api/website/category/list [36m304[0m 22.687 ms - -[0m
[0mGET /api/website/catalog/product/search?filter_category=undefined [32m200[0m 70.524 ms - 62[0m
[0mGET /api/website/category/list [36m304[0m 17.006 ms - -[0m
[0mGET /api/website/category/list [36m304[0m 13.755 ms - -[0m
[0mGET /api/website/category/list [36m304[0m 22.286 ms - -[0m
[0mGET /api/website/category/list [36m304[0m 17.777 ms - -[0m
[0mGET /api/website/category/list [36m304[0m 18.939 ms - -[0m
[0mGET /api/website/category/list [36m304[0m 18.239 ms - -[0m
[0mGET /api/website/category/list [36m304[0m 38.335 ms - -[0m
[0mGET /api/website/category/list [36m304[0m 19.414 ms - -[0m
[0mGET /api/website/relatedProduct?productId=6626&slug=muscletech-platinum-100-creatine-ultra-pure-micronized-creatine-powder-400g-80-servings [32m200[0m 101.818 ms - 9713[0m
[0mGET /api/website/product/detail?productId=6626&slug=muscletech-platinum-100-creatine-ultra-pure-micronized-creatine-powder-400g-80-servings [32m200[0m 104.940 ms - 4218[0m
[0mGET /api/website/category/list [36m304[0m 18.074 ms - -[0m
[0mGET /api/website/category/list [36m304[0m 45.687 ms - -[0m
[0mGET /api/website/product/detail?productId=6627&slug=muscletech-nutrition-amino-build-next-gen-energized-282g-serving-30 [32m200[0m 83.688 ms - 6165[0m
[0mGET /api/website/relatedProduct?productId=6627&slug=muscletech-nutrition-amino-build-next-gen-energized-282g-serving-30 [32m200[0m 83.927 ms - 9713[0m
[0mGET /api/website/category/list [36m304[0m 16.711 ms - -[0m
[0mGET /api/website/category/list [36m304[0m 12.831 ms - -[0m
[0mGET /api/website/product/detail?productId=6610&slug=muscletech-nutrition-essentials-multi-vitamin-90caps-formula-30 [32m200[0m 53.820 ms - 3175[0m
[0mGET /api/website/relatedProduct?productId=6610&slug=muscletech-nutrition-essentials-multi-vitamin-90caps-formula-30 [32m200[0m 59.031 ms - 9713[0m
[0mGET /api/website/category/list [36m304[0m 17.347 ms - -[0m
[0mGET /api/website/category/list [36m304[0m 22.396 ms - -[0m
[0mGET /api/website/product/detail?productId=6612&slug=muscletech-nutrition-hydroxycut-hardcore-elite-next-generation-180-caps-formula-90 [32m200[0m 63.388 ms - 3011[0m
[0mGET /api/website/relatedProduct?productId=6612&slug=muscletech-nutrition-hydroxycut-hardcore-elite-next-generation-180-caps-formula-90 [32m200[0m 63.980 ms - 9713[0m
[0mGET /api/website/category/list [36m304[0m 26.323 ms - -[0m
[0mGET /api/website/category/list [36m304[0m 15.202 ms - -[0m
[0mGET /api/website/product/detail?productId=6611&slug=muscletech-nutrition-amino-build-next-gen-ripped-289g-formula-30 [32m200[0m 116.254 ms - 2760[0m
[0mGET /api/website/relatedProduct?productId=6611&slug=muscletech-nutrition-amino-build-next-gen-ripped-289g-formula-30 [32m200[0m 120.651 ms - 9713[0m
[0mGET /api/website/category/list [36m304[0m 17.171 ms - -[0m
[0mGET /api/website/category/list [36m304[0m 20.237 ms - -[0m
[0mGET /api/website/product/detail?productId=6613&slug=muscletech-nutrition-hydroxycut-hardcore-elite-next-generation-100-caps-formula-50 [32m200[0m 59.267 ms - 3023[0m
[0mGET /api/website/relatedProduct?productId=6613&slug=muscletech-nutrition-hydroxycut-hardcore-elite-next-generation-100-caps-formula-50 [32m200[0m 69.603 ms - 9713[0m
[0mGET /api/website/category/list [36m304[0m 22.277 ms - -[0m
[0mGET /api/website/category/list [36m304[0m 49.125 ms - -[0m
[0mGET /api/website/product/detail?productId=6614&slug=muscletech-nutrition-hydroxycut-hardcore-elite-100caps-formula-50 [32m200[0m 83.197 ms - 4580[0m
[0mGET /api/website/relatedProduct?productId=6614&slug=muscletech-nutrition-hydroxycut-hardcore-elite-100caps-formula-50 [32m200[0m 94.821 ms - 9713[0m
[0mGET /api/website/category/list [36m304[0m 15.445 ms - -[0m
[0mGET /api/website/category/list [36m304[0m 15.545 ms - -[0m
[0mGET /api/website/product/detail?productId=6615&slug=muscletech-nutrition-platinum-l-carnitine-180caps-formula-90 [32m200[0m 58.172 ms - 3550[0m
[0mGET /api/website/relatedProduct?productId=6615&slug=muscletech-nutrition-platinum-l-carnitine-180caps-formula-90 [32m200[0m 65.143 ms - 9713[0m
[0mGET /api/website/category/list [36m304[0m 20.331 ms - -[0m
[0mGET /api/website/category/list [36m304[0m 13.240 ms - -[0m
[0mGET /api/website/product/detail?productId=6624&slug=muscletech-vapor-1-pre-workout-474g-formula-25 [32m200[0m 85.873 ms - 2329[0m
[0mGET /api/website/relatedProduct?productId=6624&slug=muscletech-vapor-1-pre-workout-474g-formula-25 [32m200[0m 86.958 ms - 9713[0m
[0mGET /api/website/category/list [36m304[0m 16.957 ms - -[0m
[0mGET /api/website/category/list [36m304[0m 21.940 ms - -[0m
[0mGET /api/website/product/detail?productId=6625&slug=muscletech-vapor-x5-pre-workout-powder-232g-formula-30 [32m200[0m 71.468 ms - 3081[0m
[0mGET /api/website/relatedProduct?productId=6625&slug=muscletech-vapor-x5-pre-workout-powder-232g-formula-30 [32m200[0m 72.087 ms - 9713[0m
[0mGET /api/website/category/list [36m304[0m 33.909 ms - -[0m
[0mGET /api/website/category/list [36m304[0m 23.958 ms - -[0m
[0mGET /api/website/product/detail?productId=6648&slug=baltra-cute-wall-fan-bf-138 [32m200[0m 100.733 ms - 2927[0m
[0mGET /api/website/relatedProduct?productId=6648&slug=baltra-cute-wall-fan-bf-138 [32m200[0m 101.132 ms - 2253[0m
[0mGET /api/website/category/list [36m304[0m 19.122 ms - -[0m
[0mGET /api/website/category/list [36m304[0m 19.356 ms - -[0m
[0mGET /api/website/relatedProduct?productId=5604&slug=steel-book-almari [32m200[0m 81.184 ms - 2956[0m
[0mGET /api/website/product/detail?productId=5604&slug=steel-book-almari [32m200[0m 82.803 ms - 2153[0m
[0mGET /api/website/category/list [36m304[0m 55.630 ms - -[0m
[0mGET /api/website/category/list [36m304[0m 14.163 ms - -[0m
[0mGET /api/website/product/detail?productId=6660&slug=bajaj-bahar-300mm-exhaust-fan-grey [32m200[0m 119.549 ms - 3406[0m
[0mGET /api/website/relatedProduct?productId=6660&slug=bajaj-bahar-300mm-exhaust-fan-grey [32m200[0m 117.740 ms - 926[0m
[0mGET /api/website/category/list [36m304[0m 14.838 ms - -[0m
[0mGET /api/website/category/list [36m304[0m 15.229 ms - -[0m
[0mGET /api/website/product/detail?productId=6659&slug=bajaj-neo-spectrum-400mm-wall-fan-blue [32m200[0m 64.511 ms - 4044[0m
[0mGET /api/website/relatedProduct?productId=6659&slug=bajaj-neo-spectrum-400mm-wall-fan-blue [32m200[0m 69.209 ms - 2253[0m
[0mGET /api/website/category/list [36m304[0m 14.575 ms - -[0m
[0mGET /api/website/category/list [36m304[0m 18.592 ms - -[0m
[0mGET /api/website/product/detail?productId=6658&slug=bajaj-tez-farrata-500-mm-3-blade-stand-fan-gray [32m200[0m 75.552 ms - 3248[0m
[0mGET /api/website/relatedProduct?productId=6658&slug=bajaj-tez-farrata-500-mm-3-blade-stand-fan-gray [32m200[0m 76.440 ms - 1595[0m
[0mGET /api/website/category/list [36m304[0m 16.378 ms - -[0m
[0mGET /api/website/category/list [36m304[0m 13.756 ms - -[0m
[0mGET /api/website/product/detail?productId=6657&slug=bajaj-neo-spectrum-400-mm-stand-fan-blue [32m200[0m 67.054 ms - 4380[0m
[0mGET /api/website/relatedProduct?productId=6657&slug=bajaj-neo-spectrum-400-mm-stand-fan-blue [32m200[0m 67.166 ms - 1595[0m
[0mGET /api/website/category/list [36m304[0m 14.415 ms - -[0m
[0mGET /api/website/category/list [36m304[0m 19.671 ms - -[0m
[0mGET /api/website/product/detail?productId=6656&slug=bajaj-sabse-tezz-900mm-ceiling-fan-brown [32m200[0m 67.861 ms - 3868[0m
[0mGET /api/website/relatedProduct?productId=6656&slug=bajaj-sabse-tezz-900mm-ceiling-fan-brown [32m200[0m 77.581 ms - 5856[0m
[0mGET /api/website/category/list [36m304[0m 19.832 ms - -[0m
[0mGET /api/website/category/list [36m304[0m 19.962 ms - -[0m
[0mGET /api/website/product/detail?productId=6655&slug=bajaj-sabse-tezz-1200mm-ceiling-fan-brown [32m200[0m 97.631 ms - 4103[0m
[0mGET /api/website/relatedProduct?productId=6655&slug=bajaj-sabse-tezz-1200mm-ceiling-fan-brown [32m200[0m 96.919 ms - 5856[0m
[0mGET /api/website/category/list [36m304[0m 17.141 ms - -[0m
[0mGET /api/website/product/detail?productId=6654&slug=bajaj-edge-hs-1200-mm-ceiling-fan-dark-brown [32m200[0m 148.128 ms - 3112[0m
[0mGET /api/website/category/list [36m304[0m 131.367 ms - -[0m
[0mGET /api/website/relatedProduct?productId=6654&slug=bajaj-edge-hs-1200-mm-ceiling-fan-dark-brown [32m200[0m 148.094 ms - 5856[0m
[0mGET /api/website/category/list [36m304[0m 28.810 ms - -[0m
[0mGET /api/website/category/list [36m304[0m 39.209 ms - -[0m
[0mGET /api/website/product/detail?productId=6653&slug=bajaj-maxima-600-mm-ceiling-fan-brown [32m200[0m 95.363 ms - 3257[0m
[0mGET /api/website/relatedProduct?productId=6653&slug=bajaj-maxima-600-mm-ceiling-fan-brown [32m200[0m 101.662 ms - 5856[0m
[0mGET /api/website/category/list [36m304[0m 16.230 ms - -[0m
[0mGET /api/website/category/list [36m304[0m 58.033 ms - -[0m
[0mGET /api/website/product/detail?productId=6652&slug=bajaj-euro-nxg-anti-germ-bbd-1200-mm-ceiling-fan-chocolate-brown [32m200[0m 77.587 ms - 3851[0m
[0mGET /api/website/relatedProduct?productId=6652&slug=bajaj-euro-nxg-anti-germ-bbd-1200-mm-ceiling-fan-chocolate-brown [32m200[0m 82.667 ms - 5856[0m
[0mGET /api/website/category/list [36m304[0m 25.666 ms - -[0m
[0mGET /api/website/category/list [36m304[0m 38.303 ms - -[0m
[0mGET /api/website/product/detail?productId=6651&slug=bajaj-harrier-1200mm-ceiling-fan-pearl-grey [32m200[0m 92.900 ms - 3835[0m
[0mGET /api/website/relatedProduct?productId=6651&slug=bajaj-harrier-1200mm-ceiling-fan-pearl-grey [32m200[0m 96.063 ms - 5856[0m
[0mGET /api/website/category/list [36m304[0m 30.731 ms - -[0m
[0mGET /api/website/product/detail?productId=6650&slug=bajaj-regal-gold-nxg-1200-mm-ceiling-fan-matte-ivory [32m200[0m 153.795 ms - 3996[0m
[0mGET /api/website/category/list [36m304[0m 124.104 ms - -[0m
[0mGET /api/website/relatedProduct?productId=6650&slug=bajaj-regal-gold-nxg-1200-mm-ceiling-fan-matte-ivory [32m200[0m 154.012 ms - 5856[0m
[0mGET /api/website/category/list [36m304[0m 23.928 ms - -[0m
[0mGET /api/website/category/list [36m304[0m 19.923 ms - -[0m
[0mGET /api/website/product/detail?productId=6649&slug=bajaj-trendy-plus-ceiling-fan-1200-mm-celestial-blue [32m200[0m 83.167 ms - 3342[0m
[0mGET /api/website/relatedProduct?productId=6649&slug=bajaj-trendy-plus-ceiling-fan-1200-mm-celestial-blue [32m200[0m 87.705 ms - 5856[0m
[0mGET /api/website/category/list [36m304[0m 36.275 ms - -[0m
[0mGET /api/website/category/list [36m304[0m 22.296 ms - -[0m
[0mGET /api/website/catalog/category/search?queryString=sherwanis [32m200[0m 73.049 ms - 785[0m
[0mGET /api/website/catalog/product/search?filter_category=sherwanis [32m200[0m 160.252 ms - 3979[0m
[0mGET /api/website/category/list [36m304[0m 26.598 ms - -[0m
[0mGET /api/website/category/list [36m304[0m 33.648 ms - -[0m
[0mGET /api/website/catalog/category/search?queryString=jeans-for-men [32m200[0m 72.691 ms - 682[0m
[0mGET /api/website/catalog/product/search?filter_category=jeans-for-men [32m200[0m 157.432 ms - 2649[0m
[0mGET /api/website/category/list [36m304[0m 33.926 ms - -[0m
[0mGET /api/website/category/list [36m304[0m 37.654 ms - -[0m
[0mGET /api/website/catalog/category/search?queryString=shirt [32m200[0m 89.871 ms - 1779[0m
[0mGET /api/website/catalog/product/search?filter_category=shirt [32m200[0m 149.731 ms - 494[0m
[0mGET /api/website/category/list [36m304[0m 22.051 ms - -[0m
[0mGET /api/website/category/list [36m304[0m 36.499 ms - -[0m
[0mGET /api/website/catalog/category/search?queryString=atta-whole-wheat [32m200[0m 86.644 ms - 765[0m
[0mGET /api/website/catalog/product/search?filter_category=atta-whole-wheat [32m200[0m 141.537 ms - 4936[0m
[0mGET /api/website/category/list [36m304[0m 37.105 ms - -[0m
[0mGET /api/website/category/list [36m304[0m 19.514 ms - -[0m
[0mGET /api/website/catalog/category/search?queryString=rice [32m200[0m 95.027 ms - 1653[0m
[0mGET /api/website/catalog/product/search?filter_category=rice [32m200[0m 133.654 ms - 8912[0m
[0mGET /api/website/category/list [36m304[0m 32.508 ms - -[0m
[0mGET /api/website/category/list [36m304[0m 22.536 ms - -[0m
[0mGET /api/website/catalog/category/search?queryString=spray [32m200[0m 68.493 ms - 1279[0m
[0mGET /api/website/catalog/product/search?filter_category=spray [32m200[0m 116.474 ms - 307[0m
[0mGET /api/website/category/list [36m304[0m 18.810 ms - -[0m
[0mGET /api/website/category/list [36m304[0m 19.384 ms - -[0m
[0mGET /api/website/catalog/category/search?queryString=hair-colour [32m200[0m 58.011 ms - 1309[0m
[0mGET /api/website/category/list [36m304[0m 23.889 ms - -[0m
[0mGET /api/website/catalog/product/search?filter_category=hair-colour [32m200[0m 110.652 ms - 8814[0m
[0mGET /api/website/category/list [36m304[0m 20.307 ms - -[0m
[0mGET /api/website/catalog/category/search?queryString=bra [32m200[0m 69.645 ms - 1839[0m
[0mGET /api/website/catalog/product/search?filter_category=bra [32m200[0m 99.695 ms - 2517[0m
[0mGET /api/website/category/list [36m304[0m 15.866 ms - -[0m
[0mGET /api/website/product/detail?productId=6528&slug=kiss-beauty-24k-golden-edition-primer-30ml [32m200[0m 65.870 ms - 2917[0m
[0mGET /api/website/category/list [36m304[0m 49.109 ms - -[0m
[0mGET /api/website/relatedProduct?productId=6528&slug=kiss-beauty-24k-golden-edition-primer-30ml [32m200[0m 67.340 ms - 3625[0m
[0mGET /api/website/category/list [36m304[0m 21.833 ms - -[0m
[0mGET /api/website/category/list [36m304[0m 19.964 ms - -[0m
[0mGET /api/website/product/detail?productId=6526&slug=lakme-cc-face-primer-long-lasting-skine-care-makeup-primer-40ml [32m200[0m 84.726 ms - 2849[0m
[0mGET /api/website/relatedProduct?productId=6526&slug=lakme-cc-face-primer-long-lasting-skine-care-makeup-primer-40ml [32m200[0m 68.770 ms - 3625[0m
[0mGET /api/website/category/list [36m304[0m 18.976 ms - -[0m
[0mGET /api/website/category/list [36m304[0m 20.712 ms - -[0m
[0mGET /api/website/product/detail?productId=6609&slug=helida-keratin-reconstructive-smoothing-therapy-935ml [32m200[0m 88.717 ms - 3620[0m
[0mGET /api/website/relatedProduct?productId=6609&slug=helida-keratin-reconstructive-smoothing-therapy-935ml [32m200[0m 89.351 ms - 9407[0m
[0mGET /api/website/category/list [36m304[0m 29.872 ms - -[0m
[0mGET /api/website/category/list [36m304[0m 25.900 ms - -[0m
[0mGET /api/website/product/detail?productId=6608&slug=bright-pleasant-impression-hold-tight-that-felling-960ml [32m200[0m 108.583 ms - 2393[0m
[0mGET /api/website/relatedProduct?productId=6608&slug=bright-pleasant-impression-hold-tight-that-felling-960ml [32m200[0m 109.849 ms - 9407[0m
[0mGET /api/website/category/list [36m304[0m 36.218 ms - -[0m
[0mGET /api/website/product/detail?productId=6603&slug=la-fresh-hair-styling-mousse-200ml [32m200[0m 166.267 ms - 2400[0m
[0mGET /api/website/category/list [36m304[0m 132.201 ms - -[0m
[0mGET /api/website/relatedProduct?productId=6603&slug=la-fresh-hair-styling-mousse-200ml [32m200[0m 168.854 ms - 9407[0m
[0mGET /api/website/category/list [36m304[0m 21.487 ms - -[0m
[0mGET /api/website/category/list [36m304[0m 31.881 ms - -[0m
[0mGET /api/website/product/detail?productId=6601&slug=nova-ultra-hold-styling-mousse-200ml [32m200[0m 80.909 ms - 2600[0m
[0mGET /api/website/relatedProduct?productId=6601&slug=nova-ultra-hold-styling-mousse-200ml [32m200[0m 83.795 ms - 9407[0m
[0mGET /api/website/category/list [36m304[0m 30.053 ms - -[0m
[0mGET /api/website/category/list [36m304[0m 20.925 ms - -[0m
[0mGET /api/website/product/detail?productId=6600&slug=tony-mony-usa-keratin-hair-spray-fix-and-lock-perfect-curve-from-root-to-tail-420ml [32m200[0m 94.766 ms - 3415[0m
[0mGET /api/website/relatedProduct?productId=6600&slug=tony-mony-usa-keratin-hair-spray-fix-and-lock-perfect-curve-from-root-to-tail-420ml [32m200[0m 105.486 ms - 9407[0m
[0mGET /api/website/category/list [36m304[0m 19.418 ms - -[0m
[0mGET /api/website/category/list [36m304[0m 18.104 ms - -[0m
[0mGET /api/website/product/detail?productId=6598&slug=enzo-lasting-moving-pure-and-fresh-and-beautiful-420ml [32m200[0m 81.870 ms - 3332[0m
[0mGET /api/website/relatedProduct?productId=6598&slug=enzo-lasting-moving-pure-and-fresh-and-beautiful-420ml [32m200[0m 89.170 ms - 9407[0m
[0mGET /api/website/category/list [36m304[0m 16.629 ms - -[0m
[0mGET /api/website/category/list [36m304[0m 24.115 ms - -[0m
[0mGET /api/website/product/detail?productId=6592&slug=nova-gold-system-professional-super-firm-hold-styling-mousse-for-increased-volume-and-hold-300ml [32m200[0m 68.043 ms - 3072[0m
[0mGET /api/website/relatedProduct?productId=6592&slug=nova-gold-system-professional-super-firm-hold-styling-mousse-for-increased-volume-and-hold-300ml [32m200[0m 70.794 ms - 9407[0m
[0mGET /api/website/category/list [36m304[0m 18.149 ms - -[0m
[0mGET /api/website/category/list [36m304[0m 15.303 ms - -[0m
[0mGET /api/website/product/detail?productId=6591&slug=3-wetter-taft-power-haarlack-mega-stark-250ml [32m200[0m 74.042 ms - 2732[0m
[0mGET /api/website/relatedProduct?productId=6591&slug=3-wetter-taft-power-haarlack-mega-stark-250ml [32m200[0m 85.745 ms - 9407[0m
[0mGET /api/website/category/list [36m304[0m 18.203 ms - -[0m
[0mGET /api/website/category/list [36m304[0m 18.142 ms - -[0m
[0mGET /api/website/product/detail?productId=6583&slug=wella-deluxe-ultimate-styling-and-protection-200ml [32m200[0m 80.218 ms - 2796[0m
[0mGET /api/website/relatedProduct?productId=6583&slug=wella-deluxe-ultimate-styling-and-protection-200ml [32m200[0m 81.782 ms - 9407[0m
[0mGET /api/website/category/list [36m304[0m 17.105 ms - -[0m
[0mGET /api/website/category/list [36m304[0m 28.700 ms - -[0m
[0mGET /api/website/product/detail?productId=6582&slug=mega-firm-tres-two-spray-extra-hold-collagen-with-keratin-420ml [32m200[0m 70.748 ms - 3357[0m
[0mGET /api/website/relatedProduct?productId=6582&slug=mega-firm-tres-two-spray-extra-hold-collagen-with-keratin-420ml [32m200[0m 83.996 ms - 9407[0m
[0mGET /api/website/category/list [36m304[0m 15.393 ms - -[0m
[0mGET /api/website/category/list [36m304[0m 24.544 ms - -[0m
[0mGET /api/website/product/detail?productId=6581&slug=dexou-natural-honey-care-pro-police-1ltr [32m200[0m 68.233 ms - 2138[0m
[0mGET /api/website/relatedProduct?productId=6581&slug=dexou-natural-honey-care-pro-police-1ltr [32m200[0m 72.210 ms - 9407[0m
[0mGET /api/website/category/list [36m304[0m 15.834 ms - -[0m
[0mGET /api/website/category/list [36m304[0m 15.293 ms - -[0m
[0mGET /api/website/product/detail?productId=6580&slug=btc-silk-and-shine-organic-plant-protein-control-conditioner-500-ml [32m200[0m 75.134 ms - 2835[0m
[0mGET /api/website/relatedProduct?productId=6580&slug=btc-silk-and-shine-organic-plant-protein-control-conditioner-500-ml [32m200[0m 75.479 ms - 9407[0m
[0mGET /api/website/category/list [36m304[0m 19.787 ms - -[0m
[0mGET /api/website/category/list [36m304[0m 30.652 ms - -[0m
[0mGET /api/website/product/detail?productId=6579&slug=tresemme-keratine-smooth-hair-spray-420ml [32m200[0m 98.057 ms - 2412[0m
[0mGET /api/website/relatedProduct?productId=6579&slug=tresemme-keratine-smooth-hair-spray-420ml [32m200[0m 112.926 ms - 9407[0m
[0mGET /api/website/category/list [36m304[0m 30.505 ms - -[0m
[0mGET /api/website/category/list [36m304[0m 17.871 ms - -[0m
[0mGET /api/website/product/detail?productId=6577&slug=freeze-hold-collagen-with-keratin-salon-finish-freeze-hold-hair-spray-420ml [32m200[0m 109.587 ms - 3234[0m
[0mGET /api/website/relatedProduct?productId=6577&slug=freeze-hold-collagen-with-keratin-salon-finish-freeze-hold-hair-spray-420ml [32m200[0m 107.528 ms - 9407[0m
[0mGET /api/website/category/list [36m304[0m 26.077 ms - -[0m
[0mGET /api/website/category/list [36m304[0m 30.301 ms - -[0m
[0mGET /api/website/product/detail?productId=6570&slug=blondor-multi-blonde-hair-bleaching-powder-500g [32m200[0m 116.677 ms - 2260[0m
[0mGET /api/website/relatedProduct?productId=6570&slug=blondor-multi-blonde-hair-bleaching-powder-500g [32m200[0m 144.092 ms - 9407[0m
[0mGET /api/website/category/list [36m304[0m 35.265 ms - -[0m
[0mGET /api/website/category/list [36m304[0m 42.373 ms - -[0m
[0mGET /api/website/product/detail?productId=6561&slug=well-10brilliance-keratin-hair-treatment [32m200[0m 128.654 ms - 1930[0m
[0mGET /api/website/relatedProduct?productId=6561&slug=well-10brilliance-keratin-hair-treatment [32m200[0m 121.202 ms - 9407[0m
[0mGET /api/website/category/list [36m304[0m 19.671 ms - -[0m
[0mGET /api/website/category/list [36m304[0m 22.357 ms - -[0m
[0mGET /api/website/product/detail?productId=6554&slug=gatsby-care-treatment-hair-cream-125gm [32m200[0m 68.323 ms - 1655[0m
[0mGET /api/website/relatedProduct?productId=6554&slug=gatsby-care-treatment-hair-cream-125gm [32m200[0m 72.798 ms - 9407[0m
[0mGET /api/website/category/list [36m304[0m 26.244 ms - -[0m
[0mGET /api/website/category/list [36m304[0m 28.226 ms - -[0m
[0mGET /api/website/product/detail?productId=6553&slug=indulekha-bringha-hair-cleanser-200ml [32m200[0m 92.074 ms - 2644[0m
[0mGET /api/website/relatedProduct?productId=6553&slug=indulekha-bringha-hair-cleanser-200ml [32m200[0m 95.633 ms - 9407[0m
[0mGET /api/website/category/list [36m304[0m 25.285 ms - -[0m
[0mGET /api/website/category/list [36m304[0m 70.336 ms - -[0m
[0mGET /api/website/product/detail?productId=5556&slug=hindware-cooker-hood-chromia-90-auto-clean-chimney [32m200[0m 113.906 ms - 3123[0m
[0mGET /api/website/relatedProduct?productId=5556&slug=hindware-cooker-hood-chromia-90-auto-clean-chimney [32m200[0m 113.777 ms - 5018[0m
[0mGET /api/website/category/list [36m304[0m 16.782 ms - -[0m
[0mGET /api/website/category/list [36m304[0m 20.365 ms - -[0m
[0mGET /api/website/product/detail?productId=5555&slug=hindware-cooker-hood-aurea-90-chimney [32m200[0m 72.973 ms - 3184[0m
[0mGET /api/website/relatedProduct?productId=5555&slug=hindware-cooker-hood-aurea-90-chimney [32m200[0m 73.868 ms - 5018[0m
[0mGET /api/website/category/list [36m304[0m 18.526 ms - -[0m
[0mGET /api/website/category/list [36m304[0m 16.542 ms - -[0m
[0mGET /api/website/product/detail?productId=5856&slug=baltra-neo-electric-cordless-kettle [32m200[0m 81.581 ms - 3361[0m
[0mGET /api/website/relatedProduct?productId=5856&slug=baltra-neo-electric-cordless-kettle [32m200[0m 81.472 ms - 3242[0m
[0mGET /api/website/category/list [36m304[0m 21.616 ms - -[0m
[0mGET /api/website/category/list [36m304[0m 27.448 ms - -[0m
[0mGET /api/website/product/detail?productId=5855&slug=baltra-electric-cordless-kettle-2-ltr-bc-150 [32m200[0m 86.535 ms - 2900[0m
[0mGET /api/website/relatedProduct?productId=5855&slug=baltra-electric-cordless-kettle-2-ltr-bc-150 [32m200[0m 87.998 ms - 3242[0m
[0mGET /api/website/category/list [36m304[0m 22.934 ms - -[0m
[0mGET /api/website/category/list [36m304[0m 17.595 ms - -[0m
[0mGET /api/website/product/detail?productId=5854&slug=baltra-super-fast-electric-cordless-kettle-18ltr-bc-135 [32m200[0m 82.344 ms - 3153[0m
[0mGET /api/website/relatedProduct?productId=5854&slug=baltra-super-fast-electric-cordless-kettle-18ltr-bc-135 [32m200[0m 83.439 ms - 3242[0m
[0mGET /api/website/category/list [36m304[0m 18.252 ms - -[0m
[0mGET /api/website/category/list [36m304[0m 16.593 ms - -[0m
[0mGET /api/website/relatedProduct?productId=5853&slug=baltra-fast-electric-cordless-kettle-15-ltr-bc [32m200[0m 76.193 ms - 3242[0m
[0mGET /api/website/product/detail?productId=5853&slug=baltra-fast-electric-cordless-kettle-15-ltr-bc [32m200[0m 77.407 ms - 3102[0m
[0mGET /api/website/category/list [36m304[0m 19.471 ms - -[0m
[0mGET /api/website/category/list [36m304[0m 16.866 ms - -[0m
[0mGET /api/website/product/detail?productId=5852&slug=baltra-btt-214-crispy-4-toaster [32m200[0m 77.446 ms - 2551[0m
[0mGET /api/website/relatedProduct?productId=5852&slug=baltra-btt-214-crispy-4-toaster [32m200[0m 82.241 ms - 3242[0m
[0mGET /api/website/category/list [36m304[0m 17.335 ms - -[0m
[0mGET /api/website/category/list [36m304[0m 20.924 ms - -[0m
[0mGET /api/website/product/detail?productId=5850&slug=baltra-bot-109-foster-solo-microwave-oven-10-ltr [32m200[0m 80.461 ms - 2954[0m
[0mGET /api/website/relatedProduct?productId=5850&slug=baltra-bot-109-foster-solo-microwave-oven-10-ltr [32m200[0m 81.291 ms - 1278[0m
[0mGET /api/website/category/list [36m304[0m 17.852 ms - -[0m
[0mGET /api/website/category/list [36m304[0m 16.020 ms - -[0m
[0mGET /api/website/product/detail?productId=5849&slug=baltra-bmw-105-carnival-solo-microwave-oven-20-ltr [32m200[0m 76.676 ms - 2694[0m
[0mGET /api/website/relatedProduct?productId=5849&slug=baltra-bmw-105-carnival-solo-microwave-oven-20-ltr [32m200[0m 77.204 ms - 1278[0m
[0mGET /api/website/category/list [36m304[0m 20.583 ms - -[0m
[0mGET /api/website/category/list [36m304[0m 19.069 ms - -[0m
[0mGET /api/website/product/detail?productId=5737&slug=khaitan-ceiling-fan-48-inches [32m200[0m 58.815 ms - 3346[0m
[0mGET /api/website/relatedProduct?productId=5737&slug=khaitan-ceiling-fan-48-inches [32m200[0m 69.877 ms - 3242[0m
[0mGET /api/website/category/list [36m304[0m 20.325 ms - -[0m
[0mGET /api/website/category/list [36m304[0m 17.010 ms - -[0m
[0mGET /api/website/product/detail?productId=5736&slug=khaitan-manual-air [32m200[0m 88.600 ms - 2420[0m
[0mGET /api/website/relatedProduct?productId=5736&slug=khaitan-manual-air [32m200[0m 88.505 ms - 3242[0m
[0mGET /api/website/category/list [36m304[0m 18.137 ms - -[0m
[0mGET /api/website/category/list [36m304[0m 18.677 ms - -[0m
[0mGET /api/website/product/detail?productId=5735&slug=khaitan-sandwich-maker-ka-520 [32m200[0m 80.821 ms - 3176[0m
[0mGET /api/website/relatedProduct?productId=5735&slug=khaitan-sandwich-maker-ka-520 [32m200[0m 86.386 ms - 3242[0m
[0mGET /api/website/category/list [36m304[0m 16.633 ms - -[0m
[0mGET /api/website/category/list [36m304[0m 23.371 ms - -[0m
[0mGET /api/website/product/detail?productId=5734&slug=khaitan-automatic-electric-kettle [32m200[0m 100.239 ms - 2883[0m
[0mGET /api/website/relatedProduct?productId=5734&slug=khaitan-automatic-electric-kettle [32m200[0m 100.205 ms - 3242[0m
[0mGET /api/website/category/list [36m304[0m 15.496 ms - -[0m
[0mGET /api/website/category/list [36m304[0m 13.994 ms - -[0m
[0mGET /api/website/product/detail?productId=5729&slug=khaitan-coffee-espresso-cappuccino-machine-ka801 [32m200[0m 65.611 ms - 3223[0m
[0mGET /api/website/relatedProduct?productId=5729&slug=khaitan-coffee-espresso-cappuccino-machine-ka801 [32m200[0m 72.302 ms - 3242[0m
[0mGET /api/website/category/list [36m304[0m 18.003 ms - -[0m
[0mGET /api/website/category/list [36m304[0m 21.649 ms - -[0m
[0mGET /api/website/product/detail?productId=5728&slug=khaitan-drip-tea-coffee-maker-ka-804 [32m200[0m 65.362 ms - 2341[0m
[0mGET /api/website/relatedProduct?productId=5728&slug=khaitan-drip-tea-coffee-maker-ka-804 [32m200[0m 72.637 ms - 3242[0m
[0mGET /api/website/category/list [36m304[0m 19.213 ms - -[0m
[0mGET /api/website/category/list [36m304[0m 15.345 ms - -[0m
[0mGET /api/website/product/detail?productId=5724&slug=khaitan-ka-1105-pop-up-toaster [32m200[0m 72.127 ms - 2590[0m
[0mGET /api/website/relatedProduct?productId=5724&slug=khaitan-ka-1105-pop-up-toaster [32m200[0m 72.702 ms - 1278[0m
[0mGET /api/website/category/list [36m304[0m 17.771 ms - -[0m
[0mGET /api/website/category/list [36m304[0m 18.132 ms - -[0m
[0mGET /api/website/product/detail?productId=5722&slug=khaitan-pop-up-toaster-2-slice-ka-1107 [32m200[0m 74.618 ms - 2395[0m
[0mGET /api/website/relatedProduct?productId=5722&slug=khaitan-pop-up-toaster-2-slice-ka-1107 [32m200[0m 84.783 ms - 1278[0m
[0mGET /api/website/category/list [36m304[0m 16.010 ms - -[0m
[0mGET /api/website/category/list [36m304[0m 33.825 ms - -[0m
[0mGET /api/website/product/detail?productId=5720&slug=khaitan-kwid-bai-gas-stove [32m200[0m 86.990 ms - 2946[0m
[0mGET /api/website/relatedProduct?productId=5720&slug=khaitan-kwid-bai-gas-stove [32m200[0m 87.049 ms - 3086[0m
[0mGET /api/website/category/list [36m304[0m 17.662 ms - -[0m
[0mGET /api/website/category/list [36m304[0m 18.600 ms - -[0m
[0mGET /api/website/product/detail?productId=5694&slug=khaitan-deluxe-rice-cooker-5028 [32m200[0m 71.851 ms - 2567[0m
[0mGET /api/website/relatedProduct?productId=5694&slug=khaitan-deluxe-rice-cooker-5028 [32m200[0m 72.364 ms - 960[0m
[0mGET /api/website/category/list [36m304[0m 22.337 ms - -[0m
[0mGET /api/website/category/list [36m304[0m 26.322 ms - -[0m
[0mGET /api/website/product/detail?productId=5693&slug=khaitan-deluxe-rice-cooker-4028 [32m200[0m 79.907 ms - 2546[0m
[0mGET /api/website/relatedProduct?productId=5693&slug=khaitan-deluxe-rice-cooker-4028 [32m200[0m 80.017 ms - 960[0m
[0mGET /api/website/category/list [36m304[0m 24.359 ms - -[0m
[0mGET /api/website/category/list [36m304[0m 17.473 ms - -[0m
[0mGET /api/website/product/detail?productId=5692&slug=khaitan-deluxe-rice-cooker-4018 [32m200[0m 83.729 ms - 2570[0m
[0mGET /api/website/relatedProduct?productId=5692&slug=khaitan-deluxe-rice-cooker-4018 [32m200[0m 86.536 ms - 960[0m
[0mGET /api/website/category/list [36m304[0m 15.084 ms - -[0m
[0mGET /api/website/category/list [36m304[0m 15.308 ms - -[0m
[0mGET /api/website/product/detail?productId=5691&slug=roti-maker-ka-1850 [32m200[0m 61.180 ms - 2313[0m
[0mGET /api/website/relatedProduct?productId=5691&slug=roti-maker-ka-1850 [32m200[0m 61.247 ms - 308[0m
[0mGET /api/website/category/list [36m304[0m 17.735 ms - -[0m
[0mGET /api/website/category/list [36m304[0m 16.653 ms - -[0m
[0mGET /api/website/product/detail?productId=5679&slug=khaitan-cooker-hood-60-cm-tracy-60-bk [32m200[0m 78.748 ms - 2805[0m
[0mGET /api/website/relatedProduct?productId=5679&slug=khaitan-cooker-hood-60-cm-tracy-60-bk [32m200[0m 79.936 ms - 5018[0m
[0mGET /api/website/category/list [36m304[0m 25.808 ms - -[0m
[0mGET /api/website/category/list [36m304[0m 15.529 ms - -[0m
[0mGET /api/website/product/detail?productId=5678&slug=khaitan-cooker-hood-60-cm-rhea-bk-60 [32m200[0m 93.388 ms - 2996[0m
[0mGET /api/website/relatedProduct?productId=5678&slug=khaitan-cooker-hood-60-cm-rhea-bk-60 [32m200[0m 77.237 ms - 5018[0m
[0mGET /api/website/category/list [36m304[0m 24.138 ms - -[0m
[0mGET /api/website/category/list [36m304[0m 37.360 ms - -[0m
[0mGET /api/website/product/detail?productId=5613&slug=chimney-rh-102 [32m200[0m 73.879 ms - 2928[0m
[0mGET /api/website/relatedProduct?productId=5613&slug=chimney-rh-102 [32m200[0m 85.249 ms - 5018[0m
[0mGET /api/website/category/list [36m304[0m 18.437 ms - -[0m
[0mGET /api/website/category/list [36m304[0m 24.154 ms - -[0m
[0mGET /api/website/product/detail?productId=5612&slug=chimney-rh-02 [32m200[0m 62.320 ms - 2909[0m
[0mGET /api/website/relatedProduct?productId=5612&slug=chimney-rh-02 [32m200[0m 72.811 ms - 5018[0m
[0mGET /api/website/category/list [36m304[0m 24.991 ms - -[0m
[0mGET /api/website/category/list [36m304[0m 28.227 ms - -[0m
[0mGET /api/website/product/detail?productId=5611&slug=punch-fresh-chimney-rh101 [32m200[0m 93.294 ms - 3054[0m
[0mGET /api/website/relatedProduct?productId=5611&slug=punch-fresh-chimney-rh101 [32m200[0m 94.029 ms - 5018[0m
[0mGET /api/website/category/list [36m304[0m 26.182 ms - -[0m
[0mGET /api/website/category/list [36m304[0m 16.882 ms - -[0m
[0mGET /api/website/product/detail?productId=5610&slug=chimney-rh103 [32m200[0m 80.814 ms - 3142[0m
[0mGET /api/website/relatedProduct?productId=5610&slug=chimney-rh103 [32m200[0m 83.283 ms - 5018[0m
[0mGET /api/website/category/list [36m304[0m 20.489 ms - -[0m
[0mGET /api/website/category/list [36m304[0m 17.864 ms - -[0m
[0mGET /api/website/product/detail?productId=5603&slug=powder-coated-two-side-drawer-office-table [32m200[0m 85.240 ms - 2362[0m
[0mGET /api/website/relatedProduct?productId=5603&slug=powder-coated-two-side-drawer-office-table [32m200[0m 86.093 ms - 1036[0m
[0mGET /api/website/category/list [36m304[0m 16.185 ms - -[0m
[0mGET /api/website/category/list [36m304[0m 16.094 ms - -[0m
[0mGET /api/website/relatedProduct?productId=5602&slug=enamel-coated-two-side-drawer-office-table [32m200[0m 60.741 ms - 1036[0m
[0mGET /api/website/product/detail?productId=5602&slug=enamel-coated-two-side-drawer-office-table [32m200[0m 64.408 ms - 2221[0m
[0mGET /api/website/category/list [36m304[0m 21.386 ms - -[0m
[0mGET /api/website/category/list [36m304[0m 28.371 ms - -[0m
[0mGET /api/website/product/detail?productId=5601&slug=powder-coated-office-table [32m200[0m 65.511 ms - 2230[0m
[0mGET /api/website/relatedProduct?productId=5601&slug=powder-coated-office-table [32m200[0m 77.092 ms - 1036[0m
[0mGET /api/website/category/list [36m304[0m 18.691 ms - -[0m
[0mGET /api/website/category/list [36m304[0m 15.368 ms - -[0m
[0mGET /api/website/product/detail?productId=5600&slug=double-door-lg-churi-minar-almari [32m200[0m 69.498 ms - 3061[0m
[0mGET /api/website/relatedProduct?productId=5600&slug=double-door-lg-churi-minar-almari [32m200[0m 75.568 ms - 2956[0m
[0mGET /api/website/category/list [36m304[0m 18.307 ms - -[0m
[0mGET /api/website/category/list [36m304[0m 21.493 ms - -[0m
[0mGET /api/website/relatedProduct?productId=5599&slug=r-model-powder-coated-almari [32m200[0m 87.430 ms - 2956[0m
[0mGET /api/website/product/detail?productId=5599&slug=r-model-powder-coated-almari [32m200[0m 215.896 ms - 2782[0m
[0mGET /api/website/category/list [36m304[0m 24.469 ms - -[0m
[0mGET /api/website/category/list [36m304[0m 34.328 ms - -[0m
[0mGET /api/website/product/detail?productId=5597&slug=powder-coated-double-door-dressing-almari [32m200[0m 80.324 ms - 2763[0m
[0mGET /api/website/relatedProduct?productId=5597&slug=powder-coated-double-door-dressing-almari [32m200[0m 84.486 ms - 2956[0m
[0mGET /api/website/category/list [36m304[0m 25.360 ms - -[0m
[0mGET /api/website/category/list [36m304[0m 19.585 ms - -[0m
[0mGET /api/website/product/detail?productId=5596&slug=z-model-ladies-and-gents-lg [32m200[0m 101.415 ms - 2665[0m
[0mGET /api/website/relatedProduct?productId=5596&slug=z-model-ladies-and-gents-lg [32m200[0m 92.845 ms - 2956[0m
[0mGET /api/website/category/list [36m304[0m 18.212 ms - -[0m
[0mGET /api/website/category/list [36m304[0m 21.869 ms - -[0m
[0mGET /api/website/product/detail?productId=5595&slug=maruti-lock-powder-coated-almari [32m200[0m 68.421 ms - 2653[0m
[0mGET /api/website/relatedProduct?productId=5595&slug=maruti-lock-powder-coated-almari [32m200[0m 78.689 ms - 2956[0m
[0mGET /api/website/category/list [36m304[0m 22.337 ms - -[0m
[0mGET /api/website/category/list [36m304[0m 16.673 ms - -[0m
[0mGET /api/website/product/detail?productId=5594&slug=maruti-lock-powder-coated-almari [32m200[0m 74.162 ms - 62[0m
[0mGET /api/website/relatedProduct?productId=5594&slug=maruti-lock-powder-coated-almari [32m200[0m 74.020 ms - 2956[0m
[0mGET /api/website/category/list [36m304[0m 17.347 ms - -[0m
[0mGET /api/website/category/list [36m304[0m 21.763 ms - -[0m
[0mGET /api/website/product/detail?productId=5593&slug=powder-coated-general-almirah-72 [32m200[0m 75.325 ms - 2593[0m
[0mGET /api/website/relatedProduct?productId=5593&slug=powder-coated-general-almirah-72 [32m200[0m 83.730 ms - 2956[0m
[0mOPTIONS /api/auth/rootLogin [32m204[0m 6.807 ms - 0[0m
[0mPOST /api/auth/rootLogin [31m500[0m 272.781 ms - 54[0m
[0mOPTIONS /api/auth/rootLogin [32m204[0m 0.543 ms - 0[0m
[0mPOST /api/auth/rootLogin [32m200[0m 241.475 ms - 211[0m
[0mOPTIONS /api/order/notifications [32m204[0m 0.376 ms - 0[0m
[0mOPTIONS /api/order/list [32m204[0m 0.366 ms - 0[0m
[0mOPTIONS /api/order/count [32m204[0m 0.206 ms - 0[0m
[0mGET /api/order/count [32m200[0m 20.116 ms - 196[0m
[0mGET /api/order/notifications [32m200[0m 47.057 ms - 36[0m
[0mPOST /api/order/list [32m200[0m 52.772 ms - 11444[0m
[0mOPTIONS /api/order/notifications [32m204[0m 1.500 ms - 0[0m
[0mOPTIONS /api/order/list [32m204[0m 0.580 ms - 0[0m
[0mOPTIONS /api/order/count [32m204[0m 0.956 ms - 0[0m
[0mGET /api/order/count [36m304[0m 38.814 ms - -[0m
[0mPOST /api/order/list [32m200[0m 70.351 ms - 11444[0m
[0mGET /api/order/notifications [36m304[0m 75.043 ms - -[0m
[0mOPTIONS /api/order/notifications [32m204[0m 0.398 ms - 0[0m
[0mOPTIONS /api/location/list [32m204[0m 0.176 ms - 0[0m
[0mGET /api/location/list [32m200[0m 13.098 ms - 1949[0m
[0mGET /api/order/notifications [36m304[0m 16.339 ms - -[0m
[0mOPTIONS /api/location/city/create [32m204[0m 0.714 ms - 0[0m
[0mPOST /api/location/city/create [31m500[0m 24.390 ms - 34[0m
[0mOPTIONS /api/location/city/create [32m204[0m 1.279 ms - 0[0m
[0mPOST /api/location/city/create [31m500[0m 6.552 ms - 34[0m
[0mOPTIONS /api/location/city/create [32m204[0m 4.726 ms - 0[0m
[0mPOST /api/location/city/create [31m500[0m 37.593 ms - 34[0m
[0mOPTIONS /api/order/notifications [32m204[0m 2.922 ms - 0[0m
[0mOPTIONS /api/location/list [32m204[0m 0.607 ms - 0[0m
[0mGET /api/location/list [36m304[0m 26.092 ms - -[0m
[0mGET /api/order/notifications [36m304[0m 63.379 ms - -[0m
[0mOPTIONS /api/location/city/create [32m204[0m 0.681 ms - 0[0m
[0mPOST /api/location/city/create [32m200[0m 32.722 ms - 68[0m
[0mOPTIONS /api/order/notifications [32m204[0m 0.526 ms - 0[0m
[0mOPTIONS /api/location/city/list [32m204[0m 0.267 ms - 0[0m
[0mGET /api/location/city/list [32m200[0m 5.090 ms - 374[0m
[0mGET /api/order/notifications [36m304[0m 18.403 ms - -[0m
[0mOPTIONS /api/order/notifications [32m204[0m 0.305 ms - 0[0m
[0mOPTIONS /api/location/list [32m204[0m 0.174 ms - 0[0m
[0mGET /api/location/list [36m304[0m 6.823 ms - -[0m
[0mGET /api/order/notifications [36m304[0m 24.650 ms - -[0m
[0mOPTIONS /api/location/city/create [32m204[0m 0.456 ms - 0[0m
[0mPOST /api/location/city/create [32m200[0m 7.628 ms - 68[0m
[0mOPTIONS /api/order/notifications [32m204[0m 0.388 ms - 0[0m
[0mOPTIONS /api/location/city/list [32m204[0m 0.475 ms - 0[0m
[0mGET /api/location/city/list [32m200[0m 7.253 ms - 447[0m
[0mGET /api/order/notifications [36m304[0m 27.744 ms - -[0m
[0mOPTIONS /api/order/notifications [32m204[0m 2.733 ms - 0[0m
[0mOPTIONS /api/location/list [32m204[0m 0.514 ms - 0[0m
[0mGET /api/location/list [36m304[0m 11.246 ms - -[0m
[0mGET /api/order/notifications [36m304[0m 30.713 ms - -[0m
[0mOPTIONS /api/order/notifications [32m204[0m 1.358 ms - 0[0m
[0mOPTIONS /api/location/list [32m204[0m 0.392 ms - 0[0m
[0mGET /api/location/list [36m304[0m 9.431 ms - -[0m
[0mGET /api/order/notifications [36m304[0m 22.860 ms - -[0m
[0mOPTIONS /api/order/notifications [32m204[0m 2.954 ms - 0[0m
[0mOPTIONS /api/location/list [32m204[0m 0.585 ms - 0[0m
[0mGET /api/location/list [36m304[0m 13.562 ms - -[0m
[0mGET /api/order/notifications [36m304[0m 38.117 ms - -[0m
[0mOPTIONS /api/location/city/list [32m204[0m 0.300 ms - 0[0m
[0mOPTIONS /api/location/list [32m204[0m 0.655 ms - 0[0m
[0mGET /api/location/list [36m304[0m 2.890 ms - -[0m
[0mOPTIONS /api/order/notifications [32m204[0m 1.153 ms - 0[0m
[0mOPTIONS /api/location/city/list [32m204[0m 0.298 ms - 0[0m
[0mGET /api/location/city/list [36m304[0m 6.506 ms - -[0m
[0mGET /api/order/notifications [36m304[0m 40.104 ms - -[0m
[0mOPTIONS /api/location/list [32m204[0m 0.429 ms - 0[0m
[0mGET /api/location/list [36m304[0m 4.187 ms - -[0m
[0mOPTIONS /api/location/city/update [32m204[0m 0.389 ms - 0[0m
[0mPOST /api/location/city/update [32m200[0m 24.298 ms - 62[0m
[0mOPTIONS /api/location/city/update [32m204[0m 0.428 ms - 0[0m
[0mPOST /api/location/city/update [32m200[0m 6.323 ms - 62[0m
[0mOPTIONS /api/order/notifications [32m204[0m 5.147 ms - 0[0m
[0mOPTIONS /api/location/city/list [32m204[0m 0.701 ms - 0[0m
[0mGET /api/location/city/list [32m200[0m 12.664 ms - 444[0m
[0mGET /api/order/notifications [36m304[0m 38.595 ms - -[0m
[0mOPTIONS /api/location/list [32m204[0m 0.589 ms - 0[0m
[0mGET /api/location/list [36m304[0m 3.022 ms - -[0m
[0mOPTIONS /api/location/city/update [32m204[0m 0.471 ms - 0[0m
[0mPOST /api/location/city/update [32m200[0m 7.981 ms - 62[0m
[0mOPTIONS /api/order/notifications [32m204[0m 0.369 ms - 0[0m
[0mOPTIONS /api/location/city/list [32m204[0m 0.209 ms - 0[0m
[0mGET /api/location/city/list [36m304[0m 2.683 ms - -[0m
[0mGET /api/order/notifications [36m304[0m 16.452 ms - -[0m
[0mOPTIONS /api/order/notifications [32m204[0m 0.827 ms - 0[0m
[0mOPTIONS /api/location/list [32m204[0m 0.148 ms - 0[0m
[0mGET /api/location/list [36m304[0m 10.747 ms - -[0m
[0mGET /api/order/notifications [36m304[0m 29.841 ms - -[0m
[0mOPTIONS /api/order/notifications [32m204[0m 1.508 ms - 0[0m
[0mOPTIONS /api/location/list [32m204[0m 0.934 ms - 0[0m
[0mGET /api/location/list [36m304[0m 11.553 ms - -[0m
[0mGET /api/order/notifications [36m304[0m 32.085 ms - -[0m
[0mOPTIONS /api/order/notifications [32m204[0m 1.156 ms - 0[0m
[0mOPTIONS /api/location/list [32m204[0m 0.189 ms - 0[0m
[0mGET /api/location/list [36m304[0m 6.814 ms - -[0m
[0mGET /api/order/notifications [36m304[0m 31.063 ms - -[0m
[0mOPTIONS /api/location/delete?id=15 [32m204[0m 0.408 ms - 0[0m
[0mDELETE /api/location/delete?id=15 [32m200[0m 5.539 ms - 58[0m
[0mOPTIONS /api/location/list [32m204[0m 0.411 ms - 0[0m
[0mGET /api/location/list [32m200[0m 2.981 ms - 1814[0m
[0mOPTIONS /api/order/notifications [32m204[0m 1.062 ms - 0[0m
[0mOPTIONS /api/location/list [32m204[0m 0.708 ms - 0[0m
[0mGET /api/location/list [36m304[0m 10.393 ms - -[0m
[0mGET /api/order/notifications [36m304[0m 45.937 ms - -[0m
[0mOPTIONS /api/order/notifications [32m204[0m 0.982 ms - 0[0m
[0mOPTIONS /api/location/list [32m204[0m 0.228 ms - 0[0m
[0mGET /api/location/list [36m304[0m 10.076 ms - -[0m
[0mGET /api/order/notifications [36m304[0m 35.022 ms - -[0m
[0mGET /api/order/notifications [36m304[0m 15.652 ms - -[0m
[0mOPTIONS /api/location/create [32m204[0m 0.495 ms - 0[0m
[0mPOST /api/location/create [32m200[0m 8.854 ms - 55[0m
[0mOPTIONS /api/order/notifications [32m204[0m 2.739 ms - 0[0m
[0mOPTIONS /api/location/list [32m204[0m 0.131 ms - 0[0m
[0mGET /api/location/list [32m200[0m 2.230 ms - 1951[0m
[0mGET /api/order/notifications [36m304[0m 18.701 ms - -[0m
[0mOPTIONS /api/order/notifications [32m204[0m 6.677 ms - 0[0m
[0mOPTIONS /api/location/list [32m204[0m 0.521 ms - 0[0m
[0mGET /api/location/list [36m304[0m 6.950 ms - -[0m
[0mGET /api/order/notifications [36m304[0m 34.163 ms - -[0m
[0mOPTIONS /api/order/notifications [32m204[0m 1.943 ms - 0[0m
[0mOPTIONS /api/location/city/list [32m204[0m 0.184 ms - 0[0m
[0mGET /api/location/city/list [36m304[0m 7.506 ms - -[0m
[0mGET /api/order/notifications [36m304[0m 24.745 ms - -[0m
[0mOPTIONS /api/order/notifications [32m204[0m 1.382 ms - 0[0m
[0mOPTIONS /api/location/city/list [32m204[0m 0.320 ms - 0[0m
[0mGET /api/location/city/list [36m304[0m 10.185 ms - -[0m
[0mGET /api/order/notifications [36m304[0m 41.787 ms - -[0m
[0mOPTIONS /api/customer/getUserByEmailId [32m204[0m 3.967 ms - 0[0m
[0mOPTIONS /api/customer/getUserByEmailId [32m204[0m 0.554 ms - 0[0m
[0mGET /api/website/image/banner?type=0 [32m200[0m 109.432 ms - 586[0m
[0mGET /api/website/collection/list [32m200[0m 100.647 ms - 1867[0m
[0mGET /api/website/popular/category-list [32m200[0m 109.305 ms - 8175[0m
[0mGET /api/website/category/list [32m200[0m 130.567 ms - 30098[0m
[0mGET /api/website/flash-sale [32m200[0m 78.777 ms - 4537[0m
[0mGET /api/website/product/women-fashion [32m200[0m 190.530 ms - 7718[0m
[0mGET /api/website/product/men-fashion [32m200[0m 88.032 ms - 6402[0m
[0mGET /api/website/product/home-kitchen [32m200[0m 196.525 ms - 15174[0m
[0mGET /api/website/product?type=makeup [32m200[0m 139.201 ms - 3194[0m
[0mGET /api/website/product?type=shampoo [32m200[0m 121.887 ms - 6949[0m
[0mGET /api/customer/getUserByEmailId [33m403[0m 2.374 ms - 36[0m
[0mGET /api/customer/getUserByEmailId [33m403[0m 1.097 ms - 36[0m
[0mGET /api/website/product/new-arrival [32m200[0m 17.712 ms - 62[0m
[0mGET /api/website/image/banner?type=0 [36m304[0m 24.374 ms - -[0m
[0mGET /api/website/category/list [36m304[0m 42.096 ms - -[0m
[0mGET /api/website/collection/list [36m304[0m 43.705 ms - -[0m
[0mGET /api/website/popular/category-list [36m304[0m 45.860 ms - -[0m
[0mGET /api/website/flash-sale [36m304[0m 8.975 ms - -[0m
[0mGET /api/website/product/home-kitchen [36m304[0m 74.696 ms - -[0m
[0mGET /api/website/product?type=makeup [36m304[0m 50.081 ms - -[0m
[0mGET /api/website/product/women-fashion [36m304[0m 83.213 ms - -[0m
[0mGET /api/website/product/men-fashion [36m304[0m 37.640 ms - -[0m
[0mGET /api/website/product?type=shampoo [36m304[0m 44.805 ms - -[0m
[0mGET /api/website/product/new-arrival [36m304[0m 31.526 ms - -[0m
[0mGET /api/website/category/list [36m304[0m 65.654 ms - -[0m
[0mGET /api/website/image/banner?type=0 [36m304[0m 13.944 ms - -[0m
[0mGET /api/website/popular/category-list [36m304[0m 19.305 ms - -[0m
[0mGET /api/website/collection/list [36m304[0m 20.883 ms - -[0m
[0mGET /api/website/flash-sale [36m304[0m 15.186 ms - -[0m
[0mGET /api/website/product/home-kitchen [36m304[0m 71.662 ms - -[0m
[0mGET /api/website/product?type=makeup [36m304[0m 72.918 ms - -[0m
[0mGET /api/website/product/women-fashion [36m304[0m 66.260 ms - -[0m
[0mGET /api/website/product/men-fashion [36m304[0m 48.770 ms - -[0m
[0mGET /api/website/product?type=shampoo [36m304[0m 60.420 ms - -[0m
[0mGET /api/website/product/new-arrival [36m304[0m 43.117 ms - -[0m
[0mGET /api/website/image/banner?type=0 [36m304[0m 14.281 ms - -[0m
[0mGET /api/website/popular/category-list [36m304[0m 13.997 ms - -[0m
[0mGET /api/website/collection/list [36m304[0m 14.287 ms - -[0m
[0mGET /api/website/flash-sale [36m304[0m 11.527 ms - -[0m
[0mGET /api/website/product/women-fashion [36m304[0m 50.611 ms - -[0m
[0mGET /api/website/product/home-kitchen [36m304[0m 51.274 ms - -[0m
[0mGET /api/website/product?type=makeup [36m304[0m 50.344 ms - -[0m
[0mGET /api/website/product/men-fashion [36m304[0m 32.155 ms - -[0m
[0mGET /api/website/product/new-arrival [36m304[0m 28.339 ms - -[0m
[0mGET /api/website/product?type=shampoo [36m304[0m 49.754 ms - -[0m
