[0mOPTIONS /api/auth/seller/login [32m204[0m 3.377 ms - 0[0m
[0mPOST /api/auth/seller/login [32m200[0m 384.116 ms - 212[0m
[0mOPTIONS /api/auth/seller/profile-details [32m204[0m 0.562 ms - 0[0m
[0mOPTIONS /api/seller/dasbhoard/list [32m204[0m 0.632 ms - 0[0m
[0mGET /api/auth/seller/profile-details [36m304[0m 17.432 ms - -[0m
[0mGET /api/seller/dasbhoard/list [36m304[0m 40.855 ms - -[0m
[0mOPTIONS /api/category/admin/main-list [32m204[0m 1.896 ms - 0[0m
[0mOPTIONS /api/seller/processor-list [32m204[0m 0.968 ms - 0[0m
[0mOPTIONS /api/seller/brand/list [32m204[0m 0.767 ms - 0[0m
[0mOPTIONS /api/product/color/list [32m204[0m 0.488 ms - 0[0m
[0mGET /api/category/admin/main-list [36m304[0m 42.198 ms - -[0m
[0mGET /api/seller/brand/list [36m304[0m 35.038 ms - -[0m
[0mGET /api/seller/processor-list [36m304[0m 40.234 ms - -[0m
[0mGET /api/product/color/list [36m304[0m 29.515 ms - -[0m
[0mOPTIONS /api/category/getAllSubCategory?categoryId=5 [32m204[0m 6.233 ms - 0[0m
[0mGET /api/category/getAllSubCategory?categoryId=5 [32m200[0m 10.247 ms - 258[0m
[0mOPTIONS /api/category/getAllSubChildCategory?subcategoryId=3 [32m204[0m 7.782 ms - 0[0m
[0mGET /api/category/getAllSubChildCategory?subcategoryId=3 [32m200[0m 18.221 ms - 1161[0m
[0mGET /api/website/image/banner?type=0 [36m304[0m 36.096 ms - -[0m
[0mOPTIONS /api/customer/getUserByEmailId [32m204[0m 0.757 ms - 0[0m
[0mOPTIONS /api/customer/getUserByEmailId [32m204[0m 0.400 ms - 0[0m
[0mOPTIONS /api/customer/getUserByEmailId [32m204[0m 0.219 ms - 0[0m
[0mGET /api/website/image/banner?type=2 [36m304[0m 42.324 ms - -[0m
[0mGET /api/website/image/banner?type=4 [36m304[0m 37.961 ms - -[0m
[0mGET /api/website/category/list [36m304[0m 42.192 ms - -[0m
[0mGET /api/website/flash-sale [36m304[0m 39.928 ms - -[0m
[0mGET /api/website/product/new-arrival [36m304[0m 34.472 ms - -[0m
[0mGET /api/website/category/list [36m304[0m 22.666 ms - -[0m
[0mGET /api/website/product/Pre-owned [36m304[0m 43.860 ms - -[0m
[0mGET /api/customer/getUserByEmailId [32m200[0m 38.084 ms - 208[0m
[0mGET /api/customer/getUserByEmailId [36m304[0m 3.753 ms - -[0m
[0mGET /api/customer/getUserByEmailId [36m304[0m 7.222 ms - -[0m
[0mGET /api/website/catalog/product/search?filter_category=mobile-phone [36m304[0m 103.409 ms - -[0m
[0mOPTIONS /api/seller/processor-list [32m204[0m 2.174 ms - 0[0m
[0mOPTIONS /api/seller/brand/list [32m204[0m 0.193 ms - 0[0m
[0mOPTIONS /api/product/color/list [32m204[0m 0.286 ms - 0[0m
[0mGET /api/seller/processor-list [36m304[0m 18.602 ms - -[0m
[0mGET /api/seller/brand/list [36m304[0m 18.079 ms - -[0m
[0mGET /api/product/color/list [36m304[0m 13.443 ms - -[0m
[0mOPTIONS /api/seller/processor-list [32m204[0m 0.408 ms - 0[0m
[0mOPTIONS /api/seller/brand/list [32m204[0m 0.658 ms - 0[0m
[0mOPTIONS /api/product/color/list [32m204[0m 0.295 ms - 0[0m
[0mGET /api/seller/processor-list [36m304[0m 8.424 ms - -[0m
[0mGET /api/product/color/list [36m304[0m 15.843 ms - -[0m
[0mGET /api/seller/brand/list [36m304[0m 16.321 ms - -[0m
[0mOPTIONS /api/auth/seller/profile-details [32m204[0m 4.350 ms - 0[0m
[0mOPTIONS /api/seller/product/list [32m204[0m 0.233 ms - 0[0m
[0mGET /api/auth/seller/profile-details [36m304[0m 20.115 ms - -[0m
[0mPOST /api/seller/product/list [32m200[0m 33.573 ms - 1530[0m
[0mOPTIONS /api/order/notifications [32m204[0m 0.291 ms - 0[0m
[0mOPTIONS /api/order/list [32m204[0m 0.413 ms - 0[0m
[0mOPTIONS /api/order/count [32m204[0m 0.130 ms - 0[0m
[0mGET /api/order/count [32m200[0m 56.539 ms - 59[0m
[0mGET /api/order/notifications [32m200[0m 71.837 ms - 36[0m
[0mPOST /api/order/list [32m200[0m 87.098 ms - 961[0m
[0mGET /api/order/count [36m304[0m 4.401 ms - -[0m
[0mGET /api/order/notifications [36m304[0m 6.321 ms - -[0m
[0mPOST /api/order/list [32m200[0m 10.521 ms - 961[0m
[0mOPTIONS /api/order/notifications [32m204[0m 7.003 ms - 0[0m
[0mOPTIONS /api/order/list [32m204[0m 0.199 ms - 0[0m
[0mOPTIONS /api/order/count [32m204[0m 0.287 ms - 0[0m
[0mGET /api/order/count [36m304[0m 18.519 ms - -[0m
[0mPOST /api/order/list [32m200[0m 42.368 ms - 961[0m
[0mGET /api/order/notifications [36m304[0m 49.753 ms - -[0m
[0mOPTIONS /api/order/notifications [32m204[0m 0.980 ms - 0[0m
[0mOPTIONS /api/location/list [32m204[0m 0.646 ms - 0[0m
[0mGET /api/location/list [36m304[0m 7.152 ms - -[0m
[0mGET /api/order/notifications [36m304[0m 24.889 ms - -[0m
[0mOPTIONS /api/location/list [32m204[0m 0.756 ms - 0[0m
[0mOPTIONS /api/customer/getUserByEmailId [32m204[0m 0.533 ms - 0[0m
[0mGET /api/location/list [36m304[0m 8.681 ms - -[0m
[0mGET /api/customer/getUserByEmailId [36m304[0m 10.450 ms - -[0m
[0mOPTIONS /api/website/address/create [32m204[0m 0.808 ms - 0[0m
[0mPOST /api/website/address/create [32m200[0m 19.490 ms - 56[0m
[0mOPTIONS /api/location/list [32m204[0m 0.267 ms - 0[0m
[0mOPTIONS /api/customer/getUserByEmailId [32m204[0m 0.273 ms - 0[0m
[0mOPTIONS /api/customer/getUserByEmailId [32m204[0m 0.163 ms - 0[0m
[0mOPTIONS /api/customer/getUserByEmailId [32m204[0m 0.117 ms - 0[0m
[0mOPTIONS /api/customer/getUserByEmailId [32m204[0m 0.372 ms - 0[0m
[0mGET /api/website/category/list [36m304[0m 8.650 ms - -[0m
[0mGET /api/location/list [36m304[0m 9.329 ms - -[0m
[0mGET /api/customer/getUserByEmailId [32m200[0m 14.615 ms - 518[0m
[0mGET /api/customer/getUserByEmailId [36m304[0m 11.259 ms - -[0m
[0mGET /api/customer/getUserByEmailId [36m304[0m 3.732 ms - -[0m
[0mGET /api/customer/getUserByEmailId [36m304[0m 3.450 ms - -[0m
[0mGET /api/website/image/banner?type=0 [36m304[0m 13.099 ms - -[0m
[0mGET /api/website/image/banner?type=2 [36m304[0m 13.859 ms - -[0m
[0mGET /api/website/image/banner?type=4 [36m304[0m 13.329 ms - -[0m
[0mGET /api/website/category/list [36m304[0m 17.698 ms - -[0m
[0mGET /api/website/flash-sale [36m304[0m 31.316 ms - -[0m
[0mGET /api/website/product/new-arrival [36m304[0m 28.925 ms - -[0m
[0mGET /api/website/product/Pre-owned [36m304[0m 40.362 ms - -[0m
[0mGET /api/website/catalog/product/search?filter_category=mobile-phone [36m304[0m 31.236 ms - -[0m
[0mGET /api/website/catalog/category/search?queryString=sadfds [32m200[0m 44.778 ms - 62[0m
[0mGET /api/website/catalog/product/search?filter_category=sadfds [32m200[0m 19.591 ms - 62[0m
[0mGET /api/website/category/list [36m304[0m 14.980 ms - -[0m
[0mGET /api/website/category/list [36m304[0m 35.858 ms - -[0m
[0mGET /api/website/image/banner?type=0 [36m304[0m 33.506 ms - -[0m
[0mGET /api/website/image/banner?type=2 [36m304[0m 31.014 ms - -[0m
[0mGET /api/website/image/banner?type=4 [36m304[0m 27.881 ms - -[0m
[0mGET /api/website/flash-sale [36m304[0m 33.975 ms - -[0m
[0mGET /api/website/product/new-arrival [36m304[0m 17.566 ms - -[0m
[0mGET /api/website/product/Pre-owned [36m304[0m 19.891 ms - -[0m
[0mGET /api/website/catalog/product/search?filter_category=mobile-phone [36m304[0m 28.894 ms - -[0m
[0mOPTIONS /api/order/notifications [32m204[0m 17.662 ms - 0[0m
[0mOPTIONS /api/location/list [32m204[0m 0.946 ms - 0[0m
[0mGET /api/location/list [36m304[0m 22.108 ms - -[0m
[0mGET /api/order/notifications [36m304[0m 57.096 ms - -[0m
[0mOPTIONS /api/customer/getUserByEmailId [32m204[0m 0.419 ms - 0[0m
[0mGET /api/website/image/banner?type=0 [36m304[0m 25.341 ms - -[0m
[0mOPTIONS /api/customer/getUserByEmailId [32m204[0m 0.462 ms - 0[0m
[0mOPTIONS /api/customer/getUserByEmailId [32m204[0m 0.388 ms - 0[0m
[0mGET /api/website/image/banner?type=2 [36m304[0m 20.961 ms - -[0m
[0mGET /api/website/category/list [36m304[0m 29.688 ms - -[0m
[0mGET /api/website/image/banner?type=4 [36m304[0m 34.514 ms - -[0m
[0mGET /api/website/flash-sale [36m304[0m 51.996 ms - -[0m
[0mGET /api/website/category/list [36m304[0m 19.917 ms - -[0m
[0mGET /api/website/product/new-arrival [36m304[0m 60.911 ms - -[0m
[0mGET /api/customer/getUserByEmailId [36m304[0m 60.175 ms - -[0m
[0mGET /api/website/product/Pre-owned [36m304[0m 69.283 ms - -[0m
[0mGET /api/customer/getUserByEmailId [36m304[0m 15.251 ms - -[0m
[0mGET /api/customer/getUserByEmailId [36m304[0m 7.931 ms - -[0m
[0mGET /api/website/catalog/product/search?filter_category=mobile-phone [36m304[0m 104.043 ms - -[0m
[0mGET /api/website/image/banner?type=0 [36m304[0m 18.247 ms - -[0m
[0mGET /api/website/image/banner?type=2 [36m304[0m 22.867 ms - -[0m
[0mGET /api/website/image/banner?type=4 [36m304[0m 22.808 ms - -[0m
[0mGET /api/website/category/list [36m304[0m 29.320 ms - -[0m
[0mGET /api/website/flash-sale [36m304[0m 26.234 ms - -[0m
[0mGET /api/customer/getUserByEmailId [36m304[0m 32.470 ms - -[0m
[0mGET /api/website/product/new-arrival [36m304[0m 22.602 ms - -[0m
[0mGET /api/website/category/list [36m304[0m 4.812 ms - -[0m
[0mGET /api/website/product/Pre-owned [36m304[0m 13.258 ms - -[0m
[0mGET /api/customer/getUserByEmailId [36m304[0m 7.627 ms - -[0m
[0mGET /api/customer/getUserByEmailId [36m304[0m 4.508 ms - -[0m
[0mGET /api/website/catalog/product/search?filter_category=mobile-phone [36m304[0m 32.231 ms - -[0m
[0mOPTIONS /api/order/notifications [32m204[0m 5.128 ms - 0[0m
[0mOPTIONS /api/seller/all-product-list?limit=20&page=1 [32m204[0m 0.273 ms - 0[0m
[0mGET /api/order/notifications [36m304[0m 31.667 ms - -[0m
[0mGET /api/seller/all-product-list?limit=20&page=1 [32m200[0m 42.022 ms - 12090[0m
[0mOPTIONS /api/seller/all-product-list?limit=20&page=1 [32m204[0m 3.249 ms - 0[0m
[0mGET /api/seller/all-product-list?limit=20&page=1 [36m304[0m 38.874 ms - -[0m
[0mOPTIONS /api/auth/seller/profile-details [32m204[0m 8.405 ms - 0[0m
[0mOPTIONS /api/seller/dasbhoard/list [32m204[0m 0.513 ms - 0[0m
[0mGET /api/auth/seller/profile-details [36m304[0m 39.316 ms - -[0m
[0mGET /api/seller/dasbhoard/list [36m304[0m 70.451 ms - -[0m
[0mOPTIONS /api/vendor/shop-detail [32m204[0m 9.824 ms - 0[0m
[0mGET /api/auth/seller/profile-details [36m304[0m 19.522 ms - -[0m
[0mGET /api/vendor/shop-detail [36m304[0m 28.184 ms - -[0m
[0mOPTIONS /api/seller/product/list [32m204[0m 0.921 ms - 0[0m
[0mGET /api/auth/seller/profile-details [36m304[0m 29.779 ms - -[0m
[0mPOST /api/seller/product/list [32m200[0m 35.301 ms - 1530[0m
[0mGET /api/auth/seller/profile-details [36m304[0m 9.630 ms - -[0m
[0mPOST /api/seller/product/list [32m200[0m 13.429 ms - 1530[0m
[0mOPTIONS /api/auth/seller/profile-details [32m204[0m 8.365 ms - 0[0m
[0mOPTIONS /api/category/admin/main-list [32m204[0m 0.401 ms - 0[0m
[0mOPTIONS /api/seller/processor-list [32m204[0m 0.658 ms - 0[0m
[0mOPTIONS /api/seller/brand/list [32m204[0m 0.278 ms - 0[0m
[0mOPTIONS /api/product/color/list [32m204[0m 0.594 ms - 0[0m
[0mOPTIONS /api/seller/product/list-by-id [32m204[0m 0.690 ms - 0[0m
[0mGET /api/category/admin/main-list [36m304[0m 55.837 ms - -[0m
[0mGET /api/auth/seller/profile-details [36m304[0m 137.132 ms - -[0m
[0mGET /api/seller/processor-list [36m304[0m 79.825 ms - -[0m
[0mGET /api/product/color/list [36m304[0m 74.266 ms - -[0m
[0mGET /api/seller/brand/list [36m304[0m 84.835 ms - -[0m
[0mPOST /api/seller/product/list-by-id [32m200[0m 82.805 ms - 313[0m
[0mOPTIONS /api/auth/seller/profile-details [32m204[0m 3.228 ms - 0[0m
[0mOPTIONS /api/category/admin/main-list [32m204[0m 0.626 ms - 0[0m
[0mOPTIONS /api/product/color/list [32m204[0m 1.367 ms - 0[0m
[0mOPTIONS /api/seller/processor-list [32m204[0m 0.354 ms - 0[0m
[0mOPTIONS /api/seller/brand/list [32m204[0m 1.355 ms - 0[0m
[0mOPTIONS /api/seller/product/list-by-id [32m204[0m 0.249 ms - 0[0m
[0mGET /api/category/admin/main-list [36m304[0m 46.170 ms - -[0m
[0mGET /api/seller/brand/list [36m304[0m 45.291 ms - -[0m
[0mGET /api/product/color/list [36m304[0m 49.383 ms - -[0m
[0mGET /api/seller/processor-list [36m304[0m 48.215 ms - -[0m
[0mGET /api/auth/seller/profile-details [36m304[0m 127.952 ms - -[0m
[0mPOST /api/seller/product/list-by-id [32m200[0m 43.742 ms - 313[0m
[0mOPTIONS /api/product/upload/varient-img [32m204[0m 1.023 ms - 0[0m
[0mPOST /api/product/upload/varient-img [32m200[0m 807.746 ms - 318[0m
[0mOPTIONS /api/seller/product/list-by-id [32m204[0m 0.423 ms - 0[0m
[0mPOST /api/seller/product/list-by-id [32m200[0m 4.172 ms - 313[0m
[0mOPTIONS /api/seller/image/delete [32m204[0m 0.355 ms - 0[0m
[0mPUT /api/seller/image/delete [32m200[0m 18.561 ms - 67[0m
[0mOPTIONS /api/seller/product/list-by-id [32m204[0m 0.241 ms - 0[0m
[0mPOST /api/seller/product/list-by-id [32m200[0m 6.597 ms - 365[0m
[0mOPTIONS /api/auth/seller/profile-details [32m204[0m 0.908 ms - 0[0m
[0mOPTIONS /api/category/admin/main-list [32m204[0m 1.612 ms - 0[0m
[0mOPTIONS /api/seller/processor-list [32m204[0m 0.340 ms - 0[0m
[0mOPTIONS /api/seller/brand/list [32m204[0m 0.196 ms - 0[0m
[0mOPTIONS /api/product/color/list [32m204[0m 0.344 ms - 0[0m
[0mGET /api/auth/seller/profile-details [36m304[0m 11.488 ms - -[0m
[0mGET /api/seller/processor-list [36m304[0m 7.015 ms - -[0m
[0mGET /api/category/admin/main-list [36m304[0m 11.621 ms - -[0m
[0mGET /api/seller/brand/list [36m304[0m 10.502 ms - -[0m
[0mGET /api/product/color/list [36m304[0m 10.709 ms - -[0m
[0mOPTIONS /api/seller/product/list [32m204[0m 0.235 ms - 0[0m
[0mGET /api/auth/seller/profile-details [36m304[0m 12.886 ms - -[0m
[0mPOST /api/seller/product/list [32m200[0m 28.413 ms - 1463[0m
[0mOPTIONS /api/category/admin/main-list [32m204[0m 1.042 ms - 0[0m
[0mOPTIONS /api/seller/processor-list [32m204[0m 0.329 ms - 0[0m
[0mOPTIONS /api/seller/brand/list [32m204[0m 0.256 ms - 0[0m
[0mOPTIONS /api/product/color/list [32m204[0m 0.234 ms - 0[0m
[0mOPTIONS /api/seller/product/list-by-id [32m204[0m 0.305 ms - 0[0m
[0mGET /api/category/admin/main-list [36m304[0m 24.318 ms - -[0m
[0mGET /api/seller/processor-list [36m304[0m 22.188 ms - -[0m
[0mGET /api/seller/brand/list [36m304[0m 21.963 ms - -[0m
[0mGET /api/product/color/list [36m304[0m 14.547 ms - -[0m
[0mPOST /api/seller/product/list-by-id [32m200[0m 13.080 ms - 365[0m
[0mOPTIONS /api/seller/processor-list [32m204[0m 1.750 ms - 0[0m
[0mOPTIONS /api/seller/brand/list [32m204[0m 0.219 ms - 0[0m
[0mOPTIONS /api/product/color/list [32m204[0m 4.228 ms - 0[0m
[0mGET /api/seller/processor-list [36m304[0m 60.862 ms - -[0m
[0mGET /api/product/color/list [36m304[0m 24.889 ms - -[0m
[0mGET /api/seller/brand/list [36m304[0m 20.181 ms - -[0m
[0mOPTIONS /api/seller/product/update [32m204[0m 0.282 ms - 0[0m
[0mPUT /api/seller/product/update [31m500[0m 8.307 ms - 34[0m
[0mOPTIONS /api/seller/image/single-upload [32m204[0m 1.067 ms - 0[0m
[0mPUT /api/seller/image/single-upload [32m200[0m 1017.590 ms - 69[0m
[0mOPTIONS /api/seller/product/list-by-id [32m204[0m 0.168 ms - 0[0m
[0mPOST /api/seller/product/list-by-id [32m200[0m 5.568 ms - 459[0m
[0mOPTIONS /api/seller/product/update [32m204[0m 0.225 ms - 0[0m
[0mPUT /api/seller/product/update [31m500[0m 3.440 ms - 34[0m
[0mOPTIONS /api/auth/seller/profile-details [32m204[0m 0.461 ms - 0[0m
[0mOPTIONS /api/seller/product/list [32m204[0m 0.377 ms - 0[0m
[0mGET /api/auth/seller/profile-details [36m304[0m 11.317 ms - -[0m
[0mPOST /api/seller/product/list [32m200[0m 14.871 ms - 1557[0m
[0mOPTIONS /api/customer/getUserByEmailId [32m204[0m 0.232 ms - 0[0m
[0mOPTIONS /api/customer/getUserByEmailId [32m204[0m 0.298 ms - 0[0m
[0mGET /api/website/image/banner?type=0 [36m304[0m 16.690 ms - -[0m
[0mGET /api/website/image/banner?type=4 [36m304[0m 7.028 ms - -[0m
[0mOPTIONS /api/customer/getUserByEmailId [32m204[0m 0.457 ms - 0[0m
[0mGET /api/website/category/list [36m304[0m 28.712 ms - -[0m
[0mGET /api/website/image/banner?type=2 [36m304[0m 21.886 ms - -[0m
[0mGET /api/website/flash-sale [36m304[0m 24.133 ms - -[0m
[0mGET /api/website/product/new-arrival [32m200[0m 29.439 ms - 407[0m
[0mGET /api/website/category/list [36m304[0m 15.030 ms - -[0m
[0mGET /api/customer/getUserByEmailId [36m304[0m 24.966 ms - -[0m
[0mGET /api/website/product/Pre-owned [36m304[0m 34.653 ms - -[0m
[0mGET /api/customer/getUserByEmailId [36m304[0m 7.555 ms - -[0m
[0mGET /api/customer/getUserByEmailId [36m304[0m 8.709 ms - -[0m
[0mGET /api/website/catalog/product/search?filter_category=mobile-phone [36m304[0m 70.845 ms - -[0m
[0mOPTIONS /api/customer/getUserByEmailId [32m204[0m 1.312 ms - 0[0m
[0mOPTIONS /api/customer/getUserByEmailId [32m204[0m 0.228 ms - 0[0m
[0mGET /api/website/image/banner?type=0 [36m304[0m 19.421 ms - -[0m
[0mOPTIONS /api/customer/getUserByEmailId [32m204[0m 0.377 ms - 0[0m
[0mGET /api/website/image/banner?type=2 [36m304[0m 7.206 ms - -[0m
[0mGET /api/website/image/banner?type=4 [36m304[0m 7.033 ms - -[0m
[0mGET /api/website/category/list [36m304[0m 10.747 ms - -[0m
[0mGET /api/website/flash-sale [36m304[0m 34.077 ms - -[0m
[0mGET /api/website/product/new-arrival [36m304[0m 38.416 ms - -[0m
[0mGET /api/website/category/list [36m304[0m 30.127 ms - -[0m
[0mGET /api/customer/getUserByEmailId [36m304[0m 43.432 ms - -[0m
[0mGET /api/website/product/Pre-owned [36m304[0m 52.339 ms - -[0m
[0mGET /api/customer/getUserByEmailId [36m304[0m 7.160 ms - -[0m
[0mGET /api/customer/getUserByEmailId [36m304[0m 33.047 ms - -[0m
[0mGET /api/website/catalog/product/search?filter_category=mobile-phone [36m304[0m 113.888 ms - -[0m
[0mOPTIONS /api/customer/getUserByEmailId [32m204[0m 0.802 ms - 0[0m
[0mGET /api/website/image/banner?type=0 [36m304[0m 21.190 ms - -[0m
[0mOPTIONS /api/customer/getUserByEmailId [32m204[0m 0.762 ms - 0[0m
[0mOPTIONS /api/customer/getUserByEmailId [32m204[0m 0.930 ms - 0[0m
[0mGET /api/website/image/banner?type=2 [36m304[0m 54.767 ms - -[0m
[0mGET /api/website/category/list [36m304[0m 71.638 ms - -[0m
[0mGET /api/website/image/banner?type=4 [36m304[0m 73.217 ms - -[0m
[0mGET /api/website/flash-sale [36m304[0m 64.917 ms - -[0m
[0mGET /api/website/product/new-arrival [36m304[0m 69.636 ms - -[0m
[0mGET /api/website/category/list [36m304[0m 60.769 ms - -[0m
[0mGET /api/website/product/Pre-owned [36m304[0m 157.550 ms - -[0m
[0mGET /api/customer/getUserByEmailId [36m304[0m 171.879 ms - -[0m
[0mGET /api/customer/getUserByEmailId [36m304[0m 8.974 ms - -[0m
[0mGET /api/customer/getUserByEmailId [36m304[0m 77.506 ms - -[0m
[0mGET /api/website/catalog/product/search?filter_category=mobile-phone [36m304[0m 426.080 ms - -[0m
[0mOPTIONS /api/product/varients-delete?id=15 [32m204[0m 1.209 ms - 0[0m
[0mDELETE /api/product/varients-delete?id=15 [32m200[0m 18.116 ms - 46[0m
[0mOPTIONS /api/auth/seller/profile-details [32m204[0m 0.447 ms - 0[0m
[0mOPTIONS /api/seller/product/list [32m204[0m 9.479 ms - 0[0m
[0mGET /api/auth/seller/profile-details [36m304[0m 15.605 ms - -[0m
[0mPOST /api/seller/product/list [32m200[0m 52.983 ms - 509[0m
[0mOPTIONS /api/product/main-delete?id=20 [32m204[0m 0.312 ms - 0[0m
[0mDELETE /api/product/main-delete?id=20 [32m200[0m 6.550 ms - 46[0m
[0mGET /api/auth/seller/profile-details [36m304[0m 8.885 ms - -[0m
[0mPOST /api/seller/product/list [32m200[0m 15.746 ms - 88[0m
[0mGET /api/website/image/banner?type=0 [36m304[0m 3.848 ms - -[0m
[0mOPTIONS /api/customer/getUserByEmailId [32m204[0m 0.153 ms - 0[0m
[0mGET /api/website/image/banner?type=2 [36m304[0m 3.725 ms - -[0m
[0mOPTIONS /api/customer/getUserByEmailId [32m204[0m 0.192 ms - 0[0m
[0mGET /api/website/image/banner?type=4 [36m304[0m 4.680 ms - -[0m
[0mGET /api/website/category/list [36m304[0m 7.126 ms - -[0m
[0mGET /api/customer/getUserByEmailId [36m304[0m 10.444 ms - -[0m
[0mGET /api/website/category/list [36m304[0m 23.157 ms - -[0m
[0mGET /api/website/flash-sale [36m304[0m 27.004 ms - -[0m
[0mGET /api/website/product/new-arrival [32m200[0m 26.270 ms - 62[0m
[0mGET /api/website/product/Pre-owned [36m304[0m 72.272 ms - -[0m
[0mGET /api/customer/getUserByEmailId [36m304[0m 66.163 ms - -[0m
[0mGET /api/customer/getUserByEmailId [36m304[0m 3.603 ms - -[0m
[0mGET /api/website/catalog/product/search?filter_category=mobile-phone [36m304[0m 189.848 ms - -[0m
[0mOPTIONS /api/auth/seller/profile-details [32m204[0m 1.157 ms - 0[0m
[0mOPTIONS /api/category/admin/main-list [32m204[0m 0.218 ms - 0[0m
[0mOPTIONS /api/seller/processor-list [32m204[0m 0.288 ms - 0[0m
[0mOPTIONS /api/seller/brand/list [32m204[0m 0.553 ms - 0[0m
[0mOPTIONS /api/product/color/list [32m204[0m 0.138 ms - 0[0m
[0mGET /api/auth/seller/profile-details [36m304[0m 17.853 ms - -[0m
[0mGET /api/category/admin/main-list [36m304[0m 15.737 ms - -[0m
[0mGET /api/seller/processor-list [36m304[0m 15.161 ms - -[0m
[0mGET /api/seller/brand/list [36m304[0m 16.801 ms - -[0m
[0mGET /api/product/color/list [36m304[0m 14.946 ms - -[0m
[0mOPTIONS /api/auth/seller/profile-details [32m204[0m 3.141 ms - 0[0m
[0mOPTIONS /api/category/admin/main-list [32m204[0m 0.298 ms - 0[0m
[0mOPTIONS /api/seller/processor-list [32m204[0m 0.451 ms - 0[0m
[0mOPTIONS /api/seller/brand/list [32m204[0m 0.611 ms - 0[0m
[0mOPTIONS /api/product/color/list [32m204[0m 0.144 ms - 0[0m
[0mGET /api/seller/processor-list [36m304[0m 54.418 ms - -[0m
[0mGET /api/seller/brand/list [36m304[0m 51.221 ms - -[0m
[0mGET /api/category/admin/main-list [36m304[0m 67.942 ms - -[0m
[0mGET /api/product/color/list [36m304[0m 42.600 ms - -[0m
[0mGET /api/auth/seller/profile-details [36m304[0m 71.266 ms - -[0m
[0mOPTIONS /api/customer/getUserByEmailId [32m204[0m 1.624 ms - 0[0m
[0mOPTIONS /api/customer/getUserByEmailId [32m204[0m 0.321 ms - 0[0m
[0mGET /api/website/image/banner?type=0 [36m304[0m 22.845 ms - -[0m
[0mOPTIONS /api/customer/getUserByEmailId [32m204[0m 0.231 ms - 0[0m
[0mGET /api/website/category/list [36m304[0m 51.471 ms - -[0m
[0mGET /api/website/image/banner?type=2 [36m304[0m 51.755 ms - -[0m
[0mGET /api/website/image/banner?type=4 [36m304[0m 55.195 ms - -[0m
[0mGET /api/website/flash-sale [36m304[0m 60.938 ms - -[0m
[0mGET /api/website/product/new-arrival [36m304[0m 117.482 ms - -[0m
[0mGET /api/website/category/list [36m304[0m 71.319 ms - -[0m
[0mGET /api/website/product/Pre-owned [36m304[0m 137.138 ms - -[0m
[0mGET /api/customer/getUserByEmailId [36m304[0m 101.982 ms - -[0m
[0mGET /api/customer/getUserByEmailId [36m304[0m 6.247 ms - -[0m
[0mGET /api/customer/getUserByEmailId [36m304[0m 10.652 ms - -[0m
[0mGET /api/website/catalog/product/search?filter_category=mobile-phone [36m304[0m 141.025 ms - -[0m
[0mGET /api/website/product/detail?productId=22&slug=iphone-7-plus-with-facetime-matt-black-128gb-4g-lte-renewed& [32m200[0m 26.140 ms - 2565[0m
[0mGET /api/website/relatedProduct?productId=22&slug=iphone-7-plus-with-facetime-matt-black-128gb-4g-lte-renewed [36m304[0m 21.724 ms - -[0m
[0mGET /api/website/catalog/product/search?filter_category=iphone-7-plus-with-facetime-matt-black-128gb-4g-lte-renewed [36m304[0m 59.129 ms - -[0m
[0mGET /api/website/product/detail?productId=22&slug=iphone-7-plus-with-facetime-matt-black-128gb-4g-lte-renewed& [36m304[0m 16.756 ms - -[0m
[0mGET /api/website/relatedProduct?productId=22&slug=iphone-7-plus-with-facetime-matt-black-128gb-4g-lte-renewed [36m304[0m 14.614 ms - -[0m
[0mGET /api/website/relatedProduct?productId=22&slug=iphone-7-plus-with-facetime-matt-black-128gb-4g-lte-renewed [36m304[0m 10.927 ms - -[0m
[0mGET /api/website/product/detail?productId=22&slug=iphone-7-plus-with-facetime-matt-black-128gb-4g-lte-renewed& [36m304[0m 13.322 ms - -[0m
[0mOPTIONS /api/customer/getUserByEmailId [32m204[0m 1.185 ms - 0[0m
[0mOPTIONS /api/customer/getUserByEmailId [32m204[0m 0.541 ms - 0[0m
[0mGET /api/website/image/banner?type=0 [36m304[0m 22.073 ms - -[0m
[0mOPTIONS /api/customer/getUserByEmailId [32m204[0m 0.420 ms - 0[0m
[0mGET /api/website/image/banner?type=4 [36m304[0m 10.464 ms - -[0m
[0mGET /api/website/image/banner?type=2 [36m304[0m 14.318 ms - -[0m
[0mGET /api/website/category/list [36m304[0m 23.919 ms - -[0m
[0mGET /api/website/flash-sale [36m304[0m 25.002 ms - -[0m
[0mGET /api/website/product/new-arrival [36m304[0m 27.653 ms - -[0m
[0mGET /api/website/category/list [36m304[0m 15.480 ms - -[0m
[0mGET /api/website/product/Pre-owned [36m304[0m 31.040 ms - -[0m
[0mGET /api/customer/getUserByEmailId [36m304[0m 28.915 ms - -[0m
[0mGET /api/customer/getUserByEmailId [36m304[0m 7.616 ms - -[0m
[0mGET /api/customer/getUserByEmailId [36m304[0m 4.200 ms - -[0m
[0mGET /api/website/catalog/product/search?filter_category=mobile-phone [36m304[0m 54.951 ms - -[0m
[0mOPTIONS /api/customer/getUserByEmailId [32m204[0m 2.671 ms - 0[0m
[0mOPTIONS /api/customer/getUserByEmailId [32m204[0m 0.480 ms - 0[0m
[0mOPTIONS /api/customer/getUserByEmailId [32m204[0m 0.342 ms - 0[0m
[0mGET /api/website/image/banner?type=0 [36m304[0m 14.594 ms - -[0m
[0mGET /api/website/image/banner?type=4 [36m304[0m 28.106 ms - -[0m
[0mGET /api/website/image/banner?type=2 [36m304[0m 28.413 ms - -[0m
[0mGET /api/website/flash-sale [32m200[0m 45.171 ms - 3296[0m
[0mGET /api/website/category/list [36m304[0m 41.002 ms - -[0m
[0mGET /api/website/product/new-arrival [36m304[0m 48.982 ms - -[0m
[0mGET /api/customer/getUserByEmailId [36m304[0m 24.950 ms - -[0m
[0mGET /api/website/category/list [36m304[0m 5.160 ms - -[0m
[0mGET /api/website/product/Pre-owned [32m200[0m 73.147 ms - 3923[0m
[0mGET /api/customer/getUserByEmailId [36m304[0m 8.087 ms - -[0m
[0mGET /api/customer/getUserByEmailId [36m304[0m 90.255 ms - -[0m
[0mGET /api/website/catalog/product/search?filter_category=mobile-phone [32m200[0m 240.404 ms - 4436[0m
[0mGET /api/website/relatedProduct?productId=21&slug=iphone-13-128gb-midnight-5g-with-facetime-international-specs [32m200[0m 18.896 ms - 3923[0m
[0mGET /api/website/product/detail?productId=21&slug=iphone-13-128gb-midnight-5g-with-facetime-international-specs& [32m200[0m 22.470 ms - 1000[0m
[0mGET /api/website/catalog/product/search?filter_category=iphone-13-128gb-midnight-5g-with-facetime-international-specs [32m200[0m 27.198 ms - 424[0m
[0mGET /api/website/relatedProduct?productId=21&slug=iphone-13-128gb-midnight-5g-with-facetime-international-specs [36m304[0m 11.327 ms - -[0m
[0mGET /api/website/product/detail?productId=21&slug=iphone-13-128gb-midnight-5g-with-facetime-international-specs& [36m304[0m 10.638 ms - -[0m
[0mGET /api/website/relatedProduct?productId=21&slug=iphone-13-128gb-midnight-5g-with-facetime-international-specs [36m304[0m 10.060 ms - -[0m
[0mGET /api/website/product/detail?productId=21&slug=iphone-13-128gb-midnight-5g-with-facetime-international-specs& [36m304[0m 11.091 ms - -[0m
[0mOPTIONS /api/customer/getUserByEmailId [32m204[0m 0.330 ms - 0[0m
[0mGET /api/website/image/banner?type=0 [36m304[0m 19.307 ms - -[0m
[0mGET /api/website/category/list [36m304[0m 8.940 ms - -[0m
[0mOPTIONS /api/customer/getUserByEmailId [32m204[0m 0.136 ms - 0[0m
[0mOPTIONS /api/customer/getUserByEmailId [32m204[0m 0.147 ms - 0[0m
[0mGET /api/website/image/banner?type=2 [36m304[0m 8.360 ms - -[0m
[0mGET /api/website/image/banner?type=4 [36m304[0m 4.985 ms - -[0m
[0mGET /api/website/flash-sale [36m304[0m 19.523 ms - -[0m
[0mGET /api/website/product/new-arrival [36m304[0m 19.751 ms - -[0m
[0mGET /api/website/category/list [36m304[0m 17.865 ms - -[0m
[0mGET /api/customer/getUserByEmailId [36m304[0m 26.192 ms - -[0m
[0mGET /api/website/product/Pre-owned [36m304[0m 36.176 ms - -[0m
[0mGET /api/customer/getUserByEmailId [36m304[0m 5.237 ms - -[0m
[0mGET /api/customer/getUserByEmailId [36m304[0m 7.647 ms - -[0m
[0mGET /api/website/catalog/product/search?filter_category=mobile-phone [36m304[0m 55.267 ms - -[0m
[0mGET /api/website/autosuggest/search?limit=5&query=i [32m200[0m 17.206 ms - 3529[0m
[0mGET /api/website/autosuggest/search?limit=5&query=i%20 [32m200[0m 9.345 ms - 3529[0m
[0mGET /api/website/autosuggest/search?limit=5&query=i%20p [36m304[0m 6.246 ms - -[0m
[0mGET /api/website/autosuggest/search?limit=5&query=i%20 [36m304[0m 9.300 ms - -[0m
[0mGET /api/website/autosuggest/search?limit=5&query=i%20p [36m304[0m 7.441 ms - -[0m
[0mGET /api/website/autosuggest/search?limit=5&query=i%20ph [32m200[0m 5.921 ms - 49[0m
[0mGET /api/website/autosuggest/search?limit=5&query=i%20p [36m304[0m 5.791 ms - -[0m
[0mGET /api/website/autosuggest/search?limit=5&query=i%20 [36m304[0m 10.237 ms - -[0m
[0mGET /api/website/catalog/category/search?queryString=iphone%2013 [36m304[0m 21.319 ms - -[0m
[0mGET /api/website/catalog/product/search?filter_category=iphone%2013%20 [32m200[0m 24.726 ms - 476[0m
[0mOPTIONS /api/customer/getUserByEmailId [32m204[0m 0.253 ms - 0[0m
[0mGET /api/website/image/banner?type=0 [36m304[0m 17.215 ms - -[0m
[0mOPTIONS /api/customer/getUserByEmailId [32m204[0m 0.131 ms - 0[0m
[0mOPTIONS /api/customer/getUserByEmailId [32m204[0m 0.123 ms - 0[0m
[0mGET /api/website/image/banner?type=2 [36m304[0m 5.148 ms - -[0m
[0mGET /api/website/image/banner?type=4 [36m304[0m 4.372 ms - -[0m
[0mGET /api/website/category/list [36m304[0m 9.026 ms - -[0m
[0mGET /api/website/flash-sale [36m304[0m 12.827 ms - -[0m
[0mGET /api/website/product/new-arrival [36m304[0m 15.635 ms - -[0m
[0mGET /api/website/category/list [36m304[0m 12.703 ms - -[0m
[0mGET /api/customer/getUserByEmailId [36m304[0m 18.854 ms - -[0m
[0mGET /api/website/product/Pre-owned [36m304[0m 24.085 ms - -[0m
[0mGET /api/customer/getUserByEmailId [36m304[0m 23.843 ms - -[0m
[0mGET /api/customer/getUserByEmailId [36m304[0m 4.259 ms - -[0m
[0mGET /api/website/catalog/product/search?filter_category=mobile-phone [36m304[0m 63.246 ms - -[0m
[0mOPTIONS /api/customer/getUserByEmailId [32m204[0m 0.272 ms - 0[0m
[0mOPTIONS /api/customer/getUserByEmailId [32m204[0m 0.443 ms - 0[0m
[0mOPTIONS /api/customer/getUserByEmailId [32m204[0m 0.280 ms - 0[0m
[0mGET /api/website/category/list [36m304[0m 5.830 ms - -[0m
[0mGET /api/customer/getUserByEmailId [36m304[0m 11.395 ms - -[0m
[0mGET /api/customer/getUserByEmailId [36m304[0m 9.021 ms - -[0m
[0mGET /api/website/catalog/category/search?queryString=renewed [36m304[0m 26.453 ms - -[0m
[0mGET /api/customer/getUserByEmailId [36m304[0m 9.974 ms - -[0m
[0mGET /api/website/catalog/product/search?filter_category=renewed [32m200[0m 37.449 ms - 470[0m
[0mGET /api/website/product/detail?productId=9&slug=galaxy-a03-core-dual-sim-bronze-2gb-ram-32gb-lte-middle-east-version& [32m200[0m 32.463 ms - 2248[0m
[0mGET /api/website/product/detail?productId=9&slug=galaxy-a03-core-dual-sim-bronze-2gb-ram-32gb-lte-middle-east-version& [36m304[0m 6.667 ms - -[0m
[0mGET /api/website/product/detail?productId=9&slug=galaxy-a03-core-dual-sim-bronze-2gb-ram-32gb-lte-middle-east-version& [36m304[0m 24.085 ms - -[0m
[0mGET /api/website/relatedProduct?productId=9&slug=galaxy-a03-core-dual-sim-bronze-2gb-ram-32gb-lte-middle-east-version [32m200[0m 30.489 ms - 3923[0m
[0mGET /api/website/product/detail?productId=9&slug=galaxy-a03-core-dual-sim-bronze-2gb-ram-32gb-lte-middle-east-version& [36m304[0m 10.232 ms - -[0m
[0mGET /api/website/relatedProduct?productId=9&slug=galaxy-a03-core-dual-sim-bronze-2gb-ram-32gb-lte-middle-east-version [36m304[0m 9.487 ms - -[0m
[0mGET /api/website/catalog/product/search?filter_category=galaxy-a03-core-dual-sim-bronze-2gb-ram-32gb-lte-middle-east-version [32m200[0m 52.188 ms - 433[0m
[0mGET /api/website/image/banner?type=0 [36m304[0m 8.807 ms - -[0m
[0mOPTIONS /api/customer/getUserByEmailId [32m204[0m 0.614 ms - 0[0m
[0mOPTIONS /api/customer/getUserByEmailId [32m204[0m 0.568 ms - 0[0m
[0mOPTIONS /api/customer/getUserByEmailId [32m204[0m 1.961 ms - 0[0m
[0mGET /api/website/category/list [36m304[0m 13.364 ms - -[0m
[0mGET /api/website/image/banner?type=2 [36m304[0m 13.167 ms - -[0m
[0mGET /api/website/image/banner?type=4 [36m304[0m 45.851 ms - -[0m
[0mGET /api/website/flash-sale [36m304[0m 48.700 ms - -[0m
[0mGET /api/website/product/new-arrival [36m304[0m 41.501 ms - -[0m
[0mGET /api/website/category/list [36m304[0m 10.520 ms - -[0m
[0mGET /api/customer/getUserByEmailId [36m304[0m 24.292 ms - -[0m
[0mGET /api/website/product/Pre-owned [36m304[0m 49.432 ms - -[0m
[0mGET /api/customer/getUserByEmailId [36m304[0m 5.210 ms - -[0m
[0mGET /api/customer/getUserByEmailId [36m304[0m 4.315 ms - -[0m
[0mGET /api/website/catalog/product/search?filter_category=mobile-phone [36m304[0m 73.721 ms - -[0m
[0mGET /api/website/image/banner?type=0 [36m304[0m 79.648 ms - -[0m
[0mGET /api/website/image/banner?type=2 [36m304[0m 80.789 ms - -[0m
[0mGET /api/website/category/list [32m200[0m 149.861 ms - 1659[0m
[0mGET /api/website/flash-sale [32m200[0m 120.332 ms - 3296[0m
[0mGET /api/website/image/banner?type=4 [36m304[0m 28.928 ms - -[0m
[0mGET /api/website/category/list [36m304[0m 6.830 ms - -[0m
[0mGET /api/website/product/new-arrival [36m304[0m 189.863 ms - -[0m
[0mGET /api/website/catalog/product/search?filter_category=mobile-phone [32m200[0m 290.486 ms - 4436[0m
[0mGET /api/website/product/Pre-owned [32m200[0m 294.691 ms - 3923[0m
[0mGET /api/website/relatedProduct?productId=13&slug=iphone-11-purple-128gb-4g-lte-2020-slim-packing-international-specs [32m200[0m 26.338 ms - 3923[0m
[0mGET /api/website/catalog/product/search?filter_category=iphone-11-purple-128gb-4g-lte-2020-slim-packing-international-specs [32m200[0m 65.001 ms - 441[0m
[0mGET /api/website/product/detail?productId=13&slug=iphone-11-purple-128gb-4g-lte-2020-slim-packing-international-specs& [32m200[0m 44.648 ms - 2105[0m
[0mGET /api/website/relatedProduct?productId=13&slug=iphone-11-purple-128gb-4g-lte-2020-slim-packing-international-specs [36m304[0m 13.122 ms - -[0m
[0mGET /api/website/product/detail?productId=13&slug=iphone-11-purple-128gb-4g-lte-2020-slim-packing-international-specs& [36m304[0m 12.887 ms - -[0m
[0mGET /api/website/relatedProduct?productId=13&slug=iphone-11-purple-128gb-4g-lte-2020-slim-packing-international-specs [36m304[0m 12.531 ms - -[0m
[0mGET /api/website/product/detail?productId=13&slug=iphone-11-purple-128gb-4g-lte-2020-slim-packing-international-specs& [36m304[0m 10.309 ms - -[0m
[0mGET /api/website/image/banner?type=0 [36m304[0m 13.167 ms - -[0m
[0mGET /api/website/category/list [36m304[0m 15.710 ms - -[0m
[0mGET /api/website/image/banner?type=2 [36m304[0m 45.090 ms - -[0m
[0mGET /api/website/image/banner?type=4 [36m304[0m 43.663 ms - -[0m
[0mGET /api/website/flash-sale [36m304[0m 46.283 ms - -[0m
[0mGET /api/website/product/new-arrival [36m304[0m 45.746 ms - -[0m
[0mGET /api/website/category/list [36m304[0m 5.335 ms - -[0m
[0mGET /api/website/product/Pre-owned [36m304[0m 17.242 ms - -[0m
[0mGET /api/website/catalog/product/search?filter_category=mobile-phone [36m304[0m 65.759 ms - -[0m
[0mGET /api/website/product/detail?productId=14&slug=iphone-12-pro-max-with-facetime-128gb-pacific-blue-5g-international-specs& [32m200[0m 37.219 ms - 3882[0m
[0mGET /api/website/category/list [36m304[0m 22.856 ms - -[0m
[0mGET /api/website/catalog/category/search?queryString=renewed [32m200[0m 65.190 ms - 1549[0m
[0mGET /api/website/catalog/product/search?filter_category=renewed [32m200[0m 58.388 ms - 470[0m
[0mGET /api/website/relatedProduct?productId=22&slug=iphone-7-plus-with-facetime-matt-black-128gb-4g-lte-renewed [32m200[0m 20.389 ms - 3923[0m
[0mGET /api/website/product/detail?productId=22&slug=iphone-7-plus-with-facetime-matt-black-128gb-4g-lte-renewed& [32m200[0m 35.782 ms - 2565[0m
[0mGET /api/website/catalog/product/search?filter_category=iphone-7-plus-with-facetime-matt-black-128gb-4g-lte-renewed [32m200[0m 53.334 ms - 418[0m
[0mGET /api/website/relatedProduct?productId=22&slug=iphone-7-plus-with-facetime-matt-black-128gb-4g-lte-renewed [36m304[0m 16.871 ms - -[0m
[0mGET /api/website/product/detail?productId=22&slug=iphone-7-plus-with-facetime-matt-black-128gb-4g-lte-renewed& [36m304[0m 15.982 ms - -[0m
[0mGET /api/website/relatedProduct?productId=22&slug=iphone-7-plus-with-facetime-matt-black-128gb-4g-lte-renewed [36m304[0m 12.314 ms - -[0m
[0mGET /api/website/product/detail?productId=22&slug=iphone-7-plus-with-facetime-matt-black-128gb-4g-lte-renewed& [36m304[0m 12.048 ms - -[0m
[0mGET /api/website/category/list [36m304[0m 12.756 ms - -[0m
[0mGET /api/website/product/detail?productId=22&slug=iphone-7-plus-with-facetime-matt-black-128gb-4g-lte-renewed& [36m304[0m 22.360 ms - -[0m
[0mGET /api/website/relatedProduct?productId=22&slug=iphone-7-plus-with-facetime-matt-black-128gb-4g-lte-renewed [36m304[0m 26.745 ms - -[0m
[0mGET /api/website/catalog/product/search?filter_category=iphone-7-plus-with-facetime-matt-black-128gb-4g-lte-renewed [36m304[0m 43.374 ms - -[0m
[0mGET /api/website/relatedProduct?productId=22&slug=iphone-7-plus-with-facetime-matt-black-128gb-4g-lte-renewed [36m304[0m 9.536 ms - -[0m
[0mGET /api/website/product/detail?productId=22&slug=iphone-7-plus-with-facetime-matt-black-128gb-4g-lte-renewed& [36m304[0m 17.890 ms - -[0m
[0mGET /api/website/product/detail?productId=22&slug=iphone-7-plus-with-facetime-matt-black-128gb-4g-lte-renewed& [36m304[0m 8.246 ms - -[0m
[0mGET /api/website/relatedProduct?productId=22&slug=iphone-7-plus-with-facetime-matt-black-128gb-4g-lte-renewed [36m304[0m 7.369 ms - -[0m
[0mOPTIONS /api/auth/rootLogin [32m204[0m 11.142 ms - 0[0m
[0mPOST /api/auth/rootLogin [32m200[0m 326.750 ms - 211[0m
[0mOPTIONS /api/order/notifications [32m204[0m 0.437 ms - 0[0m
[0mOPTIONS /api/order/list [32m204[0m 0.225 ms - 0[0m
[0mOPTIONS /api/order/count [32m204[0m 0.200 ms - 0[0m
[0mGET /api/order/notifications [32m200[0m 37.801 ms - 36[0m
[0mGET /api/order/count [32m200[0m 36.977 ms - 59[0m
[0mPOST /api/order/list [32m200[0m 50.481 ms - 932[0m
[0mGET /api/order/count [36m304[0m 12.773 ms - -[0m
[0mGET /api/order/notifications [36m304[0m 27.366 ms - -[0m
[0mPOST /api/order/list [32m200[0m 85.375 ms - 932[0m
[0mOPTIONS /api/location/list [32m204[0m 0.445 ms - 0[0m
[0mGET /api/location/list [36m304[0m 7.125 ms - -[0m
[0mGET /api/order/notifications [36m304[0m 21.402 ms - -[0m
[0mOPTIONS /api/order/notifications [32m204[0m 0.632 ms - 0[0m
[0mGET /api/order/notifications [36m304[0m 10.842 ms - -[0m
[0mOPTIONS /api/seller/all-product-list?limit=20&page=1 [32m204[0m 0.385 ms - 0[0m
[0mGET /api/order/notifications [36m304[0m 19.910 ms - -[0m
[0mGET /api/seller/all-product-list?limit=20&page=1 [32m200[0m 42.437 ms - 11809[0m
[0mOPTIONS /api/vendor/list [32m204[0m 2.426 ms - 0[0m
[0mGET /api/order/notifications [36m304[0m 13.314 ms - -[0m
[0mGET /api/vendor/list [32m200[0m 13.938 ms - 930[0m
[0mOPTIONS /api/order/notifications [32m204[0m 1.743 ms - 0[0m
[0mGET /api/order/notifications [36m304[0m 23.040 ms - -[0m
[0mOPTIONS /api/vendor/list [32m204[0m 0.324 ms - 0[0m
[0mOPTIONS /api/order/notifications [32m204[0m 10.520 ms - 0[0m
[0mOPTIONS /api/order/list [32m204[0m 0.328 ms - 0[0m
[0mOPTIONS /api/order/count [32m204[0m 0.723 ms - 0[0m
[0mGET /api/order/count [36m304[0m 7.684 ms - -[0m
[0mGET /api/order/notifications [36m304[0m 17.944 ms - -[0m
[0mPOST /api/order/list [32m200[0m 16.616 ms - 932[0m
[0mGET /api/order/count [36m304[0m 4.467 ms - -[0m
[0mGET /api/order/notifications [36m304[0m 10.920 ms - -[0m
[0mPOST /api/order/list [32m200[0m 14.978 ms - 932[0m
[0mOPTIONS /api/vendor/sellar/website-list [32m204[0m 0.353 ms - 0[0m
[0mGET /api/order/notifications [36m304[0m 11.755 ms - -[0m
[0mGET /api/vendor/sellar/website-list [36m304[0m 10.830 ms - -[0m
[0mOPTIONS /api/product/admin/banner-list [32m204[0m 1.186 ms - 0[0m
[0mGET /api/product/admin/banner-list [32m200[0m 48.808 ms - 2287[0m
[0mGET /api/order/notifications [36m304[0m 37.958 ms - -[0m
[0mOPTIONS /api/order/notifications [32m204[0m 5.494 ms - 0[0m
[0mOPTIONS /api/seo/list [32m204[0m 0.356 ms - 0[0m
[0mGET /api/order/notifications [36m304[0m 15.901 ms - -[0m
[0mPOST /api/seo/list [32m200[0m 11.197 ms - 2805[0m
[0mOPTIONS /api/collection/flash-sale-list [32m204[0m 0.303 ms - 0[0m
[0mGET /api/order/notifications [36m304[0m 10.757 ms - -[0m
[0mGET /api/collection/flash-sale-list [32m200[0m 9.375 ms - 2012[0m
[0mOPTIONS /api/product/getAllList [32m204[0m 0.198 ms - 0[0m
[0mGET /api/product/getAllList [32m200[0m 18.836 ms - 4152[0m
[0mOPTIONS /api/collection/flash-sale-delete?id=9 [32m204[0m 5.145 ms - 0[0m
[0mDELETE /api/collection/flash-sale-delete?id=9 [32m200[0m 49.844 ms - 61[0m
[0mOPTIONS /api/collection/flash-sale-list [32m204[0m 0.170 ms - 0[0m
[0mGET /api/collection/flash-sale-list [32m200[0m 9.472 ms - 1821[0m
[0mOPTIONS /api/collection/flash-sale-delete?id=7 [32m204[0m 0.244 ms - 0[0m
[0mDELETE /api/collection/flash-sale-delete?id=7 [32m200[0m 7.029 ms - 61[0m
[0mGET /api/collection/flash-sale-list [32m200[0m 2.321 ms - 1645[0m
[0mOPTIONS /api/collection/flash-sale-delete?id=6 [32m204[0m 0.681 ms - 0[0m
[0mDELETE /api/collection/flash-sale-delete?id=6 [32m200[0m 8.117 ms - 61[0m
[0mGET /api/collection/flash-sale-list [32m200[0m 13.287 ms - 1405[0m
[0mOPTIONS /api/collection/flash-sale-delete?id=5 [32m204[0m 0.306 ms - 0[0m
[0mDELETE /api/collection/flash-sale-delete?id=5 [32m200[0m 4.380 ms - 61[0m
[0mOPTIONS /api/collection/flash-sale-list [32m204[0m 0.503 ms - 0[0m
[0mGET /api/collection/flash-sale-list [32m200[0m 9.828 ms - 1215[0m
[0mOPTIONS /api/collection/flash-sale-delete?id=4 [32m204[0m 0.693 ms - 0[0m
[0mDELETE /api/collection/flash-sale-delete?id=4 [32m200[0m 5.602 ms - 61[0m
[0mGET /api/collection/flash-sale-list [32m200[0m 5.483 ms - 1022[0m
[0mOPTIONS /api/collection/flash-sale-delete?id=3 [32m204[0m 0.270 ms - 0[0m
[0mDELETE /api/collection/flash-sale-delete?id=3 [32m200[0m 4.657 ms - 61[0m
[0mGET /api/collection/flash-sale-list [32m200[0m 3.044 ms - 845[0m
[0mOPTIONS /api/order/notifications [32m204[0m 0.896 ms - 0[0m
[0mOPTIONS /api/order/list [32m204[0m 0.200 ms - 0[0m
[0mOPTIONS /api/order/count [32m204[0m 0.256 ms - 0[0m
[0mGET /api/order/count [36m304[0m 7.576 ms - -[0m
[0mGET /api/order/notifications [36m304[0m 13.164 ms - -[0m
[0mPOST /api/order/list [32m200[0m 24.191 ms - 932[0m
[0mOPTIONS /api/order/notifications [32m204[0m 0.917 ms - 0[0m
[0mOPTIONS /api/order/list [32m204[0m 0.283 ms - 0[0m
[0mOPTIONS /api/order/count [32m204[0m 0.163 ms - 0[0m
[0mGET /api/order/count [36m304[0m 7.692 ms - -[0m
[0mGET /api/order/notifications [36m304[0m 16.832 ms - -[0m
[0mPOST /api/order/list [32m200[0m 27.359 ms - 932[0m
[0mOPTIONS /api/customer/getUserByEmailId [32m204[0m 0.236 ms - 0[0m
[0mOPTIONS /api/customer/getUserByEmailId [32m204[0m 1.105 ms - 0[0m
[0mOPTIONS /api/customer/getUserByEmailId [32m204[0m 0.200 ms - 0[0m
[0mGET /api/website/category/list [36m304[0m 45.794 ms - -[0m
[0mGET /api/website/image/banner?type=0 [36m304[0m 22.634 ms - -[0m
[0mGET /api/website/image/banner?type=2 [36m304[0m 20.343 ms - -[0m
[0mGET /api/website/image/banner?type=4 [36m304[0m 20.338 ms - -[0m
[0mGET /api/website/flash-sale [32m200[0m 26.655 ms - 1152[0m
[0mGET /api/website/product/new-arrival [36m304[0m 23.625 ms - -[0m
[0mGET /api/website/category/list [36m304[0m 9.529 ms - -[0m
[0mGET /api/customer/getUserByEmailId [32m200[0m 25.271 ms - 506[0m
[0mGET /api/website/product/Pre-owned [36m304[0m 27.461 ms - -[0m
[0mGET /api/customer/getUserByEmailId [36m304[0m 3.191 ms - -[0m
[0mGET /api/customer/getUserByEmailId [36m304[0m 4.056 ms - -[0m
[0mGET /api/website/catalog/product/search?filter_category=mobile-phone [36m304[0m 64.569 ms - -[0m
[0mOPTIONS /api/location/list [32m204[0m 9.685 ms - 0[0m
[0mOPTIONS /api/customer/getUserByEmailId [32m204[0m 0.984 ms - 0[0m
[0mGET /api/location/list [36m304[0m 39.109 ms - -[0m
[0mGET /api/customer/getUserByEmailId [36m304[0m 38.192 ms - -[0m
[0mOPTIONS /api/website/order/create [32m204[0m 1.611 ms - 0[0m
[0mPOST /api/website/order/create [32m200[0m 85.936 ms - 78[0m
[0mOPTIONS /api/customer/getUserByEmailId [32m204[0m 0.525 ms - 0[0m
[0mOPTIONS /api/customer/getUserByEmailId [32m204[0m 0.644 ms - 0[0m
[0mOPTIONS /api/customer/getUserByEmailId [32m204[0m 0.152 ms - 0[0m
[0mGET /api/customer/getUserByEmailId [36m304[0m 5.438 ms - -[0m
[0mGET /api/website/category/list [36m304[0m 5.983 ms - -[0m
[0mGET /api/customer/getUserByEmailId [36m304[0m 4.269 ms - -[0m
[0mGET /api/customer/getUserByEmailId [36m304[0m 1.982 ms - -[0m
[0mGET /api/website/category/list [36m304[0m 17.083 ms - -[0m
[0mGET /api/customer/getUserByEmailId [36m304[0m 36.436 ms - -[0m
[0mGET /api/customer/getUserByEmailId [36m304[0m 5.002 ms - -[0m
[0mGET /api/website/catalog/category/search?queryString=electronics [32m200[0m 37.080 ms - 1623[0m
[0mGET /api/customer/getUserByEmailId [36m304[0m 5.011 ms - -[0m
[0mGET /api/website/catalog/product/search?filter_category=electronics [36m304[0m 49.412 ms - -[0m
[0mGET /api/website/category/list [36m304[0m 3.013 ms - -[0m
[0mGET /api/website/catalog/product/search?filter_category=electronics [36m304[0m 14.046 ms - -[0m
[0mGET /api/website/catalog/product/search?filter_category=electronics [36m304[0m 10.725 ms - -[0m
[0mOPTIONS /api/customer/getUserByEmailId [32m204[0m 1.694 ms - 0[0m
[0mOPTIONS /api/customer/getUserByEmailId [32m204[0m 2.868 ms - 0[0m
[0mOPTIONS /api/customer/getUserByEmailId [32m204[0m 0.483 ms - 0[0m
[0mGET /api/website/category/list [36m304[0m 10.666 ms - -[0m
[0mGET /api/customer/getUserByEmailId [36m304[0m 33.400 ms - -[0m
[0mGET /api/customer/getUserByEmailId [36m304[0m 3.033 ms - -[0m
[0mGET /api/customer/getUserByEmailId [36m304[0m 9.421 ms - -[0m
[0mGET /api/website/catalog/category/search?queryString=mobile-phone [32m200[0m 28.273 ms - 2973[0m
[0mGET /api/website/catalog/product/search?filter_category=mobile-phone [36m304[0m 45.929 ms - -[0m
[0mGET /api/website/category/list [36m304[0m 11.417 ms - -[0m
[0mOPTIONS /api/customer/getUserByEmailId [32m204[0m 0.737 ms - 0[0m
[0mOPTIONS /api/customer/getUserByEmailId [32m204[0m 0.568 ms - 0[0m
[0mOPTIONS /api/customer/getUserByEmailId [32m204[0m 0.869 ms - 0[0m
[0mGET /api/customer/getUserByEmailId [36m304[0m 11.748 ms - -[0m
[0mGET /api/website/category/list [36m304[0m 10.039 ms - -[0m
[0mGET /api/customer/getUserByEmailId [36m304[0m 2.397 ms - -[0m
[0mGET /api/customer/getUserByEmailId [36m304[0m 2.442 ms - -[0m
[0mGET /api/website/catalog/category/search?queryString=mobile-phone [36m304[0m 21.223 ms - -[0m
[0mGET /api/website/catalog/product/search?filter_category=mobile-phone [36m304[0m 27.364 ms - -[0m
