[0mGET /api/website/category/list [0m-[0m - ms - -[0m
[0mGET /api/website/category/list [0m-[0m - ms - -[0m
[0mGET /api/website/category/list [32m200[0m 57.621 ms - 1659[0m
[0mGET /api/website/catalog/category/search?queryString=electronics [36m304[0m 55.216 ms - -[0m
[0mGET /api/website/catalog/product/search?filter_category=electronics [36m304[0m 66.031 ms - -[0m
[0mGET /api/website/category/list [36m304[0m 3.397 ms - -[0m
[0mGET /api/website/image/banner?type=0 [36m304[0m 25.225 ms - -[0m
[0mGET /api/website/category/list [36m304[0m 24.286 ms - -[0m
[0mGET /api/website/image/banner?type=2 [36m304[0m 20.853 ms - -[0m
[0mGET /api/website/image/banner?type=4 [36m304[0m 16.191 ms - -[0m
[0mGET /api/website/flash-sale [36m304[0m 33.961 ms - -[0m
[0mGET /api/website/product/new-arrival [36m304[0m 37.043 ms - -[0m
[0mGET /api/website/product/Pre-owned [36m304[0m 47.613 ms - -[0m
[0mGET /api/website/catalog/product/search?filter_category=mobile-phone [32m200[0m 70.802 ms - 4436[0m
[0mGET /api/website/image/banner?type=0 [32m200[0m 63.055 ms - 256[0m
[0mGET /api/website/category/list [32m200[0m 56.718 ms - 1659[0m
[0mGET /api/website/image/banner?type=4 [32m200[0m 47.800 ms - 347[0m
[0mGET /api/website/image/banner?type=2 [32m200[0m 49.491 ms - 363[0m
[0mGET /api/website/flash-sale [32m200[0m 75.037 ms - 1152[0m
[0mGET /api/website/product/new-arrival [32m200[0m 75.336 ms - 62[0m
[0mGET /api/website/category/list [36m304[0m 9.470 ms - -[0m
[0mGET /api/website/product/Pre-owned [32m200[0m 53.109 ms - 3923[0m
[0mGET /api/website/catalog/product/search?filter_category=mobile-phone [32m200[0m 55.838 ms - 4436[0m
[0mGET /api/website/product/detail?productId=19&slug=apple-iphone-7-128-gb-matt-black-international-spec& [32m200[0m 30.199 ms - 2355[0m
[0mGET /api/website/image/banner?type=0 [32m200[0m 76.331 ms - 49[0m
[0mGET /api/website/category/list [32m200[0m 34.151 ms - 64[0m
[0mGET /api/website/image/banner?type=2 [32m200[0m 27.678 ms - 49[0m
[0mGET /api/website/image/banner?type=4 [32m200[0m 29.017 ms - 49[0m
